<?xml version="1.0" encoding="UTF-8"?>
<testsuites name="PPE" time="696" tests="2" failures="0" errors="1">
   <testsuite name="PPE" tests="2" failures="0" errors="1" time="696" timestamp="2018-02-12 18:57:59" hostname="gsalunkhe - CTS-QUA-4.cogitate.india" id="Test Suites/PPE">
      <properties>
         <property name="deviceName" value=""/>
         <property name="devicePlatform" value=""/>
         <property name="logFolder" value="D:\\Katalon_Practice_Workspace\\Katalon_PPE_GANESH\\Reports\\PPE\\20180212_185758"/>
         <property name="logFiles" value="D:\\Katalon_Practice_Workspace\\Katalon_PPE_GANESH\\Reports\\PPE\\20180212_185758\\execution0.log"/>
         <property name="attachments" value=""/>
         <property name="hostName" value="gsalunkhe - CTS-QUA-4.cogitate.india"/>
         <property name="os" value="Windows 7 64bit"/>
         <property name="katalonVersion" value="5.0.1.1"/>
         <property name="browser" value="Chrome 63.0.3239.132"/>
         <property name="hostAddress" value="192.168.0.4"/>
         <property name="sessionId" value="62c1312d8b07dcd4a9c8bbab7a421d18"/>
         <property name="seleniumVersion" value="2.53.0"/>
         <property name="proxyInformation" value="ProxyInformation{proxyOption=NO_PROXY, proxyServerType=, password=, proxyServerAddress=, proxyServerPort=0}"/>
         <property name="platform" value="Windows 7"/>
      </properties>
      <testcase name="Test Cases/QUOTE_CREATION" classname="Test Cases/QUOTE_CREATION" status="PASSED">
         <system-out><![CDATA[2018-02-12 18:58:00 - [TEST_CASE][PASSED] - Test Cases/QUOTE_CREATION: Test Cases/QUOTE_CREATION

2018-02-12 18:58:00 - [TEST_STEP][PASSED] - Statement - propertyDataRowCounter = 0: null

2018-02-12 18:58:00 - [TEST_STEP][PASSED] - Statement - configDataRowCounter = 0: null

2018-02-12 18:58:00 - [TEST_STEP][PASSED] - Statement - genericDATA = com.kms.katalon.core.testdata.TestDataFactory.findTestData(PPE_Config_File): Test data is internal data, reading internal data

2018-02-12 18:58:00 - [TEST_STEP][PASSED] - Statement - propertyDATA = com.kms.katalon.core.testdata.TestDataFactory.findTestData(PPEPROPERTYDATA): Test data is internal data, reading internal data

2018-02-12 18:58:00 - [TEST_STEP][PASSED] - com.PPE.url_Navigation.gotoURL: com.PPE.url_Navigation.gotoURL is PASSED

2018-02-12 18:58:07 - [MESSAGE][PASSED] - Browser is opened with url: 'http://test.cogitate.us/PPE.Test/'

2018-02-12 18:58:07 - [MESSAGE][PASSED] - Wait for page load successfully

2018-02-12 18:58:09 - [MESSAGE][PASSED] - Current window maximized

2018-02-12 18:58:09 - [MESSAGE][PASSED] - com.PPE.url_Navigation.gotoURL is PASSED

2018-02-12 18:58:09 - [TEST_STEP][PASSED] - com.PPE.IncorrectLogin.login: com.PPE.IncorrectLogin.login is PASSED

2018-02-12 18:58:09 - [MESSAGE][PASSED] - Text '125634' is set on object 'Object Repository/Quote_OR/txtfield_USERNAME'

2018-02-12 18:58:09 - [MESSAGE][PASSED] - Text '10#Hammer' is set on object 'Object Repository/Quote_OR/txtfield_PASSWORD'

2018-02-12 18:58:15 - [MESSAGE][PASSED] - Object: 'Object Repository/Quote_OR/btn-LOGIN' is clicked on

2018-02-12 18:58:21 - [MESSAGE][PASSED] - Delayed 6 second(s)

2018-02-12 18:58:21 - [MESSAGE][PASSED] - Text 'ih.chelms' is set on object 'Object Repository/Quote_OR/txtfield_USERNAME'

2018-02-12 18:58:21 - [MESSAGE][PASSED] - Text '123456' is set on object 'Object Repository/Quote_OR/txtfield_PASSWORD'

2018-02-12 18:58:27 - [MESSAGE][PASSED] - Object: 'Object Repository/Quote_OR/btn-LOGIN' is clicked on

2018-02-12 18:58:33 - [MESSAGE][PASSED] - Delayed 6 second(s)

2018-02-12 18:58:33 - [MESSAGE][PASSED] - Text 'ih.jbutler' is set on object 'Object Repository/Quote_OR/txtfield_USERNAME'

2018-02-12 18:58:34 - [MESSAGE][PASSED] - Text '123456' is set on object 'Object Repository/Quote_OR/txtfield_PASSWORD'

2018-02-12 18:58:40 - [MESSAGE][PASSED] - Object: 'Object Repository/Quote_OR/btn-LOGIN' is clicked on

2018-02-12 18:58:46 - [MESSAGE][PASSED] - Delayed 6 second(s)

2018-02-12 18:58:46 - [MESSAGE][PASSED] - Text 'Ganesh' is set on object 'Object Repository/Quote_OR/txtfield_USERNAME'

2018-02-12 18:58:46 - [MESSAGE][PASSED] - Text 'Salunkhe' is set on object 'Object Repository/Quote_OR/txtfield_PASSWORD'

2018-02-12 18:58:52 - [MESSAGE][PASSED] - Object: 'Object Repository/Quote_OR/btn-LOGIN' is clicked on

2018-02-12 18:58:58 - [MESSAGE][PASSED] - Delayed 6 second(s)

2018-02-12 18:58:58 - [MESSAGE][PASSED] - Text 'ih.william' is set on object 'Object Repository/Quote_OR/txtfield_USERNAME'

2018-02-12 18:58:58 - [MESSAGE][PASSED] - Text 'ih.chelms' is set on object 'Object Repository/Quote_OR/txtfield_PASSWORD'

2018-02-12 18:59:04 - [MESSAGE][PASSED] - Object: 'Object Repository/Quote_OR/btn-LOGIN' is clicked on

2018-02-12 18:59:10 - [MESSAGE][PASSED] - Delayed 6 second(s)

2018-02-12 18:59:10 - [MESSAGE][PASSED] - com.PPE.IncorrectLogin.login is PASSED

2018-02-12 18:59:10 - [TEST_STEP][PASSED] - com.PPE.Login.correctlogin: com.PPE.Login.correctlogin is PASSED

2018-02-12 18:59:10 - [MESSAGE][PASSED] - Text 'ih.chelms' is set on object 'Object Repository/Quote_OR/txtfield_USERNAME'

2018-02-12 18:59:11 - [MESSAGE][PASSED] - Text '10#Hammer' is set on object 'Object Repository/Quote_OR/txtfield_PASSWORD'

2018-02-12 18:59:18 - [MESSAGE][PASSED] - Object: 'Object Repository/Quote_OR/btn-LOGIN' is clicked on

2018-02-12 18:59:18 - [MESSAGE][PASSED] - com.PPE.Login.correctlogin is PASSED

2018-02-12 18:59:18 - [TEST_STEP][PASSED] - Statement - If (genericDATA.internallyGetValue("STATE", configDataRowCounter) == "GA"): Text '949 Grant St SE Atlanta, GA 30315 USA' is set on object 'Object Repository/Quote_OR/txtfield_ADDRESS_ON_LANDING_PAGE'

2018-02-12 18:59:18 - [TEST_STEP][PASSED] - setText: Text '949 Grant St SE Atlanta, GA 30315 USA' is set on object 'Object Repository/Quote_OR/txtfield_ADDRESS_ON_LANDING_PAGE'

2018-02-12 18:59:19 - [MESSAGE][PASSED] - Text '949 Grant St SE Atlanta, GA 30315 USA' is set on object 'Object Repository/Quote_OR/txtfield_ADDRESS_ON_LANDING_PAGE'

2018-02-12 18:59:19 - [TEST_STEP][PASSED] - click: Object: 'Object Repository/Quote_OR/btn_SEARCH_ADDRESS' is clicked on

2018-02-12 18:59:32 - [MESSAGE][PASSED] - Object: 'Object Repository/Quote_OR/btn_SEARCH_ADDRESS' is clicked on

2018-02-12 18:59:32 - [TEST_STEP][PASSED] - waitForPageLoad: Wait for page load successfully

2018-02-12 18:59:32 - [MESSAGE][PASSED] - Wait for page load successfully

2018-02-12 18:59:32 - [TEST_STEP][PASSED] - com.PPE.QuotePropertyDataSelection.QuoteCreation: com.PPE.QuotePropertyDataSelection.QuoteCreation is PASSED

2018-02-12 18:59:32 - [MESSAGE][PASSED] - All options with index in [1] are selected on object 'Object Repository/Quote_OR/drp_PROPERTY_TYPE'

2018-02-12 18:59:32 - [MESSAGE][PASSED] - Text '' is set on object 'Object Repository/Quote_OR/txtfield_HOME_VALUATION'

2018-02-12 18:59:38 - [MESSAGE][PASSED] - Object: 'Object Repository/Quote_OR/btn_GETQUOTE' is clicked on

2018-02-12 18:59:38 - [MESSAGE][PASSED] - All options with index in [2] are selected on object 'Object Repository/Quote_OR/drp_CONSTRUCTION_TYPE'

2018-02-12 18:59:38 - [MESSAGE][PASSED] - Text '75000' is set on object 'Object Repository/Quote_OR/txtfield_HOME_VALUATION'

2018-02-12 18:59:40 - [MESSAGE][PASSED] - Delayed 2 second(s)

2018-02-12 18:59:40 - [MESSAGE][PASSED] - Text '' is set on object 'Object Repository/Quote_OR/txtbx_YEARHOMEBUILD'

2018-02-12 18:59:45 - [MESSAGE][PASSED] - Object: 'Object Repository/Quote_OR/btn_GETQUOTE' is clicked on

2018-02-12 18:59:45 - [MESSAGE][PASSED] - Text '1968' is set on object 'Object Repository/Quote_OR/txtbx_YEARHOMEBUILD'

2018-02-12 18:59:50 - [MESSAGE][PASSED] - Object: 'Object Repository/Quote_OR/btn_GETQUOTE' is clicked on

2018-02-12 18:59:54 - [MESSAGE][PASSED] - Delayed 4 second(s)

2018-02-12 19:00:00 - [MESSAGE][PASSED] - Object: 'Object Repository/Quote_OR/btn_SENDQUOTE' is clicked on

2018-02-12 19:00:01 - [MESSAGE][PASSED] - Delayed 1 second(s)

2018-02-12 19:00:06 - [MESSAGE][PASSED] - Object: 'Object Repository/Quote_OR/btn_SEND_QUOTE_DETAILS' is clicked on

2018-02-12 19:00:07 - [MESSAGE][PASSED] - Delayed 1 second(s)

2018-02-12 19:00:07 - [MESSAGE][PASSED] - Text 'Nitin' is set on object 'Object Repository/Quote_OR/txtfield_SENDQUOTE_FIRSTNAME'

2018-02-12 19:00:07 - [MESSAGE][PASSED] - Text 'Pattinson' is set on object 'Object Repository/Quote_OR/txtfield_SENDQUOTE_LASTNAME'

2018-02-12 19:00:10 - [MESSAGE][PASSED] - Delayed 3 second(s)

2018-02-12 19:00:11 - [MESSAGE][PASSED] - Text '9768180080' is set on object 'Object Repository/Quote_OR/txtfield_SENDQUOTE_CONTACTNUMBER'

2018-02-12 19:00:14 - [MESSAGE][PASSED] - Delayed 3 second(s)

2018-02-12 19:00:14 - [MESSAGE][PASSED] - Text 'gsalunkhe@cogitate.us' is set on object 'Object Repository/Quote_OR/txtfield_SENDQUOTE_EMAIL'

2018-02-12 19:00:18 - [MESSAGE][PASSED] - Delayed 4 second(s)

2018-02-12 19:00:23 - [MESSAGE][PASSED] - Object: 'Object Repository/Quote_OR/btn_SEND_QUOTE_DETAILS' is clicked on

2018-02-12 19:00:27 - [MESSAGE][PASSED] - Delayed 4 second(s)

2018-02-12 19:00:27 - [MESSAGE][PASSED] - All options with index in [1] are selected on object 'Object Repository/Quote_OR/drp_CONSTRUCTION_TYPE'

2018-02-12 19:00:36 - [MESSAGE][PASSED] - Delayed 8 second(s)

2018-02-12 19:00:41 - [MESSAGE][PASSED] - Object: 'Object Repository/Quote_OR/btn_RECALCULATE_PREMIUM' is clicked on

2018-02-12 19:00:41 - [MESSAGE][PASSED] - com.PPE.QuotePropertyDataSelection.QuoteCreation is PASSED]]></system-out>
         <system-err><![CDATA[]]></system-err>
      </testcase>
      <testcase name="Test Cases/APPLICATION_CREATION" classname="Test Cases/APPLICATION_CREATION" status="PASSED">
         <system-out><![CDATA[2018-02-12 19:00:41 - [TEST_CASE][PASSED] - Test Cases/APPLICATION_CREATION: Test Cases/APPLICATION_CREATION

2018-02-12 19:00:41 - [TEST_STEP][PASSED] - Statement - propertyDataRowCounter = 0: null

2018-02-12 19:00:41 - [TEST_STEP][PASSED] - Statement - configDataRowCounter = 0: null

2018-02-12 19:00:41 - [TEST_STEP][PASSED] - Statement - genericDATA = com.kms.katalon.core.testdata.TestDataFactory.findTestData(PPE_Config_File): Test data is internal data, reading internal data

2018-02-12 19:00:41 - [TEST_STEP][PASSED] - Statement - propertyDATA = com.kms.katalon.core.testdata.TestDataFactory.findTestData(PPEPROPERTYDATA): Test data is internal data, reading internal data

2018-02-12 19:00:41 - [TEST_STEP][PASSED] - Statement - Address = com.kms.katalon.core.testobject.ObjectRepository.findTestObject(Endorsement_OR/get_Address): Finding Test Object with id 'Object Repository/Endorsement_OR/get_Address'

2018-02-12 19:00:41 - [TEST_STEP][PASSED] - Statement - propertyaddress = com.kms.katalon.core.webui.keyword.WebUiBuiltInKeywords.getAttribute(Address, "value"): Attribute 'value' of object 'Object Repository/Endorsement_OR/get_Address' is: '949 Grant St SE, Atlanta, GA 30315, USA'

2018-02-12 19:00:41 - [MESSAGE][PASSED] - Attribute 'value' of object 'Object Repository/Endorsement_OR/get_Address' is: '949 Grant St SE, Atlanta, GA 30315, USA'

2018-02-12 19:00:41 - [TEST_STEP][PASSED] - Statement - println(propertyaddress): null

2018-02-12 19:00:41 - [TEST_STEP][PASSED] - Statement - propertyaddress = propertyaddress: null

2018-02-12 19:00:41 - [TEST_STEP][PASSED] - com.PPE.Saving_PolicyHolderInfo_Page.PolicyHolderPage: com.PPE.Saving_PolicyHolderInfo_Page.PolicyHolderPage is PASSED

2018-02-12 19:00:45 - [MESSAGE][PASSED] - Delayed 4 second(s)

2018-02-12 19:00:51 - [MESSAGE][PASSED] - Object: 'Object Repository/Application_OR/btn_TOAPPLICATION' is clicked on

2018-02-12 19:00:55 - [MESSAGE][PASSED] - Delayed 4 second(s)

2018-02-12 19:00:59 - [MESSAGE][PASSED] - Object: 'Object Repository/Application_OR/btn-YES_IS_BNESS_PREMISES' is clicked on

2018-02-12 19:01:01 - [MESSAGE][PASSED] - Delayed 2 second(s)

2018-02-12 19:01:01 - [MESSAGE][PASSED] - Object: 'Object Repository/Application_OR/btn-YES_FOOT_TRAFFIC' is clicked on

2018-02-12 19:01:03 - [MESSAGE][PASSED] - Delayed 2 second(s)

2018-02-12 19:01:03 - [MESSAGE][PASSED] - Text '11' is set on object 'Object Repository/Application_OR/txtfield-Traffic_Percentage'

2018-02-12 19:01:06 - [MESSAGE][PASSED] - Delayed 3 second(s)

2018-02-12 19:01:06 - [MESSAGE][PASSED] - Object: 'Object Repository/Application_OR/btn_CONTINUE_UW_QUESTIONS' is clicked on

2018-02-12 19:01:09 - [MESSAGE][PASSED] - Delayed 3 second(s)

2018-02-12 19:01:10 - [MESSAGE][PASSED] - Text '10' is set on object 'Object Repository/Application_OR/txtfield-Traffic_Percentage'

2018-02-12 19:01:14 - [MESSAGE][PASSED] - Delayed 4 second(s)

2018-02-12 19:01:14 - [MESSAGE][PASSED] - Object: 'Object Repository/Application_OR/btn_CONTINUE_UW_QUESTIONS' is clicked on

2018-02-12 19:01:17 - [MESSAGE][PASSED] - Delayed 3 second(s)

2018-02-12 19:01:17 - [MESSAGE][PASSED] - Object: 'Object Repository/Application_OR/txtfield_INSURED_FIRSTNAME' is clicked on

2018-02-12 19:01:17 - [MESSAGE][PASSED] - Text '' is set on object 'Object Repository/Application_OR/txtfield_INSURED_FIRSTNAME'

2018-02-12 19:01:17 - [MESSAGE][PASSED] - Text 'David' is set on object 'Object Repository/Application_OR/txtfield_INSURED_FIRSTNAME'

2018-02-12 19:01:17 - [MESSAGE][PASSED] - Text '' is set on object 'Object Repository/Application_OR/txtfield_INSURED_MIDDLENAME'

2018-02-12 19:01:17 - [MESSAGE][PASSED] - Text 'Faf' is set on object 'Object Repository/Application_OR/txtfield_INSURED_MIDDLENAME'

2018-02-12 19:01:17 - [MESSAGE][PASSED] - Text '' is set on object 'Object Repository/Application_OR/txtfield_INSURED_LASTNAME'

2018-02-12 19:01:18 - [MESSAGE][PASSED] - Text 'Duminy' is set on object 'Object Repository/Application_OR/txtfield_INSURED_LASTNAME'

2018-02-12 19:01:18 - [MESSAGE][PASSED] - Text '09/10/1999' is set on object 'Object Repository/Application_OR/txtfield_INSURED_DOB'

2018-02-12 19:01:23 - [MESSAGE][PASSED] - Delayed 5 second(s)

2018-02-12 19:01:23 - [MESSAGE][PASSED] - Text 'gsalunkhe@cogitate.us' is set on object 'Object Repository/Application_OR/txtfield_INSURED_EMAIL'

2018-02-12 19:01:28 - [MESSAGE][PASSED] - Delayed 5 second(s)

2018-02-12 19:01:28 - [MESSAGE][PASSED] - Text '9768180080' is set on object 'Object Repository/Application_OR/txtfield_INSURED_CONTACTNUMBER'

2018-02-12 19:01:33 - [MESSAGE][PASSED] - Delayed 5 second(s)

2018-02-12 19:01:33 - [MESSAGE][PASSED] - Attribute 'value' of object 'Object Repository/Generic_OR/hdnPolicyInfoId' is: '3173'

2018-02-12 19:01:34 - [MESSAGE][PASSED] - Object: 'Object Repository/Application_OR/btn_POLICYHOLDER_SAVEANDCONTINUE' is clicked on

2018-02-12 19:01:35 - [MESSAGE][PASSED] - Delayed 1 second(s)

2018-02-12 19:01:35 - [MESSAGE][PASSED] - com.PPE.Saving_PolicyHolderInfo_Page.PolicyHolderPage is PASSED

2018-02-12 19:01:35 - [TEST_STEP][PASSED] - com.PPE.Saving_PropertyInfo_Page.PropertyPage: com.PPE.Saving_PropertyInfo_Page.PropertyPage is PASSED

2018-02-12 19:01:36 - [MESSAGE][PASSED] - Object: 'Object Repository/Application_OR/drp_ROOFTYPE_PROPERTYPAGE' is clicked on

2018-02-12 19:01:39 - [MESSAGE][PASSED] - Delayed 3 second(s)

2018-02-12 19:01:39 - [MESSAGE][PASSED] - All options with index in [1] are selected on object 'Object Repository/Application_OR/drp_ROOFTYPE_PROPERTYPAGE'

2018-02-12 19:01:41 - [MESSAGE][PASSED] - Delayed 2 second(s)

2018-02-12 19:01:41 - [MESSAGE][PASSED] - All options with index in [3] are selected on object 'Object Repository/Application_OR/drp_FOUNDATIONTYPE_PROPERTYPAGE'

2018-02-12 19:01:43 - [MESSAGE][PASSED] - Delayed 2 second(s)

2018-02-12 19:01:43 - [MESSAGE][PASSED] - All options with index in [7] are selected on object 'Object Repository/Application_OR/drp_HEATINGTYPE_PROPERTYPAGE'

2018-02-12 19:01:48 - [MESSAGE][PASSED] - Delayed 5 second(s)

2018-02-12 19:01:48 - [MESSAGE][PASSED] - Object: 'Object Repository/Application_OR/btn_OCCUPANYPAGE_SAVEANDCONTINUE' is clicked on

2018-02-12 19:01:52 - [MESSAGE][PASSED] - Delayed 4 second(s)

2018-02-12 19:01:53 - [MESSAGE][PASSED] - Object: 'Object Repository/Application_OR/btn_YES_ROOFAGE_POPUP' is clicked on

2018-02-12 19:01:57 - [MESSAGE][PASSED] - Delayed 4 second(s)

2018-02-12 19:01:57 - [MESSAGE][PASSED] - Object: 'Object Repository/Application_OR/btn_YES_ELECTRICALAGE_POPUP' is clicked on

2018-02-12 19:02:01 - [MESSAGE][PASSED] - Delayed 4 second(s)

2018-02-12 19:02:01 - [MESSAGE][PASSED] - Object: 'Object Repository/Application_OR/btn_YES_ELECTRICALAGE_POPUP' is clicked on

2018-02-12 19:02:06 - [MESSAGE][PASSED] - Delayed 5 second(s)

2018-02-12 19:02:06 - [MESSAGE][PASSED] - com.PPE.Saving_PropertyInfo_Page.PropertyPage is PASSED

2018-02-12 19:02:06 - [TEST_STEP][PASSED] - com.PPE.Policy_Creation.ApplicationBind: com.PPE.Policy_Creation.ApplicationBind is PASSED

2018-02-12 19:02:12 - [MESSAGE][PASSED] - Object: 'Object Repository/Application_OR/btn_OCCUPANYPAGE_SAVEANDCONTINUE' is clicked on

2018-02-12 19:02:17 - [MESSAGE][PASSED] - Delayed 5 second(s)

2018-02-12 19:02:22 - [MESSAGE][PASSED] - Object 'Object Repository/Application_OR/chkbx_AGREEMENT' is checked

2018-02-12 19:02:32 - [MESSAGE][PASSED] - Delayed 10 second(s)

2018-02-12 19:02:38 - [MESSAGE][PASSED] - Object: 'Object Repository/Application_OR/btn_OCCUPANYPAGE_SAVEANDCONTINUE' is clicked on

2018-02-12 19:02:43 - [MESSAGE][PASSED] - Delayed 5 second(s)

2018-02-12 19:02:52 - [MESSAGE][PASSED] - Object: 'Object Repository/Application_OR/btn_SIGNAPPLICATION_AGENT' is clicked on

2018-02-12 19:02:57 - [MESSAGE][PASSED] - Delayed 5 second(s)

2018-02-12 19:02:57 - [MESSAGE][PASSED] - Text of object 'Object Repository/Application_OR/get_INSUREDNAME_APPLICATION FORMSUMMARY' is: 'David Faf Duminy'

2018-02-12 19:03:02 - [MESSAGE][PASSED] - Object: 'Object Repository/Application_OR/btn_INSURED_SIGNATURE' is clicked on

2018-02-12 19:03:07 - [MESSAGE][PASSED] - Delayed 5 second(s)

2018-02-12 19:03:13 - [MESSAGE][PASSED] - Object: 'Object Repository/Application_OR/txtbx_INSURED_SIGNATURE' is clicked on

2018-02-12 19:03:18 - [MESSAGE][PASSED] - Delayed 5 second(s)

2018-02-12 19:03:18 - [MESSAGE][PASSED] - Text 'David Faf Duminy' is set on object 'Object Repository/Application_OR/txtbx_INSURED_SIGNATURE'

2018-02-12 19:03:23 - [MESSAGE][PASSED] - Object: 'Object Repository/Application_OR/btn_SUBMIT_INSURED_SIGNATURE' is clicked on

2018-02-12 19:03:23 - [MESSAGE][PASSED] - com.PPE.Policy_Creation.ApplicationBind is PASSED

2018-02-12 19:03:23 - [TEST_STEP][PASSED] - Statement - otpQuery = "SELECT TOP 1 OtpGenerated FROM PPE_ApplicationForms_trn where PolicyInfoId = " + policyInfoId + " Order BY ModifiedDateTime DESC": null

2018-02-12 19:03:23 - [TEST_STEP][PASSED] - Statement - println("otpQuery" + " " + otpQuery): null

2018-02-12 19:03:23 - [TEST_STEP][PASSED] - com.PPE.Database_Connection.connectDB: com.PPE.Database_Connection.connectDB is PASSED

2018-02-12 19:03:24 - [MESSAGE][PASSED] - com.PPE.Database_Connection.connectDB is PASSED

2018-02-12 19:03:24 - [TEST_STEP][PASSED] - Statement - recordset = CustomKeywords.com.PPE.Database_Connection.executeQuery(otpQuery): com.PPE.Database_Connection.executeQuery is PASSED

2018-02-12 19:03:25 - [MESSAGE][PASSED] - com.PPE.Database_Connection.executeQuery is PASSED

2018-02-12 19:03:25 - [TEST_STEP][PASSED] - Statement - otp = 0: null

2018-02-12 19:03:25 - [TEST_STEP][PASSED] - Statement - While (recordset.next()): null

2018-02-12 19:03:25 - [TEST_STEP][PASSED] - Statement - otp = recordset.getObject("OtpGenerated"): null

2018-02-12 19:03:25 - [TEST_STEP][PASSED] - Statement - println("otp" + " " + otp): null

2018-02-12 19:03:25 - [TEST_STEP][PASSED] - delay: Delayed 10 second(s)

2018-02-12 19:03:35 - [MESSAGE][PASSED] - Delayed 10 second(s)

2018-02-12 19:03:35 - [TEST_STEP][PASSED] - Statement - txtOtp = com.kms.katalon.core.testobject.ObjectRepository.findTestObject(Application_OR/txtfield-OTP): Finding Test Object with id 'Object Repository/Application_OR/txtfield-OTP'

2018-02-12 19:03:35 - [TEST_STEP][PASSED] - setText: Text '3207' is set on object 'Object Repository/Application_OR/txtfield-OTP'

2018-02-12 19:03:35 - [MESSAGE][PASSED] - Text '3207' is set on object 'Object Repository/Application_OR/txtfield-OTP'

2018-02-12 19:03:35 - [TEST_STEP][PASSED] - delay: Delayed 1 second(s)

2018-02-12 19:03:36 - [MESSAGE][PASSED] - Delayed 1 second(s)

2018-02-12 19:03:36 - [TEST_STEP][PASSED] - click: Object: 'Object Repository/Application_OR/btn_OTP_VERIFY' is clicked on

2018-02-12 19:03:41 - [MESSAGE][PASSED] - Object: 'Object Repository/Application_OR/btn_OTP_VERIFY' is clicked on

2018-02-12 19:03:41 - [TEST_STEP][PASSED] - delay: Delayed 5 second(s)

2018-02-12 19:03:46 - [MESSAGE][PASSED] - Delayed 5 second(s)

2018-02-12 19:03:46 - [TEST_STEP][PASSED] - click: Object: 'Object Repository/Application_OR/btn_AGENT_SIGNATURE' is clicked on

2018-02-12 19:03:51 - [MESSAGE][PASSED] - Object: 'Object Repository/Application_OR/btn_AGENT_SIGNATURE' is clicked on

2018-02-12 19:03:51 - [TEST_STEP][PASSED] - delay: Delayed 2 second(s)

2018-02-12 19:03:53 - [MESSAGE][PASSED] - Delayed 2 second(s)

2018-02-12 19:03:53 - [TEST_STEP][PASSED] - click: Object: 'Object Repository/Application_OR/txtbx_AGENT_SIGNATURE' is clicked on

2018-02-12 19:03:58 - [MESSAGE][PASSED] - Object: 'Object Repository/Application_OR/txtbx_AGENT_SIGNATURE' is clicked on

2018-02-12 19:03:58 - [TEST_STEP][PASSED] - delay: Delayed 2 second(s)

2018-02-12 19:04:00 - [MESSAGE][PASSED] - Delayed 2 second(s)

2018-02-12 19:04:00 - [TEST_STEP][PASSED] - Statement - If (genericDATA.internallyGetValue("STATE", configDataRowCounter) == "GA"): Text 'Clement Helms' is set on object 'Object Repository/Application_OR/txtbx_AGENT_SIGNATURE'

2018-02-12 19:04:00 - [TEST_STEP][PASSED] - setText: Text 'Clement Helms' is set on object 'Object Repository/Application_OR/txtbx_AGENT_SIGNATURE'

2018-02-12 19:04:00 - [MESSAGE][PASSED] - Text 'Clement Helms' is set on object 'Object Repository/Application_OR/txtbx_AGENT_SIGNATURE'

2018-02-12 19:04:00 - [TEST_STEP][PASSED] - click: Object: 'Object Repository/Application_OR/btn_SUBMIT_AGENT_SIGNATURE' is clicked on

2018-02-12 19:04:06 - [MESSAGE][PASSED] - Object: 'Object Repository/Application_OR/btn_SUBMIT_AGENT_SIGNATURE' is clicked on

2018-02-12 19:04:06 - [TEST_STEP][PASSED] - delay: Delayed 5 second(s)

2018-02-12 19:04:11 - [MESSAGE][PASSED] - Delayed 5 second(s)

2018-02-12 19:04:11 - [TEST_STEP][PASSED] - click: Object: 'Object Repository/Application_OR/btn_SURPLUSLINE_ACK' is clicked on

2018-02-12 19:04:18 - [MESSAGE][PASSED] - Object: 'Object Repository/Application_OR/btn_SURPLUSLINE_ACK' is clicked on

2018-02-12 19:04:18 - [TEST_STEP][PASSED] - delay: Delayed 5 second(s)

2018-02-12 19:04:23 - [MESSAGE][PASSED] - Delayed 5 second(s)

2018-02-12 19:04:23 - [TEST_STEP][PASSED] - Statement - If (genericDATA.internallyGetValue("STATE", configDataRowCounter) == "GA"): Object: 'Object Repository/Application_OR/btn_SUBMIT_SURPLUSLINE' is clicked on

2018-02-12 19:04:23 - [TEST_STEP][PASSED] - click: Object: 'Object Repository/Application_OR/txtfield_SURPLUSLINE_FORM_TEXT' is clicked on

2018-02-12 19:04:28 - [MESSAGE][PASSED] - Object: 'Object Repository/Application_OR/txtfield_SURPLUSLINE_FORM_TEXT' is clicked on

2018-02-12 19:04:28 - [TEST_STEP][PASSED] - delay: Delayed 2 second(s)

2018-02-12 19:04:30 - [MESSAGE][PASSED] - Delayed 2 second(s)

2018-02-12 19:04:30 - [TEST_STEP][PASSED] - setText: Text 'Testing' is set on object 'Object Repository/Application_OR/txtfield_SURPLUSLINE_FORM_TEXT'

2018-02-12 19:04:31 - [MESSAGE][PASSED] - Text 'Testing' is set on object 'Object Repository/Application_OR/txtfield_SURPLUSLINE_FORM_TEXT'

2018-02-12 19:04:31 - [TEST_STEP][PASSED] - delay: Delayed 2 second(s)

2018-02-12 19:04:33 - [MESSAGE][PASSED] - Delayed 2 second(s)

2018-02-12 19:04:33 - [TEST_STEP][PASSED] - click: Object: 'Object Repository/Application_OR/btn_SUBMIT_SURPLUSLINE' is clicked on

2018-02-12 19:04:38 - [MESSAGE][PASSED] - Object: 'Object Repository/Application_OR/btn_SUBMIT_SURPLUSLINE' is clicked on

2018-02-12 19:04:38 - [TEST_STEP][PASSED] - delay: Delayed 5 second(s)

2018-02-12 19:04:43 - [MESSAGE][PASSED] - Delayed 5 second(s)

2018-02-12 19:04:43 - [TEST_STEP][PASSED] - click: Object: 'Object Repository/Application_OR/btn_SUBMIT_FOR_UW_APPROVAL' is clicked on

2018-02-12 19:04:44 - [MESSAGE][PASSED] - Object: 'Object Repository/Application_OR/btn_SUBMIT_FOR_UW_APPROVAL' is clicked on

2018-02-12 19:04:44 - [TEST_STEP][PASSED] - delay: Delayed 8 second(s)

2018-02-12 19:04:52 - [MESSAGE][PASSED] - Delayed 8 second(s)

2018-02-12 19:04:52 - [TEST_STEP][PASSED] - click: Object: 'Object Repository/Application_OR/btn_LOGOUT' is clicked on

2018-02-12 19:04:53 - [MESSAGE][PASSED] - Object: 'Object Repository/Application_OR/btn_LOGOUT' is clicked on

2018-02-12 19:04:53 - [TEST_STEP][PASSED] - delay: Delayed 5 second(s)

2018-02-12 19:04:58 - [MESSAGE][PASSED] - Delayed 5 second(s)

2018-02-12 19:04:58 - [TEST_STEP][PASSED] - setText: Text 'ih.william' is set on object 'Object Repository/Quote_OR/txtfield_USERNAME'

2018-02-12 19:04:58 - [MESSAGE][PASSED] - Text 'ih.william' is set on object 'Object Repository/Quote_OR/txtfield_USERNAME'

2018-02-12 19:04:58 - [TEST_STEP][PASSED] - setText: Text '10#Hammer' is set on object 'Object Repository/Quote_OR/txtfield_PASSWORD'

2018-02-12 19:04:59 - [MESSAGE][PASSED] - Text '10#Hammer' is set on object 'Object Repository/Quote_OR/txtfield_PASSWORD'

2018-02-12 19:04:59 - [TEST_STEP][PASSED] - click: Object: 'Object Repository/Quote_OR/btn-LOGIN' is clicked on

2018-02-12 19:05:01 - [MESSAGE][PASSED] - Object: 'Object Repository/Quote_OR/btn-LOGIN' is clicked on

2018-02-12 19:05:01 - [TEST_STEP][PASSED] - delay: Delayed 5 second(s)

2018-02-12 19:05:06 - [MESSAGE][PASSED] - Delayed 5 second(s)

2018-02-12 19:05:06 - [TEST_STEP][PASSED] - Statement - btnId = "//*[@id="btnLoadApplication_" + policyInfoId + ""]": null

2018-02-12 19:05:06 - [TEST_STEP][PASSED] - Statement - btnViewApplication = new com.kms.katalon.core.testobject.TestObject(btnViewApplication): null

2018-02-12 19:05:06 - [TEST_STEP][PASSED] - Statement - btnViewApplication.addProperty("xpath", EQUALS, btnId, true): null

2018-02-12 19:05:06 - [TEST_STEP][PASSED] - delay: Delayed 20 second(s)

2018-02-12 19:05:26 - [MESSAGE][PASSED] - Delayed 20 second(s)

2018-02-12 19:05:26 - [TEST_STEP][PASSED] - click: Object: 'btnViewApplication' is clicked on

2018-02-12 19:05:28 - [MESSAGE][PASSED] - Object: 'btnViewApplication' is clicked on

2018-02-12 19:05:28 - [TEST_STEP][PASSED] - delay: Delayed 8 second(s)

2018-02-12 19:05:36 - [MESSAGE][PASSED] - Delayed 8 second(s)

2018-02-12 19:05:36 - [TEST_STEP][PASSED] - click: Object: 'Object Repository/Application_OR/btn_DOWNLOAD_AFS_UW' is clicked on

2018-02-12 19:05:36 - [MESSAGE][PASSED] - Object: 'Object Repository/Application_OR/btn_DOWNLOAD_AFS_UW' is clicked on

2018-02-12 19:05:36 - [TEST_STEP][PASSED] - delay: Delayed 5 second(s)

2018-02-12 19:05:41 - [MESSAGE][PASSED] - Delayed 5 second(s)

2018-02-12 19:05:41 - [TEST_STEP][PASSED] - click: Object: 'Object Repository/Application_OR/btn_REVIEW_APPLICATION_AT_UW' is clicked on

2018-02-12 19:05:42 - [MESSAGE][PASSED] - Object: 'Object Repository/Application_OR/btn_REVIEW_APPLICATION_AT_UW' is clicked on

2018-02-12 19:05:42 - [TEST_STEP][PASSED] - delay: Delayed 5 second(s)

2018-02-12 19:05:47 - [MESSAGE][PASSED] - Delayed 5 second(s)

2018-02-12 19:05:47 - [TEST_STEP][PASSED] - setText: Text '111' is set on object 'Object Repository/Application_OR/txtfield_INSPECTION_FEE'

2018-02-12 19:05:47 - [MESSAGE][PASSED] - Text '111' is set on object 'Object Repository/Application_OR/txtfield_INSPECTION_FEE'

2018-02-12 19:05:47 - [TEST_STEP][PASSED] - delay: Delayed 3 second(s)

2018-02-12 19:05:50 - [MESSAGE][PASSED] - Delayed 3 second(s)

2018-02-12 19:05:50 - [TEST_STEP][PASSED] - click: Object: 'Object Repository/Application_OR/drp_NO_OF_MORTAGAGEE' is clicked on

2018-02-12 19:05:50 - [MESSAGE][PASSED] - Object: 'Object Repository/Application_OR/drp_NO_OF_MORTAGAGEE' is clicked on

2018-02-12 19:05:50 - [TEST_STEP][PASSED] - delay: Delayed 3 second(s)

2018-02-12 19:05:53 - [MESSAGE][PASSED] - Delayed 3 second(s)

2018-02-12 19:05:53 - [TEST_STEP][PASSED] - selectOptionByIndex: All options with index in [1] are selected on object 'Object Repository/Application_OR/drp_NO_OF_MORTAGAGEE'

2018-02-12 19:05:53 - [MESSAGE][PASSED] - All options with index in [1] are selected on object 'Object Repository/Application_OR/drp_NO_OF_MORTAGAGEE'

2018-02-12 19:05:53 - [TEST_STEP][PASSED] - delay: Delayed 3 second(s)

2018-02-12 19:05:56 - [MESSAGE][PASSED] - Delayed 3 second(s)

2018-02-12 19:05:56 - [TEST_STEP][PASSED] - click: Object: 'Object Repository/Application_OR/btn_OCCUPANYPAGE_SAVEANDCONTINUE' is clicked on

2018-02-12 19:05:56 - [MESSAGE][PASSED] - Object: 'Object Repository/Application_OR/btn_OCCUPANYPAGE_SAVEANDCONTINUE' is clicked on

2018-02-12 19:05:56 - [TEST_STEP][PASSED] - delay: Delayed 3 second(s)

2018-02-12 19:05:59 - [MESSAGE][PASSED] - Delayed 3 second(s)

2018-02-12 19:05:59 - [TEST_STEP][PASSED] - setText: Text 'Ricky Ponting' is set on object 'Object Repository/Application_OR/txtfield_Mortagagee_Name1'

2018-02-12 19:06:00 - [MESSAGE][PASSED] - Text 'Ricky Ponting' is set on object 'Object Repository/Application_OR/txtfield_Mortagagee_Name1'

2018-02-12 19:06:00 - [TEST_STEP][PASSED] - delay: Delayed 3 second(s)

2018-02-12 19:06:03 - [MESSAGE][PASSED] - Delayed 3 second(s)

2018-02-12 19:06:03 - [TEST_STEP][PASSED] - setText: Text '1870 5th Ave W Macon, GA 31201 USA' is set on object 'Object Repository/Application_OR/txtfield_Mortagagee_Address'

2018-02-12 19:06:03 - [MESSAGE][PASSED] - Text '1870 5th Ave W Macon, GA 31201 USA' is set on object 'Object Repository/Application_OR/txtfield_Mortagagee_Address'

2018-02-12 19:06:03 - [TEST_STEP][PASSED] - delay: Delayed 3 second(s)

2018-02-12 19:06:06 - [MESSAGE][PASSED] - Delayed 3 second(s)

2018-02-12 19:06:06 - [TEST_STEP][PASSED] - setText: Text '123456789ABCD' is set on object 'Object Repository/Application_OR/txtfield_Mortagagee_LoanNo'

2018-02-12 19:06:07 - [MESSAGE][PASSED] - Text '123456789ABCD' is set on object 'Object Repository/Application_OR/txtfield_Mortagagee_LoanNo'

2018-02-12 19:06:07 - [TEST_STEP][PASSED] - delay: Delayed 3 second(s)

2018-02-12 19:06:10 - [MESSAGE][PASSED] - Delayed 3 second(s)

2018-02-12 19:06:10 - [TEST_STEP][PASSED] - click: Object: 'Object Repository/Application_OR/btn_OCCUPANYPAGE_SAVEANDCONTINUE' is clicked on

2018-02-12 19:06:10 - [MESSAGE][PASSED] - Object: 'Object Repository/Application_OR/btn_OCCUPANYPAGE_SAVEANDCONTINUE' is clicked on

2018-02-12 19:06:10 - [TEST_STEP][PASSED] - delay: Delayed 4 second(s)

2018-02-12 19:06:14 - [MESSAGE][PASSED] - Delayed 4 second(s)

2018-02-12 19:06:14 - [TEST_STEP][PASSED] - click: Object: 'Object Repository/Application_OR/btn_SIGNAPPLICATION_AGENT' is clicked on

2018-02-12 19:06:15 - [MESSAGE][PASSED] - Object: 'Object Repository/Application_OR/btn_SIGNAPPLICATION_AGENT' is clicked on

2018-02-12 19:06:15 - [TEST_STEP][PASSED] - delay: Delayed 4 second(s)

2018-02-12 19:06:19 - [MESSAGE][PASSED] - Delayed 4 second(s)

2018-02-12 19:06:19 - [TEST_STEP][PASSED] - click: Object: 'Object Repository/Application_OR/btn_GENERATE_FORMS' is clicked on

2018-02-12 19:06:19 - [MESSAGE][PASSED] - Object: 'Object Repository/Application_OR/btn_GENERATE_FORMS' is clicked on

2018-02-12 19:06:19 - [TEST_STEP][PASSED] - delay: Delayed 5 second(s)

2018-02-12 19:06:24 - [MESSAGE][PASSED] - Delayed 5 second(s)

2018-02-12 19:06:24 - [TEST_STEP][PASSED] - click: Object: 'Object Repository/Application_OR/btn_REQUEST_FOR_BIND' is clicked on

2018-02-12 19:06:24 - [MESSAGE][PASSED] - Object: 'Object Repository/Application_OR/btn_REQUEST_FOR_BIND' is clicked on

2018-02-12 19:06:24 - [TEST_STEP][PASSED] - delay: Delayed 20 second(s)

2018-02-12 19:06:44 - [MESSAGE][PASSED] - Delayed 20 second(s)

2018-02-12 19:06:44 - [TEST_STEP][PASSED] - click: Object: 'Object Repository/Application_OR/btn_VIEW_POLICY_FORMS' is clicked on

2018-02-12 19:06:44 - [MESSAGE][PASSED] - Object: 'Object Repository/Application_OR/btn_VIEW_POLICY_FORMS' is clicked on

2018-02-12 19:06:44 - [TEST_STEP][PASSED] - delay: Delayed 15 second(s)

2018-02-12 19:06:59 - [MESSAGE][PASSED] - Delayed 15 second(s)

2018-02-12 19:06:59 - [TEST_STEP][PASSED] - click: Object: 'Object Repository/Application_OR/btn_UW_APPLICATION_STATUS_MENU' is clicked on

2018-02-12 19:06:59 - [MESSAGE][PASSED] - Object: 'Object Repository/Application_OR/btn_UW_APPLICATION_STATUS_MENU' is clicked on

2018-02-12 19:06:59 - [TEST_STEP][PASSED] - delay: Delayed 2 second(s)

2018-02-12 19:07:01 - [MESSAGE][PASSED] - Delayed 2 second(s)

2018-02-12 19:07:01 - [TEST_STEP][PASSED] - click: Object: 'Object Repository/Application_OR/btn_YES_CONFIRMATION' is clicked on

2018-02-12 19:07:03 - [MESSAGE][PASSED] - Object: 'Object Repository/Application_OR/btn_YES_CONFIRMATION' is clicked on

2018-02-12 19:07:03 - [TEST_STEP][PASSED] - delay: Delayed 20 second(s)

2018-02-12 19:07:24 - [MESSAGE][PASSED] - Delayed 20 second(s)]]></system-out>
         <system-err><![CDATA[]]></system-err>
      </testcase>
      <testcase name="Test Cases/ENDORSEMENT_CREATION" classname="Test Cases/ENDORSEMENT_CREATION" status="ERROR">
         <error type="ERROR" message="Test Cases/ENDORSEMENT_CREATION FAILED because (of) Variable 'NextWeek' is not defined for test case."/>
         <system-out><![CDATA[2018-02-12 19:07:24 - [TEST_CASE][ERROR] - Test Cases/ENDORSEMENT_CREATION: Test Cases/ENDORSEMENT_CREATION FAILED because (of) Variable 'NextWeek' is not defined for test case.

2018-02-12 19:07:24 - [TEST_STEP][ERROR] - com.PPE.Endorsement_UW.EndorsementByUW: No such property: NextWeek for class: com.PPE.Endorsement_UW

2018-02-12 19:07:24 - [MESSAGE][PASSED] - Object: 'Object Repository/Endorsement_OR/btn_ADVANCE_FILTER' is clicked on

2018-02-12 19:07:28 - [MESSAGE][PASSED] - Delayed 4 second(s)

2018-02-12 19:07:28 - [MESSAGE][PASSED] - Text '949 Grant St SE, Atlanta, GA 30315, USA' is set on object 'Object Repository/Endorsement_OR/txtfield_AdvanceFilter_PROPERTY_ADDRESS'

2018-02-12 19:07:43 - [MESSAGE][PASSED] - Delayed 15 second(s)

2018-02-12 19:07:43 - [MESSAGE][PASSED] - Object: 'Object Repository/Endorsement_OR/btn_APPLY_Advance_Filter' is clicked on

2018-02-12 19:08:01 - [MESSAGE][PASSED] - Delayed 18 second(s)

2018-02-12 19:08:01 - [MESSAGE][PASSED] - Text of object 'Object Repository/Endorsement_OR/get_POLICYNUMBER' is: 'BCIHGA1895024'

2018-02-12 19:08:11 - [MESSAGE][PASSED] - Delayed 10 second(s)

2018-02-12 19:08:11 - [MESSAGE][PASSED] - Object: 'Object Repository/Endorsement_OR/btn_ENDORSEMENT_MENU' is clicked on

2018-02-12 19:08:14 - [MESSAGE][PASSED] - Delayed 3 second(s)

2018-02-12 19:08:16 - [MESSAGE][PASSED] - Object: 'Object Repository/Endorsement_OR/btn_YES_CONFIRMATION_ENDORSEMENT' is clicked on

2018-02-12 19:08:22 - [MESSAGE][PASSED] - Delayed 6 second(s)

2018-02-12 19:08:22 - [MESSAGE][PASSED] - Text 'BCIHGA1895024' is set on object 'Object Repository/Endorsement_OR/txtfield_POLICYNUMBER_FOR_ENDORSEMENT'

2018-02-12 19:08:28 - [MESSAGE][PASSED] - Delayed 6 second(s)

2018-02-12 19:08:28 - [MESSAGE][PASSED] - Object: 'Object Repository/Endorsement_OR/btn_SEARCH_FOR_ENDORSEMENT' is clicked on

2018-02-12 19:08:38 - [MESSAGE][PASSED] - Delayed 10 second(s)

2018-02-12 19:08:40 - [MESSAGE][PASSED] - Object: 'Object Repository/Endorsement_OR/btn_ENDORSE_UW' is clicked on

2018-02-12 19:08:46 - [MESSAGE][PASSED] - Delayed 6 second(s)

2018-02-12 19:08:46 - [MESSAGE][PASSED] - Object: 'Object Repository/Endorsement_OR/btn_EDIT_APPLICANTINFO_UW' is clicked on

2018-02-12 19:08:52 - [MESSAGE][PASSED] - Delayed 6 second(s)

2018-02-12 19:08:52 - [MESSAGE][PASSED] - Object: 'Object Repository/Endorsement_OR/btn_RECALCULATE_UW' is clicked on

2018-02-12 19:08:58 - [MESSAGE][PASSED] - Delayed 6 second(s)

2018-02-12 19:08:58 - [MESSAGE][PASSED] - Text 'Phillips Bush' is set on object 'Object Repository/Endorsement_OR/txtfield_PRIFIRSTNAME_UW'

2018-02-12 19:09:00 - [MESSAGE][PASSED] - Delayed 2 second(s)

2018-02-12 19:09:00 - [MESSAGE][PASSED] - Object: 'Object Repository/Endorsement_OR/btn_UPDATE_APPLICANTINFO_UW' is clicked on

2018-02-12 19:09:02 - [MESSAGE][PASSED] - Delayed 2 second(s)

2018-02-12 19:09:03 - [MESSAGE][PASSED] - Object: 'Object Repository/Endorsement_OR/btn_RECALCULATE_UW' is clicked on

2018-02-12 19:09:09 - [MESSAGE][PASSED] - Delayed 6 second(s)

2018-02-12 19:09:09 - [MESSAGE][PASSED] - Browser is scrolled to position x = 0, y = 50

2018-02-12 19:09:12 - [MESSAGE][PASSED] - Delayed 3 second(s)

2018-02-12 19:09:12 - [MESSAGE][PASSED] - Object: 'Object Repository/Endorsement_OR/btn_EDIT_COVERAGE_UW' is clicked on

2018-02-12 19:09:18 - [MESSAGE][PASSED] - Delayed 6 second(s)

2018-02-12 19:09:18 - [MESSAGE][PASSED] - Object: 'Object Repository/Endorsement_OR/drp_SETTLEMENTTYPE_UW' is clicked on

2018-02-12 19:09:21 - [MESSAGE][PASSED] - Delayed 3 second(s)

2018-02-12 19:09:21 - [MESSAGE][PASSED] - All options with label 'ACV' are selected in object 'Object Repository/Endorsement_OR/drp_SETTLEMENTTYPE_UW' 

2018-02-12 19:09:27 - [MESSAGE][PASSED] - Delayed 6 second(s)

2018-02-12 19:09:27 - [MESSAGE][PASSED] - Object: 'Object Repository/Endorsement_OR/btn_UPDATE_COVERAGE_UW' is clicked on

2018-02-12 19:09:29 - [MESSAGE][PASSED] - Delayed 2 second(s)

2018-02-12 19:09:29 - [MESSAGE][PASSED] - Object: 'Object Repository/Endorsement_OR/btn_RECALCULATE_UW' is clicked on

2018-02-12 19:09:34 - [MESSAGE][PASSED] - Delayed 5 second(s)

2018-02-12 19:09:35 - [MESSAGE][ERROR] - No such property: NextWeek for class: com.PPE.Endorsement_UW]]></system-out>
         <system-err><![CDATA[2018-02-12 19:07:24 - [TEST_CASE][ERROR] - Test Cases/ENDORSEMENT_CREATION: Test Cases/ENDORSEMENT_CREATION FAILED because (of) Variable 'NextWeek' is not defined for test case.]]></system-err>
      </testcase>
      <system-out><![CDATA[2018-02-12 18:57:59 - [TEST_SUITE][ERROR] - PPE: Test Cases/ENDORSEMENT_CREATION FAILED because (of) Variable 'NextWeek' is not defined for test case.]]></system-out>
      <system-err><![CDATA[2018-02-12 18:57:59 - [TEST_SUITE][ERROR] - PPE: Test Cases/ENDORSEMENT_CREATION FAILED because (of) Variable 'NextWeek' is not defined for test case.]]></system-err>
   </testsuite>
</testsuites>
