<?xml version="1.0" encoding="UTF-8"?>
<testsuites name="PPE" time="432" tests="4" failures="1" errors="0">
   <testsuite name="PPE" tests="4" failures="1" errors="0" time="432" timestamp="2018-03-05 16:09:50" hostname="gsalunkhe - CTS-QUA-4.cogitate.india" id="Test Suites/PPE">
      <properties>
         <property name="deviceName" value=""/>
         <property name="devicePlatform" value=""/>
         <property name="logFolder" value="D:\\Katalon_Practice_Workspace\\Complete PPE\\Reports\\PPE\\20180305_160948"/>
         <property name="logFiles" value="D:\\Katalon_Practice_Workspace\\Complete PPE\\Reports\\PPE\\20180305_160948\\execution0.log"/>
         <property name="attachments" value="D:\\Katalon_Practice_Workspace\\Complete PPE\\Reports\\PPE\\20180305_160948\\1520246821661.png"/>
         <property name="hostName" value="gsalunkhe - CTS-QUA-4.cogitate.india"/>
         <property name="os" value="Windows 7 64bit"/>
         <property name="katalonVersion" value="5.0.1.1"/>
         <property name="browser" value="Chrome 64.0.3282.186"/>
         <property name="hostAddress" value="192.168.0.4"/>
         <property name="sessionId" value="58c164f08810de59d8011985d265fc28"/>
         <property name="seleniumVersion" value="2.53.0"/>
         <property name="proxyInformation" value="ProxyInformation{proxyOption=NO_PROXY, proxyServerType=, password=, proxyServerAddress=, proxyServerPort=0}"/>
         <property name="platform" value="Windows 7"/>
      </properties>
      <testcase name="Test Cases/URL Navigation/Navigate To URL" classname="Test Cases/URL Navigation/Navigate To URL" status="PASSED">
         <system-out><![CDATA[2018-03-05 16:09:50 - [TEST_CASE][PASSED] - Test Cases/URL Navigation/Navigate To URL: Test Cases/URL Navigation/Navigate To URL

2018-03-05 16:09:51 - [TEST_STEP][PASSED] - com.PPE.url_Navigation.gotoURL: com.PPE.url_Navigation.gotoURL is PASSED

2018-03-05 16:09:58 - [MESSAGE][PASSED] - Browser is opened with url: 'http://test.cogitate.us/PPE.Test/'

2018-03-05 16:09:58 - [MESSAGE][PASSED] - Wait for page load successfully

2018-03-05 16:09:59 - [MESSAGE][PASSED] - Current window maximized

2018-03-05 16:09:59 - [MESSAGE][PASSED] - com.PPE.url_Navigation.gotoURL is PASSED]]></system-out>
         <system-err><![CDATA[]]></system-err>
      </testcase>
      <testcase name="Test Cases/Login In PPE Application/Incorrect Attempt for Login" classname="Test Cases/Login In PPE Application/Incorrect Attempt for Login" status="PASSED">
         <system-out><![CDATA[2018-03-05 16:09:59 - [TEST_CASE][PASSED] - Test Cases/Login In PPE Application/Incorrect Attempt for Login: Test Cases/Login In PPE Application/Incorrect Attempt for Login

2018-03-05 16:09:59 - [TEST_STEP][PASSED] - com.PPE.IncorrectLogin.login: com.PPE.IncorrectLogin.login is PASSED

2018-03-05 16:09:59 - [MESSAGE][PASSED] - Text '125634' is set on object 'Object Repository/Quote_OR/txtfield_USERNAME'

2018-03-05 16:09:59 - [MESSAGE][PASSED] - Text '10#Hammer' is set on object 'Object Repository/Quote_OR/txtfield_PASSWORD'

2018-03-05 16:10:04 - [MESSAGE][PASSED] - Object: 'Object Repository/Quote_OR/btn-LOGIN' is clicked on

2018-03-05 16:10:10 - [MESSAGE][PASSED] - Delayed 6 second(s)

2018-03-05 16:10:10 - [MESSAGE][PASSED] - Text 'ih.chelms' is set on object 'Object Repository/Quote_OR/txtfield_USERNAME'

2018-03-05 16:10:11 - [MESSAGE][PASSED] - Text '123456' is set on object 'Object Repository/Quote_OR/txtfield_PASSWORD'

2018-03-05 16:10:11 - [MESSAGE][PASSED] - Object: 'Object Repository/Quote_OR/btn-LOGIN' is clicked on

2018-03-05 16:10:17 - [MESSAGE][PASSED] - Delayed 6 second(s)

2018-03-05 16:10:18 - [MESSAGE][PASSED] - Text 'ih.jbutler' is set on object 'Object Repository/Quote_OR/txtfield_USERNAME'

2018-03-05 16:10:18 - [MESSAGE][PASSED] - Text '123456' is set on object 'Object Repository/Quote_OR/txtfield_PASSWORD'

2018-03-05 16:10:19 - [MESSAGE][PASSED] - Object: 'Object Repository/Quote_OR/btn-LOGIN' is clicked on

2018-03-05 16:10:25 - [MESSAGE][PASSED] - Delayed 6 second(s)

2018-03-05 16:10:25 - [MESSAGE][PASSED] - Text 'Ganesh' is set on object 'Object Repository/Quote_OR/txtfield_USERNAME'

2018-03-05 16:10:25 - [MESSAGE][PASSED] - Text 'Salunkhe' is set on object 'Object Repository/Quote_OR/txtfield_PASSWORD'

2018-03-05 16:10:26 - [MESSAGE][PASSED] - Object: 'Object Repository/Quote_OR/btn-LOGIN' is clicked on

2018-03-05 16:10:32 - [MESSAGE][PASSED] - Delayed 6 second(s)

2018-03-05 16:10:32 - [MESSAGE][PASSED] - Text 'ih.william' is set on object 'Object Repository/Quote_OR/txtfield_USERNAME'

2018-03-05 16:10:32 - [MESSAGE][PASSED] - Text 'ih.chelms' is set on object 'Object Repository/Quote_OR/txtfield_PASSWORD'

2018-03-05 16:10:33 - [MESSAGE][PASSED] - Object: 'Object Repository/Quote_OR/btn-LOGIN' is clicked on

2018-03-05 16:10:39 - [MESSAGE][PASSED] - Delayed 6 second(s)

2018-03-05 16:10:39 - [MESSAGE][PASSED] - com.PPE.IncorrectLogin.login is PASSED]]></system-out>
         <system-err><![CDATA[]]></system-err>
      </testcase>
      <testcase name="Test Cases/Login In PPE Application/Login With Correct Credentials" classname="Test Cases/Login In PPE Application/Login With Correct Credentials" status="PASSED">
         <system-out><![CDATA[2018-03-05 16:10:39 - [TEST_CASE][PASSED] - Test Cases/Login In PPE Application/Login With Correct Credentials: Test Cases/Login In PPE Application/Login With Correct Credentials

2018-03-05 16:10:39 - [TEST_STEP][PASSED] - com.PPE.Login.correctlogin: com.PPE.Login.correctlogin is PASSED

2018-03-05 16:10:39 - [MESSAGE][PASSED] - Text 'ih.chelms' is set on object 'Object Repository/Quote_OR/txtfield_USERNAME'

2018-03-05 16:10:40 - [MESSAGE][PASSED] - Text '10#Hammer' is set on object 'Object Repository/Quote_OR/txtfield_PASSWORD'

2018-03-05 16:10:46 - [MESSAGE][PASSED] - Object: 'Object Repository/Quote_OR/btn-LOGIN' is clicked on

2018-03-05 16:10:46 - [MESSAGE][PASSED] - com.PPE.Login.correctlogin is PASSED]]></system-out>
         <system-err><![CDATA[]]></system-err>
      </testcase>
      <testcase name="Test Cases/Quote Creation/Creating Quote" classname="Test Cases/Quote Creation/Creating Quote" status="PASSED">
         <system-out><![CDATA[2018-03-05 16:10:46 - [TEST_CASE][PASSED] - Test Cases/Quote Creation/Creating Quote: Test Cases/Quote Creation/Creating Quote

2018-03-05 16:10:46 - [TEST_STEP][PASSED] - Statement - propertyDataRowCounter = 0: null

2018-03-05 16:10:46 - [TEST_STEP][PASSED] - Statement - configDataRowCounter = 0: null

2018-03-05 16:10:46 - [TEST_STEP][PASSED] - Statement - genericDATA = com.kms.katalon.core.testdata.TestDataFactory.findTestData(PPE_Config_File): Test data is internal data, reading internal data

2018-03-05 16:10:46 - [TEST_STEP][PASSED] - Statement - propertyDATA = com.kms.katalon.core.testdata.TestDataFactory.findTestData(PPEPROPERTYDATA): Test data is internal data, reading internal data

2018-03-05 16:10:46 - [TEST_STEP][PASSED] - Statement - If (genericDATA.internallyGetValue("STATE", configDataRowCounter) == "GA"): Text '1112 Appleton Ave Macon, GA 31201 USA' is set on object 'Object Repository/Quote_OR/txtfield_ADDRESS_ON_LANDING_PAGE'

2018-03-05 16:10:46 - [TEST_STEP][PASSED] - setText: Text '1112 Appleton Ave Macon, GA 31201 USA' is set on object 'Object Repository/Quote_OR/txtfield_ADDRESS_ON_LANDING_PAGE'

2018-03-05 16:10:47 - [MESSAGE][PASSED] - Text '1112 Appleton Ave Macon, GA 31201 USA' is set on object 'Object Repository/Quote_OR/txtfield_ADDRESS_ON_LANDING_PAGE'

2018-03-05 16:10:47 - [TEST_STEP][PASSED] - click: Object: 'Object Repository/Quote_OR/btn_SEARCH_ADDRESS' is clicked on

2018-03-05 16:11:04 - [MESSAGE][PASSED] - Object: 'Object Repository/Quote_OR/btn_SEARCH_ADDRESS' is clicked on

2018-03-05 16:11:04 - [TEST_STEP][PASSED] - waitForPageLoad: Wait for page load successfully

2018-03-05 16:11:04 - [MESSAGE][PASSED] - Wait for page load successfully

2018-03-05 16:11:04 - [TEST_STEP][PASSED] - com.PPE.QuotePropertyDataSelection.QuoteCreation: com.PPE.QuotePropertyDataSelection.QuoteCreation is PASSED

2018-03-05 16:11:04 - [MESSAGE][PASSED] - All options with index in [1] are selected on object 'Object Repository/Quote_OR/drp_PROPERTY_TYPE'

2018-03-05 16:11:04 - [MESSAGE][PASSED] - Text '' is set on object 'Object Repository/Quote_OR/txtfield_HOME_VALUATION'

2018-03-05 16:11:04 - [MESSAGE][PASSED] - Object: 'Object Repository/Quote_OR/btn_GETQUOTE' is clicked on

2018-03-05 16:11:04 - [MESSAGE][PASSED] - All options with index in [2] are selected on object 'Object Repository/Quote_OR/drp_CONSTRUCTION_TYPE'

2018-03-05 16:11:05 - [MESSAGE][PASSED] - Text '75000' is set on object 'Object Repository/Quote_OR/txtfield_HOME_VALUATION'

2018-03-05 16:11:07 - [MESSAGE][PASSED] - Delayed 2 second(s)

2018-03-05 16:11:07 - [MESSAGE][PASSED] - Text '' is set on object 'Object Repository/Quote_OR/txtbx_YEARHOMEBUILD'

2018-03-05 16:11:07 - [MESSAGE][PASSED] - Object: 'Object Repository/Quote_OR/btn_GETQUOTE' is clicked on

2018-03-05 16:11:07 - [MESSAGE][PASSED] - Text '1968' is set on object 'Object Repository/Quote_OR/txtbx_YEARHOMEBUILD'

2018-03-05 16:11:07 - [MESSAGE][PASSED] - Object: 'Object Repository/Quote_OR/btn_GETQUOTE' is clicked on

2018-03-05 16:11:11 - [MESSAGE][PASSED] - Delayed 4 second(s)

2018-03-05 16:11:11 - [MESSAGE][PASSED] - Object: 'Object Repository/Quote_OR/btn_SENDQUOTE' is clicked on

2018-03-05 16:11:12 - [MESSAGE][PASSED] - Delayed 1 second(s)

2018-03-05 16:11:12 - [MESSAGE][PASSED] - Object: 'Object Repository/Quote_OR/btn_SEND_QUOTE_DETAILS' is clicked on

2018-03-05 16:11:13 - [MESSAGE][PASSED] - Delayed 1 second(s)

2018-03-05 16:11:14 - [MESSAGE][PASSED] - Text 'Mack' is set on object 'Object Repository/Quote_OR/txtfield_SENDQUOTE_FIRSTNAME'

2018-03-05 16:11:14 - [MESSAGE][PASSED] - Text 'Roger' is set on object 'Object Repository/Quote_OR/txtfield_SENDQUOTE_LASTNAME'

2018-03-05 16:11:17 - [MESSAGE][PASSED] - Delayed 3 second(s)

2018-03-05 16:11:17 - [MESSAGE][PASSED] - Text '9768180080' is set on object 'Object Repository/Quote_OR/txtfield_SENDQUOTE_CONTACTNUMBER'

2018-03-05 16:11:20 - [MESSAGE][PASSED] - Delayed 3 second(s)

2018-03-05 16:11:21 - [MESSAGE][PASSED] - Text 'gsalunkhe@cogitate.us' is set on object 'Object Repository/Quote_OR/txtfield_SENDQUOTE_EMAIL'

2018-03-05 16:11:25 - [MESSAGE][PASSED] - Delayed 4 second(s)

2018-03-05 16:11:25 - [MESSAGE][PASSED] - Object: 'Object Repository/Quote_OR/btn_SEND_QUOTE_DETAILS' is clicked on

2018-03-05 16:11:29 - [MESSAGE][PASSED] - Delayed 4 second(s)

2018-03-05 16:11:29 - [MESSAGE][PASSED] - All options with index in [1] are selected on object 'Object Repository/Quote_OR/drp_CONSTRUCTION_TYPE'

2018-03-05 16:11:37 - [MESSAGE][PASSED] - Delayed 8 second(s)

2018-03-05 16:11:37 - [MESSAGE][PASSED] - Object: 'Object Repository/Quote_OR/btn_RECALCULATE_PREMIUM' is clicked on

2018-03-05 16:11:37 - [MESSAGE][PASSED] - com.PPE.QuotePropertyDataSelection.QuoteCreation is PASSED]]></system-out>
         <system-err><![CDATA[]]></system-err>
      </testcase>
      <testcase name="Test Cases/Application Creation/Creating an Application" classname="Test Cases/Application Creation/Creating an Application" status="FAILED">
         <failure type="FAILED" message="Unable to click on object 'Object Repository/Application_OR/btn_VIEW_POLICY_FORMS' (Root cause: com.kms.katalon.core.webui.exception.WebElementNotFoundException: Web element with id: 'Object Repository/Application_OR/btn_VIEW_POLICY_FORMS' located by 'By.xpath: html/body/div[2]/div/section/div[1]/div[2]/form/button' not found)"/>
         <system-out><![CDATA[2018-03-05 16:11:37 - [TEST_CASE][FAILED] - Test Cases/Application Creation/Creating an Application: Test Cases/Application Creation/Creating an Application FAILED because (of) Unable to click on object 'Object Repository/Application_OR/btn_VIEW_POLICY_FORMS' (Root cause: com.kms.katalon.core.webui.exception.WebElementNotFoundException: Web element with id: 'Object Repository/Application_OR/btn_VIEW_POLICY_FORMS' located by 'By.xpath: html/body/div[2]/div/section/div[1]/div[2]/form/button' not found)

2018-03-05 16:11:37 - [TEST_STEP][PASSED] - Statement - propertyDataRowCounter = 0: null

2018-03-05 16:11:37 - [TEST_STEP][PASSED] - Statement - configDataRowCounter = 0: null

2018-03-05 16:11:37 - [TEST_STEP][PASSED] - Statement - genericDATA = com.kms.katalon.core.testdata.TestDataFactory.findTestData(PPE_Config_File): Test data is internal data, reading internal data

2018-03-05 16:11:37 - [TEST_STEP][PASSED] - Statement - propertyDATA = com.kms.katalon.core.testdata.TestDataFactory.findTestData(PPEPROPERTYDATA): Test data is internal data, reading internal data

2018-03-05 16:11:37 - [TEST_STEP][PASSED] - Statement - Address = com.kms.katalon.core.testobject.ObjectRepository.findTestObject(Endorsement_OR/get_Address): Finding Test Object with id 'Object Repository/Endorsement_OR/get_Address'

2018-03-05 16:11:38 - [TEST_STEP][PASSED] - Statement - propertyaddress = com.kms.katalon.core.webui.keyword.WebUiBuiltInKeywords.getAttribute(Address, "value"): Attribute 'value' of object 'Object Repository/Endorsement_OR/get_Address' is: '1112 Appleton Ave, Macon, GA 31201, USA'

2018-03-05 16:11:38 - [MESSAGE][PASSED] - Attribute 'value' of object 'Object Repository/Endorsement_OR/get_Address' is: '1112 Appleton Ave, Macon, GA 31201, USA'

2018-03-05 16:11:38 - [TEST_STEP][PASSED] - Statement - println(propertyaddress): null

2018-03-05 16:11:38 - [TEST_STEP][PASSED] - Statement - propertyaddress = propertyaddress: null

2018-03-05 16:11:38 - [TEST_STEP][PASSED] - com.PPE.Saving_PolicyHolderInfo_Page.PolicyHolderPage: com.PPE.Saving_PolicyHolderInfo_Page.PolicyHolderPage is PASSED

2018-03-05 16:11:42 - [MESSAGE][PASSED] - Delayed 4 second(s)

2018-03-05 16:11:43 - [MESSAGE][PASSED] - Object: 'Object Repository/Application_OR/btn_TOAPPLICATION' is clicked on

2018-03-05 16:11:47 - [MESSAGE][PASSED] - Delayed 4 second(s)

2018-03-05 16:11:47 - [MESSAGE][PASSED] - Object: 'Object Repository/Application_OR/btn-YES_IS_BNESS_PREMISES' is clicked on

2018-03-05 16:11:49 - [MESSAGE][PASSED] - Delayed 2 second(s)

2018-03-05 16:11:49 - [MESSAGE][PASSED] - Object: 'Object Repository/Application_OR/btn-YES_FOOT_TRAFFIC' is clicked on

2018-03-05 16:11:51 - [MESSAGE][PASSED] - Delayed 2 second(s)

2018-03-05 16:11:51 - [MESSAGE][PASSED] - Text '11' is set on object 'Object Repository/Application_OR/txtfield-Traffic_Percentage'

2018-03-05 16:11:54 - [MESSAGE][PASSED] - Delayed 3 second(s)

2018-03-05 16:11:54 - [MESSAGE][PASSED] - Object: 'Object Repository/Application_OR/btn_CONTINUE_UW_QUESTIONS' is clicked on

2018-03-05 16:11:57 - [MESSAGE][PASSED] - Delayed 3 second(s)

2018-03-05 16:11:57 - [MESSAGE][PASSED] - Text '10' is set on object 'Object Repository/Application_OR/txtfield-Traffic_Percentage'

2018-03-05 16:12:01 - [MESSAGE][PASSED] - Delayed 4 second(s)

2018-03-05 16:12:02 - [MESSAGE][PASSED] - Object: 'Object Repository/Application_OR/btn_CONTINUE_UW_QUESTIONS' is clicked on

2018-03-05 16:12:05 - [MESSAGE][PASSED] - Delayed 3 second(s)

2018-03-05 16:12:05 - [MESSAGE][PASSED] - Object: 'Object Repository/Application_OR/txtfield_INSURED_FIRSTNAME' is clicked on

2018-03-05 16:12:05 - [MESSAGE][PASSED] - Text '' is set on object 'Object Repository/Application_OR/txtfield_INSURED_FIRSTNAME'

2018-03-05 16:12:05 - [MESSAGE][PASSED] - Text 'Clement' is set on object 'Object Repository/Application_OR/txtfield_INSURED_FIRSTNAME'

2018-03-05 16:12:05 - [MESSAGE][PASSED] - Text '' is set on object 'Object Repository/Application_OR/txtfield_INSURED_MIDDLENAME'

2018-03-05 16:12:05 - [MESSAGE][PASSED] - Text 'Hussy' is set on object 'Object Repository/Application_OR/txtfield_INSURED_MIDDLENAME'

2018-03-05 16:12:05 - [MESSAGE][PASSED] - Text '' is set on object 'Object Repository/Application_OR/txtfield_INSURED_LASTNAME'

2018-03-05 16:12:05 - [MESSAGE][PASSED] - Text 'Pattinsoin' is set on object 'Object Repository/Application_OR/txtfield_INSURED_LASTNAME'

2018-03-05 16:12:06 - [MESSAGE][PASSED] - Text '09/10/1999' is set on object 'Object Repository/Application_OR/txtfield_INSURED_DOB'

2018-03-05 16:12:11 - [MESSAGE][PASSED] - Delayed 5 second(s)

2018-03-05 16:12:11 - [MESSAGE][PASSED] - Text 'gsalunkhe@cogitate.us' is set on object 'Object Repository/Application_OR/txtfield_INSURED_EMAIL'

2018-03-05 16:12:16 - [MESSAGE][PASSED] - Delayed 5 second(s)

2018-03-05 16:12:16 - [MESSAGE][PASSED] - Text '9768180080' is set on object 'Object Repository/Application_OR/txtfield_INSURED_CONTACTNUMBER'

2018-03-05 16:12:21 - [MESSAGE][PASSED] - Delayed 5 second(s)

2018-03-05 16:12:22 - [MESSAGE][PASSED] - Attribute 'value' of object 'Object Repository/Generic_OR/hdnPolicyInfoId' is: '3379'

2018-03-05 16:12:22 - [MESSAGE][PASSED] - Object: 'Object Repository/Application_OR/btn_POLICYHOLDER_SAVEANDCONTINUE' is clicked on

2018-03-05 16:12:23 - [MESSAGE][PASSED] - Delayed 1 second(s)

2018-03-05 16:12:23 - [MESSAGE][PASSED] - com.PPE.Saving_PolicyHolderInfo_Page.PolicyHolderPage is PASSED

2018-03-05 16:12:23 - [TEST_STEP][PASSED] - com.PPE.Saving_PropertyInfo_Page.PropertyPage: com.PPE.Saving_PropertyInfo_Page.PropertyPage is PASSED

2018-03-05 16:12:24 - [MESSAGE][PASSED] - Object: 'Object Repository/Application_OR/drp_ROOFTYPE_PROPERTYPAGE' is clicked on

2018-03-05 16:12:27 - [MESSAGE][PASSED] - Delayed 3 second(s)

2018-03-05 16:12:27 - [MESSAGE][PASSED] - All options with index in [1] are selected on object 'Object Repository/Application_OR/drp_ROOFTYPE_PROPERTYPAGE'

2018-03-05 16:12:29 - [MESSAGE][PASSED] - Delayed 2 second(s)

2018-03-05 16:12:29 - [MESSAGE][PASSED] - All options with index in [3] are selected on object 'Object Repository/Application_OR/drp_FOUNDATIONTYPE_PROPERTYPAGE'

2018-03-05 16:12:31 - [MESSAGE][PASSED] - Delayed 2 second(s)

2018-03-05 16:12:32 - [MESSAGE][PASSED] - All options with index in [7] are selected on object 'Object Repository/Application_OR/drp_HEATINGTYPE_PROPERTYPAGE'

2018-03-05 16:12:37 - [MESSAGE][PASSED] - Delayed 5 second(s)

2018-03-05 16:12:37 - [MESSAGE][PASSED] - Object: 'Object Repository/Application_OR/btn_OCCUPANYPAGE_SAVEANDCONTINUE' is clicked on

2018-03-05 16:12:41 - [MESSAGE][PASSED] - Delayed 4 second(s)

2018-03-05 16:12:41 - [MESSAGE][PASSED] - Object: 'Object Repository/Application_OR/btn_YES_ROOFAGE_POPUP' is clicked on

2018-03-05 16:12:45 - [MESSAGE][PASSED] - Delayed 4 second(s)

2018-03-05 16:12:45 - [MESSAGE][PASSED] - Object: 'Object Repository/Application_OR/btn_YES_ELECTRICALAGE_POPUP' is clicked on

2018-03-05 16:12:49 - [MESSAGE][PASSED] - Delayed 4 second(s)

2018-03-05 16:12:49 - [MESSAGE][PASSED] - Object: 'Object Repository/Application_OR/btn_YES_ELECTRICALAGE_POPUP' is clicked on

2018-03-05 16:12:54 - [MESSAGE][PASSED] - Delayed 5 second(s)

2018-03-05 16:12:54 - [MESSAGE][PASSED] - com.PPE.Saving_PropertyInfo_Page.PropertyPage is PASSED

2018-03-05 16:12:54 - [TEST_STEP][PASSED] - com.PPE.Policy_Creation.ApplicationBind: com.PPE.Policy_Creation.ApplicationBind is PASSED

2018-03-05 16:12:56 - [MESSAGE][PASSED] - Object: 'Object Repository/Application_OR/btn_OCCUPANYPAGE_SAVEANDCONTINUE' is clicked on

2018-03-05 16:13:01 - [MESSAGE][PASSED] - Delayed 5 second(s)

2018-03-05 16:13:01 - [MESSAGE][PASSED] - Object 'Object Repository/Application_OR/chkbx_AGREEMENT' is checked

2018-03-05 16:13:11 - [MESSAGE][PASSED] - Delayed 10 second(s)

2018-03-05 16:13:11 - [MESSAGE][PASSED] - Object: 'Object Repository/Application_OR/btn_OCCUPANYPAGE_SAVEANDCONTINUE' is clicked on

2018-03-05 16:13:16 - [MESSAGE][PASSED] - Delayed 5 second(s)

2018-03-05 16:13:28 - [MESSAGE][PASSED] - Object: 'Object Repository/Application_OR/btn_SIGNAPPLICATION_AGENT' is clicked on

2018-03-05 16:13:33 - [MESSAGE][PASSED] - Delayed 5 second(s)

2018-03-05 16:13:33 - [MESSAGE][PASSED] - Text of object 'Object Repository/Application_OR/get_INSUREDNAME_APPLICATION FORMSUMMARY' is: 'Clement Hussy Pattinsoin'

2018-03-05 16:13:33 - [MESSAGE][PASSED] - Object: 'Object Repository/Application_OR/btn_INSURED_SIGNATURE' is clicked on

2018-03-05 16:13:38 - [MESSAGE][PASSED] - Delayed 5 second(s)

2018-03-05 16:13:38 - [MESSAGE][PASSED] - Object: 'Object Repository/Application_OR/txtbx_INSURED_SIGNATURE' is clicked on

2018-03-05 16:13:43 - [MESSAGE][PASSED] - Delayed 5 second(s)

2018-03-05 16:13:43 - [MESSAGE][PASSED] - Text 'Clement Hussy Pattinsoin' is set on object 'Object Repository/Application_OR/txtbx_INSURED_SIGNATURE'

2018-03-05 16:13:44 - [MESSAGE][PASSED] - Object: 'Object Repository/Application_OR/btn_SUBMIT_INSURED_SIGNATURE' is clicked on

2018-03-05 16:13:44 - [MESSAGE][PASSED] - com.PPE.Policy_Creation.ApplicationBind is PASSED

2018-03-05 16:13:44 - [TEST_STEP][PASSED] - Statement - otpQuery = "SELECT TOP 1 OtpGenerated FROM PPE_ApplicationForms_trn where PolicyInfoId = " + policyInfoId + " Order BY ModifiedDateTime DESC": null

2018-03-05 16:13:44 - [TEST_STEP][PASSED] - Statement - println("otpQuery" + " " + otpQuery): null

2018-03-05 16:13:44 - [TEST_STEP][PASSED] - com.PPE.Database_Connection.connectDB: com.PPE.Database_Connection.connectDB is PASSED

2018-03-05 16:13:45 - [MESSAGE][PASSED] - com.PPE.Database_Connection.connectDB is PASSED

2018-03-05 16:13:45 - [TEST_STEP][PASSED] - Statement - recordset = CustomKeywords.com.PPE.Database_Connection.executeQuery(otpQuery): com.PPE.Database_Connection.executeQuery is PASSED

2018-03-05 16:13:46 - [MESSAGE][PASSED] - com.PPE.Database_Connection.executeQuery is PASSED

2018-03-05 16:13:46 - [TEST_STEP][PASSED] - Statement - otp = 0: null

2018-03-05 16:13:46 - [TEST_STEP][PASSED] - Statement - While (recordset.next()): null

2018-03-05 16:13:46 - [TEST_STEP][PASSED] - Statement - otp = recordset.getObject("OtpGenerated"): null

2018-03-05 16:13:46 - [TEST_STEP][PASSED] - Statement - println("otp" + " " + otp): null

2018-03-05 16:13:46 - [TEST_STEP][PASSED] - delay: Delayed 10 second(s)

2018-03-05 16:13:56 - [MESSAGE][PASSED] - Delayed 10 second(s)

2018-03-05 16:13:56 - [TEST_STEP][PASSED] - Statement - txtOtp = com.kms.katalon.core.testobject.ObjectRepository.findTestObject(Application_OR/txtfield-OTP): Finding Test Object with id 'Object Repository/Application_OR/txtfield-OTP'

2018-03-05 16:13:56 - [TEST_STEP][PASSED] - setText: Text '5479' is set on object 'Object Repository/Application_OR/txtfield-OTP'

2018-03-05 16:13:56 - [MESSAGE][PASSED] - Text '5479' is set on object 'Object Repository/Application_OR/txtfield-OTP'

2018-03-05 16:13:56 - [TEST_STEP][PASSED] - delay: Delayed 1 second(s)

2018-03-05 16:13:57 - [MESSAGE][PASSED] - Delayed 1 second(s)

2018-03-05 16:13:57 - [TEST_STEP][PASSED] - click: Object: 'Object Repository/Application_OR/btn_OTP_VERIFY' is clicked on

2018-03-05 16:13:57 - [MESSAGE][PASSED] - Object: 'Object Repository/Application_OR/btn_OTP_VERIFY' is clicked on

2018-03-05 16:13:57 - [TEST_STEP][PASSED] - delay: Delayed 5 second(s)

2018-03-05 16:14:02 - [MESSAGE][PASSED] - Delayed 5 second(s)

2018-03-05 16:14:02 - [TEST_STEP][PASSED] - click: Object: 'Object Repository/Application_OR/btn_AGENT_SIGNATURE' is clicked on

2018-03-05 16:14:02 - [MESSAGE][PASSED] - Object: 'Object Repository/Application_OR/btn_AGENT_SIGNATURE' is clicked on

2018-03-05 16:14:02 - [TEST_STEP][PASSED] - delay: Delayed 2 second(s)

2018-03-05 16:14:04 - [MESSAGE][PASSED] - Delayed 2 second(s)

2018-03-05 16:14:04 - [TEST_STEP][PASSED] - click: Object: 'Object Repository/Application_OR/txtbx_AGENT_SIGNATURE' is clicked on

2018-03-05 16:14:04 - [MESSAGE][PASSED] - Object: 'Object Repository/Application_OR/txtbx_AGENT_SIGNATURE' is clicked on

2018-03-05 16:14:04 - [TEST_STEP][PASSED] - delay: Delayed 2 second(s)

2018-03-05 16:14:06 - [MESSAGE][PASSED] - Delayed 2 second(s)

2018-03-05 16:14:06 - [TEST_STEP][PASSED] - Statement - If (genericDATA.internallyGetValue("STATE", configDataRowCounter) == "GA"): Text 'Clement Helms' is set on object 'Object Repository/Application_OR/txtbx_AGENT_SIGNATURE'

2018-03-05 16:14:06 - [TEST_STEP][PASSED] - setText: Text 'Clement Helms' is set on object 'Object Repository/Application_OR/txtbx_AGENT_SIGNATURE'

2018-03-05 16:14:06 - [MESSAGE][PASSED] - Text 'Clement Helms' is set on object 'Object Repository/Application_OR/txtbx_AGENT_SIGNATURE'

2018-03-05 16:14:06 - [TEST_STEP][PASSED] - click: Object: 'Object Repository/Application_OR/btn_SUBMIT_AGENT_SIGNATURE' is clicked on

2018-03-05 16:14:07 - [MESSAGE][PASSED] - Object: 'Object Repository/Application_OR/btn_SUBMIT_AGENT_SIGNATURE' is clicked on

2018-03-05 16:14:07 - [TEST_STEP][PASSED] - delay: Delayed 5 second(s)

2018-03-05 16:14:12 - [MESSAGE][PASSED] - Delayed 5 second(s)

2018-03-05 16:14:12 - [TEST_STEP][PASSED] - click: Object: 'Object Repository/Application_OR/btn_SURPLUSLINE_ACK' is clicked on

2018-03-05 16:14:13 - [MESSAGE][PASSED] - Object: 'Object Repository/Application_OR/btn_SURPLUSLINE_ACK' is clicked on

2018-03-05 16:14:13 - [TEST_STEP][PASSED] - delay: Delayed 5 second(s)

2018-03-05 16:14:18 - [MESSAGE][PASSED] - Delayed 5 second(s)

2018-03-05 16:14:18 - [TEST_STEP][PASSED] - Statement - If (genericDATA.internallyGetValue("STATE", configDataRowCounter) == "GA"): Object: 'Object Repository/Application_OR/btn_SUBMIT_SURPLUSLINE' is clicked on

2018-03-05 16:14:18 - [TEST_STEP][PASSED] - click: Object: 'Object Repository/Application_OR/txtfield_SURPLUSLINE_FORM_TEXT' is clicked on

2018-03-05 16:14:18 - [MESSAGE][PASSED] - Object: 'Object Repository/Application_OR/txtfield_SURPLUSLINE_FORM_TEXT' is clicked on

2018-03-05 16:14:18 - [TEST_STEP][PASSED] - delay: Delayed 2 second(s)

2018-03-05 16:14:20 - [MESSAGE][PASSED] - Delayed 2 second(s)

2018-03-05 16:14:20 - [TEST_STEP][PASSED] - setText: Text 'Testing' is set on object 'Object Repository/Application_OR/txtfield_SURPLUSLINE_FORM_TEXT'

2018-03-05 16:14:21 - [MESSAGE][PASSED] - Text 'Testing' is set on object 'Object Repository/Application_OR/txtfield_SURPLUSLINE_FORM_TEXT'

2018-03-05 16:14:21 - [TEST_STEP][PASSED] - delay: Delayed 2 second(s)

2018-03-05 16:14:23 - [MESSAGE][PASSED] - Delayed 2 second(s)

2018-03-05 16:14:23 - [TEST_STEP][PASSED] - click: Object: 'Object Repository/Application_OR/btn_SUBMIT_SURPLUSLINE' is clicked on

2018-03-05 16:14:23 - [MESSAGE][PASSED] - Object: 'Object Repository/Application_OR/btn_SUBMIT_SURPLUSLINE' is clicked on

2018-03-05 16:14:23 - [TEST_STEP][PASSED] - delay: Delayed 5 second(s)

2018-03-05 16:14:28 - [MESSAGE][PASSED] - Delayed 5 second(s)

2018-03-05 16:14:28 - [TEST_STEP][PASSED] - click: Object: 'Object Repository/Application_OR/btn_SUBMIT_FOR_UW_APPROVAL' is clicked on

2018-03-05 16:14:28 - [MESSAGE][PASSED] - Object: 'Object Repository/Application_OR/btn_SUBMIT_FOR_UW_APPROVAL' is clicked on

2018-03-05 16:14:28 - [TEST_STEP][PASSED] - delay: Delayed 8 second(s)

2018-03-05 16:14:36 - [MESSAGE][PASSED] - Delayed 8 second(s)

2018-03-05 16:14:36 - [TEST_STEP][PASSED] - click: Object: 'Object Repository/Application_OR/btn_LOGOUT' is clicked on

2018-03-05 16:14:37 - [MESSAGE][PASSED] - Object: 'Object Repository/Application_OR/btn_LOGOUT' is clicked on

2018-03-05 16:14:37 - [TEST_STEP][PASSED] - delay: Delayed 5 second(s)

2018-03-05 16:14:42 - [MESSAGE][PASSED] - Delayed 5 second(s)

2018-03-05 16:14:42 - [TEST_STEP][PASSED] - setText: Text 'ih.william' is set on object 'Object Repository/Quote_OR/txtfield_USERNAME'

2018-03-05 16:14:42 - [MESSAGE][PASSED] - Text 'ih.william' is set on object 'Object Repository/Quote_OR/txtfield_USERNAME'

2018-03-05 16:14:42 - [TEST_STEP][PASSED] - setText: Text '10#Hammer' is set on object 'Object Repository/Quote_OR/txtfield_PASSWORD'

2018-03-05 16:14:42 - [MESSAGE][PASSED] - Text '10#Hammer' is set on object 'Object Repository/Quote_OR/txtfield_PASSWORD'

2018-03-05 16:14:42 - [TEST_STEP][PASSED] - click: Object: 'Object Repository/Quote_OR/btn-LOGIN' is clicked on

2018-03-05 16:14:44 - [MESSAGE][PASSED] - Object: 'Object Repository/Quote_OR/btn-LOGIN' is clicked on

2018-03-05 16:14:44 - [TEST_STEP][PASSED] - delay: Delayed 5 second(s)

2018-03-05 16:14:49 - [MESSAGE][PASSED] - Delayed 5 second(s)

2018-03-05 16:14:49 - [TEST_STEP][PASSED] - Statement - btnId = "//*[@id="btnLoadApplication_" + policyInfoId + ""]": null

2018-03-05 16:14:49 - [TEST_STEP][PASSED] - Statement - btnViewApplication = new com.kms.katalon.core.testobject.TestObject(btnViewApplication): null

2018-03-05 16:14:49 - [TEST_STEP][PASSED] - Statement - btnViewApplication.addProperty("xpath", EQUALS, btnId, true): null

2018-03-05 16:14:49 - [TEST_STEP][PASSED] - delay: Delayed 20 second(s)

2018-03-05 16:15:09 - [MESSAGE][PASSED] - Delayed 20 second(s)

2018-03-05 16:15:09 - [TEST_STEP][PASSED] - click: Object: 'btnViewApplication' is clicked on

2018-03-05 16:15:11 - [MESSAGE][PASSED] - Object: 'btnViewApplication' is clicked on

2018-03-05 16:15:11 - [TEST_STEP][PASSED] - delay: Delayed 8 second(s)

2018-03-05 16:15:19 - [MESSAGE][PASSED] - Delayed 8 second(s)

2018-03-05 16:15:19 - [TEST_STEP][PASSED] - click: Object: 'Object Repository/Application_OR/btn_DOWNLOAD_AFS_UW' is clicked on

2018-03-05 16:15:19 - [MESSAGE][PASSED] - Object: 'Object Repository/Application_OR/btn_DOWNLOAD_AFS_UW' is clicked on

2018-03-05 16:15:19 - [TEST_STEP][PASSED] - delay: Delayed 5 second(s)

2018-03-05 16:15:24 - [MESSAGE][PASSED] - Delayed 5 second(s)

2018-03-05 16:15:24 - [TEST_STEP][PASSED] - click: Object: 'Object Repository/Application_OR/btn_REVIEW_APPLICATION_AT_UW' is clicked on

2018-03-05 16:15:27 - [MESSAGE][PASSED] - Object: 'Object Repository/Application_OR/btn_REVIEW_APPLICATION_AT_UW' is clicked on

2018-03-05 16:15:27 - [TEST_STEP][PASSED] - delay: Delayed 5 second(s)

2018-03-05 16:15:32 - [MESSAGE][PASSED] - Delayed 5 second(s)

2018-03-05 16:15:32 - [TEST_STEP][PASSED] - setText: Text '111' is set on object 'Object Repository/Application_OR/txtfield_INSPECTION_FEE'

2018-03-05 16:15:33 - [MESSAGE][PASSED] - Text '111' is set on object 'Object Repository/Application_OR/txtfield_INSPECTION_FEE'

2018-03-05 16:15:33 - [TEST_STEP][PASSED] - delay: Delayed 3 second(s)

2018-03-05 16:15:36 - [MESSAGE][PASSED] - Delayed 3 second(s)

2018-03-05 16:15:36 - [TEST_STEP][PASSED] - click: Object: 'Object Repository/Application_OR/drp_NO_OF_MORTAGAGEE' is clicked on

2018-03-05 16:15:36 - [MESSAGE][PASSED] - Object: 'Object Repository/Application_OR/drp_NO_OF_MORTAGAGEE' is clicked on

2018-03-05 16:15:36 - [TEST_STEP][PASSED] - delay: Delayed 3 second(s)

2018-03-05 16:15:39 - [MESSAGE][PASSED] - Delayed 3 second(s)

2018-03-05 16:15:39 - [TEST_STEP][PASSED] - selectOptionByIndex: All options with index in [1] are selected on object 'Object Repository/Application_OR/drp_NO_OF_MORTAGAGEE'

2018-03-05 16:15:39 - [MESSAGE][PASSED] - All options with index in [1] are selected on object 'Object Repository/Application_OR/drp_NO_OF_MORTAGAGEE'

2018-03-05 16:15:39 - [TEST_STEP][PASSED] - delay: Delayed 3 second(s)

2018-03-05 16:15:42 - [MESSAGE][PASSED] - Delayed 3 second(s)

2018-03-05 16:15:42 - [TEST_STEP][PASSED] - click: Object: 'Object Repository/Application_OR/btn_OCCUPANYPAGE_SAVEANDCONTINUE' is clicked on

2018-03-05 16:15:42 - [MESSAGE][PASSED] - Object: 'Object Repository/Application_OR/btn_OCCUPANYPAGE_SAVEANDCONTINUE' is clicked on

2018-03-05 16:15:42 - [TEST_STEP][PASSED] - delay: Delayed 3 second(s)

2018-03-05 16:15:45 - [MESSAGE][PASSED] - Delayed 3 second(s)

2018-03-05 16:15:45 - [TEST_STEP][PASSED] - setText: Text 'Ricky Ponting' is set on object 'Object Repository/Application_OR/txtfield_Mortagagee_Name1'

2018-03-05 16:15:45 - [MESSAGE][PASSED] - Text 'Ricky Ponting' is set on object 'Object Repository/Application_OR/txtfield_Mortagagee_Name1'

2018-03-05 16:15:45 - [TEST_STEP][PASSED] - delay: Delayed 3 second(s)

2018-03-05 16:15:49 - [MESSAGE][PASSED] - Delayed 3 second(s)

2018-03-05 16:15:49 - [TEST_STEP][PASSED] - setText: Text '1870 5th Ave W Macon, GA 31201 USA' is set on object 'Object Repository/Application_OR/txtfield_Mortagagee_Address'

2018-03-05 16:15:49 - [MESSAGE][PASSED] - Text '1870 5th Ave W Macon, GA 31201 USA' is set on object 'Object Repository/Application_OR/txtfield_Mortagagee_Address'

2018-03-05 16:15:49 - [TEST_STEP][PASSED] - delay: Delayed 3 second(s)

2018-03-05 16:15:52 - [MESSAGE][PASSED] - Delayed 3 second(s)

2018-03-05 16:15:52 - [TEST_STEP][PASSED] - setText: Text '123456789ABCD' is set on object 'Object Repository/Application_OR/txtfield_Mortagagee_LoanNo'

2018-03-05 16:15:52 - [MESSAGE][PASSED] - Text '123456789ABCD' is set on object 'Object Repository/Application_OR/txtfield_Mortagagee_LoanNo'

2018-03-05 16:15:52 - [TEST_STEP][PASSED] - delay: Delayed 3 second(s)

2018-03-05 16:15:55 - [MESSAGE][PASSED] - Delayed 3 second(s)

2018-03-05 16:15:55 - [TEST_STEP][PASSED] - click: Object: 'Object Repository/Application_OR/btn_OCCUPANYPAGE_SAVEANDCONTINUE' is clicked on

2018-03-05 16:15:55 - [MESSAGE][PASSED] - Object: 'Object Repository/Application_OR/btn_OCCUPANYPAGE_SAVEANDCONTINUE' is clicked on

2018-03-05 16:15:55 - [TEST_STEP][PASSED] - delay: Delayed 4 second(s)

2018-03-05 16:15:59 - [MESSAGE][PASSED] - Delayed 4 second(s)

2018-03-05 16:15:59 - [TEST_STEP][PASSED] - click: Object: 'Object Repository/Application_OR/btn_SIGNAPPLICATION_AGENT' is clicked on

2018-03-05 16:16:01 - [MESSAGE][PASSED] - Object: 'Object Repository/Application_OR/btn_SIGNAPPLICATION_AGENT' is clicked on

2018-03-05 16:16:01 - [TEST_STEP][PASSED] - delay: Delayed 4 second(s)

2018-03-05 16:16:05 - [MESSAGE][PASSED] - Delayed 4 second(s)

2018-03-05 16:16:05 - [TEST_STEP][PASSED] - click: Object: 'Object Repository/Application_OR/btn_GENERATE_FORMS' is clicked on

2018-03-05 16:16:05 - [MESSAGE][PASSED] - Object: 'Object Repository/Application_OR/btn_GENERATE_FORMS' is clicked on

2018-03-05 16:16:05 - [TEST_STEP][PASSED] - delay: Delayed 5 second(s)

2018-03-05 16:16:10 - [MESSAGE][PASSED] - Delayed 5 second(s)

2018-03-05 16:16:10 - [TEST_STEP][PASSED] - click: Object: 'Object Repository/Application_OR/btn_REQUEST_FOR_BIND' is clicked on

2018-03-05 16:16:10 - [MESSAGE][PASSED] - Object: 'Object Repository/Application_OR/btn_REQUEST_FOR_BIND' is clicked on

2018-03-05 16:16:10 - [TEST_STEP][PASSED] - delay: Delayed 20 second(s)

2018-03-05 16:16:30 - [MESSAGE][PASSED] - Delayed 20 second(s)

2018-03-05 16:16:30 - [TEST_STEP][FAILED] - click: Unable to click on object 'Object Repository/Application_OR/btn_VIEW_POLICY_FORMS' (Root cause: com.kms.katalon.core.webui.exception.WebElementNotFoundException: Web element with id: 'Object Repository/Application_OR/btn_VIEW_POLICY_FORMS' located by 'By.xpath: html/body/div[2]/div/section/div[1]/div[2]/form/button' not found)

2018-03-05 16:17:02 - [MESSAGE][FAILED] - Unable to click on object 'Object Repository/Application_OR/btn_VIEW_POLICY_FORMS' (Root cause: com.kms.katalon.core.webui.exception.WebElementNotFoundException: Web element with id: 'Object Repository/Application_OR/btn_VIEW_POLICY_FORMS' located by 'By.xpath: html/body/div[2]/div/section/div[1]/div[2]/form/button' not found)
[[ATTACHMENT|D:\\Katalon_Practice_Workspace\\Complete PPE\\Reports\\PPE\\20180305_160948\\1520246821661.png]]]]></system-out>
         <system-err><![CDATA[2018-03-05 16:11:37 - [TEST_CASE][FAILED] - Test Cases/Application Creation/Creating an Application: Test Cases/Application Creation/Creating an Application FAILED because (of) Unable to click on object 'Object Repository/Application_OR/btn_VIEW_POLICY_FORMS' (Root cause: com.kms.katalon.core.webui.exception.WebElementNotFoundException: Web element with id: 'Object Repository/Application_OR/btn_VIEW_POLICY_FORMS' located by 'By.xpath: html/body/div[2]/div/section/div[1]/div[2]/form/button' not found)]]></system-err>
      </testcase>
      <testcase name="Test Cases/UW Endorsement/UW END" classname="Test Cases/UW Endorsement/UW END" status="INCOMPLETE">
         <system-out><![CDATA[2018-03-05 16:17:02 - [TEST_CASE][INCOMPLETE] - Test Cases/UW Endorsement/UW END: null

2018-03-05 16:17:02 - [TEST_STEP][INCOMPLETE] - com.PPE.Endorsement_UW.EndorsementByUW: Finding web element with id: 'Object Repository/Endorsement_OR/btn_ADVANCE_FILTER' located by 'By.xpath: //*[@id="btnAdvanceFilter"]/label' in '30' second(s)]]></system-out>
         <system-err><![CDATA[2018-03-05 16:17:02 - [TEST_CASE][INCOMPLETE] - Test Cases/UW Endorsement/UW END: null]]></system-err>
      </testcase>
      <system-out><![CDATA[2018-03-05 16:09:50 - [TEST_SUITE][INCOMPLETE] - PPE: null]]></system-out>
      <system-err><![CDATA[2018-03-05 16:09:50 - [TEST_SUITE][INCOMPLETE] - PPE: null]]></system-err>
   </testsuite>
</testsuites>
