<?xml version="1.0" encoding="UTF-8"?>
<testsuites name="PPE" time="626" tests="3" failures="0" errors="0">
   <testsuite name="PPE" tests="3" failures="0" errors="0" time="626" timestamp="2018-01-25 15:37:27" hostname="gsalunkhe - CTS-QUA-4.cogitate.india" id="Test Suites/PPE">
      <properties>
         <property name="deviceName" value=""/>
         <property name="devicePlatform" value=""/>
         <property name="logFolder" value="D:\\Katalon_Practice_Workspace\\Katalon_Mitendra\\Reports\\PPE\\20180125_153726"/>
         <property name="logFiles" value="D:\\Katalon_Practice_Workspace\\Katalon_Mitendra\\Reports\\PPE\\20180125_153726\\execution0.log"/>
         <property name="attachments" value=""/>
         <property name="hostName" value="gsalunkhe - CTS-QUA-4.cogitate.india"/>
         <property name="os" value="Windows 7 64bit"/>
         <property name="katalonVersion" value="5.0.1.1"/>
         <property name="browser" value="Chrome 63.0.3239.132"/>
         <property name="hostAddress" value="192.168.0.4"/>
         <property name="sessionId" value="4e54bdcbc9b76fd0436aa2613f40627f"/>
         <property name="seleniumVersion" value="2.53.0"/>
         <property name="proxyInformation" value="ProxyInformation{proxyOption=NO_PROXY, proxyServerType=HTTP, password=, proxyServerAddress=, proxyServerPort=0}"/>
         <property name="platform" value="Windows 7"/>
      </properties>
      <testcase name="Test Cases/QUOTE_CREATION" classname="Test Cases/QUOTE_CREATION" status="PASSED">
         <system-out><![CDATA[2018-01-25 15:37:27 - [TEST_CASE][PASSED] - Test Cases/QUOTE_CREATION: Test Cases/QUOTE_CREATION

2018-01-25 15:37:28 - [TEST_STEP][PASSED] - openBrowser: Browser is opened with url: 'http://13.90.102.191:8066'

2018-01-25 15:37:35 - [MESSAGE][PASSED] - Browser is opened with url: 'http://13.90.102.191:8066'

2018-01-25 15:37:35 - [TEST_STEP][PASSED] - maximizeWindow: Current window maximized

2018-01-25 15:37:37 - [MESSAGE][PASSED] - Current window maximized

2018-01-25 15:37:37 - [TEST_STEP][PASSED] - setText: Text 'ih.chelms' is set on object 'Object Repository/Quote_OR/txtfield_USERNAME'

2018-01-25 15:37:37 - [MESSAGE][PASSED] - Text 'ih.chelms' is set on object 'Object Repository/Quote_OR/txtfield_USERNAME'

2018-01-25 15:37:37 - [TEST_STEP][PASSED] - setText: Text '10#Hammer' is set on object 'Object Repository/Quote_OR/txtfield_PASSWORD'

2018-01-25 15:37:37 - [MESSAGE][PASSED] - Text '10#Hammer' is set on object 'Object Repository/Quote_OR/txtfield_PASSWORD'

2018-01-25 15:37:37 - [TEST_STEP][PASSED] - click: Object: 'Object Repository/Quote_OR/btn-LOGIN' is clicked on

2018-01-25 15:37:43 - [MESSAGE][PASSED] - Object: 'Object Repository/Quote_OR/btn-LOGIN' is clicked on

2018-01-25 15:37:43 - [TEST_STEP][PASSED] - setText: Text '125 Jackson Rd Ivey, GA 31031 USA' is set on object 'Object Repository/Quote_OR/txtfield_ADDRESS_ON_LANDING_PAGE'

2018-01-25 15:37:43 - [MESSAGE][PASSED] - Text '125 Jackson Rd Ivey, GA 31031 USA' is set on object 'Object Repository/Quote_OR/txtfield_ADDRESS_ON_LANDING_PAGE'

2018-01-25 15:37:43 - [TEST_STEP][PASSED] - click: Object: 'Object Repository/Quote_OR/btn_SEARCH_ADDRESS' is clicked on

2018-01-25 15:37:59 - [MESSAGE][PASSED] - Object: 'Object Repository/Quote_OR/btn_SEARCH_ADDRESS' is clicked on

2018-01-25 15:37:59 - [TEST_STEP][PASSED] - waitForPageLoad: Wait for page load successfully

2018-01-25 15:37:59 - [MESSAGE][PASSED] - Wait for page load successfully

2018-01-25 15:37:59 - [TEST_STEP][PASSED] - selectOptionByIndex: All options with index in [1] are selected on object 'Object Repository/Quote_OR/drp_PROPERTY_TYPE'

2018-01-25 15:37:59 - [MESSAGE][PASSED] - All options with index in [1] are selected on object 'Object Repository/Quote_OR/drp_PROPERTY_TYPE'

2018-01-25 15:37:59 - [TEST_STEP][PASSED] - setText: Text '' is set on object 'Object Repository/Quote_OR/txtfield_HOME_VALUATION'

2018-01-25 15:37:59 - [MESSAGE][PASSED] - Text '' is set on object 'Object Repository/Quote_OR/txtfield_HOME_VALUATION'

2018-01-25 15:37:59 - [TEST_STEP][PASSED] - selectOptionByIndex: All options with index in [2] are selected on object 'Object Repository/Quote_OR/drp_CONSTRUCTION_TYPE'

2018-01-25 15:37:59 - [MESSAGE][PASSED] - All options with index in [2] are selected on object 'Object Repository/Quote_OR/drp_CONSTRUCTION_TYPE'

2018-01-25 15:37:59 - [TEST_STEP][PASSED] - setText: Text '100000' is set on object 'Object Repository/Quote_OR/txtfield_HOME_VALUATION'

2018-01-25 15:38:00 - [MESSAGE][PASSED] - Text '100000' is set on object 'Object Repository/Quote_OR/txtfield_HOME_VALUATION'

2018-01-25 15:38:00 - [TEST_STEP][PASSED] - delay: Delayed 2 second(s)

2018-01-25 15:38:02 - [MESSAGE][PASSED] - Delayed 2 second(s)

2018-01-25 15:38:02 - [TEST_STEP][PASSED] - setText: Text '' is set on object 'Object Repository/Quote_OR/txtbx_YEARHOMEBUILD'

2018-01-25 15:38:02 - [MESSAGE][PASSED] - Text '' is set on object 'Object Repository/Quote_OR/txtbx_YEARHOMEBUILD'

2018-01-25 15:38:02 - [TEST_STEP][PASSED] - setText: Text '1968' is set on object 'Object Repository/Quote_OR/txtbx_YEARHOMEBUILD'

2018-01-25 15:38:02 - [MESSAGE][PASSED] - Text '1968' is set on object 'Object Repository/Quote_OR/txtbx_YEARHOMEBUILD'

2018-01-25 15:38:02 - [TEST_STEP][PASSED] - click: Object: 'Object Repository/Quote_OR/btn_GETQUOTE' is clicked on

2018-01-25 15:38:02 - [MESSAGE][PASSED] - Object: 'Object Repository/Quote_OR/btn_GETQUOTE' is clicked on

2018-01-25 15:38:02 - [TEST_STEP][PASSED] - delay: Delayed 1 second(s)

2018-01-25 15:38:03 - [MESSAGE][PASSED] - Delayed 1 second(s)

2018-01-25 15:38:03 - [TEST_STEP][PASSED] - click: Object: 'Object Repository/Quote_OR/btn_SENDQUOTE' is clicked on

2018-01-25 15:38:10 - [MESSAGE][PASSED] - Object: 'Object Repository/Quote_OR/btn_SENDQUOTE' is clicked on

2018-01-25 15:38:10 - [TEST_STEP][PASSED] - delay: Delayed 1 second(s)

2018-01-25 15:38:11 - [MESSAGE][PASSED] - Delayed 1 second(s)

2018-01-25 15:38:11 - [TEST_STEP][PASSED] - setText: Text 'Ganesh' is set on object 'Object Repository/Quote_OR/txtfield_SENDQUOTE_FIRSTNAME'

2018-01-25 15:38:11 - [MESSAGE][PASSED] - Text 'Ganesh' is set on object 'Object Repository/Quote_OR/txtfield_SENDQUOTE_FIRSTNAME'

2018-01-25 15:38:11 - [TEST_STEP][PASSED] - setText: Text 'Salunkhe' is set on object 'Object Repository/Quote_OR/txtfield_SENDQUOTE_LASTNAME'

2018-01-25 15:38:11 - [MESSAGE][PASSED] - Text 'Salunkhe' is set on object 'Object Repository/Quote_OR/txtfield_SENDQUOTE_LASTNAME'

2018-01-25 15:38:11 - [TEST_STEP][PASSED] - delay: Delayed 5 second(s)

2018-01-25 15:38:16 - [MESSAGE][PASSED] - Delayed 5 second(s)

2018-01-25 15:38:17 - [TEST_STEP][PASSED] - setText: Text '9768180080' is set on object 'Object Repository/Quote_OR/txtfield_SENDQUOTE_CONTACTNUMBER'

2018-01-25 15:38:17 - [MESSAGE][PASSED] - Text '9768180080' is set on object 'Object Repository/Quote_OR/txtfield_SENDQUOTE_CONTACTNUMBER'

2018-01-25 15:38:17 - [TEST_STEP][PASSED] - delay: Delayed 5 second(s)

2018-01-25 15:38:22 - [MESSAGE][PASSED] - Delayed 5 second(s)

2018-01-25 15:38:22 - [TEST_STEP][PASSED] - setText: Text 'gsalunkhe@cogitate.us' is set on object 'Object Repository/Quote_OR/txtfield_SENDQUOTE_EMAIL'

2018-01-25 15:38:22 - [MESSAGE][PASSED] - Text 'gsalunkhe@cogitate.us' is set on object 'Object Repository/Quote_OR/txtfield_SENDQUOTE_EMAIL'

2018-01-25 15:38:22 - [TEST_STEP][PASSED] - delay: Delayed 10 second(s)

2018-01-25 15:38:32 - [MESSAGE][PASSED] - Delayed 10 second(s)

2018-01-25 15:38:32 - [TEST_STEP][PASSED] - click: Object: 'Object Repository/Quote_OR/btn_SEND_QUOTE_DETAILS' is clicked on

2018-01-25 15:38:32 - [MESSAGE][PASSED] - Object: 'Object Repository/Quote_OR/btn_SEND_QUOTE_DETAILS' is clicked on

2018-01-25 15:38:32 - [TEST_STEP][PASSED] - selectOptionByIndex: All options with index in [1] are selected on object 'Object Repository/Quote_OR/drp_CONSTRUCTION_TYPE'

2018-01-25 15:38:33 - [MESSAGE][PASSED] - All options with index in [1] are selected on object 'Object Repository/Quote_OR/drp_CONSTRUCTION_TYPE'

2018-01-25 15:38:33 - [TEST_STEP][PASSED] - delay: Delayed 5 second(s)

2018-01-25 15:38:38 - [MESSAGE][PASSED] - Delayed 5 second(s)

2018-01-25 15:38:38 - [TEST_STEP][PASSED] - click: Object: 'Object Repository/Quote_OR/btn_RECALCULATE_PREMIUM' is clicked on

2018-01-25 15:38:38 - [MESSAGE][PASSED] - Object: 'Object Repository/Quote_OR/btn_RECALCULATE_PREMIUM' is clicked on]]></system-out>
         <system-err><![CDATA[]]></system-err>
      </testcase>
      <testcase name="Test Cases/APPLICATION_CREATION" classname="Test Cases/APPLICATION_CREATION" status="PASSED">
         <system-out><![CDATA[2018-01-25 15:38:38 - [TEST_CASE][PASSED] - Test Cases/APPLICATION_CREATION: Test Cases/APPLICATION_CREATION

2018-01-25 15:38:38 - [TEST_STEP][PASSED] - setText: Text '109 Evergreen Cir Ivey, GA 31031 USA' is set on object 'Object Repository/Application_OR/txtfield_ADDRESS_ON_QUOTE_PAGE'

2018-01-25 15:38:38 - [MESSAGE][PASSED] - Text '109 Evergreen Cir Ivey, GA 31031 USA' is set on object 'Object Repository/Application_OR/txtfield_ADDRESS_ON_QUOTE_PAGE'

2018-01-25 15:38:38 - [TEST_STEP][PASSED] - click: Object: 'Object Repository/Application_OR/btn_SEARCH_ADDRESS_QUOTE_PAGE' is clicked on

2018-01-25 15:38:52 - [MESSAGE][PASSED] - Object: 'Object Repository/Application_OR/btn_SEARCH_ADDRESS_QUOTE_PAGE' is clicked on

2018-01-25 15:38:52 - [TEST_STEP][PASSED] - Statement - Address = com.kms.katalon.core.testobject.ObjectRepository.findTestObject(Endorsement_OR/get_Address): Finding Test Object with id 'Object Repository/Endorsement_OR/get_Address'

2018-01-25 15:38:52 - [TEST_STEP][PASSED] - Statement - propertyaddress = com.kms.katalon.core.webui.keyword.WebUiBuiltInKeywords.getAttribute(Address, "value"): Attribute 'value' of object 'Object Repository/Endorsement_OR/get_Address' is: '109 Evergreen Cir, Ivey, GA 31031, USA'

2018-01-25 15:38:52 - [MESSAGE][PASSED] - Attribute 'value' of object 'Object Repository/Endorsement_OR/get_Address' is: '109 Evergreen Cir, Ivey, GA 31031, USA'

2018-01-25 15:38:52 - [TEST_STEP][PASSED] - Statement - println(propertyaddress): null

2018-01-25 15:38:52 - [TEST_STEP][PASSED] - Statement - propertyaddress = propertyaddress: null

2018-01-25 15:38:52 - [TEST_STEP][PASSED] - selectOptionByIndex: All options with index in [1] are selected on object 'Object Repository/Quote_OR/drp_PROPERTY_TYPE'

2018-01-25 15:38:52 - [MESSAGE][PASSED] - All options with index in [1] are selected on object 'Object Repository/Quote_OR/drp_PROPERTY_TYPE'

2018-01-25 15:38:52 - [TEST_STEP][PASSED] - setText: Text '' is set on object 'Object Repository/Quote_OR/txtbx_YEARHOMEBUILD'

2018-01-25 15:38:52 - [MESSAGE][PASSED] - Text '' is set on object 'Object Repository/Quote_OR/txtbx_YEARHOMEBUILD'

2018-01-25 15:38:52 - [TEST_STEP][PASSED] - setText: Text '2000' is set on object 'Object Repository/Quote_OR/txtbx_YEARHOMEBUILD'

2018-01-25 15:38:52 - [MESSAGE][PASSED] - Text '2000' is set on object 'Object Repository/Quote_OR/txtbx_YEARHOMEBUILD'

2018-01-25 15:38:52 - [TEST_STEP][PASSED] - selectOptionByIndex: All options with index in [2] are selected on object 'Object Repository/Quote_OR/drp_CONSTRUCTION_TYPE'

2018-01-25 15:38:52 - [MESSAGE][PASSED] - All options with index in [2] are selected on object 'Object Repository/Quote_OR/drp_CONSTRUCTION_TYPE'

2018-01-25 15:38:52 - [TEST_STEP][PASSED] - setText: Text '' is set on object 'Object Repository/Quote_OR/txtfield_HOME_VALUATION'

2018-01-25 15:38:52 - [MESSAGE][PASSED] - Text '' is set on object 'Object Repository/Quote_OR/txtfield_HOME_VALUATION'

2018-01-25 15:38:52 - [TEST_STEP][PASSED] - setText: Text '100000' is set on object 'Object Repository/Quote_OR/txtfield_HOME_VALUATION'

2018-01-25 15:38:53 - [MESSAGE][PASSED] - Text '100000' is set on object 'Object Repository/Quote_OR/txtfield_HOME_VALUATION'

2018-01-25 15:38:53 - [TEST_STEP][PASSED] - click: Object: 'Object Repository/Quote_OR/btn_GETQUOTE' is clicked on

2018-01-25 15:38:53 - [MESSAGE][PASSED] - Object: 'Object Repository/Quote_OR/btn_GETQUOTE' is clicked on

2018-01-25 15:38:53 - [TEST_STEP][PASSED] - delay: Delayed 1 second(s)

2018-01-25 15:38:54 - [MESSAGE][PASSED] - Delayed 1 second(s)

2018-01-25 15:38:54 - [TEST_STEP][PASSED] - click: Object: 'Object Repository/Application_OR/btn_TOAPPLICATION' is clicked on

2018-01-25 15:39:13 - [MESSAGE][PASSED] - Object: 'Object Repository/Application_OR/btn_TOAPPLICATION' is clicked on

2018-01-25 15:39:13 - [TEST_STEP][PASSED] - delay: Delayed 10 second(s)

2018-01-25 15:39:23 - [MESSAGE][PASSED] - Delayed 10 second(s)

2018-01-25 15:39:23 - [TEST_STEP][PASSED] - click: Object: 'Object Repository/Application_OR/btn_CONTINUE_UW_QUESTIONS' is clicked on

2018-01-25 15:39:23 - [MESSAGE][PASSED] - Object: 'Object Repository/Application_OR/btn_CONTINUE_UW_QUESTIONS' is clicked on

2018-01-25 15:39:23 - [TEST_STEP][PASSED] - delay: Delayed 10 second(s)

2018-01-25 15:39:33 - [MESSAGE][PASSED] - Delayed 10 second(s)

2018-01-25 15:39:33 - [TEST_STEP][PASSED] - delay: Delayed 3 second(s)

2018-01-25 15:39:36 - [MESSAGE][PASSED] - Delayed 3 second(s)

2018-01-25 15:39:36 - [TEST_STEP][PASSED] - click: Object: 'Object Repository/Application_OR/txtfield_INSURED_FIRSTNAME' is clicked on

2018-01-25 15:39:36 - [MESSAGE][PASSED] - Object: 'Object Repository/Application_OR/txtfield_INSURED_FIRSTNAME' is clicked on

2018-01-25 15:39:36 - [TEST_STEP][PASSED] - setText: Text 'Ross' is set on object 'Object Repository/Application_OR/txtfield_INSURED_FIRSTNAME'

2018-01-25 15:39:36 - [MESSAGE][PASSED] - Text 'Ross' is set on object 'Object Repository/Application_OR/txtfield_INSURED_FIRSTNAME'

2018-01-25 15:39:36 - [TEST_STEP][PASSED] - setText: Text 'Marshal' is set on object 'Object Repository/Application_OR/txtfield_INSURED_MIDDLENAME'

2018-01-25 15:39:36 - [MESSAGE][PASSED] - Text 'Marshal' is set on object 'Object Repository/Application_OR/txtfield_INSURED_MIDDLENAME'

2018-01-25 15:39:36 - [TEST_STEP][PASSED] - setText: Text 'Guptil' is set on object 'Object Repository/Application_OR/txtfield_INSURED_LASTNAME'

2018-01-25 15:39:37 - [MESSAGE][PASSED] - Text 'Guptil' is set on object 'Object Repository/Application_OR/txtfield_INSURED_LASTNAME'

2018-01-25 15:39:37 - [TEST_STEP][PASSED] - setText: Text '09/10/1999' is set on object 'Object Repository/Application_OR/txtfield_INSURED_DOB'

2018-01-25 15:39:37 - [MESSAGE][PASSED] - Text '09/10/1999' is set on object 'Object Repository/Application_OR/txtfield_INSURED_DOB'

2018-01-25 15:39:37 - [TEST_STEP][PASSED] - delay: Delayed 5 second(s)

2018-01-25 15:39:42 - [MESSAGE][PASSED] - Delayed 5 second(s)

2018-01-25 15:39:42 - [TEST_STEP][PASSED] - setText: Text 'gsalunkhe@cogitate.us' is set on object 'Object Repository/Application_OR/txtfield_INSURED_EMAIL'

2018-01-25 15:39:42 - [MESSAGE][PASSED] - Text 'gsalunkhe@cogitate.us' is set on object 'Object Repository/Application_OR/txtfield_INSURED_EMAIL'

2018-01-25 15:39:42 - [TEST_STEP][PASSED] - delay: Delayed 5 second(s)

2018-01-25 15:39:47 - [MESSAGE][PASSED] - Delayed 5 second(s)

2018-01-25 15:39:47 - [TEST_STEP][PASSED] - setText: Text '9768180080' is set on object 'Object Repository/Application_OR/txtfield_INSURED_CONTACTNUMBER'

2018-01-25 15:39:47 - [MESSAGE][PASSED] - Text '9768180080' is set on object 'Object Repository/Application_OR/txtfield_INSURED_CONTACTNUMBER'

2018-01-25 15:39:47 - [TEST_STEP][PASSED] - delay: Delayed 5 second(s)

2018-01-25 15:39:52 - [MESSAGE][PASSED] - Delayed 5 second(s)

2018-01-25 15:39:52 - [TEST_STEP][PASSED] - Statement - hdnPolicyInfoId = com.kms.katalon.core.testobject.ObjectRepository.findTestObject(Generic_OR/hdnPolicyInfoId): Finding Test Object with id 'Object Repository/Generic_OR/hdnPolicyInfoId'

2018-01-25 15:39:52 - [TEST_STEP][PASSED] - Statement - policyInfoid = com.kms.katalon.core.webui.keyword.WebUiBuiltInKeywords.getAttribute(hdnPolicyInfoId, "value"): Attribute 'value' of object 'Object Repository/Generic_OR/hdnPolicyInfoId' is: '3454'

2018-01-25 15:39:52 - [MESSAGE][PASSED] - Attribute 'value' of object 'Object Repository/Generic_OR/hdnPolicyInfoId' is: '3454'

2018-01-25 15:39:52 - [TEST_STEP][PASSED] - Statement - policyInfoId = policyInfoid: null

2018-01-25 15:39:52 - [TEST_STEP][PASSED] - click: Object: 'Object Repository/Application_OR/btn_POLICYHOLDER_SAVEANDCONTINUE' is clicked on

2018-01-25 15:39:53 - [MESSAGE][PASSED] - Object: 'Object Repository/Application_OR/btn_POLICYHOLDER_SAVEANDCONTINUE' is clicked on

2018-01-25 15:39:53 - [TEST_STEP][PASSED] - delay: Delayed 1 second(s)

2018-01-25 15:39:54 - [MESSAGE][PASSED] - Delayed 1 second(s)

2018-01-25 15:39:54 - [TEST_STEP][PASSED] - click: Object: 'Object Repository/Application_OR/drp_ROOFTYPE_PROPERTYPAGE' is clicked on

2018-01-25 15:39:55 - [MESSAGE][PASSED] - Object: 'Object Repository/Application_OR/drp_ROOFTYPE_PROPERTYPAGE' is clicked on

2018-01-25 15:39:55 - [TEST_STEP][PASSED] - delay: Delayed 3 second(s)

2018-01-25 15:39:58 - [MESSAGE][PASSED] - Delayed 3 second(s)

2018-01-25 15:39:58 - [TEST_STEP][PASSED] - selectOptionByIndex: All options with index in [1] are selected on object 'Object Repository/Application_OR/drp_ROOFTYPE_PROPERTYPAGE'

2018-01-25 15:39:58 - [MESSAGE][PASSED] - All options with index in [1] are selected on object 'Object Repository/Application_OR/drp_ROOFTYPE_PROPERTYPAGE'

2018-01-25 15:39:58 - [TEST_STEP][PASSED] - delay: Delayed 2 second(s)

2018-01-25 15:40:00 - [MESSAGE][PASSED] - Delayed 2 second(s)

2018-01-25 15:40:00 - [TEST_STEP][PASSED] - selectOptionByIndex: All options with index in [3] are selected on object 'Object Repository/Application_OR/drp_FOUNDATIONTYPE_PROPERTYPAGE'

2018-01-25 15:40:00 - [MESSAGE][PASSED] - All options with index in [3] are selected on object 'Object Repository/Application_OR/drp_FOUNDATIONTYPE_PROPERTYPAGE'

2018-01-25 15:40:00 - [TEST_STEP][PASSED] - delay: Delayed 2 second(s)

2018-01-25 15:40:02 - [MESSAGE][PASSED] - Delayed 2 second(s)

2018-01-25 15:40:02 - [TEST_STEP][PASSED] - selectOptionByIndex: All options with index in [7] are selected on object 'Object Repository/Application_OR/drp_HEATINGTYPE_PROPERTYPAGE'

2018-01-25 15:40:02 - [MESSAGE][PASSED] - All options with index in [7] are selected on object 'Object Repository/Application_OR/drp_HEATINGTYPE_PROPERTYPAGE'

2018-01-25 15:40:02 - [TEST_STEP][PASSED] - delay: Delayed 5 second(s)

2018-01-25 15:40:07 - [MESSAGE][PASSED] - Delayed 5 second(s)

2018-01-25 15:40:07 - [TEST_STEP][PASSED] - click: Object: 'Object Repository/Application_OR/btn_OCCUPANYPAGE_SAVEANDCONTINUE' is clicked on

2018-01-25 15:40:08 - [MESSAGE][PASSED] - Object: 'Object Repository/Application_OR/btn_OCCUPANYPAGE_SAVEANDCONTINUE' is clicked on

2018-01-25 15:40:08 - [TEST_STEP][PASSED] - delay: Delayed 4 second(s)

2018-01-25 15:40:12 - [MESSAGE][PASSED] - Delayed 4 second(s)

2018-01-25 15:40:12 - [TEST_STEP][PASSED] - click: Object: 'Object Repository/Application_OR/btn_YES_ROOFAGE_POPUP' is clicked on

2018-01-25 15:40:12 - [MESSAGE][PASSED] - Object: 'Object Repository/Application_OR/btn_YES_ROOFAGE_POPUP' is clicked on

2018-01-25 15:40:12 - [TEST_STEP][PASSED] - delay: Delayed 4 second(s)

2018-01-25 15:40:16 - [MESSAGE][PASSED] - Delayed 4 second(s)

2018-01-25 15:40:16 - [TEST_STEP][PASSED] - click: Object: 'Object Repository/Application_OR/btn_YES_ELECTRICALAGE_POPUP' is clicked on

2018-01-25 15:40:16 - [MESSAGE][PASSED] - Object: 'Object Repository/Application_OR/btn_YES_ELECTRICALAGE_POPUP' is clicked on

2018-01-25 15:40:16 - [TEST_STEP][PASSED] - delay: Delayed 4 second(s)

2018-01-25 15:40:20 - [MESSAGE][PASSED] - Delayed 4 second(s)

2018-01-25 15:40:20 - [TEST_STEP][PASSED] - click: Object: 'Object Repository/Application_OR/btn_YES_ELECTRICALAGE_POPUP' is clicked on

2018-01-25 15:40:20 - [MESSAGE][PASSED] - Object: 'Object Repository/Application_OR/btn_YES_ELECTRICALAGE_POPUP' is clicked on

2018-01-25 15:40:20 - [TEST_STEP][PASSED] - delay: Delayed 5 second(s)

2018-01-25 15:40:25 - [MESSAGE][PASSED] - Delayed 5 second(s)

2018-01-25 15:40:25 - [TEST_STEP][PASSED] - click: Object: 'Object Repository/Application_OR/btn_OCCUPANYPAGE_SAVEANDCONTINUE' is clicked on

2018-01-25 15:40:26 - [MESSAGE][PASSED] - Object: 'Object Repository/Application_OR/btn_OCCUPANYPAGE_SAVEANDCONTINUE' is clicked on

2018-01-25 15:40:26 - [TEST_STEP][PASSED] - delay: Delayed 5 second(s)

2018-01-25 15:40:31 - [MESSAGE][PASSED] - Delayed 5 second(s)

2018-01-25 15:40:31 - [TEST_STEP][PASSED] - check: Object 'Object Repository/Application_OR/chkbx_AGREEMENT' is checked

2018-01-25 15:40:32 - [MESSAGE][PASSED] - Object 'Object Repository/Application_OR/chkbx_AGREEMENT' is checked

2018-01-25 15:40:32 - [TEST_STEP][PASSED] - delay: Delayed 10 second(s)

2018-01-25 15:40:42 - [MESSAGE][PASSED] - Delayed 10 second(s)

2018-01-25 15:40:42 - [TEST_STEP][PASSED] - click: Object: 'Object Repository/Application_OR/btn_OCCUPANYPAGE_SAVEANDCONTINUE' is clicked on

2018-01-25 15:40:42 - [MESSAGE][PASSED] - Object: 'Object Repository/Application_OR/btn_OCCUPANYPAGE_SAVEANDCONTINUE' is clicked on

2018-01-25 15:40:42 - [TEST_STEP][PASSED] - delay: Delayed 5 second(s)

2018-01-25 15:40:47 - [MESSAGE][PASSED] - Delayed 5 second(s)

2018-01-25 15:40:47 - [TEST_STEP][PASSED] - click: Object: 'Object Repository/Application_OR/btn_SIGNAPPLICATION_AGENT' is clicked on

2018-01-25 15:41:03 - [MESSAGE][PASSED] - Object: 'Object Repository/Application_OR/btn_SIGNAPPLICATION_AGENT' is clicked on

2018-01-25 15:41:03 - [TEST_STEP][PASSED] - delay: Delayed 5 second(s)

2018-01-25 15:41:08 - [MESSAGE][PASSED] - Delayed 5 second(s)

2018-01-25 15:41:08 - [TEST_STEP][PASSED] - click: Object: 'Object Repository/Application_OR/btn_INSURED_SIGNATURE' is clicked on

2018-01-25 15:41:08 - [MESSAGE][PASSED] - Object: 'Object Repository/Application_OR/btn_INSURED_SIGNATURE' is clicked on

2018-01-25 15:41:08 - [TEST_STEP][PASSED] - delay: Delayed 5 second(s)

2018-01-25 15:41:13 - [MESSAGE][PASSED] - Delayed 5 second(s)

2018-01-25 15:41:13 - [TEST_STEP][PASSED] - click: Object: 'Object Repository/Application_OR/txtbx_INSURED_SIGNATURE' is clicked on

2018-01-25 15:41:13 - [MESSAGE][PASSED] - Object: 'Object Repository/Application_OR/txtbx_INSURED_SIGNATURE' is clicked on

2018-01-25 15:41:13 - [TEST_STEP][PASSED] - delay: Delayed 5 second(s)

2018-01-25 15:41:18 - [MESSAGE][PASSED] - Delayed 5 second(s)

2018-01-25 15:41:18 - [TEST_STEP][PASSED] - setText: Text 'Ross Marshal Guptil' is set on object 'Object Repository/Application_OR/txtbx_INSURED_SIGNATURE'

2018-01-25 15:41:19 - [MESSAGE][PASSED] - Text 'Ross Marshal Guptil' is set on object 'Object Repository/Application_OR/txtbx_INSURED_SIGNATURE'

2018-01-25 15:41:19 - [TEST_STEP][PASSED] - click: Object: 'Object Repository/Application_OR/btn_SUBMIT_INSURED_SIGNATURE' is clicked on

2018-01-25 15:41:19 - [MESSAGE][PASSED] - Object: 'Object Repository/Application_OR/btn_SUBMIT_INSURED_SIGNATURE' is clicked on

2018-01-25 15:41:19 - [TEST_STEP][PASSED] - Statement - otpQuery = "SELECT TOP 1 OtpGenerated FROM PPE_ApplicationForms_trn where PolicyInfoId = " + policyInfoId + " Order BY ModifiedDateTime DESC": null

2018-01-25 15:41:19 - [TEST_STEP][PASSED] - Statement - println("otpQuery" + " " + otpQuery): null

2018-01-25 15:41:19 - [TEST_STEP][PASSED] - com.PPE.Database_Connection.connectDB: com.PPE.Database_Connection.connectDB is PASSED

2018-01-25 15:41:20 - [MESSAGE][PASSED] - com.PPE.Database_Connection.connectDB is PASSED

2018-01-25 15:41:20 - [TEST_STEP][PASSED] - Statement - recordset = CustomKeywords.com.PPE.Database_Connection.executeQuery(otpQuery): com.PPE.Database_Connection.executeQuery is PASSED

2018-01-25 15:41:21 - [MESSAGE][PASSED] - com.PPE.Database_Connection.executeQuery is PASSED

2018-01-25 15:41:21 - [TEST_STEP][PASSED] - Statement - otp = 0: null

2018-01-25 15:41:21 - [TEST_STEP][PASSED] - Statement - While (recordset.next()): null

2018-01-25 15:41:21 - [TEST_STEP][PASSED] - Statement - otp = recordset.getObject("OtpGenerated"): null

2018-01-25 15:41:21 - [TEST_STEP][PASSED] - Statement - println("otp" + " " + otp): null

2018-01-25 15:41:21 - [TEST_STEP][PASSED] - delay: Delayed 10 second(s)

2018-01-25 15:41:31 - [MESSAGE][PASSED] - Delayed 10 second(s)

2018-01-25 15:41:31 - [TEST_STEP][PASSED] - Statement - txtOtp = com.kms.katalon.core.testobject.ObjectRepository.findTestObject(Application_OR/txtfield-OTP): Finding Test Object with id 'Object Repository/Application_OR/txtfield-OTP'

2018-01-25 15:41:31 - [TEST_STEP][PASSED] - setText: Text '8913' is set on object 'Object Repository/Application_OR/txtfield-OTP'

2018-01-25 15:41:31 - [MESSAGE][PASSED] - Text '8913' is set on object 'Object Repository/Application_OR/txtfield-OTP'

2018-01-25 15:41:31 - [TEST_STEP][PASSED] - delay: Delayed 1 second(s)

2018-01-25 15:41:32 - [MESSAGE][PASSED] - Delayed 1 second(s)

2018-01-25 15:41:32 - [TEST_STEP][PASSED] - click: Object: 'Object Repository/Application_OR/btn_OTP_VERIFY' is clicked on

2018-01-25 15:41:32 - [MESSAGE][PASSED] - Object: 'Object Repository/Application_OR/btn_OTP_VERIFY' is clicked on

2018-01-25 15:41:32 - [TEST_STEP][PASSED] - delay: Delayed 5 second(s)

2018-01-25 15:41:37 - [MESSAGE][PASSED] - Delayed 5 second(s)

2018-01-25 15:41:37 - [TEST_STEP][PASSED] - click: Object: 'Object Repository/Application_OR/btn_AGENT_SIGNATURE' is clicked on

2018-01-25 15:41:37 - [MESSAGE][PASSED] - Object: 'Object Repository/Application_OR/btn_AGENT_SIGNATURE' is clicked on

2018-01-25 15:41:37 - [TEST_STEP][PASSED] - delay: Delayed 2 second(s)

2018-01-25 15:41:39 - [MESSAGE][PASSED] - Delayed 2 second(s)

2018-01-25 15:41:39 - [TEST_STEP][PASSED] - click: Object: 'Object Repository/Application_OR/txtbx_AGENT_SIGNATURE' is clicked on

2018-01-25 15:41:39 - [MESSAGE][PASSED] - Object: 'Object Repository/Application_OR/txtbx_AGENT_SIGNATURE' is clicked on

2018-01-25 15:41:39 - [TEST_STEP][PASSED] - delay: Delayed 2 second(s)

2018-01-25 15:41:42 - [MESSAGE][PASSED] - Delayed 2 second(s)

2018-01-25 15:41:42 - [TEST_STEP][PASSED] - setText: Text 'clement helms' is set on object 'Object Repository/Application_OR/txtbx_AGENT_SIGNATURE'

2018-01-25 15:41:42 - [MESSAGE][PASSED] - Text 'clement helms' is set on object 'Object Repository/Application_OR/txtbx_AGENT_SIGNATURE'

2018-01-25 15:41:42 - [TEST_STEP][PASSED] - delay: Delayed 2 second(s)

2018-01-25 15:41:44 - [MESSAGE][PASSED] - Delayed 2 second(s)

2018-01-25 15:41:44 - [TEST_STEP][PASSED] - click: Object: 'Object Repository/Application_OR/btn_SUBMIT_AGENT_SIGNATURE' is clicked on

2018-01-25 15:41:44 - [MESSAGE][PASSED] - Object: 'Object Repository/Application_OR/btn_SUBMIT_AGENT_SIGNATURE' is clicked on

2018-01-25 15:41:44 - [TEST_STEP][PASSED] - delay: Delayed 5 second(s)

2018-01-25 15:41:49 - [MESSAGE][PASSED] - Delayed 5 second(s)

2018-01-25 15:41:49 - [TEST_STEP][PASSED] - click: Object: 'Object Repository/Application_OR/btn_SURPLUSLINE_ACK' is clicked on

2018-01-25 15:41:51 - [MESSAGE][PASSED] - Object: 'Object Repository/Application_OR/btn_SURPLUSLINE_ACK' is clicked on

2018-01-25 15:41:51 - [TEST_STEP][PASSED] - delay: Delayed 5 second(s)

2018-01-25 15:41:56 - [MESSAGE][PASSED] - Delayed 5 second(s)

2018-01-25 15:41:56 - [TEST_STEP][PASSED] - click: Object: 'Object Repository/Application_OR/txtfield_SURPLUSLINE_FORM_TEXT' is clicked on

2018-01-25 15:41:56 - [MESSAGE][PASSED] - Object: 'Object Repository/Application_OR/txtfield_SURPLUSLINE_FORM_TEXT' is clicked on

2018-01-25 15:41:56 - [TEST_STEP][PASSED] - setText: Text 'Testing' is set on object 'Object Repository/Application_OR/txtfield_SURPLUSLINE_FORM_TEXT'

2018-01-25 15:41:56 - [MESSAGE][PASSED] - Text 'Testing' is set on object 'Object Repository/Application_OR/txtfield_SURPLUSLINE_FORM_TEXT'

2018-01-25 15:41:56 - [TEST_STEP][PASSED] - delay: Delayed 5 second(s)

2018-01-25 15:42:01 - [MESSAGE][PASSED] - Delayed 5 second(s)

2018-01-25 15:42:01 - [TEST_STEP][PASSED] - click: Object: 'Object Repository/Application_OR/btn_SUBMIT_SURPLUSLINE' is clicked on

2018-01-25 15:42:01 - [MESSAGE][PASSED] - Object: 'Object Repository/Application_OR/btn_SUBMIT_SURPLUSLINE' is clicked on

2018-01-25 15:42:01 - [TEST_STEP][PASSED] - delay: Delayed 5 second(s)

2018-01-25 15:42:06 - [MESSAGE][PASSED] - Delayed 5 second(s)

2018-01-25 15:42:06 - [TEST_STEP][PASSED] - click: Object: 'Object Repository/Application_OR/btn_SUBMIT_FOR_UW_APPROVAL' is clicked on

2018-01-25 15:42:09 - [MESSAGE][PASSED] - Object: 'Object Repository/Application_OR/btn_SUBMIT_FOR_UW_APPROVAL' is clicked on

2018-01-25 15:42:09 - [TEST_STEP][PASSED] - delay: Delayed 8 second(s)

2018-01-25 15:42:17 - [MESSAGE][PASSED] - Delayed 8 second(s)

2018-01-25 15:42:17 - [TEST_STEP][PASSED] - click: Object: 'Object Repository/Application_OR/btn_LOGOUT' is clicked on

2018-01-25 15:42:18 - [MESSAGE][PASSED] - Object: 'Object Repository/Application_OR/btn_LOGOUT' is clicked on

2018-01-25 15:42:18 - [TEST_STEP][PASSED] - delay: Delayed 5 second(s)

2018-01-25 15:42:23 - [MESSAGE][PASSED] - Delayed 5 second(s)

2018-01-25 15:42:23 - [TEST_STEP][PASSED] - setText: Text 'ih.william' is set on object 'Object Repository/Quote_OR/txtfield_USERNAME'

2018-01-25 15:42:24 - [MESSAGE][PASSED] - Text 'ih.william' is set on object 'Object Repository/Quote_OR/txtfield_USERNAME'

2018-01-25 15:42:24 - [TEST_STEP][PASSED] - setText: Text '10#Hammer' is set on object 'Object Repository/Quote_OR/txtfield_PASSWORD'

2018-01-25 15:42:24 - [MESSAGE][PASSED] - Text '10#Hammer' is set on object 'Object Repository/Quote_OR/txtfield_PASSWORD'

2018-01-25 15:42:24 - [TEST_STEP][PASSED] - click: Object: 'Object Repository/Quote_OR/btn-LOGIN' is clicked on

2018-01-25 15:42:26 - [MESSAGE][PASSED] - Object: 'Object Repository/Quote_OR/btn-LOGIN' is clicked on

2018-01-25 15:42:26 - [TEST_STEP][PASSED] - delay: Delayed 5 second(s)

2018-01-25 15:42:31 - [MESSAGE][PASSED] - Delayed 5 second(s)

2018-01-25 15:42:31 - [TEST_STEP][PASSED] - Statement - btnId = "//*[@id="btnLoadApplication_" + policyInfoId + ""]": null

2018-01-25 15:42:31 - [TEST_STEP][PASSED] - Statement - btnViewApplication = new com.kms.katalon.core.testobject.TestObject(btnViewApplication): null

2018-01-25 15:42:31 - [TEST_STEP][PASSED] - Statement - btnViewApplication.addProperty("xpath", EQUALS, btnId, true): null

2018-01-25 15:42:31 - [TEST_STEP][PASSED] - delay: Delayed 20 second(s)

2018-01-25 15:42:51 - [MESSAGE][PASSED] - Delayed 20 second(s)

2018-01-25 15:42:51 - [TEST_STEP][PASSED] - click: Object: 'btnViewApplication' is clicked on

2018-01-25 15:42:54 - [MESSAGE][PASSED] - Object: 'btnViewApplication' is clicked on

2018-01-25 15:42:54 - [TEST_STEP][PASSED] - delay: Delayed 8 second(s)

2018-01-25 15:43:02 - [MESSAGE][PASSED] - Delayed 8 second(s)

2018-01-25 15:43:02 - [TEST_STEP][PASSED] - click: Object: 'Object Repository/Application_OR/btn_DOWNLOAD_AFS_UW' is clicked on

2018-01-25 15:43:02 - [MESSAGE][PASSED] - Object: 'Object Repository/Application_OR/btn_DOWNLOAD_AFS_UW' is clicked on

2018-01-25 15:43:02 - [TEST_STEP][PASSED] - delay: Delayed 5 second(s)

2018-01-25 15:43:07 - [MESSAGE][PASSED] - Delayed 5 second(s)

2018-01-25 15:43:07 - [TEST_STEP][PASSED] - click: Object: 'Object Repository/Application_OR/btn_GENERATE_FORMS' is clicked on

2018-01-25 15:43:10 - [MESSAGE][PASSED] - Object: 'Object Repository/Application_OR/btn_GENERATE_FORMS' is clicked on

2018-01-25 15:43:10 - [TEST_STEP][PASSED] - delay: Delayed 5 second(s)

2018-01-25 15:43:15 - [MESSAGE][PASSED] - Delayed 5 second(s)

2018-01-25 15:43:15 - [TEST_STEP][PASSED] - click: Object: 'Object Repository/Application_OR/btn_REQUEST_FOR_BIND' is clicked on

2018-01-25 15:43:15 - [MESSAGE][PASSED] - Object: 'Object Repository/Application_OR/btn_REQUEST_FOR_BIND' is clicked on

2018-01-25 15:43:15 - [TEST_STEP][PASSED] - delay: Delayed 20 second(s)

2018-01-25 15:43:35 - [MESSAGE][PASSED] - Delayed 20 second(s)

2018-01-25 15:43:35 - [TEST_STEP][PASSED] - click: Object: 'Object Repository/Application_OR/btn_VIEW_POLICY_FORMS' is clicked on

2018-01-25 15:43:35 - [MESSAGE][PASSED] - Object: 'Object Repository/Application_OR/btn_VIEW_POLICY_FORMS' is clicked on

2018-01-25 15:43:35 - [TEST_STEP][PASSED] - delay: Delayed 15 second(s)

2018-01-25 15:43:50 - [MESSAGE][PASSED] - Delayed 15 second(s)

2018-01-25 15:43:50 - [TEST_STEP][PASSED] - click: Object: 'Object Repository/Application_OR/btn_UW_APPLICATION_STATUS_MENU' is clicked on

2018-01-25 15:43:50 - [MESSAGE][PASSED] - Object: 'Object Repository/Application_OR/btn_UW_APPLICATION_STATUS_MENU' is clicked on

2018-01-25 15:43:50 - [TEST_STEP][PASSED] - delay: Delayed 2 second(s)

2018-01-25 15:43:52 - [MESSAGE][PASSED] - Delayed 2 second(s)

2018-01-25 15:43:52 - [TEST_STEP][PASSED] - click: Object: 'Object Repository/Application_OR/btn_YES_CONFIRMATION' is clicked on

2018-01-25 15:43:53 - [MESSAGE][PASSED] - Object: 'Object Repository/Application_OR/btn_YES_CONFIRMATION' is clicked on

2018-01-25 15:43:53 - [TEST_STEP][PASSED] - delay: Delayed 20 second(s)

2018-01-25 15:44:13 - [MESSAGE][PASSED] - Delayed 20 second(s)]]></system-out>
         <system-err><![CDATA[]]></system-err>
      </testcase>
      <testcase name="Test Cases/ENDORSEMENT_CREATION" classname="Test Cases/ENDORSEMENT_CREATION" status="PASSED">
         <system-out><![CDATA[2018-01-25 15:44:13 - [TEST_CASE][PASSED] - Test Cases/ENDORSEMENT_CREATION: Test Cases/ENDORSEMENT_CREATION

2018-01-25 15:44:13 - [TEST_STEP][PASSED] - click: Object: 'Object Repository/Endorsement_OR/btn_ADVANCE_FILTER' is clicked on

2018-01-25 15:44:14 - [MESSAGE][PASSED] - Object: 'Object Repository/Endorsement_OR/btn_ADVANCE_FILTER' is clicked on

2018-01-25 15:44:14 - [TEST_STEP][PASSED] - delay: Delayed 4 second(s)

2018-01-25 15:44:18 - [MESSAGE][PASSED] - Delayed 4 second(s)

2018-01-25 15:44:18 - [TEST_STEP][PASSED] - setText: Text '109 Evergreen Cir, Ivey, GA 31031, USA' is set on object 'Object Repository/Endorsement_OR/txtfield_AdvanceFilter_PROPERTY_ADDRESS'

2018-01-25 15:44:18 - [MESSAGE][PASSED] - Text '109 Evergreen Cir, Ivey, GA 31031, USA' is set on object 'Object Repository/Endorsement_OR/txtfield_AdvanceFilter_PROPERTY_ADDRESS'

2018-01-25 15:44:18 - [TEST_STEP][PASSED] - delay: Delayed 15 second(s)

2018-01-25 15:44:33 - [MESSAGE][PASSED] - Delayed 15 second(s)

2018-01-25 15:44:33 - [TEST_STEP][PASSED] - click: Object: 'Object Repository/Endorsement_OR/btn_APPLY_Advance_Filter' is clicked on

2018-01-25 15:44:33 - [MESSAGE][PASSED] - Object: 'Object Repository/Endorsement_OR/btn_APPLY_Advance_Filter' is clicked on

2018-01-25 15:44:33 - [TEST_STEP][PASSED] - delay: Delayed 18 second(s)

2018-01-25 15:44:51 - [MESSAGE][PASSED] - Delayed 18 second(s)

2018-01-25 15:44:51 - [TEST_STEP][PASSED] - Statement - policynumber = com.kms.katalon.core.webui.keyword.WebUiBuiltInKeywords.getText(com.kms.katalon.core.testobject.ObjectRepository.findTestObject(Endorsement_OR/get_POLICYNUMBER)): Text of object 'Object Repository/Endorsement_OR/get_POLICYNUMBER' is: 'BCIHGA1800089'

2018-01-25 15:44:51 - [MESSAGE][PASSED] - Text of object 'Object Repository/Endorsement_OR/get_POLICYNUMBER' is: 'BCIHGA1800089'

2018-01-25 15:44:51 - [TEST_STEP][PASSED] - Statement - println(policynumber): null

2018-01-25 15:44:51 - [TEST_STEP][PASSED] - delay: Delayed 10 second(s)

2018-01-25 15:45:01 - [MESSAGE][PASSED] - Delayed 10 second(s)

2018-01-25 15:45:01 - [TEST_STEP][PASSED] - click: Object: 'Object Repository/Endorsement_OR/btn_ENDORSEMENT_MENU' is clicked on

2018-01-25 15:45:01 - [MESSAGE][PASSED] - Object: 'Object Repository/Endorsement_OR/btn_ENDORSEMENT_MENU' is clicked on

2018-01-25 15:45:01 - [TEST_STEP][PASSED] - delay: Delayed 3 second(s)

2018-01-25 15:45:04 - [MESSAGE][PASSED] - Delayed 3 second(s)

2018-01-25 15:45:04 - [TEST_STEP][PASSED] - click: Object: 'Object Repository/Endorsement_OR/btn_YES_CONFIRMATION_ENDORSEMENT' is clicked on

2018-01-25 15:45:05 - [MESSAGE][PASSED] - Object: 'Object Repository/Endorsement_OR/btn_YES_CONFIRMATION_ENDORSEMENT' is clicked on

2018-01-25 15:45:05 - [TEST_STEP][PASSED] - delay: Delayed 6 second(s)

2018-01-25 15:45:11 - [MESSAGE][PASSED] - Delayed 6 second(s)

2018-01-25 15:45:11 - [TEST_STEP][PASSED] - setText: Text 'BCIHGA1800089' is set on object 'Object Repository/Endorsement_OR/txtfield_POLICYNUMBER_FOR_ENDORSEMENT'

2018-01-25 15:45:11 - [MESSAGE][PASSED] - Text 'BCIHGA1800089' is set on object 'Object Repository/Endorsement_OR/txtfield_POLICYNUMBER_FOR_ENDORSEMENT'

2018-01-25 15:45:11 - [TEST_STEP][PASSED] - delay: Delayed 6 second(s)

2018-01-25 15:45:17 - [MESSAGE][PASSED] - Delayed 6 second(s)

2018-01-25 15:45:17 - [TEST_STEP][PASSED] - click: Object: 'Object Repository/Endorsement_OR/btn_SEARCH_FOR_ENDORSEMENT' is clicked on

2018-01-25 15:45:17 - [MESSAGE][PASSED] - Object: 'Object Repository/Endorsement_OR/btn_SEARCH_FOR_ENDORSEMENT' is clicked on

2018-01-25 15:45:17 - [TEST_STEP][PASSED] - delay: Delayed 10 second(s)

2018-01-25 15:45:27 - [MESSAGE][PASSED] - Delayed 10 second(s)

2018-01-25 15:45:27 - [TEST_STEP][PASSED] - click: Object: 'Object Repository/Endorsement_OR/btn_ENDORSE_UW' is clicked on

2018-01-25 15:45:29 - [MESSAGE][PASSED] - Object: 'Object Repository/Endorsement_OR/btn_ENDORSE_UW' is clicked on

2018-01-25 15:45:29 - [TEST_STEP][PASSED] - delay: Delayed 6 second(s)

2018-01-25 15:45:35 - [MESSAGE][PASSED] - Delayed 6 second(s)

2018-01-25 15:45:35 - [TEST_STEP][PASSED] - click: Object: 'Object Repository/Endorsement_OR/btn_EDIT_APPLICANTINFO_UW' is clicked on

2018-01-25 15:45:36 - [MESSAGE][PASSED] - Object: 'Object Repository/Endorsement_OR/btn_EDIT_APPLICANTINFO_UW' is clicked on

2018-01-25 15:45:36 - [TEST_STEP][PASSED] - delay: Delayed 6 second(s)

2018-01-25 15:45:42 - [MESSAGE][PASSED] - Delayed 6 second(s)

2018-01-25 15:45:42 - [TEST_STEP][PASSED] - click: Object: 'Object Repository/Endorsement_OR/btn_RECALCULATE_UW' is clicked on

2018-01-25 15:45:42 - [MESSAGE][PASSED] - Object: 'Object Repository/Endorsement_OR/btn_RECALCULATE_UW' is clicked on

2018-01-25 15:45:42 - [TEST_STEP][PASSED] - delay: Delayed 6 second(s)

2018-01-25 15:45:48 - [MESSAGE][PASSED] - Delayed 6 second(s)

2018-01-25 15:45:48 - [TEST_STEP][PASSED] - setText: Text 'James' is set on object 'Object Repository/Endorsement_OR/txtfield_PRIFIRSTNAME_UW'

2018-01-25 15:45:48 - [MESSAGE][PASSED] - Text 'James' is set on object 'Object Repository/Endorsement_OR/txtfield_PRIFIRSTNAME_UW'

2018-01-25 15:45:48 - [TEST_STEP][PASSED] - delay: Delayed 2 second(s)

2018-01-25 15:45:50 - [MESSAGE][PASSED] - Delayed 2 second(s)

2018-01-25 15:45:50 - [TEST_STEP][PASSED] - click: Object: 'Object Repository/Endorsement_OR/btn_UPDATE_APPLICANTINFO_UW' is clicked on

2018-01-25 15:45:50 - [MESSAGE][PASSED] - Object: 'Object Repository/Endorsement_OR/btn_UPDATE_APPLICANTINFO_UW' is clicked on

2018-01-25 15:45:50 - [TEST_STEP][PASSED] - delay: Delayed 2 second(s)

2018-01-25 15:45:52 - [MESSAGE][PASSED] - Delayed 2 second(s)

2018-01-25 15:45:52 - [TEST_STEP][PASSED] - click: Object: 'Object Repository/Endorsement_OR/btn_RECALCULATE_UW' is clicked on

2018-01-25 15:45:52 - [MESSAGE][PASSED] - Object: 'Object Repository/Endorsement_OR/btn_RECALCULATE_UW' is clicked on

2018-01-25 15:45:52 - [TEST_STEP][PASSED] - delay: Delayed 6 second(s)

2018-01-25 15:45:58 - [MESSAGE][PASSED] - Delayed 6 second(s)

2018-01-25 15:45:58 - [TEST_STEP][PASSED] - scrollToPosition: Browser is scrolled to position x = 0, y = 50

2018-01-25 15:45:58 - [MESSAGE][PASSED] - Browser is scrolled to position x = 0, y = 50

2018-01-25 15:45:58 - [TEST_STEP][PASSED] - delay: Delayed 3 second(s)

2018-01-25 15:46:01 - [MESSAGE][PASSED] - Delayed 3 second(s)

2018-01-25 15:46:01 - [TEST_STEP][PASSED] - click: Object: 'Object Repository/Endorsement_OR/btn_EDIT_COVERAGE_UW' is clicked on

2018-01-25 15:46:01 - [MESSAGE][PASSED] - Object: 'Object Repository/Endorsement_OR/btn_EDIT_COVERAGE_UW' is clicked on

2018-01-25 15:46:01 - [TEST_STEP][PASSED] - delay: Delayed 6 second(s)

2018-01-25 15:46:07 - [MESSAGE][PASSED] - Delayed 6 second(s)

2018-01-25 15:46:07 - [TEST_STEP][PASSED] - click: Object: 'Object Repository/Endorsement_OR/drp_SETTLEMENTTYPE_UW' is clicked on

2018-01-25 15:46:08 - [MESSAGE][PASSED] - Object: 'Object Repository/Endorsement_OR/drp_SETTLEMENTTYPE_UW' is clicked on

2018-01-25 15:46:08 - [TEST_STEP][PASSED] - selectOptionByValue: All options with value 'ACV' are selected in object 'Object Repository/Endorsement_OR/drp_SETTLEMENTTYPE_UW' 

2018-01-25 15:46:08 - [MESSAGE][PASSED] - All options with value 'ACV' are selected in object 'Object Repository/Endorsement_OR/drp_SETTLEMENTTYPE_UW' 

2018-01-25 15:46:08 - [TEST_STEP][PASSED] - click: Object: 'Object Repository/Endorsement_OR/btn_UPDATE_COVERAGE_UW' is clicked on

2018-01-25 15:46:08 - [MESSAGE][PASSED] - Object: 'Object Repository/Endorsement_OR/btn_UPDATE_COVERAGE_UW' is clicked on

2018-01-25 15:46:08 - [TEST_STEP][PASSED] - delay: Delayed 2 second(s)

2018-01-25 15:46:10 - [MESSAGE][PASSED] - Delayed 2 second(s)

2018-01-25 15:46:10 - [TEST_STEP][PASSED] - click: Object: 'Object Repository/Endorsement_OR/btn_RECALCULATE_UW' is clicked on

2018-01-25 15:46:10 - [MESSAGE][PASSED] - Object: 'Object Repository/Endorsement_OR/btn_RECALCULATE_UW' is clicked on

2018-01-25 15:46:10 - [TEST_STEP][PASSED] - delay: Delayed 2 second(s)

2018-01-25 15:46:12 - [MESSAGE][PASSED] - Delayed 2 second(s)

2018-01-25 15:46:12 - [TEST_STEP][PASSED] - click: Object: 'Object Repository/Endorsement_OR/txtfield_ENDORSEMENTEFFECTIVEDATE_UW' is clicked on

2018-01-25 15:46:12 - [MESSAGE][PASSED] - Object: 'Object Repository/Endorsement_OR/txtfield_ENDORSEMENTEFFECTIVEDATE_UW' is clicked on

2018-01-25 15:46:12 - [TEST_STEP][PASSED] - Statement - use(groovy.time.TimeCategory, { -> ... }): null

2018-01-25 15:46:12 - [TEST_STEP][PASSED] - scrollToPosition: Browser is scrolled to position x = 0, y = 50

2018-01-25 15:46:12 - [MESSAGE][PASSED] - Browser is scrolled to position x = 0, y = 50

2018-01-25 15:46:12 - [TEST_STEP][PASSED] - click: Object: 'Object Repository/Endorsement_OR/btn_EDIT_PROPERTY_UW' is clicked on

2018-01-25 15:46:12 - [MESSAGE][PASSED] - Object: 'Object Repository/Endorsement_OR/btn_EDIT_PROPERTY_UW' is clicked on

2018-01-25 15:46:12 - [TEST_STEP][PASSED] - delay: Delayed 2 second(s)

2018-01-25 15:46:14 - [MESSAGE][PASSED] - Delayed 2 second(s)

2018-01-25 15:46:14 - [TEST_STEP][PASSED] - setText: Text '1970' is set on object 'Object Repository/Endorsement_OR/txtfield_HOME_BUILD_ENDORSEMENT_UW'

2018-01-25 15:46:15 - [MESSAGE][PASSED] - Text '1970' is set on object 'Object Repository/Endorsement_OR/txtfield_HOME_BUILD_ENDORSEMENT_UW'

2018-01-25 15:46:15 - [TEST_STEP][PASSED] - delay: Delayed 4 second(s)

2018-01-25 15:46:19 - [MESSAGE][PASSED] - Delayed 4 second(s)

2018-01-25 15:46:19 - [TEST_STEP][PASSED] - setText: Text '500000' is set on object 'Object Repository/Endorsement_OR/txtfield_EXIMATED_VALUATION_UW'

2018-01-25 15:46:19 - [MESSAGE][PASSED] - Text '500000' is set on object 'Object Repository/Endorsement_OR/txtfield_EXIMATED_VALUATION_UW'

2018-01-25 15:46:19 - [TEST_STEP][PASSED] - delay: Delayed 4 second(s)

2018-01-25 15:46:23 - [MESSAGE][PASSED] - Delayed 4 second(s)

2018-01-25 15:46:23 - [TEST_STEP][PASSED] - click: Object: 'Object Repository/Endorsement_OR/drp_CONSTRUCTION_TYPE_UW' is clicked on

2018-01-25 15:46:23 - [MESSAGE][PASSED] - Object: 'Object Repository/Endorsement_OR/drp_CONSTRUCTION_TYPE_UW' is clicked on

2018-01-25 15:46:23 - [TEST_STEP][PASSED] - selectOptionByIndex: All options with index in [3] are selected on object 'Object Repository/Endorsement_OR/drp_CONSTRUCTION_TYPE_UW'

2018-01-25 15:46:23 - [MESSAGE][PASSED] - All options with index in [3] are selected on object 'Object Repository/Endorsement_OR/drp_CONSTRUCTION_TYPE_UW'

2018-01-25 15:46:23 - [TEST_STEP][PASSED] - delay: Delayed 4 second(s)

2018-01-25 15:46:27 - [MESSAGE][PASSED] - Delayed 4 second(s)

2018-01-25 15:46:27 - [TEST_STEP][PASSED] - click: Object: 'Object Repository/Endorsement_OR/btn_UPDATE_ENDORSEMENT_PROPERTY_UW' is clicked on

2018-01-25 15:46:27 - [MESSAGE][PASSED] - Object: 'Object Repository/Endorsement_OR/btn_UPDATE_ENDORSEMENT_PROPERTY_UW' is clicked on

2018-01-25 15:46:27 - [TEST_STEP][PASSED] - delay: Delayed 4 second(s)

2018-01-25 15:46:31 - [MESSAGE][PASSED] - Delayed 4 second(s)

2018-01-25 15:46:31 - [TEST_STEP][PASSED] - click: Object: 'Object Repository/Endorsement_OR/btn_RECALCULATE_UW' is clicked on

2018-01-25 15:46:32 - [MESSAGE][PASSED] - Object: 'Object Repository/Endorsement_OR/btn_RECALCULATE_UW' is clicked on

2018-01-25 15:46:32 - [TEST_STEP][PASSED] - delay: Delayed 4 second(s)

2018-01-25 15:46:36 - [MESSAGE][PASSED] - Delayed 4 second(s)

2018-01-25 15:46:36 - [TEST_STEP][PASSED] - click: Object: 'Object Repository/Endorsement_OR/btn_GENERATE_FORMS_UW' is clicked on

2018-01-25 15:46:36 - [MESSAGE][PASSED] - Object: 'Object Repository/Endorsement_OR/btn_GENERATE_FORMS_UW' is clicked on

2018-01-25 15:46:36 - [TEST_STEP][PASSED] - delay: Delayed 4 second(s)

2018-01-25 15:46:40 - [MESSAGE][PASSED] - Delayed 4 second(s)

2018-01-25 15:46:40 - [TEST_STEP][PASSED] - click: Object: 'Object Repository/Endorsement_OR/btn_APPROVE_ENDORSEMENT' is clicked on

2018-01-25 15:46:40 - [MESSAGE][PASSED] - Object: 'Object Repository/Endorsement_OR/btn_APPROVE_ENDORSEMENT' is clicked on

2018-01-25 15:46:40 - [TEST_STEP][PASSED] - delay: Delayed 6 second(s)

2018-01-25 15:46:46 - [MESSAGE][PASSED] - Delayed 6 second(s)

2018-01-25 15:46:46 - [TEST_STEP][PASSED] - click: Object: 'Object Repository/Endorsement_OR/chkbx_HOMEOWNER_END_FORM' is clicked on

2018-01-25 15:46:46 - [MESSAGE][PASSED] - Object: 'Object Repository/Endorsement_OR/chkbx_HOMEOWNER_END_FORM' is clicked on

2018-01-25 15:46:46 - [TEST_STEP][PASSED] - delay: Delayed 4 second(s)

2018-01-25 15:46:50 - [MESSAGE][PASSED] - Delayed 4 second(s)

2018-01-25 15:46:50 - [TEST_STEP][PASSED] - click: Object: 'Object Repository/Endorsement_OR/chkbx_HOMEOWNER_END_FORM' is clicked on

2018-01-25 15:46:50 - [MESSAGE][PASSED] - Object: 'Object Repository/Endorsement_OR/chkbx_HOMEOWNER_END_FORM' is clicked on

2018-01-25 15:46:50 - [TEST_STEP][PASSED] - delay: Delayed 4 second(s)

2018-01-25 15:46:54 - [MESSAGE][PASSED] - Delayed 4 second(s)

2018-01-25 15:46:54 - [TEST_STEP][PASSED] - click: Object: 'Object Repository/Endorsement_OR/btn_FILLDATA_HOMEOWNER_END_FORM' is clicked on

2018-01-25 15:46:54 - [MESSAGE][PASSED] - Object: 'Object Repository/Endorsement_OR/btn_FILLDATA_HOMEOWNER_END_FORM' is clicked on

2018-01-25 15:46:54 - [TEST_STEP][PASSED] - delay: Delayed 10 second(s)

2018-01-25 15:47:04 - [MESSAGE][PASSED] - Delayed 10 second(s)

2018-01-25 15:47:04 - [TEST_STEP][PASSED] - setText: Text 'Testing' is set on object 'Object Repository/Endorsement_OR/txtfield_HOMEOWNER_END_FORM'

2018-01-25 15:47:04 - [MESSAGE][PASSED] - Text 'Testing' is set on object 'Object Repository/Endorsement_OR/txtfield_HOMEOWNER_END_FORM'

2018-01-25 15:47:04 - [TEST_STEP][PASSED] - delay: Delayed 4 second(s)

2018-01-25 15:47:08 - [MESSAGE][PASSED] - Delayed 4 second(s)

2018-01-25 15:47:08 - [TEST_STEP][PASSED] - click: Object: 'Object Repository/Endorsement_OR/btn_SUBMIT_HOMEOWNER_END_FORM' is clicked on

2018-01-25 15:47:08 - [MESSAGE][PASSED] - Object: 'Object Repository/Endorsement_OR/btn_SUBMIT_HOMEOWNER_END_FORM' is clicked on

2018-01-25 15:47:08 - [TEST_STEP][PASSED] - delay: Delayed 4 second(s)

2018-01-25 15:47:12 - [MESSAGE][PASSED] - Delayed 4 second(s)

2018-01-25 15:47:12 - [TEST_STEP][PASSED] - click: Object: 'Object Repository/Endorsement_OR/btn_VIEW_DRAFT_END' is clicked on

2018-01-25 15:47:13 - [MESSAGE][PASSED] - Object: 'Object Repository/Endorsement_OR/btn_VIEW_DRAFT_END' is clicked on

2018-01-25 15:47:13 - [TEST_STEP][PASSED] - delay: Delayed 4 second(s)

2018-01-25 15:47:17 - [MESSAGE][PASSED] - Delayed 4 second(s)

2018-01-25 15:47:17 - [TEST_STEP][PASSED] - click: Object: 'Object Repository/Endorsement_OR/btn_APPROVE_ENDORSEMENT' is clicked on

2018-01-25 15:47:17 - [MESSAGE][PASSED] - Object: 'Object Repository/Endorsement_OR/btn_APPROVE_ENDORSEMENT' is clicked on

2018-01-25 15:47:17 - [TEST_STEP][PASSED] - delay: Delayed 30 second(s)

2018-01-25 15:47:47 - [MESSAGE][PASSED] - Delayed 30 second(s)

2018-01-25 15:47:47 - [TEST_STEP][PASSED] - click: Object: 'Object Repository/Application_OR/btn_LOGOUT' is clicked on

2018-01-25 15:47:47 - [MESSAGE][PASSED] - Object: 'Object Repository/Application_OR/btn_LOGOUT' is clicked on

2018-01-25 15:47:47 - [TEST_STEP][PASSED] - delay: Delayed 5 second(s)

2018-01-25 15:47:52 - [MESSAGE][PASSED] - Delayed 5 second(s)]]></system-out>
         <system-err><![CDATA[]]></system-err>
      </testcase>
      <system-out><![CDATA[2018-01-25 15:37:27 - [TEST_SUITE][PASSED] - PPE: Test Cases/ENDORSEMENT_CREATION]]></system-out>
      <system-err><![CDATA[]]></system-err>
   </testsuite>
</testsuites>
