<?xml version="1.0" encoding="UTF-8"?>
<testsuites name="PPE" time="456" tests="1" failures="2" errors="0">
   <testsuite name="PPE" tests="1" failures="2" errors="0" time="456" timestamp="2018-01-17 16:30:36" hostname="gsalunkhe - CTS-QUA-4.cogitate.india" id="Test Suites/PPE">
      <properties>
         <property name="deviceName" value=""/>
         <property name="devicePlatform" value=""/>
         <property name="logFolder" value="D:\\Katalon_Practice_Workspace\\Katalon_Mitendra\\Reports\\PPE\\20180117_163035"/>
         <property name="logFiles" value="D:\\Katalon_Practice_Workspace\\Katalon_Mitendra\\Reports\\PPE\\20180117_163035\\execution0.log"/>
         <property name="attachments" value="D:\\Katalon_Practice_Workspace\\Katalon_Mitendra\\Reports\\PPE\\20180117_163035\\1516186924262.png, D:\\Katalon_Practice_Workspace\\Katalon_Mitendra\\Reports\\PPE\\20180117_163035\\1516187290770.png"/>
         <property name="hostName" value="gsalunkhe - CTS-QUA-4.cogitate.india"/>
         <property name="os" value="Windows 7 64bit"/>
         <property name="katalonVersion" value="5.0.1.1"/>
         <property name="browser" value="Chrome 63.0.3239.132"/>
         <property name="hostAddress" value="192.168.0.4"/>
         <property name="sessionId" value="f4b09374bd9c4d0770444a01f1fdad66"/>
         <property name="seleniumVersion" value="2.53.0"/>
         <property name="proxyInformation" value="ProxyInformation{proxyOption=NO_PROXY, proxyServerType=HTTP, password=, proxyServerAddress=, proxyServerPort=0}"/>
         <property name="platform" value="Windows 7"/>
      </properties>
      <testcase name="Test Cases/QUOTE_CREATION" classname="Test Cases/QUOTE_CREATION" status="FAILED">
         <failure type="FAILED" message="Unable to click on object (Root cause: java.lang.IllegalArgumentException: Object is null)"/>
         <system-out><![CDATA[2018-01-17 16:30:37 - [TEST_CASE][FAILED] - Test Cases/QUOTE_CREATION: Test Cases/QUOTE_CREATION FAILED because (of) Unable to click on object (Root cause: java.lang.IllegalArgumentException: Object is null)

2018-01-17 16:30:37 - [TEST_STEP][PASSED] - openBrowser: Browser is opened with url: 'http://13.90.102.191:8066'

2018-01-17 16:30:59 - [MESSAGE][PASSED] - Browser is opened with url: 'http://13.90.102.191:8066'

2018-01-17 16:30:59 - [TEST_STEP][PASSED] - maximizeWindow: Current window maximized

2018-01-17 16:31:00 - [MESSAGE][PASSED] - Current window maximized

2018-01-17 16:31:00 - [TEST_STEP][PASSED] - setText: Text 'ih.chelms' is set on object 'Object Repository/Quote_OR/txtfield_USERNAME'

2018-01-17 16:31:00 - [MESSAGE][PASSED] - Text 'ih.chelms' is set on object 'Object Repository/Quote_OR/txtfield_USERNAME'

2018-01-17 16:31:00 - [TEST_STEP][PASSED] - setText: Text '10#Hammer' is set on object 'Object Repository/Quote_OR/txtfield_PASSWORD'

2018-01-17 16:31:01 - [MESSAGE][PASSED] - Text '10#Hammer' is set on object 'Object Repository/Quote_OR/txtfield_PASSWORD'

2018-01-17 16:31:01 - [TEST_STEP][PASSED] - click: Object: 'Object Repository/Quote_OR/btn-LOGIN' is clicked on

2018-01-17 16:31:04 - [MESSAGE][PASSED] - Object: 'Object Repository/Quote_OR/btn-LOGIN' is clicked on

2018-01-17 16:31:04 - [TEST_STEP][PASSED] - setText: Text '121 Princeton Mill Rd Athens, GA 30606 USA' is set on object 'Object Repository/Quote_OR/txtfield_ADDRESS_ON_LANDING_PAGE'

2018-01-17 16:31:05 - [MESSAGE][PASSED] - Text '121 Princeton Mill Rd Athens, GA 30606 USA' is set on object 'Object Repository/Quote_OR/txtfield_ADDRESS_ON_LANDING_PAGE'

2018-01-17 16:31:05 - [TEST_STEP][PASSED] - click: Object: 'Object Repository/Quote_OR/btn_SEARCH_ADDRESS' is clicked on

2018-01-17 16:31:17 - [MESSAGE][PASSED] - Object: 'Object Repository/Quote_OR/btn_SEARCH_ADDRESS' is clicked on

2018-01-17 16:31:17 - [TEST_STEP][PASSED] - waitForPageLoad: Wait for page load successfully

2018-01-17 16:31:17 - [MESSAGE][PASSED] - Wait for page load successfully

2018-01-17 16:31:17 - [TEST_STEP][PASSED] - selectOptionByIndex: All options with index in [1] are selected on object 'Object Repository/Quote_OR/drp_PROPERTY_TYPE'

2018-01-17 16:31:18 - [MESSAGE][PASSED] - All options with index in [1] are selected on object 'Object Repository/Quote_OR/drp_PROPERTY_TYPE'

2018-01-17 16:31:18 - [TEST_STEP][PASSED] - setText: Text '' is set on object 'Object Repository/Quote_OR/txtfield_HOME_VALUATION'

2018-01-17 16:31:19 - [MESSAGE][PASSED] - Text '' is set on object 'Object Repository/Quote_OR/txtfield_HOME_VALUATION'

2018-01-17 16:31:19 - [TEST_STEP][PASSED] - selectOptionByIndex: All options with index in [2] are selected on object 'Object Repository/Quote_OR/drp_CONSTRUCTION_TYPE'

2018-01-17 16:31:19 - [MESSAGE][PASSED] - All options with index in [2] are selected on object 'Object Repository/Quote_OR/drp_CONSTRUCTION_TYPE'

2018-01-17 16:31:19 - [TEST_STEP][PASSED] - setText: Text '100000' is set on object 'Object Repository/Quote_OR/txtfield_HOME_VALUATION'

2018-01-17 16:31:19 - [MESSAGE][PASSED] - Text '100000' is set on object 'Object Repository/Quote_OR/txtfield_HOME_VALUATION'

2018-01-17 16:31:19 - [TEST_STEP][PASSED] - delay: Delayed 2 second(s)

2018-01-17 16:31:21 - [MESSAGE][PASSED] - Delayed 2 second(s)

2018-01-17 16:31:21 - [TEST_STEP][PASSED] - setText: Text '' is set on object 'Object Repository/Quote_OR/txtbx_YEARHOMEBUILD'

2018-01-17 16:31:22 - [MESSAGE][PASSED] - Text '' is set on object 'Object Repository/Quote_OR/txtbx_YEARHOMEBUILD'

2018-01-17 16:31:22 - [TEST_STEP][PASSED] - setText: Text '1968' is set on object 'Object Repository/Quote_OR/txtbx_YEARHOMEBUILD'

2018-01-17 16:31:22 - [MESSAGE][PASSED] - Text '1968' is set on object 'Object Repository/Quote_OR/txtbx_YEARHOMEBUILD'

2018-01-17 16:31:22 - [TEST_STEP][PASSED] - click: Object: 'Object Repository/Quote_OR/btn_GETQUOTE' is clicked on

2018-01-17 16:31:22 - [MESSAGE][PASSED] - Object: 'Object Repository/Quote_OR/btn_GETQUOTE' is clicked on

2018-01-17 16:31:22 - [TEST_STEP][PASSED] - delay: Delayed 1 second(s)

2018-01-17 16:31:23 - [MESSAGE][PASSED] - Delayed 1 second(s)

2018-01-17 16:31:23 - [TEST_STEP][PASSED] - click: Object: 'Object Repository/Quote_OR/btn_SENDQUOTE' is clicked on

2018-01-17 16:31:30 - [MESSAGE][PASSED] - Object: 'Object Repository/Quote_OR/btn_SENDQUOTE' is clicked on

2018-01-17 16:31:30 - [TEST_STEP][PASSED] - delay: Delayed 1 second(s)

2018-01-17 16:31:31 - [MESSAGE][PASSED] - Delayed 1 second(s)

2018-01-17 16:31:31 - [TEST_STEP][PASSED] - setText: Text 'Ganesh' is set on object 'Object Repository/Quote_OR/txtfield_SENDQUOTE_FIRSTNAME'

2018-01-17 16:31:31 - [MESSAGE][PASSED] - Text 'Ganesh' is set on object 'Object Repository/Quote_OR/txtfield_SENDQUOTE_FIRSTNAME'

2018-01-17 16:31:31 - [TEST_STEP][PASSED] - setText: Text 'Salunkhe' is set on object 'Object Repository/Quote_OR/txtfield_SENDQUOTE_LASTNAME'

2018-01-17 16:31:32 - [MESSAGE][PASSED] - Text 'Salunkhe' is set on object 'Object Repository/Quote_OR/txtfield_SENDQUOTE_LASTNAME'

2018-01-17 16:31:32 - [TEST_STEP][PASSED] - delay: Delayed 10 second(s)

2018-01-17 16:31:42 - [MESSAGE][PASSED] - Delayed 10 second(s)

2018-01-17 16:31:42 - [TEST_STEP][PASSED] - setText: Text '9768180080' is set on object 'Object Repository/Quote_OR/txtfield_SENDQUOTE_CONTACTNUMBER'

2018-01-17 16:31:42 - [MESSAGE][PASSED] - Text '9768180080' is set on object 'Object Repository/Quote_OR/txtfield_SENDQUOTE_CONTACTNUMBER'

2018-01-17 16:31:42 - [TEST_STEP][PASSED] - delay: Delayed 10 second(s)

2018-01-17 16:31:52 - [MESSAGE][PASSED] - Delayed 10 second(s)

2018-01-17 16:31:52 - [TEST_STEP][PASSED] - setText: Text 'gsalunkhe@cogitate.us' is set on object 'Object Repository/Quote_OR/txtfield_SENDQUOTE_EMAIL'

2018-01-17 16:31:52 - [MESSAGE][PASSED] - Text 'gsalunkhe@cogitate.us' is set on object 'Object Repository/Quote_OR/txtfield_SENDQUOTE_EMAIL'

2018-01-17 16:31:52 - [TEST_STEP][PASSED] - delay: Delayed 10 second(s)

2018-01-17 16:32:02 - [MESSAGE][PASSED] - Delayed 10 second(s)

2018-01-17 16:32:02 - [TEST_STEP][PASSED] - click: Object: 'Object Repository/Quote_OR/btn_SEND_QUOTE_DETAILS' is clicked on

2018-01-17 16:32:03 - [MESSAGE][PASSED] - Object: 'Object Repository/Quote_OR/btn_SEND_QUOTE_DETAILS' is clicked on

2018-01-17 16:32:03 - [TEST_STEP][PASSED] - selectOptionByIndex: All options with index in [1] are selected on object 'Object Repository/Quote_OR/drp_CONSTRUCTION_TYPE'

2018-01-17 16:32:03 - [MESSAGE][PASSED] - All options with index in [1] are selected on object 'Object Repository/Quote_OR/drp_CONSTRUCTION_TYPE'

2018-01-17 16:32:03 - [TEST_STEP][PASSED] - delay: Delayed 1 second(s)

2018-01-17 16:32:04 - [MESSAGE][PASSED] - Delayed 1 second(s)

2018-01-17 16:32:04 - [TEST_STEP][FAILED] - click: Unable to click on object (Root cause: java.lang.IllegalArgumentException: Object is null)

2018-01-17 16:32:04 - [MESSAGE][WARNING] - Test object with id 'Object Repository/null' does not exist

2018-01-17 16:32:04 - [MESSAGE][WARNING] - Test object with id 'Object Repository/' does not exist

2018-01-17 16:32:04 - [MESSAGE][FAILED] - Unable to click on object (Root cause: java.lang.IllegalArgumentException: Object is null)
[[ATTACHMENT|D:\\Katalon_Practice_Workspace\\Katalon_Mitendra\\Reports\\PPE\\20180117_163035\\1516186924262.png]]]]></system-out>
         <system-err><![CDATA[2018-01-17 16:30:37 - [TEST_CASE][FAILED] - Test Cases/QUOTE_CREATION: Test Cases/QUOTE_CREATION FAILED because (of) Unable to click on object (Root cause: java.lang.IllegalArgumentException: Object is null)]]></system-err>
      </testcase>
      <testcase name="Test Cases/APPLICATION_CREATION" classname="Test Cases/APPLICATION_CREATION" status="PASSED">
         <system-out><![CDATA[2018-01-17 16:32:04 - [TEST_CASE][PASSED] - Test Cases/APPLICATION_CREATION: Test Cases/APPLICATION_CREATION

2018-01-17 16:32:05 - [TEST_STEP][PASSED] - setText: Text '2176 S Lumpkin St Athens, GA 30606 USA' is set on object 'Object Repository/Application_OR/txtfield_ADDRESS_ON_QUOTE_PAGE'

2018-01-17 16:32:05 - [MESSAGE][PASSED] - Text '2176 S Lumpkin St Athens, GA 30606 USA' is set on object 'Object Repository/Application_OR/txtfield_ADDRESS_ON_QUOTE_PAGE'

2018-01-17 16:32:05 - [TEST_STEP][PASSED] - click: Object: 'Object Repository/Application_OR/btn_SEARCH_ADDRESS_QUOTE_PAGE' is clicked on

2018-01-17 16:32:18 - [MESSAGE][PASSED] - Object: 'Object Repository/Application_OR/btn_SEARCH_ADDRESS_QUOTE_PAGE' is clicked on

2018-01-17 16:32:18 - [TEST_STEP][PASSED] - setText: Text '' is set on object 'Object Repository/Quote_OR/txtbx_YEARHOMEBUILD'

2018-01-17 16:32:19 - [MESSAGE][PASSED] - Text '' is set on object 'Object Repository/Quote_OR/txtbx_YEARHOMEBUILD'

2018-01-17 16:32:19 - [TEST_STEP][PASSED] - setText: Text '2000' is set on object 'Object Repository/Quote_OR/txtbx_YEARHOMEBUILD'

2018-01-17 16:32:19 - [MESSAGE][PASSED] - Text '2000' is set on object 'Object Repository/Quote_OR/txtbx_YEARHOMEBUILD'

2018-01-17 16:32:19 - [TEST_STEP][PASSED] - selectOptionByIndex: All options with index in [2] are selected on object 'Object Repository/Quote_OR/drp_CONSTRUCTION_TYPE'

2018-01-17 16:32:19 - [MESSAGE][PASSED] - All options with index in [2] are selected on object 'Object Repository/Quote_OR/drp_CONSTRUCTION_TYPE'

2018-01-17 16:32:19 - [TEST_STEP][PASSED] - setText: Text '' is set on object 'Object Repository/Quote_OR/txtfield_HOME_VALUATION'

2018-01-17 16:32:19 - [MESSAGE][PASSED] - Text '' is set on object 'Object Repository/Quote_OR/txtfield_HOME_VALUATION'

2018-01-17 16:32:19 - [TEST_STEP][PASSED] - setText: Text '100000' is set on object 'Object Repository/Quote_OR/txtfield_HOME_VALUATION'

2018-01-17 16:32:19 - [MESSAGE][PASSED] - Text '100000' is set on object 'Object Repository/Quote_OR/txtfield_HOME_VALUATION'

2018-01-17 16:32:19 - [TEST_STEP][PASSED] - click: Object: 'Object Repository/Quote_OR/btn_GETQUOTE' is clicked on

2018-01-17 16:32:19 - [MESSAGE][PASSED] - Object: 'Object Repository/Quote_OR/btn_GETQUOTE' is clicked on

2018-01-17 16:32:19 - [TEST_STEP][PASSED] - delay: Delayed 1 second(s)

2018-01-17 16:32:20 - [MESSAGE][PASSED] - Delayed 1 second(s)

2018-01-17 16:32:20 - [TEST_STEP][PASSED] - click: Object: 'Object Repository/Application_OR/btn_TOAPPLICATION' is clicked on

2018-01-17 16:32:40 - [MESSAGE][PASSED] - Object: 'Object Repository/Application_OR/btn_TOAPPLICATION' is clicked on

2018-01-17 16:32:40 - [TEST_STEP][PASSED] - delay: Delayed 10 second(s)

2018-01-17 16:32:50 - [MESSAGE][PASSED] - Delayed 10 second(s)

2018-01-17 16:32:50 - [TEST_STEP][PASSED] - click: Object: 'Object Repository/Application_OR/btn_CONTINUE_UW_QUESTIONS' is clicked on

2018-01-17 16:32:50 - [MESSAGE][PASSED] - Object: 'Object Repository/Application_OR/btn_CONTINUE_UW_QUESTIONS' is clicked on

2018-01-17 16:32:50 - [TEST_STEP][PASSED] - delay: Delayed 10 second(s)

2018-01-17 16:33:00 - [MESSAGE][PASSED] - Delayed 10 second(s)

2018-01-17 16:33:00 - [TEST_STEP][PASSED] - delay: Delayed 3 second(s)

2018-01-17 16:33:03 - [MESSAGE][PASSED] - Delayed 3 second(s)

2018-01-17 16:33:03 - [TEST_STEP][PASSED] - click: Object: 'Object Repository/Application_OR/txtfield_INSURED_FIRSTNAME' is clicked on

2018-01-17 16:33:03 - [MESSAGE][PASSED] - Object: 'Object Repository/Application_OR/txtfield_INSURED_FIRSTNAME' is clicked on

2018-01-17 16:33:03 - [TEST_STEP][PASSED] - setText: Text 'Ross' is set on object 'Object Repository/Application_OR/txtfield_INSURED_FIRSTNAME'

2018-01-17 16:33:03 - [MESSAGE][PASSED] - Text 'Ross' is set on object 'Object Repository/Application_OR/txtfield_INSURED_FIRSTNAME'

2018-01-17 16:33:03 - [TEST_STEP][PASSED] - setText: Text 'Marshal' is set on object 'Object Repository/Application_OR/txtfield_INSURED_MIDDLENAME'

2018-01-17 16:33:03 - [MESSAGE][PASSED] - Text 'Marshal' is set on object 'Object Repository/Application_OR/txtfield_INSURED_MIDDLENAME'

2018-01-17 16:33:03 - [TEST_STEP][PASSED] - setText: Text 'Guptil' is set on object 'Object Repository/Application_OR/txtfield_INSURED_LASTNAME'

2018-01-17 16:33:03 - [MESSAGE][PASSED] - Text 'Guptil' is set on object 'Object Repository/Application_OR/txtfield_INSURED_LASTNAME'

2018-01-17 16:33:03 - [TEST_STEP][PASSED] - setText: Text '09/10/1999' is set on object 'Object Repository/Application_OR/txtfield_INSURED_DOB'

2018-01-17 16:33:04 - [MESSAGE][PASSED] - Text '09/10/1999' is set on object 'Object Repository/Application_OR/txtfield_INSURED_DOB'

2018-01-17 16:33:04 - [TEST_STEP][PASSED] - delay: Delayed 5 second(s)

2018-01-17 16:33:09 - [MESSAGE][PASSED] - Delayed 5 second(s)

2018-01-17 16:33:09 - [TEST_STEP][PASSED] - setText: Text 'gsalunkhe@cogitate.us' is set on object 'Object Repository/Application_OR/txtfield_INSURED_EMAIL'

2018-01-17 16:33:09 - [MESSAGE][PASSED] - Text 'gsalunkhe@cogitate.us' is set on object 'Object Repository/Application_OR/txtfield_INSURED_EMAIL'

2018-01-17 16:33:09 - [TEST_STEP][PASSED] - delay: Delayed 5 second(s)

2018-01-17 16:33:14 - [MESSAGE][PASSED] - Delayed 5 second(s)

2018-01-17 16:33:14 - [TEST_STEP][PASSED] - setText: Text '9768180080' is set on object 'Object Repository/Application_OR/txtfield_INSURED_CONTACTNUMBER'

2018-01-17 16:33:14 - [MESSAGE][PASSED] - Text '9768180080' is set on object 'Object Repository/Application_OR/txtfield_INSURED_CONTACTNUMBER'

2018-01-17 16:33:14 - [TEST_STEP][PASSED] - delay: Delayed 5 second(s)

2018-01-17 16:33:19 - [MESSAGE][PASSED] - Delayed 5 second(s)

2018-01-17 16:33:19 - [TEST_STEP][PASSED] - Statement - hdnPolicyInfoId = com.kms.katalon.core.testobject.ObjectRepository.findTestObject(Generic_OR/hdnPolicyInfoId): Finding Test Object with id 'Object Repository/Generic_OR/hdnPolicyInfoId'

2018-01-17 16:33:19 - [TEST_STEP][PASSED] - Statement - policyInfoid = com.kms.katalon.core.webui.keyword.WebUiBuiltInKeywords.getAttribute(hdnPolicyInfoId, "value"): Attribute 'value' of object 'Object Repository/Generic_OR/hdnPolicyInfoId' is: '3247'

2018-01-17 16:33:19 - [MESSAGE][PASSED] - Attribute 'value' of object 'Object Repository/Generic_OR/hdnPolicyInfoId' is: '3247'

2018-01-17 16:33:19 - [TEST_STEP][PASSED] - Statement - policyInfoId = policyInfoid: null

2018-01-17 16:33:19 - [TEST_STEP][PASSED] - click: Object: 'Object Repository/Application_OR/btn_POLICYHOLDER_SAVEANDCONTINUE' is clicked on

2018-01-17 16:33:20 - [MESSAGE][PASSED] - Object: 'Object Repository/Application_OR/btn_POLICYHOLDER_SAVEANDCONTINUE' is clicked on

2018-01-17 16:33:20 - [TEST_STEP][PASSED] - delay: Delayed 1 second(s)

2018-01-17 16:33:21 - [MESSAGE][PASSED] - Delayed 1 second(s)

2018-01-17 16:33:21 - [TEST_STEP][PASSED] - click: Object: 'Object Repository/Application_OR/drp_ROOFTYPE_PROPERTYPAGE' is clicked on

2018-01-17 16:33:22 - [MESSAGE][PASSED] - Object: 'Object Repository/Application_OR/drp_ROOFTYPE_PROPERTYPAGE' is clicked on

2018-01-17 16:33:22 - [TEST_STEP][PASSED] - delay: Delayed 3 second(s)

2018-01-17 16:33:25 - [MESSAGE][PASSED] - Delayed 3 second(s)

2018-01-17 16:33:25 - [TEST_STEP][PASSED] - selectOptionByIndex: All options with index in [1] are selected on object 'Object Repository/Application_OR/drp_ROOFTYPE_PROPERTYPAGE'

2018-01-17 16:33:26 - [MESSAGE][PASSED] - All options with index in [1] are selected on object 'Object Repository/Application_OR/drp_ROOFTYPE_PROPERTYPAGE'

2018-01-17 16:33:26 - [TEST_STEP][PASSED] - delay: Delayed 2 second(s)

2018-01-17 16:33:28 - [MESSAGE][PASSED] - Delayed 2 second(s)

2018-01-17 16:33:28 - [TEST_STEP][PASSED] - selectOptionByIndex: All options with index in [3] are selected on object 'Object Repository/Application_OR/drp_FOUNDATIONTYPE_PROPERTYPAGE'

2018-01-17 16:33:28 - [MESSAGE][PASSED] - All options with index in [3] are selected on object 'Object Repository/Application_OR/drp_FOUNDATIONTYPE_PROPERTYPAGE'

2018-01-17 16:33:28 - [TEST_STEP][PASSED] - delay: Delayed 2 second(s)

2018-01-17 16:33:30 - [MESSAGE][PASSED] - Delayed 2 second(s)

2018-01-17 16:33:30 - [TEST_STEP][PASSED] - selectOptionByIndex: All options with index in [7] are selected on object 'Object Repository/Application_OR/drp_HEATINGTYPE_PROPERTYPAGE'

2018-01-17 16:33:30 - [MESSAGE][PASSED] - All options with index in [7] are selected on object 'Object Repository/Application_OR/drp_HEATINGTYPE_PROPERTYPAGE'

2018-01-17 16:33:30 - [TEST_STEP][PASSED] - delay: Delayed 5 second(s)

2018-01-17 16:33:35 - [MESSAGE][PASSED] - Delayed 5 second(s)

2018-01-17 16:33:35 - [TEST_STEP][PASSED] - click: Object: 'Object Repository/Application_OR/btn_PROPERTYPAGE_SAVEANDCONTINUE' is clicked on

2018-01-17 16:33:35 - [MESSAGE][PASSED] - Object: 'Object Repository/Application_OR/btn_PROPERTYPAGE_SAVEANDCONTINUE' is clicked on

2018-01-17 16:33:35 - [TEST_STEP][PASSED] - delay: Delayed 5 second(s)

2018-01-17 16:33:40 - [MESSAGE][PASSED] - Delayed 5 second(s)

2018-01-17 16:33:40 - [TEST_STEP][PASSED] - click: Object: 'Object Repository/Application_OR/btn_YES_ROOFAGE_POPUP' is clicked on

2018-01-17 16:33:40 - [MESSAGE][PASSED] - Object: 'Object Repository/Application_OR/btn_YES_ROOFAGE_POPUP' is clicked on

2018-01-17 16:33:40 - [TEST_STEP][PASSED] - delay: Delayed 1 second(s)

2018-01-17 16:33:41 - [MESSAGE][PASSED] - Delayed 1 second(s)

2018-01-17 16:33:41 - [TEST_STEP][PASSED] - click: Object: 'Object Repository/Application_OR/btn_PROPERTYPAGE_SAVEANDCONTINUE' is clicked on

2018-01-17 16:33:41 - [MESSAGE][PASSED] - Object: 'Object Repository/Application_OR/btn_PROPERTYPAGE_SAVEANDCONTINUE' is clicked on

2018-01-17 16:33:41 - [TEST_STEP][PASSED] - delay: Delayed 1 second(s)

2018-01-17 16:33:42 - [MESSAGE][PASSED] - Delayed 1 second(s)

2018-01-17 16:33:42 - [TEST_STEP][PASSED] - click: Object: 'Object Repository/Application_OR/btn_YES_ELECTRICALAGE_POPUP' is clicked on

2018-01-17 16:33:43 - [MESSAGE][PASSED] - Object: 'Object Repository/Application_OR/btn_YES_ELECTRICALAGE_POPUP' is clicked on

2018-01-17 16:33:43 - [TEST_STEP][PASSED] - delay: Delayed 1 second(s)

2018-01-17 16:33:44 - [MESSAGE][PASSED] - Delayed 1 second(s)

2018-01-17 16:33:44 - [TEST_STEP][PASSED] - click: Object: 'Object Repository/Application_OR/btn_PROPERTYPAGE_SAVEANDCONTINUE' is clicked on

2018-01-17 16:33:44 - [MESSAGE][PASSED] - Object: 'Object Repository/Application_OR/btn_PROPERTYPAGE_SAVEANDCONTINUE' is clicked on

2018-01-17 16:33:44 - [TEST_STEP][PASSED] - delay: Delayed 1 second(s)

2018-01-17 16:33:45 - [MESSAGE][PASSED] - Delayed 1 second(s)

2018-01-17 16:33:45 - [TEST_STEP][PASSED] - click: Object: 'Object Repository/Application_OR/btn_YES_ELECTRICALAGE_POPUP' is clicked on

2018-01-17 16:33:45 - [MESSAGE][PASSED] - Object: 'Object Repository/Application_OR/btn_YES_ELECTRICALAGE_POPUP' is clicked on

2018-01-17 16:33:45 - [TEST_STEP][PASSED] - delay: Delayed 11 second(s)

2018-01-17 16:33:56 - [MESSAGE][PASSED] - Delayed 11 second(s)

2018-01-17 16:33:56 - [TEST_STEP][PASSED] - click: Object: 'Object Repository/Application_OR/btn_PROPERTYPAGE_SAVEANDCONTINUE' is clicked on

2018-01-17 16:33:56 - [MESSAGE][PASSED] - Object: 'Object Repository/Application_OR/btn_PROPERTYPAGE_SAVEANDCONTINUE' is clicked on

2018-01-17 16:33:56 - [TEST_STEP][PASSED] - delay: Delayed 10 second(s)

2018-01-17 16:34:06 - [MESSAGE][PASSED] - Delayed 10 second(s)

2018-01-17 16:34:06 - [TEST_STEP][PASSED] - click: Object: 'Object Repository/Application_OR/btn_PROPERTYPAGE_SAVEANDCONTINUE' is clicked on

2018-01-17 16:34:08 - [MESSAGE][PASSED] - Object: 'Object Repository/Application_OR/btn_PROPERTYPAGE_SAVEANDCONTINUE' is clicked on

2018-01-17 16:34:08 - [TEST_STEP][PASSED] - delay: Delayed 5 second(s)

2018-01-17 16:34:13 - [MESSAGE][PASSED] - Delayed 5 second(s)

2018-01-17 16:34:13 - [TEST_STEP][PASSED] - check: Object 'Object Repository/Application_OR/chkbx_AGREEMENT' is checked

2018-01-17 16:34:13 - [MESSAGE][PASSED] - Object 'Object Repository/Application_OR/chkbx_AGREEMENT' is checked

2018-01-17 16:34:13 - [TEST_STEP][PASSED] - delay: Delayed 10 second(s)

2018-01-17 16:34:23 - [MESSAGE][PASSED] - Delayed 10 second(s)

2018-01-17 16:34:23 - [TEST_STEP][PASSED] - click: Object: 'Object Repository/Application_OR/btn_PROPERTYPAGE_SAVEANDCONTINUE' is clicked on

2018-01-17 16:34:24 - [MESSAGE][PASSED] - Object: 'Object Repository/Application_OR/btn_PROPERTYPAGE_SAVEANDCONTINUE' is clicked on

2018-01-17 16:34:24 - [TEST_STEP][PASSED] - delay: Delayed 5 second(s)

2018-01-17 16:34:29 - [MESSAGE][PASSED] - Delayed 5 second(s)

2018-01-17 16:34:29 - [TEST_STEP][PASSED] - click: Object: 'Object Repository/Application_OR/btn_SIGNAPPLICATION_AGENT' is clicked on

2018-01-17 16:34:45 - [MESSAGE][PASSED] - Object: 'Object Repository/Application_OR/btn_SIGNAPPLICATION_AGENT' is clicked on

2018-01-17 16:34:45 - [TEST_STEP][PASSED] - delay: Delayed 5 second(s)

2018-01-17 16:34:50 - [MESSAGE][PASSED] - Delayed 5 second(s)

2018-01-17 16:34:50 - [TEST_STEP][PASSED] - click: Object: 'Object Repository/Application_OR/btn_INSURED_SIGNATURE' is clicked on

2018-01-17 16:34:50 - [MESSAGE][PASSED] - Object: 'Object Repository/Application_OR/btn_INSURED_SIGNATURE' is clicked on

2018-01-17 16:34:50 - [TEST_STEP][PASSED] - delay: Delayed 5 second(s)

2018-01-17 16:34:55 - [MESSAGE][PASSED] - Delayed 5 second(s)

2018-01-17 16:34:55 - [TEST_STEP][PASSED] - click: Object: 'Object Repository/Application_OR/txtbx_INSURED_SIGNATURE' is clicked on

2018-01-17 16:34:55 - [MESSAGE][PASSED] - Object: 'Object Repository/Application_OR/txtbx_INSURED_SIGNATURE' is clicked on

2018-01-17 16:34:55 - [TEST_STEP][PASSED] - delay: Delayed 5 second(s)

2018-01-17 16:35:00 - [MESSAGE][PASSED] - Delayed 5 second(s)

2018-01-17 16:35:00 - [TEST_STEP][PASSED] - setText: Text 'Ross Marshal Guptil' is set on object 'Object Repository/Application_OR/txtbx_INSURED_SIGNATURE'

2018-01-17 16:35:01 - [MESSAGE][PASSED] - Text 'Ross Marshal Guptil' is set on object 'Object Repository/Application_OR/txtbx_INSURED_SIGNATURE'

2018-01-17 16:35:01 - [TEST_STEP][PASSED] - click: Object: 'Object Repository/Application_OR/btn_SUBMIT_INSURED_SIGNATURE' is clicked on

2018-01-17 16:35:01 - [MESSAGE][PASSED] - Object: 'Object Repository/Application_OR/btn_SUBMIT_INSURED_SIGNATURE' is clicked on

2018-01-17 16:35:01 - [TEST_STEP][PASSED] - Statement - otpQuery = "SELECT TOP 1 OtpGenerated FROM PPE_ApplicationForms_trn where PolicyInfoId = " + policyInfoId + " Order BY ModifiedDateTime DESC": null

2018-01-17 16:35:01 - [TEST_STEP][PASSED] - Statement - println("otpQuery" + " " + otpQuery): null

2018-01-17 16:35:01 - [TEST_STEP][PASSED] - com.PPE.Database_Connection.connectDB: com.PPE.Database_Connection.connectDB is PASSED

2018-01-17 16:35:03 - [MESSAGE][PASSED] - com.PPE.Database_Connection.connectDB is PASSED

2018-01-17 16:35:03 - [TEST_STEP][PASSED] - Statement - recordset = CustomKeywords.com.PPE.Database_Connection.executeQuery(otpQuery): com.PPE.Database_Connection.executeQuery is PASSED

2018-01-17 16:35:03 - [MESSAGE][PASSED] - com.PPE.Database_Connection.executeQuery is PASSED

2018-01-17 16:35:03 - [TEST_STEP][PASSED] - Statement - otp = 0: null

2018-01-17 16:35:03 - [TEST_STEP][PASSED] - Statement - While (recordset.next()): null

2018-01-17 16:35:03 - [TEST_STEP][PASSED] - Statement - otp = recordset.getObject("OtpGenerated"): null

2018-01-17 16:35:03 - [TEST_STEP][PASSED] - Statement - println("otp" + " " + otp): null

2018-01-17 16:35:03 - [TEST_STEP][PASSED] - delay: Delayed 10 second(s)

2018-01-17 16:35:13 - [MESSAGE][PASSED] - Delayed 10 second(s)

2018-01-17 16:35:13 - [TEST_STEP][PASSED] - Statement - txtOtp = com.kms.katalon.core.testobject.ObjectRepository.findTestObject(Application_OR/txtfield-OTP): Finding Test Object with id 'Object Repository/Application_OR/txtfield-OTP'

2018-01-17 16:35:13 - [TEST_STEP][PASSED] - setText: Text '7186' is set on object 'Object Repository/Application_OR/txtfield-OTP'

2018-01-17 16:35:13 - [MESSAGE][PASSED] - Text '7186' is set on object 'Object Repository/Application_OR/txtfield-OTP'

2018-01-17 16:35:13 - [TEST_STEP][PASSED] - delay: Delayed 1 second(s)

2018-01-17 16:35:14 - [MESSAGE][PASSED] - Delayed 1 second(s)

2018-01-17 16:35:14 - [TEST_STEP][PASSED] - click: Object: 'Object Repository/Application_OR/btn_OTP_VERIFY' is clicked on

2018-01-17 16:35:14 - [MESSAGE][PASSED] - Object: 'Object Repository/Application_OR/btn_OTP_VERIFY' is clicked on

2018-01-17 16:35:14 - [TEST_STEP][PASSED] - delay: Delayed 5 second(s)

2018-01-17 16:35:19 - [MESSAGE][PASSED] - Delayed 5 second(s)

2018-01-17 16:35:19 - [TEST_STEP][PASSED] - click: Object: 'Object Repository/Application_OR/btn_AGENT_SIGNATURE' is clicked on

2018-01-17 16:35:19 - [MESSAGE][PASSED] - Object: 'Object Repository/Application_OR/btn_AGENT_SIGNATURE' is clicked on

2018-01-17 16:35:19 - [TEST_STEP][PASSED] - delay: Delayed 2 second(s)

2018-01-17 16:35:21 - [MESSAGE][PASSED] - Delayed 2 second(s)

2018-01-17 16:35:22 - [TEST_STEP][PASSED] - click: Object: 'Object Repository/Application_OR/txtbx_AGENT_SIGNATURE' is clicked on

2018-01-17 16:35:22 - [MESSAGE][PASSED] - Object: 'Object Repository/Application_OR/txtbx_AGENT_SIGNATURE' is clicked on

2018-01-17 16:35:22 - [TEST_STEP][PASSED] - delay: Delayed 2 second(s)

2018-01-17 16:35:24 - [MESSAGE][PASSED] - Delayed 2 second(s)

2018-01-17 16:35:24 - [TEST_STEP][PASSED] - setText: Text 'clement helms' is set on object 'Object Repository/Application_OR/txtbx_AGENT_SIGNATURE'

2018-01-17 16:35:24 - [MESSAGE][PASSED] - Text 'clement helms' is set on object 'Object Repository/Application_OR/txtbx_AGENT_SIGNATURE'

2018-01-17 16:35:24 - [TEST_STEP][PASSED] - delay: Delayed 2 second(s)

2018-01-17 16:35:26 - [MESSAGE][PASSED] - Delayed 2 second(s)

2018-01-17 16:35:26 - [TEST_STEP][PASSED] - click: Object: 'Object Repository/Application_OR/btn_SUBMIT_AGENT_SIGNATURE' is clicked on

2018-01-17 16:35:26 - [MESSAGE][PASSED] - Object: 'Object Repository/Application_OR/btn_SUBMIT_AGENT_SIGNATURE' is clicked on

2018-01-17 16:35:26 - [TEST_STEP][PASSED] - delay: Delayed 5 second(s)

2018-01-17 16:35:31 - [MESSAGE][PASSED] - Delayed 5 second(s)

2018-01-17 16:35:31 - [TEST_STEP][PASSED] - click: Object: 'Object Repository/Application_OR/btn_SURPLUSLINE_ACK' is clicked on

2018-01-17 16:35:35 - [MESSAGE][PASSED] - Object: 'Object Repository/Application_OR/btn_SURPLUSLINE_ACK' is clicked on

2018-01-17 16:35:35 - [TEST_STEP][PASSED] - delay: Delayed 5 second(s)

2018-01-17 16:35:40 - [MESSAGE][PASSED] - Delayed 5 second(s)

2018-01-17 16:35:40 - [TEST_STEP][PASSED] - click: Object: 'Object Repository/Application_OR/txtfield_SURPLUSLINE_FORM_TEXT' is clicked on

2018-01-17 16:35:40 - [MESSAGE][PASSED] - Object: 'Object Repository/Application_OR/txtfield_SURPLUSLINE_FORM_TEXT' is clicked on

2018-01-17 16:35:40 - [TEST_STEP][PASSED] - setText: Text 'Testing' is set on object 'Object Repository/Application_OR/txtfield_SURPLUSLINE_FORM_TEXT'

2018-01-17 16:35:40 - [MESSAGE][PASSED] - Text 'Testing' is set on object 'Object Repository/Application_OR/txtfield_SURPLUSLINE_FORM_TEXT'

2018-01-17 16:35:40 - [TEST_STEP][PASSED] - delay: Delayed 5 second(s)

2018-01-17 16:35:45 - [MESSAGE][PASSED] - Delayed 5 second(s)

2018-01-17 16:35:45 - [TEST_STEP][PASSED] - click: Object: 'Object Repository/Application_OR/btn_SUBMIT_SURPLUSLINE' is clicked on

2018-01-17 16:35:45 - [MESSAGE][PASSED] - Object: 'Object Repository/Application_OR/btn_SUBMIT_SURPLUSLINE' is clicked on

2018-01-17 16:35:45 - [TEST_STEP][PASSED] - delay: Delayed 5 second(s)

2018-01-17 16:35:50 - [MESSAGE][PASSED] - Delayed 5 second(s)

2018-01-17 16:35:50 - [TEST_STEP][PASSED] - click: Object: 'Object Repository/Application_OR/btn_SUBMIT_FOR_UW_APPROVAL' is clicked on

2018-01-17 16:35:53 - [MESSAGE][PASSED] - Object: 'Object Repository/Application_OR/btn_SUBMIT_FOR_UW_APPROVAL' is clicked on

2018-01-17 16:35:53 - [TEST_STEP][PASSED] - delay: Delayed 8 second(s)

2018-01-17 16:36:02 - [MESSAGE][PASSED] - Delayed 8 second(s)

2018-01-17 16:36:02 - [TEST_STEP][PASSED] - click: Object: 'Object Repository/Application_OR/btn_LOGOUT' is clicked on

2018-01-17 16:36:02 - [MESSAGE][PASSED] - Object: 'Object Repository/Application_OR/btn_LOGOUT' is clicked on

2018-01-17 16:36:02 - [TEST_STEP][PASSED] - delay: Delayed 5 second(s)

2018-01-17 16:36:07 - [MESSAGE][PASSED] - Delayed 5 second(s)

2018-01-17 16:36:07 - [TEST_STEP][PASSED] - setText: Text 'ih.william' is set on object 'Object Repository/Quote_OR/txtfield_USERNAME'

2018-01-17 16:36:07 - [MESSAGE][PASSED] - Text 'ih.william' is set on object 'Object Repository/Quote_OR/txtfield_USERNAME'

2018-01-17 16:36:07 - [TEST_STEP][PASSED] - setText: Text '10#Hammer' is set on object 'Object Repository/Quote_OR/txtfield_PASSWORD'

2018-01-17 16:36:08 - [MESSAGE][PASSED] - Text '10#Hammer' is set on object 'Object Repository/Quote_OR/txtfield_PASSWORD'

2018-01-17 16:36:08 - [TEST_STEP][PASSED] - click: Object: 'Object Repository/Quote_OR/btn-LOGIN' is clicked on

2018-01-17 16:36:10 - [MESSAGE][PASSED] - Object: 'Object Repository/Quote_OR/btn-LOGIN' is clicked on

2018-01-17 16:36:10 - [TEST_STEP][PASSED] - delay: Delayed 5 second(s)

2018-01-17 16:36:15 - [MESSAGE][PASSED] - Delayed 5 second(s)

2018-01-17 16:36:15 - [TEST_STEP][PASSED] - Statement - btnId = "//*[@id="btnLoadApplication_" + policyInfoId + ""]": null

2018-01-17 16:36:15 - [TEST_STEP][PASSED] - Statement - btnViewApplication = new com.kms.katalon.core.testobject.TestObject(btnViewApplication): null

2018-01-17 16:36:15 - [TEST_STEP][PASSED] - Statement - btnViewApplication.addProperty("xpath", EQUALS, btnId, true): null

2018-01-17 16:36:15 - [TEST_STEP][PASSED] - delay: Delayed 20 second(s)

2018-01-17 16:36:35 - [MESSAGE][PASSED] - Delayed 20 second(s)

2018-01-17 16:36:35 - [TEST_STEP][PASSED] - click: Object: 'btnViewApplication' is clicked on

2018-01-17 16:36:37 - [MESSAGE][PASSED] - Object: 'btnViewApplication' is clicked on

2018-01-17 16:36:37 - [TEST_STEP][PASSED] - delay: Delayed 8 second(s)

2018-01-17 16:36:45 - [MESSAGE][PASSED] - Delayed 8 second(s)

2018-01-17 16:36:45 - [TEST_STEP][PASSED] - click: Object: 'Object Repository/Application_OR/btn_DOWNLOAD_AFS_UW' is clicked on

2018-01-17 16:36:45 - [MESSAGE][PASSED] - Object: 'Object Repository/Application_OR/btn_DOWNLOAD_AFS_UW' is clicked on

2018-01-17 16:36:45 - [TEST_STEP][PASSED] - delay: Delayed 5 second(s)

2018-01-17 16:36:50 - [MESSAGE][PASSED] - Delayed 5 second(s)

2018-01-17 16:36:50 - [TEST_STEP][PASSED] - click: Object: 'Object Repository/Application_OR/btn_GENERATE_FORMS' is clicked on

2018-01-17 16:36:51 - [MESSAGE][PASSED] - Object: 'Object Repository/Application_OR/btn_GENERATE_FORMS' is clicked on

2018-01-17 16:36:51 - [TEST_STEP][PASSED] - delay: Delayed 5 second(s)

2018-01-17 16:36:56 - [MESSAGE][PASSED] - Delayed 5 second(s)

2018-01-17 16:36:56 - [TEST_STEP][PASSED] - click: Object: 'Object Repository/Application_OR/btn_REQUEST_FOR_BIND' is clicked on

2018-01-17 16:36:56 - [MESSAGE][PASSED] - Object: 'Object Repository/Application_OR/btn_REQUEST_FOR_BIND' is clicked on

2018-01-17 16:36:56 - [TEST_STEP][PASSED] - delay: Delayed 20 second(s)

2018-01-17 16:37:16 - [MESSAGE][PASSED] - Delayed 20 second(s)

2018-01-17 16:37:16 - [TEST_STEP][PASSED] - click: Object: 'Object Repository/Application_OR/btn_VIEW_POLICY_FORMS' is clicked on

2018-01-17 16:37:16 - [MESSAGE][PASSED] - Object: 'Object Repository/Application_OR/btn_VIEW_POLICY_FORMS' is clicked on

2018-01-17 16:37:16 - [TEST_STEP][PASSED] - delay: Delayed 20 second(s)

2018-01-17 16:37:36 - [MESSAGE][PASSED] - Delayed 20 second(s)

2018-01-17 16:37:36 - [TEST_STEP][PASSED] - click: Object: 'Object Repository/Application_OR/btn_UW_APPLICATION_STATUS_MENU' is clicked on

2018-01-17 16:37:39 - [MESSAGE][PASSED] - Object: 'Object Repository/Application_OR/btn_UW_APPLICATION_STATUS_MENU' is clicked on]]></system-out>
         <system-err><![CDATA[]]></system-err>
      </testcase>
      <testcase name="Test Cases/ENDORSEMENT_CREATION" classname="Test Cases/ENDORSEMENT_CREATION" status="FAILED">
         <failure type="FAILED" message="Unable to click on object 'Object Repository/Endorsement_OR/btn_ADVANCE_FILTER' (Root cause: com.kms.katalon.core.webui.exception.WebElementNotFoundException: Web element with id: 'Object Repository/Endorsement_OR/btn_ADVANCE_FILTER' located by 'By.xpath: //*[@id=&quot;btnAdvanceFilter&quot;]/label' not found)"/>
         <system-out><![CDATA[2018-01-17 16:37:39 - [TEST_CASE][FAILED] - Test Cases/ENDORSEMENT_CREATION: Test Cases/ENDORSEMENT_CREATION FAILED because (of) Unable to click on object 'Object Repository/Endorsement_OR/btn_ADVANCE_FILTER' (Root cause: com.kms.katalon.core.webui.exception.WebElementNotFoundException: Web element with id: 'Object Repository/Endorsement_OR/btn_ADVANCE_FILTER' located by 'By.xpath: //*[@id="btnAdvanceFilter"]/label' not found)

2018-01-17 16:37:39 - [TEST_STEP][FAILED] - click: Unable to click on object 'Object Repository/Endorsement_OR/btn_ADVANCE_FILTER' (Root cause: com.kms.katalon.core.webui.exception.WebElementNotFoundException: Web element with id: 'Object Repository/Endorsement_OR/btn_ADVANCE_FILTER' located by 'By.xpath: //*[@id="btnAdvanceFilter"]/label' not found)

2018-01-17 16:38:11 - [MESSAGE][FAILED] - Unable to click on object 'Object Repository/Endorsement_OR/btn_ADVANCE_FILTER' (Root cause: com.kms.katalon.core.webui.exception.WebElementNotFoundException: Web element with id: 'Object Repository/Endorsement_OR/btn_ADVANCE_FILTER' located by 'By.xpath: //*[@id="btnAdvanceFilter"]/label' not found)
[[ATTACHMENT|D:\\Katalon_Practice_Workspace\\Katalon_Mitendra\\Reports\\PPE\\20180117_163035\\1516187290770.png]]]]></system-out>
         <system-err><![CDATA[2018-01-17 16:37:39 - [TEST_CASE][FAILED] - Test Cases/ENDORSEMENT_CREATION: Test Cases/ENDORSEMENT_CREATION FAILED because (of) Unable to click on object 'Object Repository/Endorsement_OR/btn_ADVANCE_FILTER' (Root cause: com.kms.katalon.core.webui.exception.WebElementNotFoundException: Web element with id: 'Object Repository/Endorsement_OR/btn_ADVANCE_FILTER' located by 'By.xpath: //*[@id="btnAdvanceFilter"]/label' not found)]]></system-err>
      </testcase>
      <system-out><![CDATA[2018-01-17 16:30:36 - [TEST_SUITE][FAILED] - PPE: Test Cases/QUOTE_CREATION FAILED because (of) Unable to click on object (Root cause: java.lang.IllegalArgumentException: Object is null)]]></system-out>
      <system-err><![CDATA[2018-01-17 16:30:36 - [TEST_SUITE][FAILED] - PPE: Test Cases/QUOTE_CREATION FAILED because (of) Unable to click on object (Root cause: java.lang.IllegalArgumentException: Object is null)]]></system-err>
   </testsuite>
</testsuites>
