<?xml version="1.0" encoding="UTF-8"?>
<testsuites name="PPE" time="765" tests="2" failures="1" errors="0">
   <testsuite name="PPE" tests="2" failures="1" errors="0" time="765" timestamp="2018-02-05 15:41:33" hostname="gsalunkhe - CTS-QUA-4.cogitate.india" id="Test Suites/PPE">
      <properties>
         <property name="deviceName" value=""/>
         <property name="devicePlatform" value=""/>
         <property name="logFolder" value="D:\\Katalon_Practice_Workspace\\Katalon_PPE_GANESH\\Reports\\PPE\\20180205_154132"/>
         <property name="logFiles" value="D:\\Katalon_Practice_Workspace\\Katalon_PPE_GANESH\\Reports\\PPE\\20180205_154132\\execution0.log"/>
         <property name="attachments" value="D:\\Katalon_Practice_Workspace\\Katalon_PPE_GANESH\\Reports\\PPE\\20180205_154132\\1517826257432.png"/>
         <property name="hostName" value="gsalunkhe - CTS-QUA-4.cogitate.india"/>
         <property name="os" value="Windows 7 64bit"/>
         <property name="katalonVersion" value="5.0.1.1"/>
         <property name="browser" value="Chrome 63.0.3239.132"/>
         <property name="hostAddress" value="192.168.0.4"/>
         <property name="sessionId" value="900d1f784db6d63b963d65ab088bba7e"/>
         <property name="seleniumVersion" value="2.53.0"/>
         <property name="proxyInformation" value="ProxyInformation{proxyOption=NO_PROXY, proxyServerType=HTTP, password=, proxyServerAddress=, proxyServerPort=0}"/>
         <property name="platform" value="Windows 7"/>
      </properties>
      <testcase name="Test Cases/QUOTE_CREATION" classname="Test Cases/QUOTE_CREATION" status="PASSED">
         <system-out><![CDATA[2018-02-05 15:41:33 - [TEST_CASE][PASSED] - Test Cases/QUOTE_CREATION: Test Cases/QUOTE_CREATION

2018-02-05 15:41:34 - [TEST_STEP][PASSED] - Statement - propertyDataRowCounter = 0: null

2018-02-05 15:41:34 - [TEST_STEP][PASSED] - Statement - configDataRowCounter = 0: null

2018-02-05 15:41:34 - [TEST_STEP][PASSED] - Statement - genericDATA = com.kms.katalon.core.testdata.TestDataFactory.findTestData(PPE_Config_File): Test data is internal data, reading internal data

2018-02-05 15:41:34 - [TEST_STEP][PASSED] - Statement - propertyDATA = com.kms.katalon.core.testdata.TestDataFactory.findTestData(PPEPROPERTYDATA): Test data is internal data, reading internal data

2018-02-05 15:41:34 - [TEST_STEP][PASSED] - Statement - obj = data.get(propertyDataRowCounter): null

2018-02-05 15:41:34 - [TEST_STEP][PASSED] - Statement - obj.toString().replace("N", "Y"): null

2018-02-05 15:41:34 - [TEST_STEP][PASSED] - Statement - data.add(obj): null

2018-02-05 15:41:34 - [TEST_STEP][PASSED] - Statement - println(obj): null

2018-02-05 15:41:34 - [TEST_STEP][PASSED] - com.PPE.url_Navigation.gotoURL: com.PPE.url_Navigation.gotoURL is PASSED

2018-02-05 15:41:42 - [MESSAGE][PASSED] - Browser is opened with url: 'http://13.90.102.191:8066/'

2018-02-05 15:41:42 - [MESSAGE][PASSED] - Wait for page load successfully

2018-02-05 15:41:43 - [MESSAGE][PASSED] - Current window maximized

2018-02-05 15:41:43 - [MESSAGE][PASSED] - com.PPE.url_Navigation.gotoURL is PASSED

2018-02-05 15:41:43 - [TEST_STEP][PASSED] - com.PPE.IncorrectLogin.login: com.PPE.IncorrectLogin.login is PASSED

2018-02-05 15:41:43 - [MESSAGE][PASSED] - Text '125634' is set on object 'Object Repository/Quote_OR/txtfield_USERNAME'

2018-02-05 15:41:43 - [MESSAGE][PASSED] - Text '10#Hammer' is set on object 'Object Repository/Quote_OR/txtfield_PASSWORD'

2018-02-05 15:41:45 - [MESSAGE][PASSED] - Object: 'Object Repository/Quote_OR/btn-LOGIN' is clicked on

2018-02-05 15:41:51 - [MESSAGE][PASSED] - Delayed 6 second(s)

2018-02-05 15:41:51 - [MESSAGE][PASSED] - Text 'ih.chelms' is set on object 'Object Repository/Quote_OR/txtfield_USERNAME'

2018-02-05 15:41:51 - [MESSAGE][PASSED] - Text '123456' is set on object 'Object Repository/Quote_OR/txtfield_PASSWORD'

2018-02-05 15:41:53 - [MESSAGE][PASSED] - Object: 'Object Repository/Quote_OR/btn-LOGIN' is clicked on

2018-02-05 15:41:59 - [MESSAGE][PASSED] - Delayed 6 second(s)

2018-02-05 15:41:59 - [MESSAGE][PASSED] - Text 'ih.jbutler' is set on object 'Object Repository/Quote_OR/txtfield_USERNAME'

2018-02-05 15:41:59 - [MESSAGE][PASSED] - Text '123456' is set on object 'Object Repository/Quote_OR/txtfield_PASSWORD'

2018-02-05 15:42:00 - [MESSAGE][PASSED] - Object: 'Object Repository/Quote_OR/btn-LOGIN' is clicked on

2018-02-05 15:42:06 - [MESSAGE][PASSED] - Delayed 6 second(s)

2018-02-05 15:42:06 - [MESSAGE][PASSED] - Text 'Ganesh' is set on object 'Object Repository/Quote_OR/txtfield_USERNAME'

2018-02-05 15:42:06 - [MESSAGE][PASSED] - Text 'Salunkhe' is set on object 'Object Repository/Quote_OR/txtfield_PASSWORD'

2018-02-05 15:42:08 - [MESSAGE][PASSED] - Object: 'Object Repository/Quote_OR/btn-LOGIN' is clicked on

2018-02-05 15:42:14 - [MESSAGE][PASSED] - Delayed 6 second(s)

2018-02-05 15:42:14 - [MESSAGE][PASSED] - Text 'ih.william' is set on object 'Object Repository/Quote_OR/txtfield_USERNAME'

2018-02-05 15:42:14 - [MESSAGE][PASSED] - Text 'ih.chelms' is set on object 'Object Repository/Quote_OR/txtfield_PASSWORD'

2018-02-05 15:42:15 - [MESSAGE][PASSED] - Object: 'Object Repository/Quote_OR/btn-LOGIN' is clicked on

2018-02-05 15:42:21 - [MESSAGE][PASSED] - Delayed 6 second(s)

2018-02-05 15:42:21 - [MESSAGE][PASSED] - com.PPE.IncorrectLogin.login is PASSED

2018-02-05 15:42:21 - [TEST_STEP][PASSED] - com.PPE.Login.correctlogin: com.PPE.Login.correctlogin is PASSED

2018-02-05 15:42:21 - [MESSAGE][PASSED] - Text 'ih.jbutler' is set on object 'Object Repository/Quote_OR/txtfield_USERNAME'

2018-02-05 15:42:22 - [MESSAGE][PASSED] - Text '10#Hammer' is set on object 'Object Repository/Quote_OR/txtfield_PASSWORD'

2018-02-05 15:42:29 - [MESSAGE][PASSED] - Object: 'Object Repository/Quote_OR/btn-LOGIN' is clicked on

2018-02-05 15:42:29 - [MESSAGE][PASSED] - com.PPE.Login.correctlogin is PASSED

2018-02-05 15:42:29 - [TEST_STEP][PASSED] - Statement - If (genericDATA.internallyGetValue("STATE", configDataRowCounter) == "GA"): null

2018-02-05 15:42:29 - [TEST_STEP][PASSED] - Statement - Else: Delayed 6 second(s)

2018-02-05 15:42:29 - [TEST_STEP][PASSED] - setText: Text '3956 Claybrooke Ct High Point, NC 27265 USA' is set on object 'Object Repository/Quote_OR/txtfield_ADDRESS_ON_LANDING_PAGE'

2018-02-05 15:42:29 - [MESSAGE][PASSED] - Text '3956 Claybrooke Ct High Point, NC 27265 USA' is set on object 'Object Repository/Quote_OR/txtfield_ADDRESS_ON_LANDING_PAGE'

2018-02-05 15:42:29 - [TEST_STEP][PASSED] - delay: Delayed 6 second(s)

2018-02-05 15:42:35 - [MESSAGE][PASSED] - Delayed 6 second(s)

2018-02-05 15:42:35 - [TEST_STEP][PASSED] - click: Object: 'Object Repository/Quote_OR/btn_SEARCH_ADDRESS' is clicked on

2018-02-05 15:42:55 - [MESSAGE][PASSED] - Object: 'Object Repository/Quote_OR/btn_SEARCH_ADDRESS' is clicked on

2018-02-05 15:42:55 - [TEST_STEP][PASSED] - waitForPageLoad: Wait for page load successfully

2018-02-05 15:42:55 - [MESSAGE][PASSED] - Wait for page load successfully

2018-02-05 15:42:55 - [TEST_STEP][PASSED] - com.PPE.QuotePropertyDataSelection.QuoteCreation: com.PPE.QuotePropertyDataSelection.QuoteCreation is PASSED

2018-02-05 15:42:55 - [MESSAGE][PASSED] - All options with index in [1] are selected on object 'Object Repository/Quote_OR/drp_PROPERTY_TYPE'

2018-02-05 15:42:55 - [MESSAGE][PASSED] - Text '' is set on object 'Object Repository/Quote_OR/txtfield_HOME_VALUATION'

2018-02-05 15:42:55 - [MESSAGE][PASSED] - Object: 'Object Repository/Quote_OR/btn_GETQUOTE' is clicked on

2018-02-05 15:42:55 - [MESSAGE][PASSED] - All options with index in [2] are selected on object 'Object Repository/Quote_OR/drp_CONSTRUCTION_TYPE'

2018-02-05 15:42:56 - [MESSAGE][PASSED] - Text '75000' is set on object 'Object Repository/Quote_OR/txtfield_HOME_VALUATION'

2018-02-05 15:42:58 - [MESSAGE][PASSED] - Delayed 2 second(s)

2018-02-05 15:42:58 - [MESSAGE][PASSED] - Text '' is set on object 'Object Repository/Quote_OR/txtbx_YEARHOMEBUILD'

2018-02-05 15:42:58 - [MESSAGE][PASSED] - Object: 'Object Repository/Quote_OR/btn_GETQUOTE' is clicked on

2018-02-05 15:42:58 - [MESSAGE][PASSED] - Text '1968' is set on object 'Object Repository/Quote_OR/txtbx_YEARHOMEBUILD'

2018-02-05 15:42:58 - [MESSAGE][PASSED] - Object: 'Object Repository/Quote_OR/btn_GETQUOTE' is clicked on

2018-02-05 15:43:02 - [MESSAGE][PASSED] - Delayed 4 second(s)

2018-02-05 15:43:06 - [MESSAGE][PASSED] - Object: 'Object Repository/Quote_OR/btn_SENDQUOTE' is clicked on

2018-02-05 15:43:07 - [MESSAGE][PASSED] - Delayed 1 second(s)

2018-02-05 15:43:07 - [MESSAGE][PASSED] - Object: 'Object Repository/Quote_OR/btn_SEND_QUOTE_DETAILS' is clicked on

2018-02-05 15:43:08 - [MESSAGE][PASSED] - Delayed 1 second(s)

2018-02-05 15:43:08 - [MESSAGE][PASSED] - Text 'Ganesh' is set on object 'Object Repository/Quote_OR/txtfield_SENDQUOTE_FIRSTNAME'

2018-02-05 15:43:09 - [MESSAGE][PASSED] - Text 'Salunkhe' is set on object 'Object Repository/Quote_OR/txtfield_SENDQUOTE_LASTNAME'

2018-02-05 15:43:12 - [MESSAGE][PASSED] - Delayed 3 second(s)

2018-02-05 15:43:12 - [MESSAGE][PASSED] - Text '9768180080' is set on object 'Object Repository/Quote_OR/txtfield_SENDQUOTE_CONTACTNUMBER'

2018-02-05 15:43:15 - [MESSAGE][PASSED] - Delayed 3 second(s)

2018-02-05 15:43:15 - [MESSAGE][PASSED] - Text 'gsalunkhe@cogitate.us' is set on object 'Object Repository/Quote_OR/txtfield_SENDQUOTE_EMAIL'

2018-02-05 15:43:19 - [MESSAGE][PASSED] - Delayed 4 second(s)

2018-02-05 15:43:20 - [MESSAGE][PASSED] - Object: 'Object Repository/Quote_OR/btn_SEND_QUOTE_DETAILS' is clicked on

2018-02-05 15:43:24 - [MESSAGE][PASSED] - Delayed 4 second(s)

2018-02-05 15:43:24 - [MESSAGE][PASSED] - All options with index in [1] are selected on object 'Object Repository/Quote_OR/drp_CONSTRUCTION_TYPE'

2018-02-05 15:43:32 - [MESSAGE][PASSED] - Delayed 8 second(s)

2018-02-05 15:43:32 - [MESSAGE][PASSED] - Object: 'Object Repository/Quote_OR/btn_RECALCULATE_PREMIUM' is clicked on

2018-02-05 15:43:32 - [MESSAGE][PASSED] - com.PPE.QuotePropertyDataSelection.QuoteCreation is PASSED]]></system-out>
         <system-err><![CDATA[]]></system-err>
      </testcase>
      <testcase name="Test Cases/APPLICATION_CREATION" classname="Test Cases/APPLICATION_CREATION" status="PASSED">
         <system-out><![CDATA[2018-02-05 15:43:32 - [TEST_CASE][PASSED] - Test Cases/APPLICATION_CREATION: Test Cases/APPLICATION_CREATION

2018-02-05 15:43:32 - [TEST_STEP][PASSED] - Statement - propertyDataRowCounter = 0: null

2018-02-05 15:43:32 - [TEST_STEP][PASSED] - Statement - configDataRowCounter = 0: null

2018-02-05 15:43:32 - [TEST_STEP][PASSED] - Statement - genericDATA = com.kms.katalon.core.testdata.TestDataFactory.findTestData(PPE_Config_File): Test data is internal data, reading internal data

2018-02-05 15:43:32 - [TEST_STEP][PASSED] - Statement - propertyDATA = com.kms.katalon.core.testdata.TestDataFactory.findTestData(PPEPROPERTYDATA): Test data is internal data, reading internal data

2018-02-05 15:43:32 - [TEST_STEP][PASSED] - Statement - Address = com.kms.katalon.core.testobject.ObjectRepository.findTestObject(Endorsement_OR/get_Address): Finding Test Object with id 'Object Repository/Endorsement_OR/get_Address'

2018-02-05 15:43:32 - [TEST_STEP][PASSED] - Statement - propertyaddress = com.kms.katalon.core.webui.keyword.WebUiBuiltInKeywords.getAttribute(Address, "value"): Attribute 'value' of object 'Object Repository/Endorsement_OR/get_Address' is: '3956 Claybrooke Ct, High Point, NC 27265, USA'

2018-02-05 15:43:32 - [MESSAGE][PASSED] - Attribute 'value' of object 'Object Repository/Endorsement_OR/get_Address' is: '3956 Claybrooke Ct, High Point, NC 27265, USA'

2018-02-05 15:43:32 - [TEST_STEP][PASSED] - Statement - println(propertyaddress): null

2018-02-05 15:43:32 - [TEST_STEP][PASSED] - Statement - propertyaddress = propertyaddress: null

2018-02-05 15:43:32 - [TEST_STEP][PASSED] - com.PPE.Saving_PolicyHolderInfo_Page.PolicyHolderPage: com.PPE.Saving_PolicyHolderInfo_Page.PolicyHolderPage is PASSED

2018-02-05 15:43:36 - [MESSAGE][PASSED] - Delayed 4 second(s)

2018-02-05 15:43:49 - [MESSAGE][PASSED] - Object: 'Object Repository/Application_OR/btn_TOAPPLICATION' is clicked on

2018-02-05 15:43:53 - [MESSAGE][PASSED] - Delayed 4 second(s)

2018-02-05 15:43:54 - [MESSAGE][PASSED] - Object: 'Object Repository/Application_OR/btn-YES_IS_BNESS_PREMISES' is clicked on

2018-02-05 15:43:56 - [MESSAGE][PASSED] - Delayed 2 second(s)

2018-02-05 15:43:56 - [MESSAGE][PASSED] - Object: 'Object Repository/Application_OR/btn-YES_FOOT_TRAFFIC' is clicked on

2018-02-05 15:43:58 - [MESSAGE][PASSED] - Delayed 2 second(s)

2018-02-05 15:43:58 - [MESSAGE][PASSED] - Text '11' is set on object 'Object Repository/Application_OR/txtfield-Traffic_Percentage'

2018-02-05 15:44:01 - [MESSAGE][PASSED] - Delayed 3 second(s)

2018-02-05 15:44:01 - [MESSAGE][PASSED] - Object: 'Object Repository/Application_OR/btn_CONTINUE_UW_QUESTIONS' is clicked on

2018-02-05 15:44:04 - [MESSAGE][PASSED] - Delayed 3 second(s)

2018-02-05 15:44:04 - [MESSAGE][PASSED] - Text '10' is set on object 'Object Repository/Application_OR/txtfield-Traffic_Percentage'

2018-02-05 15:44:08 - [MESSAGE][PASSED] - Delayed 4 second(s)

2018-02-05 15:44:08 - [MESSAGE][PASSED] - Object: 'Object Repository/Application_OR/btn_CONTINUE_UW_QUESTIONS' is clicked on

2018-02-05 15:44:11 - [MESSAGE][PASSED] - Delayed 3 second(s)

2018-02-05 15:44:11 - [MESSAGE][PASSED] - Object: 'Object Repository/Application_OR/txtfield_INSURED_FIRSTNAME' is clicked on

2018-02-05 15:44:11 - [MESSAGE][PASSED] - Text '' is set on object 'Object Repository/Application_OR/txtfield_INSURED_FIRSTNAME'

2018-02-05 15:44:12 - [MESSAGE][PASSED] - Text 'Smith' is set on object 'Object Repository/Application_OR/txtfield_INSURED_FIRSTNAME'

2018-02-05 15:44:12 - [MESSAGE][PASSED] - Text '' is set on object 'Object Repository/Application_OR/txtfield_INSURED_MIDDLENAME'

2018-02-05 15:44:12 - [MESSAGE][PASSED] - Text 'Morkel' is set on object 'Object Repository/Application_OR/txtfield_INSURED_MIDDLENAME'

2018-02-05 15:44:12 - [MESSAGE][PASSED] - Text '' is set on object 'Object Repository/Application_OR/txtfield_INSURED_LASTNAME'

2018-02-05 15:44:12 - [MESSAGE][PASSED] - Text 'Duplesis' is set on object 'Object Repository/Application_OR/txtfield_INSURED_LASTNAME'

2018-02-05 15:44:12 - [MESSAGE][PASSED] - Text '09/10/1999' is set on object 'Object Repository/Application_OR/txtfield_INSURED_DOB'

2018-02-05 15:44:17 - [MESSAGE][PASSED] - Delayed 5 second(s)

2018-02-05 15:44:18 - [MESSAGE][PASSED] - Text 'gsalunkhe@cogitate.us' is set on object 'Object Repository/Application_OR/txtfield_INSURED_EMAIL'

2018-02-05 15:44:23 - [MESSAGE][PASSED] - Delayed 5 second(s)

2018-02-05 15:44:23 - [MESSAGE][PASSED] - Text '9768180080' is set on object 'Object Repository/Application_OR/txtfield_INSURED_CONTACTNUMBER'

2018-02-05 15:44:28 - [MESSAGE][PASSED] - Delayed 5 second(s)

2018-02-05 15:44:28 - [MESSAGE][PASSED] - Attribute 'value' of object 'Object Repository/Generic_OR/hdnPolicyInfoId' is: '3625'

2018-02-05 15:44:28 - [MESSAGE][PASSED] - Object: 'Object Repository/Application_OR/btn_POLICYHOLDER_SAVEANDCONTINUE' is clicked on

2018-02-05 15:44:29 - [MESSAGE][PASSED] - Delayed 1 second(s)

2018-02-05 15:44:29 - [MESSAGE][PASSED] - com.PPE.Saving_PolicyHolderInfo_Page.PolicyHolderPage is PASSED

2018-02-05 15:44:29 - [TEST_STEP][PASSED] - com.PPE.Saving_PropertyInfo_Page.PropertyPage: com.PPE.Saving_PropertyInfo_Page.PropertyPage is PASSED

2018-02-05 15:44:31 - [MESSAGE][PASSED] - Object: 'Object Repository/Application_OR/drp_ROOFTYPE_PROPERTYPAGE' is clicked on

2018-02-05 15:44:34 - [MESSAGE][PASSED] - Delayed 3 second(s)

2018-02-05 15:44:34 - [MESSAGE][PASSED] - All options with index in [1] are selected on object 'Object Repository/Application_OR/drp_ROOFTYPE_PROPERTYPAGE'

2018-02-05 15:44:36 - [MESSAGE][PASSED] - Delayed 2 second(s)

2018-02-05 15:44:36 - [MESSAGE][PASSED] - All options with index in [3] are selected on object 'Object Repository/Application_OR/drp_FOUNDATIONTYPE_PROPERTYPAGE'

2018-02-05 15:44:38 - [MESSAGE][PASSED] - Delayed 2 second(s)

2018-02-05 15:44:38 - [MESSAGE][PASSED] - All options with index in [7] are selected on object 'Object Repository/Application_OR/drp_HEATINGTYPE_PROPERTYPAGE'

2018-02-05 15:44:43 - [MESSAGE][PASSED] - Delayed 5 second(s)

2018-02-05 15:44:43 - [MESSAGE][PASSED] - Object: 'Object Repository/Application_OR/btn_OCCUPANYPAGE_SAVEANDCONTINUE' is clicked on

2018-02-05 15:44:47 - [MESSAGE][PASSED] - Delayed 4 second(s)

2018-02-05 15:44:48 - [MESSAGE][PASSED] - Object: 'Object Repository/Application_OR/btn_YES_ROOFAGE_POPUP' is clicked on

2018-02-05 15:44:52 - [MESSAGE][PASSED] - Delayed 4 second(s)

2018-02-05 15:44:52 - [MESSAGE][PASSED] - Object: 'Object Repository/Application_OR/btn_YES_ELECTRICALAGE_POPUP' is clicked on

2018-02-05 15:44:56 - [MESSAGE][PASSED] - Delayed 4 second(s)

2018-02-05 15:44:56 - [MESSAGE][PASSED] - Object: 'Object Repository/Application_OR/btn_YES_ELECTRICALAGE_POPUP' is clicked on

2018-02-05 15:45:01 - [MESSAGE][PASSED] - Delayed 5 second(s)

2018-02-05 15:45:01 - [MESSAGE][PASSED] - com.PPE.Saving_PropertyInfo_Page.PropertyPage is PASSED

2018-02-05 15:45:01 - [TEST_STEP][PASSED] - com.PPE.Policy_Creation.ApplicationBind: com.PPE.Policy_Creation.ApplicationBind is PASSED

2018-02-05 15:45:03 - [MESSAGE][PASSED] - Object: 'Object Repository/Application_OR/btn_OCCUPANYPAGE_SAVEANDCONTINUE' is clicked on

2018-02-05 15:45:08 - [MESSAGE][PASSED] - Delayed 5 second(s)

2018-02-05 15:45:08 - [MESSAGE][PASSED] - Object 'Object Repository/Application_OR/chkbx_AGREEMENT' is checked

2018-02-05 15:45:18 - [MESSAGE][PASSED] - Delayed 10 second(s)

2018-02-05 15:45:18 - [MESSAGE][PASSED] - Object: 'Object Repository/Application_OR/btn_OCCUPANYPAGE_SAVEANDCONTINUE' is clicked on

2018-02-05 15:45:23 - [MESSAGE][PASSED] - Delayed 5 second(s)

2018-02-05 15:45:41 - [MESSAGE][PASSED] - Object: 'Object Repository/Application_OR/btn_SIGNAPPLICATION_AGENT' is clicked on

2018-02-05 15:45:46 - [MESSAGE][PASSED] - Delayed 5 second(s)

2018-02-05 15:45:46 - [MESSAGE][PASSED] - Text of object 'Object Repository/Application_OR/get_INSUREDNAME_APPLICATION FORMSUMMARY' is: 'Smith Morkel Duplesis'

2018-02-05 15:45:46 - [MESSAGE][PASSED] - Object: 'Object Repository/Application_OR/btn_INSURED_SIGNATURE' is clicked on

2018-02-05 15:45:51 - [MESSAGE][PASSED] - Delayed 5 second(s)

2018-02-05 15:45:51 - [MESSAGE][PASSED] - Object: 'Object Repository/Application_OR/txtbx_INSURED_SIGNATURE' is clicked on

2018-02-05 15:45:56 - [MESSAGE][PASSED] - Delayed 5 second(s)

2018-02-05 15:45:56 - [MESSAGE][PASSED] - Text 'Smith Morkel Duplesis' is set on object 'Object Repository/Application_OR/txtbx_INSURED_SIGNATURE'

2018-02-05 15:45:57 - [MESSAGE][PASSED] - Object: 'Object Repository/Application_OR/btn_SUBMIT_INSURED_SIGNATURE' is clicked on

2018-02-05 15:45:57 - [MESSAGE][PASSED] - com.PPE.Policy_Creation.ApplicationBind is PASSED

2018-02-05 15:45:57 - [TEST_STEP][PASSED] - Statement - otpQuery = "SELECT TOP 1 OtpGenerated FROM PPE_ApplicationForms_trn where PolicyInfoId = " + policyInfoId + " Order BY ModifiedDateTime DESC": null

2018-02-05 15:45:57 - [TEST_STEP][PASSED] - Statement - println("otpQuery" + " " + otpQuery): null

2018-02-05 15:45:57 - [TEST_STEP][PASSED] - com.PPE.Database_Connection.connectDB: com.PPE.Database_Connection.connectDB is PASSED

2018-02-05 15:45:59 - [MESSAGE][PASSED] - com.PPE.Database_Connection.connectDB is PASSED

2018-02-05 15:45:59 - [TEST_STEP][PASSED] - Statement - recordset = CustomKeywords.com.PPE.Database_Connection.executeQuery(otpQuery): com.PPE.Database_Connection.executeQuery is PASSED

2018-02-05 15:45:59 - [MESSAGE][PASSED] - com.PPE.Database_Connection.executeQuery is PASSED

2018-02-05 15:45:59 - [TEST_STEP][PASSED] - Statement - otp = 0: null

2018-02-05 15:45:59 - [TEST_STEP][PASSED] - Statement - While (recordset.next()): null

2018-02-05 15:45:59 - [TEST_STEP][PASSED] - Statement - otp = recordset.getObject("OtpGenerated"): null

2018-02-05 15:45:59 - [TEST_STEP][PASSED] - Statement - println("otp" + " " + otp): null

2018-02-05 15:45:59 - [TEST_STEP][PASSED] - delay: Delayed 10 second(s)

2018-02-05 15:46:09 - [MESSAGE][PASSED] - Delayed 10 second(s)

2018-02-05 15:46:09 - [TEST_STEP][PASSED] - Statement - txtOtp = com.kms.katalon.core.testobject.ObjectRepository.findTestObject(Application_OR/txtfield-OTP): Finding Test Object with id 'Object Repository/Application_OR/txtfield-OTP'

2018-02-05 15:46:09 - [TEST_STEP][PASSED] - setText: Text '2815' is set on object 'Object Repository/Application_OR/txtfield-OTP'

2018-02-05 15:46:09 - [MESSAGE][PASSED] - Text '2815' is set on object 'Object Repository/Application_OR/txtfield-OTP'

2018-02-05 15:46:09 - [TEST_STEP][PASSED] - delay: Delayed 1 second(s)

2018-02-05 15:46:10 - [MESSAGE][PASSED] - Delayed 1 second(s)

2018-02-05 15:46:10 - [TEST_STEP][PASSED] - click: Object: 'Object Repository/Application_OR/btn_OTP_VERIFY' is clicked on

2018-02-05 15:46:10 - [MESSAGE][PASSED] - Object: 'Object Repository/Application_OR/btn_OTP_VERIFY' is clicked on

2018-02-05 15:46:10 - [TEST_STEP][PASSED] - delay: Delayed 5 second(s)

2018-02-05 15:46:15 - [MESSAGE][PASSED] - Delayed 5 second(s)

2018-02-05 15:46:15 - [TEST_STEP][PASSED] - click: Object: 'Object Repository/Application_OR/btn_AGENT_SIGNATURE' is clicked on

2018-02-05 15:46:16 - [MESSAGE][PASSED] - Object: 'Object Repository/Application_OR/btn_AGENT_SIGNATURE' is clicked on

2018-02-05 15:46:16 - [TEST_STEP][PASSED] - delay: Delayed 2 second(s)

2018-02-05 15:46:18 - [MESSAGE][PASSED] - Delayed 2 second(s)

2018-02-05 15:46:18 - [TEST_STEP][PASSED] - click: Object: 'Object Repository/Application_OR/txtbx_AGENT_SIGNATURE' is clicked on

2018-02-05 15:46:18 - [MESSAGE][PASSED] - Object: 'Object Repository/Application_OR/txtbx_AGENT_SIGNATURE' is clicked on

2018-02-05 15:46:18 - [TEST_STEP][PASSED] - delay: Delayed 2 second(s)

2018-02-05 15:46:20 - [MESSAGE][PASSED] - Delayed 2 second(s)

2018-02-05 15:46:20 - [TEST_STEP][PASSED] - Statement - If (genericDATA.internallyGetValue("STATE", configDataRowCounter) == "GA"): null

2018-02-05 15:46:20 - [TEST_STEP][PASSED] - Statement - Else: Delayed 2 second(s)

2018-02-05 15:46:20 - [TEST_STEP][PASSED] - setText: Text 'Jeff Buttler' is set on object 'Object Repository/Application_OR/txtbx_AGENT_SIGNATURE'

2018-02-05 15:46:20 - [MESSAGE][PASSED] - Text 'Jeff Buttler' is set on object 'Object Repository/Application_OR/txtbx_AGENT_SIGNATURE'

2018-02-05 15:46:20 - [TEST_STEP][PASSED] - delay: Delayed 2 second(s)

2018-02-05 15:46:22 - [MESSAGE][PASSED] - Delayed 2 second(s)

2018-02-05 15:46:22 - [TEST_STEP][PASSED] - click: Object: 'Object Repository/Application_OR/btn_SUBMIT_AGENT_SIGNATURE' is clicked on

2018-02-05 15:46:22 - [MESSAGE][PASSED] - Object: 'Object Repository/Application_OR/btn_SUBMIT_AGENT_SIGNATURE' is clicked on

2018-02-05 15:46:22 - [TEST_STEP][PASSED] - delay: Delayed 5 second(s)

2018-02-05 15:46:27 - [MESSAGE][PASSED] - Delayed 5 second(s)

2018-02-05 15:46:27 - [TEST_STEP][PASSED] - click: Object: 'Object Repository/Application_OR/btn_SURPLUSLINE_ACK' is clicked on

2018-02-05 15:46:29 - [MESSAGE][PASSED] - Object: 'Object Repository/Application_OR/btn_SURPLUSLINE_ACK' is clicked on

2018-02-05 15:46:29 - [TEST_STEP][PASSED] - delay: Delayed 5 second(s)

2018-02-05 15:46:34 - [MESSAGE][PASSED] - Delayed 5 second(s)

2018-02-05 15:46:34 - [TEST_STEP][PASSED] - Statement - If (genericDATA.internallyGetValue("STATE", configDataRowCounter) == "GA"): null

2018-02-05 15:46:34 - [TEST_STEP][PASSED] - Statement - Else: Object: 'Object Repository/Application_OR/btn_SUBMIT_SURPLUSLINE' is clicked on

2018-02-05 15:46:34 - [TEST_STEP][PASSED] - click: Object: 'Object Repository/Application_OR/chkbox_NC_SurPlusLine_Agreement' is clicked on

2018-02-05 15:46:35 - [MESSAGE][PASSED] - Object: 'Object Repository/Application_OR/chkbox_NC_SurPlusLine_Agreement' is clicked on

2018-02-05 15:46:35 - [TEST_STEP][PASSED] - delay: Delayed 2 second(s)

2018-02-05 15:46:37 - [MESSAGE][PASSED] - Delayed 2 second(s)

2018-02-05 15:46:37 - [TEST_STEP][PASSED] - click: Object: 'Object Repository/Application_OR/btn_SUBMIT_SURPLUSLINE' is clicked on

2018-02-05 15:46:37 - [MESSAGE][PASSED] - Object: 'Object Repository/Application_OR/btn_SUBMIT_SURPLUSLINE' is clicked on

2018-02-05 15:46:37 - [TEST_STEP][PASSED] - delay: Delayed 5 second(s)

2018-02-05 15:46:42 - [MESSAGE][PASSED] - Delayed 5 second(s)

2018-02-05 15:46:42 - [TEST_STEP][PASSED] - click: Object: 'Object Repository/Application_OR/btn_SUBMIT_FOR_UW_APPROVAL' is clicked on

2018-02-05 15:46:46 - [MESSAGE][PASSED] - Object: 'Object Repository/Application_OR/btn_SUBMIT_FOR_UW_APPROVAL' is clicked on

2018-02-05 15:46:46 - [TEST_STEP][PASSED] - delay: Delayed 8 second(s)

2018-02-05 15:46:54 - [MESSAGE][PASSED] - Delayed 8 second(s)

2018-02-05 15:46:54 - [TEST_STEP][PASSED] - click: Object: 'Object Repository/Application_OR/btn_LOGOUT' is clicked on

2018-02-05 15:47:00 - [MESSAGE][PASSED] - Object: 'Object Repository/Application_OR/btn_LOGOUT' is clicked on

2018-02-05 15:47:00 - [TEST_STEP][PASSED] - delay: Delayed 5 second(s)

2018-02-05 15:47:05 - [MESSAGE][PASSED] - Delayed 5 second(s)

2018-02-05 15:47:05 - [TEST_STEP][PASSED] - setText: Text 'ih.william' is set on object 'Object Repository/Quote_OR/txtfield_USERNAME'

2018-02-05 15:47:05 - [MESSAGE][PASSED] - Text 'ih.william' is set on object 'Object Repository/Quote_OR/txtfield_USERNAME'

2018-02-05 15:47:05 - [TEST_STEP][PASSED] - setText: Text '10#Hammer' is set on object 'Object Repository/Quote_OR/txtfield_PASSWORD'

2018-02-05 15:47:05 - [MESSAGE][PASSED] - Text '10#Hammer' is set on object 'Object Repository/Quote_OR/txtfield_PASSWORD'

2018-02-05 15:47:05 - [TEST_STEP][PASSED] - click: Object: 'Object Repository/Quote_OR/btn-LOGIN' is clicked on

2018-02-05 15:47:11 - [MESSAGE][PASSED] - Object: 'Object Repository/Quote_OR/btn-LOGIN' is clicked on

2018-02-05 15:47:11 - [TEST_STEP][PASSED] - delay: Delayed 5 second(s)

2018-02-05 15:47:16 - [MESSAGE][PASSED] - Delayed 5 second(s)

2018-02-05 15:47:16 - [TEST_STEP][PASSED] - Statement - btnId = "//*[@id="btnLoadApplication_" + policyInfoId + ""]": null

2018-02-05 15:47:16 - [TEST_STEP][PASSED] - Statement - btnViewApplication = new com.kms.katalon.core.testobject.TestObject(btnViewApplication): null

2018-02-05 15:47:16 - [TEST_STEP][PASSED] - Statement - btnViewApplication.addProperty("xpath", EQUALS, btnId, true): null

2018-02-05 15:47:16 - [TEST_STEP][PASSED] - delay: Delayed 20 second(s)

2018-02-05 15:47:36 - [MESSAGE][PASSED] - Delayed 20 second(s)

2018-02-05 15:47:36 - [TEST_STEP][PASSED] - click: Object: 'btnViewApplication' is clicked on

2018-02-05 15:47:40 - [MESSAGE][PASSED] - Object: 'btnViewApplication' is clicked on

2018-02-05 15:47:40 - [TEST_STEP][PASSED] - delay: Delayed 8 second(s)

2018-02-05 15:47:48 - [MESSAGE][PASSED] - Delayed 8 second(s)

2018-02-05 15:47:48 - [TEST_STEP][PASSED] - click: Object: 'Object Repository/Application_OR/btn_DOWNLOAD_AFS_UW' is clicked on

2018-02-05 15:47:48 - [MESSAGE][PASSED] - Object: 'Object Repository/Application_OR/btn_DOWNLOAD_AFS_UW' is clicked on

2018-02-05 15:47:48 - [TEST_STEP][PASSED] - delay: Delayed 5 second(s)

2018-02-05 15:47:53 - [MESSAGE][PASSED] - Delayed 5 second(s)

2018-02-05 15:47:53 - [TEST_STEP][PASSED] - click: Object: 'Object Repository/Application_OR/btn_GENERATE_FORMS' is clicked on

2018-02-05 15:47:56 - [MESSAGE][PASSED] - Object: 'Object Repository/Application_OR/btn_GENERATE_FORMS' is clicked on

2018-02-05 15:47:56 - [TEST_STEP][PASSED] - delay: Delayed 5 second(s)

2018-02-05 15:48:01 - [MESSAGE][PASSED] - Delayed 5 second(s)

2018-02-05 15:48:01 - [TEST_STEP][PASSED] - click: Object: 'Object Repository/Application_OR/btn_REQUEST_FOR_BIND' is clicked on

2018-02-05 15:48:01 - [MESSAGE][PASSED] - Object: 'Object Repository/Application_OR/btn_REQUEST_FOR_BIND' is clicked on

2018-02-05 15:48:01 - [TEST_STEP][PASSED] - delay: Delayed 20 second(s)

2018-02-05 15:48:21 - [MESSAGE][PASSED] - Delayed 20 second(s)

2018-02-05 15:48:21 - [TEST_STEP][PASSED] - click: Object: 'Object Repository/Application_OR/btn_VIEW_POLICY_FORMS' is clicked on

2018-02-05 15:48:21 - [MESSAGE][PASSED] - Object: 'Object Repository/Application_OR/btn_VIEW_POLICY_FORMS' is clicked on

2018-02-05 15:48:21 - [TEST_STEP][PASSED] - delay: Delayed 15 second(s)

2018-02-05 15:48:36 - [MESSAGE][PASSED] - Delayed 15 second(s)

2018-02-05 15:48:36 - [TEST_STEP][PASSED] - click: Object: 'Object Repository/Application_OR/btn_UW_APPLICATION_STATUS_MENU' is clicked on

2018-02-05 15:48:36 - [MESSAGE][PASSED] - Object: 'Object Repository/Application_OR/btn_UW_APPLICATION_STATUS_MENU' is clicked on

2018-02-05 15:48:36 - [TEST_STEP][PASSED] - delay: Delayed 2 second(s)

2018-02-05 15:48:38 - [MESSAGE][PASSED] - Delayed 2 second(s)

2018-02-05 15:48:38 - [TEST_STEP][PASSED] - click: Object: 'Object Repository/Application_OR/btn_YES_CONFIRMATION' is clicked on

2018-02-05 15:48:40 - [MESSAGE][PASSED] - Object: 'Object Repository/Application_OR/btn_YES_CONFIRMATION' is clicked on

2018-02-05 15:48:40 - [TEST_STEP][PASSED] - delay: Delayed 20 second(s)

2018-02-05 15:49:00 - [MESSAGE][PASSED] - Delayed 20 second(s)]]></system-out>
         <system-err><![CDATA[]]></system-err>
      </testcase>
      <testcase name="Test Cases/ENDORSEMENT_CREATION" classname="Test Cases/ENDORSEMENT_CREATION" status="FAILED">
         <failure type="FAILED" message="Unable to click on object 'Object Repository/Endorsement_OR/btn_LOGOUT_UW' (Root cause: com.kms.katalon.core.webui.exception.WebElementNotFoundException: Web element with id: 'Object Repository/Endorsement_OR/btn_LOGOUT_UW' located by 'By.xpath: //*[@id=&quot;lnkLogout&quot;]' not found)"/>
         <system-out><![CDATA[2018-02-05 15:49:00 - [TEST_CASE][FAILED] - Test Cases/ENDORSEMENT_CREATION: Test Cases/ENDORSEMENT_CREATION FAILED because (of) Unable to click on object 'Object Repository/Endorsement_OR/btn_LOGOUT_UW' (Root cause: com.kms.katalon.core.webui.exception.WebElementNotFoundException: Web element with id: 'Object Repository/Endorsement_OR/btn_LOGOUT_UW' located by 'By.xpath: //*[@id="lnkLogout"]' not found)

2018-02-05 15:49:00 - [TEST_STEP][PASSED] - click: Object: 'Object Repository/Endorsement_OR/btn_ADVANCE_FILTER' is clicked on

2018-02-05 15:49:01 - [MESSAGE][PASSED] - Object: 'Object Repository/Endorsement_OR/btn_ADVANCE_FILTER' is clicked on

2018-02-05 15:49:01 - [TEST_STEP][PASSED] - delay: Delayed 4 second(s)

2018-02-05 15:49:05 - [MESSAGE][PASSED] - Delayed 4 second(s)

2018-02-05 15:49:05 - [TEST_STEP][PASSED] - setText: Text '3956 Claybrooke Ct, High Point, NC 27265, USA' is set on object 'Object Repository/Endorsement_OR/txtfield_AdvanceFilter_PROPERTY_ADDRESS'

2018-02-05 15:49:05 - [MESSAGE][PASSED] - Text '3956 Claybrooke Ct, High Point, NC 27265, USA' is set on object 'Object Repository/Endorsement_OR/txtfield_AdvanceFilter_PROPERTY_ADDRESS'

2018-02-05 15:49:05 - [TEST_STEP][PASSED] - delay: Delayed 15 second(s)

2018-02-05 15:49:20 - [MESSAGE][PASSED] - Delayed 15 second(s)

2018-02-05 15:49:20 - [TEST_STEP][PASSED] - click: Object: 'Object Repository/Endorsement_OR/btn_APPLY_Advance_Filter' is clicked on

2018-02-05 15:49:20 - [MESSAGE][PASSED] - Object: 'Object Repository/Endorsement_OR/btn_APPLY_Advance_Filter' is clicked on

2018-02-05 15:49:20 - [TEST_STEP][PASSED] - delay: Delayed 18 second(s)

2018-02-05 15:49:38 - [MESSAGE][PASSED] - Delayed 18 second(s)

2018-02-05 15:49:38 - [TEST_STEP][PASSED] - Statement - policynumber = com.kms.katalon.core.webui.keyword.WebUiBuiltInKeywords.getText(com.kms.katalon.core.testobject.ObjectRepository.findTestObject(Endorsement_OR/get_POLICYNUMBER)): Text of object 'Object Repository/Endorsement_OR/get_POLICYNUMBER' is: 'BCIHNC1800046'

2018-02-05 15:49:38 - [MESSAGE][PASSED] - Text of object 'Object Repository/Endorsement_OR/get_POLICYNUMBER' is: 'BCIHNC1800046'

2018-02-05 15:49:38 - [TEST_STEP][PASSED] - Statement - println(policynumber): null

2018-02-05 15:49:38 - [TEST_STEP][PASSED] - delay: Delayed 10 second(s)

2018-02-05 15:49:48 - [MESSAGE][PASSED] - Delayed 10 second(s)

2018-02-05 15:49:48 - [TEST_STEP][PASSED] - click: Object: 'Object Repository/Endorsement_OR/btn_ENDORSEMENT_MENU' is clicked on

2018-02-05 15:49:48 - [MESSAGE][PASSED] - Object: 'Object Repository/Endorsement_OR/btn_ENDORSEMENT_MENU' is clicked on

2018-02-05 15:49:48 - [TEST_STEP][PASSED] - delay: Delayed 3 second(s)

2018-02-05 15:49:51 - [MESSAGE][PASSED] - Delayed 3 second(s)

2018-02-05 15:49:51 - [TEST_STEP][PASSED] - click: Object: 'Object Repository/Endorsement_OR/btn_YES_CONFIRMATION_ENDORSEMENT' is clicked on

2018-02-05 15:49:53 - [MESSAGE][PASSED] - Object: 'Object Repository/Endorsement_OR/btn_YES_CONFIRMATION_ENDORSEMENT' is clicked on

2018-02-05 15:49:53 - [TEST_STEP][PASSED] - delay: Delayed 6 second(s)

2018-02-05 15:49:59 - [MESSAGE][PASSED] - Delayed 6 second(s)

2018-02-05 15:49:59 - [TEST_STEP][PASSED] - setText: Text 'BCIHNC1800046' is set on object 'Object Repository/Endorsement_OR/txtfield_POLICYNUMBER_FOR_ENDORSEMENT'

2018-02-05 15:49:59 - [MESSAGE][PASSED] - Text 'BCIHNC1800046' is set on object 'Object Repository/Endorsement_OR/txtfield_POLICYNUMBER_FOR_ENDORSEMENT'

2018-02-05 15:49:59 - [TEST_STEP][PASSED] - delay: Delayed 6 second(s)

2018-02-05 15:50:05 - [MESSAGE][PASSED] - Delayed 6 second(s)

2018-02-05 15:50:05 - [TEST_STEP][PASSED] - click: Object: 'Object Repository/Endorsement_OR/btn_SEARCH_FOR_ENDORSEMENT' is clicked on

2018-02-05 15:50:05 - [MESSAGE][PASSED] - Object: 'Object Repository/Endorsement_OR/btn_SEARCH_FOR_ENDORSEMENT' is clicked on

2018-02-05 15:50:05 - [TEST_STEP][PASSED] - delay: Delayed 10 second(s)

2018-02-05 15:50:15 - [MESSAGE][PASSED] - Delayed 10 second(s)

2018-02-05 15:50:15 - [TEST_STEP][PASSED] - click: Object: 'Object Repository/Endorsement_OR/btn_ENDORSE_UW' is clicked on

2018-02-05 15:50:18 - [MESSAGE][PASSED] - Object: 'Object Repository/Endorsement_OR/btn_ENDORSE_UW' is clicked on

2018-02-05 15:50:18 - [TEST_STEP][PASSED] - delay: Delayed 6 second(s)

2018-02-05 15:50:24 - [MESSAGE][PASSED] - Delayed 6 second(s)

2018-02-05 15:50:24 - [TEST_STEP][PASSED] - click: Object: 'Object Repository/Endorsement_OR/btn_EDIT_APPLICANTINFO_UW' is clicked on

2018-02-05 15:50:24 - [MESSAGE][PASSED] - Object: 'Object Repository/Endorsement_OR/btn_EDIT_APPLICANTINFO_UW' is clicked on

2018-02-05 15:50:24 - [TEST_STEP][PASSED] - delay: Delayed 6 second(s)

2018-02-05 15:50:30 - [MESSAGE][PASSED] - Delayed 6 second(s)

2018-02-05 15:50:30 - [TEST_STEP][PASSED] - click: Object: 'Object Repository/Endorsement_OR/btn_RECALCULATE_UW' is clicked on

2018-02-05 15:50:30 - [MESSAGE][PASSED] - Object: 'Object Repository/Endorsement_OR/btn_RECALCULATE_UW' is clicked on

2018-02-05 15:50:30 - [TEST_STEP][PASSED] - delay: Delayed 6 second(s)

2018-02-05 15:50:36 - [MESSAGE][PASSED] - Delayed 6 second(s)

2018-02-05 15:50:36 - [TEST_STEP][PASSED] - setText: Text 'James' is set on object 'Object Repository/Endorsement_OR/txtfield_PRIFIRSTNAME_UW'

2018-02-05 15:50:36 - [MESSAGE][PASSED] - Text 'James' is set on object 'Object Repository/Endorsement_OR/txtfield_PRIFIRSTNAME_UW'

2018-02-05 15:50:36 - [TEST_STEP][PASSED] - delay: Delayed 2 second(s)

2018-02-05 15:50:38 - [MESSAGE][PASSED] - Delayed 2 second(s)

2018-02-05 15:50:38 - [TEST_STEP][PASSED] - click: Object: 'Object Repository/Endorsement_OR/btn_UPDATE_APPLICANTINFO_UW' is clicked on

2018-02-05 15:50:39 - [MESSAGE][PASSED] - Object: 'Object Repository/Endorsement_OR/btn_UPDATE_APPLICANTINFO_UW' is clicked on

2018-02-05 15:50:39 - [TEST_STEP][PASSED] - delay: Delayed 2 second(s)

2018-02-05 15:50:41 - [MESSAGE][PASSED] - Delayed 2 second(s)

2018-02-05 15:50:41 - [TEST_STEP][PASSED] - click: Object: 'Object Repository/Endorsement_OR/btn_RECALCULATE_UW' is clicked on

2018-02-05 15:50:41 - [MESSAGE][PASSED] - Object: 'Object Repository/Endorsement_OR/btn_RECALCULATE_UW' is clicked on

2018-02-05 15:50:41 - [TEST_STEP][PASSED] - delay: Delayed 6 second(s)

2018-02-05 15:50:47 - [MESSAGE][PASSED] - Delayed 6 second(s)

2018-02-05 15:50:47 - [TEST_STEP][PASSED] - scrollToPosition: Browser is scrolled to position x = 0, y = 50

2018-02-05 15:50:47 - [MESSAGE][PASSED] - Browser is scrolled to position x = 0, y = 50

2018-02-05 15:50:47 - [TEST_STEP][PASSED] - delay: Delayed 3 second(s)

2018-02-05 15:50:50 - [MESSAGE][PASSED] - Delayed 3 second(s)

2018-02-05 15:50:50 - [TEST_STEP][PASSED] - click: Object: 'Object Repository/Endorsement_OR/btn_EDIT_COVERAGE_UW' is clicked on

2018-02-05 15:50:50 - [MESSAGE][PASSED] - Object: 'Object Repository/Endorsement_OR/btn_EDIT_COVERAGE_UW' is clicked on

2018-02-05 15:50:50 - [TEST_STEP][PASSED] - delay: Delayed 6 second(s)

2018-02-05 15:50:56 - [MESSAGE][PASSED] - Delayed 6 second(s)

2018-02-05 15:50:56 - [TEST_STEP][PASSED] - click: Object: 'Object Repository/Endorsement_OR/drp_SETTLEMENTTYPE_UW' is clicked on

2018-02-05 15:50:56 - [MESSAGE][PASSED] - Object: 'Object Repository/Endorsement_OR/drp_SETTLEMENTTYPE_UW' is clicked on

2018-02-05 15:50:56 - [TEST_STEP][PASSED] - selectOptionByValue: All options with value 'ACV' are selected in object 'Object Repository/Endorsement_OR/drp_SETTLEMENTTYPE_UW' 

2018-02-05 15:50:56 - [MESSAGE][PASSED] - All options with value 'ACV' are selected in object 'Object Repository/Endorsement_OR/drp_SETTLEMENTTYPE_UW' 

2018-02-05 15:50:56 - [TEST_STEP][PASSED] - click: Object: 'Object Repository/Endorsement_OR/btn_UPDATE_COVERAGE_UW' is clicked on

2018-02-05 15:50:57 - [MESSAGE][PASSED] - Object: 'Object Repository/Endorsement_OR/btn_UPDATE_COVERAGE_UW' is clicked on

2018-02-05 15:50:57 - [TEST_STEP][PASSED] - delay: Delayed 2 second(s)

2018-02-05 15:50:59 - [MESSAGE][PASSED] - Delayed 2 second(s)

2018-02-05 15:50:59 - [TEST_STEP][PASSED] - click: Object: 'Object Repository/Endorsement_OR/btn_RECALCULATE_UW' is clicked on

2018-02-05 15:50:59 - [MESSAGE][PASSED] - Object: 'Object Repository/Endorsement_OR/btn_RECALCULATE_UW' is clicked on

2018-02-05 15:50:59 - [TEST_STEP][PASSED] - delay: Delayed 2 second(s)

2018-02-05 15:51:01 - [MESSAGE][PASSED] - Delayed 2 second(s)

2018-02-05 15:51:01 - [TEST_STEP][PASSED] - Statement - use(groovy.time.TimeCategory, { -> ... }): null

2018-02-05 15:51:01 - [TEST_STEP][PASSED] - scrollToPosition: Browser is scrolled to position x = 0, y = 50

2018-02-05 15:51:01 - [MESSAGE][PASSED] - Browser is scrolled to position x = 0, y = 50

2018-02-05 15:51:01 - [TEST_STEP][PASSED] - click: Object: 'Object Repository/Endorsement_OR/btn_EDIT_PROPERTY_UW' is clicked on

2018-02-05 15:51:01 - [MESSAGE][PASSED] - Object: 'Object Repository/Endorsement_OR/btn_EDIT_PROPERTY_UW' is clicked on

2018-02-05 15:51:01 - [TEST_STEP][PASSED] - delay: Delayed 2 second(s)

2018-02-05 15:51:03 - [MESSAGE][PASSED] - Delayed 2 second(s)

2018-02-05 15:51:03 - [TEST_STEP][PASSED] - setText: Text '1970' is set on object 'Object Repository/Endorsement_OR/txtfield_HOME_BUILD_ENDORSEMENT_UW'

2018-02-05 15:51:03 - [MESSAGE][PASSED] - Text '1970' is set on object 'Object Repository/Endorsement_OR/txtfield_HOME_BUILD_ENDORSEMENT_UW'

2018-02-05 15:51:03 - [TEST_STEP][PASSED] - delay: Delayed 4 second(s)

2018-02-05 15:51:07 - [MESSAGE][PASSED] - Delayed 4 second(s)

2018-02-05 15:51:07 - [TEST_STEP][PASSED] - setText: Text '500000' is set on object 'Object Repository/Endorsement_OR/txtfield_EXIMATED_VALUATION_UW'

2018-02-05 15:51:07 - [MESSAGE][PASSED] - Text '500000' is set on object 'Object Repository/Endorsement_OR/txtfield_EXIMATED_VALUATION_UW'

2018-02-05 15:51:07 - [TEST_STEP][PASSED] - delay: Delayed 4 second(s)

2018-02-05 15:51:11 - [MESSAGE][PASSED] - Delayed 4 second(s)

2018-02-05 15:51:11 - [TEST_STEP][PASSED] - click: Object: 'Object Repository/Endorsement_OR/drp_CONSTRUCTION_TYPE_UW' is clicked on

2018-02-05 15:51:12 - [MESSAGE][PASSED] - Object: 'Object Repository/Endorsement_OR/drp_CONSTRUCTION_TYPE_UW' is clicked on

2018-02-05 15:51:12 - [TEST_STEP][PASSED] - selectOptionByIndex: All options with index in [3] are selected on object 'Object Repository/Endorsement_OR/drp_CONSTRUCTION_TYPE_UW'

2018-02-05 15:51:12 - [MESSAGE][PASSED] - All options with index in [3] are selected on object 'Object Repository/Endorsement_OR/drp_CONSTRUCTION_TYPE_UW'

2018-02-05 15:51:12 - [TEST_STEP][PASSED] - delay: Delayed 4 second(s)

2018-02-05 15:51:16 - [MESSAGE][PASSED] - Delayed 4 second(s)

2018-02-05 15:51:16 - [TEST_STEP][PASSED] - click: Object: 'Object Repository/Endorsement_OR/btn_UPDATE_ENDORSEMENT_PROPERTY_UW' is clicked on

2018-02-05 15:51:16 - [MESSAGE][PASSED] - Object: 'Object Repository/Endorsement_OR/btn_UPDATE_ENDORSEMENT_PROPERTY_UW' is clicked on

2018-02-05 15:51:16 - [TEST_STEP][PASSED] - delay: Delayed 4 second(s)

2018-02-05 15:51:20 - [MESSAGE][PASSED] - Delayed 4 second(s)

2018-02-05 15:51:20 - [TEST_STEP][PASSED] - click: Object: 'Object Repository/Endorsement_OR/btn_RECALCULATE_UW' is clicked on

2018-02-05 15:51:20 - [MESSAGE][PASSED] - Object: 'Object Repository/Endorsement_OR/btn_RECALCULATE_UW' is clicked on

2018-02-05 15:51:20 - [TEST_STEP][PASSED] - delay: Delayed 4 second(s)

2018-02-05 15:51:24 - [MESSAGE][PASSED] - Delayed 4 second(s)

2018-02-05 15:51:24 - [TEST_STEP][PASSED] - click: Object: 'Object Repository/Endorsement_OR/btn_GENERATE_FORMS_UW' is clicked on

2018-02-05 15:51:24 - [MESSAGE][PASSED] - Object: 'Object Repository/Endorsement_OR/btn_GENERATE_FORMS_UW' is clicked on

2018-02-05 15:51:24 - [TEST_STEP][PASSED] - delay: Delayed 4 second(s)

2018-02-05 15:51:28 - [MESSAGE][PASSED] - Delayed 4 second(s)

2018-02-05 15:51:28 - [TEST_STEP][PASSED] - click: Object: 'Object Repository/Endorsement_OR/btn_APPROVE_ENDORSEMENT' is clicked on

2018-02-05 15:51:29 - [MESSAGE][PASSED] - Object: 'Object Repository/Endorsement_OR/btn_APPROVE_ENDORSEMENT' is clicked on

2018-02-05 15:51:29 - [TEST_STEP][PASSED] - delay: Delayed 6 second(s)

2018-02-05 15:51:35 - [MESSAGE][PASSED] - Delayed 6 second(s)

2018-02-05 15:51:35 - [TEST_STEP][PASSED] - click: Object: 'Object Repository/Endorsement_OR/chkbx_HOMEOWNER_END_FORM' is clicked on

2018-02-05 15:51:35 - [MESSAGE][PASSED] - Object: 'Object Repository/Endorsement_OR/chkbx_HOMEOWNER_END_FORM' is clicked on

2018-02-05 15:51:35 - [TEST_STEP][PASSED] - delay: Delayed 4 second(s)

2018-02-05 15:51:39 - [MESSAGE][PASSED] - Delayed 4 second(s)

2018-02-05 15:51:39 - [TEST_STEP][PASSED] - click: Object: 'Object Repository/Endorsement_OR/chkbx_HOMEOWNER_END_FORM' is clicked on

2018-02-05 15:51:39 - [MESSAGE][PASSED] - Object: 'Object Repository/Endorsement_OR/chkbx_HOMEOWNER_END_FORM' is clicked on

2018-02-05 15:51:39 - [TEST_STEP][PASSED] - delay: Delayed 4 second(s)

2018-02-05 15:51:43 - [MESSAGE][PASSED] - Delayed 4 second(s)

2018-02-05 15:51:43 - [TEST_STEP][PASSED] - click: Object: 'Object Repository/Endorsement_OR/btn_FILLDATA_HOMEOWNER_END_FORM' is clicked on

2018-02-05 15:51:43 - [MESSAGE][PASSED] - Object: 'Object Repository/Endorsement_OR/btn_FILLDATA_HOMEOWNER_END_FORM' is clicked on

2018-02-05 15:51:43 - [TEST_STEP][PASSED] - delay: Delayed 10 second(s)

2018-02-05 15:51:53 - [MESSAGE][PASSED] - Delayed 10 second(s)

2018-02-05 15:51:53 - [TEST_STEP][PASSED] - setText: Text 'Testing' is set on object 'Object Repository/Endorsement_OR/txtfield_HOMEOWNER_END_FORM'

2018-02-05 15:51:53 - [MESSAGE][PASSED] - Text 'Testing' is set on object 'Object Repository/Endorsement_OR/txtfield_HOMEOWNER_END_FORM'

2018-02-05 15:51:53 - [TEST_STEP][PASSED] - delay: Delayed 4 second(s)

2018-02-05 15:51:57 - [MESSAGE][PASSED] - Delayed 4 second(s)

2018-02-05 15:51:57 - [TEST_STEP][PASSED] - click: Object: 'Object Repository/Endorsement_OR/btn_SUBMIT_HOMEOWNER_END_FORM' is clicked on

2018-02-05 15:51:57 - [MESSAGE][PASSED] - Object: 'Object Repository/Endorsement_OR/btn_SUBMIT_HOMEOWNER_END_FORM' is clicked on

2018-02-05 15:51:57 - [TEST_STEP][PASSED] - delay: Delayed 4 second(s)

2018-02-05 15:52:01 - [MESSAGE][PASSED] - Delayed 4 second(s)

2018-02-05 15:52:01 - [TEST_STEP][PASSED] - click: Object: 'Object Repository/Endorsement_OR/btn_VIEW_DRAFT_END' is clicked on

2018-02-05 15:52:02 - [MESSAGE][PASSED] - Object: 'Object Repository/Endorsement_OR/btn_VIEW_DRAFT_END' is clicked on

2018-02-05 15:52:02 - [TEST_STEP][PASSED] - delay: Delayed 4 second(s)

2018-02-05 15:52:06 - [MESSAGE][PASSED] - Delayed 4 second(s)

2018-02-05 15:52:06 - [TEST_STEP][PASSED] - click: Object: 'Object Repository/Endorsement_OR/btn_APPROVE_ENDORSEMENT' is clicked on

2018-02-05 15:52:06 - [MESSAGE][PASSED] - Object: 'Object Repository/Endorsement_OR/btn_APPROVE_ENDORSEMENT' is clicked on

2018-02-05 15:52:06 - [TEST_STEP][PASSED] - delay: Delayed 100 second(s)

2018-02-05 15:53:46 - [MESSAGE][PASSED] - Delayed 100 second(s)

2018-02-05 15:53:46 - [TEST_STEP][FAILED] - click: Unable to click on object 'Object Repository/Endorsement_OR/btn_LOGOUT_UW' (Root cause: com.kms.katalon.core.webui.exception.WebElementNotFoundException: Web element with id: 'Object Repository/Endorsement_OR/btn_LOGOUT_UW' located by 'By.xpath: //*[@id="lnkLogout"]' not found)

2018-02-05 15:54:18 - [MESSAGE][FAILED] - Unable to click on object 'Object Repository/Endorsement_OR/btn_LOGOUT_UW' (Root cause: com.kms.katalon.core.webui.exception.WebElementNotFoundException: Web element with id: 'Object Repository/Endorsement_OR/btn_LOGOUT_UW' located by 'By.xpath: //*[@id="lnkLogout"]' not found)
[[ATTACHMENT|D:\\Katalon_Practice_Workspace\\Katalon_PPE_GANESH\\Reports\\PPE\\20180205_154132\\1517826257432.png]]]]></system-out>
         <system-err><![CDATA[2018-02-05 15:49:00 - [TEST_CASE][FAILED] - Test Cases/ENDORSEMENT_CREATION: Test Cases/ENDORSEMENT_CREATION FAILED because (of) Unable to click on object 'Object Repository/Endorsement_OR/btn_LOGOUT_UW' (Root cause: com.kms.katalon.core.webui.exception.WebElementNotFoundException: Web element with id: 'Object Repository/Endorsement_OR/btn_LOGOUT_UW' located by 'By.xpath: //*[@id="lnkLogout"]' not found)]]></system-err>
      </testcase>
      <system-out><![CDATA[2018-02-05 15:41:33 - [TEST_SUITE][FAILED] - PPE: Test Cases/ENDORSEMENT_CREATION FAILED because (of) Unable to click on object 'Object Repository/Endorsement_OR/btn_LOGOUT_UW' (Root cause: com.kms.katalon.core.webui.exception.WebElementNotFoundException: Web element with id: 'Object Repository/Endorsement_OR/btn_LOGOUT_UW' located by 'By.xpath: //*[@id="lnkLogout"]' not found)]]></system-out>
      <system-err><![CDATA[2018-02-05 15:41:33 - [TEST_SUITE][FAILED] - PPE: Test Cases/ENDORSEMENT_CREATION FAILED because (of) Unable to click on object 'Object Repository/Endorsement_OR/btn_LOGOUT_UW' (Root cause: com.kms.katalon.core.webui.exception.WebElementNotFoundException: Web element with id: 'Object Repository/Endorsement_OR/btn_LOGOUT_UW' located by 'By.xpath: //*[@id="lnkLogout"]' not found)]]></system-err>
   </testsuite>
</testsuites>
