<?xml version="1.0" encoding="UTF-8"?>
<testsuites name="PPE" time="917" tests="3" failures="0" errors="1">
   <testsuite name="PPE" tests="3" failures="0" errors="1" time="917" timestamp="2018-02-13 17:27:28" hostname="gsalunkhe - CTS-QUA-4.cogitate.india" id="Test Suites/PPE">
      <properties>
         <property name="deviceName" value=""/>
         <property name="devicePlatform" value=""/>
         <property name="logFolder" value="D:\\Katalon_Practice_Workspace\\Katalon_PPE_GANESH\\Reports\\PPE\\20180213_172726"/>
         <property name="logFiles" value="D:\\Katalon_Practice_Workspace\\Katalon_PPE_GANESH\\Reports\\PPE\\20180213_172726\\execution0.log"/>
         <property name="attachments" value=""/>
         <property name="hostName" value="gsalunkhe - CTS-QUA-4.cogitate.india"/>
         <property name="os" value="Windows 7 64bit"/>
         <property name="katalonVersion" value="5.0.1.1"/>
         <property name="browser" value="Chrome 63.0.3239.132"/>
         <property name="hostAddress" value="192.168.0.4"/>
         <property name="sessionId" value="d1ae6ccd9cae70b480ca361699c0e9ac"/>
         <property name="seleniumVersion" value="2.53.0"/>
         <property name="proxyInformation" value="ProxyInformation{proxyOption=NO_PROXY, proxyServerType=, password=, proxyServerAddress=, proxyServerPort=0}"/>
         <property name="platform" value="Windows 7"/>
      </properties>
      <testcase name="Test Cases/QUOTE_CREATION" classname="Test Cases/QUOTE_CREATION" status="PASSED">
         <system-out><![CDATA[2018-02-13 17:27:28 - [TEST_CASE][PASSED] - Test Cases/QUOTE_CREATION: Test Cases/QUOTE_CREATION

2018-02-13 17:27:29 - [TEST_STEP][PASSED] - Statement - propertyDataRowCounter = 0: null

2018-02-13 17:27:29 - [TEST_STEP][PASSED] - Statement - configDataRowCounter = 0: null

2018-02-13 17:27:29 - [TEST_STEP][PASSED] - Statement - genericDATA = com.kms.katalon.core.testdata.TestDataFactory.findTestData(PPE_Config_File): Test data is internal data, reading internal data

2018-02-13 17:27:29 - [TEST_STEP][PASSED] - Statement - propertyDATA = com.kms.katalon.core.testdata.TestDataFactory.findTestData(PPEPROPERTYDATA): Test data is internal data, reading internal data

2018-02-13 17:27:29 - [TEST_STEP][PASSED] - com.PPE.url_Navigation.gotoURL: com.PPE.url_Navigation.gotoURL is PASSED

2018-02-13 17:27:35 - [MESSAGE][PASSED] - Browser is opened with url: 'http://test.cogitate.us/PPE.Test/'

2018-02-13 17:27:35 - [MESSAGE][PASSED] - Wait for page load successfully

2018-02-13 17:27:36 - [MESSAGE][PASSED] - Current window maximized

2018-02-13 17:27:36 - [MESSAGE][PASSED] - com.PPE.url_Navigation.gotoURL is PASSED

2018-02-13 17:27:36 - [TEST_STEP][PASSED] - com.PPE.IncorrectLogin.login: com.PPE.IncorrectLogin.login is PASSED

2018-02-13 17:27:36 - [MESSAGE][PASSED] - Text '125634' is set on object 'Object Repository/Quote_OR/txtfield_USERNAME'

2018-02-13 17:27:37 - [MESSAGE][PASSED] - Text '10#Hammer' is set on object 'Object Repository/Quote_OR/txtfield_PASSWORD'

2018-02-13 17:27:38 - [MESSAGE][PASSED] - Object: 'Object Repository/Quote_OR/btn-LOGIN' is clicked on

2018-02-13 17:27:44 - [MESSAGE][PASSED] - Delayed 6 second(s)

2018-02-13 17:27:44 - [MESSAGE][PASSED] - Text 'ih.chelms' is set on object 'Object Repository/Quote_OR/txtfield_USERNAME'

2018-02-13 17:27:44 - [MESSAGE][PASSED] - Text '123456' is set on object 'Object Repository/Quote_OR/txtfield_PASSWORD'

2018-02-13 17:27:45 - [MESSAGE][PASSED] - Object: 'Object Repository/Quote_OR/btn-LOGIN' is clicked on

2018-02-13 17:27:51 - [MESSAGE][PASSED] - Delayed 6 second(s)

2018-02-13 17:27:51 - [MESSAGE][PASSED] - Text 'ih.jbutler' is set on object 'Object Repository/Quote_OR/txtfield_USERNAME'

2018-02-13 17:27:51 - [MESSAGE][PASSED] - Text '123456' is set on object 'Object Repository/Quote_OR/txtfield_PASSWORD'

2018-02-13 17:27:52 - [MESSAGE][PASSED] - Object: 'Object Repository/Quote_OR/btn-LOGIN' is clicked on

2018-02-13 17:27:58 - [MESSAGE][PASSED] - Delayed 6 second(s)

2018-02-13 17:27:58 - [MESSAGE][PASSED] - Text 'Ganesh' is set on object 'Object Repository/Quote_OR/txtfield_USERNAME'

2018-02-13 17:27:58 - [MESSAGE][PASSED] - Text 'Salunkhe' is set on object 'Object Repository/Quote_OR/txtfield_PASSWORD'

2018-02-13 17:27:59 - [MESSAGE][PASSED] - Object: 'Object Repository/Quote_OR/btn-LOGIN' is clicked on

2018-02-13 17:28:05 - [MESSAGE][PASSED] - Delayed 6 second(s)

2018-02-13 17:28:06 - [MESSAGE][PASSED] - Text 'ih.william' is set on object 'Object Repository/Quote_OR/txtfield_USERNAME'

2018-02-13 17:28:06 - [MESSAGE][PASSED] - Text 'ih.chelms' is set on object 'Object Repository/Quote_OR/txtfield_PASSWORD'

2018-02-13 17:28:07 - [MESSAGE][PASSED] - Object: 'Object Repository/Quote_OR/btn-LOGIN' is clicked on

2018-02-13 17:28:13 - [MESSAGE][PASSED] - Delayed 6 second(s)

2018-02-13 17:28:13 - [MESSAGE][PASSED] - com.PPE.IncorrectLogin.login is PASSED

2018-02-13 17:28:13 - [TEST_STEP][PASSED] - com.PPE.Login.correctlogin: com.PPE.Login.correctlogin is PASSED

2018-02-13 17:28:13 - [MESSAGE][PASSED] - Text 'ih.chelms' is set on object 'Object Repository/Quote_OR/txtfield_USERNAME'

2018-02-13 17:28:13 - [MESSAGE][PASSED] - Text '10#Hammer' is set on object 'Object Repository/Quote_OR/txtfield_PASSWORD'

2018-02-13 17:28:19 - [MESSAGE][PASSED] - Object: 'Object Repository/Quote_OR/btn-LOGIN' is clicked on

2018-02-13 17:28:19 - [MESSAGE][PASSED] - com.PPE.Login.correctlogin is PASSED

2018-02-13 17:28:19 - [TEST_STEP][PASSED] - Statement - If (genericDATA.internallyGetValue("STATE", configDataRowCounter) == "GA"): Text '309 Belmont Dr Dublin, GA 31021 USA' is set on object 'Object Repository/Quote_OR/txtfield_ADDRESS_ON_LANDING_PAGE'

2018-02-13 17:28:19 - [TEST_STEP][PASSED] - setText: Text '309 Belmont Dr Dublin, GA 31021 USA' is set on object 'Object Repository/Quote_OR/txtfield_ADDRESS_ON_LANDING_PAGE'

2018-02-13 17:28:19 - [MESSAGE][PASSED] - Text '309 Belmont Dr Dublin, GA 31021 USA' is set on object 'Object Repository/Quote_OR/txtfield_ADDRESS_ON_LANDING_PAGE'

2018-02-13 17:28:19 - [TEST_STEP][PASSED] - click: Object: 'Object Repository/Quote_OR/btn_SEARCH_ADDRESS' is clicked on

2018-02-13 17:28:32 - [MESSAGE][PASSED] - Object: 'Object Repository/Quote_OR/btn_SEARCH_ADDRESS' is clicked on

2018-02-13 17:28:32 - [TEST_STEP][PASSED] - waitForPageLoad: Wait for page load successfully

2018-02-13 17:28:32 - [MESSAGE][PASSED] - Wait for page load successfully

2018-02-13 17:28:32 - [TEST_STEP][PASSED] - com.PPE.QuotePropertyDataSelection.QuoteCreation: com.PPE.QuotePropertyDataSelection.QuoteCreation is PASSED

2018-02-13 17:28:32 - [MESSAGE][PASSED] - All options with index in [1] are selected on object 'Object Repository/Quote_OR/drp_PROPERTY_TYPE'

2018-02-13 17:28:33 - [MESSAGE][PASSED] - Text '' is set on object 'Object Repository/Quote_OR/txtfield_HOME_VALUATION'

2018-02-13 17:28:33 - [MESSAGE][PASSED] - Object: 'Object Repository/Quote_OR/btn_GETQUOTE' is clicked on

2018-02-13 17:28:33 - [MESSAGE][PASSED] - All options with index in [2] are selected on object 'Object Repository/Quote_OR/drp_CONSTRUCTION_TYPE'

2018-02-13 17:28:33 - [MESSAGE][PASSED] - Text '75000' is set on object 'Object Repository/Quote_OR/txtfield_HOME_VALUATION'

2018-02-13 17:28:35 - [MESSAGE][PASSED] - Delayed 2 second(s)

2018-02-13 17:28:36 - [MESSAGE][PASSED] - Text '' is set on object 'Object Repository/Quote_OR/txtbx_YEARHOMEBUILD'

2018-02-13 17:28:36 - [MESSAGE][PASSED] - Object: 'Object Repository/Quote_OR/btn_GETQUOTE' is clicked on

2018-02-13 17:28:36 - [MESSAGE][PASSED] - Text '1968' is set on object 'Object Repository/Quote_OR/txtbx_YEARHOMEBUILD'

2018-02-13 17:28:36 - [MESSAGE][PASSED] - Object: 'Object Repository/Quote_OR/btn_GETQUOTE' is clicked on

2018-02-13 17:28:40 - [MESSAGE][PASSED] - Delayed 4 second(s)

2018-02-13 17:28:40 - [MESSAGE][PASSED] - Object: 'Object Repository/Quote_OR/btn_SENDQUOTE' is clicked on

2018-02-13 17:28:41 - [MESSAGE][PASSED] - Delayed 1 second(s)

2018-02-13 17:28:41 - [MESSAGE][PASSED] - Object: 'Object Repository/Quote_OR/btn_SEND_QUOTE_DETAILS' is clicked on

2018-02-13 17:28:42 - [MESSAGE][PASSED] - Delayed 1 second(s)

2018-02-13 17:28:43 - [MESSAGE][PASSED] - Text 'Nitin' is set on object 'Object Repository/Quote_OR/txtfield_SENDQUOTE_FIRSTNAME'

2018-02-13 17:28:43 - [MESSAGE][PASSED] - Text 'Pattinson' is set on object 'Object Repository/Quote_OR/txtfield_SENDQUOTE_LASTNAME'

2018-02-13 17:28:46 - [MESSAGE][PASSED] - Delayed 3 second(s)

2018-02-13 17:28:47 - [MESSAGE][PASSED] - Text '9768180080' is set on object 'Object Repository/Quote_OR/txtfield_SENDQUOTE_CONTACTNUMBER'

2018-02-13 17:28:50 - [MESSAGE][PASSED] - Delayed 3 second(s)

2018-02-13 17:28:50 - [MESSAGE][PASSED] - Text 'gsalunkhe@cogitate.us' is set on object 'Object Repository/Quote_OR/txtfield_SENDQUOTE_EMAIL'

2018-02-13 17:28:54 - [MESSAGE][PASSED] - Delayed 4 second(s)

2018-02-13 17:28:54 - [MESSAGE][PASSED] - Object: 'Object Repository/Quote_OR/btn_SEND_QUOTE_DETAILS' is clicked on

2018-02-13 17:28:58 - [MESSAGE][PASSED] - Delayed 4 second(s)

2018-02-13 17:28:58 - [MESSAGE][PASSED] - All options with index in [1] are selected on object 'Object Repository/Quote_OR/drp_CONSTRUCTION_TYPE'

2018-02-13 17:29:06 - [MESSAGE][PASSED] - Delayed 8 second(s)

2018-02-13 17:29:06 - [MESSAGE][PASSED] - Object: 'Object Repository/Quote_OR/btn_RECALCULATE_PREMIUM' is clicked on

2018-02-13 17:29:06 - [MESSAGE][PASSED] - com.PPE.QuotePropertyDataSelection.QuoteCreation is PASSED]]></system-out>
         <system-err><![CDATA[]]></system-err>
      </testcase>
      <testcase name="Test Cases/APPLICATION_CREATION" classname="Test Cases/APPLICATION_CREATION" status="PASSED">
         <system-out><![CDATA[2018-02-13 17:29:06 - [TEST_CASE][PASSED] - Test Cases/APPLICATION_CREATION: Test Cases/APPLICATION_CREATION

2018-02-13 17:29:07 - [TEST_STEP][PASSED] - Statement - propertyDataRowCounter = 0: null

2018-02-13 17:29:07 - [TEST_STEP][PASSED] - Statement - configDataRowCounter = 0: null

2018-02-13 17:29:07 - [TEST_STEP][PASSED] - Statement - genericDATA = com.kms.katalon.core.testdata.TestDataFactory.findTestData(PPE_Config_File): Test data is internal data, reading internal data

2018-02-13 17:29:07 - [TEST_STEP][PASSED] - Statement - propertyDATA = com.kms.katalon.core.testdata.TestDataFactory.findTestData(PPEPROPERTYDATA): Test data is internal data, reading internal data

2018-02-13 17:29:07 - [TEST_STEP][PASSED] - Statement - Address = com.kms.katalon.core.testobject.ObjectRepository.findTestObject(Endorsement_OR/get_Address): Finding Test Object with id 'Object Repository/Endorsement_OR/get_Address'

2018-02-13 17:29:07 - [TEST_STEP][PASSED] - Statement - propertyaddress = com.kms.katalon.core.webui.keyword.WebUiBuiltInKeywords.getAttribute(Address, "value"): Attribute 'value' of object 'Object Repository/Endorsement_OR/get_Address' is: '309 Belmont Dr, Dublin, GA 31021, USA'

2018-02-13 17:29:07 - [MESSAGE][PASSED] - Attribute 'value' of object 'Object Repository/Endorsement_OR/get_Address' is: '309 Belmont Dr, Dublin, GA 31021, USA'

2018-02-13 17:29:07 - [TEST_STEP][PASSED] - Statement - println(propertyaddress): null

2018-02-13 17:29:07 - [TEST_STEP][PASSED] - Statement - propertyaddress = propertyaddress: null

2018-02-13 17:29:07 - [TEST_STEP][PASSED] - com.PPE.Saving_PolicyHolderInfo_Page.PolicyHolderPage: com.PPE.Saving_PolicyHolderInfo_Page.PolicyHolderPage is PASSED

2018-02-13 17:29:11 - [MESSAGE][PASSED] - Delayed 4 second(s)

2018-02-13 17:29:12 - [MESSAGE][PASSED] - Object: 'Object Repository/Application_OR/btn_TOAPPLICATION' is clicked on

2018-02-13 17:29:16 - [MESSAGE][PASSED] - Delayed 4 second(s)

2018-02-13 17:29:16 - [MESSAGE][PASSED] - Object: 'Object Repository/Application_OR/btn-YES_IS_BNESS_PREMISES' is clicked on

2018-02-13 17:29:18 - [MESSAGE][PASSED] - Delayed 2 second(s)

2018-02-13 17:29:18 - [MESSAGE][PASSED] - Object: 'Object Repository/Application_OR/btn-YES_FOOT_TRAFFIC' is clicked on

2018-02-13 17:29:20 - [MESSAGE][PASSED] - Delayed 2 second(s)

2018-02-13 17:29:20 - [MESSAGE][PASSED] - Text '11' is set on object 'Object Repository/Application_OR/txtfield-Traffic_Percentage'

2018-02-13 17:29:23 - [MESSAGE][PASSED] - Delayed 3 second(s)

2018-02-13 17:29:23 - [MESSAGE][PASSED] - Object: 'Object Repository/Application_OR/btn_CONTINUE_UW_QUESTIONS' is clicked on

2018-02-13 17:29:26 - [MESSAGE][PASSED] - Delayed 3 second(s)

2018-02-13 17:29:27 - [MESSAGE][PASSED] - Text '10' is set on object 'Object Repository/Application_OR/txtfield-Traffic_Percentage'

2018-02-13 17:29:31 - [MESSAGE][PASSED] - Delayed 4 second(s)

2018-02-13 17:29:31 - [MESSAGE][PASSED] - Object: 'Object Repository/Application_OR/btn_CONTINUE_UW_QUESTIONS' is clicked on

2018-02-13 17:29:34 - [MESSAGE][PASSED] - Delayed 3 second(s)

2018-02-13 17:29:34 - [MESSAGE][PASSED] - Object: 'Object Repository/Application_OR/txtfield_INSURED_FIRSTNAME' is clicked on

2018-02-13 17:29:34 - [MESSAGE][PASSED] - Text '' is set on object 'Object Repository/Application_OR/txtfield_INSURED_FIRSTNAME'

2018-02-13 17:29:34 - [MESSAGE][PASSED] - Text 'David' is set on object 'Object Repository/Application_OR/txtfield_INSURED_FIRSTNAME'

2018-02-13 17:29:34 - [MESSAGE][PASSED] - Text '' is set on object 'Object Repository/Application_OR/txtfield_INSURED_MIDDLENAME'

2018-02-13 17:29:34 - [MESSAGE][PASSED] - Text 'Faf' is set on object 'Object Repository/Application_OR/txtfield_INSURED_MIDDLENAME'

2018-02-13 17:29:34 - [MESSAGE][PASSED] - Text '' is set on object 'Object Repository/Application_OR/txtfield_INSURED_LASTNAME'

2018-02-13 17:29:35 - [MESSAGE][PASSED] - Text 'Duminy' is set on object 'Object Repository/Application_OR/txtfield_INSURED_LASTNAME'

2018-02-13 17:29:35 - [MESSAGE][PASSED] - Text '09/10/1999' is set on object 'Object Repository/Application_OR/txtfield_INSURED_DOB'

2018-02-13 17:29:40 - [MESSAGE][PASSED] - Delayed 5 second(s)

2018-02-13 17:29:40 - [MESSAGE][PASSED] - Text 'gsalunkhe@cogitate.us' is set on object 'Object Repository/Application_OR/txtfield_INSURED_EMAIL'

2018-02-13 17:29:45 - [MESSAGE][PASSED] - Delayed 5 second(s)

2018-02-13 17:29:45 - [MESSAGE][PASSED] - Text '9768180080' is set on object 'Object Repository/Application_OR/txtfield_INSURED_CONTACTNUMBER'

2018-02-13 17:29:50 - [MESSAGE][PASSED] - Delayed 5 second(s)

2018-02-13 17:29:50 - [MESSAGE][PASSED] - Attribute 'value' of object 'Object Repository/Generic_OR/hdnPolicyInfoId' is: '3183'

2018-02-13 17:29:51 - [MESSAGE][PASSED] - Object: 'Object Repository/Application_OR/btn_POLICYHOLDER_SAVEANDCONTINUE' is clicked on

2018-02-13 17:29:52 - [MESSAGE][PASSED] - Delayed 1 second(s)

2018-02-13 17:29:52 - [MESSAGE][PASSED] - com.PPE.Saving_PolicyHolderInfo_Page.PolicyHolderPage is PASSED

2018-02-13 17:29:52 - [TEST_STEP][PASSED] - com.PPE.Saving_PropertyInfo_Page.PropertyPage: com.PPE.Saving_PropertyInfo_Page.PropertyPage is PASSED

2018-02-13 17:29:53 - [MESSAGE][PASSED] - Object: 'Object Repository/Application_OR/drp_ROOFTYPE_PROPERTYPAGE' is clicked on

2018-02-13 17:29:56 - [MESSAGE][PASSED] - Delayed 3 second(s)

2018-02-13 17:29:56 - [MESSAGE][PASSED] - All options with index in [1] are selected on object 'Object Repository/Application_OR/drp_ROOFTYPE_PROPERTYPAGE'

2018-02-13 17:29:58 - [MESSAGE][PASSED] - Delayed 2 second(s)

2018-02-13 17:29:58 - [MESSAGE][PASSED] - All options with index in [3] are selected on object 'Object Repository/Application_OR/drp_FOUNDATIONTYPE_PROPERTYPAGE'

2018-02-13 17:30:00 - [MESSAGE][PASSED] - Delayed 2 second(s)

2018-02-13 17:30:00 - [MESSAGE][PASSED] - All options with index in [7] are selected on object 'Object Repository/Application_OR/drp_HEATINGTYPE_PROPERTYPAGE'

2018-02-13 17:30:05 - [MESSAGE][PASSED] - Delayed 5 second(s)

2018-02-13 17:30:05 - [MESSAGE][PASSED] - Object: 'Object Repository/Application_OR/btn_OCCUPANYPAGE_SAVEANDCONTINUE' is clicked on

2018-02-13 17:30:09 - [MESSAGE][PASSED] - Delayed 4 second(s)

2018-02-13 17:30:09 - [MESSAGE][PASSED] - Object: 'Object Repository/Application_OR/btn_YES_ROOFAGE_POPUP' is clicked on

2018-02-13 17:30:13 - [MESSAGE][PASSED] - Delayed 4 second(s)

2018-02-13 17:30:13 - [MESSAGE][PASSED] - Object: 'Object Repository/Application_OR/btn_YES_ELECTRICALAGE_POPUP' is clicked on

2018-02-13 17:30:17 - [MESSAGE][PASSED] - Delayed 4 second(s)

2018-02-13 17:30:18 - [MESSAGE][PASSED] - Object: 'Object Repository/Application_OR/btn_YES_ELECTRICALAGE_POPUP' is clicked on

2018-02-13 17:30:23 - [MESSAGE][PASSED] - Delayed 5 second(s)

2018-02-13 17:30:23 - [MESSAGE][PASSED] - com.PPE.Saving_PropertyInfo_Page.PropertyPage is PASSED

2018-02-13 17:30:23 - [TEST_STEP][PASSED] - com.PPE.Policy_Creation.ApplicationBind: com.PPE.Policy_Creation.ApplicationBind is PASSED

2018-02-13 17:30:25 - [MESSAGE][PASSED] - Object: 'Object Repository/Application_OR/btn_OCCUPANYPAGE_SAVEANDCONTINUE' is clicked on

2018-02-13 17:30:30 - [MESSAGE][PASSED] - Delayed 5 second(s)

2018-02-13 17:30:31 - [MESSAGE][PASSED] - Object 'Object Repository/Application_OR/chkbx_AGREEMENT' is checked

2018-02-13 17:30:41 - [MESSAGE][PASSED] - Delayed 10 second(s)

2018-02-13 17:30:41 - [MESSAGE][PASSED] - Object: 'Object Repository/Application_OR/btn_OCCUPANYPAGE_SAVEANDCONTINUE' is clicked on

2018-02-13 17:30:46 - [MESSAGE][PASSED] - Delayed 5 second(s)

2018-02-13 17:30:57 - [MESSAGE][PASSED] - Object: 'Object Repository/Application_OR/btn_SIGNAPPLICATION_AGENT' is clicked on

2018-02-13 17:31:02 - [MESSAGE][PASSED] - Delayed 5 second(s)

2018-02-13 17:31:02 - [MESSAGE][PASSED] - Text of object 'Object Repository/Application_OR/get_INSUREDNAME_APPLICATION FORMSUMMARY' is: 'David Faf Duminy'

2018-02-13 17:31:02 - [MESSAGE][PASSED] - Object: 'Object Repository/Application_OR/btn_INSURED_SIGNATURE' is clicked on

2018-02-13 17:31:07 - [MESSAGE][PASSED] - Delayed 5 second(s)

2018-02-13 17:31:07 - [MESSAGE][PASSED] - Object: 'Object Repository/Application_OR/txtbx_INSURED_SIGNATURE' is clicked on

2018-02-13 17:31:12 - [MESSAGE][PASSED] - Delayed 5 second(s)

2018-02-13 17:31:12 - [MESSAGE][PASSED] - Text 'David Faf Duminy' is set on object 'Object Repository/Application_OR/txtbx_INSURED_SIGNATURE'

2018-02-13 17:31:12 - [MESSAGE][PASSED] - Object: 'Object Repository/Application_OR/btn_SUBMIT_INSURED_SIGNATURE' is clicked on

2018-02-13 17:31:12 - [MESSAGE][PASSED] - com.PPE.Policy_Creation.ApplicationBind is PASSED

2018-02-13 17:31:12 - [TEST_STEP][PASSED] - Statement - otpQuery = "SELECT TOP 1 OtpGenerated FROM PPE_ApplicationForms_trn where PolicyInfoId = " + policyInfoId + " Order BY ModifiedDateTime DESC": null

2018-02-13 17:31:13 - [TEST_STEP][PASSED] - Statement - println("otpQuery" + " " + otpQuery): null

2018-02-13 17:31:13 - [TEST_STEP][PASSED] - com.PPE.Database_Connection.connectDB: com.PPE.Database_Connection.connectDB is PASSED

2018-02-13 17:31:14 - [MESSAGE][PASSED] - com.PPE.Database_Connection.connectDB is PASSED

2018-02-13 17:31:14 - [TEST_STEP][PASSED] - Statement - recordset = CustomKeywords.com.PPE.Database_Connection.executeQuery(otpQuery): com.PPE.Database_Connection.executeQuery is PASSED

2018-02-13 17:31:14 - [MESSAGE][PASSED] - com.PPE.Database_Connection.executeQuery is PASSED

2018-02-13 17:31:14 - [TEST_STEP][PASSED] - Statement - otp = 0: null

2018-02-13 17:31:14 - [TEST_STEP][PASSED] - Statement - While (recordset.next()): null

2018-02-13 17:31:14 - [TEST_STEP][PASSED] - Statement - otp = recordset.getObject("OtpGenerated"): null

2018-02-13 17:31:14 - [TEST_STEP][PASSED] - Statement - println("otp" + " " + otp): null

2018-02-13 17:31:14 - [TEST_STEP][PASSED] - delay: Delayed 10 second(s)

2018-02-13 17:31:24 - [MESSAGE][PASSED] - Delayed 10 second(s)

2018-02-13 17:31:24 - [TEST_STEP][PASSED] - Statement - txtOtp = com.kms.katalon.core.testobject.ObjectRepository.findTestObject(Application_OR/txtfield-OTP): Finding Test Object with id 'Object Repository/Application_OR/txtfield-OTP'

2018-02-13 17:31:24 - [TEST_STEP][PASSED] - setText: Text '7275' is set on object 'Object Repository/Application_OR/txtfield-OTP'

2018-02-13 17:31:25 - [MESSAGE][PASSED] - Text '7275' is set on object 'Object Repository/Application_OR/txtfield-OTP'

2018-02-13 17:31:25 - [TEST_STEP][PASSED] - delay: Delayed 1 second(s)

2018-02-13 17:31:26 - [MESSAGE][PASSED] - Delayed 1 second(s)

2018-02-13 17:31:26 - [TEST_STEP][PASSED] - click: Object: 'Object Repository/Application_OR/btn_OTP_VERIFY' is clicked on

2018-02-13 17:31:26 - [MESSAGE][PASSED] - Object: 'Object Repository/Application_OR/btn_OTP_VERIFY' is clicked on

2018-02-13 17:31:26 - [TEST_STEP][PASSED] - delay: Delayed 5 second(s)

2018-02-13 17:31:31 - [MESSAGE][PASSED] - Delayed 5 second(s)

2018-02-13 17:31:31 - [TEST_STEP][PASSED] - click: Object: 'Object Repository/Application_OR/btn_AGENT_SIGNATURE' is clicked on

2018-02-13 17:31:31 - [MESSAGE][PASSED] - Object: 'Object Repository/Application_OR/btn_AGENT_SIGNATURE' is clicked on

2018-02-13 17:31:31 - [TEST_STEP][PASSED] - delay: Delayed 2 second(s)

2018-02-13 17:31:33 - [MESSAGE][PASSED] - Delayed 2 second(s)

2018-02-13 17:31:33 - [TEST_STEP][PASSED] - click: Object: 'Object Repository/Application_OR/txtbx_AGENT_SIGNATURE' is clicked on

2018-02-13 17:31:33 - [MESSAGE][PASSED] - Object: 'Object Repository/Application_OR/txtbx_AGENT_SIGNATURE' is clicked on

2018-02-13 17:31:33 - [TEST_STEP][PASSED] - delay: Delayed 2 second(s)

2018-02-13 17:31:35 - [MESSAGE][PASSED] - Delayed 2 second(s)

2018-02-13 17:31:35 - [TEST_STEP][PASSED] - Statement - If (genericDATA.internallyGetValue("STATE", configDataRowCounter) == "GA"): Text 'Clement Helms' is set on object 'Object Repository/Application_OR/txtbx_AGENT_SIGNATURE'

2018-02-13 17:31:35 - [TEST_STEP][PASSED] - setText: Text 'Clement Helms' is set on object 'Object Repository/Application_OR/txtbx_AGENT_SIGNATURE'

2018-02-13 17:31:35 - [MESSAGE][PASSED] - Text 'Clement Helms' is set on object 'Object Repository/Application_OR/txtbx_AGENT_SIGNATURE'

2018-02-13 17:31:35 - [TEST_STEP][PASSED] - click: Object: 'Object Repository/Application_OR/btn_SUBMIT_AGENT_SIGNATURE' is clicked on

2018-02-13 17:31:35 - [MESSAGE][PASSED] - Object: 'Object Repository/Application_OR/btn_SUBMIT_AGENT_SIGNATURE' is clicked on

2018-02-13 17:31:35 - [TEST_STEP][PASSED] - delay: Delayed 5 second(s)

2018-02-13 17:31:40 - [MESSAGE][PASSED] - Delayed 5 second(s)

2018-02-13 17:31:40 - [TEST_STEP][PASSED] - click: Object: 'Object Repository/Application_OR/btn_SURPLUSLINE_ACK' is clicked on

2018-02-13 17:31:43 - [MESSAGE][PASSED] - Object: 'Object Repository/Application_OR/btn_SURPLUSLINE_ACK' is clicked on

2018-02-13 17:31:43 - [TEST_STEP][PASSED] - delay: Delayed 5 second(s)

2018-02-13 17:31:48 - [MESSAGE][PASSED] - Delayed 5 second(s)

2018-02-13 17:31:48 - [TEST_STEP][PASSED] - Statement - If (genericDATA.internallyGetValue("STATE", configDataRowCounter) == "GA"): Object: 'Object Repository/Application_OR/btn_SUBMIT_SURPLUSLINE' is clicked on

2018-02-13 17:31:48 - [TEST_STEP][PASSED] - click: Object: 'Object Repository/Application_OR/txtfield_SURPLUSLINE_FORM_TEXT' is clicked on

2018-02-13 17:31:48 - [MESSAGE][PASSED] - Object: 'Object Repository/Application_OR/txtfield_SURPLUSLINE_FORM_TEXT' is clicked on

2018-02-13 17:31:48 - [TEST_STEP][PASSED] - delay: Delayed 2 second(s)

2018-02-13 17:31:50 - [MESSAGE][PASSED] - Delayed 2 second(s)

2018-02-13 17:31:50 - [TEST_STEP][PASSED] - setText: Text 'Testing' is set on object 'Object Repository/Application_OR/txtfield_SURPLUSLINE_FORM_TEXT'

2018-02-13 17:31:50 - [MESSAGE][PASSED] - Text 'Testing' is set on object 'Object Repository/Application_OR/txtfield_SURPLUSLINE_FORM_TEXT'

2018-02-13 17:31:50 - [TEST_STEP][PASSED] - delay: Delayed 2 second(s)

2018-02-13 17:31:52 - [MESSAGE][PASSED] - Delayed 2 second(s)

2018-02-13 17:31:52 - [TEST_STEP][PASSED] - click: Object: 'Object Repository/Application_OR/btn_SUBMIT_SURPLUSLINE' is clicked on

2018-02-13 17:31:52 - [MESSAGE][PASSED] - Object: 'Object Repository/Application_OR/btn_SUBMIT_SURPLUSLINE' is clicked on

2018-02-13 17:31:52 - [TEST_STEP][PASSED] - delay: Delayed 5 second(s)

2018-02-13 17:31:57 - [MESSAGE][PASSED] - Delayed 5 second(s)

2018-02-13 17:31:57 - [TEST_STEP][PASSED] - click: Object: 'Object Repository/Application_OR/btn_SUBMIT_FOR_UW_APPROVAL' is clicked on

2018-02-13 17:31:58 - [MESSAGE][PASSED] - Object: 'Object Repository/Application_OR/btn_SUBMIT_FOR_UW_APPROVAL' is clicked on

2018-02-13 17:31:58 - [TEST_STEP][PASSED] - delay: Delayed 8 second(s)

2018-02-13 17:32:06 - [MESSAGE][PASSED] - Delayed 8 second(s)

2018-02-13 17:32:06 - [TEST_STEP][PASSED] - click: Object: 'Object Repository/Application_OR/btn_LOGOUT' is clicked on

2018-02-13 17:32:07 - [MESSAGE][PASSED] - Object: 'Object Repository/Application_OR/btn_LOGOUT' is clicked on

2018-02-13 17:32:07 - [TEST_STEP][PASSED] - delay: Delayed 5 second(s)

2018-02-13 17:32:12 - [MESSAGE][PASSED] - Delayed 5 second(s)

2018-02-13 17:32:12 - [TEST_STEP][PASSED] - setText: Text 'ih.william' is set on object 'Object Repository/Quote_OR/txtfield_USERNAME'

2018-02-13 17:32:13 - [MESSAGE][PASSED] - Text 'ih.william' is set on object 'Object Repository/Quote_OR/txtfield_USERNAME'

2018-02-13 17:32:13 - [TEST_STEP][PASSED] - setText: Text '10#Hammer' is set on object 'Object Repository/Quote_OR/txtfield_PASSWORD'

2018-02-13 17:32:13 - [MESSAGE][PASSED] - Text '10#Hammer' is set on object 'Object Repository/Quote_OR/txtfield_PASSWORD'

2018-02-13 17:32:13 - [TEST_STEP][PASSED] - click: Object: 'Object Repository/Quote_OR/btn-LOGIN' is clicked on

2018-02-13 17:32:15 - [MESSAGE][PASSED] - Object: 'Object Repository/Quote_OR/btn-LOGIN' is clicked on

2018-02-13 17:32:15 - [TEST_STEP][PASSED] - delay: Delayed 5 second(s)

2018-02-13 17:32:20 - [MESSAGE][PASSED] - Delayed 5 second(s)

2018-02-13 17:32:20 - [TEST_STEP][PASSED] - Statement - btnId = "//*[@id="btnLoadApplication_" + policyInfoId + ""]": null

2018-02-13 17:32:20 - [TEST_STEP][PASSED] - Statement - btnViewApplication = new com.kms.katalon.core.testobject.TestObject(btnViewApplication): null

2018-02-13 17:32:20 - [TEST_STEP][PASSED] - Statement - btnViewApplication.addProperty("xpath", EQUALS, btnId, true): null

2018-02-13 17:32:20 - [TEST_STEP][PASSED] - delay: Delayed 20 second(s)

2018-02-13 17:32:40 - [MESSAGE][PASSED] - Delayed 20 second(s)

2018-02-13 17:32:40 - [TEST_STEP][PASSED] - click: Object: 'btnViewApplication' is clicked on

2018-02-13 17:32:42 - [MESSAGE][PASSED] - Object: 'btnViewApplication' is clicked on

2018-02-13 17:32:42 - [TEST_STEP][PASSED] - delay: Delayed 8 second(s)

2018-02-13 17:32:50 - [MESSAGE][PASSED] - Delayed 8 second(s)

2018-02-13 17:32:50 - [TEST_STEP][PASSED] - click: Object: 'Object Repository/Application_OR/btn_DOWNLOAD_AFS_UW' is clicked on

2018-02-13 17:32:50 - [MESSAGE][PASSED] - Object: 'Object Repository/Application_OR/btn_DOWNLOAD_AFS_UW' is clicked on

2018-02-13 17:32:50 - [TEST_STEP][PASSED] - delay: Delayed 5 second(s)

2018-02-13 17:32:55 - [MESSAGE][PASSED] - Delayed 5 second(s)

2018-02-13 17:32:55 - [TEST_STEP][PASSED] - click: Object: 'Object Repository/Application_OR/btn_REVIEW_APPLICATION_AT_UW' is clicked on

2018-02-13 17:32:58 - [MESSAGE][PASSED] - Object: 'Object Repository/Application_OR/btn_REVIEW_APPLICATION_AT_UW' is clicked on

2018-02-13 17:32:58 - [TEST_STEP][PASSED] - delay: Delayed 5 second(s)

2018-02-13 17:33:03 - [MESSAGE][PASSED] - Delayed 5 second(s)

2018-02-13 17:33:03 - [TEST_STEP][PASSED] - setText: Text '111' is set on object 'Object Repository/Application_OR/txtfield_INSPECTION_FEE'

2018-02-13 17:33:03 - [MESSAGE][PASSED] - Text '111' is set on object 'Object Repository/Application_OR/txtfield_INSPECTION_FEE'

2018-02-13 17:33:03 - [TEST_STEP][PASSED] - delay: Delayed 3 second(s)

2018-02-13 17:33:06 - [MESSAGE][PASSED] - Delayed 3 second(s)

2018-02-13 17:33:06 - [TEST_STEP][PASSED] - click: Object: 'Object Repository/Application_OR/drp_NO_OF_MORTAGAGEE' is clicked on

2018-02-13 17:33:07 - [MESSAGE][PASSED] - Object: 'Object Repository/Application_OR/drp_NO_OF_MORTAGAGEE' is clicked on

2018-02-13 17:33:07 - [TEST_STEP][PASSED] - delay: Delayed 3 second(s)

2018-02-13 17:33:10 - [MESSAGE][PASSED] - Delayed 3 second(s)

2018-02-13 17:33:10 - [TEST_STEP][PASSED] - selectOptionByIndex: All options with index in [1] are selected on object 'Object Repository/Application_OR/drp_NO_OF_MORTAGAGEE'

2018-02-13 17:33:10 - [MESSAGE][PASSED] - All options with index in [1] are selected on object 'Object Repository/Application_OR/drp_NO_OF_MORTAGAGEE'

2018-02-13 17:33:10 - [TEST_STEP][PASSED] - delay: Delayed 3 second(s)

2018-02-13 17:33:13 - [MESSAGE][PASSED] - Delayed 3 second(s)

2018-02-13 17:33:13 - [TEST_STEP][PASSED] - click: Object: 'Object Repository/Application_OR/btn_OCCUPANYPAGE_SAVEANDCONTINUE' is clicked on

2018-02-13 17:33:13 - [MESSAGE][PASSED] - Object: 'Object Repository/Application_OR/btn_OCCUPANYPAGE_SAVEANDCONTINUE' is clicked on

2018-02-13 17:33:13 - [TEST_STEP][PASSED] - delay: Delayed 3 second(s)

2018-02-13 17:33:16 - [MESSAGE][PASSED] - Delayed 3 second(s)

2018-02-13 17:33:16 - [TEST_STEP][PASSED] - setText: Text 'Ricky Ponting' is set on object 'Object Repository/Application_OR/txtfield_Mortagagee_Name1'

2018-02-13 17:33:16 - [MESSAGE][PASSED] - Text 'Ricky Ponting' is set on object 'Object Repository/Application_OR/txtfield_Mortagagee_Name1'

2018-02-13 17:33:16 - [TEST_STEP][PASSED] - delay: Delayed 3 second(s)

2018-02-13 17:33:19 - [MESSAGE][PASSED] - Delayed 3 second(s)

2018-02-13 17:33:19 - [TEST_STEP][PASSED] - setText: Text '1870 5th Ave W Macon, GA 31201 USA' is set on object 'Object Repository/Application_OR/txtfield_Mortagagee_Address'

2018-02-13 17:33:20 - [MESSAGE][PASSED] - Text '1870 5th Ave W Macon, GA 31201 USA' is set on object 'Object Repository/Application_OR/txtfield_Mortagagee_Address'

2018-02-13 17:33:20 - [TEST_STEP][PASSED] - delay: Delayed 3 second(s)

2018-02-13 17:33:23 - [MESSAGE][PASSED] - Delayed 3 second(s)

2018-02-13 17:33:23 - [TEST_STEP][PASSED] - setText: Text '123456789ABCD' is set on object 'Object Repository/Application_OR/txtfield_Mortagagee_LoanNo'

2018-02-13 17:33:23 - [MESSAGE][PASSED] - Text '123456789ABCD' is set on object 'Object Repository/Application_OR/txtfield_Mortagagee_LoanNo'

2018-02-13 17:33:23 - [TEST_STEP][PASSED] - delay: Delayed 3 second(s)

2018-02-13 17:33:26 - [MESSAGE][PASSED] - Delayed 3 second(s)

2018-02-13 17:33:26 - [TEST_STEP][PASSED] - click: Object: 'Object Repository/Application_OR/btn_OCCUPANYPAGE_SAVEANDCONTINUE' is clicked on

2018-02-13 17:33:26 - [MESSAGE][PASSED] - Object: 'Object Repository/Application_OR/btn_OCCUPANYPAGE_SAVEANDCONTINUE' is clicked on

2018-02-13 17:33:26 - [TEST_STEP][PASSED] - delay: Delayed 4 second(s)

2018-02-13 17:33:30 - [MESSAGE][PASSED] - Delayed 4 second(s)

2018-02-13 17:33:30 - [TEST_STEP][PASSED] - click: Object: 'Object Repository/Application_OR/btn_SIGNAPPLICATION_AGENT' is clicked on

2018-02-13 17:33:31 - [MESSAGE][PASSED] - Object: 'Object Repository/Application_OR/btn_SIGNAPPLICATION_AGENT' is clicked on

2018-02-13 17:33:31 - [TEST_STEP][PASSED] - delay: Delayed 4 second(s)

2018-02-13 17:33:35 - [MESSAGE][PASSED] - Delayed 4 second(s)

2018-02-13 17:33:35 - [TEST_STEP][PASSED] - click: Object: 'Object Repository/Application_OR/btn_GENERATE_FORMS' is clicked on

2018-02-13 17:33:36 - [MESSAGE][PASSED] - Object: 'Object Repository/Application_OR/btn_GENERATE_FORMS' is clicked on

2018-02-13 17:33:36 - [TEST_STEP][PASSED] - delay: Delayed 5 second(s)

2018-02-13 17:33:41 - [MESSAGE][PASSED] - Delayed 5 second(s)

2018-02-13 17:33:41 - [TEST_STEP][PASSED] - click: Object: 'Object Repository/Application_OR/btn_REQUEST_FOR_BIND' is clicked on

2018-02-13 17:33:41 - [MESSAGE][PASSED] - Object: 'Object Repository/Application_OR/btn_REQUEST_FOR_BIND' is clicked on

2018-02-13 17:33:41 - [TEST_STEP][PASSED] - delay: Delayed 20 second(s)

2018-02-13 17:34:01 - [MESSAGE][PASSED] - Delayed 20 second(s)

2018-02-13 17:34:01 - [TEST_STEP][PASSED] - click: Object: 'Object Repository/Application_OR/btn_VIEW_POLICY_FORMS' is clicked on

2018-02-13 17:34:01 - [MESSAGE][PASSED] - Object: 'Object Repository/Application_OR/btn_VIEW_POLICY_FORMS' is clicked on

2018-02-13 17:34:01 - [TEST_STEP][PASSED] - delay: Delayed 15 second(s)

2018-02-13 17:34:16 - [MESSAGE][PASSED] - Delayed 15 second(s)

2018-02-13 17:34:16 - [TEST_STEP][PASSED] - click: Object: 'Object Repository/Application_OR/btn_UW_APPLICATION_STATUS_MENU' is clicked on

2018-02-13 17:34:16 - [MESSAGE][PASSED] - Object: 'Object Repository/Application_OR/btn_UW_APPLICATION_STATUS_MENU' is clicked on

2018-02-13 17:34:16 - [TEST_STEP][PASSED] - delay: Delayed 2 second(s)

2018-02-13 17:34:18 - [MESSAGE][PASSED] - Delayed 2 second(s)

2018-02-13 17:34:18 - [TEST_STEP][PASSED] - click: Object: 'Object Repository/Application_OR/btn_YES_CONFIRMATION' is clicked on

2018-02-13 17:34:20 - [MESSAGE][PASSED] - Object: 'Object Repository/Application_OR/btn_YES_CONFIRMATION' is clicked on

2018-02-13 17:34:20 - [TEST_STEP][PASSED] - delay: Delayed 20 second(s)

2018-02-13 17:34:40 - [MESSAGE][PASSED] - Delayed 20 second(s)]]></system-out>
         <system-err><![CDATA[]]></system-err>
      </testcase>
      <testcase name="Test Cases/ENDORSEMENT_CREATION" classname="Test Cases/ENDORSEMENT_CREATION" status="PASSED">
         <system-out><![CDATA[2018-02-13 17:34:40 - [TEST_CASE][PASSED] - Test Cases/ENDORSEMENT_CREATION: Test Cases/ENDORSEMENT_CREATION

2018-02-13 17:34:40 - [TEST_STEP][PASSED] - com.PPE.Endorsement_UW.EndorsementByUW: com.PPE.Endorsement_UW.EndorsementByUW is PASSED

2018-02-13 17:34:40 - [MESSAGE][PASSED] - Object: 'Object Repository/Endorsement_OR/btn_ADVANCE_FILTER' is clicked on

2018-02-13 17:34:44 - [MESSAGE][PASSED] - Delayed 4 second(s)

2018-02-13 17:34:45 - [MESSAGE][PASSED] - Text '309 Belmont Dr, Dublin, GA 31021, USA' is set on object 'Object Repository/Endorsement_OR/txtfield_AdvanceFilter_PROPERTY_ADDRESS'

2018-02-13 17:35:00 - [MESSAGE][PASSED] - Delayed 15 second(s)

2018-02-13 17:35:01 - [MESSAGE][PASSED] - Object: 'Object Repository/Endorsement_OR/btn_APPLY_Advance_Filter' is clicked on

2018-02-13 17:35:19 - [MESSAGE][PASSED] - Delayed 18 second(s)

2018-02-13 17:35:19 - [MESSAGE][PASSED] - Text of object 'Object Repository/Endorsement_OR/get_POLICYNUMBER' is: 'BCIHGA1895031'

2018-02-13 17:35:29 - [MESSAGE][PASSED] - Delayed 10 second(s)

2018-02-13 17:35:29 - [MESSAGE][PASSED] - Object: 'Object Repository/Endorsement_OR/btn_ENDORSEMENT_MENU' is clicked on

2018-02-13 17:35:32 - [MESSAGE][PASSED] - Delayed 3 second(s)

2018-02-13 17:35:33 - [MESSAGE][PASSED] - Object: 'Object Repository/Endorsement_OR/btn_YES_CONFIRMATION_ENDORSEMENT' is clicked on

2018-02-13 17:35:39 - [MESSAGE][PASSED] - Delayed 6 second(s)

2018-02-13 17:35:39 - [MESSAGE][PASSED] - Text 'BCIHGA1895031' is set on object 'Object Repository/Endorsement_OR/txtfield_POLICYNUMBER_FOR_ENDORSEMENT'

2018-02-13 17:35:45 - [MESSAGE][PASSED] - Delayed 6 second(s)

2018-02-13 17:35:45 - [MESSAGE][PASSED] - Object: 'Object Repository/Endorsement_OR/btn_SEARCH_FOR_ENDORSEMENT' is clicked on

2018-02-13 17:35:55 - [MESSAGE][PASSED] - Delayed 10 second(s)

2018-02-13 17:35:57 - [MESSAGE][PASSED] - Object: 'Object Repository/Endorsement_OR/btn_ENDORSE_UW' is clicked on

2018-02-13 17:36:03 - [MESSAGE][PASSED] - Delayed 6 second(s)

2018-02-13 17:36:04 - [MESSAGE][PASSED] - Object: 'Object Repository/Endorsement_OR/btn_EDIT_APPLICANTINFO_UW' is clicked on

2018-02-13 17:36:10 - [MESSAGE][PASSED] - Delayed 6 second(s)

2018-02-13 17:36:10 - [MESSAGE][PASSED] - Object: 'Object Repository/Endorsement_OR/btn_RECALCULATE_UW' is clicked on

2018-02-13 17:36:16 - [MESSAGE][PASSED] - Delayed 6 second(s)

2018-02-13 17:36:16 - [MESSAGE][PASSED] - Text 'Phillips Bush' is set on object 'Object Repository/Endorsement_OR/txtfield_PRIFIRSTNAME_UW'

2018-02-13 17:36:18 - [MESSAGE][PASSED] - Delayed 2 second(s)

2018-02-13 17:36:18 - [MESSAGE][PASSED] - Object: 'Object Repository/Endorsement_OR/btn_UPDATE_APPLICANTINFO_UW' is clicked on

2018-02-13 17:36:20 - [MESSAGE][PASSED] - Delayed 2 second(s)

2018-02-13 17:36:21 - [MESSAGE][PASSED] - Object: 'Object Repository/Endorsement_OR/btn_RECALCULATE_UW' is clicked on

2018-02-13 17:36:27 - [MESSAGE][PASSED] - Delayed 6 second(s)

2018-02-13 17:36:27 - [MESSAGE][PASSED] - Browser is scrolled to position x = 0, y = 50

2018-02-13 17:36:30 - [MESSAGE][PASSED] - Delayed 3 second(s)

2018-02-13 17:36:30 - [MESSAGE][PASSED] - Object: 'Object Repository/Endorsement_OR/btn_EDIT_COVERAGE_UW' is clicked on

2018-02-13 17:36:36 - [MESSAGE][PASSED] - Delayed 6 second(s)

2018-02-13 17:36:36 - [MESSAGE][PASSED] - Object: 'Object Repository/Endorsement_OR/drp_SETTLEMENTTYPE_UW' is clicked on

2018-02-13 17:36:39 - [MESSAGE][PASSED] - Delayed 3 second(s)

2018-02-13 17:36:39 - [MESSAGE][PASSED] - All options with label 'ACV' are selected in object 'Object Repository/Endorsement_OR/drp_SETTLEMENTTYPE_UW' 

2018-02-13 17:36:45 - [MESSAGE][PASSED] - Delayed 6 second(s)

2018-02-13 17:36:45 - [MESSAGE][PASSED] - Object: 'Object Repository/Endorsement_OR/btn_UPDATE_COVERAGE_UW' is clicked on

2018-02-13 17:36:47 - [MESSAGE][PASSED] - Delayed 2 second(s)

2018-02-13 17:36:48 - [MESSAGE][PASSED] - Object: 'Object Repository/Endorsement_OR/btn_RECALCULATE_UW' is clicked on

2018-02-13 17:36:53 - [MESSAGE][PASSED] - Delayed 5 second(s)

2018-02-13 17:36:53 - [MESSAGE][PASSED] - Browser is scrolled to position x = 0, y = 50

2018-02-13 17:36:53 - [MESSAGE][PASSED] - Object: 'Object Repository/Endorsement_OR/btn_EDIT_PROPERTY_UW' is clicked on

2018-02-13 17:36:55 - [MESSAGE][PASSED] - Delayed 2 second(s)

2018-02-13 17:36:55 - [MESSAGE][PASSED] - Text '1970' is set on object 'Object Repository/Endorsement_OR/txtfield_HOME_BUILD_ENDORSEMENT_UW'

2018-02-13 17:36:59 - [MESSAGE][PASSED] - Delayed 4 second(s)

2018-02-13 17:36:59 - [MESSAGE][PASSED] - Text '74999' is set on object 'Object Repository/Endorsement_OR/txtfield_EXIMATED_VALUATION_UW'

2018-02-13 17:37:03 - [MESSAGE][PASSED] - Delayed 4 second(s)

2018-02-13 17:37:04 - [MESSAGE][PASSED] - Object: 'Object Repository/Endorsement_OR/drp_CONSTRUCTION_TYPE_UW' is clicked on

2018-02-13 17:37:04 - [MESSAGE][PASSED] - All options with index in [3] are selected on object 'Object Repository/Endorsement_OR/drp_CONSTRUCTION_TYPE_UW'

2018-02-13 17:37:08 - [MESSAGE][PASSED] - Delayed 4 second(s)

2018-02-13 17:37:08 - [MESSAGE][PASSED] - Object: 'Object Repository/Endorsement_OR/btn_UPDATE_ENDORSEMENT_PROPERTY_UW' is clicked on

2018-02-13 17:37:12 - [MESSAGE][PASSED] - Delayed 4 second(s)

2018-02-13 17:37:13 - [MESSAGE][PASSED] - Text '500000' is set on object 'Object Repository/Endorsement_OR/txtfield_EXIMATED_VALUATION_UW'

2018-02-13 17:37:17 - [MESSAGE][PASSED] - Delayed 4 second(s)

2018-02-13 17:37:17 - [MESSAGE][PASSED] - Object: 'Object Repository/Endorsement_OR/btn_UPDATE_ENDORSEMENT_PROPERTY_UW' is clicked on

2018-02-13 17:37:21 - [MESSAGE][PASSED] - Delayed 4 second(s)

2018-02-13 17:37:21 - [MESSAGE][PASSED] - Object: 'Object Repository/Endorsement_OR/btn_RECALCULATE_UW' is clicked on

2018-02-13 17:37:25 - [MESSAGE][PASSED] - Delayed 4 second(s)

2018-02-13 17:37:25 - [MESSAGE][PASSED] - Object: 'Object Repository/Endorsement_OR/btn_GENERATE_FORMS_UW' is clicked on

2018-02-13 17:37:29 - [MESSAGE][PASSED] - Delayed 4 second(s)

2018-02-13 17:37:29 - [MESSAGE][PASSED] - Object: 'Object Repository/Endorsement_OR/btn_APPROVE_ENDORSEMENT' is clicked on

2018-02-13 17:37:35 - [MESSAGE][PASSED] - Delayed 6 second(s)

2018-02-13 17:37:35 - [MESSAGE][PASSED] - Object: 'Object Repository/Endorsement_OR/chkbx_HOMEOWNER_END_FORM' is clicked on

2018-02-13 17:37:39 - [MESSAGE][PASSED] - Delayed 4 second(s)

2018-02-13 17:37:39 - [MESSAGE][PASSED] - Object: 'Object Repository/Endorsement_OR/chkbx_HOMEOWNER_END_FORM' is clicked on

2018-02-13 17:37:43 - [MESSAGE][PASSED] - Delayed 4 second(s)

2018-02-13 17:37:44 - [MESSAGE][PASSED] - Object: 'Object Repository/Endorsement_OR/btn_FILLDATA_HOMEOWNER_END_FORM' is clicked on

2018-02-13 17:37:54 - [MESSAGE][PASSED] - Delayed 10 second(s)

2018-02-13 17:37:54 - [MESSAGE][PASSED] - Text 'Testing' is set on object 'Object Repository/Endorsement_OR/txtfield_HOMEOWNER_END_FORM'

2018-02-13 17:37:58 - [MESSAGE][PASSED] - Delayed 4 second(s)

2018-02-13 17:37:58 - [MESSAGE][PASSED] - Object: 'Object Repository/Endorsement_OR/btn_SUBMIT_HOMEOWNER_END_FORM' is clicked on

2018-02-13 17:38:02 - [MESSAGE][PASSED] - Delayed 4 second(s)

2018-02-13 17:38:02 - [MESSAGE][PASSED] - Object: 'Object Repository/Endorsement_OR/btn_VIEW_DRAFT_END' is clicked on

2018-02-13 17:38:06 - [MESSAGE][PASSED] - Delayed 4 second(s)

2018-02-13 17:38:06 - [MESSAGE][PASSED] - Object: 'Object Repository/Endorsement_OR/btn_APPROVE_ENDORSEMENT' is clicked on

2018-02-13 17:39:46 - [MESSAGE][PASSED] - Delayed 100 second(s)

2018-02-13 17:39:47 - [MESSAGE][PASSED] - Object: 'Object Repository/Endorsement_OR/btn_LOGOUT_UW' is clicked on

2018-02-13 17:39:57 - [MESSAGE][PASSED] - Delayed 10 second(s)

2018-02-13 17:39:57 - [MESSAGE][PASSED] - com.PPE.Endorsement_UW.EndorsementByUW is PASSED]]></system-out>
         <system-err><![CDATA[]]></system-err>
      </testcase>
      <testcase name="Test Cases/AGENT_ENDORSEMENT_REQUEST" classname="Test Cases/AGENT_ENDORSEMENT_REQUEST" status="ERROR">
         <error type="ERROR" message="Test Cases/AGENT_ENDORSEMENT_REQUEST FAILED because (of) Variable 'CustomKeywords' is not defined for test case."/>
         <system-out><![CDATA[2018-02-13 17:39:57 - [TEST_CASE][ERROR] - Test Cases/AGENT_ENDORSEMENT_REQUEST: Test Cases/AGENT_ENDORSEMENT_REQUEST FAILED because (of) Variable 'CustomKeywords' is not defined for test case.

2018-02-13 17:39:58 - [TEST_STEP][ERROR] - com.PPE.Endorsement_Agent.EndorsementByUW: No such property: CustomKeywords for class: com.PPE.Endorsement_Agent

2018-02-13 17:39:58 - [MESSAGE][PASSED] - Text 'ih.chelms' is set on object 'Object Repository/Quote_OR/txtfield_USERNAME'

2018-02-13 17:39:58 - [MESSAGE][PASSED] - Text '10#Hammer' is set on object 'Object Repository/Quote_OR/txtfield_PASSWORD'

2018-02-13 17:40:00 - [MESSAGE][PASSED] - Object: 'Object Repository/Quote_OR/btn-LOGIN' is clicked on

2018-02-13 17:40:15 - [MESSAGE][PASSED] - Delayed 15 second(s)

2018-02-13 17:40:15 - [MESSAGE][PASSED] - Object: 'Object Repository/Application_OR/btn_UW_APPLICATION_STATUS_MENU' is clicked on

2018-02-13 17:40:20 - [MESSAGE][PASSED] - Delayed 5 second(s)

2018-02-13 17:40:21 - [MESSAGE][PASSED] - Object: 'Object Repository/Endorsement_OR/btn_YES_CONFIRMATION_ENDORSEMENT' is clicked on

2018-02-13 17:40:41 - [MESSAGE][PASSED] - Delayed 20 second(s)

2018-02-13 17:40:41 - [MESSAGE][PASSED] - Object: 'Object Repository/Endorsement_OR/btn_ADVANCE_FILTER' is clicked on

2018-02-13 17:40:45 - [MESSAGE][PASSED] - Delayed 4 second(s)

2018-02-13 17:40:45 - [MESSAGE][PASSED] - Text '309 Belmont Dr, Dublin, GA 31021, USA' is set on object 'Object Repository/Endorsement_OR/txtfield_AdvanceFilter_PROPERTY_ADDRESS'

2018-02-13 17:41:00 - [MESSAGE][PASSED] - Delayed 15 second(s)

2018-02-13 17:41:00 - [MESSAGE][PASSED] - Object: 'Object Repository/Endorsement_OR/btn_APPLY_Advance_Filter' is clicked on

2018-02-13 17:41:18 - [MESSAGE][PASSED] - Delayed 18 second(s)

2018-02-13 17:41:19 - [MESSAGE][PASSED] - Text of object 'Object Repository/ENDORSEMENT_AGENT_OR/get_POLICYNUMBER' is: 'BCIHGA1895031'

2018-02-13 17:41:24 - [MESSAGE][PASSED] - Delayed 5 second(s)

2018-02-13 17:41:24 - [MESSAGE][PASSED] - Object: 'Object Repository/Endorsement_OR/btn_ENDORSEMENT_MENU' is clicked on

2018-02-13 17:41:27 - [MESSAGE][PASSED] - Delayed 3 second(s)

2018-02-13 17:41:27 - [MESSAGE][PASSED] - Object: 'Object Repository/Endorsement_OR/btn_YES_CONFIRMATION_ENDORSEMENT' is clicked on

2018-02-13 17:41:28 - [MESSAGE][PASSED] - Text 'BCIHGA1895031' is set on object 'Object Repository/Endorsement_OR/txtfield_POLICYNUMBER_FOR_ENDORSEMENT'

2018-02-13 17:41:34 - [MESSAGE][PASSED] - Delayed 6 second(s)

2018-02-13 17:41:34 - [MESSAGE][PASSED] - Object: 'Object Repository/Endorsement_OR/btn_SEARCH_FOR_ENDORSEMENT' is clicked on

2018-02-13 17:41:44 - [MESSAGE][PASSED] - Delayed 10 second(s)

2018-02-13 17:41:45 - [MESSAGE][PASSED] - Object: 'Object Repository/Endorsement_OR/btn_ENDORSE_UW' is clicked on

2018-02-13 17:41:51 - [MESSAGE][PASSED] - Delayed 6 second(s)

2018-02-13 17:41:51 - [MESSAGE][PASSED] - Object: 'Object Repository/Endorsement_OR/btn_EDIT_COVERAGE_UW' is clicked on

2018-02-13 17:41:55 - [MESSAGE][PASSED] - Delayed 4 second(s)

2018-02-13 17:41:55 - [MESSAGE][PASSED] - Object: 'Object Repository/ENDORSEMENT_AGENT_OR/drp_PERSONAL_PROPERTY' is clicked on

2018-02-13 17:41:58 - [MESSAGE][PASSED] - Delayed 3 second(s)

2018-02-13 17:41:59 - [MESSAGE][PASSED] - All options with value '35' are selected in object 'Object Repository/ENDORSEMENT_AGENT_OR/drp_PERSONAL_PROPERTY' 

2018-02-13 17:42:03 - [MESSAGE][PASSED] - Delayed 4 second(s)

2018-02-13 17:42:03 - [MESSAGE][PASSED] - Object: 'Object Repository/Endorsement_OR/btn_UPDATE_COVERAGE_UW' is clicked on

2018-02-13 17:42:03 - [MESSAGE][PASSED] - Browser is scrolled to position x = 0, y = 50

2018-02-13 17:42:03 - [MESSAGE][PASSED] - Object: 'Object Repository/ENDORSEMENT_AGENT_OR/btn_EDIT_CLAIM_Details' is clicked on

2018-02-13 17:42:07 - [MESSAGE][PASSED] - Delayed 4 second(s)

2018-02-13 17:42:07 - [MESSAGE][PASSED] - Object: 'Object Repository/ENDORSEMENT_AGENT_OR/drp_NUMOFCLAIMS' is clicked on

2018-02-13 17:42:11 - [MESSAGE][PASSED] - Delayed 4 second(s)

2018-02-13 17:42:11 - [MESSAGE][PASSED] - All options with value '1' are selected in object 'Object Repository/ENDORSEMENT_AGENT_OR/drp_NUMOFCLAIMS' 

2018-02-13 17:42:15 - [MESSAGE][PASSED] - Delayed 4 second(s)

2018-02-13 17:42:15 - [MESSAGE][PASSED] - Object: 'Object Repository/ENDORSEMENT_AGENT_OR/btn-UPDATE_NUMOFCLAIMS' is clicked on

2018-02-13 17:42:20 - [MESSAGE][PASSED] - Delayed 4 second(s)

2018-02-13 17:42:20 - [MESSAGE][PASSED] - Text '01/03/2017' is set on object 'Object Repository/ENDORSEMENT_AGENT_OR/txtfield-DATE_OF_LOSS_CLAIM'

2018-02-13 17:42:20 - [MESSAGE][PASSED] - Text '50000' is set on object 'Object Repository/ENDORSEMENT_AGENT_OR/txtfield-LOSSAMOUNT_CLAIM'

2018-02-13 17:42:20 - [MESSAGE][PASSED] - All options with value '2' are selected in object 'Object Repository/ENDORSEMENT_AGENT_OR/drp-TYPEOFINCIDENT' 

2018-02-13 17:42:24 - [MESSAGE][PASSED] - Delayed 4 second(s)

2018-02-13 17:42:24 - [MESSAGE][PASSED] - Browser is scrolled to position x = 0, y = 50

2018-02-13 17:42:25 - [MESSAGE][PASSED] - Object: 'Object Repository/ENDORSEMENT_AGENT_OR/btn-UPDATE_NUMOFCLAIMS' is clicked on

2018-02-13 17:42:33 - [MESSAGE][PASSED] - Delayed 8 second(s)

2018-02-13 17:42:33 - [MESSAGE][PASSED] - Object: 'Object Repository/Endorsement_OR/btn_RECALCULATE_UW' is clicked on

2018-02-13 17:42:36 - [MESSAGE][PASSED] - Delayed 3 second(s)

2018-02-13 17:42:36 - [MESSAGE][PASSED] - Text of object 'Object Repository/Generic_OR/get_INSURED_NAME' is: 'PhillipsBush Faf Duminy'

2018-02-13 17:42:36 - [MESSAGE][PASSED] - Attribute 'value' of object 'Object Repository/Generic_OR/hdnPolicyInfoId' is: '3183'

2018-02-13 17:42:36 - [MESSAGE][PASSED] - Object: 'Object Repository/ENDORSEMENT_AGENT_OR/btn_INSURED_SIGNATURE' is clicked on

2018-02-13 17:42:39 - [MESSAGE][PASSED] - Delayed 3 second(s)

2018-02-13 17:42:39 - [MESSAGE][PASSED] - Object: 'Object Repository/Application_OR/txtbx_INSURED_SIGNATURE' is clicked on

2018-02-13 17:42:41 - [MESSAGE][PASSED] - Delayed 2 second(s)

2018-02-13 17:42:41 - [MESSAGE][PASSED] - Text 'PhillipsBush Faf Duminy' is set on object 'Object Repository/Application_OR/txtbx_INSURED_SIGNATURE'

2018-02-13 17:42:43 - [MESSAGE][PASSED] - Delayed 2 second(s)

2018-02-13 17:42:44 - [MESSAGE][PASSED] - Object: 'Object Repository/Application_OR/btn_SUBMIT_INSURED_SIGNATURE' is clicked on

2018-02-13 17:42:44 - [MESSAGE][ERROR] - No such property: CustomKeywords for class: com.PPE.Endorsement_Agent]]></system-out>
         <system-err><![CDATA[2018-02-13 17:39:57 - [TEST_CASE][ERROR] - Test Cases/AGENT_ENDORSEMENT_REQUEST: Test Cases/AGENT_ENDORSEMENT_REQUEST FAILED because (of) Variable 'CustomKeywords' is not defined for test case.]]></system-err>
      </testcase>
      <system-out><![CDATA[2018-02-13 17:27:28 - [TEST_SUITE][ERROR] - PPE: Test Cases/AGENT_ENDORSEMENT_REQUEST FAILED because (of) Variable 'CustomKeywords' is not defined for test case.]]></system-out>
      <system-err><![CDATA[2018-02-13 17:27:28 - [TEST_SUITE][ERROR] - PPE: Test Cases/AGENT_ENDORSEMENT_REQUEST FAILED because (of) Variable 'CustomKeywords' is not defined for test case.]]></system-err>
   </testsuite>
</testsuites>
