<?xml version="1.0" encoding="UTF-8"?>
<testsuites name="PPE" time="613" tests="2" failures="0" errors="1">
   <testsuite name="PPE" tests="2" failures="0" errors="1" time="613" timestamp="2018-01-25 14:15:09" hostname="gsalunkhe - CTS-QUA-4.cogitate.india" id="Test Suites/PPE">
      <properties>
         <property name="deviceName" value=""/>
         <property name="devicePlatform" value=""/>
         <property name="logFolder" value="D:\\Katalon_Practice_Workspace\\Katalon_Mitendra\\Reports\\PPE\\20180125_141507"/>
         <property name="logFiles" value="D:\\Katalon_Practice_Workspace\\Katalon_Mitendra\\Reports\\PPE\\20180125_141507\\execution0.log"/>
         <property name="attachments" value=""/>
         <property name="hostName" value="gsalunkhe - CTS-QUA-4.cogitate.india"/>
         <property name="os" value="Windows 7 64bit"/>
         <property name="katalonVersion" value="5.0.1.1"/>
         <property name="browser" value="Chrome 63.0.3239.132"/>
         <property name="hostAddress" value="192.168.0.4"/>
         <property name="sessionId" value="da30efd1e732a2c59caaf7ba3750077a"/>
         <property name="seleniumVersion" value="2.53.0"/>
         <property name="proxyInformation" value="ProxyInformation{proxyOption=NO_PROXY, proxyServerType=HTTP, password=, proxyServerAddress=, proxyServerPort=0}"/>
         <property name="platform" value="Windows 7"/>
      </properties>
      <testcase name="Test Cases/QUOTE_CREATION" classname="Test Cases/QUOTE_CREATION" status="PASSED">
         <system-out><![CDATA[2018-01-25 14:15:09 - [TEST_CASE][PASSED] - Test Cases/QUOTE_CREATION: Test Cases/QUOTE_CREATION

2018-01-25 14:15:10 - [TEST_STEP][PASSED] - openBrowser: Browser is opened with url: 'http://13.90.102.191:8066'

2018-01-25 14:15:17 - [MESSAGE][PASSED] - Browser is opened with url: 'http://13.90.102.191:8066'

2018-01-25 14:15:17 - [TEST_STEP][PASSED] - maximizeWindow: Current window maximized

2018-01-25 14:15:18 - [MESSAGE][PASSED] - Current window maximized

2018-01-25 14:15:18 - [TEST_STEP][PASSED] - setText: Text 'ih.chelms' is set on object 'Object Repository/Quote_OR/txtfield_USERNAME'

2018-01-25 14:15:19 - [MESSAGE][PASSED] - Text 'ih.chelms' is set on object 'Object Repository/Quote_OR/txtfield_USERNAME'

2018-01-25 14:15:19 - [TEST_STEP][PASSED] - setText: Text '10#Hammer' is set on object 'Object Repository/Quote_OR/txtfield_PASSWORD'

2018-01-25 14:15:19 - [MESSAGE][PASSED] - Text '10#Hammer' is set on object 'Object Repository/Quote_OR/txtfield_PASSWORD'

2018-01-25 14:15:19 - [TEST_STEP][PASSED] - click: Object: 'Object Repository/Quote_OR/btn-LOGIN' is clicked on

2018-01-25 14:15:24 - [MESSAGE][PASSED] - Object: 'Object Repository/Quote_OR/btn-LOGIN' is clicked on

2018-01-25 14:15:24 - [TEST_STEP][PASSED] - setText: Text '103 Crosby Dr Macon, GA 31217 USA' is set on object 'Object Repository/Quote_OR/txtfield_ADDRESS_ON_LANDING_PAGE'

2018-01-25 14:15:24 - [MESSAGE][PASSED] - Text '103 Crosby Dr Macon, GA 31217 USA' is set on object 'Object Repository/Quote_OR/txtfield_ADDRESS_ON_LANDING_PAGE'

2018-01-25 14:15:24 - [TEST_STEP][PASSED] - click: Object: 'Object Repository/Quote_OR/btn_SEARCH_ADDRESS' is clicked on

2018-01-25 14:15:38 - [MESSAGE][PASSED] - Object: 'Object Repository/Quote_OR/btn_SEARCH_ADDRESS' is clicked on

2018-01-25 14:15:38 - [TEST_STEP][PASSED] - waitForPageLoad: Wait for page load successfully

2018-01-25 14:15:38 - [MESSAGE][PASSED] - Wait for page load successfully

2018-01-25 14:15:38 - [TEST_STEP][PASSED] - selectOptionByIndex: All options with index in [1] are selected on object 'Object Repository/Quote_OR/drp_PROPERTY_TYPE'

2018-01-25 14:15:38 - [MESSAGE][PASSED] - All options with index in [1] are selected on object 'Object Repository/Quote_OR/drp_PROPERTY_TYPE'

2018-01-25 14:15:38 - [TEST_STEP][PASSED] - setText: Text '' is set on object 'Object Repository/Quote_OR/txtfield_HOME_VALUATION'

2018-01-25 14:15:38 - [MESSAGE][PASSED] - Text '' is set on object 'Object Repository/Quote_OR/txtfield_HOME_VALUATION'

2018-01-25 14:15:38 - [TEST_STEP][PASSED] - selectOptionByIndex: All options with index in [2] are selected on object 'Object Repository/Quote_OR/drp_CONSTRUCTION_TYPE'

2018-01-25 14:15:38 - [MESSAGE][PASSED] - All options with index in [2] are selected on object 'Object Repository/Quote_OR/drp_CONSTRUCTION_TYPE'

2018-01-25 14:15:38 - [TEST_STEP][PASSED] - setText: Text '100000' is set on object 'Object Repository/Quote_OR/txtfield_HOME_VALUATION'

2018-01-25 14:15:39 - [MESSAGE][PASSED] - Text '100000' is set on object 'Object Repository/Quote_OR/txtfield_HOME_VALUATION'

2018-01-25 14:15:39 - [TEST_STEP][PASSED] - delay: Delayed 2 second(s)

2018-01-25 14:15:41 - [MESSAGE][PASSED] - Delayed 2 second(s)

2018-01-25 14:15:41 - [TEST_STEP][PASSED] - setText: Text '' is set on object 'Object Repository/Quote_OR/txtbx_YEARHOMEBUILD'

2018-01-25 14:15:41 - [MESSAGE][PASSED] - Text '' is set on object 'Object Repository/Quote_OR/txtbx_YEARHOMEBUILD'

2018-01-25 14:15:41 - [TEST_STEP][PASSED] - setText: Text '1968' is set on object 'Object Repository/Quote_OR/txtbx_YEARHOMEBUILD'

2018-01-25 14:15:41 - [MESSAGE][PASSED] - Text '1968' is set on object 'Object Repository/Quote_OR/txtbx_YEARHOMEBUILD'

2018-01-25 14:15:41 - [TEST_STEP][PASSED] - click: Object: 'Object Repository/Quote_OR/btn_GETQUOTE' is clicked on

2018-01-25 14:15:41 - [MESSAGE][PASSED] - Object: 'Object Repository/Quote_OR/btn_GETQUOTE' is clicked on

2018-01-25 14:15:41 - [TEST_STEP][PASSED] - delay: Delayed 1 second(s)

2018-01-25 14:15:42 - [MESSAGE][PASSED] - Delayed 1 second(s)

2018-01-25 14:15:42 - [TEST_STEP][PASSED] - click: Object: 'Object Repository/Quote_OR/btn_SENDQUOTE' is clicked on

2018-01-25 14:15:47 - [MESSAGE][PASSED] - Object: 'Object Repository/Quote_OR/btn_SENDQUOTE' is clicked on

2018-01-25 14:15:47 - [TEST_STEP][PASSED] - delay: Delayed 1 second(s)

2018-01-25 14:15:48 - [MESSAGE][PASSED] - Delayed 1 second(s)

2018-01-25 14:15:48 - [TEST_STEP][PASSED] - setText: Text 'Ganesh' is set on object 'Object Repository/Quote_OR/txtfield_SENDQUOTE_FIRSTNAME'

2018-01-25 14:15:49 - [MESSAGE][PASSED] - Text 'Ganesh' is set on object 'Object Repository/Quote_OR/txtfield_SENDQUOTE_FIRSTNAME'

2018-01-25 14:15:49 - [TEST_STEP][PASSED] - setText: Text 'Salunkhe' is set on object 'Object Repository/Quote_OR/txtfield_SENDQUOTE_LASTNAME'

2018-01-25 14:15:49 - [MESSAGE][PASSED] - Text 'Salunkhe' is set on object 'Object Repository/Quote_OR/txtfield_SENDQUOTE_LASTNAME'

2018-01-25 14:15:49 - [TEST_STEP][PASSED] - delay: Delayed 5 second(s)

2018-01-25 14:15:54 - [MESSAGE][PASSED] - Delayed 5 second(s)

2018-01-25 14:15:54 - [TEST_STEP][PASSED] - setText: Text '9768180080' is set on object 'Object Repository/Quote_OR/txtfield_SENDQUOTE_CONTACTNUMBER'

2018-01-25 14:15:54 - [MESSAGE][PASSED] - Text '9768180080' is set on object 'Object Repository/Quote_OR/txtfield_SENDQUOTE_CONTACTNUMBER'

2018-01-25 14:15:54 - [TEST_STEP][PASSED] - delay: Delayed 5 second(s)

2018-01-25 14:15:59 - [MESSAGE][PASSED] - Delayed 5 second(s)

2018-01-25 14:15:59 - [TEST_STEP][PASSED] - setText: Text 'gsalunkhe@cogitate.us' is set on object 'Object Repository/Quote_OR/txtfield_SENDQUOTE_EMAIL'

2018-01-25 14:16:00 - [MESSAGE][PASSED] - Text 'gsalunkhe@cogitate.us' is set on object 'Object Repository/Quote_OR/txtfield_SENDQUOTE_EMAIL'

2018-01-25 14:16:00 - [TEST_STEP][PASSED] - delay: Delayed 10 second(s)

2018-01-25 14:16:10 - [MESSAGE][PASSED] - Delayed 10 second(s)

2018-01-25 14:16:10 - [TEST_STEP][PASSED] - click: Object: 'Object Repository/Quote_OR/btn_SEND_QUOTE_DETAILS' is clicked on

2018-01-25 14:16:10 - [MESSAGE][PASSED] - Object: 'Object Repository/Quote_OR/btn_SEND_QUOTE_DETAILS' is clicked on

2018-01-25 14:16:10 - [TEST_STEP][PASSED] - selectOptionByIndex: All options with index in [1] are selected on object 'Object Repository/Quote_OR/drp_CONSTRUCTION_TYPE'

2018-01-25 14:16:10 - [MESSAGE][PASSED] - All options with index in [1] are selected on object 'Object Repository/Quote_OR/drp_CONSTRUCTION_TYPE'

2018-01-25 14:16:10 - [TEST_STEP][PASSED] - delay: Delayed 5 second(s)

2018-01-25 14:16:15 - [MESSAGE][PASSED] - Delayed 5 second(s)

2018-01-25 14:16:15 - [TEST_STEP][PASSED] - click: Object: 'Object Repository/Quote_OR/btn_RECALCULATE_PREMIUM' is clicked on

2018-01-25 14:16:15 - [MESSAGE][PASSED] - Object: 'Object Repository/Quote_OR/btn_RECALCULATE_PREMIUM' is clicked on]]></system-out>
         <system-err><![CDATA[]]></system-err>
      </testcase>
      <testcase name="Test Cases/APPLICATION_CREATION" classname="Test Cases/APPLICATION_CREATION" status="PASSED">
         <system-out><![CDATA[2018-01-25 14:16:15 - [TEST_CASE][PASSED] - Test Cases/APPLICATION_CREATION: Test Cases/APPLICATION_CREATION

2018-01-25 14:16:15 - [TEST_STEP][PASSED] - setText: Text '131 Shady Springs Dr Macon, GA 31217 USA' is set on object 'Object Repository/Application_OR/txtfield_ADDRESS_ON_QUOTE_PAGE'

2018-01-25 14:16:16 - [MESSAGE][PASSED] - Text '131 Shady Springs Dr Macon, GA 31217 USA' is set on object 'Object Repository/Application_OR/txtfield_ADDRESS_ON_QUOTE_PAGE'

2018-01-25 14:16:16 - [TEST_STEP][PASSED] - click: Object: 'Object Repository/Application_OR/btn_SEARCH_ADDRESS_QUOTE_PAGE' is clicked on

2018-01-25 14:16:30 - [MESSAGE][PASSED] - Object: 'Object Repository/Application_OR/btn_SEARCH_ADDRESS_QUOTE_PAGE' is clicked on

2018-01-25 14:16:30 - [TEST_STEP][PASSED] - Statement - Address = com.kms.katalon.core.testobject.ObjectRepository.findTestObject(Endorsement_OR/get_Address): Finding Test Object with id 'Object Repository/Endorsement_OR/get_Address'

2018-01-25 14:16:30 - [TEST_STEP][PASSED] - Statement - propertyaddress = com.kms.katalon.core.webui.keyword.WebUiBuiltInKeywords.getAttribute(Address, "value"): Attribute 'value' of object 'Object Repository/Endorsement_OR/get_Address' is: '131 Shady Springs Dr, Macon, GA 31217, USA'

2018-01-25 14:16:30 - [MESSAGE][PASSED] - Attribute 'value' of object 'Object Repository/Endorsement_OR/get_Address' is: '131 Shady Springs Dr, Macon, GA 31217, USA'

2018-01-25 14:16:30 - [TEST_STEP][PASSED] - Statement - println(propertyaddress): null

2018-01-25 14:16:30 - [TEST_STEP][PASSED] - Statement - propertyaddress = propertyaddress: null

2018-01-25 14:16:30 - [TEST_STEP][PASSED] - selectOptionByIndex: All options with index in [1] are selected on object 'Object Repository/Quote_OR/drp_PROPERTY_TYPE'

2018-01-25 14:16:31 - [MESSAGE][PASSED] - All options with index in [1] are selected on object 'Object Repository/Quote_OR/drp_PROPERTY_TYPE'

2018-01-25 14:16:31 - [TEST_STEP][PASSED] - setText: Text '' is set on object 'Object Repository/Quote_OR/txtbx_YEARHOMEBUILD'

2018-01-25 14:16:31 - [MESSAGE][PASSED] - Text '' is set on object 'Object Repository/Quote_OR/txtbx_YEARHOMEBUILD'

2018-01-25 14:16:31 - [TEST_STEP][PASSED] - setText: Text '2000' is set on object 'Object Repository/Quote_OR/txtbx_YEARHOMEBUILD'

2018-01-25 14:16:31 - [MESSAGE][PASSED] - Text '2000' is set on object 'Object Repository/Quote_OR/txtbx_YEARHOMEBUILD'

2018-01-25 14:16:31 - [TEST_STEP][PASSED] - selectOptionByIndex: All options with index in [2] are selected on object 'Object Repository/Quote_OR/drp_CONSTRUCTION_TYPE'

2018-01-25 14:16:31 - [MESSAGE][PASSED] - All options with index in [2] are selected on object 'Object Repository/Quote_OR/drp_CONSTRUCTION_TYPE'

2018-01-25 14:16:31 - [TEST_STEP][PASSED] - setText: Text '' is set on object 'Object Repository/Quote_OR/txtfield_HOME_VALUATION'

2018-01-25 14:16:31 - [MESSAGE][PASSED] - Text '' is set on object 'Object Repository/Quote_OR/txtfield_HOME_VALUATION'

2018-01-25 14:16:31 - [TEST_STEP][PASSED] - setText: Text '100000' is set on object 'Object Repository/Quote_OR/txtfield_HOME_VALUATION'

2018-01-25 14:16:31 - [MESSAGE][PASSED] - Text '100000' is set on object 'Object Repository/Quote_OR/txtfield_HOME_VALUATION'

2018-01-25 14:16:31 - [TEST_STEP][PASSED] - click: Object: 'Object Repository/Quote_OR/btn_GETQUOTE' is clicked on

2018-01-25 14:16:31 - [MESSAGE][PASSED] - Object: 'Object Repository/Quote_OR/btn_GETQUOTE' is clicked on

2018-01-25 14:16:31 - [TEST_STEP][PASSED] - delay: Delayed 1 second(s)

2018-01-25 14:16:32 - [MESSAGE][PASSED] - Delayed 1 second(s)

2018-01-25 14:16:32 - [TEST_STEP][PASSED] - click: Object: 'Object Repository/Application_OR/btn_TOAPPLICATION' is clicked on

2018-01-25 14:16:57 - [MESSAGE][PASSED] - Object: 'Object Repository/Application_OR/btn_TOAPPLICATION' is clicked on

2018-01-25 14:16:57 - [TEST_STEP][PASSED] - delay: Delayed 10 second(s)

2018-01-25 14:17:07 - [MESSAGE][PASSED] - Delayed 10 second(s)

2018-01-25 14:17:07 - [TEST_STEP][PASSED] - click: Object: 'Object Repository/Application_OR/btn_CONTINUE_UW_QUESTIONS' is clicked on

2018-01-25 14:17:07 - [MESSAGE][PASSED] - Object: 'Object Repository/Application_OR/btn_CONTINUE_UW_QUESTIONS' is clicked on

2018-01-25 14:17:07 - [TEST_STEP][PASSED] - delay: Delayed 10 second(s)

2018-01-25 14:17:17 - [MESSAGE][PASSED] - Delayed 10 second(s)

2018-01-25 14:17:17 - [TEST_STEP][PASSED] - delay: Delayed 3 second(s)

2018-01-25 14:17:20 - [MESSAGE][PASSED] - Delayed 3 second(s)

2018-01-25 14:17:20 - [TEST_STEP][PASSED] - click: Object: 'Object Repository/Application_OR/txtfield_INSURED_FIRSTNAME' is clicked on

2018-01-25 14:17:20 - [MESSAGE][PASSED] - Object: 'Object Repository/Application_OR/txtfield_INSURED_FIRSTNAME' is clicked on

2018-01-25 14:17:20 - [TEST_STEP][PASSED] - setText: Text 'Ross' is set on object 'Object Repository/Application_OR/txtfield_INSURED_FIRSTNAME'

2018-01-25 14:17:20 - [MESSAGE][PASSED] - Text 'Ross' is set on object 'Object Repository/Application_OR/txtfield_INSURED_FIRSTNAME'

2018-01-25 14:17:20 - [TEST_STEP][PASSED] - setText: Text 'Marshal' is set on object 'Object Repository/Application_OR/txtfield_INSURED_MIDDLENAME'

2018-01-25 14:17:20 - [MESSAGE][PASSED] - Text 'Marshal' is set on object 'Object Repository/Application_OR/txtfield_INSURED_MIDDLENAME'

2018-01-25 14:17:20 - [TEST_STEP][PASSED] - setText: Text 'Guptil' is set on object 'Object Repository/Application_OR/txtfield_INSURED_LASTNAME'

2018-01-25 14:17:21 - [MESSAGE][PASSED] - Text 'Guptil' is set on object 'Object Repository/Application_OR/txtfield_INSURED_LASTNAME'

2018-01-25 14:17:21 - [TEST_STEP][PASSED] - setText: Text '09/10/1999' is set on object 'Object Repository/Application_OR/txtfield_INSURED_DOB'

2018-01-25 14:17:21 - [MESSAGE][PASSED] - Text '09/10/1999' is set on object 'Object Repository/Application_OR/txtfield_INSURED_DOB'

2018-01-25 14:17:21 - [TEST_STEP][PASSED] - delay: Delayed 5 second(s)

2018-01-25 14:17:26 - [MESSAGE][PASSED] - Delayed 5 second(s)

2018-01-25 14:17:26 - [TEST_STEP][PASSED] - setText: Text 'gsalunkhe@cogitate.us' is set on object 'Object Repository/Application_OR/txtfield_INSURED_EMAIL'

2018-01-25 14:17:26 - [MESSAGE][PASSED] - Text 'gsalunkhe@cogitate.us' is set on object 'Object Repository/Application_OR/txtfield_INSURED_EMAIL'

2018-01-25 14:17:26 - [TEST_STEP][PASSED] - delay: Delayed 5 second(s)

2018-01-25 14:17:31 - [MESSAGE][PASSED] - Delayed 5 second(s)

2018-01-25 14:17:31 - [TEST_STEP][PASSED] - setText: Text '9768180080' is set on object 'Object Repository/Application_OR/txtfield_INSURED_CONTACTNUMBER'

2018-01-25 14:17:31 - [MESSAGE][PASSED] - Text '9768180080' is set on object 'Object Repository/Application_OR/txtfield_INSURED_CONTACTNUMBER'

2018-01-25 14:17:31 - [TEST_STEP][PASSED] - delay: Delayed 5 second(s)

2018-01-25 14:17:36 - [MESSAGE][PASSED] - Delayed 5 second(s)

2018-01-25 14:17:36 - [TEST_STEP][PASSED] - Statement - hdnPolicyInfoId = com.kms.katalon.core.testobject.ObjectRepository.findTestObject(Generic_OR/hdnPolicyInfoId): Finding Test Object with id 'Object Repository/Generic_OR/hdnPolicyInfoId'

2018-01-25 14:17:36 - [TEST_STEP][PASSED] - Statement - policyInfoid = com.kms.katalon.core.webui.keyword.WebUiBuiltInKeywords.getAttribute(hdnPolicyInfoId, "value"): Attribute 'value' of object 'Object Repository/Generic_OR/hdnPolicyInfoId' is: '3446'

2018-01-25 14:17:36 - [MESSAGE][PASSED] - Attribute 'value' of object 'Object Repository/Generic_OR/hdnPolicyInfoId' is: '3446'

2018-01-25 14:17:36 - [TEST_STEP][PASSED] - Statement - policyInfoId = policyInfoid: null

2018-01-25 14:17:36 - [TEST_STEP][PASSED] - click: Object: 'Object Repository/Application_OR/btn_POLICYHOLDER_SAVEANDCONTINUE' is clicked on

2018-01-25 14:17:37 - [MESSAGE][PASSED] - Object: 'Object Repository/Application_OR/btn_POLICYHOLDER_SAVEANDCONTINUE' is clicked on

2018-01-25 14:17:37 - [TEST_STEP][PASSED] - delay: Delayed 1 second(s)

2018-01-25 14:17:38 - [MESSAGE][PASSED] - Delayed 1 second(s)

2018-01-25 14:17:38 - [TEST_STEP][PASSED] - click: Object: 'Object Repository/Application_OR/drp_ROOFTYPE_PROPERTYPAGE' is clicked on

2018-01-25 14:17:39 - [MESSAGE][PASSED] - Object: 'Object Repository/Application_OR/drp_ROOFTYPE_PROPERTYPAGE' is clicked on

2018-01-25 14:17:39 - [TEST_STEP][PASSED] - delay: Delayed 3 second(s)

2018-01-25 14:17:42 - [MESSAGE][PASSED] - Delayed 3 second(s)

2018-01-25 14:17:42 - [TEST_STEP][PASSED] - selectOptionByIndex: All options with index in [1] are selected on object 'Object Repository/Application_OR/drp_ROOFTYPE_PROPERTYPAGE'

2018-01-25 14:17:42 - [MESSAGE][PASSED] - All options with index in [1] are selected on object 'Object Repository/Application_OR/drp_ROOFTYPE_PROPERTYPAGE'

2018-01-25 14:17:42 - [TEST_STEP][PASSED] - delay: Delayed 2 second(s)

2018-01-25 14:17:44 - [MESSAGE][PASSED] - Delayed 2 second(s)

2018-01-25 14:17:44 - [TEST_STEP][PASSED] - selectOptionByIndex: All options with index in [3] are selected on object 'Object Repository/Application_OR/drp_FOUNDATIONTYPE_PROPERTYPAGE'

2018-01-25 14:17:44 - [MESSAGE][PASSED] - All options with index in [3] are selected on object 'Object Repository/Application_OR/drp_FOUNDATIONTYPE_PROPERTYPAGE'

2018-01-25 14:17:44 - [TEST_STEP][PASSED] - delay: Delayed 2 second(s)

2018-01-25 14:17:46 - [MESSAGE][PASSED] - Delayed 2 second(s)

2018-01-25 14:17:46 - [TEST_STEP][PASSED] - selectOptionByIndex: All options with index in [7] are selected on object 'Object Repository/Application_OR/drp_HEATINGTYPE_PROPERTYPAGE'

2018-01-25 14:17:46 - [MESSAGE][PASSED] - All options with index in [7] are selected on object 'Object Repository/Application_OR/drp_HEATINGTYPE_PROPERTYPAGE'

2018-01-25 14:17:46 - [TEST_STEP][PASSED] - delay: Delayed 5 second(s)

2018-01-25 14:17:51 - [MESSAGE][PASSED] - Delayed 5 second(s)

2018-01-25 14:17:51 - [TEST_STEP][PASSED] - click: Object: 'Object Repository/Application_OR/btn_OCCUPANYPAGE_SAVEANDCONTINUE' is clicked on

2018-01-25 14:17:51 - [MESSAGE][PASSED] - Object: 'Object Repository/Application_OR/btn_OCCUPANYPAGE_SAVEANDCONTINUE' is clicked on

2018-01-25 14:17:51 - [TEST_STEP][PASSED] - delay: Delayed 1 second(s)

2018-01-25 14:17:52 - [MESSAGE][PASSED] - Delayed 1 second(s)

2018-01-25 14:17:52 - [TEST_STEP][PASSED] - click: Object: 'Object Repository/Application_OR/btn_YES_ROOFAGE_POPUP' is clicked on

2018-01-25 14:17:53 - [MESSAGE][PASSED] - Object: 'Object Repository/Application_OR/btn_YES_ROOFAGE_POPUP' is clicked on

2018-01-25 14:17:53 - [TEST_STEP][PASSED] - delay: Delayed 1 second(s)

2018-01-25 14:17:54 - [MESSAGE][PASSED] - Delayed 1 second(s)

2018-01-25 14:17:54 - [TEST_STEP][PASSED] - click: Object: 'Object Repository/Application_OR/btn_YES_ELECTRICALAGE_POPUP' is clicked on

2018-01-25 14:17:54 - [MESSAGE][PASSED] - Object: 'Object Repository/Application_OR/btn_YES_ELECTRICALAGE_POPUP' is clicked on

2018-01-25 14:17:54 - [TEST_STEP][PASSED] - delay: Delayed 1 second(s)

2018-01-25 14:17:55 - [MESSAGE][PASSED] - Delayed 1 second(s)

2018-01-25 14:17:55 - [TEST_STEP][PASSED] - click: Object: 'Object Repository/Application_OR/btn_YES_ELECTRICALAGE_POPUP' is clicked on

2018-01-25 14:17:55 - [MESSAGE][PASSED] - Object: 'Object Repository/Application_OR/btn_YES_ELECTRICALAGE_POPUP' is clicked on

2018-01-25 14:17:55 - [TEST_STEP][PASSED] - delay: Delayed 5 second(s)

2018-01-25 14:18:00 - [MESSAGE][PASSED] - Delayed 5 second(s)

2018-01-25 14:18:00 - [TEST_STEP][PASSED] - click: Object: 'Object Repository/Application_OR/btn_OCCUPANYPAGE_SAVEANDCONTINUE' is clicked on

2018-01-25 14:18:01 - [MESSAGE][PASSED] - Object: 'Object Repository/Application_OR/btn_OCCUPANYPAGE_SAVEANDCONTINUE' is clicked on

2018-01-25 14:18:01 - [TEST_STEP][PASSED] - delay: Delayed 5 second(s)

2018-01-25 14:18:06 - [MESSAGE][PASSED] - Delayed 5 second(s)

2018-01-25 14:18:06 - [TEST_STEP][PASSED] - check: Object 'Object Repository/Application_OR/chkbx_AGREEMENT' is checked

2018-01-25 14:18:06 - [MESSAGE][PASSED] - Object 'Object Repository/Application_OR/chkbx_AGREEMENT' is checked

2018-01-25 14:18:06 - [TEST_STEP][PASSED] - delay: Delayed 10 second(s)

2018-01-25 14:18:16 - [MESSAGE][PASSED] - Delayed 10 second(s)

2018-01-25 14:18:16 - [TEST_STEP][PASSED] - click: Object: 'Object Repository/Application_OR/btn_OCCUPANYPAGE_SAVEANDCONTINUE' is clicked on

2018-01-25 14:18:16 - [MESSAGE][PASSED] - Object: 'Object Repository/Application_OR/btn_OCCUPANYPAGE_SAVEANDCONTINUE' is clicked on

2018-01-25 14:18:16 - [TEST_STEP][PASSED] - delay: Delayed 5 second(s)

2018-01-25 14:18:21 - [MESSAGE][PASSED] - Delayed 5 second(s)

2018-01-25 14:18:21 - [TEST_STEP][PASSED] - click: Object: 'Object Repository/Application_OR/btn_SIGNAPPLICATION_AGENT' is clicked on

2018-01-25 14:19:12 - [MESSAGE][PASSED] - Object: 'Object Repository/Application_OR/btn_SIGNAPPLICATION_AGENT' is clicked on

2018-01-25 14:19:12 - [TEST_STEP][PASSED] - delay: Delayed 5 second(s)

2018-01-25 14:19:17 - [MESSAGE][PASSED] - Delayed 5 second(s)

2018-01-25 14:19:17 - [TEST_STEP][PASSED] - click: Object: 'Object Repository/Application_OR/btn_INSURED_SIGNATURE' is clicked on

2018-01-25 14:19:17 - [MESSAGE][PASSED] - Object: 'Object Repository/Application_OR/btn_INSURED_SIGNATURE' is clicked on

2018-01-25 14:19:17 - [TEST_STEP][PASSED] - delay: Delayed 5 second(s)

2018-01-25 14:19:22 - [MESSAGE][PASSED] - Delayed 5 second(s)

2018-01-25 14:19:22 - [TEST_STEP][PASSED] - click: Object: 'Object Repository/Application_OR/txtbx_INSURED_SIGNATURE' is clicked on

2018-01-25 14:19:22 - [MESSAGE][PASSED] - Object: 'Object Repository/Application_OR/txtbx_INSURED_SIGNATURE' is clicked on

2018-01-25 14:19:22 - [TEST_STEP][PASSED] - delay: Delayed 5 second(s)

2018-01-25 14:19:27 - [MESSAGE][PASSED] - Delayed 5 second(s)

2018-01-25 14:19:27 - [TEST_STEP][PASSED] - setText: Text 'Ross Marshal Guptil' is set on object 'Object Repository/Application_OR/txtbx_INSURED_SIGNATURE'

2018-01-25 14:19:27 - [MESSAGE][PASSED] - Text 'Ross Marshal Guptil' is set on object 'Object Repository/Application_OR/txtbx_INSURED_SIGNATURE'

2018-01-25 14:19:27 - [TEST_STEP][PASSED] - click: Object: 'Object Repository/Application_OR/btn_SUBMIT_INSURED_SIGNATURE' is clicked on

2018-01-25 14:19:27 - [MESSAGE][PASSED] - Object: 'Object Repository/Application_OR/btn_SUBMIT_INSURED_SIGNATURE' is clicked on

2018-01-25 14:19:27 - [TEST_STEP][PASSED] - Statement - otpQuery = "SELECT TOP 1 OtpGenerated FROM PPE_ApplicationForms_trn where PolicyInfoId = " + policyInfoId + " Order BY ModifiedDateTime DESC": null

2018-01-25 14:19:27 - [TEST_STEP][PASSED] - Statement - println("otpQuery" + " " + otpQuery): null

2018-01-25 14:19:27 - [TEST_STEP][PASSED] - com.PPE.Database_Connection.connectDB: com.PPE.Database_Connection.connectDB is PASSED

2018-01-25 14:19:29 - [MESSAGE][PASSED] - com.PPE.Database_Connection.connectDB is PASSED

2018-01-25 14:19:29 - [TEST_STEP][PASSED] - Statement - recordset = CustomKeywords.com.PPE.Database_Connection.executeQuery(otpQuery): com.PPE.Database_Connection.executeQuery is PASSED

2018-01-25 14:19:29 - [MESSAGE][PASSED] - com.PPE.Database_Connection.executeQuery is PASSED

2018-01-25 14:19:29 - [TEST_STEP][PASSED] - Statement - otp = 0: null

2018-01-25 14:19:29 - [TEST_STEP][PASSED] - Statement - While (recordset.next()): null

2018-01-25 14:19:29 - [TEST_STEP][PASSED] - Statement - otp = recordset.getObject("OtpGenerated"): null

2018-01-25 14:19:29 - [TEST_STEP][PASSED] - Statement - println("otp" + " " + otp): null

2018-01-25 14:19:29 - [TEST_STEP][PASSED] - delay: Delayed 10 second(s)

2018-01-25 14:19:39 - [MESSAGE][PASSED] - Delayed 10 second(s)

2018-01-25 14:19:39 - [TEST_STEP][PASSED] - Statement - txtOtp = com.kms.katalon.core.testobject.ObjectRepository.findTestObject(Application_OR/txtfield-OTP): Finding Test Object with id 'Object Repository/Application_OR/txtfield-OTP'

2018-01-25 14:19:39 - [TEST_STEP][PASSED] - setText: Text '6005' is set on object 'Object Repository/Application_OR/txtfield-OTP'

2018-01-25 14:19:40 - [MESSAGE][PASSED] - Text '6005' is set on object 'Object Repository/Application_OR/txtfield-OTP'

2018-01-25 14:19:40 - [TEST_STEP][PASSED] - delay: Delayed 1 second(s)

2018-01-25 14:19:41 - [MESSAGE][PASSED] - Delayed 1 second(s)

2018-01-25 14:19:41 - [TEST_STEP][PASSED] - click: Object: 'Object Repository/Application_OR/btn_OTP_VERIFY' is clicked on

2018-01-25 14:19:41 - [MESSAGE][PASSED] - Object: 'Object Repository/Application_OR/btn_OTP_VERIFY' is clicked on

2018-01-25 14:19:41 - [TEST_STEP][PASSED] - delay: Delayed 5 second(s)

2018-01-25 14:19:46 - [MESSAGE][PASSED] - Delayed 5 second(s)

2018-01-25 14:19:46 - [TEST_STEP][PASSED] - click: Object: 'Object Repository/Application_OR/btn_AGENT_SIGNATURE' is clicked on

2018-01-25 14:19:46 - [MESSAGE][PASSED] - Object: 'Object Repository/Application_OR/btn_AGENT_SIGNATURE' is clicked on

2018-01-25 14:19:46 - [TEST_STEP][PASSED] - delay: Delayed 2 second(s)

2018-01-25 14:19:48 - [MESSAGE][PASSED] - Delayed 2 second(s)

2018-01-25 14:19:48 - [TEST_STEP][PASSED] - click: Object: 'Object Repository/Application_OR/txtbx_AGENT_SIGNATURE' is clicked on

2018-01-25 14:19:48 - [MESSAGE][PASSED] - Object: 'Object Repository/Application_OR/txtbx_AGENT_SIGNATURE' is clicked on

2018-01-25 14:19:48 - [TEST_STEP][PASSED] - delay: Delayed 2 second(s)

2018-01-25 14:19:50 - [MESSAGE][PASSED] - Delayed 2 second(s)

2018-01-25 14:19:50 - [TEST_STEP][PASSED] - setText: Text 'clement helms' is set on object 'Object Repository/Application_OR/txtbx_AGENT_SIGNATURE'

2018-01-25 14:19:50 - [MESSAGE][PASSED] - Text 'clement helms' is set on object 'Object Repository/Application_OR/txtbx_AGENT_SIGNATURE'

2018-01-25 14:19:50 - [TEST_STEP][PASSED] - delay: Delayed 2 second(s)

2018-01-25 14:19:52 - [MESSAGE][PASSED] - Delayed 2 second(s)

2018-01-25 14:19:52 - [TEST_STEP][PASSED] - click: Object: 'Object Repository/Application_OR/btn_SUBMIT_AGENT_SIGNATURE' is clicked on

2018-01-25 14:19:52 - [MESSAGE][PASSED] - Object: 'Object Repository/Application_OR/btn_SUBMIT_AGENT_SIGNATURE' is clicked on

2018-01-25 14:19:52 - [TEST_STEP][PASSED] - delay: Delayed 5 second(s)

2018-01-25 14:19:57 - [MESSAGE][PASSED] - Delayed 5 second(s)

2018-01-25 14:19:57 - [TEST_STEP][PASSED] - click: Object: 'Object Repository/Application_OR/btn_SURPLUSLINE_ACK' is clicked on

2018-01-25 14:19:58 - [MESSAGE][PASSED] - Object: 'Object Repository/Application_OR/btn_SURPLUSLINE_ACK' is clicked on

2018-01-25 14:19:58 - [TEST_STEP][PASSED] - delay: Delayed 5 second(s)

2018-01-25 14:20:03 - [MESSAGE][PASSED] - Delayed 5 second(s)

2018-01-25 14:20:03 - [TEST_STEP][PASSED] - click: Object: 'Object Repository/Application_OR/txtfield_SURPLUSLINE_FORM_TEXT' is clicked on

2018-01-25 14:20:03 - [MESSAGE][PASSED] - Object: 'Object Repository/Application_OR/txtfield_SURPLUSLINE_FORM_TEXT' is clicked on

2018-01-25 14:20:03 - [TEST_STEP][PASSED] - setText: Text 'Testing' is set on object 'Object Repository/Application_OR/txtfield_SURPLUSLINE_FORM_TEXT'

2018-01-25 14:20:03 - [MESSAGE][PASSED] - Text 'Testing' is set on object 'Object Repository/Application_OR/txtfield_SURPLUSLINE_FORM_TEXT'

2018-01-25 14:20:03 - [TEST_STEP][PASSED] - delay: Delayed 5 second(s)

2018-01-25 14:20:08 - [MESSAGE][PASSED] - Delayed 5 second(s)

2018-01-25 14:20:08 - [TEST_STEP][PASSED] - click: Object: 'Object Repository/Application_OR/btn_SUBMIT_SURPLUSLINE' is clicked on

2018-01-25 14:20:09 - [MESSAGE][PASSED] - Object: 'Object Repository/Application_OR/btn_SUBMIT_SURPLUSLINE' is clicked on

2018-01-25 14:20:09 - [TEST_STEP][PASSED] - delay: Delayed 5 second(s)

2018-01-25 14:20:14 - [MESSAGE][PASSED] - Delayed 5 second(s)

2018-01-25 14:20:14 - [TEST_STEP][PASSED] - click: Object: 'Object Repository/Application_OR/btn_SUBMIT_FOR_UW_APPROVAL' is clicked on

2018-01-25 14:20:17 - [MESSAGE][PASSED] - Object: 'Object Repository/Application_OR/btn_SUBMIT_FOR_UW_APPROVAL' is clicked on

2018-01-25 14:20:17 - [TEST_STEP][PASSED] - delay: Delayed 8 second(s)

2018-01-25 14:20:25 - [MESSAGE][PASSED] - Delayed 8 second(s)

2018-01-25 14:20:25 - [TEST_STEP][PASSED] - click: Object: 'Object Repository/Application_OR/btn_LOGOUT' is clicked on

2018-01-25 14:20:26 - [MESSAGE][PASSED] - Object: 'Object Repository/Application_OR/btn_LOGOUT' is clicked on

2018-01-25 14:20:26 - [TEST_STEP][PASSED] - delay: Delayed 5 second(s)

2018-01-25 14:20:31 - [MESSAGE][PASSED] - Delayed 5 second(s)

2018-01-25 14:20:31 - [TEST_STEP][PASSED] - setText: Text 'ih.william' is set on object 'Object Repository/Quote_OR/txtfield_USERNAME'

2018-01-25 14:20:31 - [MESSAGE][PASSED] - Text 'ih.william' is set on object 'Object Repository/Quote_OR/txtfield_USERNAME'

2018-01-25 14:20:31 - [TEST_STEP][PASSED] - setText: Text '10#Hammer' is set on object 'Object Repository/Quote_OR/txtfield_PASSWORD'

2018-01-25 14:20:31 - [MESSAGE][PASSED] - Text '10#Hammer' is set on object 'Object Repository/Quote_OR/txtfield_PASSWORD'

2018-01-25 14:20:31 - [TEST_STEP][PASSED] - click: Object: 'Object Repository/Quote_OR/btn-LOGIN' is clicked on

2018-01-25 14:20:34 - [MESSAGE][PASSED] - Object: 'Object Repository/Quote_OR/btn-LOGIN' is clicked on

2018-01-25 14:20:34 - [TEST_STEP][PASSED] - delay: Delayed 5 second(s)

2018-01-25 14:20:39 - [MESSAGE][PASSED] - Delayed 5 second(s)

2018-01-25 14:20:39 - [TEST_STEP][PASSED] - Statement - btnId = "//*[@id="btnLoadApplication_" + policyInfoId + ""]": null

2018-01-25 14:20:39 - [TEST_STEP][PASSED] - Statement - btnViewApplication = new com.kms.katalon.core.testobject.TestObject(btnViewApplication): null

2018-01-25 14:20:39 - [TEST_STEP][PASSED] - Statement - btnViewApplication.addProperty("xpath", EQUALS, btnId, true): null

2018-01-25 14:20:39 - [TEST_STEP][PASSED] - delay: Delayed 20 second(s)

2018-01-25 14:20:59 - [MESSAGE][PASSED] - Delayed 20 second(s)

2018-01-25 14:20:59 - [TEST_STEP][PASSED] - click: Object: 'btnViewApplication' is clicked on

2018-01-25 14:21:01 - [MESSAGE][PASSED] - Object: 'btnViewApplication' is clicked on

2018-01-25 14:21:01 - [TEST_STEP][PASSED] - delay: Delayed 8 second(s)

2018-01-25 14:21:09 - [MESSAGE][PASSED] - Delayed 8 second(s)

2018-01-25 14:21:09 - [TEST_STEP][PASSED] - click: Object: 'Object Repository/Application_OR/btn_DOWNLOAD_AFS_UW' is clicked on

2018-01-25 14:21:09 - [MESSAGE][PASSED] - Object: 'Object Repository/Application_OR/btn_DOWNLOAD_AFS_UW' is clicked on

2018-01-25 14:21:09 - [TEST_STEP][PASSED] - delay: Delayed 5 second(s)

2018-01-25 14:21:14 - [MESSAGE][PASSED] - Delayed 5 second(s)

2018-01-25 14:21:14 - [TEST_STEP][PASSED] - click: Object: 'Object Repository/Application_OR/btn_GENERATE_FORMS' is clicked on

2018-01-25 14:21:14 - [MESSAGE][PASSED] - Object: 'Object Repository/Application_OR/btn_GENERATE_FORMS' is clicked on

2018-01-25 14:21:14 - [TEST_STEP][PASSED] - delay: Delayed 5 second(s)

2018-01-25 14:21:19 - [MESSAGE][PASSED] - Delayed 5 second(s)

2018-01-25 14:21:19 - [TEST_STEP][PASSED] - click: Object: 'Object Repository/Application_OR/btn_REQUEST_FOR_BIND' is clicked on

2018-01-25 14:21:19 - [MESSAGE][PASSED] - Object: 'Object Repository/Application_OR/btn_REQUEST_FOR_BIND' is clicked on

2018-01-25 14:21:19 - [TEST_STEP][PASSED] - delay: Delayed 20 second(s)

2018-01-25 14:21:39 - [MESSAGE][PASSED] - Delayed 20 second(s)

2018-01-25 14:21:39 - [TEST_STEP][PASSED] - click: Object: 'Object Repository/Application_OR/btn_VIEW_POLICY_FORMS' is clicked on

2018-01-25 14:21:39 - [MESSAGE][PASSED] - Object: 'Object Repository/Application_OR/btn_VIEW_POLICY_FORMS' is clicked on

2018-01-25 14:21:39 - [TEST_STEP][PASSED] - delay: Delayed 15 second(s)

2018-01-25 14:21:54 - [MESSAGE][PASSED] - Delayed 15 second(s)

2018-01-25 14:21:54 - [TEST_STEP][PASSED] - click: Object: 'Object Repository/Application_OR/btn_UW_APPLICATION_STATUS_MENU' is clicked on

2018-01-25 14:21:54 - [MESSAGE][PASSED] - Object: 'Object Repository/Application_OR/btn_UW_APPLICATION_STATUS_MENU' is clicked on

2018-01-25 14:21:54 - [TEST_STEP][PASSED] - delay: Delayed 2 second(s)

2018-01-25 14:21:56 - [MESSAGE][PASSED] - Delayed 2 second(s)

2018-01-25 14:21:56 - [TEST_STEP][PASSED] - click: Object: 'Object Repository/Application_OR/btn_YES_CONFIRMATION' is clicked on

2018-01-25 14:21:57 - [MESSAGE][PASSED] - Object: 'Object Repository/Application_OR/btn_YES_CONFIRMATION' is clicked on

2018-01-25 14:21:57 - [TEST_STEP][PASSED] - delay: Delayed 20 second(s)

2018-01-25 14:22:17 - [MESSAGE][PASSED] - Delayed 20 second(s)]]></system-out>
         <system-err><![CDATA[]]></system-err>
      </testcase>
      <testcase name="Test Cases/ENDORSEMENT_CREATION" classname="Test Cases/ENDORSEMENT_CREATION" status="ERROR">
         <error type="ERROR" message="Test Cases/ENDORSEMENT_CREATION FAILED because (of) java.lang.Error: Unresolved compilation problem: 
"/>
         <system-out><![CDATA[2018-01-25 14:22:17 - [TEST_CASE][ERROR] - Test Cases/ENDORSEMENT_CREATION: Test Cases/ENDORSEMENT_CREATION FAILED because (of) java.lang.Error: Unresolved compilation problem: 


2018-01-25 14:22:17 - [TEST_STEP][PASSED] - click: Object: 'Object Repository/Endorsement_OR/btn_ADVANCE_FILTER' is clicked on

2018-01-25 14:22:17 - [MESSAGE][PASSED] - Object: 'Object Repository/Endorsement_OR/btn_ADVANCE_FILTER' is clicked on

2018-01-25 14:22:17 - [TEST_STEP][PASSED] - delay: Delayed 4 second(s)

2018-01-25 14:22:21 - [MESSAGE][PASSED] - Delayed 4 second(s)

2018-01-25 14:22:21 - [TEST_STEP][PASSED] - setText: Text '131 Shady Springs Dr, Macon, GA 31217, USA' is set on object 'Object Repository/Endorsement_OR/txtfield_AdvanceFilter_PROPERTY_ADDRESS'

2018-01-25 14:22:22 - [MESSAGE][PASSED] - Text '131 Shady Springs Dr, Macon, GA 31217, USA' is set on object 'Object Repository/Endorsement_OR/txtfield_AdvanceFilter_PROPERTY_ADDRESS'

2018-01-25 14:22:22 - [TEST_STEP][PASSED] - delay: Delayed 15 second(s)

2018-01-25 14:22:37 - [MESSAGE][PASSED] - Delayed 15 second(s)

2018-01-25 14:22:37 - [TEST_STEP][PASSED] - click: Object: 'Object Repository/Endorsement_OR/btn_APPLY_Advance_Filter' is clicked on

2018-01-25 14:22:37 - [MESSAGE][PASSED] - Object: 'Object Repository/Endorsement_OR/btn_APPLY_Advance_Filter' is clicked on

2018-01-25 14:22:37 - [TEST_STEP][PASSED] - delay: Delayed 18 second(s)

2018-01-25 14:22:55 - [MESSAGE][PASSED] - Delayed 18 second(s)

2018-01-25 14:22:55 - [TEST_STEP][PASSED] - Statement - policynumber = com.kms.katalon.core.webui.keyword.WebUiBuiltInKeywords.getText(com.kms.katalon.core.testobject.ObjectRepository.findTestObject(Endorsement_OR/get_POLICYNUMBER)): Text of object 'Object Repository/Endorsement_OR/get_POLICYNUMBER' is: 'BCIHGA1800087'

2018-01-25 14:22:55 - [MESSAGE][PASSED] - Text of object 'Object Repository/Endorsement_OR/get_POLICYNUMBER' is: 'BCIHGA1800087'

2018-01-25 14:22:55 - [TEST_STEP][PASSED] - Statement - println(policynumber): null

2018-01-25 14:22:55 - [TEST_STEP][PASSED] - delay: Delayed 10 second(s)

2018-01-25 14:23:05 - [MESSAGE][PASSED] - Delayed 10 second(s)

2018-01-25 14:23:05 - [TEST_STEP][PASSED] - click: Object: 'Object Repository/Endorsement_OR/btn_ENDORSEMENT_MENU' is clicked on

2018-01-25 14:23:05 - [MESSAGE][PASSED] - Object: 'Object Repository/Endorsement_OR/btn_ENDORSEMENT_MENU' is clicked on

2018-01-25 14:23:05 - [TEST_STEP][PASSED] - delay: Delayed 3 second(s)

2018-01-25 14:23:08 - [MESSAGE][PASSED] - Delayed 3 second(s)

2018-01-25 14:23:08 - [TEST_STEP][PASSED] - click: Object: 'Object Repository/Endorsement_OR/btn_YES_CONFIRMATION_ENDORSEMENT' is clicked on

2018-01-25 14:23:09 - [MESSAGE][PASSED] - Object: 'Object Repository/Endorsement_OR/btn_YES_CONFIRMATION_ENDORSEMENT' is clicked on

2018-01-25 14:23:09 - [TEST_STEP][PASSED] - delay: Delayed 6 second(s)

2018-01-25 14:23:15 - [MESSAGE][PASSED] - Delayed 6 second(s)

2018-01-25 14:23:15 - [TEST_STEP][PASSED] - setText: Text 'BCIHGA1800087' is set on object 'Object Repository/Endorsement_OR/txtfield_POLICYNUMBER_FOR_ENDORSEMENT'

2018-01-25 14:23:15 - [MESSAGE][PASSED] - Text 'BCIHGA1800087' is set on object 'Object Repository/Endorsement_OR/txtfield_POLICYNUMBER_FOR_ENDORSEMENT'

2018-01-25 14:23:15 - [TEST_STEP][PASSED] - delay: Delayed 6 second(s)

2018-01-25 14:23:21 - [MESSAGE][PASSED] - Delayed 6 second(s)

2018-01-25 14:23:21 - [TEST_STEP][PASSED] - click: Object: 'Object Repository/Endorsement_OR/btn_SEARCH_FOR_ENDORSEMENT' is clicked on

2018-01-25 14:23:21 - [MESSAGE][PASSED] - Object: 'Object Repository/Endorsement_OR/btn_SEARCH_FOR_ENDORSEMENT' is clicked on

2018-01-25 14:23:21 - [TEST_STEP][PASSED] - delay: Delayed 10 second(s)

2018-01-25 14:23:31 - [MESSAGE][PASSED] - Delayed 10 second(s)

2018-01-25 14:23:31 - [TEST_STEP][PASSED] - click: Object: 'Object Repository/Endorsement_OR/btn_ENDORSE_UW' is clicked on

2018-01-25 14:23:33 - [MESSAGE][PASSED] - Object: 'Object Repository/Endorsement_OR/btn_ENDORSE_UW' is clicked on

2018-01-25 14:23:33 - [TEST_STEP][PASSED] - delay: Delayed 6 second(s)

2018-01-25 14:23:39 - [MESSAGE][PASSED] - Delayed 6 second(s)

2018-01-25 14:23:39 - [TEST_STEP][PASSED] - click: Object: 'Object Repository/Endorsement_OR/btn_EDIT_APPLICANTINFO_UW' is clicked on

2018-01-25 14:23:39 - [MESSAGE][PASSED] - Object: 'Object Repository/Endorsement_OR/btn_EDIT_APPLICANTINFO_UW' is clicked on

2018-01-25 14:23:39 - [TEST_STEP][PASSED] - delay: Delayed 6 second(s)

2018-01-25 14:23:45 - [MESSAGE][PASSED] - Delayed 6 second(s)

2018-01-25 14:23:45 - [TEST_STEP][PASSED] - click: Object: 'Object Repository/Endorsement_OR/btn_RECALCULATE_UW' is clicked on

2018-01-25 14:23:46 - [MESSAGE][PASSED] - Object: 'Object Repository/Endorsement_OR/btn_RECALCULATE_UW' is clicked on

2018-01-25 14:23:46 - [TEST_STEP][PASSED] - delay: Delayed 6 second(s)

2018-01-25 14:23:52 - [MESSAGE][PASSED] - Delayed 6 second(s)

2018-01-25 14:23:52 - [TEST_STEP][PASSED] - setText: Text 'James' is set on object 'Object Repository/Endorsement_OR/txtfield_PRIFIRSTNAME_UW'

2018-01-25 14:23:52 - [MESSAGE][PASSED] - Text 'James' is set on object 'Object Repository/Endorsement_OR/txtfield_PRIFIRSTNAME_UW'

2018-01-25 14:23:52 - [TEST_STEP][PASSED] - delay: Delayed 2 second(s)

2018-01-25 14:23:54 - [MESSAGE][PASSED] - Delayed 2 second(s)

2018-01-25 14:23:54 - [TEST_STEP][PASSED] - click: Object: 'Object Repository/Endorsement_OR/btn_UPDATE_APPLICANTINFO_UW' is clicked on

2018-01-25 14:23:54 - [MESSAGE][PASSED] - Object: 'Object Repository/Endorsement_OR/btn_UPDATE_APPLICANTINFO_UW' is clicked on

2018-01-25 14:23:54 - [TEST_STEP][PASSED] - delay: Delayed 2 second(s)

2018-01-25 14:23:56 - [MESSAGE][PASSED] - Delayed 2 second(s)

2018-01-25 14:23:56 - [TEST_STEP][PASSED] - click: Object: 'Object Repository/Endorsement_OR/btn_RECALCULATE_UW' is clicked on

2018-01-25 14:23:56 - [MESSAGE][PASSED] - Object: 'Object Repository/Endorsement_OR/btn_RECALCULATE_UW' is clicked on

2018-01-25 14:23:56 - [TEST_STEP][PASSED] - delay: Delayed 6 second(s)

2018-01-25 14:24:02 - [MESSAGE][PASSED] - Delayed 6 second(s)

2018-01-25 14:24:02 - [TEST_STEP][PASSED] - scrollToPosition: Browser is scrolled to position x = 0, y = 50

2018-01-25 14:24:02 - [MESSAGE][PASSED] - Browser is scrolled to position x = 0, y = 50

2018-01-25 14:24:02 - [TEST_STEP][PASSED] - delay: Delayed 3 second(s)

2018-01-25 14:24:05 - [MESSAGE][PASSED] - Delayed 3 second(s)

2018-01-25 14:24:05 - [TEST_STEP][PASSED] - click: Object: 'Object Repository/Endorsement_OR/btn_EDIT_COVERAGE_UW' is clicked on

2018-01-25 14:24:05 - [MESSAGE][PASSED] - Object: 'Object Repository/Endorsement_OR/btn_EDIT_COVERAGE_UW' is clicked on

2018-01-25 14:24:05 - [TEST_STEP][PASSED] - delay: Delayed 6 second(s)

2018-01-25 14:24:11 - [MESSAGE][PASSED] - Delayed 6 second(s)

2018-01-25 14:24:11 - [TEST_STEP][PASSED] - click: Object: 'Object Repository/Endorsement_OR/drp_SETTLEMENTTYPE_UW' is clicked on

2018-01-25 14:24:12 - [MESSAGE][PASSED] - Object: 'Object Repository/Endorsement_OR/drp_SETTLEMENTTYPE_UW' is clicked on

2018-01-25 14:24:12 - [TEST_STEP][PASSED] - selectOptionByValue: All options with value 'ACV' are selected in object 'Object Repository/Endorsement_OR/drp_SETTLEMENTTYPE_UW' 

2018-01-25 14:24:12 - [MESSAGE][PASSED] - All options with value 'ACV' are selected in object 'Object Repository/Endorsement_OR/drp_SETTLEMENTTYPE_UW' 

2018-01-25 14:24:12 - [TEST_STEP][PASSED] - click: Object: 'Object Repository/Endorsement_OR/btn_UPDATE_COVERAGE_UW' is clicked on

2018-01-25 14:24:12 - [MESSAGE][PASSED] - Object: 'Object Repository/Endorsement_OR/btn_UPDATE_COVERAGE_UW' is clicked on

2018-01-25 14:24:12 - [TEST_STEP][PASSED] - delay: Delayed 2 second(s)

2018-01-25 14:24:14 - [MESSAGE][PASSED] - Delayed 2 second(s)

2018-01-25 14:24:14 - [TEST_STEP][PASSED] - click: Object: 'Object Repository/Endorsement_OR/btn_RECALCULATE_UW' is clicked on

2018-01-25 14:24:14 - [MESSAGE][PASSED] - Object: 'Object Repository/Endorsement_OR/btn_RECALCULATE_UW' is clicked on

2018-01-25 14:24:14 - [TEST_STEP][PASSED] - delay: Delayed 2 second(s)

2018-01-25 14:24:16 - [MESSAGE][PASSED] - Delayed 2 second(s)

2018-01-25 14:24:16 - [TEST_STEP][PASSED] - click: Object: 'Object Repository/Endorsement_OR/txtfield_ENDORSEMENTEFFECTIVEDATE_UW' is clicked on

2018-01-25 14:24:16 - [MESSAGE][PASSED] - Object: 'Object Repository/Endorsement_OR/txtfield_ENDORSEMENTEFFECTIVEDATE_UW' is clicked on

2018-01-25 14:24:16 - [TEST_STEP][PASSED] - Statement - use(groovy.time.TimeCategory, { -> ... }): null

2018-01-25 14:24:16 - [TEST_STEP][PASSED] - scrollToPosition: Browser is scrolled to position x = 0, y = 50

2018-01-25 14:24:16 - [MESSAGE][PASSED] - Browser is scrolled to position x = 0, y = 50

2018-01-25 14:24:16 - [TEST_STEP][PASSED] - click: Object: 'Object Repository/Endorsement_OR/btn_EDIT_PROPERTY_UW' is clicked on

2018-01-25 14:24:16 - [MESSAGE][PASSED] - Object: 'Object Repository/Endorsement_OR/btn_EDIT_PROPERTY_UW' is clicked on

2018-01-25 14:24:16 - [TEST_STEP][PASSED] - delay: Delayed 2 second(s)

2018-01-25 14:24:18 - [MESSAGE][PASSED] - Delayed 2 second(s)

2018-01-25 14:24:18 - [TEST_STEP][PASSED] - setText: Text '1970' is set on object 'Object Repository/Endorsement_OR/txtfield_HOME_BUILD_ENDORSEMENT_UW'

2018-01-25 14:24:19 - [MESSAGE][PASSED] - Text '1970' is set on object 'Object Repository/Endorsement_OR/txtfield_HOME_BUILD_ENDORSEMENT_UW'

2018-01-25 14:24:19 - [TEST_STEP][PASSED] - delay: Delayed 4 second(s)

2018-01-25 14:24:23 - [MESSAGE][PASSED] - Delayed 4 second(s)

2018-01-25 14:24:23 - [TEST_STEP][PASSED] - setText: Text '500000' is set on object 'Object Repository/Endorsement_OR/txtfield_EXIMATED_VALUATION_UW'

2018-01-25 14:24:23 - [MESSAGE][PASSED] - Text '500000' is set on object 'Object Repository/Endorsement_OR/txtfield_EXIMATED_VALUATION_UW'

2018-01-25 14:24:23 - [TEST_STEP][PASSED] - delay: Delayed 4 second(s)

2018-01-25 14:24:27 - [MESSAGE][PASSED] - Delayed 4 second(s)

2018-01-25 14:24:27 - [TEST_STEP][PASSED] - click: Object: 'Object Repository/Endorsement_OR/drp_CONSTRUCTION_TYPE_UW' is clicked on

2018-01-25 14:24:27 - [MESSAGE][PASSED] - Object: 'Object Repository/Endorsement_OR/drp_CONSTRUCTION_TYPE_UW' is clicked on

2018-01-25 14:24:27 - [TEST_STEP][PASSED] - selectOptionByIndex: All options with index in [3] are selected on object 'Object Repository/Endorsement_OR/drp_CONSTRUCTION_TYPE_UW'

2018-01-25 14:24:27 - [MESSAGE][PASSED] - All options with index in [3] are selected on object 'Object Repository/Endorsement_OR/drp_CONSTRUCTION_TYPE_UW'

2018-01-25 14:24:27 - [TEST_STEP][PASSED] - delay: Delayed 4 second(s)

2018-01-25 14:24:31 - [MESSAGE][PASSED] - Delayed 4 second(s)

2018-01-25 14:24:31 - [TEST_STEP][PASSED] - click: Object: 'Object Repository/Endorsement_OR/btn_UPDATE_ENDORSEMENT_PROPERTY_UW' is clicked on

2018-01-25 14:24:31 - [MESSAGE][PASSED] - Object: 'Object Repository/Endorsement_OR/btn_UPDATE_ENDORSEMENT_PROPERTY_UW' is clicked on

2018-01-25 14:24:31 - [TEST_STEP][PASSED] - delay: Delayed 4 second(s)

2018-01-25 14:24:35 - [MESSAGE][PASSED] - Delayed 4 second(s)

2018-01-25 14:24:35 - [TEST_STEP][PASSED] - click: Object: 'Object Repository/Endorsement_OR/btn_RECALCULATE_UW' is clicked on

2018-01-25 14:24:35 - [MESSAGE][PASSED] - Object: 'Object Repository/Endorsement_OR/btn_RECALCULATE_UW' is clicked on

2018-01-25 14:24:35 - [TEST_STEP][PASSED] - delay: Delayed 4 second(s)

2018-01-25 14:24:39 - [MESSAGE][PASSED] - Delayed 4 second(s)

2018-01-25 14:24:39 - [TEST_STEP][PASSED] - click: Object: 'Object Repository/Endorsement_OR/btn_GENERATE_FORMS_UW' is clicked on

2018-01-25 14:24:40 - [MESSAGE][PASSED] - Object: 'Object Repository/Endorsement_OR/btn_GENERATE_FORMS_UW' is clicked on

2018-01-25 14:24:40 - [TEST_STEP][PASSED] - delay: Delayed 4 second(s)

2018-01-25 14:24:44 - [MESSAGE][PASSED] - Delayed 4 second(s)

2018-01-25 14:24:44 - [TEST_STEP][PASSED] - click: Object: 'Object Repository/Endorsement_OR/btn_APPROVE_ENDORSEMENT' is clicked on

2018-01-25 14:24:44 - [MESSAGE][PASSED] - Object: 'Object Repository/Endorsement_OR/btn_APPROVE_ENDORSEMENT' is clicked on

2018-01-25 14:24:44 - [TEST_STEP][PASSED] - delay: Delayed 6 second(s)

2018-01-25 14:24:50 - [MESSAGE][PASSED] - Delayed 6 second(s)

2018-01-25 14:24:50 - [TEST_STEP][PASSED] - click: Object: 'Object Repository/Endorsement_OR/chkbx_HOMEOWNER_END_FORM' is clicked on

2018-01-25 14:24:50 - [MESSAGE][PASSED] - Object: 'Object Repository/Endorsement_OR/chkbx_HOMEOWNER_END_FORM' is clicked on

2018-01-25 14:24:50 - [TEST_STEP][PASSED] - delay: Delayed 4 second(s)

2018-01-25 14:24:54 - [MESSAGE][PASSED] - Delayed 4 second(s)

2018-01-25 14:24:54 - [TEST_STEP][PASSED] - click: Object: 'Object Repository/Endorsement_OR/chkbx_HOMEOWNER_END_FORM' is clicked on

2018-01-25 14:24:54 - [MESSAGE][PASSED] - Object: 'Object Repository/Endorsement_OR/chkbx_HOMEOWNER_END_FORM' is clicked on

2018-01-25 14:24:54 - [TEST_STEP][PASSED] - delay: Delayed 4 second(s)

2018-01-25 14:24:58 - [MESSAGE][PASSED] - Delayed 4 second(s)

2018-01-25 14:24:58 - [TEST_STEP][PASSED] - click: Object: 'Object Repository/Endorsement_OR/btn_FILLDATA_HOMEOWNER_END_FORM' is clicked on

2018-01-25 14:24:58 - [MESSAGE][PASSED] - Object: 'Object Repository/Endorsement_OR/btn_FILLDATA_HOMEOWNER_END_FORM' is clicked on

2018-01-25 14:24:58 - [TEST_STEP][PASSED] - delay: Delayed 10 second(s)

2018-01-25 14:25:08 - [MESSAGE][PASSED] - Delayed 10 second(s)

2018-01-25 14:25:08 - [TEST_STEP][PASSED] - setText: Text 'Testing' is set on object 'Object Repository/Endorsement_OR/txtfield_HOMEOWNER_END_FORM'

2018-01-25 14:25:08 - [MESSAGE][PASSED] - Text 'Testing' is set on object 'Object Repository/Endorsement_OR/txtfield_HOMEOWNER_END_FORM'

2018-01-25 14:25:08 - [TEST_STEP][PASSED] - delay: Delayed 4 second(s)

2018-01-25 14:25:12 - [MESSAGE][PASSED] - Delayed 4 second(s)

2018-01-25 14:25:12 - [TEST_STEP][PASSED] - click: Object: 'Object Repository/Endorsement_OR/btn_SUBMIT_HOMEOWNER_END_FORM' is clicked on

2018-01-25 14:25:12 - [MESSAGE][PASSED] - Object: 'Object Repository/Endorsement_OR/btn_SUBMIT_HOMEOWNER_END_FORM' is clicked on

2018-01-25 14:25:12 - [TEST_STEP][PASSED] - delay: Delayed 4 second(s)

2018-01-25 14:25:16 - [MESSAGE][PASSED] - Delayed 4 second(s)

2018-01-25 14:25:16 - [TEST_STEP][PASSED] - click: Object: 'Object Repository/Endorsement_OR/btn_VIEW_DRAFT_END' is clicked on

2018-01-25 14:25:17 - [MESSAGE][PASSED] - Object: 'Object Repository/Endorsement_OR/btn_VIEW_DRAFT_END' is clicked on

2018-01-25 14:25:17 - [TEST_STEP][PASSED] - delay: Delayed 4 second(s)

2018-01-25 14:25:21 - [MESSAGE][PASSED] - Delayed 4 second(s)

2018-01-25 14:25:21 - [TEST_STEP][PASSED] - click: Object: 'Object Repository/Endorsement_OR/btn_APPROVE_ENDORSEMENT' is clicked on

2018-01-25 14:25:21 - [MESSAGE][PASSED] - Object: 'Object Repository/Endorsement_OR/btn_APPROVE_ENDORSEMENT' is clicked on

2018-01-25 14:25:21 - [TEST_STEP][ERROR] - com.PPE.Waiting_Keywrd.clickUsingJS: Unresolved compilation problem: 


2018-01-25 14:25:21 - [MESSAGE][ERROR] - Unresolved compilation problem:]]></system-out>
         <system-err><![CDATA[2018-01-25 14:22:17 - [TEST_CASE][ERROR] - Test Cases/ENDORSEMENT_CREATION: Test Cases/ENDORSEMENT_CREATION FAILED because (of) java.lang.Error: Unresolved compilation problem:]]></system-err>
      </testcase>
      <system-out><![CDATA[2018-01-25 14:15:09 - [TEST_SUITE][ERROR] - PPE: Test Cases/ENDORSEMENT_CREATION FAILED because (of) java.lang.Error: Unresolved compilation problem:]]></system-out>
      <system-err><![CDATA[2018-01-25 14:15:09 - [TEST_SUITE][ERROR] - PPE: Test Cases/ENDORSEMENT_CREATION FAILED because (of) java.lang.Error: Unresolved compilation problem:]]></system-err>
   </testsuite>
</testsuites>
