<?xml version="1.0" encoding="UTF-8"?>
<testsuites name="PPE" time="703" tests="3" failures="1" errors="0">
   <testsuite name="PPE" tests="3" failures="1" errors="0" time="703" timestamp="2018-01-25 17:03:30" hostname="gsalunkhe - CTS-QUA-4.cogitate.india" id="Test Suites/PPE">
      <properties>
         <property name="deviceName" value=""/>
         <property name="devicePlatform" value=""/>
         <property name="logFolder" value="D:\\Katalon_Practice_Workspace\\Katalon_Mitendra\\Reports\\PPE\\20180125_170329"/>
         <property name="logFiles" value="D:\\Katalon_Practice_Workspace\\Katalon_Mitendra\\Reports\\PPE\\20180125_170329\\execution0.log"/>
         <property name="attachments" value="D:\\Katalon_Practice_Workspace\\Katalon_Mitendra\\Reports\\PPE\\20180125_170329\\1516880711783.png"/>
         <property name="hostName" value="gsalunkhe - CTS-QUA-4.cogitate.india"/>
         <property name="os" value="Windows 7 64bit"/>
         <property name="katalonVersion" value="5.0.1.1"/>
         <property name="browser" value="Chrome 63.0.3239.132"/>
         <property name="hostAddress" value="192.168.0.4"/>
         <property name="sessionId" value="627413f0b49783c1ccde97910681faa6"/>
         <property name="seleniumVersion" value="2.53.0"/>
         <property name="proxyInformation" value="ProxyInformation{proxyOption=NO_PROXY, proxyServerType=HTTP, password=, proxyServerAddress=, proxyServerPort=0}"/>
         <property name="platform" value="Windows 7"/>
      </properties>
      <testcase name="Test Cases/QUOTE_CREATION" classname="Test Cases/QUOTE_CREATION" status="PASSED">
         <system-out><![CDATA[2018-01-25 17:03:31 - [TEST_CASE][PASSED] - Test Cases/QUOTE_CREATION: Test Cases/QUOTE_CREATION

2018-01-25 17:03:31 - [TEST_STEP][PASSED] - openBrowser: Browser is opened with url: 'http://13.90.102.191:8066'

2018-01-25 17:03:38 - [MESSAGE][PASSED] - Browser is opened with url: 'http://13.90.102.191:8066'

2018-01-25 17:03:38 - [TEST_STEP][PASSED] - maximizeWindow: Current window maximized

2018-01-25 17:03:40 - [MESSAGE][PASSED] - Current window maximized

2018-01-25 17:03:40 - [TEST_STEP][PASSED] - setText: Text 'ih.chelms' is set on object 'Object Repository/Quote_OR/txtfield_USERNAME'

2018-01-25 17:03:40 - [MESSAGE][PASSED] - Text 'ih.chelms' is set on object 'Object Repository/Quote_OR/txtfield_USERNAME'

2018-01-25 17:03:40 - [TEST_STEP][PASSED] - setText: Text '10#Hammer' is set on object 'Object Repository/Quote_OR/txtfield_PASSWORD'

2018-01-25 17:03:41 - [MESSAGE][PASSED] - Text '10#Hammer' is set on object 'Object Repository/Quote_OR/txtfield_PASSWORD'

2018-01-25 17:03:41 - [TEST_STEP][PASSED] - click: Object: 'Object Repository/Quote_OR/btn-LOGIN' is clicked on

2018-01-25 17:03:43 - [MESSAGE][PASSED] - Object: 'Object Repository/Quote_OR/btn-LOGIN' is clicked on

2018-01-25 17:03:43 - [TEST_STEP][PASSED] - setText: Text '2334 Camille Dr Columbus, GA 31906 USA' is set on object 'Object Repository/Quote_OR/txtfield_ADDRESS_ON_LANDING_PAGE'

2018-01-25 17:03:44 - [MESSAGE][PASSED] - Text '2334 Camille Dr Columbus, GA 31906 USA' is set on object 'Object Repository/Quote_OR/txtfield_ADDRESS_ON_LANDING_PAGE'

2018-01-25 17:03:44 - [TEST_STEP][PASSED] - click: Object: 'Object Repository/Quote_OR/btn_SEARCH_ADDRESS' is clicked on

2018-01-25 17:04:09 - [MESSAGE][PASSED] - Object: 'Object Repository/Quote_OR/btn_SEARCH_ADDRESS' is clicked on

2018-01-25 17:04:09 - [TEST_STEP][PASSED] - waitForPageLoad: Wait for page load successfully

2018-01-25 17:04:09 - [MESSAGE][PASSED] - Wait for page load successfully

2018-01-25 17:04:09 - [TEST_STEP][PASSED] - selectOptionByIndex: All options with index in [1] are selected on object 'Object Repository/Quote_OR/drp_PROPERTY_TYPE'

2018-01-25 17:04:09 - [MESSAGE][PASSED] - All options with index in [1] are selected on object 'Object Repository/Quote_OR/drp_PROPERTY_TYPE'

2018-01-25 17:04:09 - [TEST_STEP][PASSED] - setText: Text '' is set on object 'Object Repository/Quote_OR/txtfield_HOME_VALUATION'

2018-01-25 17:04:09 - [MESSAGE][PASSED] - Text '' is set on object 'Object Repository/Quote_OR/txtfield_HOME_VALUATION'

2018-01-25 17:04:09 - [TEST_STEP][PASSED] - selectOptionByIndex: All options with index in [2] are selected on object 'Object Repository/Quote_OR/drp_CONSTRUCTION_TYPE'

2018-01-25 17:04:10 - [MESSAGE][PASSED] - All options with index in [2] are selected on object 'Object Repository/Quote_OR/drp_CONSTRUCTION_TYPE'

2018-01-25 17:04:10 - [TEST_STEP][PASSED] - setText: Text '100000' is set on object 'Object Repository/Quote_OR/txtfield_HOME_VALUATION'

2018-01-25 17:04:10 - [MESSAGE][PASSED] - Text '100000' is set on object 'Object Repository/Quote_OR/txtfield_HOME_VALUATION'

2018-01-25 17:04:10 - [TEST_STEP][PASSED] - delay: Delayed 2 second(s)

2018-01-25 17:04:12 - [MESSAGE][PASSED] - Delayed 2 second(s)

2018-01-25 17:04:12 - [TEST_STEP][PASSED] - setText: Text '' is set on object 'Object Repository/Quote_OR/txtbx_YEARHOMEBUILD'

2018-01-25 17:04:12 - [MESSAGE][PASSED] - Text '' is set on object 'Object Repository/Quote_OR/txtbx_YEARHOMEBUILD'

2018-01-25 17:04:12 - [TEST_STEP][PASSED] - setText: Text '1968' is set on object 'Object Repository/Quote_OR/txtbx_YEARHOMEBUILD'

2018-01-25 17:04:12 - [MESSAGE][PASSED] - Text '1968' is set on object 'Object Repository/Quote_OR/txtbx_YEARHOMEBUILD'

2018-01-25 17:04:12 - [TEST_STEP][PASSED] - click: Object: 'Object Repository/Quote_OR/btn_GETQUOTE' is clicked on

2018-01-25 17:04:12 - [MESSAGE][PASSED] - Object: 'Object Repository/Quote_OR/btn_GETQUOTE' is clicked on

2018-01-25 17:04:12 - [TEST_STEP][PASSED] - delay: Delayed 1 second(s)

2018-01-25 17:04:13 - [MESSAGE][PASSED] - Delayed 1 second(s)

2018-01-25 17:04:13 - [TEST_STEP][PASSED] - click: Object: 'Object Repository/Quote_OR/btn_SENDQUOTE' is clicked on

2018-01-25 17:04:29 - [MESSAGE][PASSED] - Object: 'Object Repository/Quote_OR/btn_SENDQUOTE' is clicked on

2018-01-25 17:04:29 - [TEST_STEP][PASSED] - delay: Delayed 1 second(s)

2018-01-25 17:04:30 - [MESSAGE][PASSED] - Delayed 1 second(s)

2018-01-25 17:04:30 - [TEST_STEP][PASSED] - setText: Text 'Ganesh' is set on object 'Object Repository/Quote_OR/txtfield_SENDQUOTE_FIRSTNAME'

2018-01-25 17:04:30 - [MESSAGE][PASSED] - Text 'Ganesh' is set on object 'Object Repository/Quote_OR/txtfield_SENDQUOTE_FIRSTNAME'

2018-01-25 17:04:30 - [TEST_STEP][PASSED] - setText: Text 'Salunkhe' is set on object 'Object Repository/Quote_OR/txtfield_SENDQUOTE_LASTNAME'

2018-01-25 17:04:30 - [MESSAGE][PASSED] - Text 'Salunkhe' is set on object 'Object Repository/Quote_OR/txtfield_SENDQUOTE_LASTNAME'

2018-01-25 17:04:30 - [TEST_STEP][PASSED] - delay: Delayed 5 second(s)

2018-01-25 17:04:35 - [MESSAGE][PASSED] - Delayed 5 second(s)

2018-01-25 17:04:35 - [TEST_STEP][PASSED] - setText: Text '9768180080' is set on object 'Object Repository/Quote_OR/txtfield_SENDQUOTE_CONTACTNUMBER'

2018-01-25 17:04:35 - [MESSAGE][PASSED] - Text '9768180080' is set on object 'Object Repository/Quote_OR/txtfield_SENDQUOTE_CONTACTNUMBER'

2018-01-25 17:04:35 - [TEST_STEP][PASSED] - delay: Delayed 5 second(s)

2018-01-25 17:04:40 - [MESSAGE][PASSED] - Delayed 5 second(s)

2018-01-25 17:04:40 - [TEST_STEP][PASSED] - setText: Text 'gsalunkhe@cogitate.us' is set on object 'Object Repository/Quote_OR/txtfield_SENDQUOTE_EMAIL'

2018-01-25 17:04:41 - [MESSAGE][PASSED] - Text 'gsalunkhe@cogitate.us' is set on object 'Object Repository/Quote_OR/txtfield_SENDQUOTE_EMAIL'

2018-01-25 17:04:41 - [TEST_STEP][PASSED] - delay: Delayed 10 second(s)

2018-01-25 17:04:51 - [MESSAGE][PASSED] - Delayed 10 second(s)

2018-01-25 17:04:51 - [TEST_STEP][PASSED] - click: Object: 'Object Repository/Quote_OR/btn_SEND_QUOTE_DETAILS' is clicked on

2018-01-25 17:04:51 - [MESSAGE][PASSED] - Object: 'Object Repository/Quote_OR/btn_SEND_QUOTE_DETAILS' is clicked on

2018-01-25 17:04:51 - [TEST_STEP][PASSED] - selectOptionByIndex: All options with index in [1] are selected on object 'Object Repository/Quote_OR/drp_CONSTRUCTION_TYPE'

2018-01-25 17:04:51 - [MESSAGE][PASSED] - All options with index in [1] are selected on object 'Object Repository/Quote_OR/drp_CONSTRUCTION_TYPE'

2018-01-25 17:04:51 - [TEST_STEP][PASSED] - delay: Delayed 5 second(s)

2018-01-25 17:04:56 - [MESSAGE][PASSED] - Delayed 5 second(s)

2018-01-25 17:04:56 - [TEST_STEP][PASSED] - click: Object: 'Object Repository/Quote_OR/btn_RECALCULATE_PREMIUM' is clicked on

2018-01-25 17:04:56 - [MESSAGE][PASSED] - Object: 'Object Repository/Quote_OR/btn_RECALCULATE_PREMIUM' is clicked on]]></system-out>
         <system-err><![CDATA[]]></system-err>
      </testcase>
      <testcase name="Test Cases/APPLICATION_CREATION" classname="Test Cases/APPLICATION_CREATION" status="PASSED">
         <system-out><![CDATA[2018-01-25 17:04:56 - [TEST_CASE][PASSED] - Test Cases/APPLICATION_CREATION: Test Cases/APPLICATION_CREATION

2018-01-25 17:04:56 - [TEST_STEP][PASSED] - setText: Text '3005 Cathryn Dr Columbus, GA 31906 USA' is set on object 'Object Repository/Application_OR/txtfield_ADDRESS_ON_QUOTE_PAGE'

2018-01-25 17:04:57 - [MESSAGE][PASSED] - Text '3005 Cathryn Dr Columbus, GA 31906 USA' is set on object 'Object Repository/Application_OR/txtfield_ADDRESS_ON_QUOTE_PAGE'

2018-01-25 17:04:57 - [TEST_STEP][PASSED] - click: Object: 'Object Repository/Application_OR/btn_SEARCH_ADDRESS_QUOTE_PAGE' is clicked on

2018-01-25 17:05:09 - [MESSAGE][PASSED] - Object: 'Object Repository/Application_OR/btn_SEARCH_ADDRESS_QUOTE_PAGE' is clicked on

2018-01-25 17:05:09 - [TEST_STEP][PASSED] - Statement - Address = com.kms.katalon.core.testobject.ObjectRepository.findTestObject(Endorsement_OR/get_Address): Finding Test Object with id 'Object Repository/Endorsement_OR/get_Address'

2018-01-25 17:05:09 - [TEST_STEP][PASSED] - Statement - propertyaddress = com.kms.katalon.core.webui.keyword.WebUiBuiltInKeywords.getAttribute(Address, "value"): Attribute 'value' of object 'Object Repository/Endorsement_OR/get_Address' is: '3005 Cathryn Dr, Columbus, GA 31906, USA'

2018-01-25 17:05:09 - [MESSAGE][PASSED] - Attribute 'value' of object 'Object Repository/Endorsement_OR/get_Address' is: '3005 Cathryn Dr, Columbus, GA 31906, USA'

2018-01-25 17:05:09 - [TEST_STEP][PASSED] - Statement - println(propertyaddress): null

2018-01-25 17:05:09 - [TEST_STEP][PASSED] - Statement - propertyaddress = propertyaddress: null

2018-01-25 17:05:09 - [TEST_STEP][PASSED] - selectOptionByIndex: All options with index in [1] are selected on object 'Object Repository/Quote_OR/drp_PROPERTY_TYPE'

2018-01-25 17:05:10 - [MESSAGE][PASSED] - All options with index in [1] are selected on object 'Object Repository/Quote_OR/drp_PROPERTY_TYPE'

2018-01-25 17:05:10 - [TEST_STEP][PASSED] - setText: Text '' is set on object 'Object Repository/Quote_OR/txtbx_YEARHOMEBUILD'

2018-01-25 17:05:10 - [MESSAGE][PASSED] - Text '' is set on object 'Object Repository/Quote_OR/txtbx_YEARHOMEBUILD'

2018-01-25 17:05:10 - [TEST_STEP][PASSED] - setText: Text '2000' is set on object 'Object Repository/Quote_OR/txtbx_YEARHOMEBUILD'

2018-01-25 17:05:10 - [MESSAGE][PASSED] - Text '2000' is set on object 'Object Repository/Quote_OR/txtbx_YEARHOMEBUILD'

2018-01-25 17:05:10 - [TEST_STEP][PASSED] - selectOptionByIndex: All options with index in [2] are selected on object 'Object Repository/Quote_OR/drp_CONSTRUCTION_TYPE'

2018-01-25 17:05:10 - [MESSAGE][PASSED] - All options with index in [2] are selected on object 'Object Repository/Quote_OR/drp_CONSTRUCTION_TYPE'

2018-01-25 17:05:10 - [TEST_STEP][PASSED] - setText: Text '' is set on object 'Object Repository/Quote_OR/txtfield_HOME_VALUATION'

2018-01-25 17:05:10 - [MESSAGE][PASSED] - Text '' is set on object 'Object Repository/Quote_OR/txtfield_HOME_VALUATION'

2018-01-25 17:05:10 - [TEST_STEP][PASSED] - setText: Text '100000' is set on object 'Object Repository/Quote_OR/txtfield_HOME_VALUATION'

2018-01-25 17:05:10 - [MESSAGE][PASSED] - Text '100000' is set on object 'Object Repository/Quote_OR/txtfield_HOME_VALUATION'

2018-01-25 17:05:10 - [TEST_STEP][PASSED] - click: Object: 'Object Repository/Quote_OR/btn_GETQUOTE' is clicked on

2018-01-25 17:05:10 - [MESSAGE][PASSED] - Object: 'Object Repository/Quote_OR/btn_GETQUOTE' is clicked on

2018-01-25 17:05:10 - [TEST_STEP][PASSED] - delay: Delayed 1 second(s)

2018-01-25 17:05:11 - [MESSAGE][PASSED] - Delayed 1 second(s)

2018-01-25 17:05:11 - [TEST_STEP][PASSED] - click: Object: 'Object Repository/Application_OR/btn_TOAPPLICATION' is clicked on

2018-01-25 17:05:42 - [MESSAGE][PASSED] - Object: 'Object Repository/Application_OR/btn_TOAPPLICATION' is clicked on

2018-01-25 17:05:42 - [TEST_STEP][PASSED] - delay: Delayed 10 second(s)

2018-01-25 17:05:52 - [MESSAGE][PASSED] - Delayed 10 second(s)

2018-01-25 17:05:52 - [TEST_STEP][PASSED] - click: Object: 'Object Repository/Application_OR/btn_CONTINUE_UW_QUESTIONS' is clicked on

2018-01-25 17:05:53 - [MESSAGE][PASSED] - Object: 'Object Repository/Application_OR/btn_CONTINUE_UW_QUESTIONS' is clicked on

2018-01-25 17:05:53 - [TEST_STEP][PASSED] - delay: Delayed 10 second(s)

2018-01-25 17:06:03 - [MESSAGE][PASSED] - Delayed 10 second(s)

2018-01-25 17:06:03 - [TEST_STEP][PASSED] - delay: Delayed 3 second(s)

2018-01-25 17:06:06 - [MESSAGE][PASSED] - Delayed 3 second(s)

2018-01-25 17:06:06 - [TEST_STEP][PASSED] - click: Object: 'Object Repository/Application_OR/txtfield_INSURED_FIRSTNAME' is clicked on

2018-01-25 17:06:06 - [MESSAGE][PASSED] - Object: 'Object Repository/Application_OR/txtfield_INSURED_FIRSTNAME' is clicked on

2018-01-25 17:06:06 - [TEST_STEP][PASSED] - setText: Text 'Ross' is set on object 'Object Repository/Application_OR/txtfield_INSURED_FIRSTNAME'

2018-01-25 17:06:06 - [MESSAGE][PASSED] - Text 'Ross' is set on object 'Object Repository/Application_OR/txtfield_INSURED_FIRSTNAME'

2018-01-25 17:06:06 - [TEST_STEP][PASSED] - setText: Text 'Marshal' is set on object 'Object Repository/Application_OR/txtfield_INSURED_MIDDLENAME'

2018-01-25 17:06:06 - [MESSAGE][PASSED] - Text 'Marshal' is set on object 'Object Repository/Application_OR/txtfield_INSURED_MIDDLENAME'

2018-01-25 17:06:06 - [TEST_STEP][PASSED] - setText: Text 'Guptil' is set on object 'Object Repository/Application_OR/txtfield_INSURED_LASTNAME'

2018-01-25 17:06:06 - [MESSAGE][PASSED] - Text 'Guptil' is set on object 'Object Repository/Application_OR/txtfield_INSURED_LASTNAME'

2018-01-25 17:06:06 - [TEST_STEP][PASSED] - setText: Text '09/10/1999' is set on object 'Object Repository/Application_OR/txtfield_INSURED_DOB'

2018-01-25 17:06:06 - [MESSAGE][PASSED] - Text '09/10/1999' is set on object 'Object Repository/Application_OR/txtfield_INSURED_DOB'

2018-01-25 17:06:06 - [TEST_STEP][PASSED] - delay: Delayed 5 second(s)

2018-01-25 17:06:11 - [MESSAGE][PASSED] - Delayed 5 second(s)

2018-01-25 17:06:11 - [TEST_STEP][PASSED] - setText: Text 'gsalunkhe@cogitate.us' is set on object 'Object Repository/Application_OR/txtfield_INSURED_EMAIL'

2018-01-25 17:06:12 - [MESSAGE][PASSED] - Text 'gsalunkhe@cogitate.us' is set on object 'Object Repository/Application_OR/txtfield_INSURED_EMAIL'

2018-01-25 17:06:12 - [TEST_STEP][PASSED] - delay: Delayed 5 second(s)

2018-01-25 17:06:17 - [MESSAGE][PASSED] - Delayed 5 second(s)

2018-01-25 17:06:17 - [TEST_STEP][PASSED] - setText: Text '9768180080' is set on object 'Object Repository/Application_OR/txtfield_INSURED_CONTACTNUMBER'

2018-01-25 17:06:17 - [MESSAGE][PASSED] - Text '9768180080' is set on object 'Object Repository/Application_OR/txtfield_INSURED_CONTACTNUMBER'

2018-01-25 17:06:17 - [TEST_STEP][PASSED] - delay: Delayed 5 second(s)

2018-01-25 17:06:22 - [MESSAGE][PASSED] - Delayed 5 second(s)

2018-01-25 17:06:22 - [TEST_STEP][PASSED] - Statement - hdnPolicyInfoId = com.kms.katalon.core.testobject.ObjectRepository.findTestObject(Generic_OR/hdnPolicyInfoId): Finding Test Object with id 'Object Repository/Generic_OR/hdnPolicyInfoId'

2018-01-25 17:06:22 - [TEST_STEP][PASSED] - Statement - policyInfoid = com.kms.katalon.core.webui.keyword.WebUiBuiltInKeywords.getAttribute(hdnPolicyInfoId, "value"): Attribute 'value' of object 'Object Repository/Generic_OR/hdnPolicyInfoId' is: '3458'

2018-01-25 17:06:22 - [MESSAGE][PASSED] - Attribute 'value' of object 'Object Repository/Generic_OR/hdnPolicyInfoId' is: '3458'

2018-01-25 17:06:22 - [TEST_STEP][PASSED] - Statement - policyInfoId = policyInfoid: null

2018-01-25 17:06:22 - [TEST_STEP][PASSED] - click: Object: 'Object Repository/Application_OR/btn_POLICYHOLDER_SAVEANDCONTINUE' is clicked on

2018-01-25 17:06:22 - [MESSAGE][PASSED] - Object: 'Object Repository/Application_OR/btn_POLICYHOLDER_SAVEANDCONTINUE' is clicked on

2018-01-25 17:06:22 - [TEST_STEP][PASSED] - delay: Delayed 1 second(s)

2018-01-25 17:06:23 - [MESSAGE][PASSED] - Delayed 1 second(s)

2018-01-25 17:06:23 - [TEST_STEP][PASSED] - click: Object: 'Object Repository/Application_OR/drp_ROOFTYPE_PROPERTYPAGE' is clicked on

2018-01-25 17:06:24 - [MESSAGE][PASSED] - Object: 'Object Repository/Application_OR/drp_ROOFTYPE_PROPERTYPAGE' is clicked on

2018-01-25 17:06:24 - [TEST_STEP][PASSED] - delay: Delayed 3 second(s)

2018-01-25 17:06:27 - [MESSAGE][PASSED] - Delayed 3 second(s)

2018-01-25 17:06:27 - [TEST_STEP][PASSED] - selectOptionByIndex: All options with index in [1] are selected on object 'Object Repository/Application_OR/drp_ROOFTYPE_PROPERTYPAGE'

2018-01-25 17:06:27 - [MESSAGE][PASSED] - All options with index in [1] are selected on object 'Object Repository/Application_OR/drp_ROOFTYPE_PROPERTYPAGE'

2018-01-25 17:06:27 - [TEST_STEP][PASSED] - delay: Delayed 2 second(s)

2018-01-25 17:06:29 - [MESSAGE][PASSED] - Delayed 2 second(s)

2018-01-25 17:06:29 - [TEST_STEP][PASSED] - selectOptionByIndex: All options with index in [3] are selected on object 'Object Repository/Application_OR/drp_FOUNDATIONTYPE_PROPERTYPAGE'

2018-01-25 17:06:29 - [MESSAGE][PASSED] - All options with index in [3] are selected on object 'Object Repository/Application_OR/drp_FOUNDATIONTYPE_PROPERTYPAGE'

2018-01-25 17:06:29 - [TEST_STEP][PASSED] - delay: Delayed 2 second(s)

2018-01-25 17:06:31 - [MESSAGE][PASSED] - Delayed 2 second(s)

2018-01-25 17:06:31 - [TEST_STEP][PASSED] - selectOptionByIndex: All options with index in [7] are selected on object 'Object Repository/Application_OR/drp_HEATINGTYPE_PROPERTYPAGE'

2018-01-25 17:06:31 - [MESSAGE][PASSED] - All options with index in [7] are selected on object 'Object Repository/Application_OR/drp_HEATINGTYPE_PROPERTYPAGE'

2018-01-25 17:06:31 - [TEST_STEP][PASSED] - delay: Delayed 5 second(s)

2018-01-25 17:06:36 - [MESSAGE][PASSED] - Delayed 5 second(s)

2018-01-25 17:06:36 - [TEST_STEP][PASSED] - click: Object: 'Object Repository/Application_OR/btn_OCCUPANYPAGE_SAVEANDCONTINUE' is clicked on

2018-01-25 17:06:37 - [MESSAGE][PASSED] - Object: 'Object Repository/Application_OR/btn_OCCUPANYPAGE_SAVEANDCONTINUE' is clicked on

2018-01-25 17:06:37 - [TEST_STEP][PASSED] - delay: Delayed 4 second(s)

2018-01-25 17:06:41 - [MESSAGE][PASSED] - Delayed 4 second(s)

2018-01-25 17:06:41 - [TEST_STEP][PASSED] - click: Object: 'Object Repository/Application_OR/btn_YES_ROOFAGE_POPUP' is clicked on

2018-01-25 17:06:41 - [MESSAGE][PASSED] - Object: 'Object Repository/Application_OR/btn_YES_ROOFAGE_POPUP' is clicked on

2018-01-25 17:06:41 - [TEST_STEP][PASSED] - delay: Delayed 4 second(s)

2018-01-25 17:06:45 - [MESSAGE][PASSED] - Delayed 4 second(s)

2018-01-25 17:06:45 - [TEST_STEP][PASSED] - click: Object: 'Object Repository/Application_OR/btn_YES_ELECTRICALAGE_POPUP' is clicked on

2018-01-25 17:06:45 - [MESSAGE][PASSED] - Object: 'Object Repository/Application_OR/btn_YES_ELECTRICALAGE_POPUP' is clicked on

2018-01-25 17:06:45 - [TEST_STEP][PASSED] - delay: Delayed 4 second(s)

2018-01-25 17:06:49 - [MESSAGE][PASSED] - Delayed 4 second(s)

2018-01-25 17:06:49 - [TEST_STEP][PASSED] - click: Object: 'Object Repository/Application_OR/btn_YES_ELECTRICALAGE_POPUP' is clicked on

2018-01-25 17:06:49 - [MESSAGE][PASSED] - Object: 'Object Repository/Application_OR/btn_YES_ELECTRICALAGE_POPUP' is clicked on

2018-01-25 17:06:49 - [TEST_STEP][PASSED] - delay: Delayed 5 second(s)

2018-01-25 17:06:54 - [MESSAGE][PASSED] - Delayed 5 second(s)

2018-01-25 17:06:54 - [TEST_STEP][PASSED] - click: Object: 'Object Repository/Application_OR/btn_OCCUPANYPAGE_SAVEANDCONTINUE' is clicked on

2018-01-25 17:06:56 - [MESSAGE][PASSED] - Object: 'Object Repository/Application_OR/btn_OCCUPANYPAGE_SAVEANDCONTINUE' is clicked on

2018-01-25 17:06:56 - [TEST_STEP][PASSED] - delay: Delayed 5 second(s)

2018-01-25 17:07:01 - [MESSAGE][PASSED] - Delayed 5 second(s)

2018-01-25 17:07:01 - [TEST_STEP][PASSED] - check: Object 'Object Repository/Application_OR/chkbx_AGREEMENT' is checked

2018-01-25 17:07:01 - [MESSAGE][PASSED] - Object 'Object Repository/Application_OR/chkbx_AGREEMENT' is checked

2018-01-25 17:07:01 - [TEST_STEP][PASSED] - delay: Delayed 10 second(s)

2018-01-25 17:07:11 - [MESSAGE][PASSED] - Delayed 10 second(s)

2018-01-25 17:07:11 - [TEST_STEP][PASSED] - click: Object: 'Object Repository/Application_OR/btn_OCCUPANYPAGE_SAVEANDCONTINUE' is clicked on

2018-01-25 17:07:11 - [MESSAGE][PASSED] - Object: 'Object Repository/Application_OR/btn_OCCUPANYPAGE_SAVEANDCONTINUE' is clicked on

2018-01-25 17:07:11 - [TEST_STEP][PASSED] - delay: Delayed 5 second(s)

2018-01-25 17:07:16 - [MESSAGE][PASSED] - Delayed 5 second(s)

2018-01-25 17:07:16 - [TEST_STEP][PASSED] - click: Object: 'Object Repository/Application_OR/btn_SIGNAPPLICATION_AGENT' is clicked on

2018-01-25 17:07:32 - [MESSAGE][PASSED] - Object: 'Object Repository/Application_OR/btn_SIGNAPPLICATION_AGENT' is clicked on

2018-01-25 17:07:32 - [TEST_STEP][PASSED] - delay: Delayed 5 second(s)

2018-01-25 17:07:37 - [MESSAGE][PASSED] - Delayed 5 second(s)

2018-01-25 17:07:37 - [TEST_STEP][PASSED] - click: Object: 'Object Repository/Application_OR/btn_INSURED_SIGNATURE' is clicked on

2018-01-25 17:07:37 - [MESSAGE][PASSED] - Object: 'Object Repository/Application_OR/btn_INSURED_SIGNATURE' is clicked on

2018-01-25 17:07:37 - [TEST_STEP][PASSED] - delay: Delayed 5 second(s)

2018-01-25 17:07:42 - [MESSAGE][PASSED] - Delayed 5 second(s)

2018-01-25 17:07:42 - [TEST_STEP][PASSED] - click: Object: 'Object Repository/Application_OR/txtbx_INSURED_SIGNATURE' is clicked on

2018-01-25 17:07:42 - [MESSAGE][PASSED] - Object: 'Object Repository/Application_OR/txtbx_INSURED_SIGNATURE' is clicked on

2018-01-25 17:07:42 - [TEST_STEP][PASSED] - delay: Delayed 5 second(s)

2018-01-25 17:07:47 - [MESSAGE][PASSED] - Delayed 5 second(s)

2018-01-25 17:07:47 - [TEST_STEP][PASSED] - setText: Text 'Ross Marshal Guptil' is set on object 'Object Repository/Application_OR/txtbx_INSURED_SIGNATURE'

2018-01-25 17:07:48 - [MESSAGE][PASSED] - Text 'Ross Marshal Guptil' is set on object 'Object Repository/Application_OR/txtbx_INSURED_SIGNATURE'

2018-01-25 17:07:48 - [TEST_STEP][PASSED] - click: Object: 'Object Repository/Application_OR/btn_SUBMIT_INSURED_SIGNATURE' is clicked on

2018-01-25 17:07:48 - [MESSAGE][PASSED] - Object: 'Object Repository/Application_OR/btn_SUBMIT_INSURED_SIGNATURE' is clicked on

2018-01-25 17:07:48 - [TEST_STEP][PASSED] - Statement - otpQuery = "SELECT TOP 1 OtpGenerated FROM PPE_ApplicationForms_trn where PolicyInfoId = " + policyInfoId + " Order BY ModifiedDateTime DESC": null

2018-01-25 17:07:48 - [TEST_STEP][PASSED] - Statement - println("otpQuery" + " " + otpQuery): null

2018-01-25 17:07:48 - [TEST_STEP][PASSED] - com.PPE.Database_Connection.connectDB: com.PPE.Database_Connection.connectDB is PASSED

2018-01-25 17:07:50 - [MESSAGE][PASSED] - com.PPE.Database_Connection.connectDB is PASSED

2018-01-25 17:07:50 - [TEST_STEP][PASSED] - Statement - recordset = CustomKeywords.com.PPE.Database_Connection.executeQuery(otpQuery): com.PPE.Database_Connection.executeQuery is PASSED

2018-01-25 17:07:50 - [MESSAGE][PASSED] - com.PPE.Database_Connection.executeQuery is PASSED

2018-01-25 17:07:50 - [TEST_STEP][PASSED] - Statement - otp = 0: null

2018-01-25 17:07:50 - [TEST_STEP][PASSED] - Statement - While (recordset.next()): null

2018-01-25 17:07:50 - [TEST_STEP][PASSED] - Statement - otp = recordset.getObject("OtpGenerated"): null

2018-01-25 17:07:50 - [TEST_STEP][PASSED] - Statement - println("otp" + " " + otp): null

2018-01-25 17:07:50 - [TEST_STEP][PASSED] - delay: Delayed 10 second(s)

2018-01-25 17:08:00 - [MESSAGE][PASSED] - Delayed 10 second(s)

2018-01-25 17:08:00 - [TEST_STEP][PASSED] - Statement - txtOtp = com.kms.katalon.core.testobject.ObjectRepository.findTestObject(Application_OR/txtfield-OTP): Finding Test Object with id 'Object Repository/Application_OR/txtfield-OTP'

2018-01-25 17:08:00 - [TEST_STEP][PASSED] - setText: Text '3073' is set on object 'Object Repository/Application_OR/txtfield-OTP'

2018-01-25 17:08:00 - [MESSAGE][PASSED] - Text '3073' is set on object 'Object Repository/Application_OR/txtfield-OTP'

2018-01-25 17:08:00 - [TEST_STEP][PASSED] - delay: Delayed 1 second(s)

2018-01-25 17:08:01 - [MESSAGE][PASSED] - Delayed 1 second(s)

2018-01-25 17:08:01 - [TEST_STEP][PASSED] - click: Object: 'Object Repository/Application_OR/btn_OTP_VERIFY' is clicked on

2018-01-25 17:08:01 - [MESSAGE][PASSED] - Object: 'Object Repository/Application_OR/btn_OTP_VERIFY' is clicked on

2018-01-25 17:08:01 - [TEST_STEP][PASSED] - delay: Delayed 5 second(s)

2018-01-25 17:08:06 - [MESSAGE][PASSED] - Delayed 5 second(s)

2018-01-25 17:08:06 - [TEST_STEP][PASSED] - click: Object: 'Object Repository/Application_OR/btn_AGENT_SIGNATURE' is clicked on

2018-01-25 17:08:06 - [MESSAGE][PASSED] - Object: 'Object Repository/Application_OR/btn_AGENT_SIGNATURE' is clicked on

2018-01-25 17:08:06 - [TEST_STEP][PASSED] - delay: Delayed 2 second(s)

2018-01-25 17:08:08 - [MESSAGE][PASSED] - Delayed 2 second(s)

2018-01-25 17:08:08 - [TEST_STEP][PASSED] - click: Object: 'Object Repository/Application_OR/txtbx_AGENT_SIGNATURE' is clicked on

2018-01-25 17:08:08 - [MESSAGE][PASSED] - Object: 'Object Repository/Application_OR/txtbx_AGENT_SIGNATURE' is clicked on

2018-01-25 17:08:08 - [TEST_STEP][PASSED] - delay: Delayed 2 second(s)

2018-01-25 17:08:10 - [MESSAGE][PASSED] - Delayed 2 second(s)

2018-01-25 17:08:10 - [TEST_STEP][PASSED] - setText: Text 'clement helms' is set on object 'Object Repository/Application_OR/txtbx_AGENT_SIGNATURE'

2018-01-25 17:08:11 - [MESSAGE][PASSED] - Text 'clement helms' is set on object 'Object Repository/Application_OR/txtbx_AGENT_SIGNATURE'

2018-01-25 17:08:11 - [TEST_STEP][PASSED] - delay: Delayed 2 second(s)

2018-01-25 17:08:13 - [MESSAGE][PASSED] - Delayed 2 second(s)

2018-01-25 17:08:13 - [TEST_STEP][PASSED] - click: Object: 'Object Repository/Application_OR/btn_SUBMIT_AGENT_SIGNATURE' is clicked on

2018-01-25 17:08:13 - [MESSAGE][PASSED] - Object: 'Object Repository/Application_OR/btn_SUBMIT_AGENT_SIGNATURE' is clicked on

2018-01-25 17:08:13 - [TEST_STEP][PASSED] - delay: Delayed 5 second(s)

2018-01-25 17:08:18 - [MESSAGE][PASSED] - Delayed 5 second(s)

2018-01-25 17:08:18 - [TEST_STEP][PASSED] - click: Object: 'Object Repository/Application_OR/btn_SURPLUSLINE_ACK' is clicked on

2018-01-25 17:08:18 - [MESSAGE][PASSED] - Object: 'Object Repository/Application_OR/btn_SURPLUSLINE_ACK' is clicked on

2018-01-25 17:08:18 - [TEST_STEP][PASSED] - delay: Delayed 5 second(s)

2018-01-25 17:08:23 - [MESSAGE][PASSED] - Delayed 5 second(s)

2018-01-25 17:08:23 - [TEST_STEP][PASSED] - click: Object: 'Object Repository/Application_OR/txtfield_SURPLUSLINE_FORM_TEXT' is clicked on

2018-01-25 17:08:24 - [MESSAGE][PASSED] - Object: 'Object Repository/Application_OR/txtfield_SURPLUSLINE_FORM_TEXT' is clicked on

2018-01-25 17:08:24 - [TEST_STEP][PASSED] - setText: Text 'Testing' is set on object 'Object Repository/Application_OR/txtfield_SURPLUSLINE_FORM_TEXT'

2018-01-25 17:08:24 - [MESSAGE][PASSED] - Text 'Testing' is set on object 'Object Repository/Application_OR/txtfield_SURPLUSLINE_FORM_TEXT'

2018-01-25 17:08:24 - [TEST_STEP][PASSED] - delay: Delayed 5 second(s)

2018-01-25 17:08:29 - [MESSAGE][PASSED] - Delayed 5 second(s)

2018-01-25 17:08:29 - [TEST_STEP][PASSED] - click: Object: 'Object Repository/Application_OR/btn_SUBMIT_SURPLUSLINE' is clicked on

2018-01-25 17:08:29 - [MESSAGE][PASSED] - Object: 'Object Repository/Application_OR/btn_SUBMIT_SURPLUSLINE' is clicked on

2018-01-25 17:08:29 - [TEST_STEP][PASSED] - delay: Delayed 5 second(s)

2018-01-25 17:08:34 - [MESSAGE][PASSED] - Delayed 5 second(s)

2018-01-25 17:08:34 - [TEST_STEP][PASSED] - click: Object: 'Object Repository/Application_OR/btn_SUBMIT_FOR_UW_APPROVAL' is clicked on

2018-01-25 17:08:38 - [MESSAGE][PASSED] - Object: 'Object Repository/Application_OR/btn_SUBMIT_FOR_UW_APPROVAL' is clicked on

2018-01-25 17:08:38 - [TEST_STEP][PASSED] - delay: Delayed 8 second(s)

2018-01-25 17:08:46 - [MESSAGE][PASSED] - Delayed 8 second(s)

2018-01-25 17:08:46 - [TEST_STEP][PASSED] - click: Object: 'Object Repository/Application_OR/btn_LOGOUT' is clicked on

2018-01-25 17:08:46 - [MESSAGE][PASSED] - Object: 'Object Repository/Application_OR/btn_LOGOUT' is clicked on

2018-01-25 17:08:46 - [TEST_STEP][PASSED] - delay: Delayed 5 second(s)

2018-01-25 17:08:51 - [MESSAGE][PASSED] - Delayed 5 second(s)

2018-01-25 17:08:51 - [TEST_STEP][PASSED] - setText: Text 'ih.william' is set on object 'Object Repository/Quote_OR/txtfield_USERNAME'

2018-01-25 17:08:51 - [MESSAGE][PASSED] - Text 'ih.william' is set on object 'Object Repository/Quote_OR/txtfield_USERNAME'

2018-01-25 17:08:51 - [TEST_STEP][PASSED] - setText: Text '10#Hammer' is set on object 'Object Repository/Quote_OR/txtfield_PASSWORD'

2018-01-25 17:08:52 - [MESSAGE][PASSED] - Text '10#Hammer' is set on object 'Object Repository/Quote_OR/txtfield_PASSWORD'

2018-01-25 17:08:52 - [TEST_STEP][PASSED] - click: Object: 'Object Repository/Quote_OR/btn-LOGIN' is clicked on

2018-01-25 17:08:57 - [MESSAGE][PASSED] - Object: 'Object Repository/Quote_OR/btn-LOGIN' is clicked on

2018-01-25 17:08:57 - [TEST_STEP][PASSED] - delay: Delayed 5 second(s)

2018-01-25 17:09:02 - [MESSAGE][PASSED] - Delayed 5 second(s)

2018-01-25 17:09:02 - [TEST_STEP][PASSED] - Statement - btnId = "//*[@id="btnLoadApplication_" + policyInfoId + ""]": null

2018-01-25 17:09:02 - [TEST_STEP][PASSED] - Statement - btnViewApplication = new com.kms.katalon.core.testobject.TestObject(btnViewApplication): null

2018-01-25 17:09:02 - [TEST_STEP][PASSED] - Statement - btnViewApplication.addProperty("xpath", EQUALS, btnId, true): null

2018-01-25 17:09:02 - [TEST_STEP][PASSED] - delay: Delayed 20 second(s)

2018-01-25 17:09:22 - [MESSAGE][PASSED] - Delayed 20 second(s)

2018-01-25 17:09:22 - [TEST_STEP][PASSED] - click: Object: 'btnViewApplication' is clicked on

2018-01-25 17:09:24 - [MESSAGE][PASSED] - Object: 'btnViewApplication' is clicked on

2018-01-25 17:09:24 - [TEST_STEP][PASSED] - delay: Delayed 8 second(s)

2018-01-25 17:09:32 - [MESSAGE][PASSED] - Delayed 8 second(s)

2018-01-25 17:09:32 - [TEST_STEP][PASSED] - click: Object: 'Object Repository/Application_OR/btn_DOWNLOAD_AFS_UW' is clicked on

2018-01-25 17:09:32 - [MESSAGE][PASSED] - Object: 'Object Repository/Application_OR/btn_DOWNLOAD_AFS_UW' is clicked on

2018-01-25 17:09:32 - [TEST_STEP][PASSED] - delay: Delayed 5 second(s)

2018-01-25 17:09:37 - [MESSAGE][PASSED] - Delayed 5 second(s)

2018-01-25 17:09:37 - [TEST_STEP][PASSED] - click: Object: 'Object Repository/Application_OR/btn_GENERATE_FORMS' is clicked on

2018-01-25 17:09:37 - [MESSAGE][PASSED] - Object: 'Object Repository/Application_OR/btn_GENERATE_FORMS' is clicked on

2018-01-25 17:09:37 - [TEST_STEP][PASSED] - delay: Delayed 5 second(s)

2018-01-25 17:09:42 - [MESSAGE][PASSED] - Delayed 5 second(s)

2018-01-25 17:09:42 - [TEST_STEP][PASSED] - click: Object: 'Object Repository/Application_OR/btn_REQUEST_FOR_BIND' is clicked on

2018-01-25 17:09:42 - [MESSAGE][PASSED] - Object: 'Object Repository/Application_OR/btn_REQUEST_FOR_BIND' is clicked on

2018-01-25 17:09:42 - [TEST_STEP][PASSED] - delay: Delayed 20 second(s)

2018-01-25 17:10:02 - [MESSAGE][PASSED] - Delayed 20 second(s)

2018-01-25 17:10:02 - [TEST_STEP][PASSED] - click: Object: 'Object Repository/Application_OR/btn_VIEW_POLICY_FORMS' is clicked on

2018-01-25 17:10:03 - [MESSAGE][PASSED] - Object: 'Object Repository/Application_OR/btn_VIEW_POLICY_FORMS' is clicked on

2018-01-25 17:10:03 - [TEST_STEP][PASSED] - delay: Delayed 15 second(s)

2018-01-25 17:10:18 - [MESSAGE][PASSED] - Delayed 15 second(s)

2018-01-25 17:10:18 - [TEST_STEP][PASSED] - click: Object: 'Object Repository/Application_OR/btn_UW_APPLICATION_STATUS_MENU' is clicked on

2018-01-25 17:10:18 - [MESSAGE][PASSED] - Object: 'Object Repository/Application_OR/btn_UW_APPLICATION_STATUS_MENU' is clicked on

2018-01-25 17:10:18 - [TEST_STEP][PASSED] - delay: Delayed 2 second(s)

2018-01-25 17:10:20 - [MESSAGE][PASSED] - Delayed 2 second(s)

2018-01-25 17:10:20 - [TEST_STEP][PASSED] - click: Object: 'Object Repository/Application_OR/btn_YES_CONFIRMATION' is clicked on

2018-01-25 17:10:21 - [MESSAGE][PASSED] - Object: 'Object Repository/Application_OR/btn_YES_CONFIRMATION' is clicked on

2018-01-25 17:10:21 - [TEST_STEP][PASSED] - delay: Delayed 20 second(s)

2018-01-25 17:10:41 - [MESSAGE][PASSED] - Delayed 20 second(s)]]></system-out>
         <system-err><![CDATA[]]></system-err>
      </testcase>
      <testcase name="Test Cases/ENDORSEMENT_CREATION" classname="Test Cases/ENDORSEMENT_CREATION" status="PASSED">
         <system-out><![CDATA[2018-01-25 17:10:41 - [TEST_CASE][PASSED] - Test Cases/ENDORSEMENT_CREATION: Test Cases/ENDORSEMENT_CREATION

2018-01-25 17:10:41 - [TEST_STEP][PASSED] - click: Object: 'Object Repository/Endorsement_OR/btn_ADVANCE_FILTER' is clicked on

2018-01-25 17:10:41 - [MESSAGE][PASSED] - Object: 'Object Repository/Endorsement_OR/btn_ADVANCE_FILTER' is clicked on

2018-01-25 17:10:41 - [TEST_STEP][PASSED] - delay: Delayed 4 second(s)

2018-01-25 17:10:45 - [MESSAGE][PASSED] - Delayed 4 second(s)

2018-01-25 17:10:45 - [TEST_STEP][PASSED] - setText: Text '3005 Cathryn Dr, Columbus, GA 31906, USA' is set on object 'Object Repository/Endorsement_OR/txtfield_AdvanceFilter_PROPERTY_ADDRESS'

2018-01-25 17:10:45 - [MESSAGE][PASSED] - Text '3005 Cathryn Dr, Columbus, GA 31906, USA' is set on object 'Object Repository/Endorsement_OR/txtfield_AdvanceFilter_PROPERTY_ADDRESS'

2018-01-25 17:10:45 - [TEST_STEP][PASSED] - delay: Delayed 15 second(s)

2018-01-25 17:11:00 - [MESSAGE][PASSED] - Delayed 15 second(s)

2018-01-25 17:11:00 - [TEST_STEP][PASSED] - click: Object: 'Object Repository/Endorsement_OR/btn_APPLY_Advance_Filter' is clicked on

2018-01-25 17:11:00 - [MESSAGE][PASSED] - Object: 'Object Repository/Endorsement_OR/btn_APPLY_Advance_Filter' is clicked on

2018-01-25 17:11:00 - [TEST_STEP][PASSED] - delay: Delayed 18 second(s)

2018-01-25 17:11:18 - [MESSAGE][PASSED] - Delayed 18 second(s)

2018-01-25 17:11:18 - [TEST_STEP][PASSED] - Statement - policynumber = com.kms.katalon.core.webui.keyword.WebUiBuiltInKeywords.getText(com.kms.katalon.core.testobject.ObjectRepository.findTestObject(Endorsement_OR/get_POLICYNUMBER)): Text of object 'Object Repository/Endorsement_OR/get_POLICYNUMBER' is: 'BCIHGA1800091'

2018-01-25 17:11:19 - [MESSAGE][PASSED] - Text of object 'Object Repository/Endorsement_OR/get_POLICYNUMBER' is: 'BCIHGA1800091'

2018-01-25 17:11:19 - [TEST_STEP][PASSED] - Statement - println(policynumber): null

2018-01-25 17:11:19 - [TEST_STEP][PASSED] - delay: Delayed 10 second(s)

2018-01-25 17:11:29 - [MESSAGE][PASSED] - Delayed 10 second(s)

2018-01-25 17:11:29 - [TEST_STEP][PASSED] - click: Object: 'Object Repository/Endorsement_OR/btn_ENDORSEMENT_MENU' is clicked on

2018-01-25 17:11:29 - [MESSAGE][PASSED] - Object: 'Object Repository/Endorsement_OR/btn_ENDORSEMENT_MENU' is clicked on

2018-01-25 17:11:29 - [TEST_STEP][PASSED] - delay: Delayed 3 second(s)

2018-01-25 17:11:32 - [MESSAGE][PASSED] - Delayed 3 second(s)

2018-01-25 17:11:32 - [TEST_STEP][PASSED] - click: Object: 'Object Repository/Endorsement_OR/btn_YES_CONFIRMATION_ENDORSEMENT' is clicked on

2018-01-25 17:11:32 - [MESSAGE][PASSED] - Object: 'Object Repository/Endorsement_OR/btn_YES_CONFIRMATION_ENDORSEMENT' is clicked on

2018-01-25 17:11:32 - [TEST_STEP][PASSED] - delay: Delayed 6 second(s)

2018-01-25 17:11:38 - [MESSAGE][PASSED] - Delayed 6 second(s)

2018-01-25 17:11:38 - [TEST_STEP][PASSED] - setText: Text 'BCIHGA1800091' is set on object 'Object Repository/Endorsement_OR/txtfield_POLICYNUMBER_FOR_ENDORSEMENT'

2018-01-25 17:11:39 - [MESSAGE][PASSED] - Text 'BCIHGA1800091' is set on object 'Object Repository/Endorsement_OR/txtfield_POLICYNUMBER_FOR_ENDORSEMENT'

2018-01-25 17:11:39 - [TEST_STEP][PASSED] - delay: Delayed 6 second(s)

2018-01-25 17:11:45 - [MESSAGE][PASSED] - Delayed 6 second(s)

2018-01-25 17:11:45 - [TEST_STEP][PASSED] - click: Object: 'Object Repository/Endorsement_OR/btn_SEARCH_FOR_ENDORSEMENT' is clicked on

2018-01-25 17:11:45 - [MESSAGE][PASSED] - Object: 'Object Repository/Endorsement_OR/btn_SEARCH_FOR_ENDORSEMENT' is clicked on

2018-01-25 17:11:45 - [TEST_STEP][PASSED] - delay: Delayed 10 second(s)

2018-01-25 17:11:55 - [MESSAGE][PASSED] - Delayed 10 second(s)

2018-01-25 17:11:55 - [TEST_STEP][PASSED] - click: Object: 'Object Repository/Endorsement_OR/btn_ENDORSE_UW' is clicked on

2018-01-25 17:11:57 - [MESSAGE][PASSED] - Object: 'Object Repository/Endorsement_OR/btn_ENDORSE_UW' is clicked on

2018-01-25 17:11:57 - [TEST_STEP][PASSED] - delay: Delayed 6 second(s)

2018-01-25 17:12:03 - [MESSAGE][PASSED] - Delayed 6 second(s)

2018-01-25 17:12:03 - [TEST_STEP][PASSED] - click: Object: 'Object Repository/Endorsement_OR/btn_EDIT_APPLICANTINFO_UW' is clicked on

2018-01-25 17:12:03 - [MESSAGE][PASSED] - Object: 'Object Repository/Endorsement_OR/btn_EDIT_APPLICANTINFO_UW' is clicked on

2018-01-25 17:12:03 - [TEST_STEP][PASSED] - delay: Delayed 6 second(s)

2018-01-25 17:12:09 - [MESSAGE][PASSED] - Delayed 6 second(s)

2018-01-25 17:12:09 - [TEST_STEP][PASSED] - click: Object: 'Object Repository/Endorsement_OR/btn_RECALCULATE_UW' is clicked on

2018-01-25 17:12:09 - [MESSAGE][PASSED] - Object: 'Object Repository/Endorsement_OR/btn_RECALCULATE_UW' is clicked on

2018-01-25 17:12:09 - [TEST_STEP][PASSED] - delay: Delayed 6 second(s)

2018-01-25 17:12:15 - [MESSAGE][PASSED] - Delayed 6 second(s)

2018-01-25 17:12:15 - [TEST_STEP][PASSED] - setText: Text 'James' is set on object 'Object Repository/Endorsement_OR/txtfield_PRIFIRSTNAME_UW'

2018-01-25 17:12:15 - [MESSAGE][PASSED] - Text 'James' is set on object 'Object Repository/Endorsement_OR/txtfield_PRIFIRSTNAME_UW'

2018-01-25 17:12:15 - [TEST_STEP][PASSED] - delay: Delayed 2 second(s)

2018-01-25 17:12:17 - [MESSAGE][PASSED] - Delayed 2 second(s)

2018-01-25 17:12:17 - [TEST_STEP][PASSED] - click: Object: 'Object Repository/Endorsement_OR/btn_UPDATE_APPLICANTINFO_UW' is clicked on

2018-01-25 17:12:17 - [MESSAGE][PASSED] - Object: 'Object Repository/Endorsement_OR/btn_UPDATE_APPLICANTINFO_UW' is clicked on

2018-01-25 17:12:17 - [TEST_STEP][PASSED] - delay: Delayed 2 second(s)

2018-01-25 17:12:19 - [MESSAGE][PASSED] - Delayed 2 second(s)

2018-01-25 17:12:19 - [TEST_STEP][PASSED] - click: Object: 'Object Repository/Endorsement_OR/btn_RECALCULATE_UW' is clicked on

2018-01-25 17:12:20 - [MESSAGE][PASSED] - Object: 'Object Repository/Endorsement_OR/btn_RECALCULATE_UW' is clicked on

2018-01-25 17:12:20 - [TEST_STEP][PASSED] - delay: Delayed 6 second(s)

2018-01-25 17:12:26 - [MESSAGE][PASSED] - Delayed 6 second(s)

2018-01-25 17:12:26 - [TEST_STEP][PASSED] - scrollToPosition: Browser is scrolled to position x = 0, y = 50

2018-01-25 17:12:26 - [MESSAGE][PASSED] - Browser is scrolled to position x = 0, y = 50

2018-01-25 17:12:26 - [TEST_STEP][PASSED] - delay: Delayed 3 second(s)

2018-01-25 17:12:29 - [MESSAGE][PASSED] - Delayed 3 second(s)

2018-01-25 17:12:29 - [TEST_STEP][PASSED] - click: Object: 'Object Repository/Endorsement_OR/btn_EDIT_COVERAGE_UW' is clicked on

2018-01-25 17:12:29 - [MESSAGE][PASSED] - Object: 'Object Repository/Endorsement_OR/btn_EDIT_COVERAGE_UW' is clicked on

2018-01-25 17:12:29 - [TEST_STEP][PASSED] - delay: Delayed 6 second(s)

2018-01-25 17:12:35 - [MESSAGE][PASSED] - Delayed 6 second(s)

2018-01-25 17:12:35 - [TEST_STEP][PASSED] - click: Object: 'Object Repository/Endorsement_OR/drp_SETTLEMENTTYPE_UW' is clicked on

2018-01-25 17:12:35 - [MESSAGE][PASSED] - Object: 'Object Repository/Endorsement_OR/drp_SETTLEMENTTYPE_UW' is clicked on

2018-01-25 17:12:35 - [TEST_STEP][PASSED] - selectOptionByValue: All options with value 'ACV' are selected in object 'Object Repository/Endorsement_OR/drp_SETTLEMENTTYPE_UW' 

2018-01-25 17:12:35 - [MESSAGE][PASSED] - All options with value 'ACV' are selected in object 'Object Repository/Endorsement_OR/drp_SETTLEMENTTYPE_UW' 

2018-01-25 17:12:35 - [TEST_STEP][PASSED] - click: Object: 'Object Repository/Endorsement_OR/btn_UPDATE_COVERAGE_UW' is clicked on

2018-01-25 17:12:35 - [MESSAGE][PASSED] - Object: 'Object Repository/Endorsement_OR/btn_UPDATE_COVERAGE_UW' is clicked on

2018-01-25 17:12:35 - [TEST_STEP][PASSED] - delay: Delayed 2 second(s)

2018-01-25 17:12:37 - [MESSAGE][PASSED] - Delayed 2 second(s)

2018-01-25 17:12:37 - [TEST_STEP][PASSED] - click: Object: 'Object Repository/Endorsement_OR/btn_RECALCULATE_UW' is clicked on

2018-01-25 17:12:37 - [MESSAGE][PASSED] - Object: 'Object Repository/Endorsement_OR/btn_RECALCULATE_UW' is clicked on

2018-01-25 17:12:37 - [TEST_STEP][PASSED] - delay: Delayed 2 second(s)

2018-01-25 17:12:39 - [MESSAGE][PASSED] - Delayed 2 second(s)

2018-01-25 17:12:39 - [TEST_STEP][PASSED] - click: Object: 'Object Repository/Endorsement_OR/txtfield_ENDORSEMENTEFFECTIVEDATE_UW' is clicked on

2018-01-25 17:12:40 - [MESSAGE][PASSED] - Object: 'Object Repository/Endorsement_OR/txtfield_ENDORSEMENTEFFECTIVEDATE_UW' is clicked on

2018-01-25 17:12:40 - [TEST_STEP][PASSED] - Statement - use(groovy.time.TimeCategory, { -> ... }): null

2018-01-25 17:12:40 - [TEST_STEP][PASSED] - scrollToPosition: Browser is scrolled to position x = 0, y = 50

2018-01-25 17:12:40 - [MESSAGE][PASSED] - Browser is scrolled to position x = 0, y = 50

2018-01-25 17:12:40 - [TEST_STEP][PASSED] - click: Object: 'Object Repository/Endorsement_OR/btn_EDIT_PROPERTY_UW' is clicked on

2018-01-25 17:12:40 - [MESSAGE][PASSED] - Object: 'Object Repository/Endorsement_OR/btn_EDIT_PROPERTY_UW' is clicked on

2018-01-25 17:12:40 - [TEST_STEP][PASSED] - delay: Delayed 2 second(s)

2018-01-25 17:12:42 - [MESSAGE][PASSED] - Delayed 2 second(s)

2018-01-25 17:12:42 - [TEST_STEP][PASSED] - setText: Text '1970' is set on object 'Object Repository/Endorsement_OR/txtfield_HOME_BUILD_ENDORSEMENT_UW'

2018-01-25 17:12:42 - [MESSAGE][PASSED] - Text '1970' is set on object 'Object Repository/Endorsement_OR/txtfield_HOME_BUILD_ENDORSEMENT_UW'

2018-01-25 17:12:42 - [TEST_STEP][PASSED] - delay: Delayed 4 second(s)

2018-01-25 17:12:46 - [MESSAGE][PASSED] - Delayed 4 second(s)

2018-01-25 17:12:46 - [TEST_STEP][PASSED] - setText: Text '500000' is set on object 'Object Repository/Endorsement_OR/txtfield_EXIMATED_VALUATION_UW'

2018-01-25 17:12:46 - [MESSAGE][PASSED] - Text '500000' is set on object 'Object Repository/Endorsement_OR/txtfield_EXIMATED_VALUATION_UW'

2018-01-25 17:12:46 - [TEST_STEP][PASSED] - delay: Delayed 4 second(s)

2018-01-25 17:12:50 - [MESSAGE][PASSED] - Delayed 4 second(s)

2018-01-25 17:12:50 - [TEST_STEP][PASSED] - click: Object: 'Object Repository/Endorsement_OR/drp_CONSTRUCTION_TYPE_UW' is clicked on

2018-01-25 17:12:50 - [MESSAGE][PASSED] - Object: 'Object Repository/Endorsement_OR/drp_CONSTRUCTION_TYPE_UW' is clicked on

2018-01-25 17:12:50 - [TEST_STEP][PASSED] - selectOptionByIndex: All options with index in [3] are selected on object 'Object Repository/Endorsement_OR/drp_CONSTRUCTION_TYPE_UW'

2018-01-25 17:12:51 - [MESSAGE][PASSED] - All options with index in [3] are selected on object 'Object Repository/Endorsement_OR/drp_CONSTRUCTION_TYPE_UW'

2018-01-25 17:12:51 - [TEST_STEP][PASSED] - delay: Delayed 4 second(s)

2018-01-25 17:12:55 - [MESSAGE][PASSED] - Delayed 4 second(s)

2018-01-25 17:12:55 - [TEST_STEP][PASSED] - click: Object: 'Object Repository/Endorsement_OR/btn_UPDATE_ENDORSEMENT_PROPERTY_UW' is clicked on

2018-01-25 17:12:55 - [MESSAGE][PASSED] - Object: 'Object Repository/Endorsement_OR/btn_UPDATE_ENDORSEMENT_PROPERTY_UW' is clicked on

2018-01-25 17:12:55 - [TEST_STEP][PASSED] - delay: Delayed 4 second(s)

2018-01-25 17:12:59 - [MESSAGE][PASSED] - Delayed 4 second(s)

2018-01-25 17:12:59 - [TEST_STEP][PASSED] - click: Object: 'Object Repository/Endorsement_OR/btn_RECALCULATE_UW' is clicked on

2018-01-25 17:12:59 - [MESSAGE][PASSED] - Object: 'Object Repository/Endorsement_OR/btn_RECALCULATE_UW' is clicked on

2018-01-25 17:12:59 - [TEST_STEP][PASSED] - delay: Delayed 4 second(s)

2018-01-25 17:13:03 - [MESSAGE][PASSED] - Delayed 4 second(s)

2018-01-25 17:13:03 - [TEST_STEP][PASSED] - click: Object: 'Object Repository/Endorsement_OR/btn_GENERATE_FORMS_UW' is clicked on

2018-01-25 17:13:03 - [MESSAGE][PASSED] - Object: 'Object Repository/Endorsement_OR/btn_GENERATE_FORMS_UW' is clicked on

2018-01-25 17:13:03 - [TEST_STEP][PASSED] - delay: Delayed 4 second(s)

2018-01-25 17:13:07 - [MESSAGE][PASSED] - Delayed 4 second(s)

2018-01-25 17:13:07 - [TEST_STEP][PASSED] - click: Object: 'Object Repository/Endorsement_OR/btn_APPROVE_ENDORSEMENT' is clicked on

2018-01-25 17:13:07 - [MESSAGE][PASSED] - Object: 'Object Repository/Endorsement_OR/btn_APPROVE_ENDORSEMENT' is clicked on

2018-01-25 17:13:07 - [TEST_STEP][PASSED] - delay: Delayed 6 second(s)

2018-01-25 17:13:13 - [MESSAGE][PASSED] - Delayed 6 second(s)

2018-01-25 17:13:13 - [TEST_STEP][PASSED] - click: Object: 'Object Repository/Endorsement_OR/chkbx_HOMEOWNER_END_FORM' is clicked on

2018-01-25 17:13:13 - [MESSAGE][PASSED] - Object: 'Object Repository/Endorsement_OR/chkbx_HOMEOWNER_END_FORM' is clicked on

2018-01-25 17:13:13 - [TEST_STEP][PASSED] - delay: Delayed 4 second(s)

2018-01-25 17:13:17 - [MESSAGE][PASSED] - Delayed 4 second(s)

2018-01-25 17:13:17 - [TEST_STEP][PASSED] - click: Object: 'Object Repository/Endorsement_OR/chkbx_HOMEOWNER_END_FORM' is clicked on

2018-01-25 17:13:18 - [MESSAGE][PASSED] - Object: 'Object Repository/Endorsement_OR/chkbx_HOMEOWNER_END_FORM' is clicked on

2018-01-25 17:13:18 - [TEST_STEP][PASSED] - delay: Delayed 4 second(s)

2018-01-25 17:13:22 - [MESSAGE][PASSED] - Delayed 4 second(s)

2018-01-25 17:13:22 - [TEST_STEP][PASSED] - click: Object: 'Object Repository/Endorsement_OR/btn_FILLDATA_HOMEOWNER_END_FORM' is clicked on

2018-01-25 17:13:22 - [MESSAGE][PASSED] - Object: 'Object Repository/Endorsement_OR/btn_FILLDATA_HOMEOWNER_END_FORM' is clicked on

2018-01-25 17:13:22 - [TEST_STEP][PASSED] - delay: Delayed 10 second(s)

2018-01-25 17:13:32 - [MESSAGE][PASSED] - Delayed 10 second(s)

2018-01-25 17:13:32 - [TEST_STEP][PASSED] - setText: Text 'Testing' is set on object 'Object Repository/Endorsement_OR/txtfield_HOMEOWNER_END_FORM'

2018-01-25 17:13:32 - [MESSAGE][PASSED] - Text 'Testing' is set on object 'Object Repository/Endorsement_OR/txtfield_HOMEOWNER_END_FORM'

2018-01-25 17:13:32 - [TEST_STEP][PASSED] - delay: Delayed 4 second(s)

2018-01-25 17:13:36 - [MESSAGE][PASSED] - Delayed 4 second(s)

2018-01-25 17:13:36 - [TEST_STEP][PASSED] - click: Object: 'Object Repository/Endorsement_OR/btn_SUBMIT_HOMEOWNER_END_FORM' is clicked on

2018-01-25 17:13:36 - [MESSAGE][PASSED] - Object: 'Object Repository/Endorsement_OR/btn_SUBMIT_HOMEOWNER_END_FORM' is clicked on

2018-01-25 17:13:36 - [TEST_STEP][PASSED] - delay: Delayed 4 second(s)

2018-01-25 17:13:40 - [MESSAGE][PASSED] - Delayed 4 second(s)

2018-01-25 17:13:40 - [TEST_STEP][PASSED] - click: Object: 'Object Repository/Endorsement_OR/btn_VIEW_DRAFT_END' is clicked on

2018-01-25 17:13:40 - [MESSAGE][PASSED] - Object: 'Object Repository/Endorsement_OR/btn_VIEW_DRAFT_END' is clicked on

2018-01-25 17:13:40 - [TEST_STEP][PASSED] - delay: Delayed 4 second(s)

2018-01-25 17:13:44 - [MESSAGE][PASSED] - Delayed 4 second(s)

2018-01-25 17:13:44 - [TEST_STEP][PASSED] - click: Object: 'Object Repository/Endorsement_OR/btn_APPROVE_ENDORSEMENT' is clicked on

2018-01-25 17:13:44 - [MESSAGE][PASSED] - Object: 'Object Repository/Endorsement_OR/btn_APPROVE_ENDORSEMENT' is clicked on

2018-01-25 17:13:44 - [TEST_STEP][PASSED] - delay: Delayed 30 second(s)

2018-01-25 17:14:14 - [MESSAGE][PASSED] - Delayed 30 second(s)

2018-01-25 17:14:14 - [TEST_STEP][PASSED] - click: Object: 'Object Repository/Application_OR/btn_LOGOUT' is clicked on

2018-01-25 17:14:15 - [MESSAGE][PASSED] - Object: 'Object Repository/Application_OR/btn_LOGOUT' is clicked on

2018-01-25 17:14:15 - [TEST_STEP][PASSED] - delay: Delayed 5 second(s)

2018-01-25 17:14:20 - [MESSAGE][PASSED] - Delayed 5 second(s)]]></system-out>
         <system-err><![CDATA[]]></system-err>
      </testcase>
      <testcase name="Test Cases/AGENT_ENDORSEMENT_REQUEST" classname="Test Cases/AGENT_ENDORSEMENT_REQUEST" status="FAILED">
         <failure type="FAILED" message="Unable to click on object 'Object Repository/Application_OR/btn_YES_CONFIRMATION' (Root cause: com.kms.katalon.core.webui.exception.WebElementNotFoundException: Web element with id: 'Object Repository/Application_OR/btn_YES_CONFIRMATION' located by 'By.xpath: html/body/div[4]/div/div/div[2]/button[2]' not found)"/>
         <system-out><![CDATA[2018-01-25 17:14:20 - [TEST_CASE][FAILED] - Test Cases/AGENT_ENDORSEMENT_REQUEST: Test Cases/AGENT_ENDORSEMENT_REQUEST FAILED because (of) Unable to click on object 'Object Repository/Application_OR/btn_YES_CONFIRMATION' (Root cause: com.kms.katalon.core.webui.exception.WebElementNotFoundException: Web element with id: 'Object Repository/Application_OR/btn_YES_CONFIRMATION' located by 'By.xpath: html/body/div[4]/div/div/div[2]/button[2]' not found)

2018-01-25 17:14:20 - [TEST_STEP][PASSED] - setText: Text 'ih.chelms' is set on object 'Object Repository/Quote_OR/txtfield_USERNAME'

2018-01-25 17:14:21 - [MESSAGE][PASSED] - Text 'ih.chelms' is set on object 'Object Repository/Quote_OR/txtfield_USERNAME'

2018-01-25 17:14:21 - [TEST_STEP][PASSED] - setText: Text '10#Hammer' is set on object 'Object Repository/Quote_OR/txtfield_PASSWORD'

2018-01-25 17:14:21 - [MESSAGE][PASSED] - Text '10#Hammer' is set on object 'Object Repository/Quote_OR/txtfield_PASSWORD'

2018-01-25 17:14:21 - [TEST_STEP][PASSED] - click: Object: 'Object Repository/Quote_OR/btn-LOGIN' is clicked on

2018-01-25 17:14:22 - [MESSAGE][PASSED] - Object: 'Object Repository/Quote_OR/btn-LOGIN' is clicked on

2018-01-25 17:14:22 - [TEST_STEP][PASSED] - delay: Delayed 15 second(s)

2018-01-25 17:14:37 - [MESSAGE][PASSED] - Delayed 15 second(s)

2018-01-25 17:14:37 - [TEST_STEP][PASSED] - click: Object: 'Object Repository/Application_OR/btn_UW_APPLICATION_STATUS_MENU' is clicked on

2018-01-25 17:14:38 - [MESSAGE][PASSED] - Object: 'Object Repository/Application_OR/btn_UW_APPLICATION_STATUS_MENU' is clicked on

2018-01-25 17:14:38 - [TEST_STEP][PASSED] - delay: Delayed 2 second(s)

2018-01-25 17:14:40 - [MESSAGE][PASSED] - Delayed 2 second(s)

2018-01-25 17:14:40 - [TEST_STEP][FAILED] - click: Unable to click on object 'Object Repository/Application_OR/btn_YES_CONFIRMATION' (Root cause: com.kms.katalon.core.webui.exception.WebElementNotFoundException: Web element with id: 'Object Repository/Application_OR/btn_YES_CONFIRMATION' located by 'By.xpath: html/body/div[4]/div/div/div[2]/button[2]' not found)

2018-01-25 17:15:12 - [MESSAGE][FAILED] - Unable to click on object 'Object Repository/Application_OR/btn_YES_CONFIRMATION' (Root cause: com.kms.katalon.core.webui.exception.WebElementNotFoundException: Web element with id: 'Object Repository/Application_OR/btn_YES_CONFIRMATION' located by 'By.xpath: html/body/div[4]/div/div/div[2]/button[2]' not found)
[[ATTACHMENT|D:\\Katalon_Practice_Workspace\\Katalon_Mitendra\\Reports\\PPE\\20180125_170329\\1516880711783.png]]]]></system-out>
         <system-err><![CDATA[2018-01-25 17:14:20 - [TEST_CASE][FAILED] - Test Cases/AGENT_ENDORSEMENT_REQUEST: Test Cases/AGENT_ENDORSEMENT_REQUEST FAILED because (of) Unable to click on object 'Object Repository/Application_OR/btn_YES_CONFIRMATION' (Root cause: com.kms.katalon.core.webui.exception.WebElementNotFoundException: Web element with id: 'Object Repository/Application_OR/btn_YES_CONFIRMATION' located by 'By.xpath: html/body/div[4]/div/div/div[2]/button[2]' not found)]]></system-err>
      </testcase>
      <system-out><![CDATA[2018-01-25 17:03:30 - [TEST_SUITE][FAILED] - PPE: Test Cases/AGENT_ENDORSEMENT_REQUEST FAILED because (of) Unable to click on object 'Object Repository/Application_OR/btn_YES_CONFIRMATION' (Root cause: com.kms.katalon.core.webui.exception.WebElementNotFoundException: Web element with id: 'Object Repository/Application_OR/btn_YES_CONFIRMATION' located by 'By.xpath: html/body/div[4]/div/div/div[2]/button[2]' not found)]]></system-out>
      <system-err><![CDATA[2018-01-25 17:03:30 - [TEST_SUITE][FAILED] - PPE: Test Cases/AGENT_ENDORSEMENT_REQUEST FAILED because (of) Unable to click on object 'Object Repository/Application_OR/btn_YES_CONFIRMATION' (Root cause: com.kms.katalon.core.webui.exception.WebElementNotFoundException: Web element with id: 'Object Repository/Application_OR/btn_YES_CONFIRMATION' located by 'By.xpath: html/body/div[4]/div/div/div[2]/button[2]' not found)]]></system-err>
   </testsuite>
</testsuites>
