<?xml version="1.0" encoding="UTF-8"?>
<testsuites name="PPE" time="445" tests="1" failures="1" errors="1">
   <testsuite name="PPE" tests="1" failures="1" errors="1" time="445" timestamp="2018-01-17 15:41:46" hostname="gsalunkhe - CTS-QUA-4.cogitate.india" id="Test Suites/PPE">
      <properties>
         <property name="deviceName" value=""/>
         <property name="devicePlatform" value=""/>
         <property name="logFolder" value="D:\\Katalon_Practice_Workspace\\Katalon_Mitendra\\Reports\\PPE\\20180117_154144"/>
         <property name="logFiles" value="D:\\Katalon_Practice_Workspace\\Katalon_Mitendra\\Reports\\PPE\\20180117_154144\\execution0.log"/>
         <property name="attachments" value="D:\\Katalon_Practice_Workspace\\Katalon_Mitendra\\Reports\\PPE\\20180117_154144\\1516184088449.png"/>
         <property name="hostName" value="gsalunkhe - CTS-QUA-4.cogitate.india"/>
         <property name="os" value="Windows 7 64bit"/>
         <property name="katalonVersion" value="5.0.1.1"/>
         <property name="browser" value="Chrome 63.0.3239.132"/>
         <property name="hostAddress" value="192.168.0.4"/>
         <property name="sessionId" value="df3d87ea817bdfae39a6ab832d881c0a"/>
         <property name="seleniumVersion" value="2.53.0"/>
         <property name="proxyInformation" value="ProxyInformation{proxyOption=NO_PROXY, proxyServerType=HTTP, password=, proxyServerAddress=, proxyServerPort=0}"/>
         <property name="platform" value="Windows 7"/>
      </properties>
      <testcase name="Test Cases/QUOTE_CREATION" classname="Test Cases/QUOTE_CREATION" status="FAILED">
         <failure type="FAILED" message="Unable to click on object (Root cause: java.lang.IllegalArgumentException: Object is null)"/>
         <system-out><![CDATA[2018-01-17 15:41:46 - [TEST_CASE][FAILED] - Test Cases/QUOTE_CREATION: Test Cases/QUOTE_CREATION FAILED because (of) Unable to click on object (Root cause: java.lang.IllegalArgumentException: Object is null)

2018-01-17 15:41:47 - [TEST_STEP][PASSED] - openBrowser: Browser is opened with url: 'http://13.90.102.191:8066'

2018-01-17 15:42:47 - [MESSAGE][PASSED] - Browser is opened with url: 'http://13.90.102.191:8066'

2018-01-17 15:42:47 - [TEST_STEP][PASSED] - maximizeWindow: Current window maximized

2018-01-17 15:42:48 - [MESSAGE][PASSED] - Current window maximized

2018-01-17 15:42:48 - [TEST_STEP][PASSED] - setText: Text 'ih.chelms' is set on object 'Object Repository/Quote_OR/txtfield_USERNAME'

2018-01-17 15:42:49 - [MESSAGE][PASSED] - Text 'ih.chelms' is set on object 'Object Repository/Quote_OR/txtfield_USERNAME'

2018-01-17 15:42:49 - [TEST_STEP][PASSED] - setText: Text '10#Hammer' is set on object 'Object Repository/Quote_OR/txtfield_PASSWORD'

2018-01-17 15:42:49 - [MESSAGE][PASSED] - Text '10#Hammer' is set on object 'Object Repository/Quote_OR/txtfield_PASSWORD'

2018-01-17 15:42:49 - [TEST_STEP][PASSED] - click: Object: 'Object Repository/Quote_OR/btn-LOGIN' is clicked on

2018-01-17 15:43:40 - [MESSAGE][PASSED] - Object: 'Object Repository/Quote_OR/btn-LOGIN' is clicked on

2018-01-17 15:43:40 - [TEST_STEP][PASSED] - setText: Text '340 Parkway Dr Athens, GA 30606 USA' is set on object 'Object Repository/Quote_OR/txtfield_ADDRESS_ON_LANDING_PAGE'

2018-01-17 15:43:40 - [MESSAGE][PASSED] - Text '340 Parkway Dr Athens, GA 30606 USA' is set on object 'Object Repository/Quote_OR/txtfield_ADDRESS_ON_LANDING_PAGE'

2018-01-17 15:43:40 - [TEST_STEP][PASSED] - click: Object: 'Object Repository/Quote_OR/btn_SEARCH_ADDRESS' is clicked on

2018-01-17 15:43:57 - [MESSAGE][PASSED] - Object: 'Object Repository/Quote_OR/btn_SEARCH_ADDRESS' is clicked on

2018-01-17 15:43:57 - [TEST_STEP][PASSED] - waitForPageLoad: Wait for page load successfully

2018-01-17 15:43:57 - [MESSAGE][PASSED] - Wait for page load successfully

2018-01-17 15:43:57 - [TEST_STEP][PASSED] - selectOptionByIndex: All options with index in [1] are selected on object 'Object Repository/Quote_OR/drp_PROPERTY_TYPE'

2018-01-17 15:43:57 - [MESSAGE][PASSED] - All options with index in [1] are selected on object 'Object Repository/Quote_OR/drp_PROPERTY_TYPE'

2018-01-17 15:43:57 - [TEST_STEP][PASSED] - setText: Text '' is set on object 'Object Repository/Quote_OR/txtfield_HOME_VALUATION'

2018-01-17 15:43:57 - [MESSAGE][PASSED] - Text '' is set on object 'Object Repository/Quote_OR/txtfield_HOME_VALUATION'

2018-01-17 15:43:57 - [TEST_STEP][PASSED] - selectOptionByIndex: All options with index in [2] are selected on object 'Object Repository/Quote_OR/drp_CONSTRUCTION_TYPE'

2018-01-17 15:43:57 - [MESSAGE][PASSED] - All options with index in [2] are selected on object 'Object Repository/Quote_OR/drp_CONSTRUCTION_TYPE'

2018-01-17 15:43:57 - [TEST_STEP][PASSED] - setText: Text '100000' is set on object 'Object Repository/Quote_OR/txtfield_HOME_VALUATION'

2018-01-17 15:43:58 - [MESSAGE][PASSED] - Text '100000' is set on object 'Object Repository/Quote_OR/txtfield_HOME_VALUATION'

2018-01-17 15:43:58 - [TEST_STEP][PASSED] - delay: Delayed 2 second(s)

2018-01-17 15:44:00 - [MESSAGE][PASSED] - Delayed 2 second(s)

2018-01-17 15:44:00 - [TEST_STEP][PASSED] - setText: Text '' is set on object 'Object Repository/Quote_OR/txtbx_YEARHOMEBUILD'

2018-01-17 15:44:00 - [MESSAGE][PASSED] - Text '' is set on object 'Object Repository/Quote_OR/txtbx_YEARHOMEBUILD'

2018-01-17 15:44:00 - [TEST_STEP][PASSED] - setText: Text '1968' is set on object 'Object Repository/Quote_OR/txtbx_YEARHOMEBUILD'

2018-01-17 15:44:00 - [MESSAGE][PASSED] - Text '1968' is set on object 'Object Repository/Quote_OR/txtbx_YEARHOMEBUILD'

2018-01-17 15:44:00 - [TEST_STEP][PASSED] - click: Object: 'Object Repository/Quote_OR/btn_GETQUOTE' is clicked on

2018-01-17 15:44:00 - [MESSAGE][PASSED] - Object: 'Object Repository/Quote_OR/btn_GETQUOTE' is clicked on

2018-01-17 15:44:00 - [TEST_STEP][PASSED] - delay: Delayed 1 second(s)

2018-01-17 15:44:01 - [MESSAGE][PASSED] - Delayed 1 second(s)

2018-01-17 15:44:01 - [TEST_STEP][PASSED] - click: Object: 'Object Repository/Quote_OR/btn_SENDQUOTE' is clicked on

2018-01-17 15:44:14 - [MESSAGE][PASSED] - Object: 'Object Repository/Quote_OR/btn_SENDQUOTE' is clicked on

2018-01-17 15:44:14 - [TEST_STEP][PASSED] - delay: Delayed 1 second(s)

2018-01-17 15:44:15 - [MESSAGE][PASSED] - Delayed 1 second(s)

2018-01-17 15:44:15 - [TEST_STEP][PASSED] - setText: Text 'Ganesh' is set on object 'Object Repository/Quote_OR/txtfield_SENDQUOTE_FIRSTNAME'

2018-01-17 15:44:16 - [MESSAGE][PASSED] - Text 'Ganesh' is set on object 'Object Repository/Quote_OR/txtfield_SENDQUOTE_FIRSTNAME'

2018-01-17 15:44:16 - [TEST_STEP][PASSED] - setText: Text 'Salunkhe' is set on object 'Object Repository/Quote_OR/txtfield_SENDQUOTE_LASTNAME'

2018-01-17 15:44:16 - [MESSAGE][PASSED] - Text 'Salunkhe' is set on object 'Object Repository/Quote_OR/txtfield_SENDQUOTE_LASTNAME'

2018-01-17 15:44:16 - [TEST_STEP][PASSED] - delay: Delayed 10 second(s)

2018-01-17 15:44:26 - [MESSAGE][PASSED] - Delayed 10 second(s)

2018-01-17 15:44:26 - [TEST_STEP][PASSED] - setText: Text '9768180080' is set on object 'Object Repository/Quote_OR/txtfield_SENDQUOTE_CONTACTNUMBER'

2018-01-17 15:44:26 - [MESSAGE][PASSED] - Text '9768180080' is set on object 'Object Repository/Quote_OR/txtfield_SENDQUOTE_CONTACTNUMBER'

2018-01-17 15:44:26 - [TEST_STEP][PASSED] - delay: Delayed 10 second(s)

2018-01-17 15:44:36 - [MESSAGE][PASSED] - Delayed 10 second(s)

2018-01-17 15:44:36 - [TEST_STEP][PASSED] - setText: Text 'gsalunkhe@cogitate.us' is set on object 'Object Repository/Quote_OR/txtfield_SENDQUOTE_EMAIL'

2018-01-17 15:44:37 - [MESSAGE][PASSED] - Text 'gsalunkhe@cogitate.us' is set on object 'Object Repository/Quote_OR/txtfield_SENDQUOTE_EMAIL'

2018-01-17 15:44:37 - [TEST_STEP][PASSED] - delay: Delayed 10 second(s)

2018-01-17 15:44:47 - [MESSAGE][PASSED] - Delayed 10 second(s)

2018-01-17 15:44:47 - [TEST_STEP][PASSED] - click: Object: 'Object Repository/Quote_OR/btn_SEND_QUOTE_DETAILS' is clicked on

2018-01-17 15:44:47 - [MESSAGE][PASSED] - Object: 'Object Repository/Quote_OR/btn_SEND_QUOTE_DETAILS' is clicked on

2018-01-17 15:44:47 - [TEST_STEP][PASSED] - selectOptionByIndex: All options with index in [1] are selected on object 'Object Repository/Quote_OR/drp_CONSTRUCTION_TYPE'

2018-01-17 15:44:47 - [MESSAGE][PASSED] - All options with index in [1] are selected on object 'Object Repository/Quote_OR/drp_CONSTRUCTION_TYPE'

2018-01-17 15:44:47 - [TEST_STEP][PASSED] - delay: Delayed 1 second(s)

2018-01-17 15:44:48 - [MESSAGE][PASSED] - Delayed 1 second(s)

2018-01-17 15:44:48 - [TEST_STEP][FAILED] - click: Unable to click on object (Root cause: java.lang.IllegalArgumentException: Object is null)

2018-01-17 15:44:48 - [MESSAGE][WARNING] - Test object with id 'Object Repository/null' does not exist

2018-01-17 15:44:48 - [MESSAGE][WARNING] - Test object with id 'Object Repository/' does not exist

2018-01-17 15:44:48 - [MESSAGE][FAILED] - Unable to click on object (Root cause: java.lang.IllegalArgumentException: Object is null)
[[ATTACHMENT|D:\\Katalon_Practice_Workspace\\Katalon_Mitendra\\Reports\\PPE\\20180117_154144\\1516184088449.png]]]]></system-out>
         <system-err><![CDATA[2018-01-17 15:41:46 - [TEST_CASE][FAILED] - Test Cases/QUOTE_CREATION: Test Cases/QUOTE_CREATION FAILED because (of) Unable to click on object (Root cause: java.lang.IllegalArgumentException: Object is null)]]></system-err>
      </testcase>
      <testcase name="Test Cases/APPLICATION_CREATION" classname="Test Cases/APPLICATION_CREATION" status="PASSED">
         <system-out><![CDATA[2018-01-17 15:44:48 - [TEST_CASE][PASSED] - Test Cases/APPLICATION_CREATION: Test Cases/APPLICATION_CREATION

2018-01-17 15:44:49 - [TEST_STEP][PASSED] - setText: Text '213 Marion Dr Athens, GA 30606 USA' is set on object 'Object Repository/Application_Creation/txtfield_ADDRESS_ON_QUOTE_PAGE'

2018-01-17 15:44:49 - [MESSAGE][PASSED] - Text '213 Marion Dr Athens, GA 30606 USA' is set on object 'Object Repository/Application_Creation/txtfield_ADDRESS_ON_QUOTE_PAGE'

2018-01-17 15:44:49 - [TEST_STEP][PASSED] - click: Object: 'Object Repository/Application_Creation/btn_SEARCH_ADDRESS_QUOTE_PAGE' is clicked on

2018-01-17 15:45:02 - [MESSAGE][PASSED] - Object: 'Object Repository/Application_Creation/btn_SEARCH_ADDRESS_QUOTE_PAGE' is clicked on

2018-01-17 15:45:02 - [TEST_STEP][PASSED] - setText: Text '' is set on object 'Object Repository/Quote_OR/txtbx_YEARHOMEBUILD'

2018-01-17 15:45:02 - [MESSAGE][PASSED] - Text '' is set on object 'Object Repository/Quote_OR/txtbx_YEARHOMEBUILD'

2018-01-17 15:45:02 - [TEST_STEP][PASSED] - setText: Text '2000' is set on object 'Object Repository/Quote_OR/txtbx_YEARHOMEBUILD'

2018-01-17 15:45:02 - [MESSAGE][PASSED] - Text '2000' is set on object 'Object Repository/Quote_OR/txtbx_YEARHOMEBUILD'

2018-01-17 15:45:02 - [TEST_STEP][PASSED] - selectOptionByIndex: All options with index in [2] are selected on object 'Object Repository/Quote_OR/drp_CONSTRUCTION_TYPE'

2018-01-17 15:45:03 - [MESSAGE][PASSED] - All options with index in [2] are selected on object 'Object Repository/Quote_OR/drp_CONSTRUCTION_TYPE'

2018-01-17 15:45:03 - [TEST_STEP][PASSED] - setText: Text '' is set on object 'Object Repository/Quote_OR/txtfield_HOME_VALUATION'

2018-01-17 15:45:03 - [MESSAGE][PASSED] - Text '' is set on object 'Object Repository/Quote_OR/txtfield_HOME_VALUATION'

2018-01-17 15:45:03 - [TEST_STEP][PASSED] - setText: Text '100000' is set on object 'Object Repository/Quote_OR/txtfield_HOME_VALUATION'

2018-01-17 15:45:03 - [MESSAGE][PASSED] - Text '100000' is set on object 'Object Repository/Quote_OR/txtfield_HOME_VALUATION'

2018-01-17 15:45:03 - [TEST_STEP][PASSED] - click: Object: 'Object Repository/Quote_OR/btn_GETQUOTE' is clicked on

2018-01-17 15:45:03 - [MESSAGE][PASSED] - Object: 'Object Repository/Quote_OR/btn_GETQUOTE' is clicked on

2018-01-17 15:45:03 - [TEST_STEP][PASSED] - delay: Delayed 1 second(s)

2018-01-17 15:45:04 - [MESSAGE][PASSED] - Delayed 1 second(s)

2018-01-17 15:45:04 - [TEST_STEP][PASSED] - click: Object: 'Object Repository/Application_Creation/btn_TOAPPLICATION' is clicked on

2018-01-17 15:45:34 - [MESSAGE][PASSED] - Object: 'Object Repository/Application_Creation/btn_TOAPPLICATION' is clicked on

2018-01-17 15:45:34 - [TEST_STEP][PASSED] - delay: Delayed 10 second(s)

2018-01-17 15:45:44 - [MESSAGE][PASSED] - Delayed 10 second(s)

2018-01-17 15:45:44 - [TEST_STEP][PASSED] - click: Object: 'Object Repository/Application_Creation/btn_CONTINUE_UW_QUESTIONS' is clicked on

2018-01-17 15:45:44 - [MESSAGE][PASSED] - Object: 'Object Repository/Application_Creation/btn_CONTINUE_UW_QUESTIONS' is clicked on

2018-01-17 15:45:44 - [TEST_STEP][PASSED] - delay: Delayed 10 second(s)

2018-01-17 15:45:54 - [MESSAGE][PASSED] - Delayed 10 second(s)

2018-01-17 15:45:54 - [TEST_STEP][PASSED] - delay: Delayed 3 second(s)

2018-01-17 15:45:57 - [MESSAGE][PASSED] - Delayed 3 second(s)

2018-01-17 15:45:57 - [TEST_STEP][PASSED] - click: Object: 'Object Repository/Application_Creation/txtfield_INSURED_FIRSTNAME' is clicked on

2018-01-17 15:45:57 - [MESSAGE][PASSED] - Object: 'Object Repository/Application_Creation/txtfield_INSURED_FIRSTNAME' is clicked on

2018-01-17 15:45:57 - [TEST_STEP][PASSED] - setText: Text 'Ross' is set on object 'Object Repository/Application_Creation/txtfield_INSURED_FIRSTNAME'

2018-01-17 15:45:57 - [MESSAGE][PASSED] - Text 'Ross' is set on object 'Object Repository/Application_Creation/txtfield_INSURED_FIRSTNAME'

2018-01-17 15:45:57 - [TEST_STEP][PASSED] - setText: Text 'Marshal' is set on object 'Object Repository/Application_Creation/txtfield_INSURED_MIDDLENAME'

2018-01-17 15:45:57 - [MESSAGE][PASSED] - Text 'Marshal' is set on object 'Object Repository/Application_Creation/txtfield_INSURED_MIDDLENAME'

2018-01-17 15:45:57 - [TEST_STEP][PASSED] - setText: Text 'Guptil' is set on object 'Object Repository/Application_Creation/txtfield_INSURED_LASTNAME'

2018-01-17 15:45:57 - [MESSAGE][PASSED] - Text 'Guptil' is set on object 'Object Repository/Application_Creation/txtfield_INSURED_LASTNAME'

2018-01-17 15:45:57 - [TEST_STEP][PASSED] - setText: Text '09/10/1999' is set on object 'Object Repository/Application_Creation/txtfield_INSURED_DOB'

2018-01-17 15:45:58 - [MESSAGE][PASSED] - Text '09/10/1999' is set on object 'Object Repository/Application_Creation/txtfield_INSURED_DOB'

2018-01-17 15:45:58 - [TEST_STEP][PASSED] - delay: Delayed 5 second(s)

2018-01-17 15:46:03 - [MESSAGE][PASSED] - Delayed 5 second(s)

2018-01-17 15:46:03 - [TEST_STEP][PASSED] - setText: Text 'gsalunkhe@cogitate.us' is set on object 'Object Repository/Application_Creation/txtfield_INSURED_EMAIL'

2018-01-17 15:46:03 - [MESSAGE][PASSED] - Text 'gsalunkhe@cogitate.us' is set on object 'Object Repository/Application_Creation/txtfield_INSURED_EMAIL'

2018-01-17 15:46:03 - [TEST_STEP][PASSED] - delay: Delayed 5 second(s)

2018-01-17 15:46:08 - [MESSAGE][PASSED] - Delayed 5 second(s)

2018-01-17 15:46:08 - [TEST_STEP][PASSED] - setText: Text '9768180080' is set on object 'Object Repository/Application_Creation/txtfield_INSURED_CONTACTNUMBER'

2018-01-17 15:46:08 - [MESSAGE][PASSED] - Text '9768180080' is set on object 'Object Repository/Application_Creation/txtfield_INSURED_CONTACTNUMBER'

2018-01-17 15:46:08 - [TEST_STEP][PASSED] - delay: Delayed 5 second(s)

2018-01-17 15:46:13 - [MESSAGE][PASSED] - Delayed 5 second(s)

2018-01-17 15:46:13 - [TEST_STEP][PASSED] - Statement - hdnPolicyInfoId = com.kms.katalon.core.testobject.ObjectRepository.findTestObject(Generic_OR/hdnPolicyInfoId): Finding Test Object with id 'Object Repository/Generic_OR/hdnPolicyInfoId'

2018-01-17 15:46:13 - [TEST_STEP][PASSED] - Statement - policyInfoid = com.kms.katalon.core.webui.keyword.WebUiBuiltInKeywords.getAttribute(hdnPolicyInfoId, "value"): Attribute 'value' of object 'Object Repository/Generic_OR/hdnPolicyInfoId' is: '3245'

2018-01-17 15:46:13 - [MESSAGE][PASSED] - Attribute 'value' of object 'Object Repository/Generic_OR/hdnPolicyInfoId' is: '3245'

2018-01-17 15:46:13 - [TEST_STEP][PASSED] - Statement - policyInfoId = policyInfoid: null

2018-01-17 15:46:13 - [TEST_STEP][PASSED] - click: Object: 'Object Repository/Application_Creation/btn_POLICYHOLDER_SAVEANDCONTINUE' is clicked on

2018-01-17 15:46:13 - [MESSAGE][PASSED] - Object: 'Object Repository/Application_Creation/btn_POLICYHOLDER_SAVEANDCONTINUE' is clicked on

2018-01-17 15:46:13 - [TEST_STEP][PASSED] - delay: Delayed 1 second(s)

2018-01-17 15:46:14 - [MESSAGE][PASSED] - Delayed 1 second(s)

2018-01-17 15:46:14 - [TEST_STEP][PASSED] - click: Object: 'Object Repository/Application_Creation/drp_ROOFTYPE_PROPERTYPAGE' is clicked on

2018-01-17 15:46:17 - [MESSAGE][PASSED] - Object: 'Object Repository/Application_Creation/drp_ROOFTYPE_PROPERTYPAGE' is clicked on

2018-01-17 15:46:17 - [TEST_STEP][PASSED] - delay: Delayed 3 second(s)

2018-01-17 15:46:20 - [MESSAGE][PASSED] - Delayed 3 second(s)

2018-01-17 15:46:20 - [TEST_STEP][PASSED] - selectOptionByIndex: All options with index in [1] are selected on object 'Object Repository/Application_Creation/drp_ROOFTYPE_PROPERTYPAGE'

2018-01-17 15:46:20 - [MESSAGE][PASSED] - All options with index in [1] are selected on object 'Object Repository/Application_Creation/drp_ROOFTYPE_PROPERTYPAGE'

2018-01-17 15:46:20 - [TEST_STEP][PASSED] - delay: Delayed 2 second(s)

2018-01-17 15:46:22 - [MESSAGE][PASSED] - Delayed 2 second(s)

2018-01-17 15:46:22 - [TEST_STEP][PASSED] - selectOptionByIndex: All options with index in [3] are selected on object 'Object Repository/Application_Creation/drp_FOUNDATIONTYPE_PROPERTYPAGE'

2018-01-17 15:46:22 - [MESSAGE][PASSED] - All options with index in [3] are selected on object 'Object Repository/Application_Creation/drp_FOUNDATIONTYPE_PROPERTYPAGE'

2018-01-17 15:46:22 - [TEST_STEP][PASSED] - delay: Delayed 2 second(s)

2018-01-17 15:46:24 - [MESSAGE][PASSED] - Delayed 2 second(s)

2018-01-17 15:46:24 - [TEST_STEP][PASSED] - selectOptionByIndex: All options with index in [7] are selected on object 'Object Repository/Application_Creation/drp_HEATINGTYPE_PROPERTYPAGE'

2018-01-17 15:46:24 - [MESSAGE][PASSED] - All options with index in [7] are selected on object 'Object Repository/Application_Creation/drp_HEATINGTYPE_PROPERTYPAGE'

2018-01-17 15:46:24 - [TEST_STEP][PASSED] - delay: Delayed 5 second(s)

2018-01-17 15:46:29 - [MESSAGE][PASSED] - Delayed 5 second(s)

2018-01-17 15:46:29 - [TEST_STEP][PASSED] - click: Object: 'Object Repository/Application_Creation/btn_PROPERTYPAGE_SAVEANDCONTINUE' is clicked on

2018-01-17 15:46:29 - [MESSAGE][PASSED] - Object: 'Object Repository/Application_Creation/btn_PROPERTYPAGE_SAVEANDCONTINUE' is clicked on

2018-01-17 15:46:29 - [TEST_STEP][PASSED] - delay: Delayed 5 second(s)

2018-01-17 15:46:34 - [MESSAGE][PASSED] - Delayed 5 second(s)

2018-01-17 15:46:34 - [TEST_STEP][PASSED] - click: Object: 'Object Repository/Application_Creation/btn_YES_ROOFAGE_POPUP' is clicked on

2018-01-17 15:46:34 - [MESSAGE][PASSED] - Object: 'Object Repository/Application_Creation/btn_YES_ROOFAGE_POPUP' is clicked on

2018-01-17 15:46:34 - [TEST_STEP][PASSED] - delay: Delayed 1 second(s)

2018-01-17 15:46:35 - [MESSAGE][PASSED] - Delayed 1 second(s)

2018-01-17 15:46:35 - [TEST_STEP][PASSED] - click: Object: 'Object Repository/Application_Creation/btn_PROPERTYPAGE_SAVEANDCONTINUE' is clicked on

2018-01-17 15:46:36 - [MESSAGE][PASSED] - Object: 'Object Repository/Application_Creation/btn_PROPERTYPAGE_SAVEANDCONTINUE' is clicked on

2018-01-17 15:46:36 - [TEST_STEP][PASSED] - delay: Delayed 1 second(s)

2018-01-17 15:46:37 - [MESSAGE][PASSED] - Delayed 1 second(s)

2018-01-17 15:46:37 - [TEST_STEP][PASSED] - click: Object: 'Object Repository/Application_Creation/btn_YES_ELECTRICALAGE_POPUP' is clicked on

2018-01-17 15:46:37 - [MESSAGE][PASSED] - Object: 'Object Repository/Application_Creation/btn_YES_ELECTRICALAGE_POPUP' is clicked on

2018-01-17 15:46:37 - [TEST_STEP][PASSED] - delay: Delayed 1 second(s)

2018-01-17 15:46:38 - [MESSAGE][PASSED] - Delayed 1 second(s)

2018-01-17 15:46:38 - [TEST_STEP][PASSED] - click: Object: 'Object Repository/Application_Creation/btn_PROPERTYPAGE_SAVEANDCONTINUE' is clicked on

2018-01-17 15:46:38 - [MESSAGE][PASSED] - Object: 'Object Repository/Application_Creation/btn_PROPERTYPAGE_SAVEANDCONTINUE' is clicked on

2018-01-17 15:46:38 - [TEST_STEP][PASSED] - delay: Delayed 1 second(s)

2018-01-17 15:46:39 - [MESSAGE][PASSED] - Delayed 1 second(s)

2018-01-17 15:46:39 - [TEST_STEP][PASSED] - click: Object: 'Object Repository/Application_Creation/btn_YES_ELECTRICALAGE_POPUP' is clicked on

2018-01-17 15:46:39 - [MESSAGE][PASSED] - Object: 'Object Repository/Application_Creation/btn_YES_ELECTRICALAGE_POPUP' is clicked on

2018-01-17 15:46:39 - [TEST_STEP][PASSED] - delay: Delayed 11 second(s)

2018-01-17 15:46:50 - [MESSAGE][PASSED] - Delayed 11 second(s)

2018-01-17 15:46:50 - [TEST_STEP][PASSED] - click: Object: 'Object Repository/Application_Creation/btn_PROPERTYPAGE_SAVEANDCONTINUE' is clicked on

2018-01-17 15:46:50 - [MESSAGE][PASSED] - Object: 'Object Repository/Application_Creation/btn_PROPERTYPAGE_SAVEANDCONTINUE' is clicked on

2018-01-17 15:46:50 - [TEST_STEP][PASSED] - delay: Delayed 10 second(s)

2018-01-17 15:47:00 - [MESSAGE][PASSED] - Delayed 10 second(s)

2018-01-17 15:47:00 - [TEST_STEP][PASSED] - click: Object: 'Object Repository/Application_Creation/btn_PROPERTYPAGE_SAVEANDCONTINUE' is clicked on

2018-01-17 15:47:01 - [MESSAGE][PASSED] - Object: 'Object Repository/Application_Creation/btn_PROPERTYPAGE_SAVEANDCONTINUE' is clicked on

2018-01-17 15:47:01 - [TEST_STEP][PASSED] - delay: Delayed 5 second(s)

2018-01-17 15:47:06 - [MESSAGE][PASSED] - Delayed 5 second(s)

2018-01-17 15:47:06 - [TEST_STEP][PASSED] - check: Object 'Object Repository/Application_Creation/chkbx_AGREEMENT' is checked

2018-01-17 15:47:07 - [MESSAGE][PASSED] - Object 'Object Repository/Application_Creation/chkbx_AGREEMENT' is checked

2018-01-17 15:47:07 - [TEST_STEP][PASSED] - delay: Delayed 10 second(s)

2018-01-17 15:47:17 - [MESSAGE][PASSED] - Delayed 10 second(s)

2018-01-17 15:47:17 - [TEST_STEP][PASSED] - click: Object: 'Object Repository/Application_Creation/btn_PROPERTYPAGE_SAVEANDCONTINUE' is clicked on

2018-01-17 15:47:17 - [MESSAGE][PASSED] - Object: 'Object Repository/Application_Creation/btn_PROPERTYPAGE_SAVEANDCONTINUE' is clicked on

2018-01-17 15:47:17 - [TEST_STEP][PASSED] - delay: Delayed 5 second(s)

2018-01-17 15:47:22 - [MESSAGE][PASSED] - Delayed 5 second(s)

2018-01-17 15:47:22 - [TEST_STEP][PASSED] - click: Object: 'Object Repository/Application_Creation/btn_SIGNAPPLICATION_AGENT' is clicked on

2018-01-17 15:47:40 - [MESSAGE][PASSED] - Object: 'Object Repository/Application_Creation/btn_SIGNAPPLICATION_AGENT' is clicked on

2018-01-17 15:47:40 - [TEST_STEP][PASSED] - delay: Delayed 5 second(s)

2018-01-17 15:47:45 - [MESSAGE][PASSED] - Delayed 5 second(s)

2018-01-17 15:47:45 - [TEST_STEP][PASSED] - click: Object: 'Object Repository/Application_Creation/btn_INSURED_SIGNATURE' is clicked on

2018-01-17 15:47:45 - [MESSAGE][PASSED] - Object: 'Object Repository/Application_Creation/btn_INSURED_SIGNATURE' is clicked on

2018-01-17 15:47:45 - [TEST_STEP][PASSED] - delay: Delayed 5 second(s)

2018-01-17 15:47:50 - [MESSAGE][PASSED] - Delayed 5 second(s)

2018-01-17 15:47:50 - [TEST_STEP][PASSED] - click: Object: 'Object Repository/Application_Creation/txtbx_INSURED_SIGNATURE' is clicked on

2018-01-17 15:47:50 - [MESSAGE][PASSED] - Object: 'Object Repository/Application_Creation/txtbx_INSURED_SIGNATURE' is clicked on

2018-01-17 15:47:50 - [TEST_STEP][PASSED] - delay: Delayed 5 second(s)

2018-01-17 15:47:55 - [MESSAGE][PASSED] - Delayed 5 second(s)

2018-01-17 15:47:55 - [TEST_STEP][PASSED] - setText: Text 'Ross Marshal Guptil' is set on object 'Object Repository/Application_Creation/txtbx_INSURED_SIGNATURE'

2018-01-17 15:47:55 - [MESSAGE][PASSED] - Text 'Ross Marshal Guptil' is set on object 'Object Repository/Application_Creation/txtbx_INSURED_SIGNATURE'

2018-01-17 15:47:55 - [TEST_STEP][PASSED] - click: Object: 'Object Repository/Application_Creation/btn_SUBMIT_INSURED_SIGNATURE' is clicked on

2018-01-17 15:47:55 - [MESSAGE][PASSED] - Object: 'Object Repository/Application_Creation/btn_SUBMIT_INSURED_SIGNATURE' is clicked on

2018-01-17 15:47:55 - [TEST_STEP][PASSED] - Statement - otpQuery = "SELECT TOP 1 OtpGenerated FROM PPE_ApplicationForms_trn where PolicyInfoId = " + policyInfoId + " Order BY ModifiedDateTime DESC": null

2018-01-17 15:47:55 - [TEST_STEP][PASSED] - Statement - println("otpQuery" + " " + otpQuery): null

2018-01-17 15:47:55 - [TEST_STEP][PASSED] - com.PPE.Database_Connection.connectDB: com.PPE.Database_Connection.connectDB is PASSED

2018-01-17 15:47:58 - [MESSAGE][PASSED] - com.PPE.Database_Connection.connectDB is PASSED

2018-01-17 15:47:58 - [TEST_STEP][PASSED] - Statement - recordset = CustomKeywords.com.PPE.Database_Connection.executeQuery(otpQuery): com.PPE.Database_Connection.executeQuery is PASSED

2018-01-17 15:47:58 - [MESSAGE][PASSED] - com.PPE.Database_Connection.executeQuery is PASSED

2018-01-17 15:47:58 - [TEST_STEP][PASSED] - Statement - otp = 0: null

2018-01-17 15:47:58 - [TEST_STEP][PASSED] - Statement - While (recordset.next()): null

2018-01-17 15:47:58 - [TEST_STEP][PASSED] - Statement - otp = recordset.getObject("OtpGenerated"): null

2018-01-17 15:47:58 - [TEST_STEP][PASSED] - Statement - println("otp" + " " + otp): null

2018-01-17 15:47:58 - [TEST_STEP][PASSED] - delay: Delayed 10 second(s)

2018-01-17 15:48:08 - [MESSAGE][PASSED] - Delayed 10 second(s)

2018-01-17 15:48:08 - [TEST_STEP][PASSED] - Statement - txtOtp = com.kms.katalon.core.testobject.ObjectRepository.findTestObject(Application_Creation/txtfield-OTP): Finding Test Object with id 'Object Repository/Application_Creation/txtfield-OTP'

2018-01-17 15:48:08 - [TEST_STEP][PASSED] - setText: Text '5842' is set on object 'Object Repository/Application_Creation/txtfield-OTP'

2018-01-17 15:48:08 - [MESSAGE][PASSED] - Text '5842' is set on object 'Object Repository/Application_Creation/txtfield-OTP'

2018-01-17 15:48:08 - [TEST_STEP][PASSED] - delay: Delayed 1 second(s)

2018-01-17 15:48:09 - [MESSAGE][PASSED] - Delayed 1 second(s)

2018-01-17 15:48:09 - [TEST_STEP][PASSED] - click: Object: 'Object Repository/Application_Creation/btn_OTP_VERIFY' is clicked on

2018-01-17 15:48:10 - [MESSAGE][PASSED] - Object: 'Object Repository/Application_Creation/btn_OTP_VERIFY' is clicked on

2018-01-17 15:48:10 - [TEST_STEP][PASSED] - delay: Delayed 5 second(s)

2018-01-17 15:48:15 - [MESSAGE][PASSED] - Delayed 5 second(s)

2018-01-17 15:48:15 - [TEST_STEP][PASSED] - click: Object: 'Object Repository/Application_Creation/btn_AGENT_SIGNATURE' is clicked on

2018-01-17 15:48:15 - [MESSAGE][PASSED] - Object: 'Object Repository/Application_Creation/btn_AGENT_SIGNATURE' is clicked on

2018-01-17 15:48:15 - [TEST_STEP][PASSED] - delay: Delayed 2 second(s)

2018-01-17 15:48:17 - [MESSAGE][PASSED] - Delayed 2 second(s)

2018-01-17 15:48:17 - [TEST_STEP][PASSED] - click: Object: 'Object Repository/Application_Creation/txtbx_AGENT_SIGNATURE' is clicked on

2018-01-17 15:48:17 - [MESSAGE][PASSED] - Object: 'Object Repository/Application_Creation/txtbx_AGENT_SIGNATURE' is clicked on

2018-01-17 15:48:17 - [TEST_STEP][PASSED] - delay: Delayed 2 second(s)

2018-01-17 15:48:19 - [MESSAGE][PASSED] - Delayed 2 second(s)

2018-01-17 15:48:19 - [TEST_STEP][PASSED] - setText: Text 'clement helms' is set on object 'Object Repository/Application_Creation/txtbx_AGENT_SIGNATURE'

2018-01-17 15:48:19 - [MESSAGE][PASSED] - Text 'clement helms' is set on object 'Object Repository/Application_Creation/txtbx_AGENT_SIGNATURE'

2018-01-17 15:48:19 - [TEST_STEP][PASSED] - delay: Delayed 2 second(s)

2018-01-17 15:48:21 - [MESSAGE][PASSED] - Delayed 2 second(s)

2018-01-17 15:48:21 - [TEST_STEP][PASSED] - click: Object: 'Object Repository/Application_Creation/btn_SUBMIT_AGENT_SIGNATURE' is clicked on

2018-01-17 15:48:21 - [MESSAGE][PASSED] - Object: 'Object Repository/Application_Creation/btn_SUBMIT_AGENT_SIGNATURE' is clicked on

2018-01-17 15:48:21 - [TEST_STEP][PASSED] - delay: Delayed 5 second(s)

2018-01-17 15:48:26 - [MESSAGE][PASSED] - Delayed 5 second(s)

2018-01-17 15:48:26 - [TEST_STEP][PASSED] - click: Object: 'Object Repository/Application_Creation/btn_SURPLUSLINE_ACK' is clicked on

2018-01-17 15:48:29 - [MESSAGE][PASSED] - Object: 'Object Repository/Application_Creation/btn_SURPLUSLINE_ACK' is clicked on

2018-01-17 15:48:29 - [TEST_STEP][PASSED] - delay: Delayed 5 second(s)

2018-01-17 15:48:34 - [MESSAGE][PASSED] - Delayed 5 second(s)

2018-01-17 15:48:34 - [TEST_STEP][PASSED] - click: Object: 'Object Repository/Application_Creation/txtfield_SURPLUSLINE_FORM_TEXT' is clicked on

2018-01-17 15:48:34 - [MESSAGE][PASSED] - Object: 'Object Repository/Application_Creation/txtfield_SURPLUSLINE_FORM_TEXT' is clicked on

2018-01-17 15:48:34 - [TEST_STEP][PASSED] - setText: Text 'Testing' is set on object 'Object Repository/Application_Creation/txtfield_SURPLUSLINE_FORM_TEXT'

2018-01-17 15:48:35 - [MESSAGE][PASSED] - Text 'Testing' is set on object 'Object Repository/Application_Creation/txtfield_SURPLUSLINE_FORM_TEXT'

2018-01-17 15:48:35 - [TEST_STEP][PASSED] - delay: Delayed 5 second(s)

2018-01-17 15:48:40 - [MESSAGE][PASSED] - Delayed 5 second(s)

2018-01-17 15:48:40 - [TEST_STEP][PASSED] - click: Object: 'Object Repository/Application_Creation/btn_SUBMIT_SURPLUSLINE' is clicked on

2018-01-17 15:48:40 - [MESSAGE][PASSED] - Object: 'Object Repository/Application_Creation/btn_SUBMIT_SURPLUSLINE' is clicked on

2018-01-17 15:48:40 - [TEST_STEP][PASSED] - delay: Delayed 5 second(s)

2018-01-17 15:48:45 - [MESSAGE][PASSED] - Delayed 5 second(s)

2018-01-17 15:48:45 - [TEST_STEP][PASSED] - click: Object: 'Object Repository/Application_Creation/btn_SUBMIT_FOR_UW_APPROVAL' is clicked on

2018-01-17 15:48:49 - [MESSAGE][PASSED] - Object: 'Object Repository/Application_Creation/btn_SUBMIT_FOR_UW_APPROVAL' is clicked on

2018-01-17 15:48:49 - [TEST_STEP][PASSED] - delay: Delayed 8 second(s)

2018-01-17 15:48:57 - [MESSAGE][PASSED] - Delayed 8 second(s)

2018-01-17 15:48:57 - [TEST_STEP][PASSED] - click: Object: 'Object Repository/Application_Creation/btn_LOGOUT' is clicked on

2018-01-17 15:48:57 - [MESSAGE][PASSED] - Object: 'Object Repository/Application_Creation/btn_LOGOUT' is clicked on

2018-01-17 15:48:57 - [TEST_STEP][PASSED] - delay: Delayed 5 second(s)

2018-01-17 15:49:02 - [MESSAGE][PASSED] - Delayed 5 second(s)]]></system-out>
         <system-err><![CDATA[]]></system-err>
      </testcase>
      <testcase name="Test Cases/UW_APPROVING_WAITING_FOR_APPROVAl_APPLICATION" classname="Test Cases/UW_APPROVING_WAITING_FOR_APPROVAl_APPLICATION" status="ERROR">
         <error type="ERROR" message="Test Cases/UW_APPROVING_WAITING_FOR_APPROVAl_APPLICATION FAILED because (of) Variable 'ConditionType' is not defined for test case."/>
         <system-out><![CDATA[2018-01-17 15:49:02 - [TEST_CASE][ERROR] - Test Cases/UW_APPROVING_WAITING_FOR_APPROVAl_APPLICATION: Test Cases/UW_APPROVING_WAITING_FOR_APPROVAl_APPLICATION FAILED because (of) Variable 'ConditionType' is not defined for test case.

2018-01-17 15:49:03 - [TEST_STEP][PASSED] - setText: Text 'ih.william' is set on object 'Object Repository/Quote_OR/txtfield_USERNAME'

2018-01-17 15:49:03 - [MESSAGE][PASSED] - Text 'ih.william' is set on object 'Object Repository/Quote_OR/txtfield_USERNAME'

2018-01-17 15:49:03 - [TEST_STEP][PASSED] - setText: Text '10#Hammer' is set on object 'Object Repository/Quote_OR/txtfield_PASSWORD'

2018-01-17 15:49:03 - [MESSAGE][PASSED] - Text '10#Hammer' is set on object 'Object Repository/Quote_OR/txtfield_PASSWORD'

2018-01-17 15:49:03 - [TEST_STEP][PASSED] - click: Object: 'Object Repository/Quote_OR/btn-LOGIN' is clicked on

2018-01-17 15:49:05 - [MESSAGE][PASSED] - Object: 'Object Repository/Quote_OR/btn-LOGIN' is clicked on

2018-01-17 15:49:05 - [TEST_STEP][PASSED] - delay: Delayed 5 second(s)

2018-01-17 15:49:10 - [MESSAGE][PASSED] - Delayed 5 second(s)

2018-01-17 15:49:10 - [TEST_STEP][PASSED] - Statement - btnId = "//*[@id="btnLoadApplication_" + policyInfoId + ""]": null

2018-01-17 15:49:10 - [TEST_STEP][PASSED] - Statement - btnViewApplication = new com.kms.katalon.core.testobject.TestObject(btnViewApplication): null

2018-01-17 15:49:10 - [TEST_STEP][PASSED] - Statement - btnViewApplication.addProperty("xpath", EQUALS, btnId, true): null]]></system-out>
         <system-err><![CDATA[2018-01-17 15:49:02 - [TEST_CASE][ERROR] - Test Cases/UW_APPROVING_WAITING_FOR_APPROVAl_APPLICATION: Test Cases/UW_APPROVING_WAITING_FOR_APPROVAl_APPLICATION FAILED because (of) Variable 'ConditionType' is not defined for test case.]]></system-err>
      </testcase>
      <system-out><![CDATA[2018-01-17 15:41:46 - [TEST_SUITE][FAILED] - PPE: Test Cases/QUOTE_CREATION FAILED because (of) Unable to click on object (Root cause: java.lang.IllegalArgumentException: Object is null)]]></system-out>
      <system-err><![CDATA[2018-01-17 15:41:46 - [TEST_SUITE][FAILED] - PPE: Test Cases/QUOTE_CREATION FAILED because (of) Unable to click on object (Root cause: java.lang.IllegalArgumentException: Object is null)]]></system-err>
   </testsuite>
</testsuites>
