<?xml version="1.0" encoding="UTF-8"?>
<testsuites name="PPE" time="692" tests="2" failures="1" errors="1">
   <testsuite name="PPE" tests="2" failures="1" errors="1" time="692" timestamp="2018-01-29 16:41:03" hostname="gsalunkhe - CTS-QUA-4.cogitate.india" id="Test Suites/PPE">
      <properties>
         <property name="deviceName" value=""/>
         <property name="devicePlatform" value=""/>
         <property name="logFolder" value="D:\\Katalon_Practice_Workspace\\Katalon_Mitendra\\Reports\\PPE\\20180129_164102"/>
         <property name="logFiles" value="D:\\Katalon_Practice_Workspace\\Katalon_Mitendra\\Reports\\PPE\\20180129_164102\\execution0.log"/>
         <property name="attachments" value="D:\\Katalon_Practice_Workspace\\Katalon_Mitendra\\Reports\\PPE\\20180129_164102\\1517224953901.png"/>
         <property name="hostName" value="gsalunkhe - CTS-QUA-4.cogitate.india"/>
         <property name="os" value="Windows 7 64bit"/>
         <property name="katalonVersion" value="5.0.1.1"/>
         <property name="browser" value="Chrome 63.0.3239.132"/>
         <property name="hostAddress" value="192.168.0.4"/>
         <property name="sessionId" value="bf68d38ed8b46c4f94ac5b93eddf12ab"/>
         <property name="seleniumVersion" value="2.53.0"/>
         <property name="proxyInformation" value="ProxyInformation{proxyOption=NO_PROXY, proxyServerType=HTTP, password=, proxyServerAddress=, proxyServerPort=0}"/>
         <property name="platform" value="Windows 7"/>
      </properties>
      <testcase name="Test Cases/QUOTE_CREATION" classname="Test Cases/QUOTE_CREATION" status="PASSED">
         <system-out><![CDATA[2018-01-29 16:41:03 - [TEST_CASE][PASSED] - Test Cases/QUOTE_CREATION: Test Cases/QUOTE_CREATION

2018-01-29 16:41:04 - [TEST_STEP][PASSED] - openBrowser: Browser is opened with url: 'http://13.90.102.191:8066'

2018-01-29 16:41:49 - [MESSAGE][PASSED] - Browser is opened with url: 'http://13.90.102.191:8066'

2018-01-29 16:41:49 - [TEST_STEP][PASSED] - maximizeWindow: Current window maximized

2018-01-29 16:41:51 - [MESSAGE][PASSED] - Current window maximized

2018-01-29 16:41:51 - [TEST_STEP][PASSED] - setText: Text 'ih.chelms' is set on object 'Object Repository/Quote_OR/txtfield_USERNAME'

2018-01-29 16:41:51 - [MESSAGE][PASSED] - Text 'ih.chelms' is set on object 'Object Repository/Quote_OR/txtfield_USERNAME'

2018-01-29 16:41:51 - [TEST_STEP][PASSED] - setText: Text '10#Hammer' is set on object 'Object Repository/Quote_OR/txtfield_PASSWORD'

2018-01-29 16:41:51 - [MESSAGE][PASSED] - Text '10#Hammer' is set on object 'Object Repository/Quote_OR/txtfield_PASSWORD'

2018-01-29 16:41:51 - [TEST_STEP][PASSED] - click: Object: 'Object Repository/Quote_OR/btn-LOGIN' is clicked on

2018-01-29 16:42:01 - [MESSAGE][PASSED] - Object: 'Object Repository/Quote_OR/btn-LOGIN' is clicked on

2018-01-29 16:42:01 - [TEST_STEP][PASSED] - setText: Text '1320 Rocky Creek Rd Macon, GA 31206 USA' is set on object 'Object Repository/Quote_OR/txtfield_ADDRESS_ON_LANDING_PAGE'

2018-01-29 16:42:01 - [MESSAGE][PASSED] - Text '1320 Rocky Creek Rd Macon, GA 31206 USA' is set on object 'Object Repository/Quote_OR/txtfield_ADDRESS_ON_LANDING_PAGE'

2018-01-29 16:42:01 - [TEST_STEP][PASSED] - click: Object: 'Object Repository/Quote_OR/btn_SEARCH_ADDRESS' is clicked on

2018-01-29 16:42:14 - [MESSAGE][PASSED] - Object: 'Object Repository/Quote_OR/btn_SEARCH_ADDRESS' is clicked on

2018-01-29 16:42:14 - [TEST_STEP][PASSED] - waitForPageLoad: Wait for page load successfully

2018-01-29 16:42:14 - [MESSAGE][PASSED] - Wait for page load successfully

2018-01-29 16:42:14 - [TEST_STEP][PASSED] - selectOptionByIndex: All options with index in [1] are selected on object 'Object Repository/Quote_OR/drp_PROPERTY_TYPE'

2018-01-29 16:42:15 - [MESSAGE][PASSED] - All options with index in [1] are selected on object 'Object Repository/Quote_OR/drp_PROPERTY_TYPE'

2018-01-29 16:42:15 - [TEST_STEP][PASSED] - setText: Text '' is set on object 'Object Repository/Quote_OR/txtfield_HOME_VALUATION'

2018-01-29 16:42:15 - [MESSAGE][PASSED] - Text '' is set on object 'Object Repository/Quote_OR/txtfield_HOME_VALUATION'

2018-01-29 16:42:15 - [TEST_STEP][PASSED] - selectOptionByIndex: All options with index in [2] are selected on object 'Object Repository/Quote_OR/drp_CONSTRUCTION_TYPE'

2018-01-29 16:42:16 - [MESSAGE][PASSED] - All options with index in [2] are selected on object 'Object Repository/Quote_OR/drp_CONSTRUCTION_TYPE'

2018-01-29 16:42:16 - [TEST_STEP][PASSED] - setText: Text '100000' is set on object 'Object Repository/Quote_OR/txtfield_HOME_VALUATION'

2018-01-29 16:42:16 - [MESSAGE][PASSED] - Text '100000' is set on object 'Object Repository/Quote_OR/txtfield_HOME_VALUATION'

2018-01-29 16:42:16 - [TEST_STEP][PASSED] - delay: Delayed 2 second(s)

2018-01-29 16:42:18 - [MESSAGE][PASSED] - Delayed 2 second(s)

2018-01-29 16:42:18 - [TEST_STEP][PASSED] - setText: Text '' is set on object 'Object Repository/Quote_OR/txtbx_YEARHOMEBUILD'

2018-01-29 16:42:18 - [MESSAGE][PASSED] - Text '' is set on object 'Object Repository/Quote_OR/txtbx_YEARHOMEBUILD'

2018-01-29 16:42:18 - [TEST_STEP][PASSED] - setText: Text '1968' is set on object 'Object Repository/Quote_OR/txtbx_YEARHOMEBUILD'

2018-01-29 16:42:18 - [MESSAGE][PASSED] - Text '1968' is set on object 'Object Repository/Quote_OR/txtbx_YEARHOMEBUILD'

2018-01-29 16:42:18 - [TEST_STEP][PASSED] - click: Object: 'Object Repository/Quote_OR/btn_GETQUOTE' is clicked on

2018-01-29 16:42:18 - [MESSAGE][PASSED] - Object: 'Object Repository/Quote_OR/btn_GETQUOTE' is clicked on

2018-01-29 16:42:18 - [TEST_STEP][PASSED] - delay: Delayed 1 second(s)

2018-01-29 16:42:19 - [MESSAGE][PASSED] - Delayed 1 second(s)

2018-01-29 16:42:19 - [TEST_STEP][PASSED] - click: Object: 'Object Repository/Quote_OR/btn_SENDQUOTE' is clicked on

2018-01-29 16:42:23 - [MESSAGE][PASSED] - Object: 'Object Repository/Quote_OR/btn_SENDQUOTE' is clicked on

2018-01-29 16:42:23 - [TEST_STEP][PASSED] - delay: Delayed 1 second(s)

2018-01-29 16:42:24 - [MESSAGE][PASSED] - Delayed 1 second(s)

2018-01-29 16:42:24 - [TEST_STEP][PASSED] - setText: Text 'Ganesh' is set on object 'Object Repository/Quote_OR/txtfield_SENDQUOTE_FIRSTNAME'

2018-01-29 16:42:24 - [MESSAGE][PASSED] - Text 'Ganesh' is set on object 'Object Repository/Quote_OR/txtfield_SENDQUOTE_FIRSTNAME'

2018-01-29 16:42:24 - [TEST_STEP][PASSED] - setText: Text 'Salunkhe' is set on object 'Object Repository/Quote_OR/txtfield_SENDQUOTE_LASTNAME'

2018-01-29 16:42:25 - [MESSAGE][PASSED] - Text 'Salunkhe' is set on object 'Object Repository/Quote_OR/txtfield_SENDQUOTE_LASTNAME'

2018-01-29 16:42:25 - [TEST_STEP][PASSED] - delay: Delayed 5 second(s)

2018-01-29 16:42:30 - [MESSAGE][PASSED] - Delayed 5 second(s)

2018-01-29 16:42:30 - [TEST_STEP][PASSED] - setText: Text '9768180080' is set on object 'Object Repository/Quote_OR/txtfield_SENDQUOTE_CONTACTNUMBER'

2018-01-29 16:42:30 - [MESSAGE][PASSED] - Text '9768180080' is set on object 'Object Repository/Quote_OR/txtfield_SENDQUOTE_CONTACTNUMBER'

2018-01-29 16:42:30 - [TEST_STEP][PASSED] - delay: Delayed 5 second(s)

2018-01-29 16:42:35 - [MESSAGE][PASSED] - Delayed 5 second(s)

2018-01-29 16:42:35 - [TEST_STEP][PASSED] - setText: Text 'gsalunkhe@cogitate.us' is set on object 'Object Repository/Quote_OR/txtfield_SENDQUOTE_EMAIL'

2018-01-29 16:42:35 - [MESSAGE][PASSED] - Text 'gsalunkhe@cogitate.us' is set on object 'Object Repository/Quote_OR/txtfield_SENDQUOTE_EMAIL'

2018-01-29 16:42:35 - [TEST_STEP][PASSED] - delay: Delayed 10 second(s)

2018-01-29 16:42:45 - [MESSAGE][PASSED] - Delayed 10 second(s)

2018-01-29 16:42:45 - [TEST_STEP][PASSED] - click: Object: 'Object Repository/Quote_OR/btn_SEND_QUOTE_DETAILS' is clicked on

2018-01-29 16:42:46 - [MESSAGE][PASSED] - Object: 'Object Repository/Quote_OR/btn_SEND_QUOTE_DETAILS' is clicked on

2018-01-29 16:42:46 - [TEST_STEP][PASSED] - selectOptionByIndex: All options with index in [1] are selected on object 'Object Repository/Quote_OR/drp_CONSTRUCTION_TYPE'

2018-01-29 16:42:46 - [MESSAGE][PASSED] - All options with index in [1] are selected on object 'Object Repository/Quote_OR/drp_CONSTRUCTION_TYPE'

2018-01-29 16:42:46 - [TEST_STEP][PASSED] - delay: Delayed 5 second(s)

2018-01-29 16:42:51 - [MESSAGE][PASSED] - Delayed 5 second(s)

2018-01-29 16:42:51 - [TEST_STEP][PASSED] - click: Object: 'Object Repository/Quote_OR/btn_RECALCULATE_PREMIUM' is clicked on

2018-01-29 16:42:51 - [MESSAGE][PASSED] - Object: 'Object Repository/Quote_OR/btn_RECALCULATE_PREMIUM' is clicked on]]></system-out>
         <system-err><![CDATA[]]></system-err>
      </testcase>
      <testcase name="Test Cases/APPLICATION_CREATION" classname="Test Cases/APPLICATION_CREATION" status="PASSED">
         <system-out><![CDATA[2018-01-29 16:42:51 - [TEST_CASE][PASSED] - Test Cases/APPLICATION_CREATION: Test Cases/APPLICATION_CREATION

2018-01-29 16:42:51 - [TEST_STEP][PASSED] - setText: Text '4097 Shearwater Dr Macon, GA 31206 USA' is set on object 'Object Repository/Application_OR/txtfield_ADDRESS_ON_QUOTE_PAGE'

2018-01-29 16:42:52 - [MESSAGE][PASSED] - Text '4097 Shearwater Dr Macon, GA 31206 USA' is set on object 'Object Repository/Application_OR/txtfield_ADDRESS_ON_QUOTE_PAGE'

2018-01-29 16:42:52 - [TEST_STEP][PASSED] - click: Object: 'Object Repository/Application_OR/btn_SEARCH_ADDRESS_QUOTE_PAGE' is clicked on

2018-01-29 16:43:03 - [MESSAGE][PASSED] - Object: 'Object Repository/Application_OR/btn_SEARCH_ADDRESS_QUOTE_PAGE' is clicked on

2018-01-29 16:43:03 - [TEST_STEP][PASSED] - Statement - Address = com.kms.katalon.core.testobject.ObjectRepository.findTestObject(Endorsement_OR/get_Address): Finding Test Object with id 'Object Repository/Endorsement_OR/get_Address'

2018-01-29 16:43:04 - [TEST_STEP][PASSED] - Statement - propertyaddress = com.kms.katalon.core.webui.keyword.WebUiBuiltInKeywords.getAttribute(Address, "value"): Attribute 'value' of object 'Object Repository/Endorsement_OR/get_Address' is: '4097 Shearwater Dr, Macon, GA 31206, USA'

2018-01-29 16:43:04 - [MESSAGE][PASSED] - Attribute 'value' of object 'Object Repository/Endorsement_OR/get_Address' is: '4097 Shearwater Dr, Macon, GA 31206, USA'

2018-01-29 16:43:04 - [TEST_STEP][PASSED] - Statement - println(propertyaddress): null

2018-01-29 16:43:04 - [TEST_STEP][PASSED] - Statement - propertyaddress = propertyaddress: null

2018-01-29 16:43:04 - [TEST_STEP][PASSED] - selectOptionByIndex: All options with index in [1] are selected on object 'Object Repository/Quote_OR/drp_PROPERTY_TYPE'

2018-01-29 16:43:04 - [MESSAGE][PASSED] - All options with index in [1] are selected on object 'Object Repository/Quote_OR/drp_PROPERTY_TYPE'

2018-01-29 16:43:04 - [TEST_STEP][PASSED] - setText: Text '' is set on object 'Object Repository/Quote_OR/txtbx_YEARHOMEBUILD'

2018-01-29 16:43:05 - [MESSAGE][PASSED] - Text '' is set on object 'Object Repository/Quote_OR/txtbx_YEARHOMEBUILD'

2018-01-29 16:43:05 - [TEST_STEP][PASSED] - setText: Text '2000' is set on object 'Object Repository/Quote_OR/txtbx_YEARHOMEBUILD'

2018-01-29 16:43:05 - [MESSAGE][PASSED] - Text '2000' is set on object 'Object Repository/Quote_OR/txtbx_YEARHOMEBUILD'

2018-01-29 16:43:05 - [TEST_STEP][PASSED] - selectOptionByIndex: All options with index in [2] are selected on object 'Object Repository/Quote_OR/drp_CONSTRUCTION_TYPE'

2018-01-29 16:43:05 - [MESSAGE][PASSED] - All options with index in [2] are selected on object 'Object Repository/Quote_OR/drp_CONSTRUCTION_TYPE'

2018-01-29 16:43:05 - [TEST_STEP][PASSED] - setText: Text '' is set on object 'Object Repository/Quote_OR/txtfield_HOME_VALUATION'

2018-01-29 16:43:05 - [MESSAGE][PASSED] - Text '' is set on object 'Object Repository/Quote_OR/txtfield_HOME_VALUATION'

2018-01-29 16:43:05 - [TEST_STEP][PASSED] - setText: Text '100000' is set on object 'Object Repository/Quote_OR/txtfield_HOME_VALUATION'

2018-01-29 16:43:05 - [MESSAGE][PASSED] - Text '100000' is set on object 'Object Repository/Quote_OR/txtfield_HOME_VALUATION'

2018-01-29 16:43:05 - [TEST_STEP][PASSED] - click: Object: 'Object Repository/Quote_OR/btn_GETQUOTE' is clicked on

2018-01-29 16:43:06 - [MESSAGE][PASSED] - Object: 'Object Repository/Quote_OR/btn_GETQUOTE' is clicked on

2018-01-29 16:43:06 - [TEST_STEP][PASSED] - delay: Delayed 1 second(s)

2018-01-29 16:43:07 - [MESSAGE][PASSED] - Delayed 1 second(s)

2018-01-29 16:43:07 - [TEST_STEP][PASSED] - click: Object: 'Object Repository/Application_OR/btn_TOAPPLICATION' is clicked on

2018-01-29 16:43:28 - [MESSAGE][PASSED] - Object: 'Object Repository/Application_OR/btn_TOAPPLICATION' is clicked on

2018-01-29 16:43:28 - [TEST_STEP][PASSED] - delay: Delayed 10 second(s)

2018-01-29 16:43:38 - [MESSAGE][PASSED] - Delayed 10 second(s)

2018-01-29 16:43:38 - [TEST_STEP][PASSED] - click: Object: 'Object Repository/Application_OR/btn_CONTINUE_UW_QUESTIONS' is clicked on

2018-01-29 16:43:38 - [MESSAGE][PASSED] - Object: 'Object Repository/Application_OR/btn_CONTINUE_UW_QUESTIONS' is clicked on

2018-01-29 16:43:38 - [TEST_STEP][PASSED] - delay: Delayed 10 second(s)

2018-01-29 16:43:48 - [MESSAGE][PASSED] - Delayed 10 second(s)

2018-01-29 16:43:48 - [TEST_STEP][PASSED] - delay: Delayed 3 second(s)

2018-01-29 16:43:51 - [MESSAGE][PASSED] - Delayed 3 second(s)

2018-01-29 16:43:51 - [TEST_STEP][PASSED] - click: Object: 'Object Repository/Application_OR/txtfield_INSURED_FIRSTNAME' is clicked on

2018-01-29 16:43:51 - [MESSAGE][PASSED] - Object: 'Object Repository/Application_OR/txtfield_INSURED_FIRSTNAME' is clicked on

2018-01-29 16:43:51 - [TEST_STEP][PASSED] - setText: Text 'Smith' is set on object 'Object Repository/Application_OR/txtfield_INSURED_FIRSTNAME'

2018-01-29 16:43:51 - [MESSAGE][PASSED] - Text 'Smith' is set on object 'Object Repository/Application_OR/txtfield_INSURED_FIRSTNAME'

2018-01-29 16:43:51 - [TEST_STEP][PASSED] - setText: Text 'Racher' is set on object 'Object Repository/Application_OR/txtfield_INSURED_MIDDLENAME'

2018-01-29 16:43:51 - [MESSAGE][PASSED] - Text 'Racher' is set on object 'Object Repository/Application_OR/txtfield_INSURED_MIDDLENAME'

2018-01-29 16:43:51 - [TEST_STEP][PASSED] - setText: Text 'Lastin' is set on object 'Object Repository/Application_OR/txtfield_INSURED_LASTNAME'

2018-01-29 16:43:52 - [MESSAGE][PASSED] - Text 'Lastin' is set on object 'Object Repository/Application_OR/txtfield_INSURED_LASTNAME'

2018-01-29 16:43:52 - [TEST_STEP][PASSED] - setText: Text '09/10/1999' is set on object 'Object Repository/Application_OR/txtfield_INSURED_DOB'

2018-01-29 16:43:52 - [MESSAGE][PASSED] - Text '09/10/1999' is set on object 'Object Repository/Application_OR/txtfield_INSURED_DOB'

2018-01-29 16:43:52 - [TEST_STEP][PASSED] - delay: Delayed 5 second(s)

2018-01-29 16:43:57 - [MESSAGE][PASSED] - Delayed 5 second(s)

2018-01-29 16:43:57 - [TEST_STEP][PASSED] - setText: Text 'gsalunkhe@cogitate.us' is set on object 'Object Repository/Application_OR/txtfield_INSURED_EMAIL'

2018-01-29 16:43:57 - [MESSAGE][PASSED] - Text 'gsalunkhe@cogitate.us' is set on object 'Object Repository/Application_OR/txtfield_INSURED_EMAIL'

2018-01-29 16:43:57 - [TEST_STEP][PASSED] - delay: Delayed 5 second(s)

2018-01-29 16:44:02 - [MESSAGE][PASSED] - Delayed 5 second(s)

2018-01-29 16:44:02 - [TEST_STEP][PASSED] - setText: Text '9768180080' is set on object 'Object Repository/Application_OR/txtfield_INSURED_CONTACTNUMBER'

2018-01-29 16:44:02 - [MESSAGE][PASSED] - Text '9768180080' is set on object 'Object Repository/Application_OR/txtfield_INSURED_CONTACTNUMBER'

2018-01-29 16:44:02 - [TEST_STEP][PASSED] - delay: Delayed 5 second(s)

2018-01-29 16:44:07 - [MESSAGE][PASSED] - Delayed 5 second(s)

2018-01-29 16:44:07 - [TEST_STEP][PASSED] - Statement - hdnPolicyInfoId = com.kms.katalon.core.testobject.ObjectRepository.findTestObject(Generic_OR/hdnPolicyInfoId): Finding Test Object with id 'Object Repository/Generic_OR/hdnPolicyInfoId'

2018-01-29 16:44:07 - [TEST_STEP][PASSED] - Statement - policyInfoid = com.kms.katalon.core.webui.keyword.WebUiBuiltInKeywords.getAttribute(hdnPolicyInfoId, "value"): Attribute 'value' of object 'Object Repository/Generic_OR/hdnPolicyInfoId' is: '3513'

2018-01-29 16:44:07 - [MESSAGE][PASSED] - Attribute 'value' of object 'Object Repository/Generic_OR/hdnPolicyInfoId' is: '3513'

2018-01-29 16:44:07 - [TEST_STEP][PASSED] - Statement - policyInfoId = policyInfoid: null

2018-01-29 16:44:07 - [TEST_STEP][PASSED] - click: Object: 'Object Repository/Application_OR/btn_POLICYHOLDER_SAVEANDCONTINUE' is clicked on

2018-01-29 16:44:08 - [MESSAGE][PASSED] - Object: 'Object Repository/Application_OR/btn_POLICYHOLDER_SAVEANDCONTINUE' is clicked on

2018-01-29 16:44:08 - [TEST_STEP][PASSED] - delay: Delayed 1 second(s)

2018-01-29 16:44:09 - [MESSAGE][PASSED] - Delayed 1 second(s)

2018-01-29 16:44:09 - [TEST_STEP][PASSED] - click: Object: 'Object Repository/Application_OR/drp_ROOFTYPE_PROPERTYPAGE' is clicked on

2018-01-29 16:44:10 - [MESSAGE][PASSED] - Object: 'Object Repository/Application_OR/drp_ROOFTYPE_PROPERTYPAGE' is clicked on

2018-01-29 16:44:10 - [TEST_STEP][PASSED] - delay: Delayed 3 second(s)

2018-01-29 16:44:13 - [MESSAGE][PASSED] - Delayed 3 second(s)

2018-01-29 16:44:13 - [TEST_STEP][PASSED] - selectOptionByIndex: All options with index in [1] are selected on object 'Object Repository/Application_OR/drp_ROOFTYPE_PROPERTYPAGE'

2018-01-29 16:44:13 - [MESSAGE][PASSED] - All options with index in [1] are selected on object 'Object Repository/Application_OR/drp_ROOFTYPE_PROPERTYPAGE'

2018-01-29 16:44:13 - [TEST_STEP][PASSED] - delay: Delayed 2 second(s)

2018-01-29 16:44:15 - [MESSAGE][PASSED] - Delayed 2 second(s)

2018-01-29 16:44:15 - [TEST_STEP][PASSED] - selectOptionByIndex: All options with index in [3] are selected on object 'Object Repository/Application_OR/drp_FOUNDATIONTYPE_PROPERTYPAGE'

2018-01-29 16:44:15 - [MESSAGE][PASSED] - All options with index in [3] are selected on object 'Object Repository/Application_OR/drp_FOUNDATIONTYPE_PROPERTYPAGE'

2018-01-29 16:44:15 - [TEST_STEP][PASSED] - delay: Delayed 2 second(s)

2018-01-29 16:44:17 - [MESSAGE][PASSED] - Delayed 2 second(s)

2018-01-29 16:44:17 - [TEST_STEP][PASSED] - selectOptionByIndex: All options with index in [7] are selected on object 'Object Repository/Application_OR/drp_HEATINGTYPE_PROPERTYPAGE'

2018-01-29 16:44:18 - [MESSAGE][PASSED] - All options with index in [7] are selected on object 'Object Repository/Application_OR/drp_HEATINGTYPE_PROPERTYPAGE'

2018-01-29 16:44:18 - [TEST_STEP][PASSED] - delay: Delayed 5 second(s)

2018-01-29 16:44:23 - [MESSAGE][PASSED] - Delayed 5 second(s)

2018-01-29 16:44:23 - [TEST_STEP][PASSED] - click: Object: 'Object Repository/Application_OR/btn_OCCUPANYPAGE_SAVEANDCONTINUE' is clicked on

2018-01-29 16:44:23 - [MESSAGE][PASSED] - Object: 'Object Repository/Application_OR/btn_OCCUPANYPAGE_SAVEANDCONTINUE' is clicked on

2018-01-29 16:44:23 - [TEST_STEP][PASSED] - delay: Delayed 4 second(s)

2018-01-29 16:44:27 - [MESSAGE][PASSED] - Delayed 4 second(s)

2018-01-29 16:44:27 - [TEST_STEP][PASSED] - click: Object: 'Object Repository/Application_OR/btn_YES_ROOFAGE_POPUP' is clicked on

2018-01-29 16:44:27 - [MESSAGE][PASSED] - Object: 'Object Repository/Application_OR/btn_YES_ROOFAGE_POPUP' is clicked on

2018-01-29 16:44:27 - [TEST_STEP][PASSED] - delay: Delayed 4 second(s)

2018-01-29 16:44:31 - [MESSAGE][PASSED] - Delayed 4 second(s)

2018-01-29 16:44:31 - [TEST_STEP][PASSED] - click: Object: 'Object Repository/Application_OR/btn_YES_ELECTRICALAGE_POPUP' is clicked on

2018-01-29 16:44:31 - [MESSAGE][PASSED] - Object: 'Object Repository/Application_OR/btn_YES_ELECTRICALAGE_POPUP' is clicked on

2018-01-29 16:44:31 - [TEST_STEP][PASSED] - delay: Delayed 4 second(s)

2018-01-29 16:44:35 - [MESSAGE][PASSED] - Delayed 4 second(s)

2018-01-29 16:44:35 - [TEST_STEP][PASSED] - click: Object: 'Object Repository/Application_OR/btn_YES_ELECTRICALAGE_POPUP' is clicked on

2018-01-29 16:44:35 - [MESSAGE][PASSED] - Object: 'Object Repository/Application_OR/btn_YES_ELECTRICALAGE_POPUP' is clicked on

2018-01-29 16:44:35 - [TEST_STEP][PASSED] - delay: Delayed 5 second(s)

2018-01-29 16:44:40 - [MESSAGE][PASSED] - Delayed 5 second(s)

2018-01-29 16:44:40 - [TEST_STEP][PASSED] - click: Object: 'Object Repository/Application_OR/btn_OCCUPANYPAGE_SAVEANDCONTINUE' is clicked on

2018-01-29 16:44:42 - [MESSAGE][PASSED] - Object: 'Object Repository/Application_OR/btn_OCCUPANYPAGE_SAVEANDCONTINUE' is clicked on

2018-01-29 16:44:42 - [TEST_STEP][PASSED] - delay: Delayed 5 second(s)

2018-01-29 16:44:47 - [MESSAGE][PASSED] - Delayed 5 second(s)

2018-01-29 16:44:47 - [TEST_STEP][PASSED] - check: Object 'Object Repository/Application_OR/chkbx_AGREEMENT' is checked

2018-01-29 16:44:47 - [MESSAGE][PASSED] - Object 'Object Repository/Application_OR/chkbx_AGREEMENT' is checked

2018-01-29 16:44:47 - [TEST_STEP][PASSED] - delay: Delayed 10 second(s)

2018-01-29 16:44:57 - [MESSAGE][PASSED] - Delayed 10 second(s)

2018-01-29 16:44:57 - [TEST_STEP][PASSED] - click: Object: 'Object Repository/Application_OR/btn_OCCUPANYPAGE_SAVEANDCONTINUE' is clicked on

2018-01-29 16:44:57 - [MESSAGE][PASSED] - Object: 'Object Repository/Application_OR/btn_OCCUPANYPAGE_SAVEANDCONTINUE' is clicked on

2018-01-29 16:44:57 - [TEST_STEP][PASSED] - delay: Delayed 5 second(s)

2018-01-29 16:45:02 - [MESSAGE][PASSED] - Delayed 5 second(s)

2018-01-29 16:45:02 - [TEST_STEP][PASSED] - click: Object: 'Object Repository/Application_OR/btn_SIGNAPPLICATION_AGENT' is clicked on

2018-01-29 16:45:19 - [MESSAGE][PASSED] - Object: 'Object Repository/Application_OR/btn_SIGNAPPLICATION_AGENT' is clicked on

2018-01-29 16:45:19 - [TEST_STEP][PASSED] - delay: Delayed 5 second(s)

2018-01-29 16:45:24 - [MESSAGE][PASSED] - Delayed 5 second(s)

2018-01-29 16:45:24 - [TEST_STEP][PASSED] - Statement - getInsuredName = com.kms.katalon.core.webui.keyword.WebUiBuiltInKeywords.getText(com.kms.katalon.core.testobject.ObjectRepository.findTestObject(Application_OR/get_INSUREDNAME_APPLICATION FORMSUMMARY)): Text of object 'Object Repository/Application_OR/get_INSUREDNAME_APPLICATION FORMSUMMARY' is: 'Smith Racher Lastin'

2018-01-29 16:45:24 - [MESSAGE][PASSED] - Text of object 'Object Repository/Application_OR/get_INSUREDNAME_APPLICATION FORMSUMMARY' is: 'Smith Racher Lastin'

2018-01-29 16:45:24 - [TEST_STEP][PASSED] - Statement - println(getInsuredName): null

2018-01-29 16:45:24 - [TEST_STEP][PASSED] - click: Object: 'Object Repository/Application_OR/btn_INSURED_SIGNATURE' is clicked on

2018-01-29 16:45:24 - [MESSAGE][PASSED] - Object: 'Object Repository/Application_OR/btn_INSURED_SIGNATURE' is clicked on

2018-01-29 16:45:24 - [TEST_STEP][PASSED] - delay: Delayed 5 second(s)

2018-01-29 16:45:29 - [MESSAGE][PASSED] - Delayed 5 second(s)

2018-01-29 16:45:29 - [TEST_STEP][PASSED] - click: Object: 'Object Repository/Application_OR/txtbx_INSURED_SIGNATURE' is clicked on

2018-01-29 16:45:30 - [MESSAGE][PASSED] - Object: 'Object Repository/Application_OR/txtbx_INSURED_SIGNATURE' is clicked on

2018-01-29 16:45:30 - [TEST_STEP][PASSED] - delay: Delayed 5 second(s)

2018-01-29 16:45:35 - [MESSAGE][PASSED] - Delayed 5 second(s)

2018-01-29 16:45:35 - [TEST_STEP][PASSED] - setText: Text 'Smith Racher Lastin' is set on object 'Object Repository/Application_OR/txtbx_INSURED_SIGNATURE'

2018-01-29 16:45:35 - [MESSAGE][PASSED] - Text 'Smith Racher Lastin' is set on object 'Object Repository/Application_OR/txtbx_INSURED_SIGNATURE'

2018-01-29 16:45:35 - [TEST_STEP][PASSED] - click: Object: 'Object Repository/Application_OR/btn_SUBMIT_INSURED_SIGNATURE' is clicked on

2018-01-29 16:45:35 - [MESSAGE][PASSED] - Object: 'Object Repository/Application_OR/btn_SUBMIT_INSURED_SIGNATURE' is clicked on

2018-01-29 16:45:35 - [TEST_STEP][PASSED] - Statement - otpQuery = "SELECT TOP 1 OtpGenerated FROM PPE_ApplicationForms_trn where PolicyInfoId = " + policyInfoId + " Order BY ModifiedDateTime DESC": null

2018-01-29 16:45:35 - [TEST_STEP][PASSED] - Statement - println("otpQuery" + " " + otpQuery): null

2018-01-29 16:45:35 - [TEST_STEP][PASSED] - com.PPE.Database_Connection.connectDB: com.PPE.Database_Connection.connectDB is PASSED

2018-01-29 16:45:37 - [MESSAGE][PASSED] - com.PPE.Database_Connection.connectDB is PASSED

2018-01-29 16:45:37 - [TEST_STEP][PASSED] - Statement - recordset = CustomKeywords.com.PPE.Database_Connection.executeQuery(otpQuery): com.PPE.Database_Connection.executeQuery is PASSED

2018-01-29 16:45:37 - [MESSAGE][PASSED] - com.PPE.Database_Connection.executeQuery is PASSED

2018-01-29 16:45:37 - [TEST_STEP][PASSED] - Statement - otp = 0: null

2018-01-29 16:45:37 - [TEST_STEP][PASSED] - Statement - While (recordset.next()): null

2018-01-29 16:45:37 - [TEST_STEP][PASSED] - Statement - otp = recordset.getObject("OtpGenerated"): null

2018-01-29 16:45:37 - [TEST_STEP][PASSED] - Statement - println("otp" + " " + otp): null

2018-01-29 16:45:37 - [TEST_STEP][PASSED] - delay: Delayed 10 second(s)

2018-01-29 16:45:47 - [MESSAGE][PASSED] - Delayed 10 second(s)

2018-01-29 16:45:47 - [TEST_STEP][PASSED] - Statement - txtOtp = com.kms.katalon.core.testobject.ObjectRepository.findTestObject(Application_OR/txtfield-OTP): Finding Test Object with id 'Object Repository/Application_OR/txtfield-OTP'

2018-01-29 16:45:47 - [TEST_STEP][PASSED] - setText: Text '2773' is set on object 'Object Repository/Application_OR/txtfield-OTP'

2018-01-29 16:45:48 - [MESSAGE][PASSED] - Text '2773' is set on object 'Object Repository/Application_OR/txtfield-OTP'

2018-01-29 16:45:48 - [TEST_STEP][PASSED] - delay: Delayed 1 second(s)

2018-01-29 16:45:49 - [MESSAGE][PASSED] - Delayed 1 second(s)

2018-01-29 16:45:49 - [TEST_STEP][PASSED] - click: Object: 'Object Repository/Application_OR/btn_OTP_VERIFY' is clicked on

2018-01-29 16:45:49 - [MESSAGE][PASSED] - Object: 'Object Repository/Application_OR/btn_OTP_VERIFY' is clicked on

2018-01-29 16:45:49 - [TEST_STEP][PASSED] - delay: Delayed 5 second(s)

2018-01-29 16:45:54 - [MESSAGE][PASSED] - Delayed 5 second(s)

2018-01-29 16:45:54 - [TEST_STEP][PASSED] - click: Object: 'Object Repository/Application_OR/btn_AGENT_SIGNATURE' is clicked on

2018-01-29 16:45:54 - [MESSAGE][PASSED] - Object: 'Object Repository/Application_OR/btn_AGENT_SIGNATURE' is clicked on

2018-01-29 16:45:54 - [TEST_STEP][PASSED] - delay: Delayed 2 second(s)

2018-01-29 16:45:56 - [MESSAGE][PASSED] - Delayed 2 second(s)

2018-01-29 16:45:56 - [TEST_STEP][PASSED] - click: Object: 'Object Repository/Application_OR/txtbx_AGENT_SIGNATURE' is clicked on

2018-01-29 16:45:56 - [MESSAGE][PASSED] - Object: 'Object Repository/Application_OR/txtbx_AGENT_SIGNATURE' is clicked on

2018-01-29 16:45:56 - [TEST_STEP][PASSED] - delay: Delayed 2 second(s)

2018-01-29 16:45:58 - [MESSAGE][PASSED] - Delayed 2 second(s)

2018-01-29 16:45:58 - [TEST_STEP][PASSED] - setText: Text 'clement helms' is set on object 'Object Repository/Application_OR/txtbx_AGENT_SIGNATURE'

2018-01-29 16:45:58 - [MESSAGE][PASSED] - Text 'clement helms' is set on object 'Object Repository/Application_OR/txtbx_AGENT_SIGNATURE'

2018-01-29 16:45:58 - [TEST_STEP][PASSED] - delay: Delayed 2 second(s)

2018-01-29 16:46:00 - [MESSAGE][PASSED] - Delayed 2 second(s)

2018-01-29 16:46:00 - [TEST_STEP][PASSED] - click: Object: 'Object Repository/Application_OR/btn_SUBMIT_AGENT_SIGNATURE' is clicked on

2018-01-29 16:46:00 - [MESSAGE][PASSED] - Object: 'Object Repository/Application_OR/btn_SUBMIT_AGENT_SIGNATURE' is clicked on

2018-01-29 16:46:00 - [TEST_STEP][PASSED] - delay: Delayed 5 second(s)

2018-01-29 16:46:05 - [MESSAGE][PASSED] - Delayed 5 second(s)

2018-01-29 16:46:05 - [TEST_STEP][PASSED] - click: Object: 'Object Repository/Application_OR/btn_SURPLUSLINE_ACK' is clicked on

2018-01-29 16:46:11 - [MESSAGE][PASSED] - Object: 'Object Repository/Application_OR/btn_SURPLUSLINE_ACK' is clicked on

2018-01-29 16:46:11 - [TEST_STEP][PASSED] - delay: Delayed 5 second(s)

2018-01-29 16:46:16 - [MESSAGE][PASSED] - Delayed 5 second(s)

2018-01-29 16:46:16 - [TEST_STEP][PASSED] - click: Object: 'Object Repository/Application_OR/txtfield_SURPLUSLINE_FORM_TEXT' is clicked on

2018-01-29 16:46:17 - [MESSAGE][PASSED] - Object: 'Object Repository/Application_OR/txtfield_SURPLUSLINE_FORM_TEXT' is clicked on

2018-01-29 16:46:17 - [TEST_STEP][PASSED] - setText: Text 'Testing' is set on object 'Object Repository/Application_OR/txtfield_SURPLUSLINE_FORM_TEXT'

2018-01-29 16:46:17 - [MESSAGE][PASSED] - Text 'Testing' is set on object 'Object Repository/Application_OR/txtfield_SURPLUSLINE_FORM_TEXT'

2018-01-29 16:46:17 - [TEST_STEP][PASSED] - delay: Delayed 5 second(s)

2018-01-29 16:46:22 - [MESSAGE][PASSED] - Delayed 5 second(s)

2018-01-29 16:46:22 - [TEST_STEP][PASSED] - click: Object: 'Object Repository/Application_OR/btn_SUBMIT_SURPLUSLINE' is clicked on

2018-01-29 16:46:22 - [MESSAGE][PASSED] - Object: 'Object Repository/Application_OR/btn_SUBMIT_SURPLUSLINE' is clicked on

2018-01-29 16:46:22 - [TEST_STEP][PASSED] - delay: Delayed 5 second(s)

2018-01-29 16:46:27 - [MESSAGE][PASSED] - Delayed 5 second(s)

2018-01-29 16:46:27 - [TEST_STEP][PASSED] - click: Object: 'Object Repository/Application_OR/btn_SUBMIT_FOR_UW_APPROVAL' is clicked on

2018-01-29 16:46:30 - [MESSAGE][PASSED] - Object: 'Object Repository/Application_OR/btn_SUBMIT_FOR_UW_APPROVAL' is clicked on

2018-01-29 16:46:30 - [TEST_STEP][PASSED] - delay: Delayed 8 second(s)

2018-01-29 16:46:38 - [MESSAGE][PASSED] - Delayed 8 second(s)

2018-01-29 16:46:38 - [TEST_STEP][PASSED] - click: Object: 'Object Repository/Application_OR/btn_LOGOUT' is clicked on

2018-01-29 16:46:39 - [MESSAGE][PASSED] - Object: 'Object Repository/Application_OR/btn_LOGOUT' is clicked on

2018-01-29 16:46:39 - [TEST_STEP][PASSED] - delay: Delayed 5 second(s)

2018-01-29 16:46:44 - [MESSAGE][PASSED] - Delayed 5 second(s)

2018-01-29 16:46:44 - [TEST_STEP][PASSED] - setText: Text 'ih.william' is set on object 'Object Repository/Quote_OR/txtfield_USERNAME'

2018-01-29 16:46:44 - [MESSAGE][PASSED] - Text 'ih.william' is set on object 'Object Repository/Quote_OR/txtfield_USERNAME'

2018-01-29 16:46:44 - [TEST_STEP][PASSED] - setText: Text '10#Hammer' is set on object 'Object Repository/Quote_OR/txtfield_PASSWORD'

2018-01-29 16:46:44 - [MESSAGE][PASSED] - Text '10#Hammer' is set on object 'Object Repository/Quote_OR/txtfield_PASSWORD'

2018-01-29 16:46:44 - [TEST_STEP][PASSED] - click: Object: 'Object Repository/Quote_OR/btn-LOGIN' is clicked on

2018-01-29 16:46:47 - [MESSAGE][PASSED] - Object: 'Object Repository/Quote_OR/btn-LOGIN' is clicked on

2018-01-29 16:46:47 - [TEST_STEP][PASSED] - delay: Delayed 5 second(s)

2018-01-29 16:46:52 - [MESSAGE][PASSED] - Delayed 5 second(s)

2018-01-29 16:46:52 - [TEST_STEP][PASSED] - Statement - btnId = "//*[@id="btnLoadApplication_" + policyInfoId + ""]": null

2018-01-29 16:46:52 - [TEST_STEP][PASSED] - Statement - btnViewApplication = new com.kms.katalon.core.testobject.TestObject(btnViewApplication): null

2018-01-29 16:46:52 - [TEST_STEP][PASSED] - Statement - btnViewApplication.addProperty("xpath", EQUALS, btnId, true): null

2018-01-29 16:46:52 - [TEST_STEP][PASSED] - delay: Delayed 20 second(s)

2018-01-29 16:47:12 - [MESSAGE][PASSED] - Delayed 20 second(s)

2018-01-29 16:47:12 - [TEST_STEP][PASSED] - click: Object: 'btnViewApplication' is clicked on

2018-01-29 16:47:14 - [MESSAGE][PASSED] - Object: 'btnViewApplication' is clicked on

2018-01-29 16:47:14 - [TEST_STEP][PASSED] - delay: Delayed 8 second(s)

2018-01-29 16:47:22 - [MESSAGE][PASSED] - Delayed 8 second(s)

2018-01-29 16:47:22 - [TEST_STEP][PASSED] - click: Object: 'Object Repository/Application_OR/btn_DOWNLOAD_AFS_UW' is clicked on

2018-01-29 16:47:22 - [MESSAGE][PASSED] - Object: 'Object Repository/Application_OR/btn_DOWNLOAD_AFS_UW' is clicked on

2018-01-29 16:47:22 - [TEST_STEP][PASSED] - delay: Delayed 5 second(s)

2018-01-29 16:47:27 - [MESSAGE][PASSED] - Delayed 5 second(s)

2018-01-29 16:47:27 - [TEST_STEP][PASSED] - click: Object: 'Object Repository/Application_OR/btn_GENERATE_FORMS' is clicked on

2018-01-29 16:47:27 - [MESSAGE][PASSED] - Object: 'Object Repository/Application_OR/btn_GENERATE_FORMS' is clicked on

2018-01-29 16:47:27 - [TEST_STEP][PASSED] - delay: Delayed 5 second(s)

2018-01-29 16:47:32 - [MESSAGE][PASSED] - Delayed 5 second(s)

2018-01-29 16:47:32 - [TEST_STEP][PASSED] - click: Object: 'Object Repository/Application_OR/btn_REQUEST_FOR_BIND' is clicked on

2018-01-29 16:47:38 - [MESSAGE][PASSED] - Object: 'Object Repository/Application_OR/btn_REQUEST_FOR_BIND' is clicked on

2018-01-29 16:47:38 - [TEST_STEP][PASSED] - delay: Delayed 20 second(s)

2018-01-29 16:47:58 - [MESSAGE][PASSED] - Delayed 20 second(s)

2018-01-29 16:47:58 - [TEST_STEP][PASSED] - click: Object: 'Object Repository/Application_OR/btn_VIEW_POLICY_FORMS' is clicked on

2018-01-29 16:48:19 - [MESSAGE][PASSED] - Object: 'Object Repository/Application_OR/btn_VIEW_POLICY_FORMS' is clicked on

2018-01-29 16:48:19 - [TEST_STEP][PASSED] - delay: Delayed 15 second(s)

2018-01-29 16:48:34 - [MESSAGE][PASSED] - Delayed 15 second(s)

2018-01-29 16:48:34 - [TEST_STEP][PASSED] - click: Object: 'Object Repository/Application_OR/btn_UW_APPLICATION_STATUS_MENU' is clicked on

2018-01-29 16:48:34 - [MESSAGE][PASSED] - Object: 'Object Repository/Application_OR/btn_UW_APPLICATION_STATUS_MENU' is clicked on

2018-01-29 16:48:34 - [TEST_STEP][PASSED] - delay: Delayed 2 second(s)

2018-01-29 16:48:36 - [MESSAGE][PASSED] - Delayed 2 second(s)

2018-01-29 16:48:36 - [TEST_STEP][PASSED] - click: Object: 'Object Repository/Application_OR/btn_YES_CONFIRMATION' is clicked on

2018-01-29 16:48:37 - [MESSAGE][PASSED] - Object: 'Object Repository/Application_OR/btn_YES_CONFIRMATION' is clicked on

2018-01-29 16:48:37 - [TEST_STEP][PASSED] - delay: Delayed 20 second(s)

2018-01-29 16:48:58 - [MESSAGE][PASSED] - Delayed 20 second(s)]]></system-out>
         <system-err><![CDATA[]]></system-err>
      </testcase>
      <testcase name="Test Cases/ENDORSEMENT_CREATION" classname="Test Cases/ENDORSEMENT_CREATION" status="ERROR">
         <error type="ERROR" message="Test Cases/ENDORSEMENT_CREATION FAILED because (of) groovy.lang.GroovyRuntimeException: Could not find matching constructor for: org.openqa.selenium.support.ui.WebDriverWait(java.lang.Class, java.lang.Integer)"/>
         <system-out><![CDATA[2018-01-29 16:48:58 - [TEST_CASE][ERROR] - Test Cases/ENDORSEMENT_CREATION: Test Cases/ENDORSEMENT_CREATION FAILED because (of) groovy.lang.GroovyRuntimeException: Could not find matching constructor for: org.openqa.selenium.support.ui.WebDriverWait(java.lang.Class, java.lang.Integer)

2018-01-29 16:48:58 - [TEST_STEP][PASSED] - click: Object: 'Object Repository/Endorsement_OR/btn_ADVANCE_FILTER' is clicked on

2018-01-29 16:48:58 - [MESSAGE][PASSED] - Object: 'Object Repository/Endorsement_OR/btn_ADVANCE_FILTER' is clicked on

2018-01-29 16:48:58 - [TEST_STEP][PASSED] - delay: Delayed 4 second(s)

2018-01-29 16:49:02 - [MESSAGE][PASSED] - Delayed 4 second(s)

2018-01-29 16:49:02 - [TEST_STEP][PASSED] - setText: Text '4097 Shearwater Dr, Macon, GA 31206, USA' is set on object 'Object Repository/Endorsement_OR/txtfield_AdvanceFilter_PROPERTY_ADDRESS'

2018-01-29 16:49:02 - [MESSAGE][PASSED] - Text '4097 Shearwater Dr, Macon, GA 31206, USA' is set on object 'Object Repository/Endorsement_OR/txtfield_AdvanceFilter_PROPERTY_ADDRESS'

2018-01-29 16:49:02 - [TEST_STEP][PASSED] - delay: Delayed 15 second(s)

2018-01-29 16:49:17 - [MESSAGE][PASSED] - Delayed 15 second(s)

2018-01-29 16:49:17 - [TEST_STEP][PASSED] - click: Object: 'Object Repository/Endorsement_OR/btn_APPLY_Advance_Filter' is clicked on

2018-01-29 16:49:17 - [MESSAGE][PASSED] - Object: 'Object Repository/Endorsement_OR/btn_APPLY_Advance_Filter' is clicked on

2018-01-29 16:49:17 - [TEST_STEP][PASSED] - delay: Delayed 18 second(s)

2018-01-29 16:49:35 - [MESSAGE][PASSED] - Delayed 18 second(s)

2018-01-29 16:49:35 - [TEST_STEP][PASSED] - Statement - policynumber = com.kms.katalon.core.webui.keyword.WebUiBuiltInKeywords.getText(com.kms.katalon.core.testobject.ObjectRepository.findTestObject(Endorsement_OR/get_POLICYNUMBER)): Text of object 'Object Repository/Endorsement_OR/get_POLICYNUMBER' is: 'BCIHGA1800117'

2018-01-29 16:49:35 - [MESSAGE][PASSED] - Text of object 'Object Repository/Endorsement_OR/get_POLICYNUMBER' is: 'BCIHGA1800117'

2018-01-29 16:49:35 - [TEST_STEP][PASSED] - Statement - println(policynumber): null

2018-01-29 16:49:35 - [TEST_STEP][PASSED] - delay: Delayed 10 second(s)

2018-01-29 16:49:45 - [MESSAGE][PASSED] - Delayed 10 second(s)

2018-01-29 16:49:45 - [TEST_STEP][PASSED] - click: Object: 'Object Repository/Endorsement_OR/btn_ENDORSEMENT_MENU' is clicked on

2018-01-29 16:49:46 - [MESSAGE][PASSED] - Object: 'Object Repository/Endorsement_OR/btn_ENDORSEMENT_MENU' is clicked on

2018-01-29 16:49:46 - [TEST_STEP][PASSED] - delay: Delayed 3 second(s)

2018-01-29 16:49:49 - [MESSAGE][PASSED] - Delayed 3 second(s)

2018-01-29 16:49:49 - [TEST_STEP][PASSED] - click: Object: 'Object Repository/Endorsement_OR/btn_YES_CONFIRMATION_ENDORSEMENT' is clicked on

2018-01-29 16:49:49 - [MESSAGE][PASSED] - Object: 'Object Repository/Endorsement_OR/btn_YES_CONFIRMATION_ENDORSEMENT' is clicked on

2018-01-29 16:49:49 - [TEST_STEP][PASSED] - delay: Delayed 6 second(s)

2018-01-29 16:49:55 - [MESSAGE][PASSED] - Delayed 6 second(s)

2018-01-29 16:49:55 - [TEST_STEP][PASSED] - setText: Text 'BCIHGA1800117' is set on object 'Object Repository/Endorsement_OR/txtfield_POLICYNUMBER_FOR_ENDORSEMENT'

2018-01-29 16:49:56 - [MESSAGE][PASSED] - Text 'BCIHGA1800117' is set on object 'Object Repository/Endorsement_OR/txtfield_POLICYNUMBER_FOR_ENDORSEMENT'

2018-01-29 16:49:56 - [TEST_STEP][PASSED] - delay: Delayed 6 second(s)

2018-01-29 16:50:02 - [MESSAGE][PASSED] - Delayed 6 second(s)

2018-01-29 16:50:02 - [TEST_STEP][PASSED] - click: Object: 'Object Repository/Endorsement_OR/btn_SEARCH_FOR_ENDORSEMENT' is clicked on

2018-01-29 16:50:02 - [MESSAGE][PASSED] - Object: 'Object Repository/Endorsement_OR/btn_SEARCH_FOR_ENDORSEMENT' is clicked on

2018-01-29 16:50:02 - [TEST_STEP][PASSED] - delay: Delayed 10 second(s)

2018-01-29 16:50:12 - [MESSAGE][PASSED] - Delayed 10 second(s)

2018-01-29 16:50:12 - [TEST_STEP][PASSED] - click: Object: 'Object Repository/Endorsement_OR/btn_ENDORSE_UW' is clicked on

2018-01-29 16:50:14 - [MESSAGE][PASSED] - Object: 'Object Repository/Endorsement_OR/btn_ENDORSE_UW' is clicked on

2018-01-29 16:50:14 - [TEST_STEP][PASSED] - delay: Delayed 6 second(s)

2018-01-29 16:50:20 - [MESSAGE][PASSED] - Delayed 6 second(s)

2018-01-29 16:50:20 - [TEST_STEP][PASSED] - click: Object: 'Object Repository/Endorsement_OR/btn_EDIT_APPLICANTINFO_UW' is clicked on

2018-01-29 16:50:20 - [MESSAGE][PASSED] - Object: 'Object Repository/Endorsement_OR/btn_EDIT_APPLICANTINFO_UW' is clicked on

2018-01-29 16:50:20 - [TEST_STEP][PASSED] - delay: Delayed 6 second(s)

2018-01-29 16:50:26 - [MESSAGE][PASSED] - Delayed 6 second(s)

2018-01-29 16:50:26 - [TEST_STEP][PASSED] - click: Object: 'Object Repository/Endorsement_OR/btn_RECALCULATE_UW' is clicked on

2018-01-29 16:50:26 - [MESSAGE][PASSED] - Object: 'Object Repository/Endorsement_OR/btn_RECALCULATE_UW' is clicked on

2018-01-29 16:50:26 - [TEST_STEP][PASSED] - delay: Delayed 6 second(s)

2018-01-29 16:50:32 - [MESSAGE][PASSED] - Delayed 6 second(s)

2018-01-29 16:50:32 - [TEST_STEP][PASSED] - setText: Text 'James' is set on object 'Object Repository/Endorsement_OR/txtfield_PRIFIRSTNAME_UW'

2018-01-29 16:50:32 - [MESSAGE][PASSED] - Text 'James' is set on object 'Object Repository/Endorsement_OR/txtfield_PRIFIRSTNAME_UW'

2018-01-29 16:50:32 - [TEST_STEP][PASSED] - delay: Delayed 2 second(s)

2018-01-29 16:50:34 - [MESSAGE][PASSED] - Delayed 2 second(s)

2018-01-29 16:50:34 - [TEST_STEP][PASSED] - click: Object: 'Object Repository/Endorsement_OR/btn_UPDATE_APPLICANTINFO_UW' is clicked on

2018-01-29 16:50:35 - [MESSAGE][PASSED] - Object: 'Object Repository/Endorsement_OR/btn_UPDATE_APPLICANTINFO_UW' is clicked on

2018-01-29 16:50:35 - [TEST_STEP][PASSED] - delay: Delayed 2 second(s)

2018-01-29 16:50:37 - [MESSAGE][PASSED] - Delayed 2 second(s)

2018-01-29 16:50:37 - [TEST_STEP][PASSED] - click: Object: 'Object Repository/Endorsement_OR/btn_RECALCULATE_UW' is clicked on

2018-01-29 16:50:37 - [MESSAGE][PASSED] - Object: 'Object Repository/Endorsement_OR/btn_RECALCULATE_UW' is clicked on

2018-01-29 16:50:37 - [TEST_STEP][PASSED] - delay: Delayed 6 second(s)

2018-01-29 16:50:43 - [MESSAGE][PASSED] - Delayed 6 second(s)

2018-01-29 16:50:43 - [TEST_STEP][PASSED] - scrollToPosition: Browser is scrolled to position x = 0, y = 50

2018-01-29 16:50:43 - [MESSAGE][PASSED] - Browser is scrolled to position x = 0, y = 50

2018-01-29 16:50:43 - [TEST_STEP][PASSED] - delay: Delayed 3 second(s)

2018-01-29 16:50:46 - [MESSAGE][PASSED] - Delayed 3 second(s)

2018-01-29 16:50:46 - [TEST_STEP][PASSED] - click: Object: 'Object Repository/Endorsement_OR/btn_EDIT_COVERAGE_UW' is clicked on

2018-01-29 16:50:46 - [MESSAGE][PASSED] - Object: 'Object Repository/Endorsement_OR/btn_EDIT_COVERAGE_UW' is clicked on

2018-01-29 16:50:46 - [TEST_STEP][PASSED] - delay: Delayed 6 second(s)

2018-01-29 16:50:52 - [MESSAGE][PASSED] - Delayed 6 second(s)

2018-01-29 16:50:52 - [TEST_STEP][PASSED] - click: Object: 'Object Repository/Endorsement_OR/drp_SETTLEMENTTYPE_UW' is clicked on

2018-01-29 16:50:52 - [MESSAGE][PASSED] - Object: 'Object Repository/Endorsement_OR/drp_SETTLEMENTTYPE_UW' is clicked on

2018-01-29 16:50:52 - [TEST_STEP][PASSED] - selectOptionByValue: All options with value 'ACV' are selected in object 'Object Repository/Endorsement_OR/drp_SETTLEMENTTYPE_UW' 

2018-01-29 16:50:52 - [MESSAGE][PASSED] - All options with value 'ACV' are selected in object 'Object Repository/Endorsement_OR/drp_SETTLEMENTTYPE_UW' 

2018-01-29 16:50:52 - [TEST_STEP][PASSED] - click: Object: 'Object Repository/Endorsement_OR/btn_UPDATE_COVERAGE_UW' is clicked on

2018-01-29 16:50:53 - [MESSAGE][PASSED] - Object: 'Object Repository/Endorsement_OR/btn_UPDATE_COVERAGE_UW' is clicked on

2018-01-29 16:50:53 - [TEST_STEP][PASSED] - delay: Delayed 2 second(s)

2018-01-29 16:50:55 - [MESSAGE][PASSED] - Delayed 2 second(s)

2018-01-29 16:50:55 - [TEST_STEP][PASSED] - click: Object: 'Object Repository/Endorsement_OR/btn_RECALCULATE_UW' is clicked on

2018-01-29 16:50:55 - [MESSAGE][PASSED] - Object: 'Object Repository/Endorsement_OR/btn_RECALCULATE_UW' is clicked on

2018-01-29 16:50:55 - [TEST_STEP][PASSED] - delay: Delayed 2 second(s)

2018-01-29 16:50:57 - [MESSAGE][PASSED] - Delayed 2 second(s)

2018-01-29 16:50:57 - [TEST_STEP][PASSED] - click: Object: 'Object Repository/Endorsement_OR/txtfield_ENDORSEMENTEFFECTIVEDATE_UW' is clicked on

2018-01-29 16:50:57 - [MESSAGE][PASSED] - Object: 'Object Repository/Endorsement_OR/txtfield_ENDORSEMENTEFFECTIVEDATE_UW' is clicked on

2018-01-29 16:50:57 - [TEST_STEP][PASSED] - Statement - use(groovy.time.TimeCategory, { -> ... }): null

2018-01-29 16:50:57 - [TEST_STEP][PASSED] - scrollToPosition: Browser is scrolled to position x = 0, y = 50

2018-01-29 16:50:57 - [MESSAGE][PASSED] - Browser is scrolled to position x = 0, y = 50

2018-01-29 16:50:57 - [TEST_STEP][PASSED] - click: Object: 'Object Repository/Endorsement_OR/btn_EDIT_PROPERTY_UW' is clicked on

2018-01-29 16:50:57 - [MESSAGE][PASSED] - Object: 'Object Repository/Endorsement_OR/btn_EDIT_PROPERTY_UW' is clicked on

2018-01-29 16:50:57 - [TEST_STEP][PASSED] - delay: Delayed 2 second(s)

2018-01-29 16:50:59 - [MESSAGE][PASSED] - Delayed 2 second(s)

2018-01-29 16:50:59 - [TEST_STEP][PASSED] - setText: Text '1970' is set on object 'Object Repository/Endorsement_OR/txtfield_HOME_BUILD_ENDORSEMENT_UW'

2018-01-29 16:50:59 - [MESSAGE][PASSED] - Text '1970' is set on object 'Object Repository/Endorsement_OR/txtfield_HOME_BUILD_ENDORSEMENT_UW'

2018-01-29 16:50:59 - [TEST_STEP][PASSED] - delay: Delayed 4 second(s)

2018-01-29 16:51:03 - [MESSAGE][PASSED] - Delayed 4 second(s)

2018-01-29 16:51:03 - [TEST_STEP][PASSED] - setText: Text '500000' is set on object 'Object Repository/Endorsement_OR/txtfield_EXIMATED_VALUATION_UW'

2018-01-29 16:51:03 - [MESSAGE][PASSED] - Text '500000' is set on object 'Object Repository/Endorsement_OR/txtfield_EXIMATED_VALUATION_UW'

2018-01-29 16:51:03 - [TEST_STEP][PASSED] - delay: Delayed 4 second(s)

2018-01-29 16:51:07 - [MESSAGE][PASSED] - Delayed 4 second(s)

2018-01-29 16:51:07 - [TEST_STEP][PASSED] - click: Object: 'Object Repository/Endorsement_OR/drp_CONSTRUCTION_TYPE_UW' is clicked on

2018-01-29 16:51:08 - [MESSAGE][PASSED] - Object: 'Object Repository/Endorsement_OR/drp_CONSTRUCTION_TYPE_UW' is clicked on

2018-01-29 16:51:08 - [TEST_STEP][PASSED] - selectOptionByIndex: All options with index in [3] are selected on object 'Object Repository/Endorsement_OR/drp_CONSTRUCTION_TYPE_UW'

2018-01-29 16:51:08 - [MESSAGE][PASSED] - All options with index in [3] are selected on object 'Object Repository/Endorsement_OR/drp_CONSTRUCTION_TYPE_UW'

2018-01-29 16:51:08 - [TEST_STEP][PASSED] - delay: Delayed 4 second(s)

2018-01-29 16:51:12 - [MESSAGE][PASSED] - Delayed 4 second(s)

2018-01-29 16:51:12 - [TEST_STEP][PASSED] - click: Object: 'Object Repository/Endorsement_OR/btn_UPDATE_ENDORSEMENT_PROPERTY_UW' is clicked on

2018-01-29 16:51:12 - [MESSAGE][PASSED] - Object: 'Object Repository/Endorsement_OR/btn_UPDATE_ENDORSEMENT_PROPERTY_UW' is clicked on

2018-01-29 16:51:12 - [TEST_STEP][PASSED] - delay: Delayed 4 second(s)

2018-01-29 16:51:16 - [MESSAGE][PASSED] - Delayed 4 second(s)

2018-01-29 16:51:16 - [TEST_STEP][PASSED] - click: Object: 'Object Repository/Endorsement_OR/btn_RECALCULATE_UW' is clicked on

2018-01-29 16:51:16 - [MESSAGE][PASSED] - Object: 'Object Repository/Endorsement_OR/btn_RECALCULATE_UW' is clicked on

2018-01-29 16:51:16 - [TEST_STEP][PASSED] - delay: Delayed 4 second(s)

2018-01-29 16:51:20 - [MESSAGE][PASSED] - Delayed 4 second(s)

2018-01-29 16:51:20 - [TEST_STEP][PASSED] - click: Object: 'Object Repository/Endorsement_OR/btn_GENERATE_FORMS_UW' is clicked on

2018-01-29 16:51:20 - [MESSAGE][PASSED] - Object: 'Object Repository/Endorsement_OR/btn_GENERATE_FORMS_UW' is clicked on

2018-01-29 16:51:20 - [TEST_STEP][PASSED] - delay: Delayed 4 second(s)

2018-01-29 16:51:24 - [MESSAGE][PASSED] - Delayed 4 second(s)

2018-01-29 16:51:24 - [TEST_STEP][PASSED] - click: Object: 'Object Repository/Endorsement_OR/btn_APPROVE_ENDORSEMENT' is clicked on

2018-01-29 16:51:25 - [MESSAGE][PASSED] - Object: 'Object Repository/Endorsement_OR/btn_APPROVE_ENDORSEMENT' is clicked on

2018-01-29 16:51:25 - [TEST_STEP][PASSED] - delay: Delayed 6 second(s)

2018-01-29 16:51:31 - [MESSAGE][PASSED] - Delayed 6 second(s)

2018-01-29 16:51:31 - [TEST_STEP][PASSED] - click: Object: 'Object Repository/Endorsement_OR/chkbx_HOMEOWNER_END_FORM' is clicked on

2018-01-29 16:51:31 - [MESSAGE][PASSED] - Object: 'Object Repository/Endorsement_OR/chkbx_HOMEOWNER_END_FORM' is clicked on

2018-01-29 16:51:31 - [TEST_STEP][PASSED] - delay: Delayed 4 second(s)

2018-01-29 16:51:35 - [MESSAGE][PASSED] - Delayed 4 second(s)

2018-01-29 16:51:35 - [TEST_STEP][PASSED] - click: Object: 'Object Repository/Endorsement_OR/chkbx_HOMEOWNER_END_FORM' is clicked on

2018-01-29 16:51:35 - [MESSAGE][PASSED] - Object: 'Object Repository/Endorsement_OR/chkbx_HOMEOWNER_END_FORM' is clicked on

2018-01-29 16:51:35 - [TEST_STEP][PASSED] - delay: Delayed 4 second(s)

2018-01-29 16:51:39 - [MESSAGE][PASSED] - Delayed 4 second(s)

2018-01-29 16:51:39 - [TEST_STEP][PASSED] - click: Object: 'Object Repository/Endorsement_OR/btn_FILLDATA_HOMEOWNER_END_FORM' is clicked on

2018-01-29 16:51:39 - [MESSAGE][PASSED] - Object: 'Object Repository/Endorsement_OR/btn_FILLDATA_HOMEOWNER_END_FORM' is clicked on

2018-01-29 16:51:39 - [TEST_STEP][PASSED] - delay: Delayed 10 second(s)

2018-01-29 16:51:49 - [MESSAGE][PASSED] - Delayed 10 second(s)

2018-01-29 16:51:49 - [TEST_STEP][PASSED] - setText: Text 'Testing' is set on object 'Object Repository/Endorsement_OR/txtfield_HOMEOWNER_END_FORM'

2018-01-29 16:51:49 - [MESSAGE][PASSED] - Text 'Testing' is set on object 'Object Repository/Endorsement_OR/txtfield_HOMEOWNER_END_FORM'

2018-01-29 16:51:49 - [TEST_STEP][PASSED] - delay: Delayed 4 second(s)

2018-01-29 16:51:53 - [MESSAGE][PASSED] - Delayed 4 second(s)

2018-01-29 16:51:53 - [TEST_STEP][PASSED] - click: Object: 'Object Repository/Endorsement_OR/btn_SUBMIT_HOMEOWNER_END_FORM' is clicked on

2018-01-29 16:51:53 - [MESSAGE][PASSED] - Object: 'Object Repository/Endorsement_OR/btn_SUBMIT_HOMEOWNER_END_FORM' is clicked on

2018-01-29 16:51:53 - [TEST_STEP][PASSED] - delay: Delayed 4 second(s)

2018-01-29 16:51:57 - [MESSAGE][PASSED] - Delayed 4 second(s)

2018-01-29 16:51:57 - [TEST_STEP][PASSED] - click: Object: 'Object Repository/Endorsement_OR/btn_VIEW_DRAFT_END' is clicked on

2018-01-29 16:51:57 - [MESSAGE][PASSED] - Object: 'Object Repository/Endorsement_OR/btn_VIEW_DRAFT_END' is clicked on

2018-01-29 16:51:57 - [TEST_STEP][PASSED] - delay: Delayed 4 second(s)

2018-01-29 16:52:01 - [MESSAGE][PASSED] - Delayed 4 second(s)

2018-01-29 16:52:01 - [TEST_STEP][PASSED] - click: Object: 'Object Repository/Endorsement_OR/btn_APPROVE_ENDORSEMENT' is clicked on

2018-01-29 16:52:02 - [MESSAGE][PASSED] - Object: 'Object Repository/Endorsement_OR/btn_APPROVE_ENDORSEMENT' is clicked on

2018-01-29 16:52:02 - [TEST_STEP][PASSED] - Statement - wait2 = new org.openqa.selenium.support.ui.WebDriverWait(com.kms.katalon.core.webui.keyword.WebUiBuiltInKeywords, 30): null]]></system-out>
         <system-err><![CDATA[2018-01-29 16:48:58 - [TEST_CASE][ERROR] - Test Cases/ENDORSEMENT_CREATION: Test Cases/ENDORSEMENT_CREATION FAILED because (of) groovy.lang.GroovyRuntimeException: Could not find matching constructor for: org.openqa.selenium.support.ui.WebDriverWait(java.lang.Class, java.lang.Integer)]]></system-err>
      </testcase>
      <testcase name="Test Cases/AGENT_ENDORSEMENT_REQUEST" classname="Test Cases/AGENT_ENDORSEMENT_REQUEST" status="FAILED">
         <failure type="FAILED" message="Unable to set text 'ih.chelms' of object 'Object Repository/Quote_OR/txtfield_USERNAME' (Root cause: com.kms.katalon.core.webui.exception.WebElementNotFoundException: Web element with id: 'Object Repository/Quote_OR/txtfield_USERNAME' located by 'By.xpath: //*[@id=&quot;txtUserName&quot;]' not found)"/>
         <system-out><![CDATA[2018-01-29 16:52:02 - [TEST_CASE][FAILED] - Test Cases/AGENT_ENDORSEMENT_REQUEST: Test Cases/AGENT_ENDORSEMENT_REQUEST FAILED because (of) Unable to set text 'ih.chelms' of object 'Object Repository/Quote_OR/txtfield_USERNAME' (Root cause: com.kms.katalon.core.webui.exception.WebElementNotFoundException: Web element with id: 'Object Repository/Quote_OR/txtfield_USERNAME' located by 'By.xpath: //*[@id="txtUserName"]' not found)

2018-01-29 16:52:02 - [TEST_STEP][FAILED] - setText: Unable to set text 'ih.chelms' of object 'Object Repository/Quote_OR/txtfield_USERNAME' (Root cause: com.kms.katalon.core.webui.exception.WebElementNotFoundException: Web element with id: 'Object Repository/Quote_OR/txtfield_USERNAME' located by 'By.xpath: //*[@id="txtUserName"]' not found)

2018-01-29 16:52:34 - [MESSAGE][FAILED] - Unable to set text 'ih.chelms' of object 'Object Repository/Quote_OR/txtfield_USERNAME' (Root cause: com.kms.katalon.core.webui.exception.WebElementNotFoundException: Web element with id: 'Object Repository/Quote_OR/txtfield_USERNAME' located by 'By.xpath: //*[@id="txtUserName"]' not found)
[[ATTACHMENT|D:\\Katalon_Practice_Workspace\\Katalon_Mitendra\\Reports\\PPE\\20180129_164102\\1517224953901.png]]]]></system-out>
         <system-err><![CDATA[2018-01-29 16:52:02 - [TEST_CASE][FAILED] - Test Cases/AGENT_ENDORSEMENT_REQUEST: Test Cases/AGENT_ENDORSEMENT_REQUEST FAILED because (of) Unable to set text 'ih.chelms' of object 'Object Repository/Quote_OR/txtfield_USERNAME' (Root cause: com.kms.katalon.core.webui.exception.WebElementNotFoundException: Web element with id: 'Object Repository/Quote_OR/txtfield_USERNAME' located by 'By.xpath: //*[@id="txtUserName"]' not found)]]></system-err>
      </testcase>
      <system-out><![CDATA[2018-01-29 16:41:03 - [TEST_SUITE][ERROR] - PPE: Test Cases/ENDORSEMENT_CREATION FAILED because (of) groovy.lang.GroovyRuntimeException: Could not find matching constructor for: org.openqa.selenium.support.ui.WebDriverWait(java.lang.Class, java.lang.Integer)]]></system-out>
      <system-err><![CDATA[2018-01-29 16:41:03 - [TEST_SUITE][ERROR] - PPE: Test Cases/ENDORSEMENT_CREATION FAILED because (of) groovy.lang.GroovyRuntimeException: Could not find matching constructor for: org.openqa.selenium.support.ui.WebDriverWait(java.lang.Class, java.lang.Integer)]]></system-err>
   </testsuite>
</testsuites>
