<?xml version="1.0" encoding="UTF-8"?>
<testsuites name="PPE" time="900" tests="3" failures="0" errors="0">
   <testsuite name="PPE" tests="3" failures="0" errors="0" time="900" timestamp="2018-02-12 19:11:07" hostname="gsalunkhe - CTS-QUA-4.cogitate.india" id="Test Suites/PPE">
      <properties>
         <property name="deviceName" value=""/>
         <property name="devicePlatform" value=""/>
         <property name="logFolder" value="D:\\Katalon_Practice_Workspace\\Katalon_PPE_GANESH\\Reports\\PPE\\20180212_191105"/>
         <property name="logFiles" value="D:\\Katalon_Practice_Workspace\\Katalon_PPE_GANESH\\Reports\\PPE\\20180212_191105\\execution0.log"/>
         <property name="attachments" value=""/>
         <property name="hostName" value="gsalunkhe - CTS-QUA-4.cogitate.india"/>
         <property name="os" value="Windows 7 64bit"/>
         <property name="katalonVersion" value="5.0.1.1"/>
         <property name="browser" value="Chrome 63.0.3239.132"/>
         <property name="hostAddress" value="192.168.0.4"/>
         <property name="sessionId" value="0f9695c2b5ffc3fa6f9f9dd3dcb391b9"/>
         <property name="seleniumVersion" value="2.53.0"/>
         <property name="proxyInformation" value="ProxyInformation{proxyOption=NO_PROXY, proxyServerType=, password=, proxyServerAddress=, proxyServerPort=0}"/>
         <property name="platform" value="Windows 7"/>
      </properties>
      <testcase name="Test Cases/QUOTE_CREATION" classname="Test Cases/QUOTE_CREATION" status="PASSED">
         <system-out><![CDATA[2018-02-12 19:11:07 - [TEST_CASE][PASSED] - Test Cases/QUOTE_CREATION: Test Cases/QUOTE_CREATION

2018-02-12 19:11:08 - [TEST_STEP][PASSED] - Statement - propertyDataRowCounter = 0: null

2018-02-12 19:11:08 - [TEST_STEP][PASSED] - Statement - configDataRowCounter = 0: null

2018-02-12 19:11:08 - [TEST_STEP][PASSED] - Statement - genericDATA = com.kms.katalon.core.testdata.TestDataFactory.findTestData(PPE_Config_File): Test data is internal data, reading internal data

2018-02-12 19:11:08 - [TEST_STEP][PASSED] - Statement - propertyDATA = com.kms.katalon.core.testdata.TestDataFactory.findTestData(PPEPROPERTYDATA): Test data is internal data, reading internal data

2018-02-12 19:11:08 - [TEST_STEP][PASSED] - com.PPE.url_Navigation.gotoURL: com.PPE.url_Navigation.gotoURL is PASSED

2018-02-12 19:11:15 - [MESSAGE][PASSED] - Browser is opened with url: 'http://test.cogitate.us/PPE.Test/'

2018-02-12 19:11:15 - [MESSAGE][PASSED] - Wait for page load successfully

2018-02-12 19:11:16 - [MESSAGE][PASSED] - Current window maximized

2018-02-12 19:11:16 - [MESSAGE][PASSED] - com.PPE.url_Navigation.gotoURL is PASSED

2018-02-12 19:11:16 - [TEST_STEP][PASSED] - com.PPE.IncorrectLogin.login: com.PPE.IncorrectLogin.login is PASSED

2018-02-12 19:11:16 - [MESSAGE][PASSED] - Text '125634' is set on object 'Object Repository/Quote_OR/txtfield_USERNAME'

2018-02-12 19:11:16 - [MESSAGE][PASSED] - Text '10#Hammer' is set on object 'Object Repository/Quote_OR/txtfield_PASSWORD'

2018-02-12 19:11:17 - [MESSAGE][PASSED] - Object: 'Object Repository/Quote_OR/btn-LOGIN' is clicked on

2018-02-12 19:11:23 - [MESSAGE][PASSED] - Delayed 6 second(s)

2018-02-12 19:11:24 - [MESSAGE][PASSED] - Text 'ih.chelms' is set on object 'Object Repository/Quote_OR/txtfield_USERNAME'

2018-02-12 19:11:24 - [MESSAGE][PASSED] - Text '123456' is set on object 'Object Repository/Quote_OR/txtfield_PASSWORD'

2018-02-12 19:11:24 - [MESSAGE][PASSED] - Object: 'Object Repository/Quote_OR/btn-LOGIN' is clicked on

2018-02-12 19:11:30 - [MESSAGE][PASSED] - Delayed 6 second(s)

2018-02-12 19:11:30 - [MESSAGE][PASSED] - Text 'ih.jbutler' is set on object 'Object Repository/Quote_OR/txtfield_USERNAME'

2018-02-12 19:11:31 - [MESSAGE][PASSED] - Text '123456' is set on object 'Object Repository/Quote_OR/txtfield_PASSWORD'

2018-02-12 19:11:31 - [MESSAGE][PASSED] - Object: 'Object Repository/Quote_OR/btn-LOGIN' is clicked on

2018-02-12 19:11:37 - [MESSAGE][PASSED] - Delayed 6 second(s)

2018-02-12 19:11:38 - [MESSAGE][PASSED] - Text 'Ganesh' is set on object 'Object Repository/Quote_OR/txtfield_USERNAME'

2018-02-12 19:11:38 - [MESSAGE][PASSED] - Text 'Salunkhe' is set on object 'Object Repository/Quote_OR/txtfield_PASSWORD'

2018-02-12 19:11:38 - [MESSAGE][PASSED] - Object: 'Object Repository/Quote_OR/btn-LOGIN' is clicked on

2018-02-12 19:11:44 - [MESSAGE][PASSED] - Delayed 6 second(s)

2018-02-12 19:11:45 - [MESSAGE][PASSED] - Text 'ih.william' is set on object 'Object Repository/Quote_OR/txtfield_USERNAME'

2018-02-12 19:11:45 - [MESSAGE][PASSED] - Text 'ih.chelms' is set on object 'Object Repository/Quote_OR/txtfield_PASSWORD'

2018-02-12 19:11:45 - [MESSAGE][PASSED] - Object: 'Object Repository/Quote_OR/btn-LOGIN' is clicked on

2018-02-12 19:11:51 - [MESSAGE][PASSED] - Delayed 6 second(s)

2018-02-12 19:11:51 - [MESSAGE][PASSED] - com.PPE.IncorrectLogin.login is PASSED

2018-02-12 19:11:51 - [TEST_STEP][PASSED] - com.PPE.Login.correctlogin: com.PPE.Login.correctlogin is PASSED

2018-02-12 19:11:52 - [MESSAGE][PASSED] - Text 'ih.chelms' is set on object 'Object Repository/Quote_OR/txtfield_USERNAME'

2018-02-12 19:11:52 - [MESSAGE][PASSED] - Text '10#Hammer' is set on object 'Object Repository/Quote_OR/txtfield_PASSWORD'

2018-02-12 19:11:54 - [MESSAGE][PASSED] - Object: 'Object Repository/Quote_OR/btn-LOGIN' is clicked on

2018-02-12 19:11:54 - [MESSAGE][PASSED] - com.PPE.Login.correctlogin is PASSED

2018-02-12 19:11:54 - [TEST_STEP][PASSED] - Statement - If (genericDATA.internallyGetValue("STATE", configDataRowCounter) == "GA"): Text '1002 Martin St SE Atlanta, GA 30315 USA' is set on object 'Object Repository/Quote_OR/txtfield_ADDRESS_ON_LANDING_PAGE'

2018-02-12 19:11:54 - [TEST_STEP][PASSED] - setText: Text '1002 Martin St SE Atlanta, GA 30315 USA' is set on object 'Object Repository/Quote_OR/txtfield_ADDRESS_ON_LANDING_PAGE'

2018-02-12 19:11:55 - [MESSAGE][PASSED] - Text '1002 Martin St SE Atlanta, GA 30315 USA' is set on object 'Object Repository/Quote_OR/txtfield_ADDRESS_ON_LANDING_PAGE'

2018-02-12 19:11:55 - [TEST_STEP][PASSED] - click: Object: 'Object Repository/Quote_OR/btn_SEARCH_ADDRESS' is clicked on

2018-02-12 19:12:01 - [MESSAGE][PASSED] - Object: 'Object Repository/Quote_OR/btn_SEARCH_ADDRESS' is clicked on

2018-02-12 19:12:01 - [TEST_STEP][PASSED] - waitForPageLoad: Wait for page load successfully

2018-02-12 19:12:01 - [MESSAGE][PASSED] - Wait for page load successfully

2018-02-12 19:12:01 - [TEST_STEP][PASSED] - com.PPE.QuotePropertyDataSelection.QuoteCreation: com.PPE.QuotePropertyDataSelection.QuoteCreation is PASSED

2018-02-12 19:12:01 - [MESSAGE][PASSED] - All options with index in [1] are selected on object 'Object Repository/Quote_OR/drp_PROPERTY_TYPE'

2018-02-12 19:12:01 - [MESSAGE][PASSED] - Text '' is set on object 'Object Repository/Quote_OR/txtfield_HOME_VALUATION'

2018-02-12 19:12:02 - [MESSAGE][PASSED] - Object: 'Object Repository/Quote_OR/btn_GETQUOTE' is clicked on

2018-02-12 19:12:02 - [MESSAGE][PASSED] - All options with index in [2] are selected on object 'Object Repository/Quote_OR/drp_CONSTRUCTION_TYPE'

2018-02-12 19:12:02 - [MESSAGE][PASSED] - Text '75000' is set on object 'Object Repository/Quote_OR/txtfield_HOME_VALUATION'

2018-02-12 19:12:04 - [MESSAGE][PASSED] - Delayed 2 second(s)

2018-02-12 19:12:04 - [MESSAGE][PASSED] - Text '' is set on object 'Object Repository/Quote_OR/txtbx_YEARHOMEBUILD'

2018-02-12 19:12:04 - [MESSAGE][PASSED] - Object: 'Object Repository/Quote_OR/btn_GETQUOTE' is clicked on

2018-02-12 19:12:05 - [MESSAGE][PASSED] - Text '1968' is set on object 'Object Repository/Quote_OR/txtbx_YEARHOMEBUILD'

2018-02-12 19:12:05 - [MESSAGE][PASSED] - Object: 'Object Repository/Quote_OR/btn_GETQUOTE' is clicked on

2018-02-12 19:12:09 - [MESSAGE][PASSED] - Delayed 4 second(s)

2018-02-12 19:12:09 - [MESSAGE][PASSED] - Object: 'Object Repository/Quote_OR/btn_SENDQUOTE' is clicked on

2018-02-12 19:12:10 - [MESSAGE][PASSED] - Delayed 1 second(s)

2018-02-12 19:12:10 - [MESSAGE][PASSED] - Object: 'Object Repository/Quote_OR/btn_SEND_QUOTE_DETAILS' is clicked on

2018-02-12 19:12:11 - [MESSAGE][PASSED] - Delayed 1 second(s)

2018-02-12 19:12:11 - [MESSAGE][PASSED] - Text 'Nitin' is set on object 'Object Repository/Quote_OR/txtfield_SENDQUOTE_FIRSTNAME'

2018-02-12 19:12:12 - [MESSAGE][PASSED] - Text 'Pattinson' is set on object 'Object Repository/Quote_OR/txtfield_SENDQUOTE_LASTNAME'

2018-02-12 19:12:15 - [MESSAGE][PASSED] - Delayed 3 second(s)

2018-02-12 19:12:15 - [MESSAGE][PASSED] - Text '9768180080' is set on object 'Object Repository/Quote_OR/txtfield_SENDQUOTE_CONTACTNUMBER'

2018-02-12 19:12:18 - [MESSAGE][PASSED] - Delayed 3 second(s)

2018-02-12 19:12:18 - [MESSAGE][PASSED] - Text 'gsalunkhe@cogitate.us' is set on object 'Object Repository/Quote_OR/txtfield_SENDQUOTE_EMAIL'

2018-02-12 19:12:22 - [MESSAGE][PASSED] - Delayed 4 second(s)

2018-02-12 19:12:23 - [MESSAGE][PASSED] - Object: 'Object Repository/Quote_OR/btn_SEND_QUOTE_DETAILS' is clicked on

2018-02-12 19:12:27 - [MESSAGE][PASSED] - Delayed 4 second(s)

2018-02-12 19:12:27 - [MESSAGE][PASSED] - All options with index in [1] are selected on object 'Object Repository/Quote_OR/drp_CONSTRUCTION_TYPE'

2018-02-12 19:12:35 - [MESSAGE][PASSED] - Delayed 8 second(s)

2018-02-12 19:12:35 - [MESSAGE][PASSED] - Object: 'Object Repository/Quote_OR/btn_RECALCULATE_PREMIUM' is clicked on

2018-02-12 19:12:35 - [MESSAGE][PASSED] - com.PPE.QuotePropertyDataSelection.QuoteCreation is PASSED]]></system-out>
         <system-err><![CDATA[]]></system-err>
      </testcase>
      <testcase name="Test Cases/APPLICATION_CREATION" classname="Test Cases/APPLICATION_CREATION" status="PASSED">
         <system-out><![CDATA[2018-02-12 19:12:35 - [TEST_CASE][PASSED] - Test Cases/APPLICATION_CREATION: Test Cases/APPLICATION_CREATION

2018-02-12 19:12:35 - [TEST_STEP][PASSED] - Statement - propertyDataRowCounter = 0: null

2018-02-12 19:12:35 - [TEST_STEP][PASSED] - Statement - configDataRowCounter = 0: null

2018-02-12 19:12:35 - [TEST_STEP][PASSED] - Statement - genericDATA = com.kms.katalon.core.testdata.TestDataFactory.findTestData(PPE_Config_File): Test data is internal data, reading internal data

2018-02-12 19:12:35 - [TEST_STEP][PASSED] - Statement - propertyDATA = com.kms.katalon.core.testdata.TestDataFactory.findTestData(PPEPROPERTYDATA): Test data is internal data, reading internal data

2018-02-12 19:12:35 - [TEST_STEP][PASSED] - Statement - Address = com.kms.katalon.core.testobject.ObjectRepository.findTestObject(Endorsement_OR/get_Address): Finding Test Object with id 'Object Repository/Endorsement_OR/get_Address'

2018-02-12 19:12:35 - [TEST_STEP][PASSED] - Statement - propertyaddress = com.kms.katalon.core.webui.keyword.WebUiBuiltInKeywords.getAttribute(Address, "value"): Attribute 'value' of object 'Object Repository/Endorsement_OR/get_Address' is: '1002 Martin St SE, Atlanta, GA 30315, USA'

2018-02-12 19:12:35 - [MESSAGE][PASSED] - Attribute 'value' of object 'Object Repository/Endorsement_OR/get_Address' is: '1002 Martin St SE, Atlanta, GA 30315, USA'

2018-02-12 19:12:35 - [TEST_STEP][PASSED] - Statement - println(propertyaddress): null

2018-02-12 19:12:35 - [TEST_STEP][PASSED] - Statement - propertyaddress = propertyaddress: null

2018-02-12 19:12:35 - [TEST_STEP][PASSED] - com.PPE.Saving_PolicyHolderInfo_Page.PolicyHolderPage: com.PPE.Saving_PolicyHolderInfo_Page.PolicyHolderPage is PASSED

2018-02-12 19:12:39 - [MESSAGE][PASSED] - Delayed 4 second(s)

2018-02-12 19:12:40 - [MESSAGE][PASSED] - Object: 'Object Repository/Application_OR/btn_TOAPPLICATION' is clicked on

2018-02-12 19:12:44 - [MESSAGE][PASSED] - Delayed 4 second(s)

2018-02-12 19:12:44 - [MESSAGE][PASSED] - Object: 'Object Repository/Application_OR/btn-YES_IS_BNESS_PREMISES' is clicked on

2018-02-12 19:12:46 - [MESSAGE][PASSED] - Delayed 2 second(s)

2018-02-12 19:12:46 - [MESSAGE][PASSED] - Object: 'Object Repository/Application_OR/btn-YES_FOOT_TRAFFIC' is clicked on

2018-02-12 19:12:48 - [MESSAGE][PASSED] - Delayed 2 second(s)

2018-02-12 19:12:49 - [MESSAGE][PASSED] - Text '11' is set on object 'Object Repository/Application_OR/txtfield-Traffic_Percentage'

2018-02-12 19:12:52 - [MESSAGE][PASSED] - Delayed 3 second(s)

2018-02-12 19:12:52 - [MESSAGE][PASSED] - Object: 'Object Repository/Application_OR/btn_CONTINUE_UW_QUESTIONS' is clicked on

2018-02-12 19:12:55 - [MESSAGE][PASSED] - Delayed 3 second(s)

2018-02-12 19:12:55 - [MESSAGE][PASSED] - Text '10' is set on object 'Object Repository/Application_OR/txtfield-Traffic_Percentage'

2018-02-12 19:12:59 - [MESSAGE][PASSED] - Delayed 4 second(s)

2018-02-12 19:12:59 - [MESSAGE][PASSED] - Object: 'Object Repository/Application_OR/btn_CONTINUE_UW_QUESTIONS' is clicked on

2018-02-12 19:13:02 - [MESSAGE][PASSED] - Delayed 3 second(s)

2018-02-12 19:13:02 - [MESSAGE][PASSED] - Object: 'Object Repository/Application_OR/txtfield_INSURED_FIRSTNAME' is clicked on

2018-02-12 19:13:02 - [MESSAGE][PASSED] - Text '' is set on object 'Object Repository/Application_OR/txtfield_INSURED_FIRSTNAME'

2018-02-12 19:13:03 - [MESSAGE][PASSED] - Text 'David' is set on object 'Object Repository/Application_OR/txtfield_INSURED_FIRSTNAME'

2018-02-12 19:13:03 - [MESSAGE][PASSED] - Text '' is set on object 'Object Repository/Application_OR/txtfield_INSURED_MIDDLENAME'

2018-02-12 19:13:03 - [MESSAGE][PASSED] - Text 'Faf' is set on object 'Object Repository/Application_OR/txtfield_INSURED_MIDDLENAME'

2018-02-12 19:13:03 - [MESSAGE][PASSED] - Text '' is set on object 'Object Repository/Application_OR/txtfield_INSURED_LASTNAME'

2018-02-12 19:13:03 - [MESSAGE][PASSED] - Text 'Duminy' is set on object 'Object Repository/Application_OR/txtfield_INSURED_LASTNAME'

2018-02-12 19:13:03 - [MESSAGE][PASSED] - Text '09/10/1999' is set on object 'Object Repository/Application_OR/txtfield_INSURED_DOB'

2018-02-12 19:13:08 - [MESSAGE][PASSED] - Delayed 5 second(s)

2018-02-12 19:13:08 - [MESSAGE][PASSED] - Text 'gsalunkhe@cogitate.us' is set on object 'Object Repository/Application_OR/txtfield_INSURED_EMAIL'

2018-02-12 19:13:13 - [MESSAGE][PASSED] - Delayed 5 second(s)

2018-02-12 19:13:14 - [MESSAGE][PASSED] - Text '9768180080' is set on object 'Object Repository/Application_OR/txtfield_INSURED_CONTACTNUMBER'

2018-02-12 19:13:19 - [MESSAGE][PASSED] - Delayed 5 second(s)

2018-02-12 19:13:19 - [MESSAGE][PASSED] - Attribute 'value' of object 'Object Repository/Generic_OR/hdnPolicyInfoId' is: '3174'

2018-02-12 19:13:19 - [MESSAGE][PASSED] - Object: 'Object Repository/Application_OR/btn_POLICYHOLDER_SAVEANDCONTINUE' is clicked on

2018-02-12 19:13:20 - [MESSAGE][PASSED] - Delayed 1 second(s)

2018-02-12 19:13:20 - [MESSAGE][PASSED] - com.PPE.Saving_PolicyHolderInfo_Page.PolicyHolderPage is PASSED

2018-02-12 19:13:20 - [TEST_STEP][PASSED] - com.PPE.Saving_PropertyInfo_Page.PropertyPage: com.PPE.Saving_PropertyInfo_Page.PropertyPage is PASSED

2018-02-12 19:13:26 - [MESSAGE][PASSED] - Object: 'Object Repository/Application_OR/drp_ROOFTYPE_PROPERTYPAGE' is clicked on

2018-02-12 19:13:29 - [MESSAGE][PASSED] - Delayed 3 second(s)

2018-02-12 19:13:29 - [MESSAGE][PASSED] - All options with index in [1] are selected on object 'Object Repository/Application_OR/drp_ROOFTYPE_PROPERTYPAGE'

2018-02-12 19:13:31 - [MESSAGE][PASSED] - Delayed 2 second(s)

2018-02-12 19:13:32 - [MESSAGE][PASSED] - All options with index in [3] are selected on object 'Object Repository/Application_OR/drp_FOUNDATIONTYPE_PROPERTYPAGE'

2018-02-12 19:13:34 - [MESSAGE][PASSED] - Delayed 2 second(s)

2018-02-12 19:13:34 - [MESSAGE][PASSED] - All options with index in [7] are selected on object 'Object Repository/Application_OR/drp_HEATINGTYPE_PROPERTYPAGE'

2018-02-12 19:13:39 - [MESSAGE][PASSED] - Delayed 5 second(s)

2018-02-12 19:13:44 - [MESSAGE][PASSED] - Object: 'Object Repository/Application_OR/btn_OCCUPANYPAGE_SAVEANDCONTINUE' is clicked on

2018-02-12 19:13:48 - [MESSAGE][PASSED] - Delayed 4 second(s)

2018-02-12 19:13:53 - [MESSAGE][PASSED] - Object: 'Object Repository/Application_OR/btn_YES_ROOFAGE_POPUP' is clicked on

2018-02-12 19:13:57 - [MESSAGE][PASSED] - Delayed 4 second(s)

2018-02-12 19:14:02 - [MESSAGE][PASSED] - Object: 'Object Repository/Application_OR/btn_YES_ELECTRICALAGE_POPUP' is clicked on

2018-02-12 19:14:06 - [MESSAGE][PASSED] - Delayed 4 second(s)

2018-02-12 19:14:11 - [MESSAGE][PASSED] - Object: 'Object Repository/Application_OR/btn_YES_ELECTRICALAGE_POPUP' is clicked on

2018-02-12 19:14:16 - [MESSAGE][PASSED] - Delayed 5 second(s)

2018-02-12 19:14:16 - [MESSAGE][PASSED] - com.PPE.Saving_PropertyInfo_Page.PropertyPage is PASSED

2018-02-12 19:14:16 - [TEST_STEP][PASSED] - com.PPE.Policy_Creation.ApplicationBind: com.PPE.Policy_Creation.ApplicationBind is PASSED

2018-02-12 19:14:22 - [MESSAGE][PASSED] - Object: 'Object Repository/Application_OR/btn_OCCUPANYPAGE_SAVEANDCONTINUE' is clicked on

2018-02-12 19:14:27 - [MESSAGE][PASSED] - Delayed 5 second(s)

2018-02-12 19:14:33 - [MESSAGE][PASSED] - Object 'Object Repository/Application_OR/chkbx_AGREEMENT' is checked

2018-02-12 19:14:43 - [MESSAGE][PASSED] - Delayed 10 second(s)

2018-02-12 19:14:48 - [MESSAGE][PASSED] - Object: 'Object Repository/Application_OR/btn_OCCUPANYPAGE_SAVEANDCONTINUE' is clicked on

2018-02-12 19:14:53 - [MESSAGE][PASSED] - Delayed 5 second(s)

2018-02-12 19:14:55 - [MESSAGE][PASSED] - Object: 'Object Repository/Application_OR/btn_SIGNAPPLICATION_AGENT' is clicked on

2018-02-12 19:15:00 - [MESSAGE][PASSED] - Delayed 5 second(s)

2018-02-12 19:15:00 - [MESSAGE][PASSED] - Text of object 'Object Repository/Application_OR/get_INSUREDNAME_APPLICATION FORMSUMMARY' is: 'David Faf Duminy'

2018-02-12 19:15:05 - [MESSAGE][PASSED] - Object: 'Object Repository/Application_OR/btn_INSURED_SIGNATURE' is clicked on

2018-02-12 19:15:11 - [MESSAGE][PASSED] - Delayed 5 second(s)

2018-02-12 19:15:16 - [MESSAGE][PASSED] - Object: 'Object Repository/Application_OR/txtbx_INSURED_SIGNATURE' is clicked on

2018-02-12 19:15:21 - [MESSAGE][PASSED] - Delayed 5 second(s)

2018-02-12 19:15:21 - [MESSAGE][PASSED] - Text 'David Faf Duminy' is set on object 'Object Repository/Application_OR/txtbx_INSURED_SIGNATURE'

2018-02-12 19:15:26 - [MESSAGE][PASSED] - Object: 'Object Repository/Application_OR/btn_SUBMIT_INSURED_SIGNATURE' is clicked on

2018-02-12 19:15:26 - [MESSAGE][PASSED] - com.PPE.Policy_Creation.ApplicationBind is PASSED

2018-02-12 19:15:26 - [TEST_STEP][PASSED] - Statement - otpQuery = "SELECT TOP 1 OtpGenerated FROM PPE_ApplicationForms_trn where PolicyInfoId = " + policyInfoId + " Order BY ModifiedDateTime DESC": null

2018-02-12 19:15:26 - [TEST_STEP][PASSED] - Statement - println("otpQuery" + " " + otpQuery): null

2018-02-12 19:15:26 - [TEST_STEP][PASSED] - com.PPE.Database_Connection.connectDB: com.PPE.Database_Connection.connectDB is PASSED

2018-02-12 19:15:27 - [MESSAGE][PASSED] - com.PPE.Database_Connection.connectDB is PASSED

2018-02-12 19:15:27 - [TEST_STEP][PASSED] - Statement - recordset = CustomKeywords.com.PPE.Database_Connection.executeQuery(otpQuery): com.PPE.Database_Connection.executeQuery is PASSED

2018-02-12 19:15:28 - [MESSAGE][PASSED] - com.PPE.Database_Connection.executeQuery is PASSED

2018-02-12 19:15:28 - [TEST_STEP][PASSED] - Statement - otp = 0: null

2018-02-12 19:15:28 - [TEST_STEP][PASSED] - Statement - While (recordset.next()): null

2018-02-12 19:15:28 - [TEST_STEP][PASSED] - Statement - otp = recordset.getObject("OtpGenerated"): null

2018-02-12 19:15:28 - [TEST_STEP][PASSED] - Statement - println("otp" + " " + otp): null

2018-02-12 19:15:28 - [TEST_STEP][PASSED] - delay: Delayed 10 second(s)

2018-02-12 19:15:38 - [MESSAGE][PASSED] - Delayed 10 second(s)

2018-02-12 19:15:38 - [TEST_STEP][PASSED] - Statement - txtOtp = com.kms.katalon.core.testobject.ObjectRepository.findTestObject(Application_OR/txtfield-OTP): Finding Test Object with id 'Object Repository/Application_OR/txtfield-OTP'

2018-02-12 19:15:38 - [TEST_STEP][PASSED] - setText: Text '1131' is set on object 'Object Repository/Application_OR/txtfield-OTP'

2018-02-12 19:15:38 - [MESSAGE][PASSED] - Text '1131' is set on object 'Object Repository/Application_OR/txtfield-OTP'

2018-02-12 19:15:38 - [TEST_STEP][PASSED] - delay: Delayed 1 second(s)

2018-02-12 19:15:39 - [MESSAGE][PASSED] - Delayed 1 second(s)

2018-02-12 19:15:39 - [TEST_STEP][PASSED] - click: Object: 'Object Repository/Application_OR/btn_OTP_VERIFY' is clicked on

2018-02-12 19:15:44 - [MESSAGE][PASSED] - Object: 'Object Repository/Application_OR/btn_OTP_VERIFY' is clicked on

2018-02-12 19:15:44 - [TEST_STEP][PASSED] - delay: Delayed 5 second(s)

2018-02-12 19:15:49 - [MESSAGE][PASSED] - Delayed 5 second(s)

2018-02-12 19:15:49 - [TEST_STEP][PASSED] - click: Object: 'Object Repository/Application_OR/btn_AGENT_SIGNATURE' is clicked on

2018-02-12 19:15:54 - [MESSAGE][PASSED] - Object: 'Object Repository/Application_OR/btn_AGENT_SIGNATURE' is clicked on

2018-02-12 19:15:54 - [TEST_STEP][PASSED] - delay: Delayed 2 second(s)

2018-02-12 19:15:56 - [MESSAGE][PASSED] - Delayed 2 second(s)

2018-02-12 19:15:56 - [TEST_STEP][PASSED] - click: Object: 'Object Repository/Application_OR/txtbx_AGENT_SIGNATURE' is clicked on

2018-02-12 19:16:01 - [MESSAGE][PASSED] - Object: 'Object Repository/Application_OR/txtbx_AGENT_SIGNATURE' is clicked on

2018-02-12 19:16:01 - [TEST_STEP][PASSED] - delay: Delayed 2 second(s)

2018-02-12 19:16:03 - [MESSAGE][PASSED] - Delayed 2 second(s)

2018-02-12 19:16:03 - [TEST_STEP][PASSED] - Statement - If (genericDATA.internallyGetValue("STATE", configDataRowCounter) == "GA"): Text 'Clement Helms' is set on object 'Object Repository/Application_OR/txtbx_AGENT_SIGNATURE'

2018-02-12 19:16:03 - [TEST_STEP][PASSED] - setText: Text 'Clement Helms' is set on object 'Object Repository/Application_OR/txtbx_AGENT_SIGNATURE'

2018-02-12 19:16:03 - [MESSAGE][PASSED] - Text 'Clement Helms' is set on object 'Object Repository/Application_OR/txtbx_AGENT_SIGNATURE'

2018-02-12 19:16:03 - [TEST_STEP][PASSED] - click: Object: 'Object Repository/Application_OR/btn_SUBMIT_AGENT_SIGNATURE' is clicked on

2018-02-12 19:16:09 - [MESSAGE][PASSED] - Object: 'Object Repository/Application_OR/btn_SUBMIT_AGENT_SIGNATURE' is clicked on

2018-02-12 19:16:09 - [TEST_STEP][PASSED] - delay: Delayed 5 second(s)

2018-02-12 19:16:14 - [MESSAGE][PASSED] - Delayed 5 second(s)

2018-02-12 19:16:14 - [TEST_STEP][PASSED] - click: Object: 'Object Repository/Application_OR/btn_SURPLUSLINE_ACK' is clicked on

2018-02-12 19:16:19 - [MESSAGE][PASSED] - Object: 'Object Repository/Application_OR/btn_SURPLUSLINE_ACK' is clicked on

2018-02-12 19:16:19 - [TEST_STEP][PASSED] - delay: Delayed 5 second(s)

2018-02-12 19:16:24 - [MESSAGE][PASSED] - Delayed 5 second(s)

2018-02-12 19:16:24 - [TEST_STEP][PASSED] - Statement - If (genericDATA.internallyGetValue("STATE", configDataRowCounter) == "GA"): Object: 'Object Repository/Application_OR/btn_SUBMIT_SURPLUSLINE' is clicked on

2018-02-12 19:16:24 - [TEST_STEP][PASSED] - click: Object: 'Object Repository/Application_OR/txtfield_SURPLUSLINE_FORM_TEXT' is clicked on

2018-02-12 19:16:25 - [MESSAGE][PASSED] - Object: 'Object Repository/Application_OR/txtfield_SURPLUSLINE_FORM_TEXT' is clicked on

2018-02-12 19:16:25 - [TEST_STEP][PASSED] - delay: Delayed 2 second(s)

2018-02-12 19:16:27 - [MESSAGE][PASSED] - Delayed 2 second(s)

2018-02-12 19:16:27 - [TEST_STEP][PASSED] - setText: Text 'Testing' is set on object 'Object Repository/Application_OR/txtfield_SURPLUSLINE_FORM_TEXT'

2018-02-12 19:16:27 - [MESSAGE][PASSED] - Text 'Testing' is set on object 'Object Repository/Application_OR/txtfield_SURPLUSLINE_FORM_TEXT'

2018-02-12 19:16:27 - [TEST_STEP][PASSED] - delay: Delayed 2 second(s)

2018-02-12 19:16:29 - [MESSAGE][PASSED] - Delayed 2 second(s)

2018-02-12 19:16:29 - [TEST_STEP][PASSED] - click: Object: 'Object Repository/Application_OR/btn_SUBMIT_SURPLUSLINE' is clicked on

2018-02-12 19:16:29 - [MESSAGE][PASSED] - Object: 'Object Repository/Application_OR/btn_SUBMIT_SURPLUSLINE' is clicked on

2018-02-12 19:16:29 - [TEST_STEP][PASSED] - delay: Delayed 5 second(s)

2018-02-12 19:16:34 - [MESSAGE][PASSED] - Delayed 5 second(s)

2018-02-12 19:16:34 - [TEST_STEP][PASSED] - click: Object: 'Object Repository/Application_OR/btn_SUBMIT_FOR_UW_APPROVAL' is clicked on

2018-02-12 19:16:35 - [MESSAGE][PASSED] - Object: 'Object Repository/Application_OR/btn_SUBMIT_FOR_UW_APPROVAL' is clicked on

2018-02-12 19:16:35 - [TEST_STEP][PASSED] - delay: Delayed 8 second(s)

2018-02-12 19:16:43 - [MESSAGE][PASSED] - Delayed 8 second(s)

2018-02-12 19:16:43 - [TEST_STEP][PASSED] - click: Object: 'Object Repository/Application_OR/btn_LOGOUT' is clicked on

2018-02-12 19:16:44 - [MESSAGE][PASSED] - Object: 'Object Repository/Application_OR/btn_LOGOUT' is clicked on

2018-02-12 19:16:44 - [TEST_STEP][PASSED] - delay: Delayed 5 second(s)

2018-02-12 19:16:49 - [MESSAGE][PASSED] - Delayed 5 second(s)

2018-02-12 19:16:49 - [TEST_STEP][PASSED] - setText: Text 'ih.william' is set on object 'Object Repository/Quote_OR/txtfield_USERNAME'

2018-02-12 19:16:49 - [MESSAGE][PASSED] - Text 'ih.william' is set on object 'Object Repository/Quote_OR/txtfield_USERNAME'

2018-02-12 19:16:49 - [TEST_STEP][PASSED] - setText: Text '10#Hammer' is set on object 'Object Repository/Quote_OR/txtfield_PASSWORD'

2018-02-12 19:16:49 - [MESSAGE][PASSED] - Text '10#Hammer' is set on object 'Object Repository/Quote_OR/txtfield_PASSWORD'

2018-02-12 19:16:49 - [TEST_STEP][PASSED] - click: Object: 'Object Repository/Quote_OR/btn-LOGIN' is clicked on

2018-02-12 19:16:50 - [MESSAGE][PASSED] - Object: 'Object Repository/Quote_OR/btn-LOGIN' is clicked on

2018-02-12 19:16:50 - [TEST_STEP][PASSED] - delay: Delayed 5 second(s)

2018-02-12 19:16:55 - [MESSAGE][PASSED] - Delayed 5 second(s)

2018-02-12 19:16:55 - [TEST_STEP][PASSED] - Statement - btnId = "//*[@id="btnLoadApplication_" + policyInfoId + ""]": null

2018-02-12 19:16:55 - [TEST_STEP][PASSED] - Statement - btnViewApplication = new com.kms.katalon.core.testobject.TestObject(btnViewApplication): null

2018-02-12 19:16:55 - [TEST_STEP][PASSED] - Statement - btnViewApplication.addProperty("xpath", EQUALS, btnId, true): null

2018-02-12 19:16:55 - [TEST_STEP][PASSED] - delay: Delayed 20 second(s)

2018-02-12 19:17:15 - [MESSAGE][PASSED] - Delayed 20 second(s)

2018-02-12 19:17:15 - [TEST_STEP][PASSED] - click: Object: 'btnViewApplication' is clicked on

2018-02-12 19:17:17 - [MESSAGE][PASSED] - Object: 'btnViewApplication' is clicked on

2018-02-12 19:17:17 - [TEST_STEP][PASSED] - delay: Delayed 8 second(s)

2018-02-12 19:17:25 - [MESSAGE][PASSED] - Delayed 8 second(s)

2018-02-12 19:17:25 - [TEST_STEP][PASSED] - click: Object: 'Object Repository/Application_OR/btn_DOWNLOAD_AFS_UW' is clicked on

2018-02-12 19:17:25 - [MESSAGE][PASSED] - Object: 'Object Repository/Application_OR/btn_DOWNLOAD_AFS_UW' is clicked on

2018-02-12 19:17:25 - [TEST_STEP][PASSED] - delay: Delayed 5 second(s)

2018-02-12 19:17:30 - [MESSAGE][PASSED] - Delayed 5 second(s)

2018-02-12 19:17:30 - [TEST_STEP][PASSED] - click: Object: 'Object Repository/Application_OR/btn_REVIEW_APPLICATION_AT_UW' is clicked on

2018-02-12 19:17:31 - [MESSAGE][PASSED] - Object: 'Object Repository/Application_OR/btn_REVIEW_APPLICATION_AT_UW' is clicked on

2018-02-12 19:17:31 - [TEST_STEP][PASSED] - delay: Delayed 5 second(s)

2018-02-12 19:17:36 - [MESSAGE][PASSED] - Delayed 5 second(s)

2018-02-12 19:17:36 - [TEST_STEP][PASSED] - setText: Text '111' is set on object 'Object Repository/Application_OR/txtfield_INSPECTION_FEE'

2018-02-12 19:17:36 - [MESSAGE][PASSED] - Text '111' is set on object 'Object Repository/Application_OR/txtfield_INSPECTION_FEE'

2018-02-12 19:17:36 - [TEST_STEP][PASSED] - delay: Delayed 3 second(s)

2018-02-12 19:17:39 - [MESSAGE][PASSED] - Delayed 3 second(s)

2018-02-12 19:17:39 - [TEST_STEP][PASSED] - click: Object: 'Object Repository/Application_OR/drp_NO_OF_MORTAGAGEE' is clicked on

2018-02-12 19:17:39 - [MESSAGE][PASSED] - Object: 'Object Repository/Application_OR/drp_NO_OF_MORTAGAGEE' is clicked on

2018-02-12 19:17:39 - [TEST_STEP][PASSED] - delay: Delayed 3 second(s)

2018-02-12 19:17:42 - [MESSAGE][PASSED] - Delayed 3 second(s)

2018-02-12 19:17:42 - [TEST_STEP][PASSED] - selectOptionByIndex: All options with index in [1] are selected on object 'Object Repository/Application_OR/drp_NO_OF_MORTAGAGEE'

2018-02-12 19:17:42 - [MESSAGE][PASSED] - All options with index in [1] are selected on object 'Object Repository/Application_OR/drp_NO_OF_MORTAGAGEE'

2018-02-12 19:17:42 - [TEST_STEP][PASSED] - delay: Delayed 3 second(s)

2018-02-12 19:17:45 - [MESSAGE][PASSED] - Delayed 3 second(s)

2018-02-12 19:17:45 - [TEST_STEP][PASSED] - click: Object: 'Object Repository/Application_OR/btn_OCCUPANYPAGE_SAVEANDCONTINUE' is clicked on

2018-02-12 19:17:46 - [MESSAGE][PASSED] - Object: 'Object Repository/Application_OR/btn_OCCUPANYPAGE_SAVEANDCONTINUE' is clicked on

2018-02-12 19:17:46 - [TEST_STEP][PASSED] - delay: Delayed 3 second(s)

2018-02-12 19:17:49 - [MESSAGE][PASSED] - Delayed 3 second(s)

2018-02-12 19:17:49 - [TEST_STEP][PASSED] - setText: Text 'Ricky Ponting' is set on object 'Object Repository/Application_OR/txtfield_Mortagagee_Name1'

2018-02-12 19:17:49 - [MESSAGE][PASSED] - Text 'Ricky Ponting' is set on object 'Object Repository/Application_OR/txtfield_Mortagagee_Name1'

2018-02-12 19:17:49 - [TEST_STEP][PASSED] - delay: Delayed 3 second(s)

2018-02-12 19:17:52 - [MESSAGE][PASSED] - Delayed 3 second(s)

2018-02-12 19:17:52 - [TEST_STEP][PASSED] - setText: Text '1870 5th Ave W Macon, GA 31201 USA' is set on object 'Object Repository/Application_OR/txtfield_Mortagagee_Address'

2018-02-12 19:17:52 - [MESSAGE][PASSED] - Text '1870 5th Ave W Macon, GA 31201 USA' is set on object 'Object Repository/Application_OR/txtfield_Mortagagee_Address'

2018-02-12 19:17:52 - [TEST_STEP][PASSED] - delay: Delayed 3 second(s)

2018-02-12 19:17:55 - [MESSAGE][PASSED] - Delayed 3 second(s)

2018-02-12 19:17:55 - [TEST_STEP][PASSED] - setText: Text '123456789ABCD' is set on object 'Object Repository/Application_OR/txtfield_Mortagagee_LoanNo'

2018-02-12 19:17:56 - [MESSAGE][PASSED] - Text '123456789ABCD' is set on object 'Object Repository/Application_OR/txtfield_Mortagagee_LoanNo'

2018-02-12 19:17:56 - [TEST_STEP][PASSED] - delay: Delayed 3 second(s)

2018-02-12 19:17:59 - [MESSAGE][PASSED] - Delayed 3 second(s)

2018-02-12 19:17:59 - [TEST_STEP][PASSED] - click: Object: 'Object Repository/Application_OR/btn_OCCUPANYPAGE_SAVEANDCONTINUE' is clicked on

2018-02-12 19:17:59 - [MESSAGE][PASSED] - Object: 'Object Repository/Application_OR/btn_OCCUPANYPAGE_SAVEANDCONTINUE' is clicked on

2018-02-12 19:17:59 - [TEST_STEP][PASSED] - delay: Delayed 4 second(s)

2018-02-12 19:18:03 - [MESSAGE][PASSED] - Delayed 4 second(s)

2018-02-12 19:18:03 - [TEST_STEP][PASSED] - click: Object: 'Object Repository/Application_OR/btn_SIGNAPPLICATION_AGENT' is clicked on

2018-02-12 19:18:04 - [MESSAGE][PASSED] - Object: 'Object Repository/Application_OR/btn_SIGNAPPLICATION_AGENT' is clicked on

2018-02-12 19:18:04 - [TEST_STEP][PASSED] - delay: Delayed 4 second(s)

2018-02-12 19:18:08 - [MESSAGE][PASSED] - Delayed 4 second(s)

2018-02-12 19:18:08 - [TEST_STEP][PASSED] - click: Object: 'Object Repository/Application_OR/btn_GENERATE_FORMS' is clicked on

2018-02-12 19:18:08 - [MESSAGE][PASSED] - Object: 'Object Repository/Application_OR/btn_GENERATE_FORMS' is clicked on

2018-02-12 19:18:08 - [TEST_STEP][PASSED] - delay: Delayed 5 second(s)

2018-02-12 19:18:13 - [MESSAGE][PASSED] - Delayed 5 second(s)

2018-02-12 19:18:13 - [TEST_STEP][PASSED] - click: Object: 'Object Repository/Application_OR/btn_REQUEST_FOR_BIND' is clicked on

2018-02-12 19:18:13 - [MESSAGE][PASSED] - Object: 'Object Repository/Application_OR/btn_REQUEST_FOR_BIND' is clicked on

2018-02-12 19:18:13 - [TEST_STEP][PASSED] - delay: Delayed 20 second(s)

2018-02-12 19:18:33 - [MESSAGE][PASSED] - Delayed 20 second(s)

2018-02-12 19:18:33 - [TEST_STEP][PASSED] - click: Object: 'Object Repository/Application_OR/btn_VIEW_POLICY_FORMS' is clicked on

2018-02-12 19:18:33 - [MESSAGE][PASSED] - Object: 'Object Repository/Application_OR/btn_VIEW_POLICY_FORMS' is clicked on

2018-02-12 19:18:33 - [TEST_STEP][PASSED] - delay: Delayed 15 second(s)

2018-02-12 19:18:48 - [MESSAGE][PASSED] - Delayed 15 second(s)

2018-02-12 19:18:48 - [TEST_STEP][PASSED] - click: Object: 'Object Repository/Application_OR/btn_UW_APPLICATION_STATUS_MENU' is clicked on

2018-02-12 19:18:48 - [MESSAGE][PASSED] - Object: 'Object Repository/Application_OR/btn_UW_APPLICATION_STATUS_MENU' is clicked on

2018-02-12 19:18:48 - [TEST_STEP][PASSED] - delay: Delayed 2 second(s)

2018-02-12 19:18:50 - [MESSAGE][PASSED] - Delayed 2 second(s)

2018-02-12 19:18:50 - [TEST_STEP][PASSED] - click: Object: 'Object Repository/Application_OR/btn_YES_CONFIRMATION' is clicked on

2018-02-12 19:18:51 - [MESSAGE][PASSED] - Object: 'Object Repository/Application_OR/btn_YES_CONFIRMATION' is clicked on

2018-02-12 19:18:51 - [TEST_STEP][PASSED] - delay: Delayed 20 second(s)

2018-02-12 19:19:11 - [MESSAGE][PASSED] - Delayed 20 second(s)]]></system-out>
         <system-err><![CDATA[]]></system-err>
      </testcase>
      <testcase name="Test Cases/ENDORSEMENT_CREATION" classname="Test Cases/ENDORSEMENT_CREATION" status="PASSED">
         <system-out><![CDATA[2018-02-12 19:19:11 - [TEST_CASE][PASSED] - Test Cases/ENDORSEMENT_CREATION: Test Cases/ENDORSEMENT_CREATION

2018-02-12 19:19:11 - [TEST_STEP][PASSED] - com.PPE.Endorsement_UW.EndorsementByUW: com.PPE.Endorsement_UW.EndorsementByUW is PASSED

2018-02-12 19:19:12 - [MESSAGE][PASSED] - Object: 'Object Repository/Endorsement_OR/btn_ADVANCE_FILTER' is clicked on

2018-02-12 19:19:16 - [MESSAGE][PASSED] - Delayed 4 second(s)

2018-02-12 19:19:16 - [MESSAGE][PASSED] - Text '1002 Martin St SE, Atlanta, GA 30315, USA' is set on object 'Object Repository/Endorsement_OR/txtfield_AdvanceFilter_PROPERTY_ADDRESS'

2018-02-12 19:19:31 - [MESSAGE][PASSED] - Delayed 15 second(s)

2018-02-12 19:19:31 - [MESSAGE][PASSED] - Object: 'Object Repository/Endorsement_OR/btn_APPLY_Advance_Filter' is clicked on

2018-02-12 19:19:49 - [MESSAGE][PASSED] - Delayed 18 second(s)

2018-02-12 19:19:49 - [MESSAGE][PASSED] - Text of object 'Object Repository/Endorsement_OR/get_POLICYNUMBER' is: 'BCIHGA1895025'

2018-02-12 19:19:59 - [MESSAGE][PASSED] - Delayed 10 second(s)

2018-02-12 19:19:59 - [MESSAGE][PASSED] - Object: 'Object Repository/Endorsement_OR/btn_ENDORSEMENT_MENU' is clicked on

2018-02-12 19:20:02 - [MESSAGE][PASSED] - Delayed 3 second(s)

2018-02-12 19:20:03 - [MESSAGE][PASSED] - Object: 'Object Repository/Endorsement_OR/btn_YES_CONFIRMATION_ENDORSEMENT' is clicked on

2018-02-12 19:20:09 - [MESSAGE][PASSED] - Delayed 6 second(s)

2018-02-12 19:20:09 - [MESSAGE][PASSED] - Text 'BCIHGA1895025' is set on object 'Object Repository/Endorsement_OR/txtfield_POLICYNUMBER_FOR_ENDORSEMENT'

2018-02-12 19:20:15 - [MESSAGE][PASSED] - Delayed 6 second(s)

2018-02-12 19:20:15 - [MESSAGE][PASSED] - Object: 'Object Repository/Endorsement_OR/btn_SEARCH_FOR_ENDORSEMENT' is clicked on

2018-02-12 19:20:25 - [MESSAGE][PASSED] - Delayed 10 second(s)

2018-02-12 19:20:27 - [MESSAGE][PASSED] - Object: 'Object Repository/Endorsement_OR/btn_ENDORSE_UW' is clicked on

2018-02-12 19:20:33 - [MESSAGE][PASSED] - Delayed 6 second(s)

2018-02-12 19:20:33 - [MESSAGE][PASSED] - Object: 'Object Repository/Endorsement_OR/btn_EDIT_APPLICANTINFO_UW' is clicked on

2018-02-12 19:20:39 - [MESSAGE][PASSED] - Delayed 6 second(s)

2018-02-12 19:20:39 - [MESSAGE][PASSED] - Object: 'Object Repository/Endorsement_OR/btn_RECALCULATE_UW' is clicked on

2018-02-12 19:20:45 - [MESSAGE][PASSED] - Delayed 6 second(s)

2018-02-12 19:20:45 - [MESSAGE][PASSED] - Text 'Phillips Bush' is set on object 'Object Repository/Endorsement_OR/txtfield_PRIFIRSTNAME_UW'

2018-02-12 19:20:47 - [MESSAGE][PASSED] - Delayed 2 second(s)

2018-02-12 19:20:53 - [MESSAGE][PASSED] - Object: 'Object Repository/Endorsement_OR/btn_UPDATE_APPLICANTINFO_UW' is clicked on

2018-02-12 19:20:55 - [MESSAGE][PASSED] - Delayed 2 second(s)

2018-02-12 19:21:00 - [MESSAGE][PASSED] - Object: 'Object Repository/Endorsement_OR/btn_RECALCULATE_UW' is clicked on

2018-02-12 19:21:06 - [MESSAGE][PASSED] - Delayed 6 second(s)

2018-02-12 19:21:06 - [MESSAGE][PASSED] - Browser is scrolled to position x = 0, y = 50

2018-02-12 19:21:09 - [MESSAGE][PASSED] - Delayed 3 second(s)

2018-02-12 19:21:14 - [MESSAGE][PASSED] - Object: 'Object Repository/Endorsement_OR/btn_EDIT_COVERAGE_UW' is clicked on

2018-02-12 19:21:20 - [MESSAGE][PASSED] - Delayed 6 second(s)

2018-02-12 19:21:25 - [MESSAGE][PASSED] - Object: 'Object Repository/Endorsement_OR/drp_SETTLEMENTTYPE_UW' is clicked on

2018-02-12 19:21:28 - [MESSAGE][PASSED] - Delayed 3 second(s)

2018-02-12 19:21:28 - [MESSAGE][PASSED] - All options with label 'ACV' are selected in object 'Object Repository/Endorsement_OR/drp_SETTLEMENTTYPE_UW' 

2018-02-12 19:21:34 - [MESSAGE][PASSED] - Delayed 6 second(s)

2018-02-12 19:21:39 - [MESSAGE][PASSED] - Object: 'Object Repository/Endorsement_OR/btn_UPDATE_COVERAGE_UW' is clicked on

2018-02-12 19:21:41 - [MESSAGE][PASSED] - Delayed 2 second(s)

2018-02-12 19:21:47 - [MESSAGE][PASSED] - Object: 'Object Repository/Endorsement_OR/btn_RECALCULATE_UW' is clicked on

2018-02-12 19:21:52 - [MESSAGE][PASSED] - Delayed 5 second(s)

2018-02-12 19:21:52 - [MESSAGE][PASSED] - Browser is scrolled to position x = 0, y = 50

2018-02-12 19:21:57 - [MESSAGE][PASSED] - Object: 'Object Repository/Endorsement_OR/btn_EDIT_PROPERTY_UW' is clicked on

2018-02-12 19:21:59 - [MESSAGE][PASSED] - Delayed 2 second(s)

2018-02-12 19:21:59 - [MESSAGE][PASSED] - Text '1970' is set on object 'Object Repository/Endorsement_OR/txtfield_HOME_BUILD_ENDORSEMENT_UW'

2018-02-12 19:22:03 - [MESSAGE][PASSED] - Delayed 4 second(s)

2018-02-12 19:22:03 - [MESSAGE][PASSED] - Text '74999' is set on object 'Object Repository/Endorsement_OR/txtfield_EXIMATED_VALUATION_UW'

2018-02-12 19:22:07 - [MESSAGE][PASSED] - Delayed 4 second(s)

2018-02-12 19:22:13 - [MESSAGE][PASSED] - Object: 'Object Repository/Endorsement_OR/drp_CONSTRUCTION_TYPE_UW' is clicked on

2018-02-12 19:22:13 - [MESSAGE][PASSED] - All options with index in [3] are selected on object 'Object Repository/Endorsement_OR/drp_CONSTRUCTION_TYPE_UW'

2018-02-12 19:22:17 - [MESSAGE][PASSED] - Delayed 4 second(s)

2018-02-12 19:22:22 - [MESSAGE][PASSED] - Object: 'Object Repository/Endorsement_OR/btn_UPDATE_ENDORSEMENT_PROPERTY_UW' is clicked on

2018-02-12 19:22:26 - [MESSAGE][PASSED] - Delayed 4 second(s)

2018-02-12 19:22:26 - [MESSAGE][PASSED] - Text '500000' is set on object 'Object Repository/Endorsement_OR/txtfield_EXIMATED_VALUATION_UW'

2018-02-12 19:22:30 - [MESSAGE][PASSED] - Delayed 4 second(s)

2018-02-12 19:22:36 - [MESSAGE][PASSED] - Object: 'Object Repository/Endorsement_OR/btn_UPDATE_ENDORSEMENT_PROPERTY_UW' is clicked on

2018-02-12 19:22:40 - [MESSAGE][PASSED] - Delayed 4 second(s)

2018-02-12 19:22:45 - [MESSAGE][PASSED] - Object: 'Object Repository/Endorsement_OR/btn_RECALCULATE_UW' is clicked on

2018-02-12 19:22:49 - [MESSAGE][PASSED] - Delayed 4 second(s)

2018-02-12 19:22:54 - [MESSAGE][PASSED] - Object: 'Object Repository/Endorsement_OR/btn_GENERATE_FORMS_UW' is clicked on

2018-02-12 19:22:58 - [MESSAGE][PASSED] - Delayed 4 second(s)

2018-02-12 19:23:03 - [MESSAGE][PASSED] - Object: 'Object Repository/Endorsement_OR/btn_APPROVE_ENDORSEMENT' is clicked on

2018-02-12 19:23:09 - [MESSAGE][PASSED] - Delayed 6 second(s)

2018-02-12 19:23:14 - [MESSAGE][PASSED] - Object: 'Object Repository/Endorsement_OR/chkbx_HOMEOWNER_END_FORM' is clicked on

2018-02-12 19:23:18 - [MESSAGE][PASSED] - Delayed 4 second(s)

2018-02-12 19:23:23 - [MESSAGE][PASSED] - Object: 'Object Repository/Endorsement_OR/chkbx_HOMEOWNER_END_FORM' is clicked on

2018-02-12 19:23:27 - [MESSAGE][PASSED] - Delayed 4 second(s)

2018-02-12 19:23:32 - [MESSAGE][PASSED] - Object: 'Object Repository/Endorsement_OR/btn_FILLDATA_HOMEOWNER_END_FORM' is clicked on

2018-02-12 19:23:42 - [MESSAGE][PASSED] - Delayed 10 second(s)

2018-02-12 19:23:43 - [MESSAGE][PASSED] - Text 'Testing' is set on object 'Object Repository/Endorsement_OR/txtfield_HOMEOWNER_END_FORM'

2018-02-12 19:23:47 - [MESSAGE][PASSED] - Delayed 4 second(s)

2018-02-12 19:23:52 - [MESSAGE][PASSED] - Object: 'Object Repository/Endorsement_OR/btn_SUBMIT_HOMEOWNER_END_FORM' is clicked on

2018-02-12 19:23:56 - [MESSAGE][PASSED] - Delayed 4 second(s)

2018-02-12 19:24:01 - [MESSAGE][PASSED] - Object: 'Object Repository/Endorsement_OR/btn_VIEW_DRAFT_END' is clicked on

2018-02-12 19:24:05 - [MESSAGE][PASSED] - Delayed 4 second(s)

2018-02-12 19:24:10 - [MESSAGE][PASSED] - Object: 'Object Repository/Endorsement_OR/btn_APPROVE_ENDORSEMENT' is clicked on

2018-02-12 19:25:50 - [MESSAGE][PASSED] - Delayed 100 second(s)

2018-02-12 19:25:56 - [MESSAGE][PASSED] - Object: 'Object Repository/Endorsement_OR/btn_LOGOUT_UW' is clicked on

2018-02-12 19:26:06 - [MESSAGE][PASSED] - Delayed 10 second(s)

2018-02-12 19:26:06 - [MESSAGE][PASSED] - com.PPE.Endorsement_UW.EndorsementByUW is PASSED]]></system-out>
         <system-err><![CDATA[]]></system-err>
      </testcase>
      <system-out><![CDATA[2018-02-12 19:11:07 - [TEST_SUITE][PASSED] - PPE: Test Cases/ENDORSEMENT_CREATION]]></system-out>
      <system-err><![CDATA[]]></system-err>
   </testsuite>
</testsuites>
