<?xml version="1.0" encoding="UTF-8"?>
<testsuites name="PPE" time="703" tests="2" failures="1" errors="1">
   <testsuite name="PPE" tests="2" failures="1" errors="1" time="703" timestamp="2018-01-29 16:54:37" hostname="gsalunkhe - CTS-QUA-4.cogitate.india" id="Test Suites/PPE">
      <properties>
         <property name="deviceName" value=""/>
         <property name="devicePlatform" value=""/>
         <property name="logFolder" value="D:\\Katalon_Practice_Workspace\\Katalon_Mitendra\\Reports\\PPE\\20180129_165435"/>
         <property name="logFiles" value="D:\\Katalon_Practice_Workspace\\Katalon_Mitendra\\Reports\\PPE\\20180129_165435\\execution0.log"/>
         <property name="attachments" value="D:\\Katalon_Practice_Workspace\\Katalon_Mitendra\\Reports\\PPE\\20180129_165435\\1517225777988.png"/>
         <property name="hostName" value="gsalunkhe - CTS-QUA-4.cogitate.india"/>
         <property name="os" value="Windows 7 64bit"/>
         <property name="katalonVersion" value="5.0.1.1"/>
         <property name="browser" value="Chrome 63.0.3239.132"/>
         <property name="hostAddress" value="192.168.0.4"/>
         <property name="sessionId" value="239fb472e0500e204a2ce9ac14e4f824"/>
         <property name="seleniumVersion" value="2.53.0"/>
         <property name="proxyInformation" value="ProxyInformation{proxyOption=NO_PROXY, proxyServerType=HTTP, password=, proxyServerAddress=, proxyServerPort=0}"/>
         <property name="platform" value="Windows 7"/>
      </properties>
      <testcase name="Test Cases/QUOTE_CREATION" classname="Test Cases/QUOTE_CREATION" status="PASSED">
         <system-out><![CDATA[2018-01-29 16:54:37 - [TEST_CASE][PASSED] - Test Cases/QUOTE_CREATION: Test Cases/QUOTE_CREATION

2018-01-29 16:54:37 - [TEST_STEP][PASSED] - openBrowser: Browser is opened with url: 'http://13.90.102.191:8066'

2018-01-29 16:54:45 - [MESSAGE][PASSED] - Browser is opened with url: 'http://13.90.102.191:8066'

2018-01-29 16:54:45 - [TEST_STEP][PASSED] - maximizeWindow: Current window maximized

2018-01-29 16:54:47 - [MESSAGE][PASSED] - Current window maximized

2018-01-29 16:54:47 - [TEST_STEP][PASSED] - setText: Text 'ih.chelms' is set on object 'Object Repository/Quote_OR/txtfield_USERNAME'

2018-01-29 16:54:47 - [MESSAGE][PASSED] - Text 'ih.chelms' is set on object 'Object Repository/Quote_OR/txtfield_USERNAME'

2018-01-29 16:54:47 - [TEST_STEP][PASSED] - setText: Text '10#Hammer' is set on object 'Object Repository/Quote_OR/txtfield_PASSWORD'

2018-01-29 16:54:47 - [MESSAGE][PASSED] - Text '10#Hammer' is set on object 'Object Repository/Quote_OR/txtfield_PASSWORD'

2018-01-29 16:54:47 - [TEST_STEP][PASSED] - click: Object: 'Object Repository/Quote_OR/btn-LOGIN' is clicked on

2018-01-29 16:54:52 - [MESSAGE][PASSED] - Object: 'Object Repository/Quote_OR/btn-LOGIN' is clicked on

2018-01-29 16:54:52 - [TEST_STEP][PASSED] - setText: Text '2428 Brevard Dr Macon, GA 31206 USA' is set on object 'Object Repository/Quote_OR/txtfield_ADDRESS_ON_LANDING_PAGE'

2018-01-29 16:54:53 - [MESSAGE][PASSED] - Text '2428 Brevard Dr Macon, GA 31206 USA' is set on object 'Object Repository/Quote_OR/txtfield_ADDRESS_ON_LANDING_PAGE'

2018-01-29 16:54:53 - [TEST_STEP][PASSED] - click: Object: 'Object Repository/Quote_OR/btn_SEARCH_ADDRESS' is clicked on

2018-01-29 16:55:18 - [MESSAGE][PASSED] - Object: 'Object Repository/Quote_OR/btn_SEARCH_ADDRESS' is clicked on

2018-01-29 16:55:18 - [TEST_STEP][PASSED] - waitForPageLoad: Wait for page load successfully

2018-01-29 16:55:18 - [MESSAGE][PASSED] - Wait for page load successfully

2018-01-29 16:55:18 - [TEST_STEP][PASSED] - selectOptionByIndex: All options with index in [1] are selected on object 'Object Repository/Quote_OR/drp_PROPERTY_TYPE'

2018-01-29 16:55:18 - [MESSAGE][PASSED] - All options with index in [1] are selected on object 'Object Repository/Quote_OR/drp_PROPERTY_TYPE'

2018-01-29 16:55:18 - [TEST_STEP][PASSED] - setText: Text '' is set on object 'Object Repository/Quote_OR/txtfield_HOME_VALUATION'

2018-01-29 16:55:18 - [MESSAGE][PASSED] - Text '' is set on object 'Object Repository/Quote_OR/txtfield_HOME_VALUATION'

2018-01-29 16:55:18 - [TEST_STEP][PASSED] - selectOptionByIndex: All options with index in [2] are selected on object 'Object Repository/Quote_OR/drp_CONSTRUCTION_TYPE'

2018-01-29 16:55:18 - [MESSAGE][PASSED] - All options with index in [2] are selected on object 'Object Repository/Quote_OR/drp_CONSTRUCTION_TYPE'

2018-01-29 16:55:18 - [TEST_STEP][PASSED] - setText: Text '100000' is set on object 'Object Repository/Quote_OR/txtfield_HOME_VALUATION'

2018-01-29 16:55:19 - [MESSAGE][PASSED] - Text '100000' is set on object 'Object Repository/Quote_OR/txtfield_HOME_VALUATION'

2018-01-29 16:55:19 - [TEST_STEP][PASSED] - delay: Delayed 2 second(s)

2018-01-29 16:55:21 - [MESSAGE][PASSED] - Delayed 2 second(s)

2018-01-29 16:55:21 - [TEST_STEP][PASSED] - setText: Text '' is set on object 'Object Repository/Quote_OR/txtbx_YEARHOMEBUILD'

2018-01-29 16:55:21 - [MESSAGE][PASSED] - Text '' is set on object 'Object Repository/Quote_OR/txtbx_YEARHOMEBUILD'

2018-01-29 16:55:21 - [TEST_STEP][PASSED] - setText: Text '1968' is set on object 'Object Repository/Quote_OR/txtbx_YEARHOMEBUILD'

2018-01-29 16:55:21 - [MESSAGE][PASSED] - Text '1968' is set on object 'Object Repository/Quote_OR/txtbx_YEARHOMEBUILD'

2018-01-29 16:55:21 - [TEST_STEP][PASSED] - click: Object: 'Object Repository/Quote_OR/btn_GETQUOTE' is clicked on

2018-01-29 16:55:21 - [MESSAGE][PASSED] - Object: 'Object Repository/Quote_OR/btn_GETQUOTE' is clicked on

2018-01-29 16:55:21 - [TEST_STEP][PASSED] - delay: Delayed 1 second(s)

2018-01-29 16:55:22 - [MESSAGE][PASSED] - Delayed 1 second(s)

2018-01-29 16:55:22 - [TEST_STEP][PASSED] - click: Object: 'Object Repository/Quote_OR/btn_SENDQUOTE' is clicked on

2018-01-29 16:55:28 - [MESSAGE][PASSED] - Object: 'Object Repository/Quote_OR/btn_SENDQUOTE' is clicked on

2018-01-29 16:55:28 - [TEST_STEP][PASSED] - delay: Delayed 1 second(s)

2018-01-29 16:55:29 - [MESSAGE][PASSED] - Delayed 1 second(s)

2018-01-29 16:55:29 - [TEST_STEP][PASSED] - setText: Text 'Ganesh' is set on object 'Object Repository/Quote_OR/txtfield_SENDQUOTE_FIRSTNAME'

2018-01-29 16:55:29 - [MESSAGE][PASSED] - Text 'Ganesh' is set on object 'Object Repository/Quote_OR/txtfield_SENDQUOTE_FIRSTNAME'

2018-01-29 16:55:29 - [TEST_STEP][PASSED] - setText: Text 'Salunkhe' is set on object 'Object Repository/Quote_OR/txtfield_SENDQUOTE_LASTNAME'

2018-01-29 16:55:30 - [MESSAGE][PASSED] - Text 'Salunkhe' is set on object 'Object Repository/Quote_OR/txtfield_SENDQUOTE_LASTNAME'

2018-01-29 16:55:30 - [TEST_STEP][PASSED] - delay: Delayed 5 second(s)

2018-01-29 16:55:35 - [MESSAGE][PASSED] - Delayed 5 second(s)

2018-01-29 16:55:35 - [TEST_STEP][PASSED] - setText: Text '9768180080' is set on object 'Object Repository/Quote_OR/txtfield_SENDQUOTE_CONTACTNUMBER'

2018-01-29 16:55:35 - [MESSAGE][PASSED] - Text '9768180080' is set on object 'Object Repository/Quote_OR/txtfield_SENDQUOTE_CONTACTNUMBER'

2018-01-29 16:55:35 - [TEST_STEP][PASSED] - delay: Delayed 5 second(s)

2018-01-29 16:55:40 - [MESSAGE][PASSED] - Delayed 5 second(s)

2018-01-29 16:55:40 - [TEST_STEP][PASSED] - setText: Text 'gsalunkhe@cogitate.us' is set on object 'Object Repository/Quote_OR/txtfield_SENDQUOTE_EMAIL'

2018-01-29 16:55:40 - [MESSAGE][PASSED] - Text 'gsalunkhe@cogitate.us' is set on object 'Object Repository/Quote_OR/txtfield_SENDQUOTE_EMAIL'

2018-01-29 16:55:40 - [TEST_STEP][PASSED] - delay: Delayed 10 second(s)

2018-01-29 16:55:50 - [MESSAGE][PASSED] - Delayed 10 second(s)

2018-01-29 16:55:50 - [TEST_STEP][PASSED] - click: Object: 'Object Repository/Quote_OR/btn_SEND_QUOTE_DETAILS' is clicked on

2018-01-29 16:55:51 - [MESSAGE][PASSED] - Object: 'Object Repository/Quote_OR/btn_SEND_QUOTE_DETAILS' is clicked on

2018-01-29 16:55:51 - [TEST_STEP][PASSED] - selectOptionByIndex: All options with index in [1] are selected on object 'Object Repository/Quote_OR/drp_CONSTRUCTION_TYPE'

2018-01-29 16:55:51 - [MESSAGE][PASSED] - All options with index in [1] are selected on object 'Object Repository/Quote_OR/drp_CONSTRUCTION_TYPE'

2018-01-29 16:55:51 - [TEST_STEP][PASSED] - delay: Delayed 5 second(s)

2018-01-29 16:55:56 - [MESSAGE][PASSED] - Delayed 5 second(s)

2018-01-29 16:55:56 - [TEST_STEP][PASSED] - click: Object: 'Object Repository/Quote_OR/btn_RECALCULATE_PREMIUM' is clicked on

2018-01-29 16:55:56 - [MESSAGE][PASSED] - Object: 'Object Repository/Quote_OR/btn_RECALCULATE_PREMIUM' is clicked on]]></system-out>
         <system-err><![CDATA[]]></system-err>
      </testcase>
      <testcase name="Test Cases/APPLICATION_CREATION" classname="Test Cases/APPLICATION_CREATION" status="PASSED">
         <system-out><![CDATA[2018-01-29 16:55:56 - [TEST_CASE][PASSED] - Test Cases/APPLICATION_CREATION: Test Cases/APPLICATION_CREATION

2018-01-29 16:55:56 - [TEST_STEP][PASSED] - setText: Text '4343 Elkan Ave Macon, GA 31206 USA' is set on object 'Object Repository/Application_OR/txtfield_ADDRESS_ON_QUOTE_PAGE'

2018-01-29 16:55:57 - [MESSAGE][PASSED] - Text '4343 Elkan Ave Macon, GA 31206 USA' is set on object 'Object Repository/Application_OR/txtfield_ADDRESS_ON_QUOTE_PAGE'

2018-01-29 16:55:57 - [TEST_STEP][PASSED] - click: Object: 'Object Repository/Application_OR/btn_SEARCH_ADDRESS_QUOTE_PAGE' is clicked on

2018-01-29 16:56:11 - [MESSAGE][PASSED] - Object: 'Object Repository/Application_OR/btn_SEARCH_ADDRESS_QUOTE_PAGE' is clicked on

2018-01-29 16:56:11 - [TEST_STEP][PASSED] - Statement - Address = com.kms.katalon.core.testobject.ObjectRepository.findTestObject(Endorsement_OR/get_Address): Finding Test Object with id 'Object Repository/Endorsement_OR/get_Address'

2018-01-29 16:56:11 - [TEST_STEP][PASSED] - Statement - propertyaddress = com.kms.katalon.core.webui.keyword.WebUiBuiltInKeywords.getAttribute(Address, "value"): Attribute 'value' of object 'Object Repository/Endorsement_OR/get_Address' is: '4343 Elkan Ave, Macon, GA 31206, USA'

2018-01-29 16:56:11 - [MESSAGE][PASSED] - Attribute 'value' of object 'Object Repository/Endorsement_OR/get_Address' is: '4343 Elkan Ave, Macon, GA 31206, USA'

2018-01-29 16:56:11 - [TEST_STEP][PASSED] - Statement - println(propertyaddress): null

2018-01-29 16:56:11 - [TEST_STEP][PASSED] - Statement - propertyaddress = propertyaddress: null

2018-01-29 16:56:11 - [TEST_STEP][PASSED] - selectOptionByIndex: All options with index in [1] are selected on object 'Object Repository/Quote_OR/drp_PROPERTY_TYPE'

2018-01-29 16:56:11 - [MESSAGE][PASSED] - All options with index in [1] are selected on object 'Object Repository/Quote_OR/drp_PROPERTY_TYPE'

2018-01-29 16:56:11 - [TEST_STEP][PASSED] - setText: Text '' is set on object 'Object Repository/Quote_OR/txtbx_YEARHOMEBUILD'

2018-01-29 16:56:12 - [MESSAGE][PASSED] - Text '' is set on object 'Object Repository/Quote_OR/txtbx_YEARHOMEBUILD'

2018-01-29 16:56:12 - [TEST_STEP][PASSED] - setText: Text '2000' is set on object 'Object Repository/Quote_OR/txtbx_YEARHOMEBUILD'

2018-01-29 16:56:12 - [MESSAGE][PASSED] - Text '2000' is set on object 'Object Repository/Quote_OR/txtbx_YEARHOMEBUILD'

2018-01-29 16:56:12 - [TEST_STEP][PASSED] - selectOptionByIndex: All options with index in [2] are selected on object 'Object Repository/Quote_OR/drp_CONSTRUCTION_TYPE'

2018-01-29 16:56:12 - [MESSAGE][PASSED] - All options with index in [2] are selected on object 'Object Repository/Quote_OR/drp_CONSTRUCTION_TYPE'

2018-01-29 16:56:12 - [TEST_STEP][PASSED] - setText: Text '' is set on object 'Object Repository/Quote_OR/txtfield_HOME_VALUATION'

2018-01-29 16:56:12 - [MESSAGE][PASSED] - Text '' is set on object 'Object Repository/Quote_OR/txtfield_HOME_VALUATION'

2018-01-29 16:56:12 - [TEST_STEP][PASSED] - setText: Text '100000' is set on object 'Object Repository/Quote_OR/txtfield_HOME_VALUATION'

2018-01-29 16:56:12 - [MESSAGE][PASSED] - Text '100000' is set on object 'Object Repository/Quote_OR/txtfield_HOME_VALUATION'

2018-01-29 16:56:12 - [TEST_STEP][PASSED] - click: Object: 'Object Repository/Quote_OR/btn_GETQUOTE' is clicked on

2018-01-29 16:56:12 - [MESSAGE][PASSED] - Object: 'Object Repository/Quote_OR/btn_GETQUOTE' is clicked on

2018-01-29 16:56:12 - [TEST_STEP][PASSED] - delay: Delayed 1 second(s)

2018-01-29 16:56:13 - [MESSAGE][PASSED] - Delayed 1 second(s)

2018-01-29 16:56:13 - [TEST_STEP][PASSED] - click: Object: 'Object Repository/Application_OR/btn_TOAPPLICATION' is clicked on

2018-01-29 16:56:15 - [MESSAGE][PASSED] - Object: 'Object Repository/Application_OR/btn_TOAPPLICATION' is clicked on

2018-01-29 16:56:15 - [TEST_STEP][PASSED] - delay: Delayed 10 second(s)

2018-01-29 16:56:25 - [MESSAGE][PASSED] - Delayed 10 second(s)

2018-01-29 16:56:25 - [TEST_STEP][PASSED] - click: Object: 'Object Repository/Application_OR/btn_CONTINUE_UW_QUESTIONS' is clicked on

2018-01-29 16:56:25 - [MESSAGE][PASSED] - Object: 'Object Repository/Application_OR/btn_CONTINUE_UW_QUESTIONS' is clicked on

2018-01-29 16:56:25 - [TEST_STEP][PASSED] - delay: Delayed 10 second(s)

2018-01-29 16:56:35 - [MESSAGE][PASSED] - Delayed 10 second(s)

2018-01-29 16:56:35 - [TEST_STEP][PASSED] - delay: Delayed 3 second(s)

2018-01-29 16:56:38 - [MESSAGE][PASSED] - Delayed 3 second(s)

2018-01-29 16:56:38 - [TEST_STEP][PASSED] - click: Object: 'Object Repository/Application_OR/txtfield_INSURED_FIRSTNAME' is clicked on

2018-01-29 16:56:39 - [MESSAGE][PASSED] - Object: 'Object Repository/Application_OR/txtfield_INSURED_FIRSTNAME' is clicked on

2018-01-29 16:56:39 - [TEST_STEP][PASSED] - setText: Text 'Smith' is set on object 'Object Repository/Application_OR/txtfield_INSURED_FIRSTNAME'

2018-01-29 16:56:39 - [MESSAGE][PASSED] - Text 'Smith' is set on object 'Object Repository/Application_OR/txtfield_INSURED_FIRSTNAME'

2018-01-29 16:56:39 - [TEST_STEP][PASSED] - setText: Text 'Racher' is set on object 'Object Repository/Application_OR/txtfield_INSURED_MIDDLENAME'

2018-01-29 16:56:39 - [MESSAGE][PASSED] - Text 'Racher' is set on object 'Object Repository/Application_OR/txtfield_INSURED_MIDDLENAME'

2018-01-29 16:56:39 - [TEST_STEP][PASSED] - setText: Text 'Lastin' is set on object 'Object Repository/Application_OR/txtfield_INSURED_LASTNAME'

2018-01-29 16:56:39 - [MESSAGE][PASSED] - Text 'Lastin' is set on object 'Object Repository/Application_OR/txtfield_INSURED_LASTNAME'

2018-01-29 16:56:39 - [TEST_STEP][PASSED] - setText: Text '09/10/1999' is set on object 'Object Repository/Application_OR/txtfield_INSURED_DOB'

2018-01-29 16:56:39 - [MESSAGE][PASSED] - Text '09/10/1999' is set on object 'Object Repository/Application_OR/txtfield_INSURED_DOB'

2018-01-29 16:56:39 - [TEST_STEP][PASSED] - delay: Delayed 5 second(s)

2018-01-29 16:56:44 - [MESSAGE][PASSED] - Delayed 5 second(s)

2018-01-29 16:56:44 - [TEST_STEP][PASSED] - setText: Text 'gsalunkhe@cogitate.us' is set on object 'Object Repository/Application_OR/txtfield_INSURED_EMAIL'

2018-01-29 16:56:45 - [MESSAGE][PASSED] - Text 'gsalunkhe@cogitate.us' is set on object 'Object Repository/Application_OR/txtfield_INSURED_EMAIL'

2018-01-29 16:56:45 - [TEST_STEP][PASSED] - delay: Delayed 5 second(s)

2018-01-29 16:56:50 - [MESSAGE][PASSED] - Delayed 5 second(s)

2018-01-29 16:56:50 - [TEST_STEP][PASSED] - setText: Text '9768180080' is set on object 'Object Repository/Application_OR/txtfield_INSURED_CONTACTNUMBER'

2018-01-29 16:56:50 - [MESSAGE][PASSED] - Text '9768180080' is set on object 'Object Repository/Application_OR/txtfield_INSURED_CONTACTNUMBER'

2018-01-29 16:56:50 - [TEST_STEP][PASSED] - delay: Delayed 5 second(s)

2018-01-29 16:56:55 - [MESSAGE][PASSED] - Delayed 5 second(s)

2018-01-29 16:56:55 - [TEST_STEP][PASSED] - Statement - hdnPolicyInfoId = com.kms.katalon.core.testobject.ObjectRepository.findTestObject(Generic_OR/hdnPolicyInfoId): Finding Test Object with id 'Object Repository/Generic_OR/hdnPolicyInfoId'

2018-01-29 16:56:55 - [TEST_STEP][PASSED] - Statement - policyInfoid = com.kms.katalon.core.webui.keyword.WebUiBuiltInKeywords.getAttribute(hdnPolicyInfoId, "value"): Attribute 'value' of object 'Object Repository/Generic_OR/hdnPolicyInfoId' is: '3515'

2018-01-29 16:56:55 - [MESSAGE][PASSED] - Attribute 'value' of object 'Object Repository/Generic_OR/hdnPolicyInfoId' is: '3515'

2018-01-29 16:56:55 - [TEST_STEP][PASSED] - Statement - policyInfoId = policyInfoid: null

2018-01-29 16:56:55 - [TEST_STEP][PASSED] - click: Object: 'Object Repository/Application_OR/btn_POLICYHOLDER_SAVEANDCONTINUE' is clicked on

2018-01-29 16:56:55 - [MESSAGE][PASSED] - Object: 'Object Repository/Application_OR/btn_POLICYHOLDER_SAVEANDCONTINUE' is clicked on

2018-01-29 16:56:55 - [TEST_STEP][PASSED] - delay: Delayed 1 second(s)

2018-01-29 16:56:56 - [MESSAGE][PASSED] - Delayed 1 second(s)

2018-01-29 16:56:56 - [TEST_STEP][PASSED] - click: Object: 'Object Repository/Application_OR/drp_ROOFTYPE_PROPERTYPAGE' is clicked on

2018-01-29 16:56:57 - [MESSAGE][PASSED] - Object: 'Object Repository/Application_OR/drp_ROOFTYPE_PROPERTYPAGE' is clicked on

2018-01-29 16:56:57 - [TEST_STEP][PASSED] - delay: Delayed 3 second(s)

2018-01-29 16:57:00 - [MESSAGE][PASSED] - Delayed 3 second(s)

2018-01-29 16:57:00 - [TEST_STEP][PASSED] - selectOptionByIndex: All options with index in [1] are selected on object 'Object Repository/Application_OR/drp_ROOFTYPE_PROPERTYPAGE'

2018-01-29 16:57:00 - [MESSAGE][PASSED] - All options with index in [1] are selected on object 'Object Repository/Application_OR/drp_ROOFTYPE_PROPERTYPAGE'

2018-01-29 16:57:00 - [TEST_STEP][PASSED] - delay: Delayed 2 second(s)

2018-01-29 16:57:02 - [MESSAGE][PASSED] - Delayed 2 second(s)

2018-01-29 16:57:02 - [TEST_STEP][PASSED] - selectOptionByIndex: All options with index in [3] are selected on object 'Object Repository/Application_OR/drp_FOUNDATIONTYPE_PROPERTYPAGE'

2018-01-29 16:57:03 - [MESSAGE][PASSED] - All options with index in [3] are selected on object 'Object Repository/Application_OR/drp_FOUNDATIONTYPE_PROPERTYPAGE'

2018-01-29 16:57:03 - [TEST_STEP][PASSED] - delay: Delayed 2 second(s)

2018-01-29 16:57:05 - [MESSAGE][PASSED] - Delayed 2 second(s)

2018-01-29 16:57:05 - [TEST_STEP][PASSED] - selectOptionByIndex: All options with index in [7] are selected on object 'Object Repository/Application_OR/drp_HEATINGTYPE_PROPERTYPAGE'

2018-01-29 16:57:05 - [MESSAGE][PASSED] - All options with index in [7] are selected on object 'Object Repository/Application_OR/drp_HEATINGTYPE_PROPERTYPAGE'

2018-01-29 16:57:05 - [TEST_STEP][PASSED] - delay: Delayed 5 second(s)

2018-01-29 16:57:10 - [MESSAGE][PASSED] - Delayed 5 second(s)

2018-01-29 16:57:10 - [TEST_STEP][PASSED] - click: Object: 'Object Repository/Application_OR/btn_OCCUPANYPAGE_SAVEANDCONTINUE' is clicked on

2018-01-29 16:57:10 - [MESSAGE][PASSED] - Object: 'Object Repository/Application_OR/btn_OCCUPANYPAGE_SAVEANDCONTINUE' is clicked on

2018-01-29 16:57:10 - [TEST_STEP][PASSED] - delay: Delayed 4 second(s)

2018-01-29 16:57:14 - [MESSAGE][PASSED] - Delayed 4 second(s)

2018-01-29 16:57:14 - [TEST_STEP][PASSED] - click: Object: 'Object Repository/Application_OR/btn_YES_ROOFAGE_POPUP' is clicked on

2018-01-29 16:57:14 - [MESSAGE][PASSED] - Object: 'Object Repository/Application_OR/btn_YES_ROOFAGE_POPUP' is clicked on

2018-01-29 16:57:14 - [TEST_STEP][PASSED] - delay: Delayed 4 second(s)

2018-01-29 16:57:18 - [MESSAGE][PASSED] - Delayed 4 second(s)

2018-01-29 16:57:18 - [TEST_STEP][PASSED] - click: Object: 'Object Repository/Application_OR/btn_YES_ELECTRICALAGE_POPUP' is clicked on

2018-01-29 16:57:18 - [MESSAGE][PASSED] - Object: 'Object Repository/Application_OR/btn_YES_ELECTRICALAGE_POPUP' is clicked on

2018-01-29 16:57:18 - [TEST_STEP][PASSED] - delay: Delayed 4 second(s)

2018-01-29 16:57:22 - [MESSAGE][PASSED] - Delayed 4 second(s)

2018-01-29 16:57:22 - [TEST_STEP][PASSED] - click: Object: 'Object Repository/Application_OR/btn_YES_ELECTRICALAGE_POPUP' is clicked on

2018-01-29 16:57:22 - [MESSAGE][PASSED] - Object: 'Object Repository/Application_OR/btn_YES_ELECTRICALAGE_POPUP' is clicked on

2018-01-29 16:57:22 - [TEST_STEP][PASSED] - delay: Delayed 5 second(s)

2018-01-29 16:57:27 - [MESSAGE][PASSED] - Delayed 5 second(s)

2018-01-29 16:57:27 - [TEST_STEP][PASSED] - click: Object: 'Object Repository/Application_OR/btn_OCCUPANYPAGE_SAVEANDCONTINUE' is clicked on

2018-01-29 16:57:29 - [MESSAGE][PASSED] - Object: 'Object Repository/Application_OR/btn_OCCUPANYPAGE_SAVEANDCONTINUE' is clicked on

2018-01-29 16:57:29 - [TEST_STEP][PASSED] - delay: Delayed 5 second(s)

2018-01-29 16:57:34 - [MESSAGE][PASSED] - Delayed 5 second(s)

2018-01-29 16:57:34 - [TEST_STEP][PASSED] - check: Object 'Object Repository/Application_OR/chkbx_AGREEMENT' is checked

2018-01-29 16:57:34 - [MESSAGE][PASSED] - Object 'Object Repository/Application_OR/chkbx_AGREEMENT' is checked

2018-01-29 16:57:34 - [TEST_STEP][PASSED] - delay: Delayed 10 second(s)

2018-01-29 16:57:44 - [MESSAGE][PASSED] - Delayed 10 second(s)

2018-01-29 16:57:44 - [TEST_STEP][PASSED] - click: Object: 'Object Repository/Application_OR/btn_OCCUPANYPAGE_SAVEANDCONTINUE' is clicked on

2018-01-29 16:57:49 - [MESSAGE][PASSED] - Object: 'Object Repository/Application_OR/btn_OCCUPANYPAGE_SAVEANDCONTINUE' is clicked on

2018-01-29 16:57:49 - [TEST_STEP][PASSED] - delay: Delayed 5 second(s)

2018-01-29 16:57:54 - [MESSAGE][PASSED] - Delayed 5 second(s)

2018-01-29 16:57:54 - [TEST_STEP][PASSED] - click: Object: 'Object Repository/Application_OR/btn_SIGNAPPLICATION_AGENT' is clicked on

2018-01-29 16:58:16 - [MESSAGE][PASSED] - Object: 'Object Repository/Application_OR/btn_SIGNAPPLICATION_AGENT' is clicked on

2018-01-29 16:58:16 - [TEST_STEP][PASSED] - delay: Delayed 5 second(s)

2018-01-29 16:58:21 - [MESSAGE][PASSED] - Delayed 5 second(s)

2018-01-29 16:58:21 - [TEST_STEP][PASSED] - Statement - getInsuredName = com.kms.katalon.core.webui.keyword.WebUiBuiltInKeywords.getText(com.kms.katalon.core.testobject.ObjectRepository.findTestObject(Application_OR/get_INSUREDNAME_APPLICATION FORMSUMMARY)): Text of object 'Object Repository/Application_OR/get_INSUREDNAME_APPLICATION FORMSUMMARY' is: 'Smith Racher Lastin'

2018-01-29 16:58:21 - [MESSAGE][PASSED] - Text of object 'Object Repository/Application_OR/get_INSUREDNAME_APPLICATION FORMSUMMARY' is: 'Smith Racher Lastin'

2018-01-29 16:58:21 - [TEST_STEP][PASSED] - Statement - println(getInsuredName): null

2018-01-29 16:58:21 - [TEST_STEP][PASSED] - click: Object: 'Object Repository/Application_OR/btn_INSURED_SIGNATURE' is clicked on

2018-01-29 16:58:26 - [MESSAGE][PASSED] - Object: 'Object Repository/Application_OR/btn_INSURED_SIGNATURE' is clicked on

2018-01-29 16:58:26 - [TEST_STEP][PASSED] - delay: Delayed 5 second(s)

2018-01-29 16:58:31 - [MESSAGE][PASSED] - Delayed 5 second(s)

2018-01-29 16:58:31 - [TEST_STEP][PASSED] - click: Object: 'Object Repository/Application_OR/txtbx_INSURED_SIGNATURE' is clicked on

2018-01-29 16:58:36 - [MESSAGE][PASSED] - Object: 'Object Repository/Application_OR/txtbx_INSURED_SIGNATURE' is clicked on

2018-01-29 16:58:36 - [TEST_STEP][PASSED] - delay: Delayed 5 second(s)

2018-01-29 16:58:41 - [MESSAGE][PASSED] - Delayed 5 second(s)

2018-01-29 16:58:41 - [TEST_STEP][PASSED] - setText: Text 'Smith Racher Lastin' is set on object 'Object Repository/Application_OR/txtbx_INSURED_SIGNATURE'

2018-01-29 16:58:41 - [MESSAGE][PASSED] - Text 'Smith Racher Lastin' is set on object 'Object Repository/Application_OR/txtbx_INSURED_SIGNATURE'

2018-01-29 16:58:41 - [TEST_STEP][PASSED] - click: Object: 'Object Repository/Application_OR/btn_SUBMIT_INSURED_SIGNATURE' is clicked on

2018-01-29 16:58:46 - [MESSAGE][PASSED] - Object: 'Object Repository/Application_OR/btn_SUBMIT_INSURED_SIGNATURE' is clicked on

2018-01-29 16:58:46 - [TEST_STEP][PASSED] - Statement - otpQuery = "SELECT TOP 1 OtpGenerated FROM PPE_ApplicationForms_trn where PolicyInfoId = " + policyInfoId + " Order BY ModifiedDateTime DESC": null

2018-01-29 16:58:46 - [TEST_STEP][PASSED] - Statement - println("otpQuery" + " " + otpQuery): null

2018-01-29 16:58:46 - [TEST_STEP][PASSED] - com.PPE.Database_Connection.connectDB: com.PPE.Database_Connection.connectDB is PASSED

2018-01-29 16:58:48 - [MESSAGE][PASSED] - com.PPE.Database_Connection.connectDB is PASSED

2018-01-29 16:58:48 - [TEST_STEP][PASSED] - Statement - recordset = CustomKeywords.com.PPE.Database_Connection.executeQuery(otpQuery): com.PPE.Database_Connection.executeQuery is PASSED

2018-01-29 16:58:49 - [MESSAGE][PASSED] - com.PPE.Database_Connection.executeQuery is PASSED

2018-01-29 16:58:49 - [TEST_STEP][PASSED] - Statement - otp = 0: null

2018-01-29 16:58:49 - [TEST_STEP][PASSED] - Statement - While (recordset.next()): null

2018-01-29 16:58:49 - [TEST_STEP][PASSED] - Statement - otp = recordset.getObject("OtpGenerated"): null

2018-01-29 16:58:49 - [TEST_STEP][PASSED] - Statement - println("otp" + " " + otp): null

2018-01-29 16:58:49 - [TEST_STEP][PASSED] - delay: Delayed 10 second(s)

2018-01-29 16:58:59 - [MESSAGE][PASSED] - Delayed 10 second(s)

2018-01-29 16:58:59 - [TEST_STEP][PASSED] - Statement - txtOtp = com.kms.katalon.core.testobject.ObjectRepository.findTestObject(Application_OR/txtfield-OTP): Finding Test Object with id 'Object Repository/Application_OR/txtfield-OTP'

2018-01-29 16:58:59 - [TEST_STEP][PASSED] - setText: Text '6427' is set on object 'Object Repository/Application_OR/txtfield-OTP'

2018-01-29 16:58:59 - [MESSAGE][PASSED] - Text '6427' is set on object 'Object Repository/Application_OR/txtfield-OTP'

2018-01-29 16:58:59 - [TEST_STEP][PASSED] - delay: Delayed 1 second(s)

2018-01-29 16:59:00 - [MESSAGE][PASSED] - Delayed 1 second(s)

2018-01-29 16:59:00 - [TEST_STEP][PASSED] - click: Object: 'Object Repository/Application_OR/btn_OTP_VERIFY' is clicked on

2018-01-29 16:59:05 - [MESSAGE][PASSED] - Object: 'Object Repository/Application_OR/btn_OTP_VERIFY' is clicked on

2018-01-29 16:59:05 - [TEST_STEP][PASSED] - delay: Delayed 5 second(s)

2018-01-29 16:59:10 - [MESSAGE][PASSED] - Delayed 5 second(s)

2018-01-29 16:59:10 - [TEST_STEP][PASSED] - click: Object: 'Object Repository/Application_OR/btn_AGENT_SIGNATURE' is clicked on

2018-01-29 16:59:15 - [MESSAGE][PASSED] - Object: 'Object Repository/Application_OR/btn_AGENT_SIGNATURE' is clicked on

2018-01-29 16:59:15 - [TEST_STEP][PASSED] - delay: Delayed 2 second(s)

2018-01-29 16:59:17 - [MESSAGE][PASSED] - Delayed 2 second(s)

2018-01-29 16:59:17 - [TEST_STEP][PASSED] - click: Object: 'Object Repository/Application_OR/txtbx_AGENT_SIGNATURE' is clicked on

2018-01-29 16:59:22 - [MESSAGE][PASSED] - Object: 'Object Repository/Application_OR/txtbx_AGENT_SIGNATURE' is clicked on

2018-01-29 16:59:22 - [TEST_STEP][PASSED] - delay: Delayed 2 second(s)

2018-01-29 16:59:24 - [MESSAGE][PASSED] - Delayed 2 second(s)

2018-01-29 16:59:24 - [TEST_STEP][PASSED] - setText: Text 'clement helms' is set on object 'Object Repository/Application_OR/txtbx_AGENT_SIGNATURE'

2018-01-29 16:59:25 - [MESSAGE][PASSED] - Text 'clement helms' is set on object 'Object Repository/Application_OR/txtbx_AGENT_SIGNATURE'

2018-01-29 16:59:25 - [TEST_STEP][PASSED] - delay: Delayed 2 second(s)

2018-01-29 16:59:27 - [MESSAGE][PASSED] - Delayed 2 second(s)

2018-01-29 16:59:27 - [TEST_STEP][PASSED] - click: Object: 'Object Repository/Application_OR/btn_SUBMIT_AGENT_SIGNATURE' is clicked on

2018-01-29 16:59:32 - [MESSAGE][PASSED] - Object: 'Object Repository/Application_OR/btn_SUBMIT_AGENT_SIGNATURE' is clicked on

2018-01-29 16:59:32 - [TEST_STEP][PASSED] - delay: Delayed 5 second(s)

2018-01-29 16:59:37 - [MESSAGE][PASSED] - Delayed 5 second(s)

2018-01-29 16:59:37 - [TEST_STEP][PASSED] - click: Object: 'Object Repository/Application_OR/btn_SURPLUSLINE_ACK' is clicked on

2018-01-29 16:59:43 - [MESSAGE][PASSED] - Object: 'Object Repository/Application_OR/btn_SURPLUSLINE_ACK' is clicked on

2018-01-29 16:59:43 - [TEST_STEP][PASSED] - delay: Delayed 5 second(s)

2018-01-29 16:59:48 - [MESSAGE][PASSED] - Delayed 5 second(s)

2018-01-29 16:59:48 - [TEST_STEP][PASSED] - click: Object: 'Object Repository/Application_OR/txtfield_SURPLUSLINE_FORM_TEXT' is clicked on

2018-01-29 16:59:53 - [MESSAGE][PASSED] - Object: 'Object Repository/Application_OR/txtfield_SURPLUSLINE_FORM_TEXT' is clicked on

2018-01-29 16:59:53 - [TEST_STEP][PASSED] - setText: Text 'Testing' is set on object 'Object Repository/Application_OR/txtfield_SURPLUSLINE_FORM_TEXT'

2018-01-29 16:59:53 - [MESSAGE][PASSED] - Text 'Testing' is set on object 'Object Repository/Application_OR/txtfield_SURPLUSLINE_FORM_TEXT'

2018-01-29 16:59:53 - [TEST_STEP][PASSED] - delay: Delayed 5 second(s)

2018-01-29 16:59:58 - [MESSAGE][PASSED] - Delayed 5 second(s)

2018-01-29 16:59:58 - [TEST_STEP][PASSED] - click: Object: 'Object Repository/Application_OR/btn_SUBMIT_SURPLUSLINE' is clicked on

2018-01-29 17:00:03 - [MESSAGE][PASSED] - Object: 'Object Repository/Application_OR/btn_SUBMIT_SURPLUSLINE' is clicked on

2018-01-29 17:00:03 - [TEST_STEP][PASSED] - delay: Delayed 5 second(s)

2018-01-29 17:00:08 - [MESSAGE][PASSED] - Delayed 5 second(s)

2018-01-29 17:00:08 - [TEST_STEP][PASSED] - click: Object: 'Object Repository/Application_OR/btn_SUBMIT_FOR_UW_APPROVAL' is clicked on

2018-01-29 17:00:12 - [MESSAGE][PASSED] - Object: 'Object Repository/Application_OR/btn_SUBMIT_FOR_UW_APPROVAL' is clicked on

2018-01-29 17:00:12 - [TEST_STEP][PASSED] - delay: Delayed 8 second(s)

2018-01-29 17:00:20 - [MESSAGE][PASSED] - Delayed 8 second(s)

2018-01-29 17:00:20 - [TEST_STEP][PASSED] - click: Object: 'Object Repository/Application_OR/btn_LOGOUT' is clicked on

2018-01-29 17:00:21 - [MESSAGE][PASSED] - Object: 'Object Repository/Application_OR/btn_LOGOUT' is clicked on

2018-01-29 17:00:21 - [TEST_STEP][PASSED] - delay: Delayed 5 second(s)

2018-01-29 17:00:26 - [MESSAGE][PASSED] - Delayed 5 second(s)

2018-01-29 17:00:26 - [TEST_STEP][PASSED] - setText: Text 'ih.william' is set on object 'Object Repository/Quote_OR/txtfield_USERNAME'

2018-01-29 17:00:26 - [MESSAGE][PASSED] - Text 'ih.william' is set on object 'Object Repository/Quote_OR/txtfield_USERNAME'

2018-01-29 17:00:26 - [TEST_STEP][PASSED] - setText: Text '10#Hammer' is set on object 'Object Repository/Quote_OR/txtfield_PASSWORD'

2018-01-29 17:00:26 - [MESSAGE][PASSED] - Text '10#Hammer' is set on object 'Object Repository/Quote_OR/txtfield_PASSWORD'

2018-01-29 17:00:26 - [TEST_STEP][PASSED] - click: Object: 'Object Repository/Quote_OR/btn-LOGIN' is clicked on

2018-01-29 17:00:29 - [MESSAGE][PASSED] - Object: 'Object Repository/Quote_OR/btn-LOGIN' is clicked on

2018-01-29 17:00:29 - [TEST_STEP][PASSED] - delay: Delayed 5 second(s)

2018-01-29 17:00:34 - [MESSAGE][PASSED] - Delayed 5 second(s)

2018-01-29 17:00:34 - [TEST_STEP][PASSED] - Statement - btnId = "//*[@id="btnLoadApplication_" + policyInfoId + ""]": null

2018-01-29 17:00:34 - [TEST_STEP][PASSED] - Statement - btnViewApplication = new com.kms.katalon.core.testobject.TestObject(btnViewApplication): null

2018-01-29 17:00:34 - [TEST_STEP][PASSED] - Statement - btnViewApplication.addProperty("xpath", EQUALS, btnId, true): null

2018-01-29 17:00:34 - [TEST_STEP][PASSED] - delay: Delayed 20 second(s)

2018-01-29 17:00:54 - [MESSAGE][PASSED] - Delayed 20 second(s)

2018-01-29 17:00:54 - [TEST_STEP][PASSED] - click: Object: 'btnViewApplication' is clicked on

2018-01-29 17:00:55 - [MESSAGE][PASSED] - Object: 'btnViewApplication' is clicked on

2018-01-29 17:00:55 - [TEST_STEP][PASSED] - delay: Delayed 8 second(s)

2018-01-29 17:01:03 - [MESSAGE][PASSED] - Delayed 8 second(s)

2018-01-29 17:01:03 - [TEST_STEP][PASSED] - click: Object: 'Object Repository/Application_OR/btn_DOWNLOAD_AFS_UW' is clicked on

2018-01-29 17:01:04 - [MESSAGE][PASSED] - Object: 'Object Repository/Application_OR/btn_DOWNLOAD_AFS_UW' is clicked on

2018-01-29 17:01:04 - [TEST_STEP][PASSED] - delay: Delayed 5 second(s)

2018-01-29 17:01:09 - [MESSAGE][PASSED] - Delayed 5 second(s)

2018-01-29 17:01:09 - [TEST_STEP][PASSED] - click: Object: 'Object Repository/Application_OR/btn_GENERATE_FORMS' is clicked on

2018-01-29 17:01:14 - [MESSAGE][PASSED] - Object: 'Object Repository/Application_OR/btn_GENERATE_FORMS' is clicked on

2018-01-29 17:01:14 - [TEST_STEP][PASSED] - delay: Delayed 5 second(s)

2018-01-29 17:01:19 - [MESSAGE][PASSED] - Delayed 5 second(s)

2018-01-29 17:01:19 - [TEST_STEP][PASSED] - click: Object: 'Object Repository/Application_OR/btn_REQUEST_FOR_BIND' is clicked on

2018-01-29 17:01:24 - [MESSAGE][PASSED] - Object: 'Object Repository/Application_OR/btn_REQUEST_FOR_BIND' is clicked on

2018-01-29 17:01:24 - [TEST_STEP][PASSED] - delay: Delayed 20 second(s)

2018-01-29 17:01:44 - [MESSAGE][PASSED] - Delayed 20 second(s)

2018-01-29 17:01:44 - [TEST_STEP][PASSED] - click: Object: 'Object Repository/Application_OR/btn_VIEW_POLICY_FORMS' is clicked on

2018-01-29 17:01:47 - [MESSAGE][PASSED] - Object: 'Object Repository/Application_OR/btn_VIEW_POLICY_FORMS' is clicked on

2018-01-29 17:01:47 - [TEST_STEP][PASSED] - delay: Delayed 15 second(s)

2018-01-29 17:02:02 - [MESSAGE][PASSED] - Delayed 15 second(s)

2018-01-29 17:02:02 - [TEST_STEP][PASSED] - click: Object: 'Object Repository/Application_OR/btn_UW_APPLICATION_STATUS_MENU' is clicked on

2018-01-29 17:02:08 - [MESSAGE][PASSED] - Object: 'Object Repository/Application_OR/btn_UW_APPLICATION_STATUS_MENU' is clicked on

2018-01-29 17:02:08 - [TEST_STEP][PASSED] - delay: Delayed 2 second(s)

2018-01-29 17:02:10 - [MESSAGE][PASSED] - Delayed 2 second(s)

2018-01-29 17:02:10 - [TEST_STEP][PASSED] - click: Object: 'Object Repository/Application_OR/btn_YES_CONFIRMATION' is clicked on

2018-01-29 17:02:15 - [MESSAGE][PASSED] - Object: 'Object Repository/Application_OR/btn_YES_CONFIRMATION' is clicked on

2018-01-29 17:02:15 - [TEST_STEP][PASSED] - delay: Delayed 20 second(s)

2018-01-29 17:02:35 - [MESSAGE][PASSED] - Delayed 20 second(s)]]></system-out>
         <system-err><![CDATA[]]></system-err>
      </testcase>
      <testcase name="Test Cases/ENDORSEMENT_CREATION" classname="Test Cases/ENDORSEMENT_CREATION" status="ERROR">
         <error type="ERROR" message="Test Cases/ENDORSEMENT_CREATION FAILED because (of) groovy.lang.GroovyRuntimeException: Could not find matching constructor for: org.openqa.selenium.support.ui.WebDriverWait(java.lang.Class, java.lang.Integer)"/>
         <system-out><![CDATA[2018-01-29 17:02:35 - [TEST_CASE][ERROR] - Test Cases/ENDORSEMENT_CREATION: Test Cases/ENDORSEMENT_CREATION FAILED because (of) groovy.lang.GroovyRuntimeException: Could not find matching constructor for: org.openqa.selenium.support.ui.WebDriverWait(java.lang.Class, java.lang.Integer)

2018-01-29 17:02:36 - [TEST_STEP][PASSED] - click: Object: 'Object Repository/Endorsement_OR/btn_ADVANCE_FILTER' is clicked on

2018-01-29 17:02:41 - [MESSAGE][PASSED] - Object: 'Object Repository/Endorsement_OR/btn_ADVANCE_FILTER' is clicked on

2018-01-29 17:02:41 - [TEST_STEP][PASSED] - delay: Delayed 4 second(s)

2018-01-29 17:02:45 - [MESSAGE][PASSED] - Delayed 4 second(s)

2018-01-29 17:02:45 - [TEST_STEP][PASSED] - setText: Text '4343 Elkan Ave, Macon, GA 31206, USA' is set on object 'Object Repository/Endorsement_OR/txtfield_AdvanceFilter_PROPERTY_ADDRESS'

2018-01-29 17:02:45 - [MESSAGE][PASSED] - Text '4343 Elkan Ave, Macon, GA 31206, USA' is set on object 'Object Repository/Endorsement_OR/txtfield_AdvanceFilter_PROPERTY_ADDRESS'

2018-01-29 17:02:45 - [TEST_STEP][PASSED] - delay: Delayed 15 second(s)

2018-01-29 17:03:00 - [MESSAGE][PASSED] - Delayed 15 second(s)

2018-01-29 17:03:00 - [TEST_STEP][PASSED] - click: Object: 'Object Repository/Endorsement_OR/btn_APPLY_Advance_Filter' is clicked on

2018-01-29 17:03:00 - [MESSAGE][PASSED] - Object: 'Object Repository/Endorsement_OR/btn_APPLY_Advance_Filter' is clicked on

2018-01-29 17:03:00 - [TEST_STEP][PASSED] - delay: Delayed 18 second(s)

2018-01-29 17:03:18 - [MESSAGE][PASSED] - Delayed 18 second(s)

2018-01-29 17:03:18 - [TEST_STEP][PASSED] - Statement - policynumber = com.kms.katalon.core.webui.keyword.WebUiBuiltInKeywords.getText(com.kms.katalon.core.testobject.ObjectRepository.findTestObject(Endorsement_OR/get_POLICYNUMBER)): Text of object 'Object Repository/Endorsement_OR/get_POLICYNUMBER' is: 'BCIHGA1800118'

2018-01-29 17:03:18 - [MESSAGE][PASSED] - Text of object 'Object Repository/Endorsement_OR/get_POLICYNUMBER' is: 'BCIHGA1800118'

2018-01-29 17:03:18 - [TEST_STEP][PASSED] - Statement - println(policynumber): null

2018-01-29 17:03:18 - [TEST_STEP][PASSED] - delay: Delayed 10 second(s)

2018-01-29 17:03:28 - [MESSAGE][PASSED] - Delayed 10 second(s)

2018-01-29 17:03:28 - [TEST_STEP][PASSED] - click: Object: 'Object Repository/Endorsement_OR/btn_ENDORSEMENT_MENU' is clicked on

2018-01-29 17:03:28 - [MESSAGE][PASSED] - Object: 'Object Repository/Endorsement_OR/btn_ENDORSEMENT_MENU' is clicked on

2018-01-29 17:03:28 - [TEST_STEP][PASSED] - delay: Delayed 3 second(s)

2018-01-29 17:03:31 - [MESSAGE][PASSED] - Delayed 3 second(s)

2018-01-29 17:03:31 - [TEST_STEP][PASSED] - click: Object: 'Object Repository/Endorsement_OR/btn_YES_CONFIRMATION_ENDORSEMENT' is clicked on

2018-01-29 17:03:32 - [MESSAGE][PASSED] - Object: 'Object Repository/Endorsement_OR/btn_YES_CONFIRMATION_ENDORSEMENT' is clicked on

2018-01-29 17:03:32 - [TEST_STEP][PASSED] - delay: Delayed 6 second(s)

2018-01-29 17:03:38 - [MESSAGE][PASSED] - Delayed 6 second(s)

2018-01-29 17:03:38 - [TEST_STEP][PASSED] - setText: Text 'BCIHGA1800118' is set on object 'Object Repository/Endorsement_OR/txtfield_POLICYNUMBER_FOR_ENDORSEMENT'

2018-01-29 17:03:38 - [MESSAGE][PASSED] - Text 'BCIHGA1800118' is set on object 'Object Repository/Endorsement_OR/txtfield_POLICYNUMBER_FOR_ENDORSEMENT'

2018-01-29 17:03:38 - [TEST_STEP][PASSED] - delay: Delayed 6 second(s)

2018-01-29 17:03:44 - [MESSAGE][PASSED] - Delayed 6 second(s)

2018-01-29 17:03:44 - [TEST_STEP][PASSED] - click: Object: 'Object Repository/Endorsement_OR/btn_SEARCH_FOR_ENDORSEMENT' is clicked on

2018-01-29 17:03:44 - [MESSAGE][PASSED] - Object: 'Object Repository/Endorsement_OR/btn_SEARCH_FOR_ENDORSEMENT' is clicked on

2018-01-29 17:03:44 - [TEST_STEP][PASSED] - delay: Delayed 10 second(s)

2018-01-29 17:03:54 - [MESSAGE][PASSED] - Delayed 10 second(s)

2018-01-29 17:03:54 - [TEST_STEP][PASSED] - click: Object: 'Object Repository/Endorsement_OR/btn_ENDORSE_UW' is clicked on

2018-01-29 17:03:57 - [MESSAGE][PASSED] - Object: 'Object Repository/Endorsement_OR/btn_ENDORSE_UW' is clicked on

2018-01-29 17:03:57 - [TEST_STEP][PASSED] - delay: Delayed 6 second(s)

2018-01-29 17:04:03 - [MESSAGE][PASSED] - Delayed 6 second(s)

2018-01-29 17:04:03 - [TEST_STEP][PASSED] - click: Object: 'Object Repository/Endorsement_OR/btn_EDIT_APPLICANTINFO_UW' is clicked on

2018-01-29 17:04:03 - [MESSAGE][PASSED] - Object: 'Object Repository/Endorsement_OR/btn_EDIT_APPLICANTINFO_UW' is clicked on

2018-01-29 17:04:03 - [TEST_STEP][PASSED] - delay: Delayed 6 second(s)

2018-01-29 17:04:09 - [MESSAGE][PASSED] - Delayed 6 second(s)

2018-01-29 17:04:09 - [TEST_STEP][PASSED] - click: Object: 'Object Repository/Endorsement_OR/btn_RECALCULATE_UW' is clicked on

2018-01-29 17:04:09 - [MESSAGE][PASSED] - Object: 'Object Repository/Endorsement_OR/btn_RECALCULATE_UW' is clicked on

2018-01-29 17:04:09 - [TEST_STEP][PASSED] - delay: Delayed 6 second(s)

2018-01-29 17:04:15 - [MESSAGE][PASSED] - Delayed 6 second(s)

2018-01-29 17:04:15 - [TEST_STEP][PASSED] - setText: Text 'James' is set on object 'Object Repository/Endorsement_OR/txtfield_PRIFIRSTNAME_UW'

2018-01-29 17:04:15 - [MESSAGE][PASSED] - Text 'James' is set on object 'Object Repository/Endorsement_OR/txtfield_PRIFIRSTNAME_UW'

2018-01-29 17:04:15 - [TEST_STEP][PASSED] - delay: Delayed 2 second(s)

2018-01-29 17:04:17 - [MESSAGE][PASSED] - Delayed 2 second(s)

2018-01-29 17:04:17 - [TEST_STEP][PASSED] - click: Object: 'Object Repository/Endorsement_OR/btn_UPDATE_APPLICANTINFO_UW' is clicked on

2018-01-29 17:04:17 - [MESSAGE][PASSED] - Object: 'Object Repository/Endorsement_OR/btn_UPDATE_APPLICANTINFO_UW' is clicked on

2018-01-29 17:04:17 - [TEST_STEP][PASSED] - delay: Delayed 2 second(s)

2018-01-29 17:04:19 - [MESSAGE][PASSED] - Delayed 2 second(s)

2018-01-29 17:04:19 - [TEST_STEP][PASSED] - click: Object: 'Object Repository/Endorsement_OR/btn_RECALCULATE_UW' is clicked on

2018-01-29 17:04:19 - [MESSAGE][PASSED] - Object: 'Object Repository/Endorsement_OR/btn_RECALCULATE_UW' is clicked on

2018-01-29 17:04:19 - [TEST_STEP][PASSED] - delay: Delayed 6 second(s)

2018-01-29 17:04:25 - [MESSAGE][PASSED] - Delayed 6 second(s)

2018-01-29 17:04:25 - [TEST_STEP][PASSED] - scrollToPosition: Browser is scrolled to position x = 0, y = 50

2018-01-29 17:04:26 - [MESSAGE][PASSED] - Browser is scrolled to position x = 0, y = 50

2018-01-29 17:04:26 - [TEST_STEP][PASSED] - delay: Delayed 3 second(s)

2018-01-29 17:04:28 - [MESSAGE][PASSED] - Delayed 3 second(s)

2018-01-29 17:04:28 - [TEST_STEP][PASSED] - click: Object: 'Object Repository/Endorsement_OR/btn_EDIT_COVERAGE_UW' is clicked on

2018-01-29 17:04:29 - [MESSAGE][PASSED] - Object: 'Object Repository/Endorsement_OR/btn_EDIT_COVERAGE_UW' is clicked on

2018-01-29 17:04:29 - [TEST_STEP][PASSED] - delay: Delayed 6 second(s)

2018-01-29 17:04:35 - [MESSAGE][PASSED] - Delayed 6 second(s)

2018-01-29 17:04:35 - [TEST_STEP][PASSED] - click: Object: 'Object Repository/Endorsement_OR/drp_SETTLEMENTTYPE_UW' is clicked on

2018-01-29 17:04:35 - [MESSAGE][PASSED] - Object: 'Object Repository/Endorsement_OR/drp_SETTLEMENTTYPE_UW' is clicked on

2018-01-29 17:04:35 - [TEST_STEP][PASSED] - selectOptionByValue: All options with value 'ACV' are selected in object 'Object Repository/Endorsement_OR/drp_SETTLEMENTTYPE_UW' 

2018-01-29 17:04:35 - [MESSAGE][PASSED] - All options with value 'ACV' are selected in object 'Object Repository/Endorsement_OR/drp_SETTLEMENTTYPE_UW' 

2018-01-29 17:04:35 - [TEST_STEP][PASSED] - click: Object: 'Object Repository/Endorsement_OR/btn_UPDATE_COVERAGE_UW' is clicked on

2018-01-29 17:04:35 - [MESSAGE][PASSED] - Object: 'Object Repository/Endorsement_OR/btn_UPDATE_COVERAGE_UW' is clicked on

2018-01-29 17:04:35 - [TEST_STEP][PASSED] - delay: Delayed 2 second(s)

2018-01-29 17:04:37 - [MESSAGE][PASSED] - Delayed 2 second(s)

2018-01-29 17:04:37 - [TEST_STEP][PASSED] - click: Object: 'Object Repository/Endorsement_OR/btn_RECALCULATE_UW' is clicked on

2018-01-29 17:04:37 - [MESSAGE][PASSED] - Object: 'Object Repository/Endorsement_OR/btn_RECALCULATE_UW' is clicked on

2018-01-29 17:04:37 - [TEST_STEP][PASSED] - delay: Delayed 2 second(s)

2018-01-29 17:04:39 - [MESSAGE][PASSED] - Delayed 2 second(s)

2018-01-29 17:04:39 - [TEST_STEP][PASSED] - click: Object: 'Object Repository/Endorsement_OR/txtfield_ENDORSEMENTEFFECTIVEDATE_UW' is clicked on

2018-01-29 17:04:39 - [MESSAGE][PASSED] - Object: 'Object Repository/Endorsement_OR/txtfield_ENDORSEMENTEFFECTIVEDATE_UW' is clicked on

2018-01-29 17:04:39 - [TEST_STEP][PASSED] - Statement - use(groovy.time.TimeCategory, { -> ... }): null

2018-01-29 17:04:39 - [TEST_STEP][PASSED] - scrollToPosition: Browser is scrolled to position x = 0, y = 50

2018-01-29 17:04:39 - [MESSAGE][PASSED] - Browser is scrolled to position x = 0, y = 50

2018-01-29 17:04:39 - [TEST_STEP][PASSED] - click: Object: 'Object Repository/Endorsement_OR/btn_EDIT_PROPERTY_UW' is clicked on

2018-01-29 17:04:40 - [MESSAGE][PASSED] - Object: 'Object Repository/Endorsement_OR/btn_EDIT_PROPERTY_UW' is clicked on

2018-01-29 17:04:40 - [TEST_STEP][PASSED] - delay: Delayed 2 second(s)

2018-01-29 17:04:42 - [MESSAGE][PASSED] - Delayed 2 second(s)

2018-01-29 17:04:42 - [TEST_STEP][PASSED] - setText: Text '1970' is set on object 'Object Repository/Endorsement_OR/txtfield_HOME_BUILD_ENDORSEMENT_UW'

2018-01-29 17:04:42 - [MESSAGE][PASSED] - Text '1970' is set on object 'Object Repository/Endorsement_OR/txtfield_HOME_BUILD_ENDORSEMENT_UW'

2018-01-29 17:04:42 - [TEST_STEP][PASSED] - delay: Delayed 4 second(s)

2018-01-29 17:04:46 - [MESSAGE][PASSED] - Delayed 4 second(s)

2018-01-29 17:04:46 - [TEST_STEP][PASSED] - setText: Text '500000' is set on object 'Object Repository/Endorsement_OR/txtfield_EXIMATED_VALUATION_UW'

2018-01-29 17:04:46 - [MESSAGE][PASSED] - Text '500000' is set on object 'Object Repository/Endorsement_OR/txtfield_EXIMATED_VALUATION_UW'

2018-01-29 17:04:46 - [TEST_STEP][PASSED] - delay: Delayed 4 second(s)

2018-01-29 17:04:50 - [MESSAGE][PASSED] - Delayed 4 second(s)

2018-01-29 17:04:50 - [TEST_STEP][PASSED] - click: Object: 'Object Repository/Endorsement_OR/drp_CONSTRUCTION_TYPE_UW' is clicked on

2018-01-29 17:04:50 - [MESSAGE][PASSED] - Object: 'Object Repository/Endorsement_OR/drp_CONSTRUCTION_TYPE_UW' is clicked on

2018-01-29 17:04:50 - [TEST_STEP][PASSED] - selectOptionByIndex: All options with index in [3] are selected on object 'Object Repository/Endorsement_OR/drp_CONSTRUCTION_TYPE_UW'

2018-01-29 17:04:50 - [MESSAGE][PASSED] - All options with index in [3] are selected on object 'Object Repository/Endorsement_OR/drp_CONSTRUCTION_TYPE_UW'

2018-01-29 17:04:51 - [TEST_STEP][PASSED] - delay: Delayed 4 second(s)

2018-01-29 17:04:55 - [MESSAGE][PASSED] - Delayed 4 second(s)

2018-01-29 17:04:55 - [TEST_STEP][PASSED] - click: Object: 'Object Repository/Endorsement_OR/btn_UPDATE_ENDORSEMENT_PROPERTY_UW' is clicked on

2018-01-29 17:04:55 - [MESSAGE][PASSED] - Object: 'Object Repository/Endorsement_OR/btn_UPDATE_ENDORSEMENT_PROPERTY_UW' is clicked on

2018-01-29 17:04:55 - [TEST_STEP][PASSED] - delay: Delayed 4 second(s)

2018-01-29 17:04:59 - [MESSAGE][PASSED] - Delayed 4 second(s)

2018-01-29 17:04:59 - [TEST_STEP][PASSED] - click: Object: 'Object Repository/Endorsement_OR/btn_RECALCULATE_UW' is clicked on

2018-01-29 17:04:59 - [MESSAGE][PASSED] - Object: 'Object Repository/Endorsement_OR/btn_RECALCULATE_UW' is clicked on

2018-01-29 17:04:59 - [TEST_STEP][PASSED] - delay: Delayed 4 second(s)

2018-01-29 17:05:03 - [MESSAGE][PASSED] - Delayed 4 second(s)

2018-01-29 17:05:03 - [TEST_STEP][PASSED] - click: Object: 'Object Repository/Endorsement_OR/btn_GENERATE_FORMS_UW' is clicked on

2018-01-29 17:05:03 - [MESSAGE][PASSED] - Object: 'Object Repository/Endorsement_OR/btn_GENERATE_FORMS_UW' is clicked on

2018-01-29 17:05:03 - [TEST_STEP][PASSED] - delay: Delayed 4 second(s)

2018-01-29 17:05:07 - [MESSAGE][PASSED] - Delayed 4 second(s)

2018-01-29 17:05:07 - [TEST_STEP][PASSED] - click: Object: 'Object Repository/Endorsement_OR/btn_APPROVE_ENDORSEMENT' is clicked on

2018-01-29 17:05:07 - [MESSAGE][PASSED] - Object: 'Object Repository/Endorsement_OR/btn_APPROVE_ENDORSEMENT' is clicked on

2018-01-29 17:05:07 - [TEST_STEP][PASSED] - delay: Delayed 6 second(s)

2018-01-29 17:05:13 - [MESSAGE][PASSED] - Delayed 6 second(s)

2018-01-29 17:05:13 - [TEST_STEP][PASSED] - click: Object: 'Object Repository/Endorsement_OR/chkbx_HOMEOWNER_END_FORM' is clicked on

2018-01-29 17:05:13 - [MESSAGE][PASSED] - Object: 'Object Repository/Endorsement_OR/chkbx_HOMEOWNER_END_FORM' is clicked on

2018-01-29 17:05:13 - [TEST_STEP][PASSED] - delay: Delayed 4 second(s)

2018-01-29 17:05:17 - [MESSAGE][PASSED] - Delayed 4 second(s)

2018-01-29 17:05:17 - [TEST_STEP][PASSED] - click: Object: 'Object Repository/Endorsement_OR/chkbx_HOMEOWNER_END_FORM' is clicked on

2018-01-29 17:05:18 - [MESSAGE][PASSED] - Object: 'Object Repository/Endorsement_OR/chkbx_HOMEOWNER_END_FORM' is clicked on

2018-01-29 17:05:18 - [TEST_STEP][PASSED] - delay: Delayed 4 second(s)

2018-01-29 17:05:22 - [MESSAGE][PASSED] - Delayed 4 second(s)

2018-01-29 17:05:22 - [TEST_STEP][PASSED] - click: Object: 'Object Repository/Endorsement_OR/btn_FILLDATA_HOMEOWNER_END_FORM' is clicked on

2018-01-29 17:05:22 - [MESSAGE][PASSED] - Object: 'Object Repository/Endorsement_OR/btn_FILLDATA_HOMEOWNER_END_FORM' is clicked on

2018-01-29 17:05:22 - [TEST_STEP][PASSED] - delay: Delayed 10 second(s)

2018-01-29 17:05:32 - [MESSAGE][PASSED] - Delayed 10 second(s)

2018-01-29 17:05:32 - [TEST_STEP][PASSED] - setText: Text 'Testing' is set on object 'Object Repository/Endorsement_OR/txtfield_HOMEOWNER_END_FORM'

2018-01-29 17:05:32 - [MESSAGE][PASSED] - Text 'Testing' is set on object 'Object Repository/Endorsement_OR/txtfield_HOMEOWNER_END_FORM'

2018-01-29 17:05:32 - [TEST_STEP][PASSED] - delay: Delayed 4 second(s)

2018-01-29 17:05:36 - [MESSAGE][PASSED] - Delayed 4 second(s)

2018-01-29 17:05:36 - [TEST_STEP][PASSED] - click: Object: 'Object Repository/Endorsement_OR/btn_SUBMIT_HOMEOWNER_END_FORM' is clicked on

2018-01-29 17:05:36 - [MESSAGE][PASSED] - Object: 'Object Repository/Endorsement_OR/btn_SUBMIT_HOMEOWNER_END_FORM' is clicked on

2018-01-29 17:05:36 - [TEST_STEP][PASSED] - delay: Delayed 4 second(s)

2018-01-29 17:05:40 - [MESSAGE][PASSED] - Delayed 4 second(s)

2018-01-29 17:05:40 - [TEST_STEP][PASSED] - click: Object: 'Object Repository/Endorsement_OR/btn_VIEW_DRAFT_END' is clicked on

2018-01-29 17:05:41 - [MESSAGE][PASSED] - Object: 'Object Repository/Endorsement_OR/btn_VIEW_DRAFT_END' is clicked on

2018-01-29 17:05:41 - [TEST_STEP][PASSED] - delay: Delayed 4 second(s)

2018-01-29 17:05:45 - [MESSAGE][PASSED] - Delayed 4 second(s)

2018-01-29 17:05:45 - [TEST_STEP][PASSED] - click: Object: 'Object Repository/Endorsement_OR/btn_APPROVE_ENDORSEMENT' is clicked on

2018-01-29 17:05:45 - [MESSAGE][PASSED] - Object: 'Object Repository/Endorsement_OR/btn_APPROVE_ENDORSEMENT' is clicked on

2018-01-29 17:05:45 - [TEST_STEP][PASSED] - Statement - wait2 = new org.openqa.selenium.support.ui.WebDriverWait(com.kms.katalon.core.webui.keyword.WebUiBuiltInKeywords, 30): null]]></system-out>
         <system-err><![CDATA[2018-01-29 17:02:35 - [TEST_CASE][ERROR] - Test Cases/ENDORSEMENT_CREATION: Test Cases/ENDORSEMENT_CREATION FAILED because (of) groovy.lang.GroovyRuntimeException: Could not find matching constructor for: org.openqa.selenium.support.ui.WebDriverWait(java.lang.Class, java.lang.Integer)]]></system-err>
      </testcase>
      <testcase name="Test Cases/AGENT_ENDORSEMENT_REQUEST" classname="Test Cases/AGENT_ENDORSEMENT_REQUEST" status="FAILED">
         <failure type="FAILED" message="Unable to set text 'ih.chelms' of object 'Object Repository/Quote_OR/txtfield_USERNAME' (Root cause: com.kms.katalon.core.webui.exception.WebElementNotFoundException: Web element with id: 'Object Repository/Quote_OR/txtfield_USERNAME' located by 'By.xpath: //*[@id=&quot;txtUserName&quot;]' not found)"/>
         <system-out><![CDATA[2018-01-29 17:05:45 - [TEST_CASE][FAILED] - Test Cases/AGENT_ENDORSEMENT_REQUEST: Test Cases/AGENT_ENDORSEMENT_REQUEST FAILED because (of) Unable to set text 'ih.chelms' of object 'Object Repository/Quote_OR/txtfield_USERNAME' (Root cause: com.kms.katalon.core.webui.exception.WebElementNotFoundException: Web element with id: 'Object Repository/Quote_OR/txtfield_USERNAME' located by 'By.xpath: //*[@id="txtUserName"]' not found)

2018-01-29 17:05:45 - [TEST_STEP][FAILED] - setText: Unable to set text 'ih.chelms' of object 'Object Repository/Quote_OR/txtfield_USERNAME' (Root cause: com.kms.katalon.core.webui.exception.WebElementNotFoundException: Web element with id: 'Object Repository/Quote_OR/txtfield_USERNAME' located by 'By.xpath: //*[@id="txtUserName"]' not found)

2018-01-29 17:06:18 - [MESSAGE][FAILED] - Unable to set text 'ih.chelms' of object 'Object Repository/Quote_OR/txtfield_USERNAME' (Root cause: com.kms.katalon.core.webui.exception.WebElementNotFoundException: Web element with id: 'Object Repository/Quote_OR/txtfield_USERNAME' located by 'By.xpath: //*[@id="txtUserName"]' not found)
[[ATTACHMENT|D:\\Katalon_Practice_Workspace\\Katalon_Mitendra\\Reports\\PPE\\20180129_165435\\1517225777988.png]]]]></system-out>
         <system-err><![CDATA[2018-01-29 17:05:45 - [TEST_CASE][FAILED] - Test Cases/AGENT_ENDORSEMENT_REQUEST: Test Cases/AGENT_ENDORSEMENT_REQUEST FAILED because (of) Unable to set text 'ih.chelms' of object 'Object Repository/Quote_OR/txtfield_USERNAME' (Root cause: com.kms.katalon.core.webui.exception.WebElementNotFoundException: Web element with id: 'Object Repository/Quote_OR/txtfield_USERNAME' located by 'By.xpath: //*[@id="txtUserName"]' not found)]]></system-err>
      </testcase>
      <system-out><![CDATA[2018-01-29 16:54:37 - [TEST_SUITE][ERROR] - PPE: Test Cases/ENDORSEMENT_CREATION FAILED because (of) groovy.lang.GroovyRuntimeException: Could not find matching constructor for: org.openqa.selenium.support.ui.WebDriverWait(java.lang.Class, java.lang.Integer)]]></system-out>
      <system-err><![CDATA[2018-01-29 16:54:37 - [TEST_SUITE][ERROR] - PPE: Test Cases/ENDORSEMENT_CREATION FAILED because (of) groovy.lang.GroovyRuntimeException: Could not find matching constructor for: org.openqa.selenium.support.ui.WebDriverWait(java.lang.Class, java.lang.Integer)]]></system-err>
   </testsuite>
</testsuites>
