<?xml version="1.0" encoding="UTF-8"?>
<testsuites name="PPE" time="259" tests="1" failures="2" errors="0">
   <testsuite name="PPE" tests="1" failures="2" errors="0" time="259" timestamp="2018-01-17 19:21:35" hostname="gsalunkhe - CTS-QUA-4.cogitate.india" id="Test Suites/PPE">
      <properties>
         <property name="deviceName" value=""/>
         <property name="devicePlatform" value=""/>
         <property name="logFolder" value="D:\\Katalon_Practice_Workspace\\Katalon_Mitendra\\Reports\\PPE\\20180117_192134"/>
         <property name="logFiles" value="D:\\Katalon_Practice_Workspace\\Katalon_Mitendra\\Reports\\PPE\\20180117_192134\\execution0.log"/>
         <property name="attachments" value="D:\\Katalon_Practice_Workspace\\Katalon_Mitendra\\Reports\\PPE\\20180117_192134\\1516197322395.png, D:\\Katalon_Practice_Workspace\\Katalon_Mitendra\\Reports\\PPE\\20180117_192134\\1516197353893.png"/>
         <property name="hostName" value="gsalunkhe - CTS-QUA-4.cogitate.india"/>
         <property name="os" value="Windows 7 64bit"/>
         <property name="katalonVersion" value="5.0.1.1"/>
         <property name="browser" value="Chrome 63.0.3239.132"/>
         <property name="hostAddress" value="192.168.0.4"/>
         <property name="sessionId" value="d67839db80ece22e20606f03be961b60"/>
         <property name="seleniumVersion" value="2.53.0"/>
         <property name="proxyInformation" value="ProxyInformation{proxyOption=NO_PROXY, proxyServerType=HTTP, password=, proxyServerAddress=, proxyServerPort=0}"/>
         <property name="platform" value="Windows 7"/>
      </properties>
      <testcase name="Test Cases/QUOTE_CREATION" classname="Test Cases/QUOTE_CREATION" status="PASSED">
         <system-out><![CDATA[2018-01-17 19:21:36 - [TEST_CASE][PASSED] - Test Cases/QUOTE_CREATION: Test Cases/QUOTE_CREATION

2018-01-17 19:21:36 - [TEST_STEP][PASSED] - openBrowser: Browser is opened with url: 'http://13.90.102.191:8066'

2018-01-17 19:21:44 - [MESSAGE][PASSED] - Browser is opened with url: 'http://13.90.102.191:8066'

2018-01-17 19:21:44 - [TEST_STEP][PASSED] - maximizeWindow: Current window maximized

2018-01-17 19:21:45 - [MESSAGE][PASSED] - Current window maximized

2018-01-17 19:21:45 - [TEST_STEP][PASSED] - setText: Text 'ih.chelms' is set on object 'Object Repository/Quote_OR/txtfield_USERNAME'

2018-01-17 19:21:45 - [MESSAGE][PASSED] - Text 'ih.chelms' is set on object 'Object Repository/Quote_OR/txtfield_USERNAME'

2018-01-17 19:21:45 - [TEST_STEP][PASSED] - setText: Text '10#Hammer' is set on object 'Object Repository/Quote_OR/txtfield_PASSWORD'

2018-01-17 19:21:45 - [MESSAGE][PASSED] - Text '10#Hammer' is set on object 'Object Repository/Quote_OR/txtfield_PASSWORD'

2018-01-17 19:21:45 - [TEST_STEP][PASSED] - click: Object: 'Object Repository/Quote_OR/btn-LOGIN' is clicked on

2018-01-17 19:21:53 - [MESSAGE][PASSED] - Object: 'Object Repository/Quote_OR/btn-LOGIN' is clicked on

2018-01-17 19:21:53 - [TEST_STEP][PASSED] - setText: Text '185 Best Dr Athens, GA 30606 USA' is set on object 'Object Repository/Quote_OR/txtfield_ADDRESS_ON_LANDING_PAGE'

2018-01-17 19:21:53 - [MESSAGE][PASSED] - Text '185 Best Dr Athens, GA 30606 USA' is set on object 'Object Repository/Quote_OR/txtfield_ADDRESS_ON_LANDING_PAGE'

2018-01-17 19:21:53 - [TEST_STEP][PASSED] - click: Object: 'Object Repository/Quote_OR/btn_SEARCH_ADDRESS' is clicked on

2018-01-17 19:22:08 - [MESSAGE][PASSED] - Object: 'Object Repository/Quote_OR/btn_SEARCH_ADDRESS' is clicked on

2018-01-17 19:22:08 - [TEST_STEP][PASSED] - waitForPageLoad: Wait for page load successfully

2018-01-17 19:22:08 - [MESSAGE][PASSED] - Wait for page load successfully

2018-01-17 19:22:08 - [TEST_STEP][PASSED] - selectOptionByIndex: All options with index in [1] are selected on object 'Object Repository/Quote_OR/drp_PROPERTY_TYPE'

2018-01-17 19:22:08 - [MESSAGE][PASSED] - All options with index in [1] are selected on object 'Object Repository/Quote_OR/drp_PROPERTY_TYPE'

2018-01-17 19:22:08 - [TEST_STEP][PASSED] - setText: Text '' is set on object 'Object Repository/Quote_OR/txtfield_HOME_VALUATION'

2018-01-17 19:22:08 - [MESSAGE][PASSED] - Text '' is set on object 'Object Repository/Quote_OR/txtfield_HOME_VALUATION'

2018-01-17 19:22:08 - [TEST_STEP][PASSED] - selectOptionByIndex: All options with index in [2] are selected on object 'Object Repository/Quote_OR/drp_CONSTRUCTION_TYPE'

2018-01-17 19:22:09 - [MESSAGE][PASSED] - All options with index in [2] are selected on object 'Object Repository/Quote_OR/drp_CONSTRUCTION_TYPE'

2018-01-17 19:22:09 - [TEST_STEP][PASSED] - setText: Text '100000' is set on object 'Object Repository/Quote_OR/txtfield_HOME_VALUATION'

2018-01-17 19:22:09 - [MESSAGE][PASSED] - Text '100000' is set on object 'Object Repository/Quote_OR/txtfield_HOME_VALUATION'

2018-01-17 19:22:09 - [TEST_STEP][PASSED] - delay: Delayed 2 second(s)

2018-01-17 19:22:11 - [MESSAGE][PASSED] - Delayed 2 second(s)

2018-01-17 19:22:11 - [TEST_STEP][PASSED] - setText: Text '' is set on object 'Object Repository/Quote_OR/txtbx_YEARHOMEBUILD'

2018-01-17 19:22:11 - [MESSAGE][PASSED] - Text '' is set on object 'Object Repository/Quote_OR/txtbx_YEARHOMEBUILD'

2018-01-17 19:22:11 - [TEST_STEP][PASSED] - setText: Text '1968' is set on object 'Object Repository/Quote_OR/txtbx_YEARHOMEBUILD'

2018-01-17 19:22:11 - [MESSAGE][PASSED] - Text '1968' is set on object 'Object Repository/Quote_OR/txtbx_YEARHOMEBUILD'

2018-01-17 19:22:11 - [TEST_STEP][PASSED] - click: Object: 'Object Repository/Quote_OR/btn_GETQUOTE' is clicked on

2018-01-17 19:22:12 - [MESSAGE][PASSED] - Object: 'Object Repository/Quote_OR/btn_GETQUOTE' is clicked on

2018-01-17 19:22:12 - [TEST_STEP][PASSED] - delay: Delayed 1 second(s)

2018-01-17 19:22:13 - [MESSAGE][PASSED] - Delayed 1 second(s)

2018-01-17 19:22:13 - [TEST_STEP][PASSED] - click: Object: 'Object Repository/Quote_OR/btn_SENDQUOTE' is clicked on

2018-01-17 19:22:19 - [MESSAGE][PASSED] - Object: 'Object Repository/Quote_OR/btn_SENDQUOTE' is clicked on

2018-01-17 19:22:19 - [TEST_STEP][PASSED] - delay: Delayed 1 second(s)

2018-01-17 19:22:20 - [MESSAGE][PASSED] - Delayed 1 second(s)

2018-01-17 19:22:20 - [TEST_STEP][PASSED] - setText: Text 'Ganesh' is set on object 'Object Repository/Quote_OR/txtfield_SENDQUOTE_FIRSTNAME'

2018-01-17 19:22:20 - [MESSAGE][PASSED] - Text 'Ganesh' is set on object 'Object Repository/Quote_OR/txtfield_SENDQUOTE_FIRSTNAME'

2018-01-17 19:22:20 - [TEST_STEP][PASSED] - setText: Text 'Salunkhe' is set on object 'Object Repository/Quote_OR/txtfield_SENDQUOTE_LASTNAME'

2018-01-17 19:22:20 - [MESSAGE][PASSED] - Text 'Salunkhe' is set on object 'Object Repository/Quote_OR/txtfield_SENDQUOTE_LASTNAME'

2018-01-17 19:22:20 - [TEST_STEP][PASSED] - delay: Delayed 10 second(s)

2018-01-17 19:22:30 - [MESSAGE][PASSED] - Delayed 10 second(s)

2018-01-17 19:22:30 - [TEST_STEP][PASSED] - setText: Text '9768180080' is set on object 'Object Repository/Quote_OR/txtfield_SENDQUOTE_CONTACTNUMBER'

2018-01-17 19:22:30 - [MESSAGE][PASSED] - Text '9768180080' is set on object 'Object Repository/Quote_OR/txtfield_SENDQUOTE_CONTACTNUMBER'

2018-01-17 19:22:30 - [TEST_STEP][PASSED] - delay: Delayed 10 second(s)

2018-01-17 19:22:40 - [MESSAGE][PASSED] - Delayed 10 second(s)

2018-01-17 19:22:40 - [TEST_STEP][PASSED] - setText: Text 'gsalunkhe@cogitate.us' is set on object 'Object Repository/Quote_OR/txtfield_SENDQUOTE_EMAIL'

2018-01-17 19:22:41 - [MESSAGE][PASSED] - Text 'gsalunkhe@cogitate.us' is set on object 'Object Repository/Quote_OR/txtfield_SENDQUOTE_EMAIL'

2018-01-17 19:22:41 - [TEST_STEP][PASSED] - delay: Delayed 10 second(s)

2018-01-17 19:22:51 - [MESSAGE][PASSED] - Delayed 10 second(s)

2018-01-17 19:22:51 - [TEST_STEP][PASSED] - click: Object: 'Object Repository/Quote_OR/btn_SEND_QUOTE_DETAILS' is clicked on

2018-01-17 19:22:51 - [MESSAGE][PASSED] - Object: 'Object Repository/Quote_OR/btn_SEND_QUOTE_DETAILS' is clicked on

2018-01-17 19:22:51 - [TEST_STEP][PASSED] - selectOptionByIndex: All options with index in [1] are selected on object 'Object Repository/Quote_OR/drp_CONSTRUCTION_TYPE'

2018-01-17 19:22:51 - [MESSAGE][PASSED] - All options with index in [1] are selected on object 'Object Repository/Quote_OR/drp_CONSTRUCTION_TYPE'

2018-01-17 19:22:51 - [TEST_STEP][PASSED] - delay: Delayed 5 second(s)

2018-01-17 19:22:56 - [MESSAGE][PASSED] - Delayed 5 second(s)

2018-01-17 19:22:56 - [TEST_STEP][PASSED] - click: Object: 'Object Repository/Quote_OR/btn_RECALCULATE_PREMIUM' is clicked on

2018-01-17 19:22:56 - [MESSAGE][PASSED] - Object: 'Object Repository/Quote_OR/btn_RECALCULATE_PREMIUM' is clicked on]]></system-out>
         <system-err><![CDATA[]]></system-err>
      </testcase>
      <testcase name="Test Cases/APPLICATION_CREATION" classname="Test Cases/APPLICATION_CREATION" status="FAILED">
         <failure type="FAILED" message="Unable to click on object 'Object Repository/Application_OR/btn_YES_ELECTRICALAGE_POPUP' (Root cause: com.kms.katalon.core.webui.exception.WebElementNotFoundException: Web element with id: 'Object Repository/Application_OR/btn_YES_ELECTRICALAGE_POPUP' located by 'By.xpath: //*[@id=&quot;btnClose&quot;]' not found)"/>
         <system-out><![CDATA[2018-01-17 19:22:56 - [TEST_CASE][FAILED] - Test Cases/APPLICATION_CREATION: Test Cases/APPLICATION_CREATION FAILED because (of) Unable to click on object 'Object Repository/Application_OR/btn_YES_ELECTRICALAGE_POPUP' (Root cause: com.kms.katalon.core.webui.exception.WebElementNotFoundException: Web element with id: 'Object Repository/Application_OR/btn_YES_ELECTRICALAGE_POPUP' located by 'By.xpath: //*[@id="btnClose"]' not found)

2018-01-17 19:22:56 - [TEST_STEP][PASSED] - setText: Text '328 Sunset Dr Athens, GA 30606 USA' is set on object 'Object Repository/Application_OR/txtfield_ADDRESS_ON_QUOTE_PAGE'

2018-01-17 19:22:57 - [MESSAGE][PASSED] - Text '328 Sunset Dr Athens, GA 30606 USA' is set on object 'Object Repository/Application_OR/txtfield_ADDRESS_ON_QUOTE_PAGE'

2018-01-17 19:22:57 - [TEST_STEP][PASSED] - click: Object: 'Object Repository/Application_OR/btn_SEARCH_ADDRESS_QUOTE_PAGE' is clicked on

2018-01-17 19:23:24 - [MESSAGE][PASSED] - Object: 'Object Repository/Application_OR/btn_SEARCH_ADDRESS_QUOTE_PAGE' is clicked on

2018-01-17 19:23:24 - [TEST_STEP][PASSED] - setText: Text '' is set on object 'Object Repository/Quote_OR/txtbx_YEARHOMEBUILD'

2018-01-17 19:23:24 - [MESSAGE][PASSED] - Text '' is set on object 'Object Repository/Quote_OR/txtbx_YEARHOMEBUILD'

2018-01-17 19:23:24 - [TEST_STEP][PASSED] - setText: Text '2000' is set on object 'Object Repository/Quote_OR/txtbx_YEARHOMEBUILD'

2018-01-17 19:23:24 - [MESSAGE][PASSED] - Text '2000' is set on object 'Object Repository/Quote_OR/txtbx_YEARHOMEBUILD'

2018-01-17 19:23:24 - [TEST_STEP][PASSED] - selectOptionByIndex: All options with index in [2] are selected on object 'Object Repository/Quote_OR/drp_CONSTRUCTION_TYPE'

2018-01-17 19:23:24 - [MESSAGE][PASSED] - All options with index in [2] are selected on object 'Object Repository/Quote_OR/drp_CONSTRUCTION_TYPE'

2018-01-17 19:23:24 - [TEST_STEP][PASSED] - setText: Text '' is set on object 'Object Repository/Quote_OR/txtfield_HOME_VALUATION'

2018-01-17 19:23:24 - [MESSAGE][PASSED] - Text '' is set on object 'Object Repository/Quote_OR/txtfield_HOME_VALUATION'

2018-01-17 19:23:24 - [TEST_STEP][PASSED] - setText: Text '100000' is set on object 'Object Repository/Quote_OR/txtfield_HOME_VALUATION'

2018-01-17 19:23:25 - [MESSAGE][PASSED] - Text '100000' is set on object 'Object Repository/Quote_OR/txtfield_HOME_VALUATION'

2018-01-17 19:23:25 - [TEST_STEP][PASSED] - click: Object: 'Object Repository/Quote_OR/btn_GETQUOTE' is clicked on

2018-01-17 19:23:25 - [MESSAGE][PASSED] - Object: 'Object Repository/Quote_OR/btn_GETQUOTE' is clicked on

2018-01-17 19:23:25 - [TEST_STEP][PASSED] - delay: Delayed 1 second(s)

2018-01-17 19:23:26 - [MESSAGE][PASSED] - Delayed 1 second(s)

2018-01-17 19:23:26 - [TEST_STEP][PASSED] - click: Object: 'Object Repository/Application_OR/btn_TOAPPLICATION' is clicked on

2018-01-17 19:23:54 - [MESSAGE][PASSED] - Object: 'Object Repository/Application_OR/btn_TOAPPLICATION' is clicked on

2018-01-17 19:23:54 - [TEST_STEP][PASSED] - delay: Delayed 10 second(s)

2018-01-17 19:24:04 - [MESSAGE][PASSED] - Delayed 10 second(s)

2018-01-17 19:24:04 - [TEST_STEP][PASSED] - click: Object: 'Object Repository/Application_OR/btn_CONTINUE_UW_QUESTIONS' is clicked on

2018-01-17 19:24:04 - [MESSAGE][PASSED] - Object: 'Object Repository/Application_OR/btn_CONTINUE_UW_QUESTIONS' is clicked on

2018-01-17 19:24:04 - [TEST_STEP][PASSED] - delay: Delayed 10 second(s)

2018-01-17 19:24:15 - [MESSAGE][PASSED] - Delayed 10 second(s)

2018-01-17 19:24:15 - [TEST_STEP][PASSED] - delay: Delayed 3 second(s)

2018-01-17 19:24:18 - [MESSAGE][PASSED] - Delayed 3 second(s)

2018-01-17 19:24:18 - [TEST_STEP][PASSED] - click: Object: 'Object Repository/Application_OR/txtfield_INSURED_FIRSTNAME' is clicked on

2018-01-17 19:24:18 - [MESSAGE][PASSED] - Object: 'Object Repository/Application_OR/txtfield_INSURED_FIRSTNAME' is clicked on

2018-01-17 19:24:18 - [TEST_STEP][PASSED] - setText: Text 'Ross' is set on object 'Object Repository/Application_OR/txtfield_INSURED_FIRSTNAME'

2018-01-17 19:24:18 - [MESSAGE][PASSED] - Text 'Ross' is set on object 'Object Repository/Application_OR/txtfield_INSURED_FIRSTNAME'

2018-01-17 19:24:18 - [TEST_STEP][PASSED] - setText: Text 'Marshal' is set on object 'Object Repository/Application_OR/txtfield_INSURED_MIDDLENAME'

2018-01-17 19:24:18 - [MESSAGE][PASSED] - Text 'Marshal' is set on object 'Object Repository/Application_OR/txtfield_INSURED_MIDDLENAME'

2018-01-17 19:24:18 - [TEST_STEP][PASSED] - setText: Text 'Guptil' is set on object 'Object Repository/Application_OR/txtfield_INSURED_LASTNAME'

2018-01-17 19:24:18 - [MESSAGE][PASSED] - Text 'Guptil' is set on object 'Object Repository/Application_OR/txtfield_INSURED_LASTNAME'

2018-01-17 19:24:18 - [TEST_STEP][PASSED] - setText: Text '09/10/1999' is set on object 'Object Repository/Application_OR/txtfield_INSURED_DOB'

2018-01-17 19:24:18 - [MESSAGE][PASSED] - Text '09/10/1999' is set on object 'Object Repository/Application_OR/txtfield_INSURED_DOB'

2018-01-17 19:24:18 - [TEST_STEP][PASSED] - delay: Delayed 5 second(s)

2018-01-17 19:24:23 - [MESSAGE][PASSED] - Delayed 5 second(s)

2018-01-17 19:24:23 - [TEST_STEP][PASSED] - setText: Text 'gsalunkhe@cogitate.us' is set on object 'Object Repository/Application_OR/txtfield_INSURED_EMAIL'

2018-01-17 19:24:24 - [MESSAGE][PASSED] - Text 'gsalunkhe@cogitate.us' is set on object 'Object Repository/Application_OR/txtfield_INSURED_EMAIL'

2018-01-17 19:24:24 - [TEST_STEP][PASSED] - delay: Delayed 5 second(s)

2018-01-17 19:24:29 - [MESSAGE][PASSED] - Delayed 5 second(s)

2018-01-17 19:24:29 - [TEST_STEP][PASSED] - setText: Text '9768180080' is set on object 'Object Repository/Application_OR/txtfield_INSURED_CONTACTNUMBER'

2018-01-17 19:24:29 - [MESSAGE][PASSED] - Text '9768180080' is set on object 'Object Repository/Application_OR/txtfield_INSURED_CONTACTNUMBER'

2018-01-17 19:24:29 - [TEST_STEP][PASSED] - delay: Delayed 5 second(s)

2018-01-17 19:24:34 - [MESSAGE][PASSED] - Delayed 5 second(s)

2018-01-17 19:24:34 - [TEST_STEP][PASSED] - Statement - hdnPolicyInfoId = com.kms.katalon.core.testobject.ObjectRepository.findTestObject(Generic_OR/hdnPolicyInfoId): Finding Test Object with id 'Object Repository/Generic_OR/hdnPolicyInfoId'

2018-01-17 19:24:34 - [TEST_STEP][PASSED] - Statement - policyInfoid = com.kms.katalon.core.webui.keyword.WebUiBuiltInKeywords.getAttribute(hdnPolicyInfoId, "value"): Attribute 'value' of object 'Object Repository/Generic_OR/hdnPolicyInfoId' is: '3282'

2018-01-17 19:24:34 - [MESSAGE][PASSED] - Attribute 'value' of object 'Object Repository/Generic_OR/hdnPolicyInfoId' is: '3282'

2018-01-17 19:24:34 - [TEST_STEP][PASSED] - Statement - policyInfoId = policyInfoid: null

2018-01-17 19:24:34 - [TEST_STEP][PASSED] - click: Object: 'Object Repository/Application_OR/btn_POLICYHOLDER_SAVEANDCONTINUE' is clicked on

2018-01-17 19:24:34 - [MESSAGE][PASSED] - Object: 'Object Repository/Application_OR/btn_POLICYHOLDER_SAVEANDCONTINUE' is clicked on

2018-01-17 19:24:34 - [TEST_STEP][PASSED] - delay: Delayed 1 second(s)

2018-01-17 19:24:35 - [MESSAGE][PASSED] - Delayed 1 second(s)

2018-01-17 19:24:35 - [TEST_STEP][PASSED] - click: Object: 'Object Repository/Application_OR/drp_ROOFTYPE_PROPERTYPAGE' is clicked on

2018-01-17 19:24:36 - [MESSAGE][PASSED] - Object: 'Object Repository/Application_OR/drp_ROOFTYPE_PROPERTYPAGE' is clicked on

2018-01-17 19:24:36 - [TEST_STEP][PASSED] - delay: Delayed 3 second(s)

2018-01-17 19:24:39 - [MESSAGE][PASSED] - Delayed 3 second(s)

2018-01-17 19:24:39 - [TEST_STEP][PASSED] - selectOptionByIndex: All options with index in [1] are selected on object 'Object Repository/Application_OR/drp_ROOFTYPE_PROPERTYPAGE'

2018-01-17 19:24:39 - [MESSAGE][PASSED] - All options with index in [1] are selected on object 'Object Repository/Application_OR/drp_ROOFTYPE_PROPERTYPAGE'

2018-01-17 19:24:39 - [TEST_STEP][PASSED] - delay: Delayed 2 second(s)

2018-01-17 19:24:41 - [MESSAGE][PASSED] - Delayed 2 second(s)

2018-01-17 19:24:41 - [TEST_STEP][PASSED] - selectOptionByIndex: All options with index in [3] are selected on object 'Object Repository/Application_OR/drp_FOUNDATIONTYPE_PROPERTYPAGE'

2018-01-17 19:24:41 - [MESSAGE][PASSED] - All options with index in [3] are selected on object 'Object Repository/Application_OR/drp_FOUNDATIONTYPE_PROPERTYPAGE'

2018-01-17 19:24:41 - [TEST_STEP][PASSED] - delay: Delayed 2 second(s)

2018-01-17 19:24:43 - [MESSAGE][PASSED] - Delayed 2 second(s)

2018-01-17 19:24:43 - [TEST_STEP][PASSED] - selectOptionByIndex: All options with index in [7] are selected on object 'Object Repository/Application_OR/drp_HEATINGTYPE_PROPERTYPAGE'

2018-01-17 19:24:43 - [MESSAGE][PASSED] - All options with index in [7] are selected on object 'Object Repository/Application_OR/drp_HEATINGTYPE_PROPERTYPAGE'

2018-01-17 19:24:43 - [TEST_STEP][PASSED] - delay: Delayed 5 second(s)

2018-01-17 19:24:48 - [MESSAGE][PASSED] - Delayed 5 second(s)

2018-01-17 19:24:48 - [TEST_STEP][PASSED] - click: Object: 'Object Repository/Application_OR/btn_OCCUPANYPAGE_SAVEANDCONTINUE' is clicked on

2018-01-17 19:24:49 - [MESSAGE][PASSED] - Object: 'Object Repository/Application_OR/btn_OCCUPANYPAGE_SAVEANDCONTINUE' is clicked on

2018-01-17 19:24:49 - [TEST_STEP][PASSED] - delay: Delayed 1 second(s)

2018-01-17 19:24:50 - [MESSAGE][PASSED] - Delayed 1 second(s)

2018-01-17 19:24:50 - [TEST_STEP][PASSED] - click: Object: 'Object Repository/Application_OR/btn_YES_ROOFAGE_POPUP' is clicked on

2018-01-17 19:24:50 - [MESSAGE][PASSED] - Object: 'Object Repository/Application_OR/btn_YES_ROOFAGE_POPUP' is clicked on

2018-01-17 19:24:50 - [TEST_STEP][PASSED] - delay: Delayed 1 second(s)

2018-01-17 19:24:51 - [MESSAGE][PASSED] - Delayed 1 second(s)

2018-01-17 19:24:51 - [TEST_STEP][FAILED] - click: Unable to click on object 'Object Repository/Application_OR/btn_YES_ELECTRICALAGE_POPUP' (Root cause: com.kms.katalon.core.webui.exception.WebElementNotFoundException: Web element with id: 'Object Repository/Application_OR/btn_YES_ELECTRICALAGE_POPUP' located by 'By.xpath: //*[@id="btnClose"]' not found)

2018-01-17 19:25:22 - [MESSAGE][FAILED] - Unable to click on object 'Object Repository/Application_OR/btn_YES_ELECTRICALAGE_POPUP' (Root cause: com.kms.katalon.core.webui.exception.WebElementNotFoundException: Web element with id: 'Object Repository/Application_OR/btn_YES_ELECTRICALAGE_POPUP' located by 'By.xpath: //*[@id="btnClose"]' not found)
[[ATTACHMENT|D:\\Katalon_Practice_Workspace\\Katalon_Mitendra\\Reports\\PPE\\20180117_192134\\1516197322395.png]]]]></system-out>
         <system-err><![CDATA[2018-01-17 19:22:56 - [TEST_CASE][FAILED] - Test Cases/APPLICATION_CREATION: Test Cases/APPLICATION_CREATION FAILED because (of) Unable to click on object 'Object Repository/Application_OR/btn_YES_ELECTRICALAGE_POPUP' (Root cause: com.kms.katalon.core.webui.exception.WebElementNotFoundException: Web element with id: 'Object Repository/Application_OR/btn_YES_ELECTRICALAGE_POPUP' located by 'By.xpath: //*[@id="btnClose"]' not found)]]></system-err>
      </testcase>
      <testcase name="Test Cases/ENDORSEMENT_CREATION" classname="Test Cases/ENDORSEMENT_CREATION" status="FAILED">
         <failure type="FAILED" message="Unable to click on object 'Object Repository/Endorsement_OR/btn_ADVANCE_FILTER' (Root cause: com.kms.katalon.core.webui.exception.WebElementNotFoundException: Web element with id: 'Object Repository/Endorsement_OR/btn_ADVANCE_FILTER' located by 'By.xpath: //*[@id=&quot;btnAdvanceFilter&quot;]/label' not found)"/>
         <system-out><![CDATA[2018-01-17 19:25:22 - [TEST_CASE][FAILED] - Test Cases/ENDORSEMENT_CREATION: Test Cases/ENDORSEMENT_CREATION FAILED because (of) Unable to click on object 'Object Repository/Endorsement_OR/btn_ADVANCE_FILTER' (Root cause: com.kms.katalon.core.webui.exception.WebElementNotFoundException: Web element with id: 'Object Repository/Endorsement_OR/btn_ADVANCE_FILTER' located by 'By.xpath: //*[@id="btnAdvanceFilter"]/label' not found)

2018-01-17 19:25:22 - [TEST_STEP][FAILED] - click: Unable to click on object 'Object Repository/Endorsement_OR/btn_ADVANCE_FILTER' (Root cause: com.kms.katalon.core.webui.exception.WebElementNotFoundException: Web element with id: 'Object Repository/Endorsement_OR/btn_ADVANCE_FILTER' located by 'By.xpath: //*[@id="btnAdvanceFilter"]/label' not found)

2018-01-17 19:25:54 - [MESSAGE][FAILED] - Unable to click on object 'Object Repository/Endorsement_OR/btn_ADVANCE_FILTER' (Root cause: com.kms.katalon.core.webui.exception.WebElementNotFoundException: Web element with id: 'Object Repository/Endorsement_OR/btn_ADVANCE_FILTER' located by 'By.xpath: //*[@id="btnAdvanceFilter"]/label' not found)
[[ATTACHMENT|D:\\Katalon_Practice_Workspace\\Katalon_Mitendra\\Reports\\PPE\\20180117_192134\\1516197353893.png]]]]></system-out>
         <system-err><![CDATA[2018-01-17 19:25:22 - [TEST_CASE][FAILED] - Test Cases/ENDORSEMENT_CREATION: Test Cases/ENDORSEMENT_CREATION FAILED because (of) Unable to click on object 'Object Repository/Endorsement_OR/btn_ADVANCE_FILTER' (Root cause: com.kms.katalon.core.webui.exception.WebElementNotFoundException: Web element with id: 'Object Repository/Endorsement_OR/btn_ADVANCE_FILTER' located by 'By.xpath: //*[@id="btnAdvanceFilter"]/label' not found)]]></system-err>
      </testcase>
      <system-out><![CDATA[2018-01-17 19:21:35 - [TEST_SUITE][FAILED] - PPE: Test Cases/APPLICATION_CREATION FAILED because (of) Unable to click on object 'Object Repository/Application_OR/btn_YES_ELECTRICALAGE_POPUP' (Root cause: com.kms.katalon.core.webui.exception.WebElementNotFoundException: Web element with id: 'Object Repository/Application_OR/btn_YES_ELECTRICALAGE_POPUP' located by 'By.xpath: //*[@id="btnClose"]' not found)]]></system-out>
      <system-err><![CDATA[2018-01-17 19:21:35 - [TEST_SUITE][FAILED] - PPE: Test Cases/APPLICATION_CREATION FAILED because (of) Unable to click on object 'Object Repository/Application_OR/btn_YES_ELECTRICALAGE_POPUP' (Root cause: com.kms.katalon.core.webui.exception.WebElementNotFoundException: Web element with id: 'Object Repository/Application_OR/btn_YES_ELECTRICALAGE_POPUP' located by 'By.xpath: //*[@id="btnClose"]' not found)]]></system-err>
   </testsuite>
</testsuites>
