<?xml version="1.0" encoding="UTF-8"?>
<testsuites name="PPE" time="783" tests="3" failures="1" errors="0">
   <testsuite name="PPE" tests="3" failures="1" errors="0" time="783" timestamp="2018-01-25 18:18:24" hostname="gsalunkhe - CTS-QUA-4.cogitate.india" id="Test Suites/PPE">
      <properties>
         <property name="deviceName" value=""/>
         <property name="devicePlatform" value=""/>
         <property name="logFolder" value="D:\\Katalon_Practice_Workspace\\Katalon_Mitendra\\Reports\\PPE\\20180125_181823"/>
         <property name="logFiles" value="D:\\Katalon_Practice_Workspace\\Katalon_Mitendra\\Reports\\PPE\\20180125_181823\\execution0.log"/>
         <property name="attachments" value="D:\\Katalon_Practice_Workspace\\Katalon_Mitendra\\Reports\\PPE\\20180125_181823\\1516885286813.png"/>
         <property name="hostName" value="gsalunkhe - CTS-QUA-4.cogitate.india"/>
         <property name="os" value="Windows 7 64bit"/>
         <property name="katalonVersion" value="5.0.1.1"/>
         <property name="browser" value="Chrome 63.0.3239.132"/>
         <property name="hostAddress" value="192.168.0.4"/>
         <property name="sessionId" value="d520b701a8324652a128df7ae1b26774"/>
         <property name="seleniumVersion" value="2.53.0"/>
         <property name="proxyInformation" value="ProxyInformation{proxyOption=NO_PROXY, proxyServerType=HTTP, password=, proxyServerAddress=, proxyServerPort=0}"/>
         <property name="platform" value="Windows 7"/>
      </properties>
      <testcase name="Test Cases/QUOTE_CREATION" classname="Test Cases/QUOTE_CREATION" status="PASSED">
         <system-out><![CDATA[2018-01-25 18:18:25 - [TEST_CASE][PASSED] - Test Cases/QUOTE_CREATION: Test Cases/QUOTE_CREATION

2018-01-25 18:18:25 - [TEST_STEP][PASSED] - openBrowser: Browser is opened with url: 'http://13.90.102.191:8066'

2018-01-25 18:18:32 - [MESSAGE][PASSED] - Browser is opened with url: 'http://13.90.102.191:8066'

2018-01-25 18:18:32 - [TEST_STEP][PASSED] - maximizeWindow: Current window maximized

2018-01-25 18:18:34 - [MESSAGE][PASSED] - Current window maximized

2018-01-25 18:18:34 - [TEST_STEP][PASSED] - setText: Text 'ih.chelms' is set on object 'Object Repository/Quote_OR/txtfield_USERNAME'

2018-01-25 18:18:34 - [MESSAGE][PASSED] - Text 'ih.chelms' is set on object 'Object Repository/Quote_OR/txtfield_USERNAME'

2018-01-25 18:18:34 - [TEST_STEP][PASSED] - setText: Text '10#Hammer' is set on object 'Object Repository/Quote_OR/txtfield_PASSWORD'

2018-01-25 18:18:34 - [MESSAGE][PASSED] - Text '10#Hammer' is set on object 'Object Repository/Quote_OR/txtfield_PASSWORD'

2018-01-25 18:18:34 - [TEST_STEP][PASSED] - click: Object: 'Object Repository/Quote_OR/btn-LOGIN' is clicked on

2018-01-25 18:18:45 - [MESSAGE][PASSED] - Object: 'Object Repository/Quote_OR/btn-LOGIN' is clicked on

2018-01-25 18:18:45 - [TEST_STEP][PASSED] - setText: Text '3226 Junaluska Dr Columbus, GA 31907 USA' is set on object 'Object Repository/Quote_OR/txtfield_ADDRESS_ON_LANDING_PAGE'

2018-01-25 18:18:46 - [MESSAGE][PASSED] - Text '3226 Junaluska Dr Columbus, GA 31907 USA' is set on object 'Object Repository/Quote_OR/txtfield_ADDRESS_ON_LANDING_PAGE'

2018-01-25 18:18:46 - [TEST_STEP][PASSED] - click: Object: 'Object Repository/Quote_OR/btn_SEARCH_ADDRESS' is clicked on

2018-01-25 18:19:07 - [MESSAGE][PASSED] - Object: 'Object Repository/Quote_OR/btn_SEARCH_ADDRESS' is clicked on

2018-01-25 18:19:07 - [TEST_STEP][PASSED] - waitForPageLoad: Wait for page load successfully

2018-01-25 18:19:07 - [MESSAGE][PASSED] - Wait for page load successfully

2018-01-25 18:19:07 - [TEST_STEP][PASSED] - selectOptionByIndex: All options with index in [1] are selected on object 'Object Repository/Quote_OR/drp_PROPERTY_TYPE'

2018-01-25 18:19:07 - [MESSAGE][PASSED] - All options with index in [1] are selected on object 'Object Repository/Quote_OR/drp_PROPERTY_TYPE'

2018-01-25 18:19:07 - [TEST_STEP][PASSED] - setText: Text '' is set on object 'Object Repository/Quote_OR/txtfield_HOME_VALUATION'

2018-01-25 18:19:07 - [MESSAGE][PASSED] - Text '' is set on object 'Object Repository/Quote_OR/txtfield_HOME_VALUATION'

2018-01-25 18:19:07 - [TEST_STEP][PASSED] - selectOptionByIndex: All options with index in [2] are selected on object 'Object Repository/Quote_OR/drp_CONSTRUCTION_TYPE'

2018-01-25 18:19:07 - [MESSAGE][PASSED] - All options with index in [2] are selected on object 'Object Repository/Quote_OR/drp_CONSTRUCTION_TYPE'

2018-01-25 18:19:07 - [TEST_STEP][PASSED] - setText: Text '100000' is set on object 'Object Repository/Quote_OR/txtfield_HOME_VALUATION'

2018-01-25 18:19:08 - [MESSAGE][PASSED] - Text '100000' is set on object 'Object Repository/Quote_OR/txtfield_HOME_VALUATION'

2018-01-25 18:19:08 - [TEST_STEP][PASSED] - delay: Delayed 2 second(s)

2018-01-25 18:19:10 - [MESSAGE][PASSED] - Delayed 2 second(s)

2018-01-25 18:19:10 - [TEST_STEP][PASSED] - setText: Text '' is set on object 'Object Repository/Quote_OR/txtbx_YEARHOMEBUILD'

2018-01-25 18:19:10 - [MESSAGE][PASSED] - Text '' is set on object 'Object Repository/Quote_OR/txtbx_YEARHOMEBUILD'

2018-01-25 18:19:10 - [TEST_STEP][PASSED] - setText: Text '1968' is set on object 'Object Repository/Quote_OR/txtbx_YEARHOMEBUILD'

2018-01-25 18:19:10 - [MESSAGE][PASSED] - Text '1968' is set on object 'Object Repository/Quote_OR/txtbx_YEARHOMEBUILD'

2018-01-25 18:19:10 - [TEST_STEP][PASSED] - click: Object: 'Object Repository/Quote_OR/btn_GETQUOTE' is clicked on

2018-01-25 18:19:10 - [MESSAGE][PASSED] - Object: 'Object Repository/Quote_OR/btn_GETQUOTE' is clicked on

2018-01-25 18:19:10 - [TEST_STEP][PASSED] - delay: Delayed 1 second(s)

2018-01-25 18:19:11 - [MESSAGE][PASSED] - Delayed 1 second(s)

2018-01-25 18:19:11 - [TEST_STEP][PASSED] - click: Object: 'Object Repository/Quote_OR/btn_SENDQUOTE' is clicked on

2018-01-25 18:19:19 - [MESSAGE][PASSED] - Object: 'Object Repository/Quote_OR/btn_SENDQUOTE' is clicked on

2018-01-25 18:19:19 - [TEST_STEP][PASSED] - delay: Delayed 1 second(s)

2018-01-25 18:19:20 - [MESSAGE][PASSED] - Delayed 1 second(s)

2018-01-25 18:19:20 - [TEST_STEP][PASSED] - setText: Text 'Ganesh' is set on object 'Object Repository/Quote_OR/txtfield_SENDQUOTE_FIRSTNAME'

2018-01-25 18:19:20 - [MESSAGE][PASSED] - Text 'Ganesh' is set on object 'Object Repository/Quote_OR/txtfield_SENDQUOTE_FIRSTNAME'

2018-01-25 18:19:20 - [TEST_STEP][PASSED] - setText: Text 'Salunkhe' is set on object 'Object Repository/Quote_OR/txtfield_SENDQUOTE_LASTNAME'

2018-01-25 18:19:21 - [MESSAGE][PASSED] - Text 'Salunkhe' is set on object 'Object Repository/Quote_OR/txtfield_SENDQUOTE_LASTNAME'

2018-01-25 18:19:21 - [TEST_STEP][PASSED] - delay: Delayed 5 second(s)

2018-01-25 18:19:26 - [MESSAGE][PASSED] - Delayed 5 second(s)

2018-01-25 18:19:26 - [TEST_STEP][PASSED] - setText: Text '9768180080' is set on object 'Object Repository/Quote_OR/txtfield_SENDQUOTE_CONTACTNUMBER'

2018-01-25 18:19:26 - [MESSAGE][PASSED] - Text '9768180080' is set on object 'Object Repository/Quote_OR/txtfield_SENDQUOTE_CONTACTNUMBER'

2018-01-25 18:19:26 - [TEST_STEP][PASSED] - delay: Delayed 5 second(s)

2018-01-25 18:19:31 - [MESSAGE][PASSED] - Delayed 5 second(s)

2018-01-25 18:19:31 - [TEST_STEP][PASSED] - setText: Text 'gsalunkhe@cogitate.us' is set on object 'Object Repository/Quote_OR/txtfield_SENDQUOTE_EMAIL'

2018-01-25 18:19:31 - [MESSAGE][PASSED] - Text 'gsalunkhe@cogitate.us' is set on object 'Object Repository/Quote_OR/txtfield_SENDQUOTE_EMAIL'

2018-01-25 18:19:31 - [TEST_STEP][PASSED] - delay: Delayed 10 second(s)

2018-01-25 18:19:41 - [MESSAGE][PASSED] - Delayed 10 second(s)

2018-01-25 18:19:41 - [TEST_STEP][PASSED] - click: Object: 'Object Repository/Quote_OR/btn_SEND_QUOTE_DETAILS' is clicked on

2018-01-25 18:19:41 - [MESSAGE][PASSED] - Object: 'Object Repository/Quote_OR/btn_SEND_QUOTE_DETAILS' is clicked on

2018-01-25 18:19:41 - [TEST_STEP][PASSED] - selectOptionByIndex: All options with index in [1] are selected on object 'Object Repository/Quote_OR/drp_CONSTRUCTION_TYPE'

2018-01-25 18:19:42 - [MESSAGE][PASSED] - All options with index in [1] are selected on object 'Object Repository/Quote_OR/drp_CONSTRUCTION_TYPE'

2018-01-25 18:19:42 - [TEST_STEP][PASSED] - delay: Delayed 5 second(s)

2018-01-25 18:19:47 - [MESSAGE][PASSED] - Delayed 5 second(s)

2018-01-25 18:19:47 - [TEST_STEP][PASSED] - click: Object: 'Object Repository/Quote_OR/btn_RECALCULATE_PREMIUM' is clicked on

2018-01-25 18:19:47 - [MESSAGE][PASSED] - Object: 'Object Repository/Quote_OR/btn_RECALCULATE_PREMIUM' is clicked on]]></system-out>
         <system-err><![CDATA[]]></system-err>
      </testcase>
      <testcase name="Test Cases/APPLICATION_CREATION" classname="Test Cases/APPLICATION_CREATION" status="PASSED">
         <system-out><![CDATA[2018-01-25 18:19:47 - [TEST_CASE][PASSED] - Test Cases/APPLICATION_CREATION: Test Cases/APPLICATION_CREATION

2018-01-25 18:19:47 - [TEST_STEP][PASSED] - setText: Text '3203 College Ave Columbus, GA 31907 USA' is set on object 'Object Repository/Application_OR/txtfield_ADDRESS_ON_QUOTE_PAGE'

2018-01-25 18:19:47 - [MESSAGE][PASSED] - Text '3203 College Ave Columbus, GA 31907 USA' is set on object 'Object Repository/Application_OR/txtfield_ADDRESS_ON_QUOTE_PAGE'

2018-01-25 18:19:47 - [TEST_STEP][PASSED] - click: Object: 'Object Repository/Application_OR/btn_SEARCH_ADDRESS_QUOTE_PAGE' is clicked on

2018-01-25 18:20:03 - [MESSAGE][PASSED] - Object: 'Object Repository/Application_OR/btn_SEARCH_ADDRESS_QUOTE_PAGE' is clicked on

2018-01-25 18:20:03 - [TEST_STEP][PASSED] - Statement - Address = com.kms.katalon.core.testobject.ObjectRepository.findTestObject(Endorsement_OR/get_Address): Finding Test Object with id 'Object Repository/Endorsement_OR/get_Address'

2018-01-25 18:20:03 - [TEST_STEP][PASSED] - Statement - propertyaddress = com.kms.katalon.core.webui.keyword.WebUiBuiltInKeywords.getAttribute(Address, "value"): Attribute 'value' of object 'Object Repository/Endorsement_OR/get_Address' is: '3203 College Ave, Columbus, GA 31907, USA'

2018-01-25 18:20:03 - [MESSAGE][PASSED] - Attribute 'value' of object 'Object Repository/Endorsement_OR/get_Address' is: '3203 College Ave, Columbus, GA 31907, USA'

2018-01-25 18:20:03 - [TEST_STEP][PASSED] - Statement - println(propertyaddress): null

2018-01-25 18:20:03 - [TEST_STEP][PASSED] - Statement - propertyaddress = propertyaddress: null

2018-01-25 18:20:03 - [TEST_STEP][PASSED] - selectOptionByIndex: All options with index in [1] are selected on object 'Object Repository/Quote_OR/drp_PROPERTY_TYPE'

2018-01-25 18:20:03 - [MESSAGE][PASSED] - All options with index in [1] are selected on object 'Object Repository/Quote_OR/drp_PROPERTY_TYPE'

2018-01-25 18:20:03 - [TEST_STEP][PASSED] - setText: Text '' is set on object 'Object Repository/Quote_OR/txtbx_YEARHOMEBUILD'

2018-01-25 18:20:04 - [MESSAGE][PASSED] - Text '' is set on object 'Object Repository/Quote_OR/txtbx_YEARHOMEBUILD'

2018-01-25 18:20:04 - [TEST_STEP][PASSED] - setText: Text '2000' is set on object 'Object Repository/Quote_OR/txtbx_YEARHOMEBUILD'

2018-01-25 18:20:04 - [MESSAGE][PASSED] - Text '2000' is set on object 'Object Repository/Quote_OR/txtbx_YEARHOMEBUILD'

2018-01-25 18:20:04 - [TEST_STEP][PASSED] - selectOptionByIndex: All options with index in [2] are selected on object 'Object Repository/Quote_OR/drp_CONSTRUCTION_TYPE'

2018-01-25 18:20:04 - [MESSAGE][PASSED] - All options with index in [2] are selected on object 'Object Repository/Quote_OR/drp_CONSTRUCTION_TYPE'

2018-01-25 18:20:04 - [TEST_STEP][PASSED] - setText: Text '' is set on object 'Object Repository/Quote_OR/txtfield_HOME_VALUATION'

2018-01-25 18:20:04 - [MESSAGE][PASSED] - Text '' is set on object 'Object Repository/Quote_OR/txtfield_HOME_VALUATION'

2018-01-25 18:20:04 - [TEST_STEP][PASSED] - setText: Text '100000' is set on object 'Object Repository/Quote_OR/txtfield_HOME_VALUATION'

2018-01-25 18:20:04 - [MESSAGE][PASSED] - Text '100000' is set on object 'Object Repository/Quote_OR/txtfield_HOME_VALUATION'

2018-01-25 18:20:04 - [TEST_STEP][PASSED] - click: Object: 'Object Repository/Quote_OR/btn_GETQUOTE' is clicked on

2018-01-25 18:20:04 - [MESSAGE][PASSED] - Object: 'Object Repository/Quote_OR/btn_GETQUOTE' is clicked on

2018-01-25 18:20:04 - [TEST_STEP][PASSED] - delay: Delayed 1 second(s)

2018-01-25 18:20:05 - [MESSAGE][PASSED] - Delayed 1 second(s)

2018-01-25 18:20:05 - [TEST_STEP][PASSED] - click: Object: 'Object Repository/Application_OR/btn_TOAPPLICATION' is clicked on

2018-01-25 18:20:21 - [MESSAGE][PASSED] - Object: 'Object Repository/Application_OR/btn_TOAPPLICATION' is clicked on

2018-01-25 18:20:21 - [TEST_STEP][PASSED] - delay: Delayed 10 second(s)

2018-01-25 18:20:31 - [MESSAGE][PASSED] - Delayed 10 second(s)

2018-01-25 18:20:31 - [TEST_STEP][PASSED] - click: Object: 'Object Repository/Application_OR/btn_CONTINUE_UW_QUESTIONS' is clicked on

2018-01-25 18:20:31 - [MESSAGE][PASSED] - Object: 'Object Repository/Application_OR/btn_CONTINUE_UW_QUESTIONS' is clicked on

2018-01-25 18:20:31 - [TEST_STEP][PASSED] - delay: Delayed 10 second(s)

2018-01-25 18:20:41 - [MESSAGE][PASSED] - Delayed 10 second(s)

2018-01-25 18:20:41 - [TEST_STEP][PASSED] - delay: Delayed 3 second(s)

2018-01-25 18:20:44 - [MESSAGE][PASSED] - Delayed 3 second(s)

2018-01-25 18:20:44 - [TEST_STEP][PASSED] - click: Object: 'Object Repository/Application_OR/txtfield_INSURED_FIRSTNAME' is clicked on

2018-01-25 18:20:44 - [MESSAGE][PASSED] - Object: 'Object Repository/Application_OR/txtfield_INSURED_FIRSTNAME' is clicked on

2018-01-25 18:20:44 - [TEST_STEP][PASSED] - setText: Text 'Ross' is set on object 'Object Repository/Application_OR/txtfield_INSURED_FIRSTNAME'

2018-01-25 18:20:44 - [MESSAGE][PASSED] - Text 'Ross' is set on object 'Object Repository/Application_OR/txtfield_INSURED_FIRSTNAME'

2018-01-25 18:20:44 - [TEST_STEP][PASSED] - setText: Text 'Marshal' is set on object 'Object Repository/Application_OR/txtfield_INSURED_MIDDLENAME'

2018-01-25 18:20:44 - [MESSAGE][PASSED] - Text 'Marshal' is set on object 'Object Repository/Application_OR/txtfield_INSURED_MIDDLENAME'

2018-01-25 18:20:44 - [TEST_STEP][PASSED] - setText: Text 'Guptil' is set on object 'Object Repository/Application_OR/txtfield_INSURED_LASTNAME'

2018-01-25 18:20:45 - [MESSAGE][PASSED] - Text 'Guptil' is set on object 'Object Repository/Application_OR/txtfield_INSURED_LASTNAME'

2018-01-25 18:20:45 - [TEST_STEP][PASSED] - setText: Text '09/10/1999' is set on object 'Object Repository/Application_OR/txtfield_INSURED_DOB'

2018-01-25 18:20:45 - [MESSAGE][PASSED] - Text '09/10/1999' is set on object 'Object Repository/Application_OR/txtfield_INSURED_DOB'

2018-01-25 18:20:45 - [TEST_STEP][PASSED] - delay: Delayed 5 second(s)

2018-01-25 18:20:50 - [MESSAGE][PASSED] - Delayed 5 second(s)

2018-01-25 18:20:50 - [TEST_STEP][PASSED] - setText: Text 'gsalunkhe@cogitate.us' is set on object 'Object Repository/Application_OR/txtfield_INSURED_EMAIL'

2018-01-25 18:20:50 - [MESSAGE][PASSED] - Text 'gsalunkhe@cogitate.us' is set on object 'Object Repository/Application_OR/txtfield_INSURED_EMAIL'

2018-01-25 18:20:50 - [TEST_STEP][PASSED] - delay: Delayed 5 second(s)

2018-01-25 18:20:55 - [MESSAGE][PASSED] - Delayed 5 second(s)

2018-01-25 18:20:55 - [TEST_STEP][PASSED] - setText: Text '9768180080' is set on object 'Object Repository/Application_OR/txtfield_INSURED_CONTACTNUMBER'

2018-01-25 18:20:55 - [MESSAGE][PASSED] - Text '9768180080' is set on object 'Object Repository/Application_OR/txtfield_INSURED_CONTACTNUMBER'

2018-01-25 18:20:55 - [TEST_STEP][PASSED] - delay: Delayed 5 second(s)

2018-01-25 18:21:00 - [MESSAGE][PASSED] - Delayed 5 second(s)

2018-01-25 18:21:00 - [TEST_STEP][PASSED] - Statement - hdnPolicyInfoId = com.kms.katalon.core.testobject.ObjectRepository.findTestObject(Generic_OR/hdnPolicyInfoId): Finding Test Object with id 'Object Repository/Generic_OR/hdnPolicyInfoId'

2018-01-25 18:21:00 - [TEST_STEP][PASSED] - Statement - policyInfoid = com.kms.katalon.core.webui.keyword.WebUiBuiltInKeywords.getAttribute(hdnPolicyInfoId, "value"): Attribute 'value' of object 'Object Repository/Generic_OR/hdnPolicyInfoId' is: '3466'

2018-01-25 18:21:00 - [MESSAGE][PASSED] - Attribute 'value' of object 'Object Repository/Generic_OR/hdnPolicyInfoId' is: '3466'

2018-01-25 18:21:00 - [TEST_STEP][PASSED] - Statement - policyInfoId = policyInfoid: null

2018-01-25 18:21:00 - [TEST_STEP][PASSED] - click: Object: 'Object Repository/Application_OR/btn_POLICYHOLDER_SAVEANDCONTINUE' is clicked on

2018-01-25 18:21:01 - [MESSAGE][PASSED] - Object: 'Object Repository/Application_OR/btn_POLICYHOLDER_SAVEANDCONTINUE' is clicked on

2018-01-25 18:21:01 - [TEST_STEP][PASSED] - delay: Delayed 1 second(s)

2018-01-25 18:21:02 - [MESSAGE][PASSED] - Delayed 1 second(s)

2018-01-25 18:21:02 - [TEST_STEP][PASSED] - click: Object: 'Object Repository/Application_OR/drp_ROOFTYPE_PROPERTYPAGE' is clicked on

2018-01-25 18:21:03 - [MESSAGE][PASSED] - Object: 'Object Repository/Application_OR/drp_ROOFTYPE_PROPERTYPAGE' is clicked on

2018-01-25 18:21:03 - [TEST_STEP][PASSED] - delay: Delayed 3 second(s)

2018-01-25 18:21:06 - [MESSAGE][PASSED] - Delayed 3 second(s)

2018-01-25 18:21:06 - [TEST_STEP][PASSED] - selectOptionByIndex: All options with index in [1] are selected on object 'Object Repository/Application_OR/drp_ROOFTYPE_PROPERTYPAGE'

2018-01-25 18:21:06 - [MESSAGE][PASSED] - All options with index in [1] are selected on object 'Object Repository/Application_OR/drp_ROOFTYPE_PROPERTYPAGE'

2018-01-25 18:21:06 - [TEST_STEP][PASSED] - delay: Delayed 2 second(s)

2018-01-25 18:21:08 - [MESSAGE][PASSED] - Delayed 2 second(s)

2018-01-25 18:21:08 - [TEST_STEP][PASSED] - selectOptionByIndex: All options with index in [3] are selected on object 'Object Repository/Application_OR/drp_FOUNDATIONTYPE_PROPERTYPAGE'

2018-01-25 18:21:08 - [MESSAGE][PASSED] - All options with index in [3] are selected on object 'Object Repository/Application_OR/drp_FOUNDATIONTYPE_PROPERTYPAGE'

2018-01-25 18:21:08 - [TEST_STEP][PASSED] - delay: Delayed 2 second(s)

2018-01-25 18:21:10 - [MESSAGE][PASSED] - Delayed 2 second(s)

2018-01-25 18:21:10 - [TEST_STEP][PASSED] - selectOptionByIndex: All options with index in [7] are selected on object 'Object Repository/Application_OR/drp_HEATINGTYPE_PROPERTYPAGE'

2018-01-25 18:21:10 - [MESSAGE][PASSED] - All options with index in [7] are selected on object 'Object Repository/Application_OR/drp_HEATINGTYPE_PROPERTYPAGE'

2018-01-25 18:21:10 - [TEST_STEP][PASSED] - delay: Delayed 5 second(s)

2018-01-25 18:21:15 - [MESSAGE][PASSED] - Delayed 5 second(s)

2018-01-25 18:21:15 - [TEST_STEP][PASSED] - click: Object: 'Object Repository/Application_OR/btn_OCCUPANYPAGE_SAVEANDCONTINUE' is clicked on

2018-01-25 18:21:20 - [MESSAGE][PASSED] - Object: 'Object Repository/Application_OR/btn_OCCUPANYPAGE_SAVEANDCONTINUE' is clicked on

2018-01-25 18:21:20 - [TEST_STEP][PASSED] - delay: Delayed 4 second(s)

2018-01-25 18:21:24 - [MESSAGE][PASSED] - Delayed 4 second(s)

2018-01-25 18:21:24 - [TEST_STEP][PASSED] - click: Object: 'Object Repository/Application_OR/btn_YES_ROOFAGE_POPUP' is clicked on

2018-01-25 18:21:29 - [MESSAGE][PASSED] - Object: 'Object Repository/Application_OR/btn_YES_ROOFAGE_POPUP' is clicked on

2018-01-25 18:21:29 - [TEST_STEP][PASSED] - delay: Delayed 4 second(s)

2018-01-25 18:21:33 - [MESSAGE][PASSED] - Delayed 4 second(s)

2018-01-25 18:21:33 - [TEST_STEP][PASSED] - click: Object: 'Object Repository/Application_OR/btn_YES_ELECTRICALAGE_POPUP' is clicked on

2018-01-25 18:21:35 - [MESSAGE][PASSED] - Object: 'Object Repository/Application_OR/btn_YES_ELECTRICALAGE_POPUP' is clicked on

2018-01-25 18:21:35 - [TEST_STEP][PASSED] - delay: Delayed 4 second(s)

2018-01-25 18:21:39 - [MESSAGE][PASSED] - Delayed 4 second(s)

2018-01-25 18:21:39 - [TEST_STEP][PASSED] - click: Object: 'Object Repository/Application_OR/btn_YES_ELECTRICALAGE_POPUP' is clicked on

2018-01-25 18:21:39 - [MESSAGE][PASSED] - Object: 'Object Repository/Application_OR/btn_YES_ELECTRICALAGE_POPUP' is clicked on

2018-01-25 18:21:39 - [TEST_STEP][PASSED] - delay: Delayed 5 second(s)

2018-01-25 18:21:44 - [MESSAGE][PASSED] - Delayed 5 second(s)

2018-01-25 18:21:44 - [TEST_STEP][PASSED] - click: Object: 'Object Repository/Application_OR/btn_OCCUPANYPAGE_SAVEANDCONTINUE' is clicked on

2018-01-25 18:21:45 - [MESSAGE][PASSED] - Object: 'Object Repository/Application_OR/btn_OCCUPANYPAGE_SAVEANDCONTINUE' is clicked on

2018-01-25 18:21:45 - [TEST_STEP][PASSED] - delay: Delayed 5 second(s)

2018-01-25 18:21:50 - [MESSAGE][PASSED] - Delayed 5 second(s)

2018-01-25 18:21:50 - [TEST_STEP][PASSED] - check: Object 'Object Repository/Application_OR/chkbx_AGREEMENT' is checked

2018-01-25 18:21:51 - [MESSAGE][PASSED] - Object 'Object Repository/Application_OR/chkbx_AGREEMENT' is checked

2018-01-25 18:21:51 - [TEST_STEP][PASSED] - delay: Delayed 10 second(s)

2018-01-25 18:22:01 - [MESSAGE][PASSED] - Delayed 10 second(s)

2018-01-25 18:22:01 - [TEST_STEP][PASSED] - click: Object: 'Object Repository/Application_OR/btn_OCCUPANYPAGE_SAVEANDCONTINUE' is clicked on

2018-01-25 18:22:01 - [MESSAGE][PASSED] - Object: 'Object Repository/Application_OR/btn_OCCUPANYPAGE_SAVEANDCONTINUE' is clicked on

2018-01-25 18:22:01 - [TEST_STEP][PASSED] - delay: Delayed 5 second(s)

2018-01-25 18:22:06 - [MESSAGE][PASSED] - Delayed 5 second(s)

2018-01-25 18:22:06 - [TEST_STEP][PASSED] - click: Object: 'Object Repository/Application_OR/btn_SIGNAPPLICATION_AGENT' is clicked on

2018-01-25 18:22:21 - [MESSAGE][PASSED] - Object: 'Object Repository/Application_OR/btn_SIGNAPPLICATION_AGENT' is clicked on

2018-01-25 18:22:21 - [TEST_STEP][PASSED] - delay: Delayed 5 second(s)

2018-01-25 18:22:26 - [MESSAGE][PASSED] - Delayed 5 second(s)

2018-01-25 18:22:26 - [TEST_STEP][PASSED] - click: Object: 'Object Repository/Application_OR/btn_INSURED_SIGNATURE' is clicked on

2018-01-25 18:22:26 - [MESSAGE][PASSED] - Object: 'Object Repository/Application_OR/btn_INSURED_SIGNATURE' is clicked on

2018-01-25 18:22:26 - [TEST_STEP][PASSED] - delay: Delayed 5 second(s)

2018-01-25 18:22:31 - [MESSAGE][PASSED] - Delayed 5 second(s)

2018-01-25 18:22:31 - [TEST_STEP][PASSED] - click: Object: 'Object Repository/Application_OR/txtbx_INSURED_SIGNATURE' is clicked on

2018-01-25 18:22:32 - [MESSAGE][PASSED] - Object: 'Object Repository/Application_OR/txtbx_INSURED_SIGNATURE' is clicked on

2018-01-25 18:22:32 - [TEST_STEP][PASSED] - delay: Delayed 5 second(s)

2018-01-25 18:22:37 - [MESSAGE][PASSED] - Delayed 5 second(s)

2018-01-25 18:22:37 - [TEST_STEP][PASSED] - setText: Text 'Ross Marshal Guptil' is set on object 'Object Repository/Application_OR/txtbx_INSURED_SIGNATURE'

2018-01-25 18:22:37 - [MESSAGE][PASSED] - Text 'Ross Marshal Guptil' is set on object 'Object Repository/Application_OR/txtbx_INSURED_SIGNATURE'

2018-01-25 18:22:37 - [TEST_STEP][PASSED] - click: Object: 'Object Repository/Application_OR/btn_SUBMIT_INSURED_SIGNATURE' is clicked on

2018-01-25 18:22:37 - [MESSAGE][PASSED] - Object: 'Object Repository/Application_OR/btn_SUBMIT_INSURED_SIGNATURE' is clicked on

2018-01-25 18:22:37 - [TEST_STEP][PASSED] - Statement - otpQuery = "SELECT TOP 1 OtpGenerated FROM PPE_ApplicationForms_trn where PolicyInfoId = " + policyInfoId + " Order BY ModifiedDateTime DESC": null

2018-01-25 18:22:37 - [TEST_STEP][PASSED] - Statement - println("otpQuery" + " " + otpQuery): null

2018-01-25 18:22:37 - [TEST_STEP][PASSED] - com.PPE.Database_Connection.connectDB: com.PPE.Database_Connection.connectDB is PASSED

2018-01-25 18:22:39 - [MESSAGE][PASSED] - com.PPE.Database_Connection.connectDB is PASSED

2018-01-25 18:22:39 - [TEST_STEP][PASSED] - Statement - recordset = CustomKeywords.com.PPE.Database_Connection.executeQuery(otpQuery): com.PPE.Database_Connection.executeQuery is PASSED

2018-01-25 18:22:39 - [MESSAGE][PASSED] - com.PPE.Database_Connection.executeQuery is PASSED

2018-01-25 18:22:39 - [TEST_STEP][PASSED] - Statement - otp = 0: null

2018-01-25 18:22:39 - [TEST_STEP][PASSED] - Statement - While (recordset.next()): null

2018-01-25 18:22:39 - [TEST_STEP][PASSED] - Statement - otp = recordset.getObject("OtpGenerated"): null

2018-01-25 18:22:39 - [TEST_STEP][PASSED] - Statement - println("otp" + " " + otp): null

2018-01-25 18:22:39 - [TEST_STEP][PASSED] - delay: Delayed 10 second(s)

2018-01-25 18:22:49 - [MESSAGE][PASSED] - Delayed 10 second(s)

2018-01-25 18:22:49 - [TEST_STEP][PASSED] - Statement - txtOtp = com.kms.katalon.core.testobject.ObjectRepository.findTestObject(Application_OR/txtfield-OTP): Finding Test Object with id 'Object Repository/Application_OR/txtfield-OTP'

2018-01-25 18:22:49 - [TEST_STEP][PASSED] - setText: Text '5839' is set on object 'Object Repository/Application_OR/txtfield-OTP'

2018-01-25 18:22:49 - [MESSAGE][PASSED] - Text '5839' is set on object 'Object Repository/Application_OR/txtfield-OTP'

2018-01-25 18:22:49 - [TEST_STEP][PASSED] - delay: Delayed 1 second(s)

2018-01-25 18:22:50 - [MESSAGE][PASSED] - Delayed 1 second(s)

2018-01-25 18:22:50 - [TEST_STEP][PASSED] - click: Object: 'Object Repository/Application_OR/btn_OTP_VERIFY' is clicked on

2018-01-25 18:22:50 - [MESSAGE][PASSED] - Object: 'Object Repository/Application_OR/btn_OTP_VERIFY' is clicked on

2018-01-25 18:22:50 - [TEST_STEP][PASSED] - delay: Delayed 5 second(s)

2018-01-25 18:22:55 - [MESSAGE][PASSED] - Delayed 5 second(s)

2018-01-25 18:22:55 - [TEST_STEP][PASSED] - click: Object: 'Object Repository/Application_OR/btn_AGENT_SIGNATURE' is clicked on

2018-01-25 18:22:55 - [MESSAGE][PASSED] - Object: 'Object Repository/Application_OR/btn_AGENT_SIGNATURE' is clicked on

2018-01-25 18:22:55 - [TEST_STEP][PASSED] - delay: Delayed 2 second(s)

2018-01-25 18:22:57 - [MESSAGE][PASSED] - Delayed 2 second(s)

2018-01-25 18:22:57 - [TEST_STEP][PASSED] - click: Object: 'Object Repository/Application_OR/txtbx_AGENT_SIGNATURE' is clicked on

2018-01-25 18:22:58 - [MESSAGE][PASSED] - Object: 'Object Repository/Application_OR/txtbx_AGENT_SIGNATURE' is clicked on

2018-01-25 18:22:58 - [TEST_STEP][PASSED] - delay: Delayed 2 second(s)

2018-01-25 18:23:00 - [MESSAGE][PASSED] - Delayed 2 second(s)

2018-01-25 18:23:00 - [TEST_STEP][PASSED] - setText: Text 'clement helms' is set on object 'Object Repository/Application_OR/txtbx_AGENT_SIGNATURE'

2018-01-25 18:23:00 - [MESSAGE][PASSED] - Text 'clement helms' is set on object 'Object Repository/Application_OR/txtbx_AGENT_SIGNATURE'

2018-01-25 18:23:00 - [TEST_STEP][PASSED] - delay: Delayed 2 second(s)

2018-01-25 18:23:02 - [MESSAGE][PASSED] - Delayed 2 second(s)

2018-01-25 18:23:02 - [TEST_STEP][PASSED] - click: Object: 'Object Repository/Application_OR/btn_SUBMIT_AGENT_SIGNATURE' is clicked on

2018-01-25 18:23:02 - [MESSAGE][PASSED] - Object: 'Object Repository/Application_OR/btn_SUBMIT_AGENT_SIGNATURE' is clicked on

2018-01-25 18:23:02 - [TEST_STEP][PASSED] - delay: Delayed 5 second(s)

2018-01-25 18:23:07 - [MESSAGE][PASSED] - Delayed 5 second(s)

2018-01-25 18:23:07 - [TEST_STEP][PASSED] - click: Object: 'Object Repository/Application_OR/btn_SURPLUSLINE_ACK' is clicked on

2018-01-25 18:23:09 - [MESSAGE][PASSED] - Object: 'Object Repository/Application_OR/btn_SURPLUSLINE_ACK' is clicked on

2018-01-25 18:23:09 - [TEST_STEP][PASSED] - delay: Delayed 5 second(s)

2018-01-25 18:23:14 - [MESSAGE][PASSED] - Delayed 5 second(s)

2018-01-25 18:23:14 - [TEST_STEP][PASSED] - click: Object: 'Object Repository/Application_OR/txtfield_SURPLUSLINE_FORM_TEXT' is clicked on

2018-01-25 18:23:14 - [MESSAGE][PASSED] - Object: 'Object Repository/Application_OR/txtfield_SURPLUSLINE_FORM_TEXT' is clicked on

2018-01-25 18:23:14 - [TEST_STEP][PASSED] - setText: Text 'Testing' is set on object 'Object Repository/Application_OR/txtfield_SURPLUSLINE_FORM_TEXT'

2018-01-25 18:23:14 - [MESSAGE][PASSED] - Text 'Testing' is set on object 'Object Repository/Application_OR/txtfield_SURPLUSLINE_FORM_TEXT'

2018-01-25 18:23:14 - [TEST_STEP][PASSED] - delay: Delayed 5 second(s)

2018-01-25 18:23:19 - [MESSAGE][PASSED] - Delayed 5 second(s)

2018-01-25 18:23:19 - [TEST_STEP][PASSED] - click: Object: 'Object Repository/Application_OR/btn_SUBMIT_SURPLUSLINE' is clicked on

2018-01-25 18:23:19 - [MESSAGE][PASSED] - Object: 'Object Repository/Application_OR/btn_SUBMIT_SURPLUSLINE' is clicked on

2018-01-25 18:23:19 - [TEST_STEP][PASSED] - delay: Delayed 5 second(s)

2018-01-25 18:23:24 - [MESSAGE][PASSED] - Delayed 5 second(s)

2018-01-25 18:23:24 - [TEST_STEP][PASSED] - click: Object: 'Object Repository/Application_OR/btn_SUBMIT_FOR_UW_APPROVAL' is clicked on

2018-01-25 18:23:28 - [MESSAGE][PASSED] - Object: 'Object Repository/Application_OR/btn_SUBMIT_FOR_UW_APPROVAL' is clicked on

2018-01-25 18:23:28 - [TEST_STEP][PASSED] - delay: Delayed 8 second(s)

2018-01-25 18:23:36 - [MESSAGE][PASSED] - Delayed 8 second(s)

2018-01-25 18:23:36 - [TEST_STEP][PASSED] - click: Object: 'Object Repository/Application_OR/btn_LOGOUT' is clicked on

2018-01-25 18:23:36 - [MESSAGE][PASSED] - Object: 'Object Repository/Application_OR/btn_LOGOUT' is clicked on

2018-01-25 18:23:36 - [TEST_STEP][PASSED] - delay: Delayed 5 second(s)

2018-01-25 18:23:41 - [MESSAGE][PASSED] - Delayed 5 second(s)

2018-01-25 18:23:41 - [TEST_STEP][PASSED] - setText: Text 'ih.william' is set on object 'Object Repository/Quote_OR/txtfield_USERNAME'

2018-01-25 18:23:41 - [MESSAGE][PASSED] - Text 'ih.william' is set on object 'Object Repository/Quote_OR/txtfield_USERNAME'

2018-01-25 18:23:41 - [TEST_STEP][PASSED] - setText: Text '10#Hammer' is set on object 'Object Repository/Quote_OR/txtfield_PASSWORD'

2018-01-25 18:23:42 - [MESSAGE][PASSED] - Text '10#Hammer' is set on object 'Object Repository/Quote_OR/txtfield_PASSWORD'

2018-01-25 18:23:42 - [TEST_STEP][PASSED] - click: Object: 'Object Repository/Quote_OR/btn-LOGIN' is clicked on

2018-01-25 18:23:44 - [MESSAGE][PASSED] - Object: 'Object Repository/Quote_OR/btn-LOGIN' is clicked on

2018-01-25 18:23:44 - [TEST_STEP][PASSED] - delay: Delayed 5 second(s)

2018-01-25 18:23:49 - [MESSAGE][PASSED] - Delayed 5 second(s)

2018-01-25 18:23:49 - [TEST_STEP][PASSED] - Statement - btnId = "//*[@id="btnLoadApplication_" + policyInfoId + ""]": null

2018-01-25 18:23:50 - [TEST_STEP][PASSED] - Statement - btnViewApplication = new com.kms.katalon.core.testobject.TestObject(btnViewApplication): null

2018-01-25 18:23:50 - [TEST_STEP][PASSED] - Statement - btnViewApplication.addProperty("xpath", EQUALS, btnId, true): null

2018-01-25 18:23:50 - [TEST_STEP][PASSED] - delay: Delayed 20 second(s)

2018-01-25 18:24:10 - [MESSAGE][PASSED] - Delayed 20 second(s)

2018-01-25 18:24:10 - [TEST_STEP][PASSED] - click: Object: 'btnViewApplication' is clicked on

2018-01-25 18:24:11 - [MESSAGE][PASSED] - Object: 'btnViewApplication' is clicked on

2018-01-25 18:24:11 - [TEST_STEP][PASSED] - delay: Delayed 8 second(s)

2018-01-25 18:24:19 - [MESSAGE][PASSED] - Delayed 8 second(s)

2018-01-25 18:24:19 - [TEST_STEP][PASSED] - click: Object: 'Object Repository/Application_OR/btn_DOWNLOAD_AFS_UW' is clicked on

2018-01-25 18:24:20 - [MESSAGE][PASSED] - Object: 'Object Repository/Application_OR/btn_DOWNLOAD_AFS_UW' is clicked on

2018-01-25 18:24:20 - [TEST_STEP][PASSED] - delay: Delayed 5 second(s)

2018-01-25 18:24:25 - [MESSAGE][PASSED] - Delayed 5 second(s)

2018-01-25 18:24:25 - [TEST_STEP][PASSED] - click: Object: 'Object Repository/Application_OR/btn_GENERATE_FORMS' is clicked on

2018-01-25 18:24:25 - [MESSAGE][PASSED] - Object: 'Object Repository/Application_OR/btn_GENERATE_FORMS' is clicked on

2018-01-25 18:24:25 - [TEST_STEP][PASSED] - delay: Delayed 5 second(s)

2018-01-25 18:24:30 - [MESSAGE][PASSED] - Delayed 5 second(s)

2018-01-25 18:24:30 - [TEST_STEP][PASSED] - click: Object: 'Object Repository/Application_OR/btn_REQUEST_FOR_BIND' is clicked on

2018-01-25 18:24:30 - [MESSAGE][PASSED] - Object: 'Object Repository/Application_OR/btn_REQUEST_FOR_BIND' is clicked on

2018-01-25 18:24:30 - [TEST_STEP][PASSED] - delay: Delayed 20 second(s)

2018-01-25 18:24:50 - [MESSAGE][PASSED] - Delayed 20 second(s)

2018-01-25 18:24:50 - [TEST_STEP][PASSED] - click: Object: 'Object Repository/Application_OR/btn_VIEW_POLICY_FORMS' is clicked on

2018-01-25 18:24:55 - [MESSAGE][PASSED] - Object: 'Object Repository/Application_OR/btn_VIEW_POLICY_FORMS' is clicked on

2018-01-25 18:24:55 - [TEST_STEP][PASSED] - delay: Delayed 15 second(s)

2018-01-25 18:25:10 - [MESSAGE][PASSED] - Delayed 15 second(s)

2018-01-25 18:25:10 - [TEST_STEP][PASSED] - click: Object: 'Object Repository/Application_OR/btn_UW_APPLICATION_STATUS_MENU' is clicked on

2018-01-25 18:25:10 - [MESSAGE][PASSED] - Object: 'Object Repository/Application_OR/btn_UW_APPLICATION_STATUS_MENU' is clicked on

2018-01-25 18:25:10 - [TEST_STEP][PASSED] - delay: Delayed 2 second(s)

2018-01-25 18:25:12 - [MESSAGE][PASSED] - Delayed 2 second(s)

2018-01-25 18:25:12 - [TEST_STEP][PASSED] - click: Object: 'Object Repository/Application_OR/btn_YES_CONFIRMATION' is clicked on

2018-01-25 18:25:13 - [MESSAGE][PASSED] - Object: 'Object Repository/Application_OR/btn_YES_CONFIRMATION' is clicked on

2018-01-25 18:25:13 - [TEST_STEP][PASSED] - delay: Delayed 20 second(s)

2018-01-25 18:25:33 - [MESSAGE][PASSED] - Delayed 20 second(s)]]></system-out>
         <system-err><![CDATA[]]></system-err>
      </testcase>
      <testcase name="Test Cases/ENDORSEMENT_CREATION" classname="Test Cases/ENDORSEMENT_CREATION" status="PASSED">
         <system-out><![CDATA[2018-01-25 18:25:33 - [TEST_CASE][PASSED] - Test Cases/ENDORSEMENT_CREATION: Test Cases/ENDORSEMENT_CREATION

2018-01-25 18:25:34 - [TEST_STEP][PASSED] - click: Object: 'Object Repository/Endorsement_OR/btn_ADVANCE_FILTER' is clicked on

2018-01-25 18:25:34 - [MESSAGE][PASSED] - Object: 'Object Repository/Endorsement_OR/btn_ADVANCE_FILTER' is clicked on

2018-01-25 18:25:34 - [TEST_STEP][PASSED] - delay: Delayed 4 second(s)

2018-01-25 18:25:38 - [MESSAGE][PASSED] - Delayed 4 second(s)

2018-01-25 18:25:38 - [TEST_STEP][PASSED] - setText: Text '3203 College Ave, Columbus, GA 31907, USA' is set on object 'Object Repository/Endorsement_OR/txtfield_AdvanceFilter_PROPERTY_ADDRESS'

2018-01-25 18:25:38 - [MESSAGE][PASSED] - Text '3203 College Ave, Columbus, GA 31907, USA' is set on object 'Object Repository/Endorsement_OR/txtfield_AdvanceFilter_PROPERTY_ADDRESS'

2018-01-25 18:25:38 - [TEST_STEP][PASSED] - delay: Delayed 15 second(s)

2018-01-25 18:25:53 - [MESSAGE][PASSED] - Delayed 15 second(s)

2018-01-25 18:25:53 - [TEST_STEP][PASSED] - click: Object: 'Object Repository/Endorsement_OR/btn_APPLY_Advance_Filter' is clicked on

2018-01-25 18:25:53 - [MESSAGE][PASSED] - Object: 'Object Repository/Endorsement_OR/btn_APPLY_Advance_Filter' is clicked on

2018-01-25 18:25:53 - [TEST_STEP][PASSED] - delay: Delayed 18 second(s)

2018-01-25 18:26:11 - [MESSAGE][PASSED] - Delayed 18 second(s)

2018-01-25 18:26:11 - [TEST_STEP][PASSED] - Statement - policynumber = com.kms.katalon.core.webui.keyword.WebUiBuiltInKeywords.getText(com.kms.katalon.core.testobject.ObjectRepository.findTestObject(Endorsement_OR/get_POLICYNUMBER)): Text of object 'Object Repository/Endorsement_OR/get_POLICYNUMBER' is: 'BCIHGA1800095'

2018-01-25 18:26:11 - [MESSAGE][PASSED] - Text of object 'Object Repository/Endorsement_OR/get_POLICYNUMBER' is: 'BCIHGA1800095'

2018-01-25 18:26:11 - [TEST_STEP][PASSED] - Statement - println(policynumber): null

2018-01-25 18:26:11 - [TEST_STEP][PASSED] - delay: Delayed 10 second(s)

2018-01-25 18:26:21 - [MESSAGE][PASSED] - Delayed 10 second(s)

2018-01-25 18:26:21 - [TEST_STEP][PASSED] - click: Object: 'Object Repository/Endorsement_OR/btn_ENDORSEMENT_MENU' is clicked on

2018-01-25 18:26:21 - [MESSAGE][PASSED] - Object: 'Object Repository/Endorsement_OR/btn_ENDORSEMENT_MENU' is clicked on

2018-01-25 18:26:21 - [TEST_STEP][PASSED] - delay: Delayed 3 second(s)

2018-01-25 18:26:24 - [MESSAGE][PASSED] - Delayed 3 second(s)

2018-01-25 18:26:24 - [TEST_STEP][PASSED] - click: Object: 'Object Repository/Endorsement_OR/btn_YES_CONFIRMATION_ENDORSEMENT' is clicked on

2018-01-25 18:26:25 - [MESSAGE][PASSED] - Object: 'Object Repository/Endorsement_OR/btn_YES_CONFIRMATION_ENDORSEMENT' is clicked on

2018-01-25 18:26:25 - [TEST_STEP][PASSED] - delay: Delayed 6 second(s)

2018-01-25 18:26:31 - [MESSAGE][PASSED] - Delayed 6 second(s)

2018-01-25 18:26:31 - [TEST_STEP][PASSED] - setText: Text 'BCIHGA1800095' is set on object 'Object Repository/Endorsement_OR/txtfield_POLICYNUMBER_FOR_ENDORSEMENT'

2018-01-25 18:26:31 - [MESSAGE][PASSED] - Text 'BCIHGA1800095' is set on object 'Object Repository/Endorsement_OR/txtfield_POLICYNUMBER_FOR_ENDORSEMENT'

2018-01-25 18:26:31 - [TEST_STEP][PASSED] - delay: Delayed 6 second(s)

2018-01-25 18:26:37 - [MESSAGE][PASSED] - Delayed 6 second(s)

2018-01-25 18:26:37 - [TEST_STEP][PASSED] - click: Object: 'Object Repository/Endorsement_OR/btn_SEARCH_FOR_ENDORSEMENT' is clicked on

2018-01-25 18:26:37 - [MESSAGE][PASSED] - Object: 'Object Repository/Endorsement_OR/btn_SEARCH_FOR_ENDORSEMENT' is clicked on

2018-01-25 18:26:37 - [TEST_STEP][PASSED] - delay: Delayed 10 second(s)

2018-01-25 18:26:47 - [MESSAGE][PASSED] - Delayed 10 second(s)

2018-01-25 18:26:47 - [TEST_STEP][PASSED] - click: Object: 'Object Repository/Endorsement_OR/btn_ENDORSE_UW' is clicked on

2018-01-25 18:26:49 - [MESSAGE][PASSED] - Object: 'Object Repository/Endorsement_OR/btn_ENDORSE_UW' is clicked on

2018-01-25 18:26:49 - [TEST_STEP][PASSED] - delay: Delayed 6 second(s)

2018-01-25 18:26:55 - [MESSAGE][PASSED] - Delayed 6 second(s)

2018-01-25 18:26:55 - [TEST_STEP][PASSED] - click: Object: 'Object Repository/Endorsement_OR/btn_EDIT_APPLICANTINFO_UW' is clicked on

2018-01-25 18:26:55 - [MESSAGE][PASSED] - Object: 'Object Repository/Endorsement_OR/btn_EDIT_APPLICANTINFO_UW' is clicked on

2018-01-25 18:26:55 - [TEST_STEP][PASSED] - delay: Delayed 6 second(s)

2018-01-25 18:27:01 - [MESSAGE][PASSED] - Delayed 6 second(s)

2018-01-25 18:27:01 - [TEST_STEP][PASSED] - click: Object: 'Object Repository/Endorsement_OR/btn_RECALCULATE_UW' is clicked on

2018-01-25 18:27:02 - [MESSAGE][PASSED] - Object: 'Object Repository/Endorsement_OR/btn_RECALCULATE_UW' is clicked on

2018-01-25 18:27:02 - [TEST_STEP][PASSED] - delay: Delayed 6 second(s)

2018-01-25 18:27:08 - [MESSAGE][PASSED] - Delayed 6 second(s)

2018-01-25 18:27:08 - [TEST_STEP][PASSED] - setText: Text 'James' is set on object 'Object Repository/Endorsement_OR/txtfield_PRIFIRSTNAME_UW'

2018-01-25 18:27:08 - [MESSAGE][PASSED] - Text 'James' is set on object 'Object Repository/Endorsement_OR/txtfield_PRIFIRSTNAME_UW'

2018-01-25 18:27:08 - [TEST_STEP][PASSED] - delay: Delayed 2 second(s)

2018-01-25 18:27:10 - [MESSAGE][PASSED] - Delayed 2 second(s)

2018-01-25 18:27:10 - [TEST_STEP][PASSED] - click: Object: 'Object Repository/Endorsement_OR/btn_UPDATE_APPLICANTINFO_UW' is clicked on

2018-01-25 18:27:10 - [MESSAGE][PASSED] - Object: 'Object Repository/Endorsement_OR/btn_UPDATE_APPLICANTINFO_UW' is clicked on

2018-01-25 18:27:10 - [TEST_STEP][PASSED] - delay: Delayed 2 second(s)

2018-01-25 18:27:12 - [MESSAGE][PASSED] - Delayed 2 second(s)

2018-01-25 18:27:12 - [TEST_STEP][PASSED] - click: Object: 'Object Repository/Endorsement_OR/btn_RECALCULATE_UW' is clicked on

2018-01-25 18:27:12 - [MESSAGE][PASSED] - Object: 'Object Repository/Endorsement_OR/btn_RECALCULATE_UW' is clicked on

2018-01-25 18:27:12 - [TEST_STEP][PASSED] - delay: Delayed 6 second(s)

2018-01-25 18:27:18 - [MESSAGE][PASSED] - Delayed 6 second(s)

2018-01-25 18:27:18 - [TEST_STEP][PASSED] - scrollToPosition: Browser is scrolled to position x = 0, y = 50

2018-01-25 18:27:18 - [MESSAGE][PASSED] - Browser is scrolled to position x = 0, y = 50

2018-01-25 18:27:18 - [TEST_STEP][PASSED] - delay: Delayed 3 second(s)

2018-01-25 18:27:21 - [MESSAGE][PASSED] - Delayed 3 second(s)

2018-01-25 18:27:21 - [TEST_STEP][PASSED] - click: Object: 'Object Repository/Endorsement_OR/btn_EDIT_COVERAGE_UW' is clicked on

2018-01-25 18:27:21 - [MESSAGE][PASSED] - Object: 'Object Repository/Endorsement_OR/btn_EDIT_COVERAGE_UW' is clicked on

2018-01-25 18:27:21 - [TEST_STEP][PASSED] - delay: Delayed 6 second(s)

2018-01-25 18:27:27 - [MESSAGE][PASSED] - Delayed 6 second(s)

2018-01-25 18:27:27 - [TEST_STEP][PASSED] - click: Object: 'Object Repository/Endorsement_OR/drp_SETTLEMENTTYPE_UW' is clicked on

2018-01-25 18:27:27 - [MESSAGE][PASSED] - Object: 'Object Repository/Endorsement_OR/drp_SETTLEMENTTYPE_UW' is clicked on

2018-01-25 18:27:27 - [TEST_STEP][PASSED] - selectOptionByValue: All options with value 'ACV' are selected in object 'Object Repository/Endorsement_OR/drp_SETTLEMENTTYPE_UW' 

2018-01-25 18:27:28 - [MESSAGE][PASSED] - All options with value 'ACV' are selected in object 'Object Repository/Endorsement_OR/drp_SETTLEMENTTYPE_UW' 

2018-01-25 18:27:28 - [TEST_STEP][PASSED] - click: Object: 'Object Repository/Endorsement_OR/btn_UPDATE_COVERAGE_UW' is clicked on

2018-01-25 18:27:28 - [MESSAGE][PASSED] - Object: 'Object Repository/Endorsement_OR/btn_UPDATE_COVERAGE_UW' is clicked on

2018-01-25 18:27:28 - [TEST_STEP][PASSED] - delay: Delayed 2 second(s)

2018-01-25 18:27:30 - [MESSAGE][PASSED] - Delayed 2 second(s)

2018-01-25 18:27:30 - [TEST_STEP][PASSED] - click: Object: 'Object Repository/Endorsement_OR/btn_RECALCULATE_UW' is clicked on

2018-01-25 18:27:30 - [MESSAGE][PASSED] - Object: 'Object Repository/Endorsement_OR/btn_RECALCULATE_UW' is clicked on

2018-01-25 18:27:30 - [TEST_STEP][PASSED] - delay: Delayed 2 second(s)

2018-01-25 18:27:32 - [MESSAGE][PASSED] - Delayed 2 second(s)

2018-01-25 18:27:32 - [TEST_STEP][PASSED] - click: Object: 'Object Repository/Endorsement_OR/txtfield_ENDORSEMENTEFFECTIVEDATE_UW' is clicked on

2018-01-25 18:27:32 - [MESSAGE][PASSED] - Object: 'Object Repository/Endorsement_OR/txtfield_ENDORSEMENTEFFECTIVEDATE_UW' is clicked on

2018-01-25 18:27:32 - [TEST_STEP][PASSED] - Statement - use(groovy.time.TimeCategory, { -> ... }): null

2018-01-25 18:27:32 - [TEST_STEP][PASSED] - scrollToPosition: Browser is scrolled to position x = 0, y = 50

2018-01-25 18:27:32 - [MESSAGE][PASSED] - Browser is scrolled to position x = 0, y = 50

2018-01-25 18:27:32 - [TEST_STEP][PASSED] - click: Object: 'Object Repository/Endorsement_OR/btn_EDIT_PROPERTY_UW' is clicked on

2018-01-25 18:27:32 - [MESSAGE][PASSED] - Object: 'Object Repository/Endorsement_OR/btn_EDIT_PROPERTY_UW' is clicked on

2018-01-25 18:27:32 - [TEST_STEP][PASSED] - delay: Delayed 2 second(s)

2018-01-25 18:27:34 - [MESSAGE][PASSED] - Delayed 2 second(s)

2018-01-25 18:27:34 - [TEST_STEP][PASSED] - setText: Text '1970' is set on object 'Object Repository/Endorsement_OR/txtfield_HOME_BUILD_ENDORSEMENT_UW'

2018-01-25 18:27:34 - [MESSAGE][PASSED] - Text '1970' is set on object 'Object Repository/Endorsement_OR/txtfield_HOME_BUILD_ENDORSEMENT_UW'

2018-01-25 18:27:34 - [TEST_STEP][PASSED] - delay: Delayed 4 second(s)

2018-01-25 18:27:38 - [MESSAGE][PASSED] - Delayed 4 second(s)

2018-01-25 18:27:38 - [TEST_STEP][PASSED] - setText: Text '500000' is set on object 'Object Repository/Endorsement_OR/txtfield_EXIMATED_VALUATION_UW'

2018-01-25 18:27:39 - [MESSAGE][PASSED] - Text '500000' is set on object 'Object Repository/Endorsement_OR/txtfield_EXIMATED_VALUATION_UW'

2018-01-25 18:27:39 - [TEST_STEP][PASSED] - delay: Delayed 4 second(s)

2018-01-25 18:27:43 - [MESSAGE][PASSED] - Delayed 4 second(s)

2018-01-25 18:27:43 - [TEST_STEP][PASSED] - click: Object: 'Object Repository/Endorsement_OR/drp_CONSTRUCTION_TYPE_UW' is clicked on

2018-01-25 18:27:43 - [MESSAGE][PASSED] - Object: 'Object Repository/Endorsement_OR/drp_CONSTRUCTION_TYPE_UW' is clicked on

2018-01-25 18:27:43 - [TEST_STEP][PASSED] - selectOptionByIndex: All options with index in [3] are selected on object 'Object Repository/Endorsement_OR/drp_CONSTRUCTION_TYPE_UW'

2018-01-25 18:27:43 - [MESSAGE][PASSED] - All options with index in [3] are selected on object 'Object Repository/Endorsement_OR/drp_CONSTRUCTION_TYPE_UW'

2018-01-25 18:27:43 - [TEST_STEP][PASSED] - delay: Delayed 4 second(s)

2018-01-25 18:27:47 - [MESSAGE][PASSED] - Delayed 4 second(s)

2018-01-25 18:27:47 - [TEST_STEP][PASSED] - click: Object: 'Object Repository/Endorsement_OR/btn_UPDATE_ENDORSEMENT_PROPERTY_UW' is clicked on

2018-01-25 18:27:47 - [MESSAGE][PASSED] - Object: 'Object Repository/Endorsement_OR/btn_UPDATE_ENDORSEMENT_PROPERTY_UW' is clicked on

2018-01-25 18:27:47 - [TEST_STEP][PASSED] - delay: Delayed 4 second(s)

2018-01-25 18:27:51 - [MESSAGE][PASSED] - Delayed 4 second(s)

2018-01-25 18:27:51 - [TEST_STEP][PASSED] - click: Object: 'Object Repository/Endorsement_OR/btn_RECALCULATE_UW' is clicked on

2018-01-25 18:27:51 - [MESSAGE][PASSED] - Object: 'Object Repository/Endorsement_OR/btn_RECALCULATE_UW' is clicked on

2018-01-25 18:27:51 - [TEST_STEP][PASSED] - delay: Delayed 4 second(s)

2018-01-25 18:27:55 - [MESSAGE][PASSED] - Delayed 4 second(s)

2018-01-25 18:27:55 - [TEST_STEP][PASSED] - click: Object: 'Object Repository/Endorsement_OR/btn_GENERATE_FORMS_UW' is clicked on

2018-01-25 18:27:56 - [MESSAGE][PASSED] - Object: 'Object Repository/Endorsement_OR/btn_GENERATE_FORMS_UW' is clicked on

2018-01-25 18:27:56 - [TEST_STEP][PASSED] - delay: Delayed 4 second(s)

2018-01-25 18:28:00 - [MESSAGE][PASSED] - Delayed 4 second(s)

2018-01-25 18:28:00 - [TEST_STEP][PASSED] - click: Object: 'Object Repository/Endorsement_OR/btn_APPROVE_ENDORSEMENT' is clicked on

2018-01-25 18:28:00 - [MESSAGE][PASSED] - Object: 'Object Repository/Endorsement_OR/btn_APPROVE_ENDORSEMENT' is clicked on

2018-01-25 18:28:00 - [TEST_STEP][PASSED] - delay: Delayed 6 second(s)

2018-01-25 18:28:06 - [MESSAGE][PASSED] - Delayed 6 second(s)

2018-01-25 18:28:06 - [TEST_STEP][PASSED] - click: Object: 'Object Repository/Endorsement_OR/chkbx_HOMEOWNER_END_FORM' is clicked on

2018-01-25 18:28:06 - [MESSAGE][PASSED] - Object: 'Object Repository/Endorsement_OR/chkbx_HOMEOWNER_END_FORM' is clicked on

2018-01-25 18:28:06 - [TEST_STEP][PASSED] - delay: Delayed 4 second(s)

2018-01-25 18:28:10 - [MESSAGE][PASSED] - Delayed 4 second(s)

2018-01-25 18:28:10 - [TEST_STEP][PASSED] - click: Object: 'Object Repository/Endorsement_OR/chkbx_HOMEOWNER_END_FORM' is clicked on

2018-01-25 18:28:10 - [MESSAGE][PASSED] - Object: 'Object Repository/Endorsement_OR/chkbx_HOMEOWNER_END_FORM' is clicked on

2018-01-25 18:28:10 - [TEST_STEP][PASSED] - delay: Delayed 4 second(s)

2018-01-25 18:28:14 - [MESSAGE][PASSED] - Delayed 4 second(s)

2018-01-25 18:28:14 - [TEST_STEP][PASSED] - click: Object: 'Object Repository/Endorsement_OR/btn_FILLDATA_HOMEOWNER_END_FORM' is clicked on

2018-01-25 18:28:14 - [MESSAGE][PASSED] - Object: 'Object Repository/Endorsement_OR/btn_FILLDATA_HOMEOWNER_END_FORM' is clicked on

2018-01-25 18:28:14 - [TEST_STEP][PASSED] - delay: Delayed 10 second(s)

2018-01-25 18:28:24 - [MESSAGE][PASSED] - Delayed 10 second(s)

2018-01-25 18:28:24 - [TEST_STEP][PASSED] - setText: Text 'Testing' is set on object 'Object Repository/Endorsement_OR/txtfield_HOMEOWNER_END_FORM'

2018-01-25 18:28:24 - [MESSAGE][PASSED] - Text 'Testing' is set on object 'Object Repository/Endorsement_OR/txtfield_HOMEOWNER_END_FORM'

2018-01-25 18:28:24 - [TEST_STEP][PASSED] - delay: Delayed 4 second(s)

2018-01-25 18:28:28 - [MESSAGE][PASSED] - Delayed 4 second(s)

2018-01-25 18:28:28 - [TEST_STEP][PASSED] - click: Object: 'Object Repository/Endorsement_OR/btn_SUBMIT_HOMEOWNER_END_FORM' is clicked on

2018-01-25 18:28:28 - [MESSAGE][PASSED] - Object: 'Object Repository/Endorsement_OR/btn_SUBMIT_HOMEOWNER_END_FORM' is clicked on

2018-01-25 18:28:28 - [TEST_STEP][PASSED] - delay: Delayed 4 second(s)

2018-01-25 18:28:32 - [MESSAGE][PASSED] - Delayed 4 second(s)

2018-01-25 18:28:32 - [TEST_STEP][PASSED] - click: Object: 'Object Repository/Endorsement_OR/btn_VIEW_DRAFT_END' is clicked on

2018-01-25 18:28:33 - [MESSAGE][PASSED] - Object: 'Object Repository/Endorsement_OR/btn_VIEW_DRAFT_END' is clicked on

2018-01-25 18:28:33 - [TEST_STEP][PASSED] - delay: Delayed 4 second(s)

2018-01-25 18:28:37 - [MESSAGE][PASSED] - Delayed 4 second(s)

2018-01-25 18:28:37 - [TEST_STEP][PASSED] - click: Object: 'Object Repository/Endorsement_OR/btn_APPROVE_ENDORSEMENT' is clicked on

2018-01-25 18:28:37 - [MESSAGE][PASSED] - Object: 'Object Repository/Endorsement_OR/btn_APPROVE_ENDORSEMENT' is clicked on

2018-01-25 18:28:37 - [TEST_STEP][PASSED] - delay: Delayed 30 second(s)

2018-01-25 18:29:07 - [MESSAGE][PASSED] - Delayed 30 second(s)

2018-01-25 18:29:07 - [TEST_STEP][PASSED] - click: Object: 'Object Repository/Application_OR/btn_LOGOUT' is clicked on

2018-01-25 18:29:07 - [MESSAGE][PASSED] - Object: 'Object Repository/Application_OR/btn_LOGOUT' is clicked on

2018-01-25 18:29:07 - [TEST_STEP][PASSED] - delay: Delayed 5 second(s)

2018-01-25 18:29:12 - [MESSAGE][PASSED] - Delayed 5 second(s)]]></system-out>
         <system-err><![CDATA[]]></system-err>
      </testcase>
      <testcase name="Test Cases/AGENT_ENDORSEMENT_REQUEST" classname="Test Cases/AGENT_ENDORSEMENT_REQUEST" status="FAILED">
         <failure type="FAILED" message="Unable to click on object 'Object Repository/ENDORSEMENT_AGENT_OR/btn-UPDATE_NUMOFCLAIMS' (Root cause: org.openqa.selenium.WebDriverException: unknown error: Element &lt;a href=&quot;#_&quot; class=&quot;btn btn-xs btn-primary btn-Update&quot; id=&quot;btnUpdateClaims&quot;>...&lt;/a> is not clickable at point (1171, 43). Other element would receive the click: &lt;div class=&quot;pull-left&quot;>...&lt;/div>
  (Session info: chrome=63.0.3239.132)
  (Driver info: chromedriver=2.33.506120 (e3e53437346286c0bc2d2dc9aa4915ba81d9023f),platform=Windows NT 6.1.7601 SP1 x86_64) (WARNING: The server did not provide any stacktrace information)
Command duration or timeout: 39 milliseconds
Build info: version: '2.53.0', revision: '35ae25b', time: '2016-03-15 17:00:58'
System info: host: 'CTS-QUA-4', ip: '192.168.0.4', os.name: 'Windows 7', os.arch: 'amd64', os.version: '6.1', java.version: '1.8.0_102'
Driver info: com.kms.katalon.selenium.driver.CChromeDriver
Capabilities [{applicationCacheEnabled=false, rotatable=false, mobileEmulationEnabled=false, networkConnectionEnabled=false, chrome={chromedriverVersion=2.33.506120 (e3e53437346286c0bc2d2dc9aa4915ba81d9023f), userDataDir=C:\Users\GSALUN~1\AppData\Local\Temp\scoped_dir14400_6654}, takesHeapSnapshot=true, pageLoadStrategy=normal, databaseEnabled=false, handlesAlerts=true, hasTouchScreen=false, version=63.0.3239.132, platform=XP, browserConnectionEnabled=false, nativeEvents=true, acceptSslCerts=true, locationContextEnabled=true, webStorageEnabled=true, browserName=chrome, takesScreenshot=true, javascriptEnabled=true, cssSelectorsEnabled=true, setWindowRect=true, unexpectedAlertBehaviour=}]
Session ID: d520b701a8324652a128df7ae1b26774)"/>
         <system-out><![CDATA[2018-01-25 18:29:12 - [TEST_CASE][FAILED] - Test Cases/AGENT_ENDORSEMENT_REQUEST: Test Cases/AGENT_ENDORSEMENT_REQUEST FAILED because (of) Unable to click on object 'Object Repository/ENDORSEMENT_AGENT_OR/btn-UPDATE_NUMOFCLAIMS' (Root cause: org.openqa.selenium.WebDriverException: unknown error: Element <a href="#_" class="btn btn-xs btn-primary btn-Update" id="btnUpdateClaims">...</a> is not clickable at point (1171, 43). Other element would receive the click: <div class="pull-left">...</div>
  (Session info: chrome=63.0.3239.132)
  (Driver info: chromedriver=2.33.506120 (e3e53437346286c0bc2d2dc9aa4915ba81d9023f),platform=Windows NT 6.1.7601 SP1 x86_64) (WARNING: The server did not provide any stacktrace information)
Command duration or timeout: 39 milliseconds
Build info: version: '2.53.0', revision: '35ae25b', time: '2016-03-15 17:00:58'
System info: host: 'CTS-QUA-4', ip: '192.168.0.4', os.name: 'Windows 7', os.arch: 'amd64', os.version: '6.1', java.version: '1.8.0_102'
Driver info: com.kms.katalon.selenium.driver.CChromeDriver
Capabilities [{applicationCacheEnabled=false, rotatable=false, mobileEmulationEnabled=false, networkConnectionEnabled=false, chrome={chromedriverVersion=2.33.506120 (e3e53437346286c0bc2d2dc9aa4915ba81d9023f), userDataDir=C:\Users\GSALUN~1\AppData\Local\Temp\scoped_dir14400_6654}, takesHeapSnapshot=true, pageLoadStrategy=normal, databaseEnabled=false, handlesAlerts=true, hasTouchScreen=false, version=63.0.3239.132, platform=XP, browserConnectionEnabled=false, nativeEvents=true, acceptSslCerts=true, locationContextEnabled=true, webStorageEnabled=true, browserName=chrome, takesScreenshot=true, javascriptEnabled=true, cssSelectorsEnabled=true, setWindowRect=true, unexpectedAlertBehaviour=}]
Session ID: d520b701a8324652a128df7ae1b26774)

2018-01-25 18:29:13 - [TEST_STEP][PASSED] - setText: Text 'ih.chelms' is set on object 'Object Repository/Quote_OR/txtfield_USERNAME'

2018-01-25 18:29:13 - [MESSAGE][PASSED] - Text 'ih.chelms' is set on object 'Object Repository/Quote_OR/txtfield_USERNAME'

2018-01-25 18:29:13 - [TEST_STEP][PASSED] - setText: Text '10#Hammer' is set on object 'Object Repository/Quote_OR/txtfield_PASSWORD'

2018-01-25 18:29:13 - [MESSAGE][PASSED] - Text '10#Hammer' is set on object 'Object Repository/Quote_OR/txtfield_PASSWORD'

2018-01-25 18:29:13 - [TEST_STEP][PASSED] - click: Object: 'Object Repository/Quote_OR/btn-LOGIN' is clicked on

2018-01-25 18:29:15 - [MESSAGE][PASSED] - Object: 'Object Repository/Quote_OR/btn-LOGIN' is clicked on

2018-01-25 18:29:15 - [TEST_STEP][PASSED] - delay: Delayed 15 second(s)

2018-01-25 18:29:30 - [MESSAGE][PASSED] - Delayed 15 second(s)

2018-01-25 18:29:30 - [TEST_STEP][PASSED] - click: Object: 'Object Repository/Application_OR/btn_UW_APPLICATION_STATUS_MENU' is clicked on

2018-01-25 18:29:31 - [MESSAGE][PASSED] - Object: 'Object Repository/Application_OR/btn_UW_APPLICATION_STATUS_MENU' is clicked on

2018-01-25 18:29:31 - [TEST_STEP][PASSED] - delay: Delayed 20 second(s)

2018-01-25 18:29:51 - [MESSAGE][PASSED] - Delayed 20 second(s)

2018-01-25 18:29:51 - [TEST_STEP][PASSED] - click: Object: 'Object Repository/Endorsement_OR/btn_ADVANCE_FILTER' is clicked on

2018-01-25 18:29:51 - [MESSAGE][PASSED] - Object: 'Object Repository/Endorsement_OR/btn_ADVANCE_FILTER' is clicked on

2018-01-25 18:29:51 - [TEST_STEP][PASSED] - delay: Delayed 4 second(s)

2018-01-25 18:29:55 - [MESSAGE][PASSED] - Delayed 4 second(s)

2018-01-25 18:29:55 - [TEST_STEP][PASSED] - setText: Text '3203 College Ave, Columbus, GA 31907, USA' is set on object 'Object Repository/Endorsement_OR/txtfield_AdvanceFilter_PROPERTY_ADDRESS'

2018-01-25 18:29:55 - [MESSAGE][PASSED] - Text '3203 College Ave, Columbus, GA 31907, USA' is set on object 'Object Repository/Endorsement_OR/txtfield_AdvanceFilter_PROPERTY_ADDRESS'

2018-01-25 18:29:55 - [TEST_STEP][PASSED] - delay: Delayed 15 second(s)

2018-01-25 18:30:10 - [MESSAGE][PASSED] - Delayed 15 second(s)

2018-01-25 18:30:10 - [TEST_STEP][PASSED] - click: Object: 'Object Repository/Endorsement_OR/btn_APPLY_Advance_Filter' is clicked on

2018-01-25 18:30:10 - [MESSAGE][PASSED] - Object: 'Object Repository/Endorsement_OR/btn_APPLY_Advance_Filter' is clicked on

2018-01-25 18:30:10 - [TEST_STEP][PASSED] - delay: Delayed 18 second(s)

2018-01-25 18:30:28 - [MESSAGE][PASSED] - Delayed 18 second(s)

2018-01-25 18:30:28 - [TEST_STEP][PASSED] - Statement - policynumber = com.kms.katalon.core.webui.keyword.WebUiBuiltInKeywords.getText(com.kms.katalon.core.testobject.ObjectRepository.findTestObject(ENDORSEMENT_AGENT_OR/get_POLICYNUMBER)): Text of object 'Object Repository/ENDORSEMENT_AGENT_OR/get_POLICYNUMBER' is: 'BCIHGA1800095'

2018-01-25 18:30:29 - [MESSAGE][PASSED] - Text of object 'Object Repository/ENDORSEMENT_AGENT_OR/get_POLICYNUMBER' is: 'BCIHGA1800095'

2018-01-25 18:30:29 - [TEST_STEP][PASSED] - Statement - println(policynumber): null

2018-01-25 18:30:29 - [TEST_STEP][PASSED] - delay: Delayed 10 second(s)

2018-01-25 18:30:39 - [MESSAGE][PASSED] - Delayed 10 second(s)

2018-01-25 18:30:39 - [TEST_STEP][PASSED] - click: Object: 'Object Repository/Endorsement_OR/btn_ENDORSEMENT_MENU' is clicked on

2018-01-25 18:30:39 - [MESSAGE][PASSED] - Object: 'Object Repository/Endorsement_OR/btn_ENDORSEMENT_MENU' is clicked on

2018-01-25 18:30:39 - [TEST_STEP][PASSED] - delay: Delayed 3 second(s)

2018-01-25 18:30:42 - [MESSAGE][PASSED] - Delayed 3 second(s)

2018-01-25 18:30:42 - [TEST_STEP][PASSED] - click: Object: 'Object Repository/Endorsement_OR/btn_YES_CONFIRMATION_ENDORSEMENT' is clicked on

2018-01-25 18:30:42 - [MESSAGE][PASSED] - Object: 'Object Repository/Endorsement_OR/btn_YES_CONFIRMATION_ENDORSEMENT' is clicked on

2018-01-25 18:30:42 - [TEST_STEP][PASSED] - setText: Text 'BCIHGA1800095' is set on object 'Object Repository/Endorsement_OR/txtfield_POLICYNUMBER_FOR_ENDORSEMENT'

2018-01-25 18:30:42 - [MESSAGE][PASSED] - Text 'BCIHGA1800095' is set on object 'Object Repository/Endorsement_OR/txtfield_POLICYNUMBER_FOR_ENDORSEMENT'

2018-01-25 18:30:42 - [TEST_STEP][PASSED] - delay: Delayed 6 second(s)

2018-01-25 18:30:48 - [MESSAGE][PASSED] - Delayed 6 second(s)

2018-01-25 18:30:48 - [TEST_STEP][PASSED] - click: Object: 'Object Repository/Endorsement_OR/btn_SEARCH_FOR_ENDORSEMENT' is clicked on

2018-01-25 18:30:49 - [MESSAGE][PASSED] - Object: 'Object Repository/Endorsement_OR/btn_SEARCH_FOR_ENDORSEMENT' is clicked on

2018-01-25 18:30:49 - [TEST_STEP][PASSED] - delay: Delayed 10 second(s)

2018-01-25 18:30:59 - [MESSAGE][PASSED] - Delayed 10 second(s)

2018-01-25 18:30:59 - [TEST_STEP][PASSED] - click: Object: 'Object Repository/Endorsement_OR/btn_ENDORSE_UW' is clicked on

2018-01-25 18:31:00 - [MESSAGE][PASSED] - Object: 'Object Repository/Endorsement_OR/btn_ENDORSE_UW' is clicked on

2018-01-25 18:31:00 - [TEST_STEP][PASSED] - delay: Delayed 6 second(s)

2018-01-25 18:31:06 - [MESSAGE][PASSED] - Delayed 6 second(s)

2018-01-25 18:31:06 - [TEST_STEP][PASSED] - click: Object: 'Object Repository/Endorsement_OR/btn_EDIT_COVERAGE_UW' is clicked on

2018-01-25 18:31:06 - [MESSAGE][PASSED] - Object: 'Object Repository/Endorsement_OR/btn_EDIT_COVERAGE_UW' is clicked on

2018-01-25 18:31:06 - [TEST_STEP][PASSED] - click: Object: 'Object Repository/ENDORSEMENT_AGENT_OR/drp_PERSONAL_PROPERTY' is clicked on

2018-01-25 18:31:07 - [MESSAGE][PASSED] - Object: 'Object Repository/ENDORSEMENT_AGENT_OR/drp_PERSONAL_PROPERTY' is clicked on

2018-01-25 18:31:07 - [TEST_STEP][PASSED] - delay: Delayed 3 second(s)

2018-01-25 18:31:10 - [MESSAGE][PASSED] - Delayed 3 second(s)

2018-01-25 18:31:10 - [TEST_STEP][PASSED] - selectOptionByValue: All options with value '35' are selected in object 'Object Repository/ENDORSEMENT_AGENT_OR/drp_PERSONAL_PROPERTY' 

2018-01-25 18:31:10 - [MESSAGE][PASSED] - All options with value '35' are selected in object 'Object Repository/ENDORSEMENT_AGENT_OR/drp_PERSONAL_PROPERTY' 

2018-01-25 18:31:10 - [TEST_STEP][PASSED] - delay: Delayed 3 second(s)

2018-01-25 18:31:13 - [MESSAGE][PASSED] - Delayed 3 second(s)

2018-01-25 18:31:13 - [TEST_STEP][PASSED] - click: Object: 'Object Repository/Endorsement_OR/btn_UPDATE_COVERAGE_UW' is clicked on

2018-01-25 18:31:13 - [MESSAGE][PASSED] - Object: 'Object Repository/Endorsement_OR/btn_UPDATE_COVERAGE_UW' is clicked on

2018-01-25 18:31:13 - [TEST_STEP][PASSED] - scrollToPosition: Browser is scrolled to position x = 0, y = 50

2018-01-25 18:31:13 - [MESSAGE][PASSED] - Browser is scrolled to position x = 0, y = 50

2018-01-25 18:31:13 - [TEST_STEP][PASSED] - click: Object: 'Object Repository/ENDORSEMENT_AGENT_OR/btn_EDIT_CLAIM_Details' is clicked on

2018-01-25 18:31:13 - [MESSAGE][PASSED] - Object: 'Object Repository/ENDORSEMENT_AGENT_OR/btn_EDIT_CLAIM_Details' is clicked on

2018-01-25 18:31:13 - [TEST_STEP][PASSED] - delay: Delayed 2 second(s)

2018-01-25 18:31:15 - [MESSAGE][PASSED] - Delayed 2 second(s)

2018-01-25 18:31:15 - [TEST_STEP][PASSED] - click: Object: 'Object Repository/ENDORSEMENT_AGENT_OR/drp_NUMOFCLAIMS' is clicked on

2018-01-25 18:31:15 - [MESSAGE][PASSED] - Object: 'Object Repository/ENDORSEMENT_AGENT_OR/drp_NUMOFCLAIMS' is clicked on

2018-01-25 18:31:15 - [TEST_STEP][PASSED] - selectOptionByValue: All options with value '1' are selected in object 'Object Repository/ENDORSEMENT_AGENT_OR/drp_NUMOFCLAIMS' 

2018-01-25 18:31:15 - [MESSAGE][PASSED] - All options with value '1' are selected in object 'Object Repository/ENDORSEMENT_AGENT_OR/drp_NUMOFCLAIMS' 

2018-01-25 18:31:15 - [TEST_STEP][PASSED] - delay: Delayed 2 second(s)

2018-01-25 18:31:17 - [MESSAGE][PASSED] - Delayed 2 second(s)

2018-01-25 18:31:17 - [TEST_STEP][PASSED] - click: Object: 'Object Repository/ENDORSEMENT_AGENT_OR/btn-UPDATE_NUMOFCLAIMS' is clicked on

2018-01-25 18:31:18 - [MESSAGE][PASSED] - Object: 'Object Repository/ENDORSEMENT_AGENT_OR/btn-UPDATE_NUMOFCLAIMS' is clicked on

2018-01-25 18:31:18 - [TEST_STEP][PASSED] - delay: Delayed 2 second(s)

2018-01-25 18:31:20 - [MESSAGE][PASSED] - Delayed 2 second(s)

2018-01-25 18:31:20 - [TEST_STEP][PASSED] - setText: Text '01/03/2017' is set on object 'Object Repository/ENDORSEMENT_AGENT_OR/txtfield-DATE_OF_LOSS_CLAIM'

2018-01-25 18:31:20 - [MESSAGE][PASSED] - Text '01/03/2017' is set on object 'Object Repository/ENDORSEMENT_AGENT_OR/txtfield-DATE_OF_LOSS_CLAIM'

2018-01-25 18:31:20 - [TEST_STEP][PASSED] - setText: Text '50000' is set on object 'Object Repository/ENDORSEMENT_AGENT_OR/txtfield-LOSSAMOUNT_CLAIM'

2018-01-25 18:31:20 - [MESSAGE][PASSED] - Text '50000' is set on object 'Object Repository/ENDORSEMENT_AGENT_OR/txtfield-LOSSAMOUNT_CLAIM'

2018-01-25 18:31:20 - [TEST_STEP][PASSED] - selectOptionByValue: All options with value '2' are selected in object 'Object Repository/ENDORSEMENT_AGENT_OR/drp-TYPEOFINCIDENT' 

2018-01-25 18:31:20 - [MESSAGE][PASSED] - All options with value '2' are selected in object 'Object Repository/ENDORSEMENT_AGENT_OR/drp-TYPEOFINCIDENT' 

2018-01-25 18:31:20 - [TEST_STEP][PASSED] - delay: Delayed 6 second(s)

2018-01-25 18:31:26 - [MESSAGE][PASSED] - Delayed 6 second(s)

2018-01-25 18:31:26 - [TEST_STEP][FAILED] - click: Unable to click on object 'Object Repository/ENDORSEMENT_AGENT_OR/btn-UPDATE_NUMOFCLAIMS' (Root cause: org.openqa.selenium.WebDriverException: unknown error: Element <a href="#_" class="btn btn-xs btn-primary btn-Update" id="btnUpdateClaims">...</a> is not clickable at point (1171, 43). Other element would receive the click: <div class="pull-left">...</div>
  (Session info: chrome=63.0.3239.132)
  (Driver info: chromedriver=2.33.506120 (e3e53437346286c0bc2d2dc9aa4915ba81d9023f),platform=Windows NT 6.1.7601 SP1 x86_64) (WARNING: The server did not provide any stacktrace information)
Command duration or timeout: 39 milliseconds
Build info: version: '2.53.0', revision: '35ae25b', time: '2016-03-15 17:00:58'
System info: host: 'CTS-QUA-4', ip: '192.168.0.4', os.name: 'Windows 7', os.arch: 'amd64', os.version: '6.1', java.version: '1.8.0_102'
Driver info: com.kms.katalon.selenium.driver.CChromeDriver
Capabilities [{applicationCacheEnabled=false, rotatable=false, mobileEmulationEnabled=false, networkConnectionEnabled=false, chrome={chromedriverVersion=2.33.506120 (e3e53437346286c0bc2d2dc9aa4915ba81d9023f), userDataDir=C:\Users\GSALUN~1\AppData\Local\Temp\scoped_dir14400_6654}, takesHeapSnapshot=true, pageLoadStrategy=normal, databaseEnabled=false, handlesAlerts=true, hasTouchScreen=false, version=63.0.3239.132, platform=XP, browserConnectionEnabled=false, nativeEvents=true, acceptSslCerts=true, locationContextEnabled=true, webStorageEnabled=true, browserName=chrome, takesScreenshot=true, javascriptEnabled=true, cssSelectorsEnabled=true, setWindowRect=true, unexpectedAlertBehaviour=}]
Session ID: d520b701a8324652a128df7ae1b26774)

2018-01-25 18:31:27 - [MESSAGE][FAILED] - Unable to click on object 'Object Repository/ENDORSEMENT_AGENT_OR/btn-UPDATE_NUMOFCLAIMS' (Root cause: org.openqa.selenium.WebDriverException: unknown error: Element <a href="#_" class="btn btn-xs btn-primary btn-Update" id="btnUpdateClaims">...</a> is not clickable at point (1171, 43). Other element would receive the click: <div class="pull-left">...</div>
  (Session info: chrome=63.0.3239.132)
  (Driver info: chromedriver=2.33.506120 (e3e53437346286c0bc2d2dc9aa4915ba81d9023f),platform=Windows NT 6.1.7601 SP1 x86_64) (WARNING: The server did not provide any stacktrace information)
Command duration or timeout: 39 milliseconds
Build info: version: '2.53.0', revision: '35ae25b', time: '2016-03-15 17:00:58'
System info: host: 'CTS-QUA-4', ip: '192.168.0.4', os.name: 'Windows 7', os.arch: 'amd64', os.version: '6.1', java.version: '1.8.0_102'
Driver info: com.kms.katalon.selenium.driver.CChromeDriver
Capabilities [{applicationCacheEnabled=false, rotatable=false, mobileEmulationEnabled=false, networkConnectionEnabled=false, chrome={chromedriverVersion=2.33.506120 (e3e53437346286c0bc2d2dc9aa4915ba81d9023f), userDataDir=C:\Users\GSALUN~1\AppData\Local\Temp\scoped_dir14400_6654}, takesHeapSnapshot=true, pageLoadStrategy=normal, databaseEnabled=false, handlesAlerts=true, hasTouchScreen=false, version=63.0.3239.132, platform=XP, browserConnectionEnabled=false, nativeEvents=true, acceptSslCerts=true, locationContextEnabled=true, webStorageEnabled=true, browserName=chrome, takesScreenshot=true, javascriptEnabled=true, cssSelectorsEnabled=true, setWindowRect=true, unexpectedAlertBehaviour=}]
Session ID: d520b701a8324652a128df7ae1b26774)
[[ATTACHMENT|D:\\Katalon_Practice_Workspace\\Katalon_Mitendra\\Reports\\PPE\\20180125_181823\\1516885286813.png]]]]></system-out>
         <system-err><![CDATA[2018-01-25 18:29:12 - [TEST_CASE][FAILED] - Test Cases/AGENT_ENDORSEMENT_REQUEST: Test Cases/AGENT_ENDORSEMENT_REQUEST FAILED because (of) Unable to click on object 'Object Repository/ENDORSEMENT_AGENT_OR/btn-UPDATE_NUMOFCLAIMS' (Root cause: org.openqa.selenium.WebDriverException: unknown error: Element <a href="#_" class="btn btn-xs btn-primary btn-Update" id="btnUpdateClaims">...</a> is not clickable at point (1171, 43). Other element would receive the click: <div class="pull-left">...</div>
  (Session info: chrome=63.0.3239.132)
  (Driver info: chromedriver=2.33.506120 (e3e53437346286c0bc2d2dc9aa4915ba81d9023f),platform=Windows NT 6.1.7601 SP1 x86_64) (WARNING: The server did not provide any stacktrace information)
Command duration or timeout: 39 milliseconds
Build info: version: '2.53.0', revision: '35ae25b', time: '2016-03-15 17:00:58'
System info: host: 'CTS-QUA-4', ip: '192.168.0.4', os.name: 'Windows 7', os.arch: 'amd64', os.version: '6.1', java.version: '1.8.0_102'
Driver info: com.kms.katalon.selenium.driver.CChromeDriver
Capabilities [{applicationCacheEnabled=false, rotatable=false, mobileEmulationEnabled=false, networkConnectionEnabled=false, chrome={chromedriverVersion=2.33.506120 (e3e53437346286c0bc2d2dc9aa4915ba81d9023f), userDataDir=C:\Users\GSALUN~1\AppData\Local\Temp\scoped_dir14400_6654}, takesHeapSnapshot=true, pageLoadStrategy=normal, databaseEnabled=false, handlesAlerts=true, hasTouchScreen=false, version=63.0.3239.132, platform=XP, browserConnectionEnabled=false, nativeEvents=true, acceptSslCerts=true, locationContextEnabled=true, webStorageEnabled=true, browserName=chrome, takesScreenshot=true, javascriptEnabled=true, cssSelectorsEnabled=true, setWindowRect=true, unexpectedAlertBehaviour=}]
Session ID: d520b701a8324652a128df7ae1b26774)]]></system-err>
      </testcase>
      <system-out><![CDATA[2018-01-25 18:18:24 - [TEST_SUITE][FAILED] - PPE: Test Cases/AGENT_ENDORSEMENT_REQUEST FAILED because (of) Unable to click on object 'Object Repository/ENDORSEMENT_AGENT_OR/btn-UPDATE_NUMOFCLAIMS' (Root cause: org.openqa.selenium.WebDriverException: unknown error: Element <a href="#_" class="btn btn-xs btn-primary btn-Update" id="btnUpdateClaims">...</a> is not clickable at point (1171, 43). Other element would receive the click: <div class="pull-left">...</div>
  (Session info: chrome=63.0.3239.132)
  (Driver info: chromedriver=2.33.506120 (e3e53437346286c0bc2d2dc9aa4915ba81d9023f),platform=Windows NT 6.1.7601 SP1 x86_64) (WARNING: The server did not provide any stacktrace information)
Command duration or timeout: 39 milliseconds
Build info: version: '2.53.0', revision: '35ae25b', time: '2016-03-15 17:00:58'
System info: host: 'CTS-QUA-4', ip: '192.168.0.4', os.name: 'Windows 7', os.arch: 'amd64', os.version: '6.1', java.version: '1.8.0_102'
Driver info: com.kms.katalon.selenium.driver.CChromeDriver
Capabilities [{applicationCacheEnabled=false, rotatable=false, mobileEmulationEnabled=false, networkConnectionEnabled=false, chrome={chromedriverVersion=2.33.506120 (e3e53437346286c0bc2d2dc9aa4915ba81d9023f), userDataDir=C:\Users\GSALUN~1\AppData\Local\Temp\scoped_dir14400_6654}, takesHeapSnapshot=true, pageLoadStrategy=normal, databaseEnabled=false, handlesAlerts=true, hasTouchScreen=false, version=63.0.3239.132, platform=XP, browserConnectionEnabled=false, nativeEvents=true, acceptSslCerts=true, locationContextEnabled=true, webStorageEnabled=true, browserName=chrome, takesScreenshot=true, javascriptEnabled=true, cssSelectorsEnabled=true, setWindowRect=true, unexpectedAlertBehaviour=}]
Session ID: d520b701a8324652a128df7ae1b26774)]]></system-out>
      <system-err><![CDATA[2018-01-25 18:18:24 - [TEST_SUITE][FAILED] - PPE: Test Cases/AGENT_ENDORSEMENT_REQUEST FAILED because (of) Unable to click on object 'Object Repository/ENDORSEMENT_AGENT_OR/btn-UPDATE_NUMOFCLAIMS' (Root cause: org.openqa.selenium.WebDriverException: unknown error: Element <a href="#_" class="btn btn-xs btn-primary btn-Update" id="btnUpdateClaims">...</a> is not clickable at point (1171, 43). Other element would receive the click: <div class="pull-left">...</div>
  (Session info: chrome=63.0.3239.132)
  (Driver info: chromedriver=2.33.506120 (e3e53437346286c0bc2d2dc9aa4915ba81d9023f),platform=Windows NT 6.1.7601 SP1 x86_64) (WARNING: The server did not provide any stacktrace information)
Command duration or timeout: 39 milliseconds
Build info: version: '2.53.0', revision: '35ae25b', time: '2016-03-15 17:00:58'
System info: host: 'CTS-QUA-4', ip: '192.168.0.4', os.name: 'Windows 7', os.arch: 'amd64', os.version: '6.1', java.version: '1.8.0_102'
Driver info: com.kms.katalon.selenium.driver.CChromeDriver
Capabilities [{applicationCacheEnabled=false, rotatable=false, mobileEmulationEnabled=false, networkConnectionEnabled=false, chrome={chromedriverVersion=2.33.506120 (e3e53437346286c0bc2d2dc9aa4915ba81d9023f), userDataDir=C:\Users\GSALUN~1\AppData\Local\Temp\scoped_dir14400_6654}, takesHeapSnapshot=true, pageLoadStrategy=normal, databaseEnabled=false, handlesAlerts=true, hasTouchScreen=false, version=63.0.3239.132, platform=XP, browserConnectionEnabled=false, nativeEvents=true, acceptSslCerts=true, locationContextEnabled=true, webStorageEnabled=true, browserName=chrome, takesScreenshot=true, javascriptEnabled=true, cssSelectorsEnabled=true, setWindowRect=true, unexpectedAlertBehaviour=}]
Session ID: d520b701a8324652a128df7ae1b26774)]]></system-err>
   </testsuite>
</testsuites>
