<?xml version="1.0" encoding="UTF-8"?>
<testsuites name="PPE" time="350" tests="1" failures="1" errors="0">
   <testsuite name="PPE" tests="1" failures="1" errors="0" time="350" timestamp="2018-02-05 14:11:16" hostname="gsalunkhe - CTS-QUA-4.cogitate.india" id="Test Suites/PPE">
      <properties>
         <property name="deviceName" value=""/>
         <property name="devicePlatform" value=""/>
         <property name="logFolder" value="D:\\Katalon_Practice_Workspace\\Katalon_PPE_GANESH\\Reports\\PPE\\20180205_141114"/>
         <property name="logFiles" value="D:\\Katalon_Practice_Workspace\\Katalon_PPE_GANESH\\Reports\\PPE\\20180205_141114\\execution0.log"/>
         <property name="attachments" value="D:\\Katalon_Practice_Workspace\\Katalon_PPE_GANESH\\Reports\\PPE\\20180205_141114\\1517820424432.png"/>
         <property name="hostName" value="gsalunkhe - CTS-QUA-4.cogitate.india"/>
         <property name="os" value="Windows 7 64bit"/>
         <property name="katalonVersion" value="5.0.1.1"/>
         <property name="browser" value="Chrome 63.0.3239.132"/>
         <property name="hostAddress" value="192.168.0.4"/>
         <property name="sessionId" value="c285b180a5134cf29c775a8c68572b5a"/>
         <property name="seleniumVersion" value="2.53.0"/>
         <property name="proxyInformation" value="ProxyInformation{proxyOption=NO_PROXY, proxyServerType=HTTP, password=, proxyServerAddress=, proxyServerPort=0}"/>
         <property name="platform" value="Windows 7"/>
      </properties>
      <testcase name="Test Cases/QUOTE_CREATION" classname="Test Cases/QUOTE_CREATION" status="PASSED">
         <system-out><![CDATA[2018-02-05 14:11:16 - [TEST_CASE][PASSED] - Test Cases/QUOTE_CREATION: Test Cases/QUOTE_CREATION

2018-02-05 14:11:17 - [TEST_STEP][PASSED] - Statement - propertyDataRowCounter = 0: null

2018-02-05 14:11:17 - [TEST_STEP][PASSED] - Statement - configDataRowCounter = 0: null

2018-02-05 14:11:17 - [TEST_STEP][PASSED] - Statement - genericDATA = com.kms.katalon.core.testdata.TestDataFactory.findTestData(PPE_Config_File): Test data is internal data, reading internal data

2018-02-05 14:11:17 - [TEST_STEP][PASSED] - Statement - propertyDATA = com.kms.katalon.core.testdata.TestDataFactory.findTestData(PPEPROPERTYDATA): Test data is internal data, reading internal data

2018-02-05 14:11:17 - [TEST_STEP][PASSED] - Statement - obj = data.get(propertyDataRowCounter): null

2018-02-05 14:11:17 - [TEST_STEP][PASSED] - Statement - obj.toString().replace("N", "Y"): null

2018-02-05 14:11:17 - [TEST_STEP][PASSED] - Statement - data.add(obj): null

2018-02-05 14:11:17 - [TEST_STEP][PASSED] - Statement - println(obj): null

2018-02-05 14:11:17 - [TEST_STEP][PASSED] - com.PPE.url_Navigation.gotoURL: com.PPE.url_Navigation.gotoURL is PASSED

2018-02-05 14:11:24 - [MESSAGE][PASSED] - Browser is opened with url: 'http://13.90.102.191:8066/'

2018-02-05 14:11:24 - [MESSAGE][PASSED] - Wait for page load successfully

2018-02-05 14:11:25 - [MESSAGE][PASSED] - Current window maximized

2018-02-05 14:11:25 - [MESSAGE][PASSED] - com.PPE.url_Navigation.gotoURL is PASSED

2018-02-05 14:11:25 - [TEST_STEP][PASSED] - com.PPE.IncorrectLogin.login: com.PPE.IncorrectLogin.login is PASSED

2018-02-05 14:11:25 - [MESSAGE][PASSED] - Text '125634' is set on object 'Object Repository/Quote_OR/txtfield_USERNAME'

2018-02-05 14:11:26 - [MESSAGE][PASSED] - Text '10#Hammer' is set on object 'Object Repository/Quote_OR/txtfield_PASSWORD'

2018-02-05 14:11:28 - [MESSAGE][PASSED] - Object: 'Object Repository/Quote_OR/btn-LOGIN' is clicked on

2018-02-05 14:11:34 - [MESSAGE][PASSED] - Delayed 6 second(s)

2018-02-05 14:11:34 - [MESSAGE][PASSED] - Text 'ih.chelms' is set on object 'Object Repository/Quote_OR/txtfield_USERNAME'

2018-02-05 14:11:34 - [MESSAGE][PASSED] - Text '123456' is set on object 'Object Repository/Quote_OR/txtfield_PASSWORD'

2018-02-05 14:11:35 - [MESSAGE][PASSED] - Object: 'Object Repository/Quote_OR/btn-LOGIN' is clicked on

2018-02-05 14:11:41 - [MESSAGE][PASSED] - Delayed 6 second(s)

2018-02-05 14:11:41 - [MESSAGE][PASSED] - Text 'ih.jbutler' is set on object 'Object Repository/Quote_OR/txtfield_USERNAME'

2018-02-05 14:11:41 - [MESSAGE][PASSED] - Text '123456' is set on object 'Object Repository/Quote_OR/txtfield_PASSWORD'

2018-02-05 14:11:42 - [MESSAGE][PASSED] - Object: 'Object Repository/Quote_OR/btn-LOGIN' is clicked on

2018-02-05 14:11:48 - [MESSAGE][PASSED] - Delayed 6 second(s)

2018-02-05 14:11:48 - [MESSAGE][PASSED] - Text 'Ganesh' is set on object 'Object Repository/Quote_OR/txtfield_USERNAME'

2018-02-05 14:11:48 - [MESSAGE][PASSED] - Text 'Salunkhe' is set on object 'Object Repository/Quote_OR/txtfield_PASSWORD'

2018-02-05 14:11:49 - [MESSAGE][PASSED] - Object: 'Object Repository/Quote_OR/btn-LOGIN' is clicked on

2018-02-05 14:11:55 - [MESSAGE][PASSED] - Delayed 6 second(s)

2018-02-05 14:11:55 - [MESSAGE][PASSED] - Text 'ih.william' is set on object 'Object Repository/Quote_OR/txtfield_USERNAME'

2018-02-05 14:11:55 - [MESSAGE][PASSED] - Text 'ih.chelms' is set on object 'Object Repository/Quote_OR/txtfield_PASSWORD'

2018-02-05 14:11:56 - [MESSAGE][PASSED] - Object: 'Object Repository/Quote_OR/btn-LOGIN' is clicked on

2018-02-05 14:12:02 - [MESSAGE][PASSED] - Delayed 6 second(s)

2018-02-05 14:12:02 - [MESSAGE][PASSED] - com.PPE.IncorrectLogin.login is PASSED

2018-02-05 14:12:02 - [TEST_STEP][PASSED] - com.PPE.Login.correctlogin: com.PPE.Login.correctlogin is PASSED

2018-02-05 14:12:02 - [MESSAGE][PASSED] - Text 'ih.jbutler' is set on object 'Object Repository/Quote_OR/txtfield_USERNAME'

2018-02-05 14:12:02 - [MESSAGE][PASSED] - Text '10#Hammer' is set on object 'Object Repository/Quote_OR/txtfield_PASSWORD'

2018-02-05 14:12:08 - [MESSAGE][PASSED] - Object: 'Object Repository/Quote_OR/btn-LOGIN' is clicked on

2018-02-05 14:12:08 - [MESSAGE][PASSED] - com.PPE.Login.correctlogin is PASSED

2018-02-05 14:12:08 - [TEST_STEP][PASSED] - Statement - If (genericDATA.internallyGetValue("STATE", configDataRowCounter) == "GA"): null

2018-02-05 14:12:08 - [TEST_STEP][PASSED] - Statement - Else: Delayed 6 second(s)

2018-02-05 14:12:08 - [TEST_STEP][PASSED] - setText: Text '4345 Southern Oak Dr High Point, NC 27265 USA' is set on object 'Object Repository/Quote_OR/txtfield_ADDRESS_ON_LANDING_PAGE'

2018-02-05 14:12:08 - [MESSAGE][PASSED] - Text '4345 Southern Oak Dr High Point, NC 27265 USA' is set on object 'Object Repository/Quote_OR/txtfield_ADDRESS_ON_LANDING_PAGE'

2018-02-05 14:12:08 - [TEST_STEP][PASSED] - delay: Delayed 6 second(s)

2018-02-05 14:12:14 - [MESSAGE][PASSED] - Delayed 6 second(s)

2018-02-05 14:12:14 - [TEST_STEP][PASSED] - click: Object: 'Object Repository/Quote_OR/btn_SEARCH_ADDRESS' is clicked on

2018-02-05 14:12:31 - [MESSAGE][PASSED] - Object: 'Object Repository/Quote_OR/btn_SEARCH_ADDRESS' is clicked on

2018-02-05 14:12:31 - [TEST_STEP][PASSED] - waitForPageLoad: Wait for page load successfully

2018-02-05 14:12:31 - [MESSAGE][PASSED] - Wait for page load successfully

2018-02-05 14:12:31 - [TEST_STEP][PASSED] - com.PPE.QuotePropertyDataSelection.QuoteCreation: com.PPE.QuotePropertyDataSelection.QuoteCreation is PASSED

2018-02-05 14:12:31 - [MESSAGE][PASSED] - All options with index in [1] are selected on object 'Object Repository/Quote_OR/drp_PROPERTY_TYPE'

2018-02-05 14:12:31 - [MESSAGE][PASSED] - Text '' is set on object 'Object Repository/Quote_OR/txtfield_HOME_VALUATION'

2018-02-05 14:12:32 - [MESSAGE][PASSED] - Object: 'Object Repository/Quote_OR/btn_GETQUOTE' is clicked on

2018-02-05 14:12:32 - [MESSAGE][PASSED] - All options with index in [2] are selected on object 'Object Repository/Quote_OR/drp_CONSTRUCTION_TYPE'

2018-02-05 14:12:32 - [MESSAGE][PASSED] - Text '75000' is set on object 'Object Repository/Quote_OR/txtfield_HOME_VALUATION'

2018-02-05 14:12:34 - [MESSAGE][PASSED] - Delayed 2 second(s)

2018-02-05 14:12:34 - [MESSAGE][PASSED] - Text '' is set on object 'Object Repository/Quote_OR/txtbx_YEARHOMEBUILD'

2018-02-05 14:12:34 - [MESSAGE][PASSED] - Object: 'Object Repository/Quote_OR/btn_GETQUOTE' is clicked on

2018-02-05 14:12:34 - [MESSAGE][PASSED] - Text '1968' is set on object 'Object Repository/Quote_OR/txtbx_YEARHOMEBUILD'

2018-02-05 14:12:35 - [MESSAGE][PASSED] - Object: 'Object Repository/Quote_OR/btn_GETQUOTE' is clicked on

2018-02-05 14:12:39 - [MESSAGE][PASSED] - Delayed 4 second(s)

2018-02-05 14:12:45 - [MESSAGE][PASSED] - Object: 'Object Repository/Quote_OR/btn_SENDQUOTE' is clicked on

2018-02-05 14:12:46 - [MESSAGE][PASSED] - Delayed 1 second(s)

2018-02-05 14:12:46 - [MESSAGE][PASSED] - Object: 'Object Repository/Quote_OR/btn_SEND_QUOTE_DETAILS' is clicked on

2018-02-05 14:12:47 - [MESSAGE][PASSED] - Delayed 1 second(s)

2018-02-05 14:12:47 - [MESSAGE][PASSED] - Text 'Ganesh' is set on object 'Object Repository/Quote_OR/txtfield_SENDQUOTE_FIRSTNAME'

2018-02-05 14:12:48 - [MESSAGE][PASSED] - Text 'Salunkhe' is set on object 'Object Repository/Quote_OR/txtfield_SENDQUOTE_LASTNAME'

2018-02-05 14:12:51 - [MESSAGE][PASSED] - Delayed 3 second(s)

2018-02-05 14:12:51 - [MESSAGE][PASSED] - Text '9768180080' is set on object 'Object Repository/Quote_OR/txtfield_SENDQUOTE_CONTACTNUMBER'

2018-02-05 14:12:54 - [MESSAGE][PASSED] - Delayed 3 second(s)

2018-02-05 14:12:54 - [MESSAGE][PASSED] - Text 'gsalunkhe@cogitate.us' is set on object 'Object Repository/Quote_OR/txtfield_SENDQUOTE_EMAIL'

2018-02-05 14:12:58 - [MESSAGE][PASSED] - Delayed 4 second(s)

2018-02-05 14:12:58 - [MESSAGE][PASSED] - Object: 'Object Repository/Quote_OR/btn_SEND_QUOTE_DETAILS' is clicked on

2018-02-05 14:13:02 - [MESSAGE][PASSED] - Delayed 4 second(s)

2018-02-05 14:13:03 - [MESSAGE][PASSED] - All options with index in [1] are selected on object 'Object Repository/Quote_OR/drp_CONSTRUCTION_TYPE'

2018-02-05 14:13:11 - [MESSAGE][PASSED] - Delayed 8 second(s)

2018-02-05 14:13:11 - [MESSAGE][PASSED] - Object: 'Object Repository/Quote_OR/btn_RECALCULATE_PREMIUM' is clicked on

2018-02-05 14:13:11 - [MESSAGE][PASSED] - com.PPE.QuotePropertyDataSelection.QuoteCreation is PASSED]]></system-out>
         <system-err><![CDATA[]]></system-err>
      </testcase>
      <testcase name="Test Cases/APPLICATION_CREATION" classname="Test Cases/APPLICATION_CREATION" status="FAILED">
         <failure type="FAILED" message="Unable to click on object 'Object Repository/Application_OR/btn_LOGOUT' (Root cause: com.kms.katalon.core.webui.exception.WebElementNotFoundException: Web element with id: 'Object Repository/Application_OR/btn_LOGOUT' located by 'By.xpath: //*[@id=&quot;lnkLogout&quot;]' not found)"/>
         <system-out><![CDATA[2018-02-05 14:13:11 - [TEST_CASE][FAILED] - Test Cases/APPLICATION_CREATION: Test Cases/APPLICATION_CREATION FAILED because (of) Unable to click on object 'Object Repository/Application_OR/btn_LOGOUT' (Root cause: com.kms.katalon.core.webui.exception.WebElementNotFoundException: Web element with id: 'Object Repository/Application_OR/btn_LOGOUT' located by 'By.xpath: //*[@id="lnkLogout"]' not found)

2018-02-05 14:13:11 - [TEST_STEP][PASSED] - Statement - propertyDataRowCounter = 0: null

2018-02-05 14:13:11 - [TEST_STEP][PASSED] - Statement - configDataRowCounter = 0: null

2018-02-05 14:13:11 - [TEST_STEP][PASSED] - Statement - genericDATA = com.kms.katalon.core.testdata.TestDataFactory.findTestData(PPE_Config_File): Test data is internal data, reading internal data

2018-02-05 14:13:11 - [TEST_STEP][PASSED] - Statement - propertyDATA = com.kms.katalon.core.testdata.TestDataFactory.findTestData(PPEPROPERTYDATA): Test data is internal data, reading internal data

2018-02-05 14:13:11 - [TEST_STEP][PASSED] - com.PPE.Saving_PolicyHolderInfo_Page.PolicyHolderPage: com.PPE.Saving_PolicyHolderInfo_Page.PolicyHolderPage is PASSED

2018-02-05 14:13:15 - [MESSAGE][PASSED] - Delayed 4 second(s)

2018-02-05 14:13:28 - [MESSAGE][PASSED] - Object: 'Object Repository/Application_OR/btn_TOAPPLICATION' is clicked on

2018-02-05 14:13:32 - [MESSAGE][PASSED] - Delayed 4 second(s)

2018-02-05 14:13:32 - [MESSAGE][PASSED] - Object: 'Object Repository/Application_OR/btn-YES_IS_BNESS_PREMISES' is clicked on

2018-02-05 14:13:34 - [MESSAGE][PASSED] - Delayed 2 second(s)

2018-02-05 14:13:34 - [MESSAGE][PASSED] - Object: 'Object Repository/Application_OR/btn-YES_FOOT_TRAFFIC' is clicked on

2018-02-05 14:13:36 - [MESSAGE][PASSED] - Delayed 2 second(s)

2018-02-05 14:13:37 - [MESSAGE][PASSED] - Text '11' is set on object 'Object Repository/Application_OR/txtfield-Traffic_Percentage'

2018-02-05 14:13:40 - [MESSAGE][PASSED] - Delayed 3 second(s)

2018-02-05 14:13:40 - [MESSAGE][PASSED] - Object: 'Object Repository/Application_OR/btn_CONTINUE_UW_QUESTIONS' is clicked on

2018-02-05 14:13:43 - [MESSAGE][PASSED] - Delayed 3 second(s)

2018-02-05 14:13:43 - [MESSAGE][PASSED] - Text '10' is set on object 'Object Repository/Application_OR/txtfield-Traffic_Percentage'

2018-02-05 14:13:47 - [MESSAGE][PASSED] - Delayed 4 second(s)

2018-02-05 14:13:47 - [MESSAGE][PASSED] - Object: 'Object Repository/Application_OR/btn_CONTINUE_UW_QUESTIONS' is clicked on

2018-02-05 14:13:50 - [MESSAGE][PASSED] - Delayed 3 second(s)

2018-02-05 14:13:50 - [MESSAGE][PASSED] - Object: 'Object Repository/Application_OR/txtfield_INSURED_FIRSTNAME' is clicked on

2018-02-05 14:13:50 - [MESSAGE][PASSED] - Text '' is set on object 'Object Repository/Application_OR/txtfield_INSURED_FIRSTNAME'

2018-02-05 14:13:50 - [MESSAGE][PASSED] - Text 'Smith' is set on object 'Object Repository/Application_OR/txtfield_INSURED_FIRSTNAME'

2018-02-05 14:13:50 - [MESSAGE][PASSED] - Text '' is set on object 'Object Repository/Application_OR/txtfield_INSURED_MIDDLENAME'

2018-02-05 14:13:51 - [MESSAGE][PASSED] - Text 'Morkel' is set on object 'Object Repository/Application_OR/txtfield_INSURED_MIDDLENAME'

2018-02-05 14:13:51 - [MESSAGE][PASSED] - Text '' is set on object 'Object Repository/Application_OR/txtfield_INSURED_LASTNAME'

2018-02-05 14:13:51 - [MESSAGE][PASSED] - Text 'Duplesis' is set on object 'Object Repository/Application_OR/txtfield_INSURED_LASTNAME'

2018-02-05 14:13:51 - [MESSAGE][PASSED] - Text '09/10/1999' is set on object 'Object Repository/Application_OR/txtfield_INSURED_DOB'

2018-02-05 14:13:56 - [MESSAGE][PASSED] - Delayed 5 second(s)

2018-02-05 14:13:56 - [MESSAGE][PASSED] - Text 'gsalunkhe@cogitate.us' is set on object 'Object Repository/Application_OR/txtfield_INSURED_EMAIL'

2018-02-05 14:14:01 - [MESSAGE][PASSED] - Delayed 5 second(s)

2018-02-05 14:14:02 - [MESSAGE][PASSED] - Text '9768180080' is set on object 'Object Repository/Application_OR/txtfield_INSURED_CONTACTNUMBER'

2018-02-05 14:14:07 - [MESSAGE][PASSED] - Delayed 5 second(s)

2018-02-05 14:14:07 - [MESSAGE][PASSED] - Attribute 'value' of object 'Object Repository/Generic_OR/hdnPolicyInfoId' is: '3617'

2018-02-05 14:14:07 - [MESSAGE][PASSED] - Object: 'Object Repository/Application_OR/btn_POLICYHOLDER_SAVEANDCONTINUE' is clicked on

2018-02-05 14:14:08 - [MESSAGE][PASSED] - Delayed 1 second(s)

2018-02-05 14:14:08 - [MESSAGE][PASSED] - com.PPE.Saving_PolicyHolderInfo_Page.PolicyHolderPage is PASSED

2018-02-05 14:14:08 - [TEST_STEP][PASSED] - com.PPE.Saving_PropertyInfo_Page.PropertyPage: com.PPE.Saving_PropertyInfo_Page.PropertyPage is PASSED

2018-02-05 14:14:09 - [MESSAGE][PASSED] - Object: 'Object Repository/Application_OR/drp_ROOFTYPE_PROPERTYPAGE' is clicked on

2018-02-05 14:14:12 - [MESSAGE][PASSED] - Delayed 3 second(s)

2018-02-05 14:14:12 - [MESSAGE][PASSED] - All options with index in [1] are selected on object 'Object Repository/Application_OR/drp_ROOFTYPE_PROPERTYPAGE'

2018-02-05 14:14:14 - [MESSAGE][PASSED] - Delayed 2 second(s)

2018-02-05 14:14:14 - [MESSAGE][PASSED] - All options with index in [3] are selected on object 'Object Repository/Application_OR/drp_FOUNDATIONTYPE_PROPERTYPAGE'

2018-02-05 14:14:16 - [MESSAGE][PASSED] - Delayed 2 second(s)

2018-02-05 14:14:16 - [MESSAGE][PASSED] - All options with index in [7] are selected on object 'Object Repository/Application_OR/drp_HEATINGTYPE_PROPERTYPAGE'

2018-02-05 14:14:21 - [MESSAGE][PASSED] - Delayed 5 second(s)

2018-02-05 14:14:21 - [MESSAGE][PASSED] - Object: 'Object Repository/Application_OR/btn_OCCUPANYPAGE_SAVEANDCONTINUE' is clicked on

2018-02-05 14:14:25 - [MESSAGE][PASSED] - Delayed 4 second(s)

2018-02-05 14:14:26 - [MESSAGE][PASSED] - Object: 'Object Repository/Application_OR/btn_YES_ROOFAGE_POPUP' is clicked on

2018-02-05 14:14:30 - [MESSAGE][PASSED] - Delayed 4 second(s)

2018-02-05 14:14:30 - [MESSAGE][PASSED] - Object: 'Object Repository/Application_OR/btn_YES_ELECTRICALAGE_POPUP' is clicked on

2018-02-05 14:14:34 - [MESSAGE][PASSED] - Delayed 4 second(s)

2018-02-05 14:14:34 - [MESSAGE][PASSED] - Object: 'Object Repository/Application_OR/btn_YES_ELECTRICALAGE_POPUP' is clicked on

2018-02-05 14:14:39 - [MESSAGE][PASSED] - Delayed 5 second(s)

2018-02-05 14:14:39 - [MESSAGE][PASSED] - com.PPE.Saving_PropertyInfo_Page.PropertyPage is PASSED

2018-02-05 14:14:39 - [TEST_STEP][PASSED] - click: Object: 'Object Repository/Application_OR/btn_OCCUPANYPAGE_SAVEANDCONTINUE' is clicked on

2018-02-05 14:14:41 - [MESSAGE][PASSED] - Object: 'Object Repository/Application_OR/btn_OCCUPANYPAGE_SAVEANDCONTINUE' is clicked on

2018-02-05 14:14:41 - [TEST_STEP][PASSED] - delay: Delayed 5 second(s)

2018-02-05 14:14:46 - [MESSAGE][PASSED] - Delayed 5 second(s)

2018-02-05 14:14:46 - [TEST_STEP][PASSED] - check: Object 'Object Repository/Application_OR/chkbx_AGREEMENT' is checked

2018-02-05 14:14:46 - [MESSAGE][PASSED] - Object 'Object Repository/Application_OR/chkbx_AGREEMENT' is checked

2018-02-05 14:14:46 - [TEST_STEP][PASSED] - delay: Delayed 10 second(s)

2018-02-05 14:14:56 - [MESSAGE][PASSED] - Delayed 10 second(s)

2018-02-05 14:14:56 - [TEST_STEP][PASSED] - click: Object: 'Object Repository/Application_OR/btn_OCCUPANYPAGE_SAVEANDCONTINUE' is clicked on

2018-02-05 14:14:57 - [MESSAGE][PASSED] - Object: 'Object Repository/Application_OR/btn_OCCUPANYPAGE_SAVEANDCONTINUE' is clicked on

2018-02-05 14:14:57 - [TEST_STEP][PASSED] - delay: Delayed 5 second(s)

2018-02-05 14:15:02 - [MESSAGE][PASSED] - Delayed 5 second(s)

2018-02-05 14:15:02 - [TEST_STEP][PASSED] - click: Object: 'Object Repository/Application_OR/btn_SIGNAPPLICATION_AGENT' is clicked on

2018-02-05 14:15:20 - [MESSAGE][PASSED] - Object: 'Object Repository/Application_OR/btn_SIGNAPPLICATION_AGENT' is clicked on

2018-02-05 14:15:20 - [TEST_STEP][PASSED] - delay: Delayed 5 second(s)

2018-02-05 14:15:25 - [MESSAGE][PASSED] - Delayed 5 second(s)

2018-02-05 14:15:25 - [TEST_STEP][PASSED] - Statement - getInsuredName = com.kms.katalon.core.webui.keyword.WebUiBuiltInKeywords.getText(com.kms.katalon.core.testobject.ObjectRepository.findTestObject(Application_OR/get_INSUREDNAME_APPLICATION FORMSUMMARY)): Text of object 'Object Repository/Application_OR/get_INSUREDNAME_APPLICATION FORMSUMMARY' is: 'Smith Morkel Duplesis'

2018-02-05 14:15:25 - [MESSAGE][PASSED] - Text of object 'Object Repository/Application_OR/get_INSUREDNAME_APPLICATION FORMSUMMARY' is: 'Smith Morkel Duplesis'

2018-02-05 14:15:25 - [TEST_STEP][PASSED] - Statement - println(getInsuredName): null

2018-02-05 14:15:25 - [TEST_STEP][PASSED] - click: Object: 'Object Repository/Application_OR/btn_INSURED_SIGNATURE' is clicked on

2018-02-05 14:15:26 - [MESSAGE][PASSED] - Object: 'Object Repository/Application_OR/btn_INSURED_SIGNATURE' is clicked on

2018-02-05 14:15:26 - [TEST_STEP][PASSED] - delay: Delayed 5 second(s)

2018-02-05 14:15:31 - [MESSAGE][PASSED] - Delayed 5 second(s)

2018-02-05 14:15:31 - [TEST_STEP][PASSED] - click: Object: 'Object Repository/Application_OR/txtbx_INSURED_SIGNATURE' is clicked on

2018-02-05 14:15:31 - [MESSAGE][PASSED] - Object: 'Object Repository/Application_OR/txtbx_INSURED_SIGNATURE' is clicked on

2018-02-05 14:15:31 - [TEST_STEP][PASSED] - delay: Delayed 5 second(s)

2018-02-05 14:15:36 - [MESSAGE][PASSED] - Delayed 5 second(s)

2018-02-05 14:15:36 - [TEST_STEP][PASSED] - setText: Text 'Smith Morkel Duplesis' is set on object 'Object Repository/Application_OR/txtbx_INSURED_SIGNATURE'

2018-02-05 14:15:36 - [MESSAGE][PASSED] - Text 'Smith Morkel Duplesis' is set on object 'Object Repository/Application_OR/txtbx_INSURED_SIGNATURE'

2018-02-05 14:15:36 - [TEST_STEP][PASSED] - click: Object: 'Object Repository/Application_OR/btn_SUBMIT_INSURED_SIGNATURE' is clicked on

2018-02-05 14:15:36 - [MESSAGE][PASSED] - Object: 'Object Repository/Application_OR/btn_SUBMIT_INSURED_SIGNATURE' is clicked on

2018-02-05 14:15:36 - [TEST_STEP][PASSED] - Statement - otpQuery = "SELECT TOP 1 OtpGenerated FROM PPE_ApplicationForms_trn where PolicyInfoId = " + policyInfoId + " Order BY ModifiedDateTime DESC": null

2018-02-05 14:15:36 - [TEST_STEP][PASSED] - Statement - println("otpQuery" + " " + otpQuery): null

2018-02-05 14:15:36 - [TEST_STEP][PASSED] - com.PPE.Database_Connection.connectDB: com.PPE.Database_Connection.connectDB is PASSED

2018-02-05 14:15:38 - [MESSAGE][PASSED] - com.PPE.Database_Connection.connectDB is PASSED

2018-02-05 14:15:38 - [TEST_STEP][PASSED] - Statement - recordset = CustomKeywords.com.PPE.Database_Connection.executeQuery(otpQuery): com.PPE.Database_Connection.executeQuery is PASSED

2018-02-05 14:15:38 - [MESSAGE][PASSED] - com.PPE.Database_Connection.executeQuery is PASSED

2018-02-05 14:15:38 - [TEST_STEP][PASSED] - Statement - otp = 0: null

2018-02-05 14:15:38 - [TEST_STEP][PASSED] - Statement - While (recordset.next()): null

2018-02-05 14:15:38 - [TEST_STEP][PASSED] - Statement - otp = recordset.getObject("OtpGenerated"): null

2018-02-05 14:15:38 - [TEST_STEP][PASSED] - Statement - println("otp" + " " + otp): null

2018-02-05 14:15:38 - [TEST_STEP][PASSED] - delay: Delayed 10 second(s)

2018-02-05 14:15:48 - [MESSAGE][PASSED] - Delayed 10 second(s)

2018-02-05 14:15:48 - [TEST_STEP][PASSED] - Statement - txtOtp = com.kms.katalon.core.testobject.ObjectRepository.findTestObject(Application_OR/txtfield-OTP): Finding Test Object with id 'Object Repository/Application_OR/txtfield-OTP'

2018-02-05 14:15:48 - [TEST_STEP][PASSED] - setText: Text '8673' is set on object 'Object Repository/Application_OR/txtfield-OTP'

2018-02-05 14:15:49 - [MESSAGE][PASSED] - Text '8673' is set on object 'Object Repository/Application_OR/txtfield-OTP'

2018-02-05 14:15:49 - [TEST_STEP][PASSED] - delay: Delayed 1 second(s)

2018-02-05 14:15:50 - [MESSAGE][PASSED] - Delayed 1 second(s)

2018-02-05 14:15:50 - [TEST_STEP][PASSED] - click: Object: 'Object Repository/Application_OR/btn_OTP_VERIFY' is clicked on

2018-02-05 14:15:50 - [MESSAGE][PASSED] - Object: 'Object Repository/Application_OR/btn_OTP_VERIFY' is clicked on

2018-02-05 14:15:50 - [TEST_STEP][PASSED] - delay: Delayed 5 second(s)

2018-02-05 14:15:55 - [MESSAGE][PASSED] - Delayed 5 second(s)

2018-02-05 14:15:55 - [TEST_STEP][PASSED] - click: Object: 'Object Repository/Application_OR/btn_AGENT_SIGNATURE' is clicked on

2018-02-05 14:15:55 - [MESSAGE][PASSED] - Object: 'Object Repository/Application_OR/btn_AGENT_SIGNATURE' is clicked on

2018-02-05 14:15:55 - [TEST_STEP][PASSED] - delay: Delayed 2 second(s)

2018-02-05 14:15:57 - [MESSAGE][PASSED] - Delayed 2 second(s)

2018-02-05 14:15:57 - [TEST_STEP][PASSED] - click: Object: 'Object Repository/Application_OR/txtbx_AGENT_SIGNATURE' is clicked on

2018-02-05 14:15:57 - [MESSAGE][PASSED] - Object: 'Object Repository/Application_OR/txtbx_AGENT_SIGNATURE' is clicked on

2018-02-05 14:15:57 - [TEST_STEP][PASSED] - delay: Delayed 2 second(s)

2018-02-05 14:15:59 - [MESSAGE][PASSED] - Delayed 2 second(s)

2018-02-05 14:15:59 - [TEST_STEP][PASSED] - Statement - If (genericDATA.internallyGetValue("STATE", configDataRowCounter) == "GA"): null

2018-02-05 14:15:59 - [TEST_STEP][PASSED] - Statement - Else: Delayed 2 second(s)

2018-02-05 14:15:59 - [TEST_STEP][PASSED] - setText: Text 'Jeff Buttler' is set on object 'Object Repository/Application_OR/txtbx_AGENT_SIGNATURE'

2018-02-05 14:15:59 - [MESSAGE][PASSED] - Text 'Jeff Buttler' is set on object 'Object Repository/Application_OR/txtbx_AGENT_SIGNATURE'

2018-02-05 14:15:59 - [TEST_STEP][PASSED] - delay: Delayed 2 second(s)

2018-02-05 14:16:01 - [MESSAGE][PASSED] - Delayed 2 second(s)

2018-02-05 14:16:01 - [TEST_STEP][PASSED] - click: Object: 'Object Repository/Application_OR/btn_SUBMIT_AGENT_SIGNATURE' is clicked on

2018-02-05 14:16:01 - [MESSAGE][PASSED] - Object: 'Object Repository/Application_OR/btn_SUBMIT_AGENT_SIGNATURE' is clicked on

2018-02-05 14:16:01 - [TEST_STEP][PASSED] - delay: Delayed 5 second(s)

2018-02-05 14:16:06 - [MESSAGE][PASSED] - Delayed 5 second(s)

2018-02-05 14:16:06 - [TEST_STEP][PASSED] - click: Object: 'Object Repository/Application_OR/btn_SURPLUSLINE_ACK' is clicked on

2018-02-05 14:16:07 - [MESSAGE][PASSED] - Object: 'Object Repository/Application_OR/btn_SURPLUSLINE_ACK' is clicked on

2018-02-05 14:16:07 - [TEST_STEP][PASSED] - delay: Delayed 5 second(s)

2018-02-05 14:16:12 - [MESSAGE][PASSED] - Delayed 5 second(s)

2018-02-05 14:16:12 - [TEST_STEP][PASSED] - Statement - If (genericDATA.internallyGetValue("STATE", configDataRowCounter) == "GA"): null

2018-02-05 14:16:12 - [TEST_STEP][PASSED] - Statement - Else: Object: 'Object Repository/Application_OR/btn_SUBMIT_SURPLUSLINE' is clicked on

2018-02-05 14:16:12 - [TEST_STEP][PASSED] - click: Object: 'Object Repository/Application_OR/chkbox_NC_SurPlusLine_Agreement' is clicked on

2018-02-05 14:16:13 - [MESSAGE][PASSED] - Object: 'Object Repository/Application_OR/chkbox_NC_SurPlusLine_Agreement' is clicked on

2018-02-05 14:16:13 - [TEST_STEP][PASSED] - delay: Delayed 2 second(s)

2018-02-05 14:16:15 - [MESSAGE][PASSED] - Delayed 2 second(s)

2018-02-05 14:16:15 - [TEST_STEP][PASSED] - click: Object: 'Object Repository/Application_OR/btn_SUBMIT_SURPLUSLINE' is clicked on

2018-02-05 14:16:15 - [MESSAGE][PASSED] - Object: 'Object Repository/Application_OR/btn_SUBMIT_SURPLUSLINE' is clicked on

2018-02-05 14:16:15 - [TEST_STEP][PASSED] - delay: Delayed 5 second(s)

2018-02-05 14:16:20 - [MESSAGE][PASSED] - Delayed 5 second(s)

2018-02-05 14:16:20 - [TEST_STEP][PASSED] - click: Object: 'Object Repository/Application_OR/btn_SUBMIT_FOR_UW_APPROVAL' is clicked on

2018-02-05 14:16:25 - [MESSAGE][PASSED] - Object: 'Object Repository/Application_OR/btn_SUBMIT_FOR_UW_APPROVAL' is clicked on

2018-02-05 14:16:25 - [TEST_STEP][PASSED] - delay: Delayed 8 second(s)

2018-02-05 14:16:33 - [MESSAGE][PASSED] - Delayed 8 second(s)

2018-02-05 14:16:33 - [TEST_STEP][FAILED] - click: Unable to click on object 'Object Repository/Application_OR/btn_LOGOUT' (Root cause: com.kms.katalon.core.webui.exception.WebElementNotFoundException: Web element with id: 'Object Repository/Application_OR/btn_LOGOUT' located by 'By.xpath: //*[@id="lnkLogout"]' not found)

2018-02-05 14:17:05 - [MESSAGE][FAILED] - Unable to click on object 'Object Repository/Application_OR/btn_LOGOUT' (Root cause: com.kms.katalon.core.webui.exception.WebElementNotFoundException: Web element with id: 'Object Repository/Application_OR/btn_LOGOUT' located by 'By.xpath: //*[@id="lnkLogout"]' not found)
[[ATTACHMENT|D:\\Katalon_Practice_Workspace\\Katalon_PPE_GANESH\\Reports\\PPE\\20180205_141114\\1517820424432.png]]]]></system-out>
         <system-err><![CDATA[2018-02-05 14:13:11 - [TEST_CASE][FAILED] - Test Cases/APPLICATION_CREATION: Test Cases/APPLICATION_CREATION FAILED because (of) Unable to click on object 'Object Repository/Application_OR/btn_LOGOUT' (Root cause: com.kms.katalon.core.webui.exception.WebElementNotFoundException: Web element with id: 'Object Repository/Application_OR/btn_LOGOUT' located by 'By.xpath: //*[@id="lnkLogout"]' not found)]]></system-err>
      </testcase>
      <system-out><![CDATA[2018-02-05 14:11:16 - [TEST_SUITE][FAILED] - PPE: Test Cases/APPLICATION_CREATION FAILED because (of) Unable to click on object 'Object Repository/Application_OR/btn_LOGOUT' (Root cause: com.kms.katalon.core.webui.exception.WebElementNotFoundException: Web element with id: 'Object Repository/Application_OR/btn_LOGOUT' located by 'By.xpath: //*[@id="lnkLogout"]' not found)]]></system-out>
      <system-err><![CDATA[2018-02-05 14:11:16 - [TEST_SUITE][FAILED] - PPE: Test Cases/APPLICATION_CREATION FAILED because (of) Unable to click on object 'Object Repository/Application_OR/btn_LOGOUT' (Root cause: com.kms.katalon.core.webui.exception.WebElementNotFoundException: Web element with id: 'Object Repository/Application_OR/btn_LOGOUT' located by 'By.xpath: //*[@id="lnkLogout"]' not found)]]></system-err>
   </testsuite>
</testsuites>
