<?xml version="1.0" encoding="UTF-8"?>
<testsuites name="PPE" time="1341" tests="6" failures="0" errors="0">
   <testsuite name="PPE" tests="6" failures="0" errors="0" time="1341" timestamp="2018-01-30 15:47:46" hostname="gsalunkhe - CTS-QUA-4.cogitate.india" id="Test Suites/PPE">
      <properties>
         <property name="deviceName" value=""/>
         <property name="devicePlatform" value=""/>
         <property name="logFolder" value="D:\\Katalon_Practice_Workspace\\Katalon_Mitendra\\Reports\\PPE\\20180130_154744"/>
         <property name="logFiles" value="D:\\Katalon_Practice_Workspace\\Katalon_Mitendra\\Reports\\PPE\\20180130_154744\\execution0.log"/>
         <property name="attachments" value=""/>
         <property name="hostName" value="gsalunkhe - CTS-QUA-4.cogitate.india"/>
         <property name="os" value="Windows 7 64bit"/>
         <property name="katalonVersion" value="5.0.1.1"/>
         <property name="browser" value="Chrome 63.0.3239.132"/>
         <property name="hostAddress" value="192.168.0.4"/>
         <property name="sessionId" value="17001409226cf23f3430775290729f37"/>
         <property name="seleniumVersion" value="2.53.0"/>
         <property name="proxyInformation" value="ProxyInformation{proxyOption=NO_PROXY, proxyServerType=HTTP, password=, proxyServerAddress=, proxyServerPort=0}"/>
         <property name="platform" value="Windows 7"/>
      </properties>
      <testcase name="Test Cases/QUOTE_CREATION" classname="Test Cases/QUOTE_CREATION" status="PASSED">
         <system-out><![CDATA[2018-01-30 15:47:46 - [TEST_CASE][PASSED] - Test Cases/QUOTE_CREATION: Test Cases/QUOTE_CREATION

2018-01-30 15:47:46 - [TEST_STEP][PASSED] - openBrowser: Browser is opened with url: 'http://13.90.102.191:8066'

2018-01-30 15:48:39 - [MESSAGE][PASSED] - Browser is opened with url: 'http://13.90.102.191:8066'

2018-01-30 15:48:39 - [TEST_STEP][PASSED] - maximizeWindow: Current window maximized

2018-01-30 15:48:41 - [MESSAGE][PASSED] - Current window maximized

2018-01-30 15:48:41 - [TEST_STEP][PASSED] - setText: Text 'ih.chelms' is set on object 'Object Repository/Quote_OR/txtfield_USERNAME'

2018-01-30 15:48:41 - [MESSAGE][PASSED] - Text 'ih.chelms' is set on object 'Object Repository/Quote_OR/txtfield_USERNAME'

2018-01-30 15:48:41 - [TEST_STEP][PASSED] - setText: Text '10#Hammer' is set on object 'Object Repository/Quote_OR/txtfield_PASSWORD'

2018-01-30 15:48:41 - [MESSAGE][PASSED] - Text '10#Hammer' is set on object 'Object Repository/Quote_OR/txtfield_PASSWORD'

2018-01-30 15:48:41 - [TEST_STEP][PASSED] - click: Object: 'Object Repository/Quote_OR/btn-LOGIN' is clicked on

2018-01-30 15:49:01 - [MESSAGE][PASSED] - Object: 'Object Repository/Quote_OR/btn-LOGIN' is clicked on

2018-01-30 15:49:01 - [TEST_STEP][PASSED] - setText: Text '2840 Bob O Link Dr Macon, GA 31206 USA' is set on object 'Object Repository/Quote_OR/txtfield_ADDRESS_ON_LANDING_PAGE'

2018-01-30 15:49:01 - [MESSAGE][PASSED] - Text '2840 Bob O Link Dr Macon, GA 31206 USA' is set on object 'Object Repository/Quote_OR/txtfield_ADDRESS_ON_LANDING_PAGE'

2018-01-30 15:49:01 - [TEST_STEP][PASSED] - click: Object: 'Object Repository/Quote_OR/btn_SEARCH_ADDRESS' is clicked on

2018-01-30 15:49:14 - [MESSAGE][PASSED] - Object: 'Object Repository/Quote_OR/btn_SEARCH_ADDRESS' is clicked on

2018-01-30 15:49:14 - [TEST_STEP][PASSED] - waitForPageLoad: Wait for page load successfully

2018-01-30 15:49:14 - [MESSAGE][PASSED] - Wait for page load successfully

2018-01-30 15:49:14 - [TEST_STEP][PASSED] - selectOptionByIndex: All options with index in [1] are selected on object 'Object Repository/Quote_OR/drp_PROPERTY_TYPE'

2018-01-30 15:49:14 - [MESSAGE][PASSED] - All options with index in [1] are selected on object 'Object Repository/Quote_OR/drp_PROPERTY_TYPE'

2018-01-30 15:49:14 - [TEST_STEP][PASSED] - setText: Text '' is set on object 'Object Repository/Quote_OR/txtfield_HOME_VALUATION'

2018-01-30 15:49:14 - [MESSAGE][PASSED] - Text '' is set on object 'Object Repository/Quote_OR/txtfield_HOME_VALUATION'

2018-01-30 15:49:14 - [TEST_STEP][PASSED] - selectOptionByIndex: All options with index in [2] are selected on object 'Object Repository/Quote_OR/drp_CONSTRUCTION_TYPE'

2018-01-30 15:49:14 - [MESSAGE][PASSED] - All options with index in [2] are selected on object 'Object Repository/Quote_OR/drp_CONSTRUCTION_TYPE'

2018-01-30 15:49:14 - [TEST_STEP][PASSED] - setText: Text '100000' is set on object 'Object Repository/Quote_OR/txtfield_HOME_VALUATION'

2018-01-30 15:49:14 - [MESSAGE][PASSED] - Text '100000' is set on object 'Object Repository/Quote_OR/txtfield_HOME_VALUATION'

2018-01-30 15:49:14 - [TEST_STEP][PASSED] - delay: Delayed 2 second(s)

2018-01-30 15:49:16 - [MESSAGE][PASSED] - Delayed 2 second(s)

2018-01-30 15:49:16 - [TEST_STEP][PASSED] - setText: Text '' is set on object 'Object Repository/Quote_OR/txtbx_YEARHOMEBUILD'

2018-01-30 15:49:17 - [MESSAGE][PASSED] - Text '' is set on object 'Object Repository/Quote_OR/txtbx_YEARHOMEBUILD'

2018-01-30 15:49:17 - [TEST_STEP][PASSED] - setText: Text '1968' is set on object 'Object Repository/Quote_OR/txtbx_YEARHOMEBUILD'

2018-01-30 15:49:17 - [MESSAGE][PASSED] - Text '1968' is set on object 'Object Repository/Quote_OR/txtbx_YEARHOMEBUILD'

2018-01-30 15:49:17 - [TEST_STEP][PASSED] - click: Object: 'Object Repository/Quote_OR/btn_GETQUOTE' is clicked on

2018-01-30 15:49:17 - [MESSAGE][PASSED] - Object: 'Object Repository/Quote_OR/btn_GETQUOTE' is clicked on

2018-01-30 15:49:17 - [TEST_STEP][PASSED] - delay: Delayed 1 second(s)

2018-01-30 15:49:18 - [MESSAGE][PASSED] - Delayed 1 second(s)

2018-01-30 15:49:18 - [TEST_STEP][PASSED] - click: Object: 'Object Repository/Quote_OR/btn_SENDQUOTE' is clicked on

2018-01-30 15:49:21 - [MESSAGE][PASSED] - Object: 'Object Repository/Quote_OR/btn_SENDQUOTE' is clicked on

2018-01-30 15:49:21 - [TEST_STEP][PASSED] - delay: Delayed 1 second(s)

2018-01-30 15:49:22 - [MESSAGE][PASSED] - Delayed 1 second(s)

2018-01-30 15:49:22 - [TEST_STEP][PASSED] - setText: Text 'Ganesh' is set on object 'Object Repository/Quote_OR/txtfield_SENDQUOTE_FIRSTNAME'

2018-01-30 15:49:22 - [MESSAGE][PASSED] - Text 'Ganesh' is set on object 'Object Repository/Quote_OR/txtfield_SENDQUOTE_FIRSTNAME'

2018-01-30 15:49:22 - [TEST_STEP][PASSED] - setText: Text 'Salunkhe' is set on object 'Object Repository/Quote_OR/txtfield_SENDQUOTE_LASTNAME'

2018-01-30 15:49:23 - [MESSAGE][PASSED] - Text 'Salunkhe' is set on object 'Object Repository/Quote_OR/txtfield_SENDQUOTE_LASTNAME'

2018-01-30 15:49:23 - [TEST_STEP][PASSED] - delay: Delayed 5 second(s)

2018-01-30 15:49:28 - [MESSAGE][PASSED] - Delayed 5 second(s)

2018-01-30 15:49:28 - [TEST_STEP][PASSED] - setText: Text '9768180080' is set on object 'Object Repository/Quote_OR/txtfield_SENDQUOTE_CONTACTNUMBER'

2018-01-30 15:49:28 - [MESSAGE][PASSED] - Text '9768180080' is set on object 'Object Repository/Quote_OR/txtfield_SENDQUOTE_CONTACTNUMBER'

2018-01-30 15:49:28 - [TEST_STEP][PASSED] - delay: Delayed 5 second(s)

2018-01-30 15:49:33 - [MESSAGE][PASSED] - Delayed 5 second(s)

2018-01-30 15:49:33 - [TEST_STEP][PASSED] - setText: Text 'gsalunkhe@cogitate.us' is set on object 'Object Repository/Quote_OR/txtfield_SENDQUOTE_EMAIL'

2018-01-30 15:49:33 - [MESSAGE][PASSED] - Text 'gsalunkhe@cogitate.us' is set on object 'Object Repository/Quote_OR/txtfield_SENDQUOTE_EMAIL'

2018-01-30 15:49:33 - [TEST_STEP][PASSED] - delay: Delayed 10 second(s)

2018-01-30 15:49:43 - [MESSAGE][PASSED] - Delayed 10 second(s)

2018-01-30 15:49:43 - [TEST_STEP][PASSED] - click: Object: 'Object Repository/Quote_OR/btn_SEND_QUOTE_DETAILS' is clicked on

2018-01-30 15:49:43 - [MESSAGE][PASSED] - Object: 'Object Repository/Quote_OR/btn_SEND_QUOTE_DETAILS' is clicked on

2018-01-30 15:49:43 - [TEST_STEP][PASSED] - delay: Delayed 4 second(s)

2018-01-30 15:49:47 - [MESSAGE][PASSED] - Delayed 4 second(s)

2018-01-30 15:49:47 - [TEST_STEP][PASSED] - selectOptionByIndex: All options with index in [1] are selected on object 'Object Repository/Quote_OR/drp_CONSTRUCTION_TYPE'

2018-01-30 15:49:48 - [MESSAGE][PASSED] - All options with index in [1] are selected on object 'Object Repository/Quote_OR/drp_CONSTRUCTION_TYPE'

2018-01-30 15:49:48 - [TEST_STEP][PASSED] - delay: Delayed 8 second(s)

2018-01-30 15:49:56 - [MESSAGE][PASSED] - Delayed 8 second(s)

2018-01-30 15:49:56 - [TEST_STEP][PASSED] - click: Object: 'Object Repository/Quote_OR/btn_RECALCULATE_PREMIUM' is clicked on

2018-01-30 15:49:56 - [MESSAGE][PASSED] - Object: 'Object Repository/Quote_OR/btn_RECALCULATE_PREMIUM' is clicked on]]></system-out>
         <system-err><![CDATA[]]></system-err>
      </testcase>
      <testcase name="Test Cases/APPLICATION_CREATION" classname="Test Cases/APPLICATION_CREATION" status="PASSED">
         <system-out><![CDATA[2018-01-30 15:49:56 - [TEST_CASE][PASSED] - Test Cases/APPLICATION_CREATION: Test Cases/APPLICATION_CREATION

2018-01-30 15:49:56 - [TEST_STEP][PASSED] - setText: Text '2924 Dalton St Macon, GA 31206 USA' is set on object 'Object Repository/Application_OR/txtfield_ADDRESS_ON_QUOTE_PAGE'

2018-01-30 15:49:57 - [MESSAGE][PASSED] - Text '2924 Dalton St Macon, GA 31206 USA' is set on object 'Object Repository/Application_OR/txtfield_ADDRESS_ON_QUOTE_PAGE'

2018-01-30 15:49:57 - [TEST_STEP][PASSED] - delay: Delayed 4 second(s)

2018-01-30 15:50:01 - [MESSAGE][PASSED] - Delayed 4 second(s)

2018-01-30 15:50:01 - [TEST_STEP][PASSED] - click: Object: 'Object Repository/Application_OR/btn_SEARCH_ADDRESS_QUOTE_PAGE' is clicked on

2018-01-30 15:51:24 - [MESSAGE][PASSED] - Object: 'Object Repository/Application_OR/btn_SEARCH_ADDRESS_QUOTE_PAGE' is clicked on

2018-01-30 15:51:24 - [TEST_STEP][PASSED] - delay: Delayed 3 second(s)

2018-01-30 15:51:27 - [MESSAGE][PASSED] - Delayed 3 second(s)

2018-01-30 15:51:27 - [TEST_STEP][PASSED] - Statement - Address = com.kms.katalon.core.testobject.ObjectRepository.findTestObject(Endorsement_OR/get_Address): Finding Test Object with id 'Object Repository/Endorsement_OR/get_Address'

2018-01-30 15:51:27 - [TEST_STEP][PASSED] - Statement - propertyaddress = com.kms.katalon.core.webui.keyword.WebUiBuiltInKeywords.getAttribute(Address, "value"): Attribute 'value' of object 'Object Repository/Endorsement_OR/get_Address' is: '2924 Dalton St, Macon, GA 31206, USA'

2018-01-30 15:51:27 - [MESSAGE][PASSED] - Attribute 'value' of object 'Object Repository/Endorsement_OR/get_Address' is: '2924 Dalton St, Macon, GA 31206, USA'

2018-01-30 15:51:27 - [TEST_STEP][PASSED] - Statement - println(propertyaddress): null

2018-01-30 15:51:27 - [TEST_STEP][PASSED] - Statement - propertyaddress = propertyaddress: null

2018-01-30 15:51:27 - [TEST_STEP][PASSED] - selectOptionByIndex: All options with index in [1] are selected on object 'Object Repository/Quote_OR/drp_PROPERTY_TYPE'

2018-01-30 15:51:27 - [MESSAGE][PASSED] - All options with index in [1] are selected on object 'Object Repository/Quote_OR/drp_PROPERTY_TYPE'

2018-01-30 15:51:27 - [TEST_STEP][PASSED] - setText: Text '' is set on object 'Object Repository/Quote_OR/txtbx_YEARHOMEBUILD'

2018-01-30 15:51:27 - [MESSAGE][PASSED] - Text '' is set on object 'Object Repository/Quote_OR/txtbx_YEARHOMEBUILD'

2018-01-30 15:51:27 - [TEST_STEP][PASSED] - setText: Text '2000' is set on object 'Object Repository/Quote_OR/txtbx_YEARHOMEBUILD'

2018-01-30 15:51:27 - [MESSAGE][PASSED] - Text '2000' is set on object 'Object Repository/Quote_OR/txtbx_YEARHOMEBUILD'

2018-01-30 15:51:27 - [TEST_STEP][PASSED] - selectOptionByIndex: All options with index in [2] are selected on object 'Object Repository/Quote_OR/drp_CONSTRUCTION_TYPE'

2018-01-30 15:51:27 - [MESSAGE][PASSED] - All options with index in [2] are selected on object 'Object Repository/Quote_OR/drp_CONSTRUCTION_TYPE'

2018-01-30 15:51:27 - [TEST_STEP][PASSED] - setText: Text '' is set on object 'Object Repository/Quote_OR/txtfield_HOME_VALUATION'

2018-01-30 15:51:28 - [MESSAGE][PASSED] - Text '' is set on object 'Object Repository/Quote_OR/txtfield_HOME_VALUATION'

2018-01-30 15:51:28 - [TEST_STEP][PASSED] - setText: Text '100000' is set on object 'Object Repository/Quote_OR/txtfield_HOME_VALUATION'

2018-01-30 15:51:28 - [MESSAGE][PASSED] - Text '100000' is set on object 'Object Repository/Quote_OR/txtfield_HOME_VALUATION'

2018-01-30 15:51:28 - [TEST_STEP][PASSED] - click: Object: 'Object Repository/Quote_OR/btn_GETQUOTE' is clicked on

2018-01-30 15:51:29 - [MESSAGE][PASSED] - Object: 'Object Repository/Quote_OR/btn_GETQUOTE' is clicked on

2018-01-30 15:51:29 - [TEST_STEP][PASSED] - delay: Delayed 4 second(s)

2018-01-30 15:51:33 - [MESSAGE][PASSED] - Delayed 4 second(s)

2018-01-30 15:51:33 - [TEST_STEP][PASSED] - click: Object: 'Object Repository/Application_OR/btn_TOAPPLICATION' is clicked on

2018-01-30 15:51:51 - [MESSAGE][PASSED] - Object: 'Object Repository/Application_OR/btn_TOAPPLICATION' is clicked on

2018-01-30 15:51:51 - [TEST_STEP][PASSED] - delay: Delayed 10 second(s)

2018-01-30 15:52:01 - [MESSAGE][PASSED] - Delayed 10 second(s)

2018-01-30 15:52:01 - [TEST_STEP][PASSED] - click: Object: 'Object Repository/Application_OR/btn_CONTINUE_UW_QUESTIONS' is clicked on

2018-01-30 15:52:02 - [MESSAGE][PASSED] - Object: 'Object Repository/Application_OR/btn_CONTINUE_UW_QUESTIONS' is clicked on

2018-01-30 15:52:02 - [TEST_STEP][PASSED] - delay: Delayed 10 second(s)

2018-01-30 15:52:12 - [MESSAGE][PASSED] - Delayed 10 second(s)

2018-01-30 15:52:12 - [TEST_STEP][PASSED] - delay: Delayed 3 second(s)

2018-01-30 15:52:15 - [MESSAGE][PASSED] - Delayed 3 second(s)

2018-01-30 15:52:15 - [TEST_STEP][PASSED] - click: Object: 'Object Repository/Application_OR/txtfield_INSURED_FIRSTNAME' is clicked on

2018-01-30 15:52:15 - [MESSAGE][PASSED] - Object: 'Object Repository/Application_OR/txtfield_INSURED_FIRSTNAME' is clicked on

2018-01-30 15:52:15 - [TEST_STEP][PASSED] - setText: Text 'Smith' is set on object 'Object Repository/Application_OR/txtfield_INSURED_FIRSTNAME'

2018-01-30 15:52:15 - [MESSAGE][PASSED] - Text 'Smith' is set on object 'Object Repository/Application_OR/txtfield_INSURED_FIRSTNAME'

2018-01-30 15:52:15 - [TEST_STEP][PASSED] - setText: Text 'Racher' is set on object 'Object Repository/Application_OR/txtfield_INSURED_MIDDLENAME'

2018-01-30 15:52:15 - [MESSAGE][PASSED] - Text 'Racher' is set on object 'Object Repository/Application_OR/txtfield_INSURED_MIDDLENAME'

2018-01-30 15:52:15 - [TEST_STEP][PASSED] - setText: Text 'Lastin' is set on object 'Object Repository/Application_OR/txtfield_INSURED_LASTNAME'

2018-01-30 15:52:15 - [MESSAGE][PASSED] - Text 'Lastin' is set on object 'Object Repository/Application_OR/txtfield_INSURED_LASTNAME'

2018-01-30 15:52:15 - [TEST_STEP][PASSED] - setText: Text '09/10/1999' is set on object 'Object Repository/Application_OR/txtfield_INSURED_DOB'

2018-01-30 15:52:16 - [MESSAGE][PASSED] - Text '09/10/1999' is set on object 'Object Repository/Application_OR/txtfield_INSURED_DOB'

2018-01-30 15:52:16 - [TEST_STEP][PASSED] - delay: Delayed 5 second(s)

2018-01-30 15:52:21 - [MESSAGE][PASSED] - Delayed 5 second(s)

2018-01-30 15:52:21 - [TEST_STEP][PASSED] - setText: Text 'gsalunkhe@cogitate.us' is set on object 'Object Repository/Application_OR/txtfield_INSURED_EMAIL'

2018-01-30 15:52:21 - [MESSAGE][PASSED] - Text 'gsalunkhe@cogitate.us' is set on object 'Object Repository/Application_OR/txtfield_INSURED_EMAIL'

2018-01-30 15:52:21 - [TEST_STEP][PASSED] - delay: Delayed 5 second(s)

2018-01-30 15:52:26 - [MESSAGE][PASSED] - Delayed 5 second(s)

2018-01-30 15:52:26 - [TEST_STEP][PASSED] - setText: Text '9768180080' is set on object 'Object Repository/Application_OR/txtfield_INSURED_CONTACTNUMBER'

2018-01-30 15:52:26 - [MESSAGE][PASSED] - Text '9768180080' is set on object 'Object Repository/Application_OR/txtfield_INSURED_CONTACTNUMBER'

2018-01-30 15:52:26 - [TEST_STEP][PASSED] - delay: Delayed 5 second(s)

2018-01-30 15:52:31 - [MESSAGE][PASSED] - Delayed 5 second(s)

2018-01-30 15:52:31 - [TEST_STEP][PASSED] - Statement - hdnPolicyInfoId = com.kms.katalon.core.testobject.ObjectRepository.findTestObject(Generic_OR/hdnPolicyInfoId): Finding Test Object with id 'Object Repository/Generic_OR/hdnPolicyInfoId'

2018-01-30 15:52:31 - [TEST_STEP][PASSED] - Statement - policyInfoid = com.kms.katalon.core.webui.keyword.WebUiBuiltInKeywords.getAttribute(hdnPolicyInfoId, "value"): Attribute 'value' of object 'Object Repository/Generic_OR/hdnPolicyInfoId' is: '3560'

2018-01-30 15:52:31 - [MESSAGE][PASSED] - Attribute 'value' of object 'Object Repository/Generic_OR/hdnPolicyInfoId' is: '3560'

2018-01-30 15:52:31 - [TEST_STEP][PASSED] - Statement - policyInfoId = policyInfoid: null

2018-01-30 15:52:31 - [TEST_STEP][PASSED] - click: Object: 'Object Repository/Application_OR/btn_POLICYHOLDER_SAVEANDCONTINUE' is clicked on

2018-01-30 15:52:32 - [MESSAGE][PASSED] - Object: 'Object Repository/Application_OR/btn_POLICYHOLDER_SAVEANDCONTINUE' is clicked on

2018-01-30 15:52:32 - [TEST_STEP][PASSED] - delay: Delayed 1 second(s)

2018-01-30 15:52:33 - [MESSAGE][PASSED] - Delayed 1 second(s)

2018-01-30 15:52:33 - [TEST_STEP][PASSED] - click: Object: 'Object Repository/Application_OR/drp_ROOFTYPE_PROPERTYPAGE' is clicked on

2018-01-30 15:52:35 - [MESSAGE][PASSED] - Object: 'Object Repository/Application_OR/drp_ROOFTYPE_PROPERTYPAGE' is clicked on

2018-01-30 15:52:35 - [TEST_STEP][PASSED] - delay: Delayed 3 second(s)

2018-01-30 15:52:38 - [MESSAGE][PASSED] - Delayed 3 second(s)

2018-01-30 15:52:38 - [TEST_STEP][PASSED] - selectOptionByIndex: All options with index in [1] are selected on object 'Object Repository/Application_OR/drp_ROOFTYPE_PROPERTYPAGE'

2018-01-30 15:52:38 - [MESSAGE][PASSED] - All options with index in [1] are selected on object 'Object Repository/Application_OR/drp_ROOFTYPE_PROPERTYPAGE'

2018-01-30 15:52:38 - [TEST_STEP][PASSED] - delay: Delayed 2 second(s)

2018-01-30 15:52:40 - [MESSAGE][PASSED] - Delayed 2 second(s)

2018-01-30 15:52:40 - [TEST_STEP][PASSED] - selectOptionByIndex: All options with index in [3] are selected on object 'Object Repository/Application_OR/drp_FOUNDATIONTYPE_PROPERTYPAGE'

2018-01-30 15:52:40 - [MESSAGE][PASSED] - All options with index in [3] are selected on object 'Object Repository/Application_OR/drp_FOUNDATIONTYPE_PROPERTYPAGE'

2018-01-30 15:52:40 - [TEST_STEP][PASSED] - delay: Delayed 2 second(s)

2018-01-30 15:52:42 - [MESSAGE][PASSED] - Delayed 2 second(s)

2018-01-30 15:52:42 - [TEST_STEP][PASSED] - selectOptionByIndex: All options with index in [7] are selected on object 'Object Repository/Application_OR/drp_HEATINGTYPE_PROPERTYPAGE'

2018-01-30 15:52:42 - [MESSAGE][PASSED] - All options with index in [7] are selected on object 'Object Repository/Application_OR/drp_HEATINGTYPE_PROPERTYPAGE'

2018-01-30 15:52:42 - [TEST_STEP][PASSED] - delay: Delayed 5 second(s)

2018-01-30 15:52:47 - [MESSAGE][PASSED] - Delayed 5 second(s)

2018-01-30 15:52:47 - [TEST_STEP][PASSED] - click: Object: 'Object Repository/Application_OR/btn_OCCUPANYPAGE_SAVEANDCONTINUE' is clicked on

2018-01-30 15:52:48 - [MESSAGE][PASSED] - Object: 'Object Repository/Application_OR/btn_OCCUPANYPAGE_SAVEANDCONTINUE' is clicked on

2018-01-30 15:52:48 - [TEST_STEP][PASSED] - delay: Delayed 4 second(s)

2018-01-30 15:52:52 - [MESSAGE][PASSED] - Delayed 4 second(s)

2018-01-30 15:52:52 - [TEST_STEP][PASSED] - click: Object: 'Object Repository/Application_OR/btn_YES_ROOFAGE_POPUP' is clicked on

2018-01-30 15:52:52 - [MESSAGE][PASSED] - Object: 'Object Repository/Application_OR/btn_YES_ROOFAGE_POPUP' is clicked on

2018-01-30 15:52:52 - [TEST_STEP][PASSED] - delay: Delayed 4 second(s)

2018-01-30 15:52:56 - [MESSAGE][PASSED] - Delayed 4 second(s)

2018-01-30 15:52:56 - [TEST_STEP][PASSED] - click: Object: 'Object Repository/Application_OR/btn_YES_ELECTRICALAGE_POPUP' is clicked on

2018-01-30 15:52:56 - [MESSAGE][PASSED] - Object: 'Object Repository/Application_OR/btn_YES_ELECTRICALAGE_POPUP' is clicked on

2018-01-30 15:52:56 - [TEST_STEP][PASSED] - delay: Delayed 4 second(s)

2018-01-30 15:53:00 - [MESSAGE][PASSED] - Delayed 4 second(s)

2018-01-30 15:53:00 - [TEST_STEP][PASSED] - click: Object: 'Object Repository/Application_OR/btn_YES_ELECTRICALAGE_POPUP' is clicked on

2018-01-30 15:53:00 - [MESSAGE][PASSED] - Object: 'Object Repository/Application_OR/btn_YES_ELECTRICALAGE_POPUP' is clicked on

2018-01-30 15:53:00 - [TEST_STEP][PASSED] - delay: Delayed 5 second(s)

2018-01-30 15:53:05 - [MESSAGE][PASSED] - Delayed 5 second(s)

2018-01-30 15:53:05 - [TEST_STEP][PASSED] - click: Object: 'Object Repository/Application_OR/btn_OCCUPANYPAGE_SAVEANDCONTINUE' is clicked on

2018-01-30 15:53:13 - [MESSAGE][PASSED] - Object: 'Object Repository/Application_OR/btn_OCCUPANYPAGE_SAVEANDCONTINUE' is clicked on

2018-01-30 15:53:13 - [TEST_STEP][PASSED] - delay: Delayed 5 second(s)

2018-01-30 15:53:18 - [MESSAGE][PASSED] - Delayed 5 second(s)

2018-01-30 15:53:18 - [TEST_STEP][PASSED] - check: Object 'Object Repository/Application_OR/chkbx_AGREEMENT' is checked

2018-01-30 15:53:23 - [MESSAGE][PASSED] - Object 'Object Repository/Application_OR/chkbx_AGREEMENT' is checked

2018-01-30 15:53:23 - [TEST_STEP][PASSED] - delay: Delayed 10 second(s)

2018-01-30 15:53:33 - [MESSAGE][PASSED] - Delayed 10 second(s)

2018-01-30 15:53:33 - [TEST_STEP][PASSED] - click: Object: 'Object Repository/Application_OR/btn_OCCUPANYPAGE_SAVEANDCONTINUE' is clicked on

2018-01-30 15:53:38 - [MESSAGE][PASSED] - Object: 'Object Repository/Application_OR/btn_OCCUPANYPAGE_SAVEANDCONTINUE' is clicked on

2018-01-30 15:53:38 - [TEST_STEP][PASSED] - delay: Delayed 5 second(s)

2018-01-30 15:53:43 - [MESSAGE][PASSED] - Delayed 5 second(s)

2018-01-30 15:53:43 - [TEST_STEP][PASSED] - click: Object: 'Object Repository/Application_OR/btn_SIGNAPPLICATION_AGENT' is clicked on

2018-01-30 15:54:17 - [MESSAGE][PASSED] - Object: 'Object Repository/Application_OR/btn_SIGNAPPLICATION_AGENT' is clicked on

2018-01-30 15:54:17 - [TEST_STEP][PASSED] - delay: Delayed 5 second(s)

2018-01-30 15:54:22 - [MESSAGE][PASSED] - Delayed 5 second(s)

2018-01-30 15:54:22 - [TEST_STEP][PASSED] - Statement - getInsuredName = com.kms.katalon.core.webui.keyword.WebUiBuiltInKeywords.getText(com.kms.katalon.core.testobject.ObjectRepository.findTestObject(Application_OR/get_INSUREDNAME_APPLICATION FORMSUMMARY)): Text of object 'Object Repository/Application_OR/get_INSUREDNAME_APPLICATION FORMSUMMARY' is: 'Smith Racher Lastin'

2018-01-30 15:54:22 - [MESSAGE][PASSED] - Text of object 'Object Repository/Application_OR/get_INSUREDNAME_APPLICATION FORMSUMMARY' is: 'Smith Racher Lastin'

2018-01-30 15:54:22 - [TEST_STEP][PASSED] - Statement - println(getInsuredName): null

2018-01-30 15:54:22 - [TEST_STEP][PASSED] - click: Object: 'Object Repository/Application_OR/btn_INSURED_SIGNATURE' is clicked on

2018-01-30 15:54:28 - [MESSAGE][PASSED] - Object: 'Object Repository/Application_OR/btn_INSURED_SIGNATURE' is clicked on

2018-01-30 15:54:28 - [TEST_STEP][PASSED] - delay: Delayed 5 second(s)

2018-01-30 15:54:33 - [MESSAGE][PASSED] - Delayed 5 second(s)

2018-01-30 15:54:33 - [TEST_STEP][PASSED] - click: Object: 'Object Repository/Application_OR/txtbx_INSURED_SIGNATURE' is clicked on

2018-01-30 15:54:38 - [MESSAGE][PASSED] - Object: 'Object Repository/Application_OR/txtbx_INSURED_SIGNATURE' is clicked on

2018-01-30 15:54:38 - [TEST_STEP][PASSED] - delay: Delayed 5 second(s)

2018-01-30 15:54:43 - [MESSAGE][PASSED] - Delayed 5 second(s)

2018-01-30 15:54:43 - [TEST_STEP][PASSED] - setText: Text 'Smith Racher Lastin' is set on object 'Object Repository/Application_OR/txtbx_INSURED_SIGNATURE'

2018-01-30 15:54:43 - [MESSAGE][PASSED] - Text 'Smith Racher Lastin' is set on object 'Object Repository/Application_OR/txtbx_INSURED_SIGNATURE'

2018-01-30 15:54:43 - [TEST_STEP][PASSED] - click: Object: 'Object Repository/Application_OR/btn_SUBMIT_INSURED_SIGNATURE' is clicked on

2018-01-30 15:54:48 - [MESSAGE][PASSED] - Object: 'Object Repository/Application_OR/btn_SUBMIT_INSURED_SIGNATURE' is clicked on

2018-01-30 15:54:48 - [TEST_STEP][PASSED] - Statement - otpQuery = "SELECT TOP 1 OtpGenerated FROM PPE_ApplicationForms_trn where PolicyInfoId = " + policyInfoId + " Order BY ModifiedDateTime DESC": null

2018-01-30 15:54:48 - [TEST_STEP][PASSED] - Statement - println("otpQuery" + " " + otpQuery): null

2018-01-30 15:54:48 - [TEST_STEP][PASSED] - com.PPE.Database_Connection.connectDB: com.PPE.Database_Connection.connectDB is PASSED

2018-01-30 15:54:51 - [MESSAGE][PASSED] - com.PPE.Database_Connection.connectDB is PASSED

2018-01-30 15:54:51 - [TEST_STEP][PASSED] - Statement - recordset = CustomKeywords.com.PPE.Database_Connection.executeQuery(otpQuery): com.PPE.Database_Connection.executeQuery is PASSED

2018-01-30 15:54:52 - [MESSAGE][PASSED] - com.PPE.Database_Connection.executeQuery is PASSED

2018-01-30 15:54:52 - [TEST_STEP][PASSED] - Statement - otp = 0: null

2018-01-30 15:54:52 - [TEST_STEP][PASSED] - Statement - While (recordset.next()): null

2018-01-30 15:54:52 - [TEST_STEP][PASSED] - Statement - otp = recordset.getObject("OtpGenerated"): null

2018-01-30 15:54:52 - [TEST_STEP][PASSED] - Statement - println("otp" + " " + otp): null

2018-01-30 15:54:52 - [TEST_STEP][PASSED] - delay: Delayed 10 second(s)

2018-01-30 15:55:02 - [MESSAGE][PASSED] - Delayed 10 second(s)

2018-01-30 15:55:02 - [TEST_STEP][PASSED] - Statement - txtOtp = com.kms.katalon.core.testobject.ObjectRepository.findTestObject(Application_OR/txtfield-OTP): Finding Test Object with id 'Object Repository/Application_OR/txtfield-OTP'

2018-01-30 15:55:02 - [TEST_STEP][PASSED] - setText: Text '7818' is set on object 'Object Repository/Application_OR/txtfield-OTP'

2018-01-30 15:55:02 - [MESSAGE][PASSED] - Text '7818' is set on object 'Object Repository/Application_OR/txtfield-OTP'

2018-01-30 15:55:02 - [TEST_STEP][PASSED] - delay: Delayed 1 second(s)

2018-01-30 15:55:03 - [MESSAGE][PASSED] - Delayed 1 second(s)

2018-01-30 15:55:03 - [TEST_STEP][PASSED] - click: Object: 'Object Repository/Application_OR/btn_OTP_VERIFY' is clicked on

2018-01-30 15:55:08 - [MESSAGE][PASSED] - Object: 'Object Repository/Application_OR/btn_OTP_VERIFY' is clicked on

2018-01-30 15:55:08 - [TEST_STEP][PASSED] - delay: Delayed 5 second(s)

2018-01-30 15:55:13 - [MESSAGE][PASSED] - Delayed 5 second(s)

2018-01-30 15:55:13 - [TEST_STEP][PASSED] - click: Object: 'Object Repository/Application_OR/btn_AGENT_SIGNATURE' is clicked on

2018-01-30 15:55:18 - [MESSAGE][PASSED] - Object: 'Object Repository/Application_OR/btn_AGENT_SIGNATURE' is clicked on

2018-01-30 15:55:18 - [TEST_STEP][PASSED] - delay: Delayed 2 second(s)

2018-01-30 15:55:20 - [MESSAGE][PASSED] - Delayed 2 second(s)

2018-01-30 15:55:20 - [TEST_STEP][PASSED] - click: Object: 'Object Repository/Application_OR/txtbx_AGENT_SIGNATURE' is clicked on

2018-01-30 15:55:25 - [MESSAGE][PASSED] - Object: 'Object Repository/Application_OR/txtbx_AGENT_SIGNATURE' is clicked on

2018-01-30 15:55:25 - [TEST_STEP][PASSED] - delay: Delayed 2 second(s)

2018-01-30 15:55:27 - [MESSAGE][PASSED] - Delayed 2 second(s)

2018-01-30 15:55:27 - [TEST_STEP][PASSED] - setText: Text 'clement helms' is set on object 'Object Repository/Application_OR/txtbx_AGENT_SIGNATURE'

2018-01-30 15:55:27 - [MESSAGE][PASSED] - Text 'clement helms' is set on object 'Object Repository/Application_OR/txtbx_AGENT_SIGNATURE'

2018-01-30 15:55:27 - [TEST_STEP][PASSED] - delay: Delayed 2 second(s)

2018-01-30 15:55:29 - [MESSAGE][PASSED] - Delayed 2 second(s)

2018-01-30 15:55:29 - [TEST_STEP][PASSED] - click: Object: 'Object Repository/Application_OR/btn_SUBMIT_AGENT_SIGNATURE' is clicked on

2018-01-30 15:55:35 - [MESSAGE][PASSED] - Object: 'Object Repository/Application_OR/btn_SUBMIT_AGENT_SIGNATURE' is clicked on

2018-01-30 15:55:35 - [TEST_STEP][PASSED] - delay: Delayed 5 second(s)

2018-01-30 15:55:40 - [MESSAGE][PASSED] - Delayed 5 second(s)

2018-01-30 15:55:40 - [TEST_STEP][PASSED] - click: Object: 'Object Repository/Application_OR/btn_SURPLUSLINE_ACK' is clicked on

2018-01-30 15:55:49 - [MESSAGE][PASSED] - Object: 'Object Repository/Application_OR/btn_SURPLUSLINE_ACK' is clicked on

2018-01-30 15:55:49 - [TEST_STEP][PASSED] - delay: Delayed 5 second(s)

2018-01-30 15:55:54 - [MESSAGE][PASSED] - Delayed 5 second(s)

2018-01-30 15:55:54 - [TEST_STEP][PASSED] - click: Object: 'Object Repository/Application_OR/txtfield_SURPLUSLINE_FORM_TEXT' is clicked on

2018-01-30 15:55:59 - [MESSAGE][PASSED] - Object: 'Object Repository/Application_OR/txtfield_SURPLUSLINE_FORM_TEXT' is clicked on

2018-01-30 15:55:59 - [TEST_STEP][PASSED] - setText: Text 'Testing' is set on object 'Object Repository/Application_OR/txtfield_SURPLUSLINE_FORM_TEXT'

2018-01-30 15:55:59 - [MESSAGE][PASSED] - Text 'Testing' is set on object 'Object Repository/Application_OR/txtfield_SURPLUSLINE_FORM_TEXT'

2018-01-30 15:55:59 - [TEST_STEP][PASSED] - delay: Delayed 5 second(s)

2018-01-30 15:56:04 - [MESSAGE][PASSED] - Delayed 5 second(s)

2018-01-30 15:56:04 - [TEST_STEP][PASSED] - click: Object: 'Object Repository/Application_OR/btn_SUBMIT_SURPLUSLINE' is clicked on

2018-01-30 15:56:10 - [MESSAGE][PASSED] - Object: 'Object Repository/Application_OR/btn_SUBMIT_SURPLUSLINE' is clicked on

2018-01-30 15:56:10 - [TEST_STEP][PASSED] - delay: Delayed 5 second(s)

2018-01-30 15:56:15 - [MESSAGE][PASSED] - Delayed 5 second(s)

2018-01-30 15:56:15 - [TEST_STEP][PASSED] - click: Object: 'Object Repository/Application_OR/btn_SUBMIT_FOR_UW_APPROVAL' is clicked on

2018-01-30 15:56:19 - [MESSAGE][PASSED] - Object: 'Object Repository/Application_OR/btn_SUBMIT_FOR_UW_APPROVAL' is clicked on

2018-01-30 15:56:19 - [TEST_STEP][PASSED] - delay: Delayed 8 second(s)

2018-01-30 15:56:27 - [MESSAGE][PASSED] - Delayed 8 second(s)

2018-01-30 15:56:27 - [TEST_STEP][PASSED] - click: Object: 'Object Repository/Application_OR/btn_LOGOUT' is clicked on

2018-01-30 15:56:35 - [MESSAGE][PASSED] - Object: 'Object Repository/Application_OR/btn_LOGOUT' is clicked on

2018-01-30 15:56:35 - [TEST_STEP][PASSED] - delay: Delayed 5 second(s)

2018-01-30 15:56:40 - [MESSAGE][PASSED] - Delayed 5 second(s)

2018-01-30 15:56:40 - [TEST_STEP][PASSED] - setText: Text 'ih.william' is set on object 'Object Repository/Quote_OR/txtfield_USERNAME'

2018-01-30 15:56:40 - [MESSAGE][PASSED] - Text 'ih.william' is set on object 'Object Repository/Quote_OR/txtfield_USERNAME'

2018-01-30 15:56:40 - [TEST_STEP][PASSED] - setText: Text '10#Hammer' is set on object 'Object Repository/Quote_OR/txtfield_PASSWORD'

2018-01-30 15:56:40 - [MESSAGE][PASSED] - Text '10#Hammer' is set on object 'Object Repository/Quote_OR/txtfield_PASSWORD'

2018-01-30 15:56:40 - [TEST_STEP][PASSED] - click: Object: 'Object Repository/Quote_OR/btn-LOGIN' is clicked on

2018-01-30 15:56:43 - [MESSAGE][PASSED] - Object: 'Object Repository/Quote_OR/btn-LOGIN' is clicked on

2018-01-30 15:56:43 - [TEST_STEP][PASSED] - delay: Delayed 5 second(s)

2018-01-30 15:56:48 - [MESSAGE][PASSED] - Delayed 5 second(s)

2018-01-30 15:56:48 - [TEST_STEP][PASSED] - Statement - btnId = "//*[@id="btnLoadApplication_" + policyInfoId + ""]": null

2018-01-30 15:56:48 - [TEST_STEP][PASSED] - Statement - btnViewApplication = new com.kms.katalon.core.testobject.TestObject(btnViewApplication): null

2018-01-30 15:56:48 - [TEST_STEP][PASSED] - Statement - btnViewApplication.addProperty("xpath", EQUALS, btnId, true): null

2018-01-30 15:56:48 - [TEST_STEP][PASSED] - delay: Delayed 20 second(s)

2018-01-30 15:57:08 - [MESSAGE][PASSED] - Delayed 20 second(s)

2018-01-30 15:57:08 - [TEST_STEP][PASSED] - click: Object: 'btnViewApplication' is clicked on

2018-01-30 15:57:10 - [MESSAGE][PASSED] - Object: 'btnViewApplication' is clicked on

2018-01-30 15:57:10 - [TEST_STEP][PASSED] - delay: Delayed 8 second(s)

2018-01-30 15:57:18 - [MESSAGE][PASSED] - Delayed 8 second(s)

2018-01-30 15:57:18 - [TEST_STEP][PASSED] - click: Object: 'Object Repository/Application_OR/btn_DOWNLOAD_AFS_UW' is clicked on

2018-01-30 15:57:18 - [MESSAGE][PASSED] - Object: 'Object Repository/Application_OR/btn_DOWNLOAD_AFS_UW' is clicked on

2018-01-30 15:57:18 - [TEST_STEP][PASSED] - delay: Delayed 5 second(s)

2018-01-30 15:57:23 - [MESSAGE][PASSED] - Delayed 5 second(s)

2018-01-30 15:57:23 - [TEST_STEP][PASSED] - click: Object: 'Object Repository/Application_OR/btn_GENERATE_FORMS' is clicked on

2018-01-30 15:57:23 - [MESSAGE][PASSED] - Object: 'Object Repository/Application_OR/btn_GENERATE_FORMS' is clicked on

2018-01-30 15:57:23 - [TEST_STEP][PASSED] - delay: Delayed 5 second(s)

2018-01-30 15:57:28 - [MESSAGE][PASSED] - Delayed 5 second(s)

2018-01-30 15:57:28 - [TEST_STEP][PASSED] - click: Object: 'Object Repository/Application_OR/btn_REQUEST_FOR_BIND' is clicked on

2018-01-30 15:57:29 - [MESSAGE][PASSED] - Object: 'Object Repository/Application_OR/btn_REQUEST_FOR_BIND' is clicked on

2018-01-30 15:57:29 - [TEST_STEP][PASSED] - delay: Delayed 20 second(s)

2018-01-30 15:57:49 - [MESSAGE][PASSED] - Delayed 20 second(s)

2018-01-30 15:57:49 - [TEST_STEP][PASSED] - click: Object: 'Object Repository/Application_OR/btn_VIEW_POLICY_FORMS' is clicked on

2018-01-30 15:57:49 - [MESSAGE][PASSED] - Object: 'Object Repository/Application_OR/btn_VIEW_POLICY_FORMS' is clicked on

2018-01-30 15:57:49 - [TEST_STEP][PASSED] - delay: Delayed 15 second(s)

2018-01-30 15:58:04 - [MESSAGE][PASSED] - Delayed 15 second(s)

2018-01-30 15:58:04 - [TEST_STEP][PASSED] - click: Object: 'Object Repository/Application_OR/btn_UW_APPLICATION_STATUS_MENU' is clicked on

2018-01-30 15:58:04 - [MESSAGE][PASSED] - Object: 'Object Repository/Application_OR/btn_UW_APPLICATION_STATUS_MENU' is clicked on

2018-01-30 15:58:04 - [TEST_STEP][PASSED] - delay: Delayed 2 second(s)

2018-01-30 15:58:06 - [MESSAGE][PASSED] - Delayed 2 second(s)

2018-01-30 15:58:06 - [TEST_STEP][PASSED] - click: Object: 'Object Repository/Application_OR/btn_YES_CONFIRMATION' is clicked on

2018-01-30 15:58:07 - [MESSAGE][PASSED] - Object: 'Object Repository/Application_OR/btn_YES_CONFIRMATION' is clicked on

2018-01-30 15:58:07 - [TEST_STEP][PASSED] - delay: Delayed 20 second(s)

2018-01-30 15:58:27 - [MESSAGE][PASSED] - Delayed 20 second(s)]]></system-out>
         <system-err><![CDATA[]]></system-err>
      </testcase>
      <testcase name="Test Cases/ENDORSEMENT_CREATION" classname="Test Cases/ENDORSEMENT_CREATION" status="PASSED">
         <system-out><![CDATA[2018-01-30 15:58:27 - [TEST_CASE][PASSED] - Test Cases/ENDORSEMENT_CREATION: Test Cases/ENDORSEMENT_CREATION

2018-01-30 15:58:27 - [TEST_STEP][PASSED] - click: Object: 'Object Repository/Endorsement_OR/btn_ADVANCE_FILTER' is clicked on

2018-01-30 15:58:27 - [MESSAGE][PASSED] - Object: 'Object Repository/Endorsement_OR/btn_ADVANCE_FILTER' is clicked on

2018-01-30 15:58:27 - [TEST_STEP][PASSED] - delay: Delayed 4 second(s)

2018-01-30 15:58:31 - [MESSAGE][PASSED] - Delayed 4 second(s)

2018-01-30 15:58:31 - [TEST_STEP][PASSED] - setText: Text '2924 Dalton St, Macon, GA 31206, USA' is set on object 'Object Repository/Endorsement_OR/txtfield_AdvanceFilter_PROPERTY_ADDRESS'

2018-01-30 15:58:31 - [MESSAGE][PASSED] - Text '2924 Dalton St, Macon, GA 31206, USA' is set on object 'Object Repository/Endorsement_OR/txtfield_AdvanceFilter_PROPERTY_ADDRESS'

2018-01-30 15:58:31 - [TEST_STEP][PASSED] - delay: Delayed 15 second(s)

2018-01-30 15:58:46 - [MESSAGE][PASSED] - Delayed 15 second(s)

2018-01-30 15:58:46 - [TEST_STEP][PASSED] - click: Object: 'Object Repository/Endorsement_OR/btn_APPLY_Advance_Filter' is clicked on

2018-01-30 15:58:46 - [MESSAGE][PASSED] - Object: 'Object Repository/Endorsement_OR/btn_APPLY_Advance_Filter' is clicked on

2018-01-30 15:58:46 - [TEST_STEP][PASSED] - delay: Delayed 18 second(s)

2018-01-30 15:59:04 - [MESSAGE][PASSED] - Delayed 18 second(s)

2018-01-30 15:59:04 - [TEST_STEP][PASSED] - Statement - policynumber = com.kms.katalon.core.webui.keyword.WebUiBuiltInKeywords.getText(com.kms.katalon.core.testobject.ObjectRepository.findTestObject(Endorsement_OR/get_POLICYNUMBER)): Text of object 'Object Repository/Endorsement_OR/get_POLICYNUMBER' is: 'BCIHGA1800132'

2018-01-30 15:59:05 - [MESSAGE][PASSED] - Text of object 'Object Repository/Endorsement_OR/get_POLICYNUMBER' is: 'BCIHGA1800132'

2018-01-30 15:59:05 - [TEST_STEP][PASSED] - Statement - println(policynumber): null

2018-01-30 15:59:05 - [TEST_STEP][PASSED] - delay: Delayed 10 second(s)

2018-01-30 15:59:15 - [MESSAGE][PASSED] - Delayed 10 second(s)

2018-01-30 15:59:15 - [TEST_STEP][PASSED] - click: Object: 'Object Repository/Endorsement_OR/btn_ENDORSEMENT_MENU' is clicked on

2018-01-30 15:59:15 - [MESSAGE][PASSED] - Object: 'Object Repository/Endorsement_OR/btn_ENDORSEMENT_MENU' is clicked on

2018-01-30 15:59:15 - [TEST_STEP][PASSED] - delay: Delayed 3 second(s)

2018-01-30 15:59:18 - [MESSAGE][PASSED] - Delayed 3 second(s)

2018-01-30 15:59:18 - [TEST_STEP][PASSED] - click: Object: 'Object Repository/Endorsement_OR/btn_YES_CONFIRMATION_ENDORSEMENT' is clicked on

2018-01-30 15:59:18 - [MESSAGE][PASSED] - Object: 'Object Repository/Endorsement_OR/btn_YES_CONFIRMATION_ENDORSEMENT' is clicked on

2018-01-30 15:59:18 - [TEST_STEP][PASSED] - delay: Delayed 6 second(s)

2018-01-30 15:59:24 - [MESSAGE][PASSED] - Delayed 6 second(s)

2018-01-30 15:59:24 - [TEST_STEP][PASSED] - setText: Text 'BCIHGA1800132' is set on object 'Object Repository/Endorsement_OR/txtfield_POLICYNUMBER_FOR_ENDORSEMENT'

2018-01-30 15:59:25 - [MESSAGE][PASSED] - Text 'BCIHGA1800132' is set on object 'Object Repository/Endorsement_OR/txtfield_POLICYNUMBER_FOR_ENDORSEMENT'

2018-01-30 15:59:25 - [TEST_STEP][PASSED] - delay: Delayed 6 second(s)

2018-01-30 15:59:31 - [MESSAGE][PASSED] - Delayed 6 second(s)

2018-01-30 15:59:31 - [TEST_STEP][PASSED] - click: Object: 'Object Repository/Endorsement_OR/btn_SEARCH_FOR_ENDORSEMENT' is clicked on

2018-01-30 15:59:31 - [MESSAGE][PASSED] - Object: 'Object Repository/Endorsement_OR/btn_SEARCH_FOR_ENDORSEMENT' is clicked on

2018-01-30 15:59:31 - [TEST_STEP][PASSED] - delay: Delayed 10 second(s)

2018-01-30 15:59:41 - [MESSAGE][PASSED] - Delayed 10 second(s)

2018-01-30 15:59:41 - [TEST_STEP][PASSED] - click: Object: 'Object Repository/Endorsement_OR/btn_ENDORSE_UW' is clicked on

2018-01-30 15:59:47 - [MESSAGE][PASSED] - Object: 'Object Repository/Endorsement_OR/btn_ENDORSE_UW' is clicked on

2018-01-30 15:59:47 - [TEST_STEP][PASSED] - delay: Delayed 6 second(s)

2018-01-30 15:59:53 - [MESSAGE][PASSED] - Delayed 6 second(s)

2018-01-30 15:59:53 - [TEST_STEP][PASSED] - click: Object: 'Object Repository/Endorsement_OR/btn_EDIT_APPLICANTINFO_UW' is clicked on

2018-01-30 15:59:53 - [MESSAGE][PASSED] - Object: 'Object Repository/Endorsement_OR/btn_EDIT_APPLICANTINFO_UW' is clicked on

2018-01-30 15:59:53 - [TEST_STEP][PASSED] - delay: Delayed 6 second(s)

2018-01-30 15:59:59 - [MESSAGE][PASSED] - Delayed 6 second(s)

2018-01-30 15:59:59 - [TEST_STEP][PASSED] - click: Object: 'Object Repository/Endorsement_OR/btn_RECALCULATE_UW' is clicked on

2018-01-30 15:59:59 - [MESSAGE][PASSED] - Object: 'Object Repository/Endorsement_OR/btn_RECALCULATE_UW' is clicked on

2018-01-30 15:59:59 - [TEST_STEP][PASSED] - delay: Delayed 6 second(s)

2018-01-30 16:00:05 - [MESSAGE][PASSED] - Delayed 6 second(s)

2018-01-30 16:00:05 - [TEST_STEP][PASSED] - setText: Text 'James' is set on object 'Object Repository/Endorsement_OR/txtfield_PRIFIRSTNAME_UW'

2018-01-30 16:00:05 - [MESSAGE][PASSED] - Text 'James' is set on object 'Object Repository/Endorsement_OR/txtfield_PRIFIRSTNAME_UW'

2018-01-30 16:00:05 - [TEST_STEP][PASSED] - delay: Delayed 2 second(s)

2018-01-30 16:00:07 - [MESSAGE][PASSED] - Delayed 2 second(s)

2018-01-30 16:00:07 - [TEST_STEP][PASSED] - click: Object: 'Object Repository/Endorsement_OR/btn_UPDATE_APPLICANTINFO_UW' is clicked on

2018-01-30 16:00:07 - [MESSAGE][PASSED] - Object: 'Object Repository/Endorsement_OR/btn_UPDATE_APPLICANTINFO_UW' is clicked on

2018-01-30 16:00:07 - [TEST_STEP][PASSED] - delay: Delayed 2 second(s)

2018-01-30 16:00:09 - [MESSAGE][PASSED] - Delayed 2 second(s)

2018-01-30 16:00:09 - [TEST_STEP][PASSED] - click: Object: 'Object Repository/Endorsement_OR/btn_RECALCULATE_UW' is clicked on

2018-01-30 16:00:09 - [MESSAGE][PASSED] - Object: 'Object Repository/Endorsement_OR/btn_RECALCULATE_UW' is clicked on

2018-01-30 16:00:09 - [TEST_STEP][PASSED] - delay: Delayed 6 second(s)

2018-01-30 16:00:15 - [MESSAGE][PASSED] - Delayed 6 second(s)

2018-01-30 16:00:15 - [TEST_STEP][PASSED] - scrollToPosition: Browser is scrolled to position x = 0, y = 50

2018-01-30 16:00:16 - [MESSAGE][PASSED] - Browser is scrolled to position x = 0, y = 50

2018-01-30 16:00:16 - [TEST_STEP][PASSED] - delay: Delayed 3 second(s)

2018-01-30 16:00:19 - [MESSAGE][PASSED] - Delayed 3 second(s)

2018-01-30 16:00:19 - [TEST_STEP][PASSED] - click: Object: 'Object Repository/Endorsement_OR/btn_EDIT_COVERAGE_UW' is clicked on

2018-01-30 16:00:19 - [MESSAGE][PASSED] - Object: 'Object Repository/Endorsement_OR/btn_EDIT_COVERAGE_UW' is clicked on

2018-01-30 16:00:19 - [TEST_STEP][PASSED] - delay: Delayed 6 second(s)

2018-01-30 16:00:25 - [MESSAGE][PASSED] - Delayed 6 second(s)

2018-01-30 16:00:25 - [TEST_STEP][PASSED] - click: Object: 'Object Repository/Endorsement_OR/drp_SETTLEMENTTYPE_UW' is clicked on

2018-01-30 16:00:25 - [MESSAGE][PASSED] - Object: 'Object Repository/Endorsement_OR/drp_SETTLEMENTTYPE_UW' is clicked on

2018-01-30 16:00:25 - [TEST_STEP][PASSED] - selectOptionByValue: All options with value 'ACV' are selected in object 'Object Repository/Endorsement_OR/drp_SETTLEMENTTYPE_UW' 

2018-01-30 16:00:25 - [MESSAGE][PASSED] - All options with value 'ACV' are selected in object 'Object Repository/Endorsement_OR/drp_SETTLEMENTTYPE_UW' 

2018-01-30 16:00:25 - [TEST_STEP][PASSED] - click: Object: 'Object Repository/Endorsement_OR/btn_UPDATE_COVERAGE_UW' is clicked on

2018-01-30 16:00:25 - [MESSAGE][PASSED] - Object: 'Object Repository/Endorsement_OR/btn_UPDATE_COVERAGE_UW' is clicked on

2018-01-30 16:00:25 - [TEST_STEP][PASSED] - delay: Delayed 2 second(s)

2018-01-30 16:00:27 - [MESSAGE][PASSED] - Delayed 2 second(s)

2018-01-30 16:00:27 - [TEST_STEP][PASSED] - click: Object: 'Object Repository/Endorsement_OR/btn_RECALCULATE_UW' is clicked on

2018-01-30 16:00:27 - [MESSAGE][PASSED] - Object: 'Object Repository/Endorsement_OR/btn_RECALCULATE_UW' is clicked on

2018-01-30 16:00:27 - [TEST_STEP][PASSED] - delay: Delayed 2 second(s)

2018-01-30 16:00:29 - [MESSAGE][PASSED] - Delayed 2 second(s)

2018-01-30 16:00:29 - [TEST_STEP][PASSED] - Statement - use(groovy.time.TimeCategory, { -> ... }): null

2018-01-30 16:00:29 - [TEST_STEP][PASSED] - scrollToPosition: Browser is scrolled to position x = 0, y = 50

2018-01-30 16:00:29 - [MESSAGE][PASSED] - Browser is scrolled to position x = 0, y = 50

2018-01-30 16:00:29 - [TEST_STEP][PASSED] - click: Object: 'Object Repository/Endorsement_OR/btn_EDIT_PROPERTY_UW' is clicked on

2018-01-30 16:00:29 - [MESSAGE][PASSED] - Object: 'Object Repository/Endorsement_OR/btn_EDIT_PROPERTY_UW' is clicked on

2018-01-30 16:00:29 - [TEST_STEP][PASSED] - delay: Delayed 2 second(s)

2018-01-30 16:00:31 - [MESSAGE][PASSED] - Delayed 2 second(s)

2018-01-30 16:00:31 - [TEST_STEP][PASSED] - setText: Text '1970' is set on object 'Object Repository/Endorsement_OR/txtfield_HOME_BUILD_ENDORSEMENT_UW'

2018-01-30 16:00:32 - [MESSAGE][PASSED] - Text '1970' is set on object 'Object Repository/Endorsement_OR/txtfield_HOME_BUILD_ENDORSEMENT_UW'

2018-01-30 16:00:32 - [TEST_STEP][PASSED] - delay: Delayed 4 second(s)

2018-01-30 16:00:36 - [MESSAGE][PASSED] - Delayed 4 second(s)

2018-01-30 16:00:36 - [TEST_STEP][PASSED] - setText: Text '500000' is set on object 'Object Repository/Endorsement_OR/txtfield_EXIMATED_VALUATION_UW'

2018-01-30 16:00:36 - [MESSAGE][PASSED] - Text '500000' is set on object 'Object Repository/Endorsement_OR/txtfield_EXIMATED_VALUATION_UW'

2018-01-30 16:00:36 - [TEST_STEP][PASSED] - delay: Delayed 4 second(s)

2018-01-30 16:00:40 - [MESSAGE][PASSED] - Delayed 4 second(s)

2018-01-30 16:00:40 - [TEST_STEP][PASSED] - click: Object: 'Object Repository/Endorsement_OR/drp_CONSTRUCTION_TYPE_UW' is clicked on

2018-01-30 16:00:40 - [MESSAGE][PASSED] - Object: 'Object Repository/Endorsement_OR/drp_CONSTRUCTION_TYPE_UW' is clicked on

2018-01-30 16:00:40 - [TEST_STEP][PASSED] - selectOptionByIndex: All options with index in [3] are selected on object 'Object Repository/Endorsement_OR/drp_CONSTRUCTION_TYPE_UW'

2018-01-30 16:00:40 - [MESSAGE][PASSED] - All options with index in [3] are selected on object 'Object Repository/Endorsement_OR/drp_CONSTRUCTION_TYPE_UW'

2018-01-30 16:00:40 - [TEST_STEP][PASSED] - delay: Delayed 4 second(s)

2018-01-30 16:00:44 - [MESSAGE][PASSED] - Delayed 4 second(s)

2018-01-30 16:00:44 - [TEST_STEP][PASSED] - click: Object: 'Object Repository/Endorsement_OR/btn_UPDATE_ENDORSEMENT_PROPERTY_UW' is clicked on

2018-01-30 16:00:44 - [MESSAGE][PASSED] - Object: 'Object Repository/Endorsement_OR/btn_UPDATE_ENDORSEMENT_PROPERTY_UW' is clicked on

2018-01-30 16:00:44 - [TEST_STEP][PASSED] - delay: Delayed 4 second(s)

2018-01-30 16:00:48 - [MESSAGE][PASSED] - Delayed 4 second(s)

2018-01-30 16:00:48 - [TEST_STEP][PASSED] - click: Object: 'Object Repository/Endorsement_OR/btn_RECALCULATE_UW' is clicked on

2018-01-30 16:00:49 - [MESSAGE][PASSED] - Object: 'Object Repository/Endorsement_OR/btn_RECALCULATE_UW' is clicked on

2018-01-30 16:00:49 - [TEST_STEP][PASSED] - delay: Delayed 4 second(s)

2018-01-30 16:00:53 - [MESSAGE][PASSED] - Delayed 4 second(s)

2018-01-30 16:00:53 - [TEST_STEP][PASSED] - click: Object: 'Object Repository/Endorsement_OR/btn_GENERATE_FORMS_UW' is clicked on

2018-01-30 16:00:53 - [MESSAGE][PASSED] - Object: 'Object Repository/Endorsement_OR/btn_GENERATE_FORMS_UW' is clicked on

2018-01-30 16:00:53 - [TEST_STEP][PASSED] - delay: Delayed 4 second(s)

2018-01-30 16:00:57 - [MESSAGE][PASSED] - Delayed 4 second(s)

2018-01-30 16:00:57 - [TEST_STEP][PASSED] - click: Object: 'Object Repository/Endorsement_OR/btn_APPROVE_ENDORSEMENT' is clicked on

2018-01-30 16:00:57 - [MESSAGE][PASSED] - Object: 'Object Repository/Endorsement_OR/btn_APPROVE_ENDORSEMENT' is clicked on

2018-01-30 16:00:57 - [TEST_STEP][PASSED] - delay: Delayed 6 second(s)

2018-01-30 16:01:03 - [MESSAGE][PASSED] - Delayed 6 second(s)

2018-01-30 16:01:03 - [TEST_STEP][PASSED] - click: Object: 'Object Repository/Endorsement_OR/chkbx_HOMEOWNER_END_FORM' is clicked on

2018-01-30 16:01:03 - [MESSAGE][PASSED] - Object: 'Object Repository/Endorsement_OR/chkbx_HOMEOWNER_END_FORM' is clicked on

2018-01-30 16:01:03 - [TEST_STEP][PASSED] - delay: Delayed 4 second(s)

2018-01-30 16:01:07 - [MESSAGE][PASSED] - Delayed 4 second(s)

2018-01-30 16:01:07 - [TEST_STEP][PASSED] - click: Object: 'Object Repository/Endorsement_OR/chkbx_HOMEOWNER_END_FORM' is clicked on

2018-01-30 16:01:07 - [MESSAGE][PASSED] - Object: 'Object Repository/Endorsement_OR/chkbx_HOMEOWNER_END_FORM' is clicked on

2018-01-30 16:01:07 - [TEST_STEP][PASSED] - delay: Delayed 4 second(s)

2018-01-30 16:01:11 - [MESSAGE][PASSED] - Delayed 4 second(s)

2018-01-30 16:01:11 - [TEST_STEP][PASSED] - click: Object: 'Object Repository/Endorsement_OR/btn_FILLDATA_HOMEOWNER_END_FORM' is clicked on

2018-01-30 16:01:11 - [MESSAGE][PASSED] - Object: 'Object Repository/Endorsement_OR/btn_FILLDATA_HOMEOWNER_END_FORM' is clicked on

2018-01-30 16:01:11 - [TEST_STEP][PASSED] - delay: Delayed 10 second(s)

2018-01-30 16:01:21 - [MESSAGE][PASSED] - Delayed 10 second(s)

2018-01-30 16:01:21 - [TEST_STEP][PASSED] - setText: Text 'Testing' is set on object 'Object Repository/Endorsement_OR/txtfield_HOMEOWNER_END_FORM'

2018-01-30 16:01:21 - [MESSAGE][PASSED] - Text 'Testing' is set on object 'Object Repository/Endorsement_OR/txtfield_HOMEOWNER_END_FORM'

2018-01-30 16:01:21 - [TEST_STEP][PASSED] - delay: Delayed 4 second(s)

2018-01-30 16:01:25 - [MESSAGE][PASSED] - Delayed 4 second(s)

2018-01-30 16:01:25 - [TEST_STEP][PASSED] - click: Object: 'Object Repository/Endorsement_OR/btn_SUBMIT_HOMEOWNER_END_FORM' is clicked on

2018-01-30 16:01:26 - [MESSAGE][PASSED] - Object: 'Object Repository/Endorsement_OR/btn_SUBMIT_HOMEOWNER_END_FORM' is clicked on

2018-01-30 16:01:26 - [TEST_STEP][PASSED] - delay: Delayed 4 second(s)

2018-01-30 16:01:30 - [MESSAGE][PASSED] - Delayed 4 second(s)

2018-01-30 16:01:30 - [TEST_STEP][PASSED] - click: Object: 'Object Repository/Endorsement_OR/btn_VIEW_DRAFT_END' is clicked on

2018-01-30 16:01:30 - [MESSAGE][PASSED] - Object: 'Object Repository/Endorsement_OR/btn_VIEW_DRAFT_END' is clicked on

2018-01-30 16:01:30 - [TEST_STEP][PASSED] - delay: Delayed 4 second(s)

2018-01-30 16:01:34 - [MESSAGE][PASSED] - Delayed 4 second(s)

2018-01-30 16:01:34 - [TEST_STEP][PASSED] - click: Object: 'Object Repository/Endorsement_OR/btn_APPROVE_ENDORSEMENT' is clicked on

2018-01-30 16:01:34 - [MESSAGE][PASSED] - Object: 'Object Repository/Endorsement_OR/btn_APPROVE_ENDORSEMENT' is clicked on

2018-01-30 16:01:34 - [TEST_STEP][PASSED] - delay: Delayed 100 second(s)

2018-01-30 16:03:14 - [MESSAGE][PASSED] - Delayed 100 second(s)

2018-01-30 16:03:14 - [TEST_STEP][PASSED] - click: Object: 'Object Repository/Endorsement_OR/btn_LOGOUT_UW' is clicked on

2018-01-30 16:03:15 - [MESSAGE][PASSED] - Object: 'Object Repository/Endorsement_OR/btn_LOGOUT_UW' is clicked on

2018-01-30 16:03:15 - [TEST_STEP][PASSED] - delay: Delayed 10 second(s)

2018-01-30 16:03:25 - [MESSAGE][PASSED] - Delayed 10 second(s)]]></system-out>
         <system-err><![CDATA[]]></system-err>
      </testcase>
      <testcase name="Test Cases/AGENT_ENDORSEMENT_REQUEST" classname="Test Cases/AGENT_ENDORSEMENT_REQUEST" status="PASSED">
         <system-out><![CDATA[2018-01-30 16:03:25 - [TEST_CASE][PASSED] - Test Cases/AGENT_ENDORSEMENT_REQUEST: Test Cases/AGENT_ENDORSEMENT_REQUEST

2018-01-30 16:03:25 - [TEST_STEP][PASSED] - setText: Text 'ih.chelms' is set on object 'Object Repository/Quote_OR/txtfield_USERNAME'

2018-01-30 16:03:25 - [MESSAGE][PASSED] - Text 'ih.chelms' is set on object 'Object Repository/Quote_OR/txtfield_USERNAME'

2018-01-30 16:03:25 - [TEST_STEP][PASSED] - setText: Text '10#Hammer' is set on object 'Object Repository/Quote_OR/txtfield_PASSWORD'

2018-01-30 16:03:25 - [MESSAGE][PASSED] - Text '10#Hammer' is set on object 'Object Repository/Quote_OR/txtfield_PASSWORD'

2018-01-30 16:03:25 - [TEST_STEP][PASSED] - click: Object: 'Object Repository/Quote_OR/btn-LOGIN' is clicked on

2018-01-30 16:03:39 - [MESSAGE][PASSED] - Object: 'Object Repository/Quote_OR/btn-LOGIN' is clicked on

2018-01-30 16:03:39 - [TEST_STEP][PASSED] - delay: Delayed 15 second(s)

2018-01-30 16:03:54 - [MESSAGE][PASSED] - Delayed 15 second(s)

2018-01-30 16:03:54 - [TEST_STEP][PASSED] - click: Object: 'Object Repository/Application_OR/btn_UW_APPLICATION_STATUS_MENU' is clicked on

2018-01-30 16:03:55 - [MESSAGE][PASSED] - Object: 'Object Repository/Application_OR/btn_UW_APPLICATION_STATUS_MENU' is clicked on

2018-01-30 16:03:55 - [TEST_STEP][PASSED] - delay: Delayed 20 second(s)

2018-01-30 16:04:15 - [MESSAGE][PASSED] - Delayed 20 second(s)

2018-01-30 16:04:15 - [TEST_STEP][PASSED] - click: Object: 'Object Repository/Endorsement_OR/btn_ADVANCE_FILTER' is clicked on

2018-01-30 16:04:15 - [MESSAGE][PASSED] - Object: 'Object Repository/Endorsement_OR/btn_ADVANCE_FILTER' is clicked on

2018-01-30 16:04:15 - [TEST_STEP][PASSED] - delay: Delayed 4 second(s)

2018-01-30 16:04:19 - [MESSAGE][PASSED] - Delayed 4 second(s)

2018-01-30 16:04:19 - [TEST_STEP][PASSED] - setText: Text '2924 Dalton St, Macon, GA 31206, USA' is set on object 'Object Repository/Endorsement_OR/txtfield_AdvanceFilter_PROPERTY_ADDRESS'

2018-01-30 16:04:19 - [MESSAGE][PASSED] - Text '2924 Dalton St, Macon, GA 31206, USA' is set on object 'Object Repository/Endorsement_OR/txtfield_AdvanceFilter_PROPERTY_ADDRESS'

2018-01-30 16:04:19 - [TEST_STEP][PASSED] - delay: Delayed 15 second(s)

2018-01-30 16:04:34 - [MESSAGE][PASSED] - Delayed 15 second(s)

2018-01-30 16:04:34 - [TEST_STEP][PASSED] - click: Object: 'Object Repository/Endorsement_OR/btn_APPLY_Advance_Filter' is clicked on

2018-01-30 16:04:35 - [MESSAGE][PASSED] - Object: 'Object Repository/Endorsement_OR/btn_APPLY_Advance_Filter' is clicked on

2018-01-30 16:04:35 - [TEST_STEP][PASSED] - delay: Delayed 18 second(s)

2018-01-30 16:04:53 - [MESSAGE][PASSED] - Delayed 18 second(s)

2018-01-30 16:04:53 - [TEST_STEP][PASSED] - Statement - policynumber = com.kms.katalon.core.webui.keyword.WebUiBuiltInKeywords.getText(com.kms.katalon.core.testobject.ObjectRepository.findTestObject(ENDORSEMENT_AGENT_OR/get_POLICYNUMBER)): Text of object 'Object Repository/ENDORSEMENT_AGENT_OR/get_POLICYNUMBER' is: 'BCIHGA1800132'

2018-01-30 16:04:53 - [MESSAGE][PASSED] - Text of object 'Object Repository/ENDORSEMENT_AGENT_OR/get_POLICYNUMBER' is: 'BCIHGA1800132'

2018-01-30 16:04:53 - [TEST_STEP][PASSED] - Statement - println(policynumber): null

2018-01-30 16:04:53 - [TEST_STEP][PASSED] - delay: Delayed 5 second(s)

2018-01-30 16:04:58 - [MESSAGE][PASSED] - Delayed 5 second(s)

2018-01-30 16:04:58 - [TEST_STEP][PASSED] - click: Object: 'Object Repository/Endorsement_OR/btn_ENDORSEMENT_MENU' is clicked on

2018-01-30 16:04:58 - [MESSAGE][PASSED] - Object: 'Object Repository/Endorsement_OR/btn_ENDORSEMENT_MENU' is clicked on

2018-01-30 16:04:58 - [TEST_STEP][PASSED] - delay: Delayed 3 second(s)

2018-01-30 16:05:01 - [MESSAGE][PASSED] - Delayed 3 second(s)

2018-01-30 16:05:01 - [TEST_STEP][PASSED] - click: Object: 'Object Repository/Endorsement_OR/btn_YES_CONFIRMATION_ENDORSEMENT' is clicked on

2018-01-30 16:05:01 - [MESSAGE][PASSED] - Object: 'Object Repository/Endorsement_OR/btn_YES_CONFIRMATION_ENDORSEMENT' is clicked on

2018-01-30 16:05:01 - [TEST_STEP][PASSED] - setText: Text 'BCIHGA1800132' is set on object 'Object Repository/Endorsement_OR/txtfield_POLICYNUMBER_FOR_ENDORSEMENT'

2018-01-30 16:05:02 - [MESSAGE][PASSED] - Text 'BCIHGA1800132' is set on object 'Object Repository/Endorsement_OR/txtfield_POLICYNUMBER_FOR_ENDORSEMENT'

2018-01-30 16:05:02 - [TEST_STEP][PASSED] - delay: Delayed 6 second(s)

2018-01-30 16:05:08 - [MESSAGE][PASSED] - Delayed 6 second(s)

2018-01-30 16:05:08 - [TEST_STEP][PASSED] - click: Object: 'Object Repository/Endorsement_OR/btn_SEARCH_FOR_ENDORSEMENT' is clicked on

2018-01-30 16:05:08 - [MESSAGE][PASSED] - Object: 'Object Repository/Endorsement_OR/btn_SEARCH_FOR_ENDORSEMENT' is clicked on

2018-01-30 16:05:08 - [TEST_STEP][PASSED] - delay: Delayed 10 second(s)

2018-01-30 16:05:18 - [MESSAGE][PASSED] - Delayed 10 second(s)

2018-01-30 16:05:18 - [TEST_STEP][PASSED] - click: Object: 'Object Repository/Endorsement_OR/btn_ENDORSE_UW' is clicked on

2018-01-30 16:05:21 - [MESSAGE][PASSED] - Object: 'Object Repository/Endorsement_OR/btn_ENDORSE_UW' is clicked on

2018-01-30 16:05:21 - [TEST_STEP][PASSED] - delay: Delayed 6 second(s)

2018-01-30 16:05:27 - [MESSAGE][PASSED] - Delayed 6 second(s)

2018-01-30 16:05:27 - [TEST_STEP][PASSED] - click: Object: 'Object Repository/Endorsement_OR/btn_EDIT_COVERAGE_UW' is clicked on

2018-01-30 16:05:27 - [MESSAGE][PASSED] - Object: 'Object Repository/Endorsement_OR/btn_EDIT_COVERAGE_UW' is clicked on

2018-01-30 16:05:27 - [TEST_STEP][PASSED] - delay: Delayed 4 second(s)

2018-01-30 16:05:31 - [MESSAGE][PASSED] - Delayed 4 second(s)

2018-01-30 16:05:31 - [TEST_STEP][PASSED] - click: Object: 'Object Repository/ENDORSEMENT_AGENT_OR/drp_PERSONAL_PROPERTY' is clicked on

2018-01-30 16:05:31 - [MESSAGE][PASSED] - Object: 'Object Repository/ENDORSEMENT_AGENT_OR/drp_PERSONAL_PROPERTY' is clicked on

2018-01-30 16:05:31 - [TEST_STEP][PASSED] - delay: Delayed 3 second(s)

2018-01-30 16:05:34 - [MESSAGE][PASSED] - Delayed 3 second(s)

2018-01-30 16:05:34 - [TEST_STEP][PASSED] - selectOptionByValue: All options with value '35' are selected in object 'Object Repository/ENDORSEMENT_AGENT_OR/drp_PERSONAL_PROPERTY' 

2018-01-30 16:05:34 - [MESSAGE][PASSED] - All options with value '35' are selected in object 'Object Repository/ENDORSEMENT_AGENT_OR/drp_PERSONAL_PROPERTY' 

2018-01-30 16:05:34 - [TEST_STEP][PASSED] - delay: Delayed 4 second(s)

2018-01-30 16:05:38 - [MESSAGE][PASSED] - Delayed 4 second(s)

2018-01-30 16:05:38 - [TEST_STEP][PASSED] - click: Object: 'Object Repository/Endorsement_OR/btn_UPDATE_COVERAGE_UW' is clicked on

2018-01-30 16:05:38 - [MESSAGE][PASSED] - Object: 'Object Repository/Endorsement_OR/btn_UPDATE_COVERAGE_UW' is clicked on

2018-01-30 16:05:38 - [TEST_STEP][PASSED] - scrollToPosition: Browser is scrolled to position x = 0, y = 50

2018-01-30 16:05:38 - [MESSAGE][PASSED] - Browser is scrolled to position x = 0, y = 50

2018-01-30 16:05:38 - [TEST_STEP][PASSED] - click: Object: 'Object Repository/ENDORSEMENT_AGENT_OR/btn_EDIT_CLAIM_Details' is clicked on

2018-01-30 16:05:38 - [MESSAGE][PASSED] - Object: 'Object Repository/ENDORSEMENT_AGENT_OR/btn_EDIT_CLAIM_Details' is clicked on

2018-01-30 16:05:38 - [TEST_STEP][PASSED] - delay: Delayed 4 second(s)

2018-01-30 16:05:42 - [MESSAGE][PASSED] - Delayed 4 second(s)

2018-01-30 16:05:42 - [TEST_STEP][PASSED] - click: Object: 'Object Repository/ENDORSEMENT_AGENT_OR/drp_NUMOFCLAIMS' is clicked on

2018-01-30 16:05:42 - [MESSAGE][PASSED] - Object: 'Object Repository/ENDORSEMENT_AGENT_OR/drp_NUMOFCLAIMS' is clicked on

2018-01-30 16:05:42 - [TEST_STEP][PASSED] - delay: Delayed 4 second(s)

2018-01-30 16:05:46 - [MESSAGE][PASSED] - Delayed 4 second(s)

2018-01-30 16:05:46 - [TEST_STEP][PASSED] - selectOptionByValue: All options with value '1' are selected in object 'Object Repository/ENDORSEMENT_AGENT_OR/drp_NUMOFCLAIMS' 

2018-01-30 16:05:47 - [MESSAGE][PASSED] - All options with value '1' are selected in object 'Object Repository/ENDORSEMENT_AGENT_OR/drp_NUMOFCLAIMS' 

2018-01-30 16:05:47 - [TEST_STEP][PASSED] - delay: Delayed 4 second(s)

2018-01-30 16:05:51 - [MESSAGE][PASSED] - Delayed 4 second(s)

2018-01-30 16:05:51 - [TEST_STEP][PASSED] - click: Object: 'Object Repository/ENDORSEMENT_AGENT_OR/btn-UPDATE_NUMOFCLAIMS' is clicked on

2018-01-30 16:05:51 - [MESSAGE][PASSED] - Object: 'Object Repository/ENDORSEMENT_AGENT_OR/btn-UPDATE_NUMOFCLAIMS' is clicked on

2018-01-30 16:05:51 - [TEST_STEP][PASSED] - delay: Delayed 4 second(s)

2018-01-30 16:05:55 - [MESSAGE][PASSED] - Delayed 4 second(s)

2018-01-30 16:05:55 - [TEST_STEP][PASSED] - setText: Text '01/03/2017' is set on object 'Object Repository/ENDORSEMENT_AGENT_OR/txtfield-DATE_OF_LOSS_CLAIM'

2018-01-30 16:05:55 - [MESSAGE][PASSED] - Text '01/03/2017' is set on object 'Object Repository/ENDORSEMENT_AGENT_OR/txtfield-DATE_OF_LOSS_CLAIM'

2018-01-30 16:05:55 - [TEST_STEP][PASSED] - setText: Text '50000' is set on object 'Object Repository/ENDORSEMENT_AGENT_OR/txtfield-LOSSAMOUNT_CLAIM'

2018-01-30 16:05:55 - [MESSAGE][PASSED] - Text '50000' is set on object 'Object Repository/ENDORSEMENT_AGENT_OR/txtfield-LOSSAMOUNT_CLAIM'

2018-01-30 16:05:55 - [TEST_STEP][PASSED] - selectOptionByValue: All options with value '2' are selected in object 'Object Repository/ENDORSEMENT_AGENT_OR/drp-TYPEOFINCIDENT' 

2018-01-30 16:05:56 - [MESSAGE][PASSED] - All options with value '2' are selected in object 'Object Repository/ENDORSEMENT_AGENT_OR/drp-TYPEOFINCIDENT' 

2018-01-30 16:05:56 - [TEST_STEP][PASSED] - delay: Delayed 4 second(s)

2018-01-30 16:06:00 - [MESSAGE][PASSED] - Delayed 4 second(s)

2018-01-30 16:06:00 - [TEST_STEP][PASSED] - scrollToPosition: Browser is scrolled to position x = 0, y = 50

2018-01-30 16:06:00 - [MESSAGE][PASSED] - Browser is scrolled to position x = 0, y = 50

2018-01-30 16:06:00 - [TEST_STEP][PASSED] - click: Object: 'Object Repository/ENDORSEMENT_AGENT_OR/btn-UPDATE_NUMOFCLAIMS' is clicked on

2018-01-30 16:06:00 - [MESSAGE][PASSED] - Object: 'Object Repository/ENDORSEMENT_AGENT_OR/btn-UPDATE_NUMOFCLAIMS' is clicked on

2018-01-30 16:06:00 - [TEST_STEP][PASSED] - delay: Delayed 8 second(s)

2018-01-30 16:06:08 - [MESSAGE][PASSED] - Delayed 8 second(s)

2018-01-30 16:06:08 - [TEST_STEP][PASSED] - click: Object: 'Object Repository/Endorsement_OR/btn_RECALCULATE_UW' is clicked on

2018-01-30 16:06:08 - [MESSAGE][PASSED] - Object: 'Object Repository/Endorsement_OR/btn_RECALCULATE_UW' is clicked on

2018-01-30 16:06:08 - [TEST_STEP][PASSED] - delay: Delayed 3 second(s)

2018-01-30 16:06:11 - [MESSAGE][PASSED] - Delayed 3 second(s)

2018-01-30 16:06:11 - [TEST_STEP][PASSED] - Statement - getInsuredName = com.kms.katalon.core.webui.keyword.WebUiBuiltInKeywords.getText(com.kms.katalon.core.testobject.ObjectRepository.findTestObject(Generic_OR/get_INSURED_NAME)): Text of object 'Object Repository/Generic_OR/get_INSURED_NAME' is: 'James Racher Lastin'

2018-01-30 16:06:11 - [MESSAGE][PASSED] - Text of object 'Object Repository/Generic_OR/get_INSURED_NAME' is: 'James Racher Lastin'

2018-01-30 16:06:11 - [TEST_STEP][PASSED] - Statement - println(getInsuredName): null

2018-01-30 16:06:11 - [TEST_STEP][PASSED] - Statement - hdnPolicyInfoIdEND = com.kms.katalon.core.testobject.ObjectRepository.findTestObject(Generic_OR/hdnPolicyInfoId): Finding Test Object with id 'Object Repository/Generic_OR/hdnPolicyInfoId'

2018-01-30 16:06:11 - [TEST_STEP][PASSED] - Statement - policyInfoid = com.kms.katalon.core.webui.keyword.WebUiBuiltInKeywords.getAttribute(hdnPolicyInfoIdEND, "value"): Attribute 'value' of object 'Object Repository/Generic_OR/hdnPolicyInfoId' is: '3560'

2018-01-30 16:06:11 - [MESSAGE][PASSED] - Attribute 'value' of object 'Object Repository/Generic_OR/hdnPolicyInfoId' is: '3560'

2018-01-30 16:06:11 - [TEST_STEP][PASSED] - Statement - policyInfoId = policyInfoid: null

2018-01-30 16:06:11 - [TEST_STEP][PASSED] - click: Object: 'Object Repository/ENDORSEMENT_AGENT_OR/btn_INSURED_SIGNATURE' is clicked on

2018-01-30 16:06:11 - [MESSAGE][PASSED] - Object: 'Object Repository/ENDORSEMENT_AGENT_OR/btn_INSURED_SIGNATURE' is clicked on

2018-01-30 16:06:11 - [TEST_STEP][PASSED] - delay: Delayed 3 second(s)

2018-01-30 16:06:14 - [MESSAGE][PASSED] - Delayed 3 second(s)

2018-01-30 16:06:14 - [TEST_STEP][PASSED] - click: Object: 'Object Repository/Application_OR/txtbx_INSURED_SIGNATURE' is clicked on

2018-01-30 16:06:14 - [MESSAGE][PASSED] - Object: 'Object Repository/Application_OR/txtbx_INSURED_SIGNATURE' is clicked on

2018-01-30 16:06:14 - [TEST_STEP][PASSED] - delay: Delayed 2 second(s)

2018-01-30 16:06:16 - [MESSAGE][PASSED] - Delayed 2 second(s)

2018-01-30 16:06:16 - [TEST_STEP][PASSED] - setText: Text 'James Racher Lastin' is set on object 'Object Repository/Application_OR/txtbx_INSURED_SIGNATURE'

2018-01-30 16:06:16 - [MESSAGE][PASSED] - Text 'James Racher Lastin' is set on object 'Object Repository/Application_OR/txtbx_INSURED_SIGNATURE'

2018-01-30 16:06:16 - [TEST_STEP][PASSED] - delay: Delayed 2 second(s)

2018-01-30 16:06:18 - [MESSAGE][PASSED] - Delayed 2 second(s)

2018-01-30 16:06:18 - [TEST_STEP][PASSED] - click: Object: 'Object Repository/Application_OR/btn_SUBMIT_INSURED_SIGNATURE' is clicked on

2018-01-30 16:06:19 - [MESSAGE][PASSED] - Object: 'Object Repository/Application_OR/btn_SUBMIT_INSURED_SIGNATURE' is clicked on

2018-01-30 16:06:19 - [TEST_STEP][PASSED] - Statement - otpQueryEND = "SELECT TOP 1 OtpGenerated FROM PPE_ApplicationForms_trn where PolicyInfoId = " + policyInfoId + " Order BY ModifiedDateTime DESC": null

2018-01-30 16:06:19 - [TEST_STEP][PASSED] - Statement - println("otpQuery" + " " + otpQueryEND): null

2018-01-30 16:06:19 - [TEST_STEP][PASSED] - com.PPE.Database_Connection.connectDB: com.PPE.Database_Connection.connectDB is PASSED

2018-01-30 16:06:20 - [MESSAGE][PASSED] - com.PPE.Database_Connection.connectDB is PASSED

2018-01-30 16:06:20 - [TEST_STEP][PASSED] - Statement - recordset1 = CustomKeywords.com.PPE.Database_Connection.executeQuery(otpQueryEND): com.PPE.Database_Connection.executeQuery is PASSED

2018-01-30 16:06:20 - [MESSAGE][PASSED] - com.PPE.Database_Connection.executeQuery is PASSED

2018-01-30 16:06:20 - [TEST_STEP][PASSED] - Statement - otpEndorsement = 0: null

2018-01-30 16:06:20 - [TEST_STEP][PASSED] - Statement - While (recordset1.next()): null

2018-01-30 16:06:20 - [TEST_STEP][PASSED] - Statement - otpEndorsement = recordset1.getObject("OtpGenerated"): null

2018-01-30 16:06:20 - [TEST_STEP][PASSED] - Statement - println("otp" + " " + otpEndorsement): null

2018-01-30 16:06:20 - [TEST_STEP][PASSED] - delay: Delayed 10 second(s)

2018-01-30 16:06:30 - [MESSAGE][PASSED] - Delayed 10 second(s)

2018-01-30 16:06:30 - [TEST_STEP][PASSED] - Statement - txtOtp = com.kms.katalon.core.testobject.ObjectRepository.findTestObject(Application_OR/txtfield-OTP): Finding Test Object with id 'Object Repository/Application_OR/txtfield-OTP'

2018-01-30 16:06:30 - [TEST_STEP][PASSED] - setText: Text '5845' is set on object 'Object Repository/Application_OR/txtfield-OTP'

2018-01-30 16:06:30 - [MESSAGE][PASSED] - Text '5845' is set on object 'Object Repository/Application_OR/txtfield-OTP'

2018-01-30 16:06:30 - [TEST_STEP][PASSED] - delay: Delayed 1 second(s)

2018-01-30 16:06:31 - [MESSAGE][PASSED] - Delayed 1 second(s)

2018-01-30 16:06:31 - [TEST_STEP][PASSED] - click: Object: 'Object Repository/Application_OR/btn_OTP_VERIFY' is clicked on

2018-01-30 16:06:32 - [MESSAGE][PASSED] - Object: 'Object Repository/Application_OR/btn_OTP_VERIFY' is clicked on

2018-01-30 16:06:32 - [TEST_STEP][PASSED] - delay: Delayed 5 second(s)

2018-01-30 16:06:37 - [MESSAGE][PASSED] - Delayed 5 second(s)

2018-01-30 16:06:37 - [TEST_STEP][PASSED] - click: Object: 'Object Repository/Application_OR/btn_SUBMIT_FOR_UW_APPROVAL' is clicked on

2018-01-30 16:06:53 - [MESSAGE][PASSED] - Object: 'Object Repository/Application_OR/btn_SUBMIT_FOR_UW_APPROVAL' is clicked on

2018-01-30 16:06:53 - [TEST_STEP][PASSED] - delay: Delayed 15 second(s)

2018-01-30 16:07:08 - [MESSAGE][PASSED] - Delayed 15 second(s)

2018-01-30 16:07:08 - [TEST_STEP][PASSED] - click: Object: 'Object Repository/Application_OR/btn_LOGOUT' is clicked on

2018-01-30 16:07:09 - [MESSAGE][PASSED] - Object: 'Object Repository/Application_OR/btn_LOGOUT' is clicked on

2018-01-30 16:07:09 - [TEST_STEP][PASSED] - delay: Delayed 10 second(s)

2018-01-30 16:07:19 - [MESSAGE][PASSED] - Delayed 10 second(s)]]></system-out>
         <system-err><![CDATA[]]></system-err>
      </testcase>
      <testcase name="Test Cases/ENDORSEMENT_APPROVAL_UW" classname="Test Cases/ENDORSEMENT_APPROVAL_UW" status="PASSED">
         <system-out><![CDATA[2018-01-30 16:07:19 - [TEST_CASE][PASSED] - Test Cases/ENDORSEMENT_APPROVAL_UW: Test Cases/ENDORSEMENT_APPROVAL_UW

2018-01-30 16:07:19 - [TEST_STEP][PASSED] - setText: Text 'ih.william' is set on object 'Object Repository/Quote_OR/txtfield_USERNAME'

2018-01-30 16:07:19 - [MESSAGE][PASSED] - Text 'ih.william' is set on object 'Object Repository/Quote_OR/txtfield_USERNAME'

2018-01-30 16:07:19 - [TEST_STEP][PASSED] - setText: Text '10#Hammer' is set on object 'Object Repository/Quote_OR/txtfield_PASSWORD'

2018-01-30 16:07:20 - [MESSAGE][PASSED] - Text '10#Hammer' is set on object 'Object Repository/Quote_OR/txtfield_PASSWORD'

2018-01-30 16:07:20 - [TEST_STEP][PASSED] - click: Object: 'Object Repository/Quote_OR/btn-LOGIN' is clicked on

2018-01-30 16:07:22 - [MESSAGE][PASSED] - Object: 'Object Repository/Quote_OR/btn-LOGIN' is clicked on

2018-01-30 16:07:22 - [TEST_STEP][PASSED] - delay: Delayed 5 second(s)

2018-01-30 16:07:27 - [MESSAGE][PASSED] - Delayed 5 second(s)

2018-01-30 16:07:27 - [TEST_STEP][PASSED] - Statement - btnId = "//*[@id="btnLoadApplication_" + policyInfoId + ""]": null

2018-01-30 16:07:27 - [TEST_STEP][PASSED] - Statement - btnViewApplication = new com.kms.katalon.core.testobject.TestObject(btnViewApplication): null

2018-01-30 16:07:27 - [TEST_STEP][PASSED] - Statement - btnViewApplication.addProperty("xpath", EQUALS, btnId, true): null

2018-01-30 16:07:27 - [TEST_STEP][PASSED] - delay: Delayed 20 second(s)

2018-01-30 16:07:47 - [MESSAGE][PASSED] - Delayed 20 second(s)

2018-01-30 16:07:47 - [TEST_STEP][PASSED] - click: Object: 'btnViewApplication' is clicked on

2018-01-30 16:07:51 - [MESSAGE][PASSED] - Object: 'btnViewApplication' is clicked on

2018-01-30 16:07:51 - [TEST_STEP][PASSED] - delay: Delayed 8 second(s)

2018-01-30 16:07:59 - [MESSAGE][PASSED] - Delayed 8 second(s)

2018-01-30 16:07:59 - [TEST_STEP][PASSED] - click: Object: 'Object Repository/Endorsement_OR/btn_GENERATE_FORMS_UW' is clicked on

2018-01-30 16:07:59 - [MESSAGE][PASSED] - Object: 'Object Repository/Endorsement_OR/btn_GENERATE_FORMS_UW' is clicked on

2018-01-30 16:07:59 - [TEST_STEP][PASSED] - delay: Delayed 4 second(s)

2018-01-30 16:08:03 - [MESSAGE][PASSED] - Delayed 4 second(s)

2018-01-30 16:08:03 - [TEST_STEP][PASSED] - click: Object: 'Object Repository/Endorsement_OR/chkbx_HOMEOWNER_END_FORM' is clicked on

2018-01-30 16:08:03 - [MESSAGE][PASSED] - Object: 'Object Repository/Endorsement_OR/chkbx_HOMEOWNER_END_FORM' is clicked on

2018-01-30 16:08:03 - [TEST_STEP][PASSED] - delay: Delayed 4 second(s)

2018-01-30 16:08:07 - [MESSAGE][PASSED] - Delayed 4 second(s)

2018-01-30 16:08:07 - [TEST_STEP][PASSED] - click: Object: 'Object Repository/Endorsement_OR/btn_APPROVE_ENDORSEMENT' is clicked on

2018-01-30 16:08:08 - [MESSAGE][PASSED] - Object: 'Object Repository/Endorsement_OR/btn_APPROVE_ENDORSEMENT' is clicked on

2018-01-30 16:08:08 - [TEST_STEP][PASSED] - delay: Delayed 80 second(s)

2018-01-30 16:09:28 - [MESSAGE][PASSED] - Delayed 80 second(s)]]></system-out>
         <system-err><![CDATA[]]></system-err>
      </testcase>
      <testcase name="Test Cases/gettext" classname="Test Cases/gettext" status="PASSED">
         <system-out><![CDATA[2018-01-30 16:09:28 - [TEST_CASE][PASSED] - Test Cases/gettext: Test Cases/gettext

2018-01-30 16:09:28 - [TEST_STEP][PASSED] - Statement - policynumber = com.kms.katalon.core.webui.keyword.WebUiBuiltInKeywords.getText(com.kms.katalon.core.testobject.ObjectRepository.findTestObject(Endorsement_OR/get_POLICYNUMBER)): Text of object 'Object Repository/Endorsement_OR/get_POLICYNUMBER' is: 'BCIHGA1800132'

2018-01-30 16:09:28 - [MESSAGE][PASSED] - Text of object 'Object Repository/Endorsement_OR/get_POLICYNUMBER' is: 'BCIHGA1800132'

2018-01-30 16:09:28 - [TEST_STEP][PASSED] - Statement - println(policynumber): null

2018-01-30 16:09:28 - [TEST_STEP][PASSED] - delay: Delayed 4 second(s)

2018-01-30 16:09:32 - [MESSAGE][PASSED] - Delayed 4 second(s)

2018-01-30 16:09:32 - [TEST_STEP][PASSED] - click: Object: 'Object Repository/CANCELLATION_BY_UW/menu_CANCELLATION' is clicked on

2018-01-30 16:09:32 - [MESSAGE][PASSED] - Object: 'Object Repository/CANCELLATION_BY_UW/menu_CANCELLATION' is clicked on

2018-01-30 16:09:32 - [TEST_STEP][PASSED] - delay: Delayed 4 second(s)

2018-01-30 16:09:36 - [MESSAGE][PASSED] - Delayed 4 second(s)

2018-01-30 16:09:36 - [TEST_STEP][PASSED] - click: Object: 'Object Repository/Endorsement_OR/btn_YES_CONFIRMATION_ENDORSEMENT' is clicked on

2018-01-30 16:09:37 - [MESSAGE][PASSED] - Object: 'Object Repository/Endorsement_OR/btn_YES_CONFIRMATION_ENDORSEMENT' is clicked on

2018-01-30 16:09:37 - [TEST_STEP][PASSED] - delay: Delayed 6 second(s)

2018-01-30 16:09:43 - [MESSAGE][PASSED] - Delayed 6 second(s)

2018-01-30 16:09:43 - [TEST_STEP][PASSED] - setText: Text 'BCIHGA1800132' is set on object 'Object Repository/Endorsement_OR/txtfield_POLICYNUMBER_FOR_ENDORSEMENT'

2018-01-30 16:09:44 - [MESSAGE][PASSED] - Text 'BCIHGA1800132' is set on object 'Object Repository/Endorsement_OR/txtfield_POLICYNUMBER_FOR_ENDORSEMENT'

2018-01-30 16:09:44 - [TEST_STEP][PASSED] - delay: Delayed 6 second(s)

2018-01-30 16:09:50 - [MESSAGE][PASSED] - Delayed 6 second(s)

2018-01-30 16:09:50 - [TEST_STEP][PASSED] - click: Object: 'Object Repository/Endorsement_OR/btn_SEARCH_FOR_ENDORSEMENT' is clicked on

2018-01-30 16:09:50 - [MESSAGE][PASSED] - Object: 'Object Repository/Endorsement_OR/btn_SEARCH_FOR_ENDORSEMENT' is clicked on

2018-01-30 16:09:50 - [TEST_STEP][PASSED] - delay: Delayed 10 second(s)

2018-01-30 16:10:00 - [MESSAGE][PASSED] - Delayed 10 second(s)

2018-01-30 16:10:00 - [TEST_STEP][PASSED] - click: Object: 'Object Repository/CANCELLATION_BY_UW/btn_CANCEL_POLICY' is clicked on

2018-01-30 16:10:00 - [MESSAGE][PASSED] - Object: 'Object Repository/CANCELLATION_BY_UW/btn_CANCEL_POLICY' is clicked on

2018-01-30 16:10:00 - [TEST_STEP][PASSED] - delay: Delayed 6 second(s)

2018-01-30 16:10:06 - [MESSAGE][PASSED] - Delayed 6 second(s)]]></system-out>
         <system-err><![CDATA[]]></system-err>
      </testcase>
      <system-out><![CDATA[2018-01-30 15:47:46 - [TEST_SUITE][PASSED] - PPE: Test Cases/gettext]]></system-out>
      <system-err><![CDATA[]]></system-err>
   </testsuite>
</testsuites>
