<?xml version="1.0" encoding="UTF-8"?>
<testsuites name="PPE" time="1211" tests="8" failures="1" errors="0">
   <testsuite name="PPE" tests="8" failures="1" errors="0" time="1211" timestamp="2018-02-22 15:01:05" hostname="gsalunkhe - CTS-QUA-4.cogitate.india" id="Test Suites/PPE">
      <properties>
         <property name="deviceName" value=""/>
         <property name="devicePlatform" value=""/>
         <property name="logFolder" value="D:\\Katalon_Practice_Workspace\\Katalon_PPE_GANESH\\Reports\\PPE\\20180222_150104"/>
         <property name="logFiles" value="D:\\Katalon_Practice_Workspace\\Katalon_PPE_GANESH\\Reports\\PPE\\20180222_150104\\execution0.log"/>
         <property name="attachments" value="D:\\Katalon_Practice_Workspace\\Katalon_PPE_GANESH\\Reports\\PPE\\20180222_150104\\1519293074968.png"/>
         <property name="hostName" value="gsalunkhe - CTS-QUA-4.cogitate.india"/>
         <property name="os" value="Windows 7 64bit"/>
         <property name="katalonVersion" value="5.0.1.1"/>
         <property name="browser" value="Chrome 63.0.3239.132"/>
         <property name="hostAddress" value="192.168.0.4"/>
         <property name="sessionId" value="75d8831605f8df4e0721afa4cb19b2e4"/>
         <property name="seleniumVersion" value="2.53.0"/>
         <property name="proxyInformation" value="ProxyInformation{proxyOption=NO_PROXY, proxyServerType=, password=, proxyServerAddress=, proxyServerPort=0}"/>
         <property name="platform" value="Windows 7"/>
      </properties>
      <testcase name="Test Cases/URL Navigation/Navigate To URL" classname="Test Cases/URL Navigation/Navigate To URL" status="PASSED">
         <system-out><![CDATA[2018-02-22 15:01:06 - [TEST_CASE][PASSED] - Test Cases/URL Navigation/Navigate To URL: Test Cases/URL Navigation/Navigate To URL

2018-02-22 15:01:06 - [TEST_STEP][PASSED] - com.PPE.url_Navigation.gotoURL: com.PPE.url_Navigation.gotoURL is PASSED

2018-02-22 15:01:14 - [MESSAGE][PASSED] - Browser is opened with url: 'http://test.cogitate.us/PPE.Test/'

2018-02-22 15:01:14 - [MESSAGE][PASSED] - Wait for page load successfully

2018-02-22 15:01:15 - [MESSAGE][PASSED] - Current window maximized

2018-02-22 15:01:15 - [MESSAGE][PASSED] - com.PPE.url_Navigation.gotoURL is PASSED]]></system-out>
         <system-err><![CDATA[]]></system-err>
      </testcase>
      <testcase name="Test Cases/Login In PPE Application/Incorrect Attempt for Login" classname="Test Cases/Login In PPE Application/Incorrect Attempt for Login" status="PASSED">
         <system-out><![CDATA[2018-02-22 15:01:15 - [TEST_CASE][PASSED] - Test Cases/Login In PPE Application/Incorrect Attempt for Login: Test Cases/Login In PPE Application/Incorrect Attempt for Login

2018-02-22 15:01:15 - [TEST_STEP][PASSED] - com.PPE.IncorrectLogin.login: com.PPE.IncorrectLogin.login is PASSED

2018-02-22 15:01:15 - [MESSAGE][PASSED] - Text '125634' is set on object 'Object Repository/Quote_OR/txtfield_USERNAME'

2018-02-22 15:01:16 - [MESSAGE][PASSED] - Text '10#Hammer' is set on object 'Object Repository/Quote_OR/txtfield_PASSWORD'

2018-02-22 15:01:20 - [MESSAGE][PASSED] - Object: 'Object Repository/Quote_OR/btn-LOGIN' is clicked on

2018-02-22 15:01:26 - [MESSAGE][PASSED] - Delayed 6 second(s)

2018-02-22 15:01:26 - [MESSAGE][PASSED] - Text 'ih.chelms' is set on object 'Object Repository/Quote_OR/txtfield_USERNAME'

2018-02-22 15:01:26 - [MESSAGE][PASSED] - Text '123456' is set on object 'Object Repository/Quote_OR/txtfield_PASSWORD'

2018-02-22 15:01:27 - [MESSAGE][PASSED] - Object: 'Object Repository/Quote_OR/btn-LOGIN' is clicked on

2018-02-22 15:01:33 - [MESSAGE][PASSED] - Delayed 6 second(s)

2018-02-22 15:01:33 - [MESSAGE][PASSED] - Text 'ih.jbutler' is set on object 'Object Repository/Quote_OR/txtfield_USERNAME'

2018-02-22 15:01:33 - [MESSAGE][PASSED] - Text '123456' is set on object 'Object Repository/Quote_OR/txtfield_PASSWORD'

2018-02-22 15:01:34 - [MESSAGE][PASSED] - Object: 'Object Repository/Quote_OR/btn-LOGIN' is clicked on

2018-02-22 15:01:40 - [MESSAGE][PASSED] - Delayed 6 second(s)

2018-02-22 15:01:40 - [MESSAGE][PASSED] - Text 'Ganesh' is set on object 'Object Repository/Quote_OR/txtfield_USERNAME'

2018-02-22 15:01:40 - [MESSAGE][PASSED] - Text 'Salunkhe' is set on object 'Object Repository/Quote_OR/txtfield_PASSWORD'

2018-02-22 15:01:41 - [MESSAGE][PASSED] - Object: 'Object Repository/Quote_OR/btn-LOGIN' is clicked on

2018-02-22 15:01:47 - [MESSAGE][PASSED] - Delayed 6 second(s)

2018-02-22 15:01:47 - [MESSAGE][PASSED] - Text 'ih.william' is set on object 'Object Repository/Quote_OR/txtfield_USERNAME'

2018-02-22 15:01:48 - [MESSAGE][PASSED] - Text 'ih.chelms' is set on object 'Object Repository/Quote_OR/txtfield_PASSWORD'

2018-02-22 15:01:48 - [MESSAGE][PASSED] - Object: 'Object Repository/Quote_OR/btn-LOGIN' is clicked on

2018-02-22 15:01:54 - [MESSAGE][PASSED] - Delayed 6 second(s)

2018-02-22 15:01:54 - [MESSAGE][PASSED] - com.PPE.IncorrectLogin.login is PASSED]]></system-out>
         <system-err><![CDATA[]]></system-err>
      </testcase>
      <testcase name="Test Cases/Login In PPE Application/Login With Correct Credentials" classname="Test Cases/Login In PPE Application/Login With Correct Credentials" status="PASSED">
         <system-out><![CDATA[2018-02-22 15:01:54 - [TEST_CASE][PASSED] - Test Cases/Login In PPE Application/Login With Correct Credentials: Test Cases/Login In PPE Application/Login With Correct Credentials

2018-02-22 15:01:54 - [TEST_STEP][PASSED] - com.PPE.Login.correctlogin: com.PPE.Login.correctlogin is PASSED

2018-02-22 15:01:55 - [MESSAGE][PASSED] - Text 'ih.va1' is set on object 'Object Repository/Quote_OR/txtfield_USERNAME'

2018-02-22 15:01:55 - [MESSAGE][PASSED] - Text '10#Hammer' is set on object 'Object Repository/Quote_OR/txtfield_PASSWORD'

2018-02-22 15:01:58 - [MESSAGE][PASSED] - Object: 'Object Repository/Quote_OR/btn-LOGIN' is clicked on

2018-02-22 15:01:58 - [MESSAGE][PASSED] - com.PPE.Login.correctlogin is PASSED]]></system-out>
         <system-err><![CDATA[]]></system-err>
      </testcase>
      <testcase name="Test Cases/Quote Creation/Creating Quote" classname="Test Cases/Quote Creation/Creating Quote" status="PASSED">
         <system-out><![CDATA[2018-02-22 15:01:58 - [TEST_CASE][PASSED] - Test Cases/Quote Creation/Creating Quote: Test Cases/Quote Creation/Creating Quote

2018-02-22 15:01:58 - [TEST_STEP][PASSED] - Statement - propertyDataRowCounter = 0: null

2018-02-22 15:01:58 - [TEST_STEP][PASSED] - Statement - configDataRowCounter = 0: null

2018-02-22 15:01:58 - [TEST_STEP][PASSED] - Statement - genericDATA = com.kms.katalon.core.testdata.TestDataFactory.findTestData(PPE_Config_File): Test data is internal data, reading internal data

2018-02-22 15:01:58 - [TEST_STEP][PASSED] - Statement - propertyDATA = com.kms.katalon.core.testdata.TestDataFactory.findTestData(PPEPROPERTYDATA): Test data is internal data, reading internal data

2018-02-22 15:01:58 - [TEST_STEP][PASSED] - Statement - If (genericDATA.internallyGetValue("STATE", configDataRowCounter) == "GA"): null

2018-02-22 15:01:58 - [TEST_STEP][PASSED] - Statement - Else If (genericDATA.internallyGetValue("STATE", configDataRowCounter) == "VA"): Delayed 6 second(s)

2018-02-22 15:01:58 - [TEST_STEP][PASSED] - setText: Text '821 S Veitch St Arlington, VA 22204 USA' is set on object 'Object Repository/Quote_OR/txtfield_ADDRESS_ON_LANDING_PAGE'

2018-02-22 15:01:59 - [MESSAGE][PASSED] - Text '821 S Veitch St Arlington, VA 22204 USA' is set on object 'Object Repository/Quote_OR/txtfield_ADDRESS_ON_LANDING_PAGE'

2018-02-22 15:01:59 - [TEST_STEP][PASSED] - delay: Delayed 6 second(s)

2018-02-22 15:02:05 - [MESSAGE][PASSED] - Delayed 6 second(s)

2018-02-22 15:02:05 - [TEST_STEP][PASSED] - click: Object: 'Object Repository/Quote_OR/btn_SEARCH_ADDRESS' is clicked on

2018-02-22 15:02:12 - [MESSAGE][PASSED] - Object: 'Object Repository/Quote_OR/btn_SEARCH_ADDRESS' is clicked on

2018-02-22 15:02:12 - [TEST_STEP][PASSED] - waitForPageLoad: Wait for page load successfully

2018-02-22 15:02:12 - [MESSAGE][PASSED] - Wait for page load successfully

2018-02-22 15:02:12 - [TEST_STEP][PASSED] - com.PPE.QuotePropertyDataSelection.QuoteCreation: com.PPE.QuotePropertyDataSelection.QuoteCreation is PASSED

2018-02-22 15:02:12 - [MESSAGE][PASSED] - All options with index in [1] are selected on object 'Object Repository/Quote_OR/drp_PROPERTY_TYPE'

2018-02-22 15:02:13 - [MESSAGE][PASSED] - Text '' is set on object 'Object Repository/Quote_OR/txtfield_HOME_VALUATION'

2018-02-22 15:02:13 - [MESSAGE][PASSED] - Object: 'Object Repository/Quote_OR/btn_GETQUOTE' is clicked on

2018-02-22 15:02:13 - [MESSAGE][PASSED] - All options with index in [2] are selected on object 'Object Repository/Quote_OR/drp_CONSTRUCTION_TYPE'

2018-02-22 15:02:14 - [MESSAGE][PASSED] - Text '75000' is set on object 'Object Repository/Quote_OR/txtfield_HOME_VALUATION'

2018-02-22 15:02:16 - [MESSAGE][PASSED] - Delayed 2 second(s)

2018-02-22 15:02:16 - [MESSAGE][PASSED] - Text '' is set on object 'Object Repository/Quote_OR/txtbx_YEARHOMEBUILD'

2018-02-22 15:02:16 - [MESSAGE][PASSED] - Object: 'Object Repository/Quote_OR/btn_GETQUOTE' is clicked on

2018-02-22 15:02:16 - [MESSAGE][PASSED] - Text '1968' is set on object 'Object Repository/Quote_OR/txtbx_YEARHOMEBUILD'

2018-02-22 15:02:16 - [MESSAGE][PASSED] - Object: 'Object Repository/Quote_OR/btn_GETQUOTE' is clicked on

2018-02-22 15:02:20 - [MESSAGE][PASSED] - Delayed 4 second(s)

2018-02-22 15:02:20 - [MESSAGE][PASSED] - Object: 'Object Repository/Quote_OR/btn_SENDQUOTE' is clicked on

2018-02-22 15:02:21 - [MESSAGE][PASSED] - Delayed 1 second(s)

2018-02-22 15:02:21 - [MESSAGE][PASSED] - Object: 'Object Repository/Quote_OR/btn_SEND_QUOTE_DETAILS' is clicked on

2018-02-22 15:02:22 - [MESSAGE][PASSED] - Delayed 1 second(s)

2018-02-22 15:02:23 - [MESSAGE][PASSED] - Text 'Mack' is set on object 'Object Repository/Quote_OR/txtfield_SENDQUOTE_FIRSTNAME'

2018-02-22 15:02:23 - [MESSAGE][PASSED] - Text 'Roger' is set on object 'Object Repository/Quote_OR/txtfield_SENDQUOTE_LASTNAME'

2018-02-22 15:02:26 - [MESSAGE][PASSED] - Delayed 3 second(s)

2018-02-22 15:02:26 - [MESSAGE][PASSED] - Text '9768180080' is set on object 'Object Repository/Quote_OR/txtfield_SENDQUOTE_CONTACTNUMBER'

2018-02-22 15:02:29 - [MESSAGE][PASSED] - Delayed 3 second(s)

2018-02-22 15:02:30 - [MESSAGE][PASSED] - Text 'gsalunkhe@cogitate.us' is set on object 'Object Repository/Quote_OR/txtfield_SENDQUOTE_EMAIL'

2018-02-22 15:02:34 - [MESSAGE][PASSED] - Delayed 4 second(s)

2018-02-22 15:02:34 - [MESSAGE][PASSED] - Object: 'Object Repository/Quote_OR/btn_SEND_QUOTE_DETAILS' is clicked on

2018-02-22 15:02:38 - [MESSAGE][PASSED] - Delayed 4 second(s)

2018-02-22 15:02:38 - [MESSAGE][PASSED] - All options with index in [1] are selected on object 'Object Repository/Quote_OR/drp_CONSTRUCTION_TYPE'

2018-02-22 15:02:46 - [MESSAGE][PASSED] - Delayed 8 second(s)

2018-02-22 15:02:46 - [MESSAGE][PASSED] - Object: 'Object Repository/Quote_OR/btn_RECALCULATE_PREMIUM' is clicked on

2018-02-22 15:02:46 - [MESSAGE][PASSED] - com.PPE.QuotePropertyDataSelection.QuoteCreation is PASSED]]></system-out>
         <system-err><![CDATA[]]></system-err>
      </testcase>
      <testcase name="Test Cases/Application Creation/Creating an Application" classname="Test Cases/Application Creation/Creating an Application" status="PASSED">
         <system-out><![CDATA[2018-02-22 15:02:47 - [TEST_CASE][PASSED] - Test Cases/Application Creation/Creating an Application: Test Cases/Application Creation/Creating an Application

2018-02-22 15:02:47 - [TEST_STEP][PASSED] - Statement - propertyDataRowCounter = 0: null

2018-02-22 15:02:47 - [TEST_STEP][PASSED] - Statement - configDataRowCounter = 0: null

2018-02-22 15:02:47 - [TEST_STEP][PASSED] - Statement - genericDATA = com.kms.katalon.core.testdata.TestDataFactory.findTestData(PPE_Config_File): Test data is internal data, reading internal data

2018-02-22 15:02:47 - [TEST_STEP][PASSED] - Statement - propertyDATA = com.kms.katalon.core.testdata.TestDataFactory.findTestData(PPEPROPERTYDATA): Test data is internal data, reading internal data

2018-02-22 15:02:47 - [TEST_STEP][PASSED] - Statement - Address = com.kms.katalon.core.testobject.ObjectRepository.findTestObject(Endorsement_OR/get_Address): Finding Test Object with id 'Object Repository/Endorsement_OR/get_Address'

2018-02-22 15:02:47 - [TEST_STEP][PASSED] - Statement - propertyaddress = com.kms.katalon.core.webui.keyword.WebUiBuiltInKeywords.getAttribute(Address, "value"): Attribute 'value' of object 'Object Repository/Endorsement_OR/get_Address' is: '821 S Veitch St, Arlington, VA 22204, USA'

2018-02-22 15:02:47 - [MESSAGE][PASSED] - Attribute 'value' of object 'Object Repository/Endorsement_OR/get_Address' is: '821 S Veitch St, Arlington, VA 22204, USA'

2018-02-22 15:02:47 - [TEST_STEP][PASSED] - Statement - println(propertyaddress): null

2018-02-22 15:02:47 - [TEST_STEP][PASSED] - Statement - propertyaddress = propertyaddress: null

2018-02-22 15:02:47 - [TEST_STEP][PASSED] - com.PPE.Saving_PolicyHolderInfo_Page.PolicyHolderPage: com.PPE.Saving_PolicyHolderInfo_Page.PolicyHolderPage is PASSED

2018-02-22 15:02:51 - [MESSAGE][PASSED] - Delayed 4 second(s)

2018-02-22 15:02:52 - [MESSAGE][PASSED] - Object: 'Object Repository/Application_OR/btn_TOAPPLICATION' is clicked on

2018-02-22 15:02:56 - [MESSAGE][PASSED] - Delayed 4 second(s)

2018-02-22 15:02:56 - [MESSAGE][PASSED] - Object: 'Object Repository/Application_OR/btn-YES_IS_BNESS_PREMISES' is clicked on

2018-02-22 15:02:58 - [MESSAGE][PASSED] - Delayed 2 second(s)

2018-02-22 15:02:59 - [MESSAGE][PASSED] - Object: 'Object Repository/Application_OR/btn-YES_FOOT_TRAFFIC' is clicked on

2018-02-22 15:03:01 - [MESSAGE][PASSED] - Delayed 2 second(s)

2018-02-22 15:03:01 - [MESSAGE][PASSED] - Text '11' is set on object 'Object Repository/Application_OR/txtfield-Traffic_Percentage'

2018-02-22 15:03:04 - [MESSAGE][PASSED] - Delayed 3 second(s)

2018-02-22 15:03:04 - [MESSAGE][PASSED] - Object: 'Object Repository/Application_OR/btn_CONTINUE_UW_QUESTIONS' is clicked on

2018-02-22 15:03:07 - [MESSAGE][PASSED] - Delayed 3 second(s)

2018-02-22 15:03:07 - [MESSAGE][PASSED] - Text '10' is set on object 'Object Repository/Application_OR/txtfield-Traffic_Percentage'

2018-02-22 15:03:11 - [MESSAGE][PASSED] - Delayed 4 second(s)

2018-02-22 15:03:11 - [MESSAGE][PASSED] - Object: 'Object Repository/Application_OR/btn_CONTINUE_UW_QUESTIONS' is clicked on

2018-02-22 15:03:14 - [MESSAGE][PASSED] - Delayed 3 second(s)

2018-02-22 15:03:15 - [MESSAGE][PASSED] - Object: 'Object Repository/Application_OR/txtfield_INSURED_FIRSTNAME' is clicked on

2018-02-22 15:03:15 - [MESSAGE][PASSED] - Text '' is set on object 'Object Repository/Application_OR/txtfield_INSURED_FIRSTNAME'

2018-02-22 15:03:15 - [MESSAGE][PASSED] - Text 'Clement' is set on object 'Object Repository/Application_OR/txtfield_INSURED_FIRSTNAME'

2018-02-22 15:03:15 - [MESSAGE][PASSED] - Text '' is set on object 'Object Repository/Application_OR/txtfield_INSURED_MIDDLENAME'

2018-02-22 15:03:15 - [MESSAGE][PASSED] - Text 'Hussy' is set on object 'Object Repository/Application_OR/txtfield_INSURED_MIDDLENAME'

2018-02-22 15:03:15 - [MESSAGE][PASSED] - Text '' is set on object 'Object Repository/Application_OR/txtfield_INSURED_LASTNAME'

2018-02-22 15:03:15 - [MESSAGE][PASSED] - Text 'Pattinsoin' is set on object 'Object Repository/Application_OR/txtfield_INSURED_LASTNAME'

2018-02-22 15:03:16 - [MESSAGE][PASSED] - Text '09/10/1999' is set on object 'Object Repository/Application_OR/txtfield_INSURED_DOB'

2018-02-22 15:03:21 - [MESSAGE][PASSED] - Delayed 5 second(s)

2018-02-22 15:03:21 - [MESSAGE][PASSED] - Text 'gsalunkhe@cogitate.us' is set on object 'Object Repository/Application_OR/txtfield_INSURED_EMAIL'

2018-02-22 15:03:26 - [MESSAGE][PASSED] - Delayed 5 second(s)

2018-02-22 15:03:26 - [MESSAGE][PASSED] - Text '9768180080' is set on object 'Object Repository/Application_OR/txtfield_INSURED_CONTACTNUMBER'

2018-02-22 15:03:31 - [MESSAGE][PASSED] - Delayed 5 second(s)

2018-02-22 15:03:31 - [MESSAGE][PASSED] - Attribute 'value' of object 'Object Repository/Generic_OR/hdnPolicyInfoId' is: '3227'

2018-02-22 15:03:32 - [MESSAGE][PASSED] - Object: 'Object Repository/Application_OR/btn_POLICYHOLDER_SAVEANDCONTINUE' is clicked on

2018-02-22 15:03:33 - [MESSAGE][PASSED] - Delayed 1 second(s)

2018-02-22 15:03:33 - [MESSAGE][PASSED] - com.PPE.Saving_PolicyHolderInfo_Page.PolicyHolderPage is PASSED

2018-02-22 15:03:33 - [TEST_STEP][PASSED] - com.PPE.Saving_PropertyInfo_Page.PropertyPage: com.PPE.Saving_PropertyInfo_Page.PropertyPage is PASSED

2018-02-22 15:03:33 - [MESSAGE][PASSED] - Object: 'Object Repository/Application_OR/drp_ROOFTYPE_PROPERTYPAGE' is clicked on

2018-02-22 15:03:36 - [MESSAGE][PASSED] - Delayed 3 second(s)

2018-02-22 15:03:36 - [MESSAGE][PASSED] - All options with index in [1] are selected on object 'Object Repository/Application_OR/drp_ROOFTYPE_PROPERTYPAGE'

2018-02-22 15:03:38 - [MESSAGE][PASSED] - Delayed 2 second(s)

2018-02-22 15:03:39 - [MESSAGE][PASSED] - All options with index in [3] are selected on object 'Object Repository/Application_OR/drp_FOUNDATIONTYPE_PROPERTYPAGE'

2018-02-22 15:03:41 - [MESSAGE][PASSED] - Delayed 2 second(s)

2018-02-22 15:03:41 - [MESSAGE][PASSED] - All options with index in [7] are selected on object 'Object Repository/Application_OR/drp_HEATINGTYPE_PROPERTYPAGE'

2018-02-22 15:03:46 - [MESSAGE][PASSED] - Delayed 5 second(s)

2018-02-22 15:03:46 - [MESSAGE][PASSED] - Object: 'Object Repository/Application_OR/btn_OCCUPANYPAGE_SAVEANDCONTINUE' is clicked on

2018-02-22 15:03:50 - [MESSAGE][PASSED] - Delayed 4 second(s)

2018-02-22 15:03:50 - [MESSAGE][PASSED] - Object: 'Object Repository/Application_OR/btn_YES_ROOFAGE_POPUP' is clicked on

2018-02-22 15:03:54 - [MESSAGE][PASSED] - Delayed 4 second(s)

2018-02-22 15:03:55 - [MESSAGE][PASSED] - Object: 'Object Repository/Application_OR/btn_YES_ELECTRICALAGE_POPUP' is clicked on

2018-02-22 15:03:59 - [MESSAGE][PASSED] - Delayed 4 second(s)

2018-02-22 15:03:59 - [MESSAGE][PASSED] - Object: 'Object Repository/Application_OR/btn_YES_ELECTRICALAGE_POPUP' is clicked on

2018-02-22 15:04:04 - [MESSAGE][PASSED] - Delayed 5 second(s)

2018-02-22 15:04:04 - [MESSAGE][PASSED] - com.PPE.Saving_PropertyInfo_Page.PropertyPage is PASSED

2018-02-22 15:04:04 - [TEST_STEP][PASSED] - com.PPE.Policy_Creation.ApplicationBind: com.PPE.Policy_Creation.ApplicationBind is PASSED

2018-02-22 15:04:06 - [MESSAGE][PASSED] - Object: 'Object Repository/Application_OR/btn_OCCUPANYPAGE_SAVEANDCONTINUE' is clicked on

2018-02-22 15:04:11 - [MESSAGE][PASSED] - Delayed 5 second(s)

2018-02-22 15:04:12 - [MESSAGE][PASSED] - Object 'Object Repository/Application_OR/chkbx_AGREEMENT' is checked

2018-02-22 15:04:22 - [MESSAGE][PASSED] - Delayed 10 second(s)

2018-02-22 15:04:22 - [MESSAGE][PASSED] - Object: 'Object Repository/Application_OR/btn_OCCUPANYPAGE_SAVEANDCONTINUE' is clicked on

2018-02-22 15:04:27 - [MESSAGE][PASSED] - Delayed 5 second(s)

2018-02-22 15:04:55 - [MESSAGE][PASSED] - Object: 'Object Repository/Application_OR/btn_SIGNAPPLICATION_AGENT' is clicked on

2018-02-22 15:05:00 - [MESSAGE][PASSED] - Delayed 5 second(s)

2018-02-22 15:05:00 - [MESSAGE][PASSED] - Text of object 'Object Repository/Application_OR/get_INSUREDNAME_APPLICATION FORMSUMMARY' is: 'Clement Hussy Pattinsoin'

2018-02-22 15:05:00 - [MESSAGE][PASSED] - Object: 'Object Repository/Application_OR/btn_INSURED_SIGNATURE' is clicked on

2018-02-22 15:05:05 - [MESSAGE][PASSED] - Delayed 5 second(s)

2018-02-22 15:05:05 - [MESSAGE][PASSED] - Object: 'Object Repository/Application_OR/txtbx_INSURED_SIGNATURE' is clicked on

2018-02-22 15:05:10 - [MESSAGE][PASSED] - Delayed 5 second(s)

2018-02-22 15:05:11 - [MESSAGE][PASSED] - Text 'Clement Hussy Pattinsoin' is set on object 'Object Repository/Application_OR/txtbx_INSURED_SIGNATURE'

2018-02-22 15:05:11 - [MESSAGE][PASSED] - Object: 'Object Repository/Application_OR/btn_SUBMIT_INSURED_SIGNATURE' is clicked on

2018-02-22 15:05:11 - [MESSAGE][PASSED] - com.PPE.Policy_Creation.ApplicationBind is PASSED

2018-02-22 15:05:11 - [TEST_STEP][PASSED] - Statement - otpQuery = "SELECT TOP 1 OtpGenerated FROM PPE_ApplicationForms_trn where PolicyInfoId = " + policyInfoId + " Order BY ModifiedDateTime DESC": null

2018-02-22 15:05:11 - [TEST_STEP][PASSED] - Statement - println("otpQuery" + " " + otpQuery): null

2018-02-22 15:05:11 - [TEST_STEP][PASSED] - com.PPE.Database_Connection.connectDB: com.PPE.Database_Connection.connectDB is PASSED

2018-02-22 15:05:13 - [MESSAGE][PASSED] - com.PPE.Database_Connection.connectDB is PASSED

2018-02-22 15:05:13 - [TEST_STEP][PASSED] - Statement - recordset = CustomKeywords.com.PPE.Database_Connection.executeQuery(otpQuery): com.PPE.Database_Connection.executeQuery is PASSED

2018-02-22 15:05:13 - [MESSAGE][PASSED] - com.PPE.Database_Connection.executeQuery is PASSED

2018-02-22 15:05:13 - [TEST_STEP][PASSED] - Statement - otp = 0: null

2018-02-22 15:05:13 - [TEST_STEP][PASSED] - Statement - While (recordset.next()): null

2018-02-22 15:05:13 - [TEST_STEP][PASSED] - Statement - otp = recordset.getObject("OtpGenerated"): null

2018-02-22 15:05:13 - [TEST_STEP][PASSED] - Statement - println("otp" + " " + otp): null

2018-02-22 15:05:13 - [TEST_STEP][PASSED] - delay: Delayed 10 second(s)

2018-02-22 15:05:23 - [MESSAGE][PASSED] - Delayed 10 second(s)

2018-02-22 15:05:23 - [TEST_STEP][PASSED] - Statement - txtOtp = com.kms.katalon.core.testobject.ObjectRepository.findTestObject(Application_OR/txtfield-OTP): Finding Test Object with id 'Object Repository/Application_OR/txtfield-OTP'

2018-02-22 15:05:23 - [TEST_STEP][PASSED] - setText: Text '4696' is set on object 'Object Repository/Application_OR/txtfield-OTP'

2018-02-22 15:05:23 - [MESSAGE][PASSED] - Text '4696' is set on object 'Object Repository/Application_OR/txtfield-OTP'

2018-02-22 15:05:23 - [TEST_STEP][PASSED] - delay: Delayed 1 second(s)

2018-02-22 15:05:24 - [MESSAGE][PASSED] - Delayed 1 second(s)

2018-02-22 15:05:24 - [TEST_STEP][PASSED] - click: Object: 'Object Repository/Application_OR/btn_OTP_VERIFY' is clicked on

2018-02-22 15:05:24 - [MESSAGE][PASSED] - Object: 'Object Repository/Application_OR/btn_OTP_VERIFY' is clicked on

2018-02-22 15:05:24 - [TEST_STEP][PASSED] - delay: Delayed 5 second(s)

2018-02-22 15:05:29 - [MESSAGE][PASSED] - Delayed 5 second(s)

2018-02-22 15:05:29 - [TEST_STEP][PASSED] - click: Object: 'Object Repository/Application_OR/btn_AGENT_SIGNATURE' is clicked on

2018-02-22 15:05:30 - [MESSAGE][PASSED] - Object: 'Object Repository/Application_OR/btn_AGENT_SIGNATURE' is clicked on

2018-02-22 15:05:30 - [TEST_STEP][PASSED] - delay: Delayed 2 second(s)

2018-02-22 15:05:32 - [MESSAGE][PASSED] - Delayed 2 second(s)

2018-02-22 15:05:32 - [TEST_STEP][PASSED] - click: Object: 'Object Repository/Application_OR/txtbx_AGENT_SIGNATURE' is clicked on

2018-02-22 15:05:32 - [MESSAGE][PASSED] - Object: 'Object Repository/Application_OR/txtbx_AGENT_SIGNATURE' is clicked on

2018-02-22 15:05:32 - [TEST_STEP][PASSED] - delay: Delayed 2 second(s)

2018-02-22 15:05:34 - [MESSAGE][PASSED] - Delayed 2 second(s)

2018-02-22 15:05:34 - [TEST_STEP][PASSED] - Statement - If (genericDATA.internallyGetValue("STATE", configDataRowCounter) == "GA"): null

2018-02-22 15:05:34 - [TEST_STEP][PASSED] - Statement - Else If (genericDATA.internallyGetValue("STATE", configDataRowCounter) == "VA"): Text 'va one' is set on object 'Object Repository/Application_OR/txtbx_AGENT_SIGNATURE'

2018-02-22 15:05:34 - [TEST_STEP][PASSED] - setText: Text 'va one' is set on object 'Object Repository/Application_OR/txtbx_AGENT_SIGNATURE'

2018-02-22 15:05:34 - [MESSAGE][PASSED] - Text 'va one' is set on object 'Object Repository/Application_OR/txtbx_AGENT_SIGNATURE'

2018-02-22 15:05:34 - [TEST_STEP][PASSED] - click: Object: 'Object Repository/Application_OR/btn_SUBMIT_AGENT_SIGNATURE' is clicked on

2018-02-22 15:05:34 - [MESSAGE][PASSED] - Object: 'Object Repository/Application_OR/btn_SUBMIT_AGENT_SIGNATURE' is clicked on

2018-02-22 15:05:34 - [TEST_STEP][PASSED] - delay: Delayed 5 second(s)

2018-02-22 15:05:39 - [MESSAGE][PASSED] - Delayed 5 second(s)

2018-02-22 15:05:39 - [TEST_STEP][PASSED] - click: Object: 'Object Repository/Application_OR/btn_SURPLUSLINE_ACK' is clicked on

2018-02-22 15:05:42 - [MESSAGE][PASSED] - Object: 'Object Repository/Application_OR/btn_SURPLUSLINE_ACK' is clicked on

2018-02-22 15:05:42 - [TEST_STEP][PASSED] - delay: Delayed 5 second(s)

2018-02-22 15:05:47 - [MESSAGE][PASSED] - Delayed 5 second(s)

2018-02-22 15:05:47 - [TEST_STEP][PASSED] - Statement - If (genericDATA.internallyGetValue("STATE", configDataRowCounter) == "GA"): null

2018-02-22 15:05:47 - [TEST_STEP][PASSED] - Statement - Else If (genericDATA.internallyGetValue("STATE", configDataRowCounter) == "VA"): Object: 'Object Repository/Application_OR/btn_SUBMIT_SURPLUSLINE' is clicked on

2018-02-22 15:05:47 - [TEST_STEP][PASSED] - click: Object: 'Object Repository/Application_OR/chkbox_NC_SurPlusLine_Agreement' is clicked on

2018-02-22 15:05:47 - [MESSAGE][PASSED] - Object: 'Object Repository/Application_OR/chkbox_NC_SurPlusLine_Agreement' is clicked on

2018-02-22 15:05:47 - [TEST_STEP][PASSED] - delay: Delayed 2 second(s)

2018-02-22 15:05:49 - [MESSAGE][PASSED] - Delayed 2 second(s)

2018-02-22 15:05:49 - [TEST_STEP][PASSED] - click: Object: 'Object Repository/Application_OR/btn_SUBMIT_SURPLUSLINE' is clicked on

2018-02-22 15:05:49 - [MESSAGE][PASSED] - Object: 'Object Repository/Application_OR/btn_SUBMIT_SURPLUSLINE' is clicked on

2018-02-22 15:05:49 - [TEST_STEP][PASSED] - delay: Delayed 5 second(s)

2018-02-22 15:05:54 - [MESSAGE][PASSED] - Delayed 5 second(s)

2018-02-22 15:05:54 - [TEST_STEP][PASSED] - click: Object: 'Object Repository/Application_OR/btn_SUBMIT_FOR_UW_APPROVAL' is clicked on

2018-02-22 15:05:55 - [MESSAGE][PASSED] - Object: 'Object Repository/Application_OR/btn_SUBMIT_FOR_UW_APPROVAL' is clicked on

2018-02-22 15:05:55 - [TEST_STEP][PASSED] - delay: Delayed 8 second(s)

2018-02-22 15:06:03 - [MESSAGE][PASSED] - Delayed 8 second(s)

2018-02-22 15:06:03 - [TEST_STEP][PASSED] - click: Object: 'Object Repository/Application_OR/btn_LOGOUT' is clicked on

2018-02-22 15:06:04 - [MESSAGE][PASSED] - Object: 'Object Repository/Application_OR/btn_LOGOUT' is clicked on

2018-02-22 15:06:04 - [TEST_STEP][PASSED] - delay: Delayed 5 second(s)

2018-02-22 15:06:09 - [MESSAGE][PASSED] - Delayed 5 second(s)

2018-02-22 15:06:09 - [TEST_STEP][PASSED] - setText: Text 'ih.william' is set on object 'Object Repository/Quote_OR/txtfield_USERNAME'

2018-02-22 15:06:09 - [MESSAGE][PASSED] - Text 'ih.william' is set on object 'Object Repository/Quote_OR/txtfield_USERNAME'

2018-02-22 15:06:09 - [TEST_STEP][PASSED] - setText: Text '10#Hammer' is set on object 'Object Repository/Quote_OR/txtfield_PASSWORD'

2018-02-22 15:06:09 - [MESSAGE][PASSED] - Text '10#Hammer' is set on object 'Object Repository/Quote_OR/txtfield_PASSWORD'

2018-02-22 15:06:09 - [TEST_STEP][PASSED] - click: Object: 'Object Repository/Quote_OR/btn-LOGIN' is clicked on

2018-02-22 15:06:11 - [MESSAGE][PASSED] - Object: 'Object Repository/Quote_OR/btn-LOGIN' is clicked on

2018-02-22 15:06:11 - [TEST_STEP][PASSED] - delay: Delayed 5 second(s)

2018-02-22 15:06:16 - [MESSAGE][PASSED] - Delayed 5 second(s)

2018-02-22 15:06:16 - [TEST_STEP][PASSED] - Statement - btnId = "//*[@id="btnLoadApplication_" + policyInfoId + ""]": null

2018-02-22 15:06:16 - [TEST_STEP][PASSED] - Statement - btnViewApplication = new com.kms.katalon.core.testobject.TestObject(btnViewApplication): null

2018-02-22 15:06:16 - [TEST_STEP][PASSED] - Statement - btnViewApplication.addProperty("xpath", EQUALS, btnId, true): null

2018-02-22 15:06:16 - [TEST_STEP][PASSED] - delay: Delayed 20 second(s)

2018-02-22 15:06:36 - [MESSAGE][PASSED] - Delayed 20 second(s)

2018-02-22 15:06:36 - [TEST_STEP][PASSED] - click: Object: 'btnViewApplication' is clicked on

2018-02-22 15:06:38 - [MESSAGE][PASSED] - Object: 'btnViewApplication' is clicked on

2018-02-22 15:06:38 - [TEST_STEP][PASSED] - delay: Delayed 8 second(s)

2018-02-22 15:06:46 - [MESSAGE][PASSED] - Delayed 8 second(s)

2018-02-22 15:06:46 - [TEST_STEP][PASSED] - click: Object: 'Object Repository/Application_OR/btn_DOWNLOAD_AFS_UW' is clicked on

2018-02-22 15:06:46 - [MESSAGE][PASSED] - Object: 'Object Repository/Application_OR/btn_DOWNLOAD_AFS_UW' is clicked on

2018-02-22 15:06:46 - [TEST_STEP][PASSED] - delay: Delayed 5 second(s)

2018-02-22 15:06:51 - [MESSAGE][PASSED] - Delayed 5 second(s)

2018-02-22 15:06:51 - [TEST_STEP][PASSED] - click: Object: 'Object Repository/Application_OR/btn_REVIEW_APPLICATION_AT_UW' is clicked on

2018-02-22 15:06:54 - [MESSAGE][PASSED] - Object: 'Object Repository/Application_OR/btn_REVIEW_APPLICATION_AT_UW' is clicked on

2018-02-22 15:06:54 - [TEST_STEP][PASSED] - delay: Delayed 5 second(s)

2018-02-22 15:06:59 - [MESSAGE][PASSED] - Delayed 5 second(s)

2018-02-22 15:06:59 - [TEST_STEP][PASSED] - setText: Text '111' is set on object 'Object Repository/Application_OR/txtfield_INSPECTION_FEE'

2018-02-22 15:07:00 - [MESSAGE][PASSED] - Text '111' is set on object 'Object Repository/Application_OR/txtfield_INSPECTION_FEE'

2018-02-22 15:07:00 - [TEST_STEP][PASSED] - delay: Delayed 3 second(s)

2018-02-22 15:07:03 - [MESSAGE][PASSED] - Delayed 3 second(s)

2018-02-22 15:07:03 - [TEST_STEP][PASSED] - click: Object: 'Object Repository/Application_OR/drp_NO_OF_MORTAGAGEE' is clicked on

2018-02-22 15:07:03 - [MESSAGE][PASSED] - Object: 'Object Repository/Application_OR/drp_NO_OF_MORTAGAGEE' is clicked on

2018-02-22 15:07:03 - [TEST_STEP][PASSED] - delay: Delayed 3 second(s)

2018-02-22 15:07:06 - [MESSAGE][PASSED] - Delayed 3 second(s)

2018-02-22 15:07:06 - [TEST_STEP][PASSED] - selectOptionByIndex: All options with index in [1] are selected on object 'Object Repository/Application_OR/drp_NO_OF_MORTAGAGEE'

2018-02-22 15:07:06 - [MESSAGE][PASSED] - All options with index in [1] are selected on object 'Object Repository/Application_OR/drp_NO_OF_MORTAGAGEE'

2018-02-22 15:07:06 - [TEST_STEP][PASSED] - delay: Delayed 3 second(s)

2018-02-22 15:07:09 - [MESSAGE][PASSED] - Delayed 3 second(s)

2018-02-22 15:07:09 - [TEST_STEP][PASSED] - click: Object: 'Object Repository/Application_OR/btn_OCCUPANYPAGE_SAVEANDCONTINUE' is clicked on

2018-02-22 15:07:09 - [MESSAGE][PASSED] - Object: 'Object Repository/Application_OR/btn_OCCUPANYPAGE_SAVEANDCONTINUE' is clicked on

2018-02-22 15:07:09 - [TEST_STEP][PASSED] - delay: Delayed 3 second(s)

2018-02-22 15:07:12 - [MESSAGE][PASSED] - Delayed 3 second(s)

2018-02-22 15:07:12 - [TEST_STEP][PASSED] - setText: Text 'Ricky Ponting' is set on object 'Object Repository/Application_OR/txtfield_Mortagagee_Name1'

2018-02-22 15:07:13 - [MESSAGE][PASSED] - Text 'Ricky Ponting' is set on object 'Object Repository/Application_OR/txtfield_Mortagagee_Name1'

2018-02-22 15:07:13 - [TEST_STEP][PASSED] - delay: Delayed 3 second(s)

2018-02-22 15:07:16 - [MESSAGE][PASSED] - Delayed 3 second(s)

2018-02-22 15:07:16 - [TEST_STEP][PASSED] - setText: Text '1870 5th Ave W Macon, GA 31201 USA' is set on object 'Object Repository/Application_OR/txtfield_Mortagagee_Address'

2018-02-22 15:07:16 - [MESSAGE][PASSED] - Text '1870 5th Ave W Macon, GA 31201 USA' is set on object 'Object Repository/Application_OR/txtfield_Mortagagee_Address'

2018-02-22 15:07:16 - [TEST_STEP][PASSED] - delay: Delayed 3 second(s)

2018-02-22 15:07:19 - [MESSAGE][PASSED] - Delayed 3 second(s)

2018-02-22 15:07:19 - [TEST_STEP][PASSED] - setText: Text '123456789ABCD' is set on object 'Object Repository/Application_OR/txtfield_Mortagagee_LoanNo'

2018-02-22 15:07:20 - [MESSAGE][PASSED] - Text '123456789ABCD' is set on object 'Object Repository/Application_OR/txtfield_Mortagagee_LoanNo'

2018-02-22 15:07:20 - [TEST_STEP][PASSED] - delay: Delayed 3 second(s)

2018-02-22 15:07:23 - [MESSAGE][PASSED] - Delayed 3 second(s)

2018-02-22 15:07:23 - [TEST_STEP][PASSED] - click: Object: 'Object Repository/Application_OR/btn_OCCUPANYPAGE_SAVEANDCONTINUE' is clicked on

2018-02-22 15:07:23 - [MESSAGE][PASSED] - Object: 'Object Repository/Application_OR/btn_OCCUPANYPAGE_SAVEANDCONTINUE' is clicked on

2018-02-22 15:07:23 - [TEST_STEP][PASSED] - delay: Delayed 4 second(s)

2018-02-22 15:07:27 - [MESSAGE][PASSED] - Delayed 4 second(s)

2018-02-22 15:07:27 - [TEST_STEP][PASSED] - click: Object: 'Object Repository/Application_OR/btn_SIGNAPPLICATION_AGENT' is clicked on

2018-02-22 15:07:28 - [MESSAGE][PASSED] - Object: 'Object Repository/Application_OR/btn_SIGNAPPLICATION_AGENT' is clicked on

2018-02-22 15:07:28 - [TEST_STEP][PASSED] - delay: Delayed 4 second(s)

2018-02-22 15:07:32 - [MESSAGE][PASSED] - Delayed 4 second(s)

2018-02-22 15:07:32 - [TEST_STEP][PASSED] - click: Object: 'Object Repository/Application_OR/btn_GENERATE_FORMS' is clicked on

2018-02-22 15:07:32 - [MESSAGE][PASSED] - Object: 'Object Repository/Application_OR/btn_GENERATE_FORMS' is clicked on

2018-02-22 15:07:32 - [TEST_STEP][PASSED] - delay: Delayed 5 second(s)

2018-02-22 15:07:37 - [MESSAGE][PASSED] - Delayed 5 second(s)

2018-02-22 15:07:37 - [TEST_STEP][PASSED] - click: Object: 'Object Repository/Application_OR/btn_REQUEST_FOR_BIND' is clicked on

2018-02-22 15:07:37 - [MESSAGE][PASSED] - Object: 'Object Repository/Application_OR/btn_REQUEST_FOR_BIND' is clicked on

2018-02-22 15:07:37 - [TEST_STEP][PASSED] - delay: Delayed 20 second(s)

2018-02-22 15:07:57 - [MESSAGE][PASSED] - Delayed 20 second(s)

2018-02-22 15:07:57 - [TEST_STEP][PASSED] - click: Object: 'Object Repository/Application_OR/btn_VIEW_POLICY_FORMS' is clicked on

2018-02-22 15:07:58 - [MESSAGE][PASSED] - Object: 'Object Repository/Application_OR/btn_VIEW_POLICY_FORMS' is clicked on

2018-02-22 15:07:58 - [TEST_STEP][PASSED] - delay: Delayed 15 second(s)

2018-02-22 15:08:13 - [MESSAGE][PASSED] - Delayed 15 second(s)

2018-02-22 15:08:13 - [TEST_STEP][PASSED] - click: Object: 'Object Repository/Application_OR/btn_UW_APPLICATION_STATUS_MENU' is clicked on

2018-02-22 15:08:13 - [MESSAGE][PASSED] - Object: 'Object Repository/Application_OR/btn_UW_APPLICATION_STATUS_MENU' is clicked on

2018-02-22 15:08:13 - [TEST_STEP][PASSED] - delay: Delayed 2 second(s)

2018-02-22 15:08:15 - [MESSAGE][PASSED] - Delayed 2 second(s)

2018-02-22 15:08:15 - [TEST_STEP][PASSED] - click: Object: 'Object Repository/Application_OR/btn_YES_CONFIRMATION' is clicked on

2018-02-22 15:08:16 - [MESSAGE][PASSED] - Object: 'Object Repository/Application_OR/btn_YES_CONFIRMATION' is clicked on

2018-02-22 15:08:16 - [TEST_STEP][PASSED] - delay: Delayed 20 second(s)

2018-02-22 15:08:36 - [MESSAGE][PASSED] - Delayed 20 second(s)]]></system-out>
         <system-err><![CDATA[]]></system-err>
      </testcase>
      <testcase name="Test Cases/UW Endorsement/UW END" classname="Test Cases/UW Endorsement/UW END" status="PASSED">
         <system-out><![CDATA[2018-02-22 15:08:36 - [TEST_CASE][PASSED] - Test Cases/UW Endorsement/UW END: Test Cases/UW Endorsement/UW END

2018-02-22 15:08:36 - [TEST_STEP][PASSED] - com.PPE.Endorsement_UW.EndorsementByUW: com.PPE.Endorsement_UW.EndorsementByUW is PASSED

2018-02-22 15:08:36 - [MESSAGE][PASSED] - Object: 'Object Repository/Endorsement_OR/btn_ADVANCE_FILTER' is clicked on

2018-02-22 15:08:40 - [MESSAGE][PASSED] - Delayed 4 second(s)

2018-02-22 15:08:41 - [MESSAGE][PASSED] - Text '821 S Veitch St, Arlington, VA 22204, USA' is set on object 'Object Repository/Endorsement_OR/txtfield_AdvanceFilter_PROPERTY_ADDRESS'

2018-02-22 15:08:56 - [MESSAGE][PASSED] - Delayed 15 second(s)

2018-02-22 15:08:56 - [MESSAGE][PASSED] - Object: 'Object Repository/Endorsement_OR/btn_APPLY_Advance_Filter' is clicked on

2018-02-22 15:09:14 - [MESSAGE][PASSED] - Delayed 18 second(s)

2018-02-22 15:09:14 - [MESSAGE][PASSED] - Text of object 'Object Repository/Endorsement_OR/get_POLICYNUMBER' is: 'BCIHVA1800010'

2018-02-22 15:09:24 - [MESSAGE][PASSED] - Delayed 10 second(s)

2018-02-22 15:09:24 - [MESSAGE][PASSED] - Object: 'Object Repository/Endorsement_OR/btn_ENDORSEMENT_MENU' is clicked on

2018-02-22 15:09:27 - [MESSAGE][PASSED] - Delayed 3 second(s)

2018-02-22 15:09:32 - [MESSAGE][PASSED] - Object: 'Object Repository/Endorsement_OR/btn_YES_CONFIRMATION_ENDORSEMENT' is clicked on

2018-02-22 15:09:38 - [MESSAGE][PASSED] - Delayed 6 second(s)

2018-02-22 15:09:38 - [MESSAGE][PASSED] - Text 'BCIHVA1800010' is set on object 'Object Repository/Endorsement_OR/txtfield_POLICYNUMBER_FOR_ENDORSEMENT'

2018-02-22 15:09:44 - [MESSAGE][PASSED] - Delayed 6 second(s)

2018-02-22 15:09:45 - [MESSAGE][PASSED] - Object: 'Object Repository/Endorsement_OR/btn_SEARCH_FOR_ENDORSEMENT' is clicked on

2018-02-22 15:09:55 - [MESSAGE][PASSED] - Delayed 10 second(s)

2018-02-22 15:09:56 - [MESSAGE][PASSED] - Object: 'Object Repository/Endorsement_OR/btn_ENDORSE_UW' is clicked on

2018-02-22 15:10:02 - [MESSAGE][PASSED] - Delayed 6 second(s)

2018-02-22 15:10:03 - [MESSAGE][PASSED] - Object: 'Object Repository/Endorsement_OR/btn_EDIT_APPLICANTINFO_UW' is clicked on

2018-02-22 15:10:09 - [MESSAGE][PASSED] - Delayed 6 second(s)

2018-02-22 15:10:09 - [MESSAGE][PASSED] - Object: 'Object Repository/Endorsement_OR/btn_RECALCULATE_UW' is clicked on

2018-02-22 15:10:15 - [MESSAGE][PASSED] - Delayed 6 second(s)

2018-02-22 15:10:15 - [MESSAGE][PASSED] - Text 'Phillips Bush' is set on object 'Object Repository/Endorsement_OR/txtfield_PRIFIRSTNAME_UW'

2018-02-22 15:10:17 - [MESSAGE][PASSED] - Delayed 2 second(s)

2018-02-22 15:10:17 - [MESSAGE][PASSED] - Object: 'Object Repository/Endorsement_OR/btn_UPDATE_APPLICANTINFO_UW' is clicked on

2018-02-22 15:10:19 - [MESSAGE][PASSED] - Delayed 2 second(s)

2018-02-22 15:10:19 - [MESSAGE][PASSED] - Object: 'Object Repository/Endorsement_OR/btn_RECALCULATE_UW' is clicked on

2018-02-22 15:10:25 - [MESSAGE][PASSED] - Delayed 6 second(s)

2018-02-22 15:10:25 - [MESSAGE][PASSED] - Browser is scrolled to position x = 0, y = 50

2018-02-22 15:10:29 - [MESSAGE][PASSED] - Delayed 3 second(s)

2018-02-22 15:10:29 - [MESSAGE][PASSED] - Object: 'Object Repository/Endorsement_OR/btn_EDIT_COVERAGE_UW' is clicked on

2018-02-22 15:10:35 - [MESSAGE][PASSED] - Delayed 6 second(s)

2018-02-22 15:10:35 - [MESSAGE][PASSED] - Object: 'Object Repository/Endorsement_OR/drp_SETTLEMENTTYPE_UW' is clicked on

2018-02-22 15:10:38 - [MESSAGE][PASSED] - Delayed 3 second(s)

2018-02-22 15:10:38 - [MESSAGE][PASSED] - All options with label 'ACV' are selected in object 'Object Repository/Endorsement_OR/drp_SETTLEMENTTYPE_UW' 

2018-02-22 15:10:44 - [MESSAGE][PASSED] - Delayed 6 second(s)

2018-02-22 15:10:44 - [MESSAGE][PASSED] - Object: 'Object Repository/Endorsement_OR/btn_UPDATE_COVERAGE_UW' is clicked on

2018-02-22 15:10:46 - [MESSAGE][PASSED] - Delayed 2 second(s)

2018-02-22 15:10:47 - [MESSAGE][PASSED] - Object: 'Object Repository/Endorsement_OR/btn_RECALCULATE_UW' is clicked on

2018-02-22 15:10:52 - [MESSAGE][PASSED] - Delayed 5 second(s)

2018-02-22 15:10:52 - [MESSAGE][PASSED] - Browser is scrolled to position x = 0, y = 50

2018-02-22 15:10:52 - [MESSAGE][PASSED] - Object: 'Object Repository/Endorsement_OR/btn_EDIT_PROPERTY_UW' is clicked on

2018-02-22 15:10:54 - [MESSAGE][PASSED] - Delayed 2 second(s)

2018-02-22 15:10:54 - [MESSAGE][PASSED] - Text '1970' is set on object 'Object Repository/Endorsement_OR/txtfield_HOME_BUILD_ENDORSEMENT_UW'

2018-02-22 15:10:58 - [MESSAGE][PASSED] - Delayed 4 second(s)

2018-02-22 15:10:58 - [MESSAGE][PASSED] - Text '74999' is set on object 'Object Repository/Endorsement_OR/txtfield_EXIMATED_VALUATION_UW'

2018-02-22 15:11:02 - [MESSAGE][PASSED] - Delayed 4 second(s)

2018-02-22 15:11:03 - [MESSAGE][PASSED] - Object: 'Object Repository/Endorsement_OR/drp_CONSTRUCTION_TYPE_UW' is clicked on

2018-02-22 15:11:03 - [MESSAGE][PASSED] - All options with index in [3] are selected on object 'Object Repository/Endorsement_OR/drp_CONSTRUCTION_TYPE_UW'

2018-02-22 15:11:07 - [MESSAGE][PASSED] - Delayed 4 second(s)

2018-02-22 15:11:07 - [MESSAGE][PASSED] - Object: 'Object Repository/Endorsement_OR/btn_UPDATE_ENDORSEMENT_PROPERTY_UW' is clicked on

2018-02-22 15:11:11 - [MESSAGE][PASSED] - Delayed 4 second(s)

2018-02-22 15:11:12 - [MESSAGE][PASSED] - Text '500000' is set on object 'Object Repository/Endorsement_OR/txtfield_EXIMATED_VALUATION_UW'

2018-02-22 15:11:16 - [MESSAGE][PASSED] - Delayed 4 second(s)

2018-02-22 15:11:16 - [MESSAGE][PASSED] - Object: 'Object Repository/Endorsement_OR/btn_UPDATE_ENDORSEMENT_PROPERTY_UW' is clicked on

2018-02-22 15:11:20 - [MESSAGE][PASSED] - Delayed 4 second(s)

2018-02-22 15:11:20 - [MESSAGE][PASSED] - Object: 'Object Repository/Endorsement_OR/btn_RECALCULATE_UW' is clicked on

2018-02-22 15:11:24 - [MESSAGE][PASSED] - Delayed 4 second(s)

2018-02-22 15:11:24 - [MESSAGE][PASSED] - Object: 'Object Repository/Endorsement_OR/btn_GENERATE_FORMS_UW' is clicked on

2018-02-22 15:11:28 - [MESSAGE][PASSED] - Delayed 4 second(s)

2018-02-22 15:11:28 - [MESSAGE][PASSED] - Object: 'Object Repository/Endorsement_OR/btn_APPROVE_ENDORSEMENT' is clicked on

2018-02-22 15:11:34 - [MESSAGE][PASSED] - Delayed 6 second(s)

2018-02-22 15:11:35 - [MESSAGE][PASSED] - Object: 'Object Repository/Endorsement_OR/chkbx_HOMEOWNER_END_FORM' is clicked on

2018-02-22 15:11:39 - [MESSAGE][PASSED] - Delayed 4 second(s)

2018-02-22 15:11:39 - [MESSAGE][PASSED] - Object: 'Object Repository/Endorsement_OR/chkbx_HOMEOWNER_END_FORM' is clicked on

2018-02-22 15:11:43 - [MESSAGE][PASSED] - Delayed 4 second(s)

2018-02-22 15:11:43 - [MESSAGE][PASSED] - Object: 'Object Repository/Endorsement_OR/btn_FILLDATA_HOMEOWNER_END_FORM' is clicked on

2018-02-22 15:11:53 - [MESSAGE][PASSED] - Delayed 10 second(s)

2018-02-22 15:11:53 - [MESSAGE][PASSED] - Text 'Testing' is set on object 'Object Repository/Endorsement_OR/txtfield_HOMEOWNER_END_FORM'

2018-02-22 15:11:57 - [MESSAGE][PASSED] - Delayed 4 second(s)

2018-02-22 15:11:57 - [MESSAGE][PASSED] - Object: 'Object Repository/Endorsement_OR/btn_SUBMIT_HOMEOWNER_END_FORM' is clicked on

2018-02-22 15:12:01 - [MESSAGE][PASSED] - Delayed 4 second(s)

2018-02-22 15:12:01 - [MESSAGE][PASSED] - Object: 'Object Repository/Endorsement_OR/btn_VIEW_DRAFT_END' is clicked on

2018-02-22 15:12:05 - [MESSAGE][PASSED] - Delayed 4 second(s)

2018-02-22 15:12:10 - [MESSAGE][PASSED] - Object: 'Object Repository/Endorsement_OR/btn_APPROVE_ENDORSEMENT' is clicked on

2018-02-22 15:13:51 - [MESSAGE][PASSED] - Delayed 100 second(s)

2018-02-22 15:13:51 - [MESSAGE][PASSED] - Object: 'Object Repository/Endorsement_OR/btn_LOGOUT_UW' is clicked on

2018-02-22 15:14:01 - [MESSAGE][PASSED] - Delayed 10 second(s)

2018-02-22 15:14:01 - [MESSAGE][PASSED] - com.PPE.Endorsement_UW.EndorsementByUW is PASSED]]></system-out>
         <system-err><![CDATA[]]></system-err>
      </testcase>
      <testcase name="Test Cases/Agent Endorsment Req/Agent END" classname="Test Cases/Agent Endorsment Req/Agent END" status="PASSED">
         <system-out><![CDATA[2018-02-22 15:14:01 - [TEST_CASE][PASSED] - Test Cases/Agent Endorsment Req/Agent END: Test Cases/Agent Endorsment Req/Agent END

2018-02-22 15:14:02 - [TEST_STEP][PASSED] - com.PPE.Endorsement_Agent.EndorsementByUW: com.PPE.Endorsement_Agent.EndorsementByUW is PASSED

2018-02-22 15:14:02 - [MESSAGE][PASSED] - Text 'ih.va1' is set on object 'Object Repository/Quote_OR/txtfield_USERNAME'

2018-02-22 15:14:02 - [MESSAGE][PASSED] - Text '10#Hammer' is set on object 'Object Repository/Quote_OR/txtfield_PASSWORD'

2018-02-22 15:14:03 - [MESSAGE][PASSED] - Object: 'Object Repository/Quote_OR/btn-LOGIN' is clicked on

2018-02-22 15:14:18 - [MESSAGE][PASSED] - Delayed 15 second(s)

2018-02-22 15:14:18 - [MESSAGE][PASSED] - Object: 'Object Repository/Application_OR/btn_UW_APPLICATION_STATUS_MENU' is clicked on

2018-02-22 15:14:23 - [MESSAGE][PASSED] - Delayed 5 second(s)

2018-02-22 15:14:24 - [MESSAGE][PASSED] - Object: 'Object Repository/Endorsement_OR/btn_YES_CONFIRMATION_ENDORSEMENT' is clicked on

2018-02-22 15:14:44 - [MESSAGE][PASSED] - Delayed 20 second(s)

2018-02-22 15:14:44 - [MESSAGE][PASSED] - Object: 'Object Repository/Endorsement_OR/btn_ADVANCE_FILTER' is clicked on

2018-02-22 15:14:48 - [MESSAGE][PASSED] - Delayed 4 second(s)

2018-02-22 15:14:48 - [MESSAGE][PASSED] - Text '821 S Veitch St, Arlington, VA 22204, USA' is set on object 'Object Repository/Endorsement_OR/txtfield_AdvanceFilter_PROPERTY_ADDRESS'

2018-02-22 15:15:03 - [MESSAGE][PASSED] - Delayed 15 second(s)

2018-02-22 15:15:03 - [MESSAGE][PASSED] - Object: 'Object Repository/Endorsement_OR/btn_APPLY_Advance_Filter' is clicked on

2018-02-22 15:15:21 - [MESSAGE][PASSED] - Delayed 18 second(s)

2018-02-22 15:15:22 - [MESSAGE][PASSED] - Text of object 'Object Repository/ENDORSEMENT_AGENT_OR/get_POLICYNUMBER' is: 'BCIHVA1800010'

2018-02-22 15:15:27 - [MESSAGE][PASSED] - Delayed 5 second(s)

2018-02-22 15:15:27 - [MESSAGE][PASSED] - Object: 'Object Repository/Endorsement_OR/btn_ENDORSEMENT_MENU' is clicked on

2018-02-22 15:15:30 - [MESSAGE][PASSED] - Delayed 3 second(s)

2018-02-22 15:15:30 - [MESSAGE][PASSED] - Object: 'Object Repository/Endorsement_OR/btn_YES_CONFIRMATION_ENDORSEMENT' is clicked on

2018-02-22 15:15:31 - [MESSAGE][PASSED] - Text 'BCIHVA1800010' is set on object 'Object Repository/Endorsement_OR/txtfield_POLICYNUMBER_FOR_ENDORSEMENT'

2018-02-22 15:15:37 - [MESSAGE][PASSED] - Delayed 6 second(s)

2018-02-22 15:15:37 - [MESSAGE][PASSED] - Object: 'Object Repository/Endorsement_OR/btn_SEARCH_FOR_ENDORSEMENT' is clicked on

2018-02-22 15:15:47 - [MESSAGE][PASSED] - Delayed 10 second(s)

2018-02-22 15:15:48 - [MESSAGE][PASSED] - Object: 'Object Repository/Endorsement_OR/btn_ENDORSE_UW' is clicked on

2018-02-22 15:15:54 - [MESSAGE][PASSED] - Delayed 6 second(s)

2018-02-22 15:15:54 - [MESSAGE][PASSED] - Object: 'Object Repository/Endorsement_OR/btn_EDIT_COVERAGE_UW' is clicked on

2018-02-22 15:15:58 - [MESSAGE][PASSED] - Delayed 4 second(s)

2018-02-22 15:15:58 - [MESSAGE][PASSED] - Object: 'Object Repository/ENDORSEMENT_AGENT_OR/drp_PERSONAL_PROPERTY' is clicked on

2018-02-22 15:16:01 - [MESSAGE][PASSED] - Delayed 3 second(s)

2018-02-22 15:16:01 - [MESSAGE][PASSED] - All options with value '35' are selected in object 'Object Repository/ENDORSEMENT_AGENT_OR/drp_PERSONAL_PROPERTY' 

2018-02-22 15:16:05 - [MESSAGE][PASSED] - Delayed 4 second(s)

2018-02-22 15:16:06 - [MESSAGE][PASSED] - Object: 'Object Repository/Endorsement_OR/btn_UPDATE_COVERAGE_UW' is clicked on

2018-02-22 15:16:06 - [MESSAGE][PASSED] - Browser is scrolled to position x = 0, y = 50

2018-02-22 15:16:06 - [MESSAGE][PASSED] - Object: 'Object Repository/ENDORSEMENT_AGENT_OR/btn_EDIT_CLAIM_Details' is clicked on

2018-02-22 15:16:10 - [MESSAGE][PASSED] - Delayed 4 second(s)

2018-02-22 15:16:10 - [MESSAGE][PASSED] - Object: 'Object Repository/ENDORSEMENT_AGENT_OR/drp_NUMOFCLAIMS' is clicked on

2018-02-22 15:16:14 - [MESSAGE][PASSED] - Delayed 4 second(s)

2018-02-22 15:16:14 - [MESSAGE][PASSED] - All options with value '1' are selected in object 'Object Repository/ENDORSEMENT_AGENT_OR/drp_NUMOFCLAIMS' 

2018-02-22 15:16:18 - [MESSAGE][PASSED] - Delayed 4 second(s)

2018-02-22 15:16:18 - [MESSAGE][PASSED] - Object: 'Object Repository/ENDORSEMENT_AGENT_OR/btn-UPDATE_NUMOFCLAIMS' is clicked on

2018-02-22 15:16:22 - [MESSAGE][PASSED] - Delayed 4 second(s)

2018-02-22 15:16:23 - [MESSAGE][PASSED] - Text '01/03/2017' is set on object 'Object Repository/ENDORSEMENT_AGENT_OR/txtfield-DATE_OF_LOSS_CLAIM'

2018-02-22 15:16:23 - [MESSAGE][PASSED] - Text '50000' is set on object 'Object Repository/ENDORSEMENT_AGENT_OR/txtfield-LOSSAMOUNT_CLAIM'

2018-02-22 15:16:23 - [MESSAGE][PASSED] - All options with value '2' are selected in object 'Object Repository/ENDORSEMENT_AGENT_OR/drp-TYPEOFINCIDENT' 

2018-02-22 15:16:27 - [MESSAGE][PASSED] - Delayed 4 second(s)

2018-02-22 15:16:27 - [MESSAGE][PASSED] - Browser is scrolled to position x = 0, y = 50

2018-02-22 15:16:27 - [MESSAGE][PASSED] - Object: 'Object Repository/ENDORSEMENT_AGENT_OR/btn-UPDATE_NUMOFCLAIMS' is clicked on

2018-02-22 15:16:35 - [MESSAGE][PASSED] - Delayed 8 second(s)

2018-02-22 15:16:36 - [MESSAGE][PASSED] - Object: 'Object Repository/Endorsement_OR/btn_RECALCULATE_UW' is clicked on

2018-02-22 15:16:39 - [MESSAGE][PASSED] - Delayed 3 second(s)

2018-02-22 15:16:39 - [MESSAGE][PASSED] - Text of object 'Object Repository/Generic_OR/get_INSURED_NAME' is: 'PhillipsBush Hussy Pattinsoin'

2018-02-22 15:16:39 - [MESSAGE][PASSED] - Attribute 'value' of object 'Object Repository/Generic_OR/hdnPolicyInfoId' is: '3227'

2018-02-22 15:16:39 - [MESSAGE][PASSED] - Object: 'Object Repository/ENDORSEMENT_AGENT_OR/btn_INSURED_SIGNATURE' is clicked on

2018-02-22 15:16:42 - [MESSAGE][PASSED] - Delayed 3 second(s)

2018-02-22 15:16:42 - [MESSAGE][PASSED] - Object: 'Object Repository/Application_OR/txtbx_INSURED_SIGNATURE' is clicked on

2018-02-22 15:16:44 - [MESSAGE][PASSED] - Delayed 2 second(s)

2018-02-22 15:16:44 - [MESSAGE][PASSED] - Text 'PhillipsBush Hussy Pattinsoin' is set on object 'Object Repository/Application_OR/txtbx_INSURED_SIGNATURE'

2018-02-22 15:16:46 - [MESSAGE][PASSED] - Delayed 2 second(s)

2018-02-22 15:16:47 - [MESSAGE][PASSED] - Object: 'Object Repository/Application_OR/btn_SUBMIT_INSURED_SIGNATURE' is clicked on

2018-02-22 15:16:47 - [MESSAGE][PASSED] - com.PPE.Endorsement_Agent.EndorsementByUW is PASSED

2018-02-22 15:16:47 - [TEST_STEP][PASSED] - Statement - otpQueryEND = "SELECT TOP 1 OtpGenerated FROM PPE_ApplicationForms_trn where PolicyInfoId = " + policyInfoId + " Order BY ModifiedDateTime DESC": null

2018-02-22 15:16:47 - [TEST_STEP][PASSED] - Statement - println("otpQuery" + " " + otpQueryEND): null

2018-02-22 15:16:47 - [TEST_STEP][PASSED] - com.PPE.Database_Connection.connectDB: com.PPE.Database_Connection.connectDB is PASSED

2018-02-22 15:16:48 - [MESSAGE][PASSED] - com.PPE.Database_Connection.connectDB is PASSED

2018-02-22 15:16:48 - [TEST_STEP][PASSED] - Statement - recordset1 = CustomKeywords.com.PPE.Database_Connection.executeQuery(otpQueryEND): com.PPE.Database_Connection.executeQuery is PASSED

2018-02-22 15:16:48 - [MESSAGE][PASSED] - com.PPE.Database_Connection.executeQuery is PASSED

2018-02-22 15:16:48 - [TEST_STEP][PASSED] - Statement - otpEndorsement = 0: null

2018-02-22 15:16:48 - [TEST_STEP][PASSED] - Statement - While (recordset1.next()): null

2018-02-22 15:16:48 - [TEST_STEP][PASSED] - Statement - otpEndorsement = recordset1.getObject("OtpGenerated"): null

2018-02-22 15:16:48 - [TEST_STEP][PASSED] - Statement - println("otp" + " " + otpEndorsement): null

2018-02-22 15:16:48 - [TEST_STEP][PASSED] - delay: Delayed 10 second(s)

2018-02-22 15:16:58 - [MESSAGE][PASSED] - Delayed 10 second(s)

2018-02-22 15:16:58 - [TEST_STEP][PASSED] - Statement - txtOtp = com.kms.katalon.core.testobject.ObjectRepository.findTestObject(Application_OR/txtfield-OTP): Finding Test Object with id 'Object Repository/Application_OR/txtfield-OTP'

2018-02-22 15:16:58 - [TEST_STEP][PASSED] - setText: Text '1792' is set on object 'Object Repository/Application_OR/txtfield-OTP'

2018-02-22 15:16:58 - [MESSAGE][PASSED] - Text '1792' is set on object 'Object Repository/Application_OR/txtfield-OTP'

2018-02-22 15:16:58 - [TEST_STEP][PASSED] - delay: Delayed 1 second(s)

2018-02-22 15:16:59 - [MESSAGE][PASSED] - Delayed 1 second(s)

2018-02-22 15:16:59 - [TEST_STEP][PASSED] - click: Object: 'Object Repository/Application_OR/btn_OTP_VERIFY' is clicked on

2018-02-22 15:16:59 - [MESSAGE][PASSED] - Object: 'Object Repository/Application_OR/btn_OTP_VERIFY' is clicked on

2018-02-22 15:16:59 - [TEST_STEP][PASSED] - delay: Delayed 5 second(s)

2018-02-22 15:17:04 - [MESSAGE][PASSED] - Delayed 5 second(s)

2018-02-22 15:17:04 - [TEST_STEP][PASSED] - click: Object: 'Object Repository/Application_OR/btn_SUBMIT_FOR_UW_APPROVAL' is clicked on

2018-02-22 15:17:04 - [MESSAGE][PASSED] - Object: 'Object Repository/Application_OR/btn_SUBMIT_FOR_UW_APPROVAL' is clicked on

2018-02-22 15:17:04 - [TEST_STEP][PASSED] - delay: Delayed 15 second(s)

2018-02-22 15:17:19 - [MESSAGE][PASSED] - Delayed 15 second(s)

2018-02-22 15:17:19 - [TEST_STEP][PASSED] - click: Object: 'Object Repository/Application_OR/btn_LOGOUT' is clicked on

2018-02-22 15:17:20 - [MESSAGE][PASSED] - Object: 'Object Repository/Application_OR/btn_LOGOUT' is clicked on

2018-02-22 15:17:20 - [TEST_STEP][PASSED] - delay: Delayed 10 second(s)

2018-02-22 15:17:30 - [MESSAGE][PASSED] - Delayed 10 second(s)]]></system-out>
         <system-err><![CDATA[]]></system-err>
      </testcase>
      <testcase name="Test Cases/Endorsement Approval/END Appproval" classname="Test Cases/Endorsement Approval/END Appproval" status="PASSED">
         <system-out><![CDATA[2018-02-22 15:17:30 - [TEST_CASE][PASSED] - Test Cases/Endorsement Approval/END Appproval: Test Cases/Endorsement Approval/END Appproval

2018-02-22 15:17:30 - [TEST_STEP][PASSED] - com.PPE.Endorsement_Approval.EndorsementApprovedUW: com.PPE.Endorsement_Approval.EndorsementApprovedUW is PASSED

2018-02-22 15:17:31 - [MESSAGE][PASSED] - Text 'ih.william' is set on object 'Object Repository/Quote_OR/txtfield_USERNAME'

2018-02-22 15:17:31 - [MESSAGE][PASSED] - Text '10#Hammer' is set on object 'Object Repository/Quote_OR/txtfield_PASSWORD'

2018-02-22 15:17:32 - [MESSAGE][PASSED] - Object: 'Object Repository/Quote_OR/btn-LOGIN' is clicked on

2018-02-22 15:17:37 - [MESSAGE][PASSED] - Delayed 5 second(s)

2018-02-22 15:17:57 - [MESSAGE][PASSED] - Delayed 20 second(s)

2018-02-22 15:17:59 - [MESSAGE][PASSED] - Object: 'btnViewApplication' is clicked on

2018-02-22 15:18:07 - [MESSAGE][PASSED] - Delayed 8 second(s)

2018-02-22 15:18:07 - [MESSAGE][PASSED] - Object: 'Object Repository/Endorsement_OR/btn_GENERATE_FORMS_UW' is clicked on

2018-02-22 15:18:11 - [MESSAGE][PASSED] - Delayed 4 second(s)

2018-02-22 15:18:11 - [MESSAGE][PASSED] - Object: 'Object Repository/Endorsement_OR/chkbx_HOMEOWNER_END_FORM' is clicked on

2018-02-22 15:18:15 - [MESSAGE][PASSED] - Delayed 4 second(s)

2018-02-22 15:18:15 - [MESSAGE][PASSED] - Object: 'Object Repository/Endorsement_OR/btn_APPROVE_ENDORSEMENT' is clicked on

2018-02-22 15:19:36 - [MESSAGE][PASSED] - Delayed 80 second(s)

2018-02-22 15:19:36 - [MESSAGE][PASSED] - com.PPE.Endorsement_Approval.EndorsementApprovedUW is PASSED]]></system-out>
         <system-err><![CDATA[]]></system-err>
      </testcase>
      <testcase name="Test Cases/UW Cancellation/UW CAN" classname="Test Cases/UW Cancellation/UW CAN" status="FAILED">
         <failure type="FAILED" message="Unable to click on object 'Object Repository/CANCELLATION_BY_UW/btn_APPROVE_CANCELLATION' (Root cause: com.kms.katalon.core.webui.exception.WebElementNotFoundException: Web element with id: 'Object Repository/CANCELLATION_BY_UW/btn_APPROVE_CANCELLATION' located by 'By.xpath: //*[@id=&quot;btnSubmitForApproval&quot;]' not found)"/>
         <system-out><![CDATA[2018-02-22 15:19:36 - [TEST_CASE][FAILED] - Test Cases/UW Cancellation/UW CAN: Test Cases/UW Cancellation/UW CAN FAILED because (of) Unable to click on object 'Object Repository/CANCELLATION_BY_UW/btn_APPROVE_CANCELLATION' (Root cause: com.kms.katalon.core.webui.exception.WebElementNotFoundException: Web element with id: 'Object Repository/CANCELLATION_BY_UW/btn_APPROVE_CANCELLATION' located by 'By.xpath: //*[@id="btnSubmitForApproval"]' not found)

2018-02-22 15:19:36 - [TEST_STEP][FAILED] - com.PPE.Cancellation_UW.CancellationByUW: Unable to click on object 'Object Repository/CANCELLATION_BY_UW/btn_APPROVE_CANCELLATION' (Root cause: com.kms.katalon.core.webui.exception.WebElementNotFoundException: Web element with id: 'Object Repository/CANCELLATION_BY_UW/btn_APPROVE_CANCELLATION' located by 'By.xpath: //*[@id="btnSubmitForApproval"]' not found)

2018-02-22 15:19:36 - [MESSAGE][PASSED] - Text of object 'Object Repository/Endorsement_OR/get_POLICYNUMBER' is: 'BCIHVA1800010'

2018-02-22 15:19:40 - [MESSAGE][PASSED] - Delayed 4 second(s)

2018-02-22 15:19:40 - [MESSAGE][PASSED] - Object: 'Object Repository/CANCELLATION_BY_UW/menu_CANCELLATION' is clicked on

2018-02-22 15:19:44 - [MESSAGE][PASSED] - Delayed 4 second(s)

2018-02-22 15:19:45 - [MESSAGE][PASSED] - Object: 'Object Repository/Endorsement_OR/btn_YES_CONFIRMATION_ENDORSEMENT' is clicked on

2018-02-22 15:19:51 - [MESSAGE][PASSED] - Delayed 6 second(s)

2018-02-22 15:19:52 - [MESSAGE][PASSED] - Text 'BCIHVA1800010' is set on object 'Object Repository/Endorsement_OR/txtfield_POLICYNUMBER_FOR_ENDORSEMENT'

2018-02-22 15:19:58 - [MESSAGE][PASSED] - Delayed 6 second(s)

2018-02-22 15:19:58 - [MESSAGE][PASSED] - Object: 'Object Repository/Endorsement_OR/btn_SEARCH_FOR_ENDORSEMENT' is clicked on

2018-02-22 15:20:08 - [MESSAGE][PASSED] - Delayed 10 second(s)

2018-02-22 15:20:08 - [MESSAGE][PASSED] - Object: 'Object Repository/CANCELLATION_BY_UW/btn_CANCEL_POLICY' is clicked on

2018-02-22 15:20:14 - [MESSAGE][PASSED] - Delayed 6 second(s)

2018-02-22 15:20:20 - [MESSAGE][PASSED] - Delayed 6 second(s)

2018-02-22 15:20:20 - [MESSAGE][PASSED] - Object: 'Object Repository/CANCELLATION_BY_UW/txtfield_CANCELLATION_EFFECTIVE_DATE' is clicked on

2018-02-22 15:20:23 - [MESSAGE][PASSED] - Delayed 3 second(s)

2018-02-22 15:20:23 - [MESSAGE][PASSED] - Text 'Thu Mar 22 15:20:14 IST 2018' is set on object 'Object Repository/CANCELLATION_BY_UW/txtfield_CANCELLATION_EFFECTIVE_DATE'

2018-02-22 15:20:28 - [MESSAGE][PASSED] - Delayed 5 second(s)

2018-02-22 15:20:28 - [MESSAGE][PASSED] - Object: 'Object Repository/CANCELLATION_BY_UW/btn_SUBMIT_CANCELLATION' is clicked on

2018-02-22 15:20:43 - [MESSAGE][PASSED] - Delayed 15 second(s)

2018-02-22 15:21:15 - [MESSAGE][FAILED] - Unable to click on object 'Object Repository/CANCELLATION_BY_UW/btn_APPROVE_CANCELLATION' (Root cause: com.kms.katalon.core.webui.exception.WebElementNotFoundException: Web element with id: 'Object Repository/CANCELLATION_BY_UW/btn_APPROVE_CANCELLATION' located by 'By.xpath: //*[@id="btnSubmitForApproval"]' not found)
[[ATTACHMENT|D:\\Katalon_Practice_Workspace\\Katalon_PPE_GANESH\\Reports\\PPE\\20180222_150104\\1519293074968.png]]

2018-02-22 15:21:15 - [MESSAGE][FAILED] - Unable to click on object 'Object Repository/CANCELLATION_BY_UW/btn_APPROVE_CANCELLATION' (Root cause: com.kms.katalon.core.webui.exception.WebElementNotFoundException: Web element with id: 'Object Repository/CANCELLATION_BY_UW/btn_APPROVE_CANCELLATION' located by 'By.xpath: //*[@id="btnSubmitForApproval"]' not found)]]></system-out>
         <system-err><![CDATA[2018-02-22 15:19:36 - [TEST_CASE][FAILED] - Test Cases/UW Cancellation/UW CAN: Test Cases/UW Cancellation/UW CAN FAILED because (of) Unable to click on object 'Object Repository/CANCELLATION_BY_UW/btn_APPROVE_CANCELLATION' (Root cause: com.kms.katalon.core.webui.exception.WebElementNotFoundException: Web element with id: 'Object Repository/CANCELLATION_BY_UW/btn_APPROVE_CANCELLATION' located by 'By.xpath: //*[@id="btnSubmitForApproval"]' not found)]]></system-err>
      </testcase>
      <system-out><![CDATA[2018-02-22 15:01:05 - [TEST_SUITE][FAILED] - PPE: Test Cases/UW Cancellation/UW CAN FAILED because (of) Unable to click on object 'Object Repository/CANCELLATION_BY_UW/btn_APPROVE_CANCELLATION' (Root cause: com.kms.katalon.core.webui.exception.WebElementNotFoundException: Web element with id: 'Object Repository/CANCELLATION_BY_UW/btn_APPROVE_CANCELLATION' located by 'By.xpath: //*[@id="btnSubmitForApproval"]' not found)]]></system-out>
      <system-err><![CDATA[2018-02-22 15:01:05 - [TEST_SUITE][FAILED] - PPE: Test Cases/UW Cancellation/UW CAN FAILED because (of) Unable to click on object 'Object Repository/CANCELLATION_BY_UW/btn_APPROVE_CANCELLATION' (Root cause: com.kms.katalon.core.webui.exception.WebElementNotFoundException: Web element with id: 'Object Repository/CANCELLATION_BY_UW/btn_APPROVE_CANCELLATION' located by 'By.xpath: //*[@id="btnSubmitForApproval"]' not found)]]></system-err>
   </testsuite>
</testsuites>
