<?xml version="1.0" encoding="UTF-8"?>
<testsuites name="PPE" time="1261" tests="5" failures="1" errors="0">
   <testsuite name="PPE" tests="5" failures="1" errors="0" time="1261" timestamp="2018-01-30 15:11:59" hostname="gsalunkhe - CTS-QUA-4.cogitate.india" id="Test Suites/PPE">
      <properties>
         <property name="deviceName" value=""/>
         <property name="devicePlatform" value=""/>
         <property name="logFolder" value="D:\\Katalon_Practice_Workspace\\Katalon_Mitendra\\Reports\\PPE\\20180130_151157"/>
         <property name="logFiles" value="D:\\Katalon_Practice_Workspace\\Katalon_Mitendra\\Reports\\PPE\\20180130_151157\\execution0.log"/>
         <property name="attachments" value="D:\\Katalon_Practice_Workspace\\Katalon_Mitendra\\Reports\\PPE\\20180130_151157\\1517306578575.png"/>
         <property name="hostName" value="gsalunkhe - CTS-QUA-4.cogitate.india"/>
         <property name="os" value="Windows 7 64bit"/>
         <property name="katalonVersion" value="5.0.1.1"/>
         <property name="browser" value="Chrome 63.0.3239.132"/>
         <property name="hostAddress" value="192.168.0.4"/>
         <property name="sessionId" value="0e41f08b1c1fcdf0de4c49e0e7b542e0"/>
         <property name="seleniumVersion" value="2.53.0"/>
         <property name="proxyInformation" value="ProxyInformation{proxyOption=NO_PROXY, proxyServerType=HTTP, password=, proxyServerAddress=, proxyServerPort=0}"/>
         <property name="platform" value="Windows 7"/>
      </properties>
      <testcase name="Test Cases/QUOTE_CREATION" classname="Test Cases/QUOTE_CREATION" status="PASSED">
         <system-out><![CDATA[2018-01-30 15:11:59 - [TEST_CASE][PASSED] - Test Cases/QUOTE_CREATION: Test Cases/QUOTE_CREATION

2018-01-30 15:12:00 - [TEST_STEP][PASSED] - openBrowser: Browser is opened with url: 'http://13.90.102.191:8066'

2018-01-30 15:12:08 - [MESSAGE][PASSED] - Browser is opened with url: 'http://13.90.102.191:8066'

2018-01-30 15:12:08 - [TEST_STEP][PASSED] - maximizeWindow: Current window maximized

2018-01-30 15:12:10 - [MESSAGE][PASSED] - Current window maximized

2018-01-30 15:12:10 - [TEST_STEP][PASSED] - setText: Text 'ih.chelms' is set on object 'Object Repository/Quote_OR/txtfield_USERNAME'

2018-01-30 15:12:10 - [MESSAGE][PASSED] - Text 'ih.chelms' is set on object 'Object Repository/Quote_OR/txtfield_USERNAME'

2018-01-30 15:12:10 - [TEST_STEP][PASSED] - setText: Text '10#Hammer' is set on object 'Object Repository/Quote_OR/txtfield_PASSWORD'

2018-01-30 15:12:10 - [MESSAGE][PASSED] - Text '10#Hammer' is set on object 'Object Repository/Quote_OR/txtfield_PASSWORD'

2018-01-30 15:12:10 - [TEST_STEP][PASSED] - click: Object: 'Object Repository/Quote_OR/btn-LOGIN' is clicked on

2018-01-30 15:12:21 - [MESSAGE][PASSED] - Object: 'Object Repository/Quote_OR/btn-LOGIN' is clicked on

2018-01-30 15:12:21 - [TEST_STEP][PASSED] - setText: Text '4960 Bradley Pl Macon, GA 31204 USA' is set on object 'Object Repository/Quote_OR/txtfield_ADDRESS_ON_LANDING_PAGE'

2018-01-30 15:12:21 - [MESSAGE][PASSED] - Text '4960 Bradley Pl Macon, GA 31204 USA' is set on object 'Object Repository/Quote_OR/txtfield_ADDRESS_ON_LANDING_PAGE'

2018-01-30 15:12:21 - [TEST_STEP][PASSED] - click: Object: 'Object Repository/Quote_OR/btn_SEARCH_ADDRESS' is clicked on

2018-01-30 15:12:38 - [MESSAGE][PASSED] - Object: 'Object Repository/Quote_OR/btn_SEARCH_ADDRESS' is clicked on

2018-01-30 15:12:38 - [TEST_STEP][PASSED] - waitForPageLoad: Wait for page load successfully

2018-01-30 15:12:38 - [MESSAGE][PASSED] - Wait for page load successfully

2018-01-30 15:12:38 - [TEST_STEP][PASSED] - selectOptionByIndex: All options with index in [1] are selected on object 'Object Repository/Quote_OR/drp_PROPERTY_TYPE'

2018-01-30 15:12:38 - [MESSAGE][PASSED] - All options with index in [1] are selected on object 'Object Repository/Quote_OR/drp_PROPERTY_TYPE'

2018-01-30 15:12:38 - [TEST_STEP][PASSED] - setText: Text '' is set on object 'Object Repository/Quote_OR/txtfield_HOME_VALUATION'

2018-01-30 15:12:38 - [MESSAGE][PASSED] - Text '' is set on object 'Object Repository/Quote_OR/txtfield_HOME_VALUATION'

2018-01-30 15:12:38 - [TEST_STEP][PASSED] - selectOptionByIndex: All options with index in [2] are selected on object 'Object Repository/Quote_OR/drp_CONSTRUCTION_TYPE'

2018-01-30 15:12:39 - [MESSAGE][PASSED] - All options with index in [2] are selected on object 'Object Repository/Quote_OR/drp_CONSTRUCTION_TYPE'

2018-01-30 15:12:39 - [TEST_STEP][PASSED] - setText: Text '100000' is set on object 'Object Repository/Quote_OR/txtfield_HOME_VALUATION'

2018-01-30 15:12:39 - [MESSAGE][PASSED] - Text '100000' is set on object 'Object Repository/Quote_OR/txtfield_HOME_VALUATION'

2018-01-30 15:12:39 - [TEST_STEP][PASSED] - delay: Delayed 2 second(s)

2018-01-30 15:12:41 - [MESSAGE][PASSED] - Delayed 2 second(s)

2018-01-30 15:12:41 - [TEST_STEP][PASSED] - setText: Text '' is set on object 'Object Repository/Quote_OR/txtbx_YEARHOMEBUILD'

2018-01-30 15:12:41 - [MESSAGE][PASSED] - Text '' is set on object 'Object Repository/Quote_OR/txtbx_YEARHOMEBUILD'

2018-01-30 15:12:41 - [TEST_STEP][PASSED] - setText: Text '1968' is set on object 'Object Repository/Quote_OR/txtbx_YEARHOMEBUILD'

2018-01-30 15:12:41 - [MESSAGE][PASSED] - Text '1968' is set on object 'Object Repository/Quote_OR/txtbx_YEARHOMEBUILD'

2018-01-30 15:12:41 - [TEST_STEP][PASSED] - click: Object: 'Object Repository/Quote_OR/btn_GETQUOTE' is clicked on

2018-01-30 15:12:41 - [MESSAGE][PASSED] - Object: 'Object Repository/Quote_OR/btn_GETQUOTE' is clicked on

2018-01-30 15:12:41 - [TEST_STEP][PASSED] - delay: Delayed 1 second(s)

2018-01-30 15:12:42 - [MESSAGE][PASSED] - Delayed 1 second(s)

2018-01-30 15:12:42 - [TEST_STEP][PASSED] - click: Object: 'Object Repository/Quote_OR/btn_SENDQUOTE' is clicked on

2018-01-30 15:12:55 - [MESSAGE][PASSED] - Object: 'Object Repository/Quote_OR/btn_SENDQUOTE' is clicked on

2018-01-30 15:12:55 - [TEST_STEP][PASSED] - delay: Delayed 1 second(s)

2018-01-30 15:12:56 - [MESSAGE][PASSED] - Delayed 1 second(s)

2018-01-30 15:12:56 - [TEST_STEP][PASSED] - setText: Text 'Ganesh' is set on object 'Object Repository/Quote_OR/txtfield_SENDQUOTE_FIRSTNAME'

2018-01-30 15:12:57 - [MESSAGE][PASSED] - Text 'Ganesh' is set on object 'Object Repository/Quote_OR/txtfield_SENDQUOTE_FIRSTNAME'

2018-01-30 15:12:57 - [TEST_STEP][PASSED] - setText: Text 'Salunkhe' is set on object 'Object Repository/Quote_OR/txtfield_SENDQUOTE_LASTNAME'

2018-01-30 15:12:57 - [MESSAGE][PASSED] - Text 'Salunkhe' is set on object 'Object Repository/Quote_OR/txtfield_SENDQUOTE_LASTNAME'

2018-01-30 15:12:57 - [TEST_STEP][PASSED] - delay: Delayed 5 second(s)

2018-01-30 15:13:02 - [MESSAGE][PASSED] - Delayed 5 second(s)

2018-01-30 15:13:02 - [TEST_STEP][PASSED] - setText: Text '9768180080' is set on object 'Object Repository/Quote_OR/txtfield_SENDQUOTE_CONTACTNUMBER'

2018-01-30 15:13:02 - [MESSAGE][PASSED] - Text '9768180080' is set on object 'Object Repository/Quote_OR/txtfield_SENDQUOTE_CONTACTNUMBER'

2018-01-30 15:13:02 - [TEST_STEP][PASSED] - delay: Delayed 5 second(s)

2018-01-30 15:13:07 - [MESSAGE][PASSED] - Delayed 5 second(s)

2018-01-30 15:13:07 - [TEST_STEP][PASSED] - setText: Text 'gsalunkhe@cogitate.us' is set on object 'Object Repository/Quote_OR/txtfield_SENDQUOTE_EMAIL'

2018-01-30 15:13:07 - [MESSAGE][PASSED] - Text 'gsalunkhe@cogitate.us' is set on object 'Object Repository/Quote_OR/txtfield_SENDQUOTE_EMAIL'

2018-01-30 15:13:07 - [TEST_STEP][PASSED] - delay: Delayed 10 second(s)

2018-01-30 15:13:17 - [MESSAGE][PASSED] - Delayed 10 second(s)

2018-01-30 15:13:17 - [TEST_STEP][PASSED] - click: Object: 'Object Repository/Quote_OR/btn_SEND_QUOTE_DETAILS' is clicked on

2018-01-30 15:13:18 - [MESSAGE][PASSED] - Object: 'Object Repository/Quote_OR/btn_SEND_QUOTE_DETAILS' is clicked on

2018-01-30 15:13:18 - [TEST_STEP][PASSED] - delay: Delayed 4 second(s)

2018-01-30 15:13:22 - [MESSAGE][PASSED] - Delayed 4 second(s)

2018-01-30 15:13:22 - [TEST_STEP][PASSED] - selectOptionByIndex: All options with index in [1] are selected on object 'Object Repository/Quote_OR/drp_CONSTRUCTION_TYPE'

2018-01-30 15:13:22 - [MESSAGE][PASSED] - All options with index in [1] are selected on object 'Object Repository/Quote_OR/drp_CONSTRUCTION_TYPE'

2018-01-30 15:13:22 - [TEST_STEP][PASSED] - delay: Delayed 8 second(s)

2018-01-30 15:13:30 - [MESSAGE][PASSED] - Delayed 8 second(s)

2018-01-30 15:13:30 - [TEST_STEP][PASSED] - click: Object: 'Object Repository/Quote_OR/btn_RECALCULATE_PREMIUM' is clicked on

2018-01-30 15:13:30 - [MESSAGE][PASSED] - Object: 'Object Repository/Quote_OR/btn_RECALCULATE_PREMIUM' is clicked on]]></system-out>
         <system-err><![CDATA[]]></system-err>
      </testcase>
      <testcase name="Test Cases/APPLICATION_CREATION" classname="Test Cases/APPLICATION_CREATION" status="PASSED">
         <system-out><![CDATA[2018-01-30 15:13:30 - [TEST_CASE][PASSED] - Test Cases/APPLICATION_CREATION: Test Cases/APPLICATION_CREATION

2018-01-30 15:13:30 - [TEST_STEP][PASSED] - setText: Text '4920 Nisbet Dr Macon, GA 31206 USA' is set on object 'Object Repository/Application_OR/txtfield_ADDRESS_ON_QUOTE_PAGE'

2018-01-30 15:13:31 - [MESSAGE][PASSED] - Text '4920 Nisbet Dr Macon, GA 31206 USA' is set on object 'Object Repository/Application_OR/txtfield_ADDRESS_ON_QUOTE_PAGE'

2018-01-30 15:13:31 - [TEST_STEP][PASSED] - delay: Delayed 4 second(s)

2018-01-30 15:13:35 - [MESSAGE][PASSED] - Delayed 4 second(s)

2018-01-30 15:13:35 - [TEST_STEP][PASSED] - click: Object: 'Object Repository/Application_OR/btn_SEARCH_ADDRESS_QUOTE_PAGE' is clicked on

2018-01-30 15:14:34 - [MESSAGE][PASSED] - Object: 'Object Repository/Application_OR/btn_SEARCH_ADDRESS_QUOTE_PAGE' is clicked on

2018-01-30 15:14:34 - [TEST_STEP][PASSED] - delay: Delayed 3 second(s)

2018-01-30 15:14:37 - [MESSAGE][PASSED] - Delayed 3 second(s)

2018-01-30 15:14:37 - [TEST_STEP][PASSED] - Statement - Address = com.kms.katalon.core.testobject.ObjectRepository.findTestObject(Endorsement_OR/get_Address): Finding Test Object with id 'Object Repository/Endorsement_OR/get_Address'

2018-01-30 15:14:37 - [TEST_STEP][PASSED] - Statement - propertyaddress = com.kms.katalon.core.webui.keyword.WebUiBuiltInKeywords.getAttribute(Address, "value"): Attribute 'value' of object 'Object Repository/Endorsement_OR/get_Address' is: '4920 Nisbet Dr, Macon, GA 31206, USA'

2018-01-30 15:14:37 - [MESSAGE][PASSED] - Attribute 'value' of object 'Object Repository/Endorsement_OR/get_Address' is: '4920 Nisbet Dr, Macon, GA 31206, USA'

2018-01-30 15:14:37 - [TEST_STEP][PASSED] - Statement - println(propertyaddress): null

2018-01-30 15:14:37 - [TEST_STEP][PASSED] - Statement - propertyaddress = propertyaddress: null

2018-01-30 15:14:37 - [TEST_STEP][PASSED] - selectOptionByIndex: All options with index in [1] are selected on object 'Object Repository/Quote_OR/drp_PROPERTY_TYPE'

2018-01-30 15:14:38 - [MESSAGE][PASSED] - All options with index in [1] are selected on object 'Object Repository/Quote_OR/drp_PROPERTY_TYPE'

2018-01-30 15:14:38 - [TEST_STEP][PASSED] - setText: Text '' is set on object 'Object Repository/Quote_OR/txtbx_YEARHOMEBUILD'

2018-01-30 15:14:38 - [MESSAGE][PASSED] - Text '' is set on object 'Object Repository/Quote_OR/txtbx_YEARHOMEBUILD'

2018-01-30 15:14:38 - [TEST_STEP][PASSED] - setText: Text '2000' is set on object 'Object Repository/Quote_OR/txtbx_YEARHOMEBUILD'

2018-01-30 15:14:38 - [MESSAGE][PASSED] - Text '2000' is set on object 'Object Repository/Quote_OR/txtbx_YEARHOMEBUILD'

2018-01-30 15:14:38 - [TEST_STEP][PASSED] - selectOptionByIndex: All options with index in [2] are selected on object 'Object Repository/Quote_OR/drp_CONSTRUCTION_TYPE'

2018-01-30 15:14:38 - [MESSAGE][PASSED] - All options with index in [2] are selected on object 'Object Repository/Quote_OR/drp_CONSTRUCTION_TYPE'

2018-01-30 15:14:38 - [TEST_STEP][PASSED] - setText: Text '' is set on object 'Object Repository/Quote_OR/txtfield_HOME_VALUATION'

2018-01-30 15:14:38 - [MESSAGE][PASSED] - Text '' is set on object 'Object Repository/Quote_OR/txtfield_HOME_VALUATION'

2018-01-30 15:14:38 - [TEST_STEP][PASSED] - setText: Text '100000' is set on object 'Object Repository/Quote_OR/txtfield_HOME_VALUATION'

2018-01-30 15:14:38 - [MESSAGE][PASSED] - Text '100000' is set on object 'Object Repository/Quote_OR/txtfield_HOME_VALUATION'

2018-01-30 15:14:38 - [TEST_STEP][PASSED] - click: Object: 'Object Repository/Quote_OR/btn_GETQUOTE' is clicked on

2018-01-30 15:14:43 - [MESSAGE][PASSED] - Object: 'Object Repository/Quote_OR/btn_GETQUOTE' is clicked on

2018-01-30 15:14:43 - [TEST_STEP][PASSED] - delay: Delayed 4 second(s)

2018-01-30 15:14:47 - [MESSAGE][PASSED] - Delayed 4 second(s)

2018-01-30 15:14:47 - [TEST_STEP][PASSED] - click: Object: 'Object Repository/Application_OR/btn_TOAPPLICATION' is clicked on

2018-01-30 15:15:01 - [MESSAGE][PASSED] - Object: 'Object Repository/Application_OR/btn_TOAPPLICATION' is clicked on

2018-01-30 15:15:01 - [TEST_STEP][PASSED] - delay: Delayed 10 second(s)

2018-01-30 15:15:11 - [MESSAGE][PASSED] - Delayed 10 second(s)

2018-01-30 15:15:11 - [TEST_STEP][PASSED] - click: Object: 'Object Repository/Application_OR/btn_CONTINUE_UW_QUESTIONS' is clicked on

2018-01-30 15:15:11 - [MESSAGE][PASSED] - Object: 'Object Repository/Application_OR/btn_CONTINUE_UW_QUESTIONS' is clicked on

2018-01-30 15:15:11 - [TEST_STEP][PASSED] - delay: Delayed 10 second(s)

2018-01-30 15:15:21 - [MESSAGE][PASSED] - Delayed 10 second(s)

2018-01-30 15:15:21 - [TEST_STEP][PASSED] - delay: Delayed 3 second(s)

2018-01-30 15:15:24 - [MESSAGE][PASSED] - Delayed 3 second(s)

2018-01-30 15:15:24 - [TEST_STEP][PASSED] - click: Object: 'Object Repository/Application_OR/txtfield_INSURED_FIRSTNAME' is clicked on

2018-01-30 15:15:25 - [MESSAGE][PASSED] - Object: 'Object Repository/Application_OR/txtfield_INSURED_FIRSTNAME' is clicked on

2018-01-30 15:15:25 - [TEST_STEP][PASSED] - setText: Text 'Smith' is set on object 'Object Repository/Application_OR/txtfield_INSURED_FIRSTNAME'

2018-01-30 15:15:25 - [MESSAGE][PASSED] - Text 'Smith' is set on object 'Object Repository/Application_OR/txtfield_INSURED_FIRSTNAME'

2018-01-30 15:15:25 - [TEST_STEP][PASSED] - setText: Text 'Racher' is set on object 'Object Repository/Application_OR/txtfield_INSURED_MIDDLENAME'

2018-01-30 15:15:25 - [MESSAGE][PASSED] - Text 'Racher' is set on object 'Object Repository/Application_OR/txtfield_INSURED_MIDDLENAME'

2018-01-30 15:15:25 - [TEST_STEP][PASSED] - setText: Text 'Lastin' is set on object 'Object Repository/Application_OR/txtfield_INSURED_LASTNAME'

2018-01-30 15:15:25 - [MESSAGE][PASSED] - Text 'Lastin' is set on object 'Object Repository/Application_OR/txtfield_INSURED_LASTNAME'

2018-01-30 15:15:25 - [TEST_STEP][PASSED] - setText: Text '09/10/1999' is set on object 'Object Repository/Application_OR/txtfield_INSURED_DOB'

2018-01-30 15:15:25 - [MESSAGE][PASSED] - Text '09/10/1999' is set on object 'Object Repository/Application_OR/txtfield_INSURED_DOB'

2018-01-30 15:15:25 - [TEST_STEP][PASSED] - delay: Delayed 5 second(s)

2018-01-30 15:15:30 - [MESSAGE][PASSED] - Delayed 5 second(s)

2018-01-30 15:15:30 - [TEST_STEP][PASSED] - setText: Text 'gsalunkhe@cogitate.us' is set on object 'Object Repository/Application_OR/txtfield_INSURED_EMAIL'

2018-01-30 15:15:31 - [MESSAGE][PASSED] - Text 'gsalunkhe@cogitate.us' is set on object 'Object Repository/Application_OR/txtfield_INSURED_EMAIL'

2018-01-30 15:15:31 - [TEST_STEP][PASSED] - delay: Delayed 5 second(s)

2018-01-30 15:15:36 - [MESSAGE][PASSED] - Delayed 5 second(s)

2018-01-30 15:15:36 - [TEST_STEP][PASSED] - setText: Text '9768180080' is set on object 'Object Repository/Application_OR/txtfield_INSURED_CONTACTNUMBER'

2018-01-30 15:15:36 - [MESSAGE][PASSED] - Text '9768180080' is set on object 'Object Repository/Application_OR/txtfield_INSURED_CONTACTNUMBER'

2018-01-30 15:15:36 - [TEST_STEP][PASSED] - delay: Delayed 5 second(s)

2018-01-30 15:15:41 - [MESSAGE][PASSED] - Delayed 5 second(s)

2018-01-30 15:15:41 - [TEST_STEP][PASSED] - Statement - hdnPolicyInfoId = com.kms.katalon.core.testobject.ObjectRepository.findTestObject(Generic_OR/hdnPolicyInfoId): Finding Test Object with id 'Object Repository/Generic_OR/hdnPolicyInfoId'

2018-01-30 15:15:41 - [TEST_STEP][PASSED] - Statement - policyInfoid = com.kms.katalon.core.webui.keyword.WebUiBuiltInKeywords.getAttribute(hdnPolicyInfoId, "value"): Attribute 'value' of object 'Object Repository/Generic_OR/hdnPolicyInfoId' is: '3556'

2018-01-30 15:15:41 - [MESSAGE][PASSED] - Attribute 'value' of object 'Object Repository/Generic_OR/hdnPolicyInfoId' is: '3556'

2018-01-30 15:15:41 - [TEST_STEP][PASSED] - Statement - policyInfoId = policyInfoid: null

2018-01-30 15:15:41 - [TEST_STEP][PASSED] - click: Object: 'Object Repository/Application_OR/btn_POLICYHOLDER_SAVEANDCONTINUE' is clicked on

2018-01-30 15:15:46 - [MESSAGE][PASSED] - Object: 'Object Repository/Application_OR/btn_POLICYHOLDER_SAVEANDCONTINUE' is clicked on

2018-01-30 15:15:46 - [TEST_STEP][PASSED] - delay: Delayed 1 second(s)

2018-01-30 15:15:47 - [MESSAGE][PASSED] - Delayed 1 second(s)

2018-01-30 15:15:47 - [TEST_STEP][PASSED] - click: Object: 'Object Repository/Application_OR/drp_ROOFTYPE_PROPERTYPAGE' is clicked on

2018-01-30 15:15:55 - [MESSAGE][PASSED] - Object: 'Object Repository/Application_OR/drp_ROOFTYPE_PROPERTYPAGE' is clicked on

2018-01-30 15:15:55 - [TEST_STEP][PASSED] - delay: Delayed 3 second(s)

2018-01-30 15:15:58 - [MESSAGE][PASSED] - Delayed 3 second(s)

2018-01-30 15:15:58 - [TEST_STEP][PASSED] - selectOptionByIndex: All options with index in [1] are selected on object 'Object Repository/Application_OR/drp_ROOFTYPE_PROPERTYPAGE'

2018-01-30 15:15:58 - [MESSAGE][PASSED] - All options with index in [1] are selected on object 'Object Repository/Application_OR/drp_ROOFTYPE_PROPERTYPAGE'

2018-01-30 15:15:58 - [TEST_STEP][PASSED] - delay: Delayed 2 second(s)

2018-01-30 15:16:00 - [MESSAGE][PASSED] - Delayed 2 second(s)

2018-01-30 15:16:00 - [TEST_STEP][PASSED] - selectOptionByIndex: All options with index in [3] are selected on object 'Object Repository/Application_OR/drp_FOUNDATIONTYPE_PROPERTYPAGE'

2018-01-30 15:16:01 - [MESSAGE][PASSED] - All options with index in [3] are selected on object 'Object Repository/Application_OR/drp_FOUNDATIONTYPE_PROPERTYPAGE'

2018-01-30 15:16:01 - [TEST_STEP][PASSED] - delay: Delayed 2 second(s)

2018-01-30 15:16:03 - [MESSAGE][PASSED] - Delayed 2 second(s)

2018-01-30 15:16:03 - [TEST_STEP][PASSED] - selectOptionByIndex: All options with index in [7] are selected on object 'Object Repository/Application_OR/drp_HEATINGTYPE_PROPERTYPAGE'

2018-01-30 15:16:03 - [MESSAGE][PASSED] - All options with index in [7] are selected on object 'Object Repository/Application_OR/drp_HEATINGTYPE_PROPERTYPAGE'

2018-01-30 15:16:03 - [TEST_STEP][PASSED] - delay: Delayed 5 second(s)

2018-01-30 15:16:08 - [MESSAGE][PASSED] - Delayed 5 second(s)

2018-01-30 15:16:08 - [TEST_STEP][PASSED] - click: Object: 'Object Repository/Application_OR/btn_OCCUPANYPAGE_SAVEANDCONTINUE' is clicked on

2018-01-30 15:16:14 - [MESSAGE][PASSED] - Object: 'Object Repository/Application_OR/btn_OCCUPANYPAGE_SAVEANDCONTINUE' is clicked on

2018-01-30 15:16:14 - [TEST_STEP][PASSED] - delay: Delayed 4 second(s)

2018-01-30 15:16:18 - [MESSAGE][PASSED] - Delayed 4 second(s)

2018-01-30 15:16:18 - [TEST_STEP][PASSED] - click: Object: 'Object Repository/Application_OR/btn_YES_ROOFAGE_POPUP' is clicked on

2018-01-30 15:16:23 - [MESSAGE][PASSED] - Object: 'Object Repository/Application_OR/btn_YES_ROOFAGE_POPUP' is clicked on

2018-01-30 15:16:23 - [TEST_STEP][PASSED] - delay: Delayed 4 second(s)

2018-01-30 15:16:27 - [MESSAGE][PASSED] - Delayed 4 second(s)

2018-01-30 15:16:27 - [TEST_STEP][PASSED] - click: Object: 'Object Repository/Application_OR/btn_YES_ELECTRICALAGE_POPUP' is clicked on

2018-01-30 15:16:32 - [MESSAGE][PASSED] - Object: 'Object Repository/Application_OR/btn_YES_ELECTRICALAGE_POPUP' is clicked on

2018-01-30 15:16:32 - [TEST_STEP][PASSED] - delay: Delayed 4 second(s)

2018-01-30 15:16:36 - [MESSAGE][PASSED] - Delayed 4 second(s)

2018-01-30 15:16:36 - [TEST_STEP][PASSED] - click: Object: 'Object Repository/Application_OR/btn_YES_ELECTRICALAGE_POPUP' is clicked on

2018-01-30 15:16:41 - [MESSAGE][PASSED] - Object: 'Object Repository/Application_OR/btn_YES_ELECTRICALAGE_POPUP' is clicked on

2018-01-30 15:16:41 - [TEST_STEP][PASSED] - delay: Delayed 5 second(s)

2018-01-30 15:16:46 - [MESSAGE][PASSED] - Delayed 5 second(s)

2018-01-30 15:16:46 - [TEST_STEP][PASSED] - click: Object: 'Object Repository/Application_OR/btn_OCCUPANYPAGE_SAVEANDCONTINUE' is clicked on

2018-01-30 15:16:52 - [MESSAGE][PASSED] - Object: 'Object Repository/Application_OR/btn_OCCUPANYPAGE_SAVEANDCONTINUE' is clicked on

2018-01-30 15:16:52 - [TEST_STEP][PASSED] - delay: Delayed 5 second(s)

2018-01-30 15:16:57 - [MESSAGE][PASSED] - Delayed 5 second(s)

2018-01-30 15:16:57 - [TEST_STEP][PASSED] - check: Object 'Object Repository/Application_OR/chkbx_AGREEMENT' is checked

2018-01-30 15:17:03 - [MESSAGE][PASSED] - Object 'Object Repository/Application_OR/chkbx_AGREEMENT' is checked

2018-01-30 15:17:03 - [TEST_STEP][PASSED] - delay: Delayed 10 second(s)

2018-01-30 15:17:13 - [MESSAGE][PASSED] - Delayed 10 second(s)

2018-01-30 15:17:13 - [TEST_STEP][PASSED] - click: Object: 'Object Repository/Application_OR/btn_OCCUPANYPAGE_SAVEANDCONTINUE' is clicked on

2018-01-30 15:17:18 - [MESSAGE][PASSED] - Object: 'Object Repository/Application_OR/btn_OCCUPANYPAGE_SAVEANDCONTINUE' is clicked on

2018-01-30 15:17:18 - [TEST_STEP][PASSED] - delay: Delayed 5 second(s)

2018-01-30 15:17:23 - [MESSAGE][PASSED] - Delayed 5 second(s)

2018-01-30 15:17:23 - [TEST_STEP][PASSED] - click: Object: 'Object Repository/Application_OR/btn_SIGNAPPLICATION_AGENT' is clicked on

2018-01-30 15:17:45 - [MESSAGE][PASSED] - Object: 'Object Repository/Application_OR/btn_SIGNAPPLICATION_AGENT' is clicked on

2018-01-30 15:17:45 - [TEST_STEP][PASSED] - delay: Delayed 5 second(s)

2018-01-30 15:17:50 - [MESSAGE][PASSED] - Delayed 5 second(s)

2018-01-30 15:17:50 - [TEST_STEP][PASSED] - Statement - getInsuredName = com.kms.katalon.core.webui.keyword.WebUiBuiltInKeywords.getText(com.kms.katalon.core.testobject.ObjectRepository.findTestObject(Application_OR/get_INSUREDNAME_APPLICATION FORMSUMMARY)): Text of object 'Object Repository/Application_OR/get_INSUREDNAME_APPLICATION FORMSUMMARY' is: 'Smith Racher Lastin'

2018-01-30 15:17:50 - [MESSAGE][PASSED] - Text of object 'Object Repository/Application_OR/get_INSUREDNAME_APPLICATION FORMSUMMARY' is: 'Smith Racher Lastin'

2018-01-30 15:17:50 - [TEST_STEP][PASSED] - Statement - println(getInsuredName): null

2018-01-30 15:17:50 - [TEST_STEP][PASSED] - click: Object: 'Object Repository/Application_OR/btn_INSURED_SIGNATURE' is clicked on

2018-01-30 15:17:53 - [MESSAGE][PASSED] - Object: 'Object Repository/Application_OR/btn_INSURED_SIGNATURE' is clicked on

2018-01-30 15:17:53 - [TEST_STEP][PASSED] - delay: Delayed 5 second(s)

2018-01-30 15:17:58 - [MESSAGE][PASSED] - Delayed 5 second(s)

2018-01-30 15:17:58 - [TEST_STEP][PASSED] - click: Object: 'Object Repository/Application_OR/txtbx_INSURED_SIGNATURE' is clicked on

2018-01-30 15:18:03 - [MESSAGE][PASSED] - Object: 'Object Repository/Application_OR/txtbx_INSURED_SIGNATURE' is clicked on

2018-01-30 15:18:03 - [TEST_STEP][PASSED] - delay: Delayed 5 second(s)

2018-01-30 15:18:08 - [MESSAGE][PASSED] - Delayed 5 second(s)

2018-01-30 15:18:08 - [TEST_STEP][PASSED] - setText: Text 'Smith Racher Lastin' is set on object 'Object Repository/Application_OR/txtbx_INSURED_SIGNATURE'

2018-01-30 15:18:08 - [MESSAGE][PASSED] - Text 'Smith Racher Lastin' is set on object 'Object Repository/Application_OR/txtbx_INSURED_SIGNATURE'

2018-01-30 15:18:08 - [TEST_STEP][PASSED] - click: Object: 'Object Repository/Application_OR/btn_SUBMIT_INSURED_SIGNATURE' is clicked on

2018-01-30 15:18:14 - [MESSAGE][PASSED] - Object: 'Object Repository/Application_OR/btn_SUBMIT_INSURED_SIGNATURE' is clicked on

2018-01-30 15:18:14 - [TEST_STEP][PASSED] - Statement - otpQuery = "SELECT TOP 1 OtpGenerated FROM PPE_ApplicationForms_trn where PolicyInfoId = " + policyInfoId + " Order BY ModifiedDateTime DESC": null

2018-01-30 15:18:14 - [TEST_STEP][PASSED] - Statement - println("otpQuery" + " " + otpQuery): null

2018-01-30 15:18:14 - [TEST_STEP][PASSED] - com.PPE.Database_Connection.connectDB: com.PPE.Database_Connection.connectDB is PASSED

2018-01-30 15:18:26 - [MESSAGE][PASSED] - com.PPE.Database_Connection.connectDB is PASSED

2018-01-30 15:18:26 - [TEST_STEP][PASSED] - Statement - recordset = CustomKeywords.com.PPE.Database_Connection.executeQuery(otpQuery): com.PPE.Database_Connection.executeQuery is PASSED

2018-01-30 15:18:26 - [MESSAGE][PASSED] - com.PPE.Database_Connection.executeQuery is PASSED

2018-01-30 15:18:26 - [TEST_STEP][PASSED] - Statement - otp = 0: null

2018-01-30 15:18:26 - [TEST_STEP][PASSED] - Statement - While (recordset.next()): null

2018-01-30 15:18:26 - [TEST_STEP][PASSED] - Statement - otp = recordset.getObject("OtpGenerated"): null

2018-01-30 15:18:26 - [TEST_STEP][PASSED] - Statement - println("otp" + " " + otp): null

2018-01-30 15:18:26 - [TEST_STEP][PASSED] - delay: Delayed 10 second(s)

2018-01-30 15:18:36 - [MESSAGE][PASSED] - Delayed 10 second(s)

2018-01-30 15:18:36 - [TEST_STEP][PASSED] - Statement - txtOtp = com.kms.katalon.core.testobject.ObjectRepository.findTestObject(Application_OR/txtfield-OTP): Finding Test Object with id 'Object Repository/Application_OR/txtfield-OTP'

2018-01-30 15:18:36 - [TEST_STEP][PASSED] - setText: Text '5745' is set on object 'Object Repository/Application_OR/txtfield-OTP'

2018-01-30 15:18:36 - [MESSAGE][PASSED] - Text '5745' is set on object 'Object Repository/Application_OR/txtfield-OTP'

2018-01-30 15:18:36 - [TEST_STEP][PASSED] - delay: Delayed 1 second(s)

2018-01-30 15:18:37 - [MESSAGE][PASSED] - Delayed 1 second(s)

2018-01-30 15:18:37 - [TEST_STEP][PASSED] - click: Object: 'Object Repository/Application_OR/btn_OTP_VERIFY' is clicked on

2018-01-30 15:18:42 - [MESSAGE][PASSED] - Object: 'Object Repository/Application_OR/btn_OTP_VERIFY' is clicked on

2018-01-30 15:18:42 - [TEST_STEP][PASSED] - delay: Delayed 5 second(s)

2018-01-30 15:18:47 - [MESSAGE][PASSED] - Delayed 5 second(s)

2018-01-30 15:18:47 - [TEST_STEP][PASSED] - click: Object: 'Object Repository/Application_OR/btn_AGENT_SIGNATURE' is clicked on

2018-01-30 15:18:52 - [MESSAGE][PASSED] - Object: 'Object Repository/Application_OR/btn_AGENT_SIGNATURE' is clicked on

2018-01-30 15:18:52 - [TEST_STEP][PASSED] - delay: Delayed 2 second(s)

2018-01-30 15:18:54 - [MESSAGE][PASSED] - Delayed 2 second(s)

2018-01-30 15:18:54 - [TEST_STEP][PASSED] - click: Object: 'Object Repository/Application_OR/txtbx_AGENT_SIGNATURE' is clicked on

2018-01-30 15:18:59 - [MESSAGE][PASSED] - Object: 'Object Repository/Application_OR/txtbx_AGENT_SIGNATURE' is clicked on

2018-01-30 15:18:59 - [TEST_STEP][PASSED] - delay: Delayed 2 second(s)

2018-01-30 15:19:01 - [MESSAGE][PASSED] - Delayed 2 second(s)

2018-01-30 15:19:01 - [TEST_STEP][PASSED] - setText: Text 'clement helms' is set on object 'Object Repository/Application_OR/txtbx_AGENT_SIGNATURE'

2018-01-30 15:19:02 - [MESSAGE][PASSED] - Text 'clement helms' is set on object 'Object Repository/Application_OR/txtbx_AGENT_SIGNATURE'

2018-01-30 15:19:02 - [TEST_STEP][PASSED] - delay: Delayed 2 second(s)

2018-01-30 15:19:04 - [MESSAGE][PASSED] - Delayed 2 second(s)

2018-01-30 15:19:04 - [TEST_STEP][PASSED] - click: Object: 'Object Repository/Application_OR/btn_SUBMIT_AGENT_SIGNATURE' is clicked on

2018-01-30 15:19:09 - [MESSAGE][PASSED] - Object: 'Object Repository/Application_OR/btn_SUBMIT_AGENT_SIGNATURE' is clicked on

2018-01-30 15:19:09 - [TEST_STEP][PASSED] - delay: Delayed 5 second(s)

2018-01-30 15:19:14 - [MESSAGE][PASSED] - Delayed 5 second(s)

2018-01-30 15:19:14 - [TEST_STEP][PASSED] - click: Object: 'Object Repository/Application_OR/btn_SURPLUSLINE_ACK' is clicked on

2018-01-30 15:19:20 - [MESSAGE][PASSED] - Object: 'Object Repository/Application_OR/btn_SURPLUSLINE_ACK' is clicked on

2018-01-30 15:19:20 - [TEST_STEP][PASSED] - delay: Delayed 5 second(s)

2018-01-30 15:19:25 - [MESSAGE][PASSED] - Delayed 5 second(s)

2018-01-30 15:19:25 - [TEST_STEP][PASSED] - click: Object: 'Object Repository/Application_OR/txtfield_SURPLUSLINE_FORM_TEXT' is clicked on

2018-01-30 15:19:30 - [MESSAGE][PASSED] - Object: 'Object Repository/Application_OR/txtfield_SURPLUSLINE_FORM_TEXT' is clicked on

2018-01-30 15:19:30 - [TEST_STEP][PASSED] - setText: Text 'Testing' is set on object 'Object Repository/Application_OR/txtfield_SURPLUSLINE_FORM_TEXT'

2018-01-30 15:19:30 - [MESSAGE][PASSED] - Text 'Testing' is set on object 'Object Repository/Application_OR/txtfield_SURPLUSLINE_FORM_TEXT'

2018-01-30 15:19:30 - [TEST_STEP][PASSED] - delay: Delayed 5 second(s)

2018-01-30 15:19:35 - [MESSAGE][PASSED] - Delayed 5 second(s)

2018-01-30 15:19:35 - [TEST_STEP][PASSED] - click: Object: 'Object Repository/Application_OR/btn_SUBMIT_SURPLUSLINE' is clicked on

2018-01-30 15:19:41 - [MESSAGE][PASSED] - Object: 'Object Repository/Application_OR/btn_SUBMIT_SURPLUSLINE' is clicked on

2018-01-30 15:19:41 - [TEST_STEP][PASSED] - delay: Delayed 5 second(s)

2018-01-30 15:19:46 - [MESSAGE][PASSED] - Delayed 5 second(s)

2018-01-30 15:19:46 - [TEST_STEP][PASSED] - click: Object: 'Object Repository/Application_OR/btn_SUBMIT_FOR_UW_APPROVAL' is clicked on

2018-01-30 15:19:49 - [MESSAGE][PASSED] - Object: 'Object Repository/Application_OR/btn_SUBMIT_FOR_UW_APPROVAL' is clicked on

2018-01-30 15:19:49 - [TEST_STEP][PASSED] - delay: Delayed 8 second(s)

2018-01-30 15:19:57 - [MESSAGE][PASSED] - Delayed 8 second(s)

2018-01-30 15:19:57 - [TEST_STEP][PASSED] - click: Object: 'Object Repository/Application_OR/btn_LOGOUT' is clicked on

2018-01-30 15:19:58 - [MESSAGE][PASSED] - Object: 'Object Repository/Application_OR/btn_LOGOUT' is clicked on

2018-01-30 15:19:58 - [TEST_STEP][PASSED] - delay: Delayed 5 second(s)

2018-01-30 15:20:03 - [MESSAGE][PASSED] - Delayed 5 second(s)

2018-01-30 15:20:03 - [TEST_STEP][PASSED] - setText: Text 'ih.william' is set on object 'Object Repository/Quote_OR/txtfield_USERNAME'

2018-01-30 15:20:03 - [MESSAGE][PASSED] - Text 'ih.william' is set on object 'Object Repository/Quote_OR/txtfield_USERNAME'

2018-01-30 15:20:03 - [TEST_STEP][PASSED] - setText: Text '10#Hammer' is set on object 'Object Repository/Quote_OR/txtfield_PASSWORD'

2018-01-30 15:20:03 - [MESSAGE][PASSED] - Text '10#Hammer' is set on object 'Object Repository/Quote_OR/txtfield_PASSWORD'

2018-01-30 15:20:03 - [TEST_STEP][PASSED] - click: Object: 'Object Repository/Quote_OR/btn-LOGIN' is clicked on

2018-01-30 15:20:06 - [MESSAGE][PASSED] - Object: 'Object Repository/Quote_OR/btn-LOGIN' is clicked on

2018-01-30 15:20:06 - [TEST_STEP][PASSED] - delay: Delayed 5 second(s)

2018-01-30 15:20:11 - [MESSAGE][PASSED] - Delayed 5 second(s)

2018-01-30 15:20:11 - [TEST_STEP][PASSED] - Statement - btnId = "//*[@id="btnLoadApplication_" + policyInfoId + ""]": null

2018-01-30 15:20:11 - [TEST_STEP][PASSED] - Statement - btnViewApplication = new com.kms.katalon.core.testobject.TestObject(btnViewApplication): null

2018-01-30 15:20:11 - [TEST_STEP][PASSED] - Statement - btnViewApplication.addProperty("xpath", EQUALS, btnId, true): null

2018-01-30 15:20:11 - [TEST_STEP][PASSED] - delay: Delayed 20 second(s)

2018-01-30 15:20:31 - [MESSAGE][PASSED] - Delayed 20 second(s)

2018-01-30 15:20:31 - [TEST_STEP][PASSED] - click: Object: 'btnViewApplication' is clicked on

2018-01-30 15:20:33 - [MESSAGE][PASSED] - Object: 'btnViewApplication' is clicked on

2018-01-30 15:20:33 - [TEST_STEP][PASSED] - delay: Delayed 8 second(s)

2018-01-30 15:20:41 - [MESSAGE][PASSED] - Delayed 8 second(s)

2018-01-30 15:20:41 - [TEST_STEP][PASSED] - click: Object: 'Object Repository/Application_OR/btn_DOWNLOAD_AFS_UW' is clicked on

2018-01-30 15:20:47 - [MESSAGE][PASSED] - Object: 'Object Repository/Application_OR/btn_DOWNLOAD_AFS_UW' is clicked on

2018-01-30 15:20:47 - [TEST_STEP][PASSED] - delay: Delayed 5 second(s)

2018-01-30 15:20:52 - [MESSAGE][PASSED] - Delayed 5 second(s)

2018-01-30 15:20:52 - [TEST_STEP][PASSED] - click: Object: 'Object Repository/Application_OR/btn_GENERATE_FORMS' is clicked on

2018-01-30 15:20:57 - [MESSAGE][PASSED] - Object: 'Object Repository/Application_OR/btn_GENERATE_FORMS' is clicked on

2018-01-30 15:20:57 - [TEST_STEP][PASSED] - delay: Delayed 5 second(s)

2018-01-30 15:21:02 - [MESSAGE][PASSED] - Delayed 5 second(s)

2018-01-30 15:21:02 - [TEST_STEP][PASSED] - click: Object: 'Object Repository/Application_OR/btn_REQUEST_FOR_BIND' is clicked on

2018-01-30 15:21:07 - [MESSAGE][PASSED] - Object: 'Object Repository/Application_OR/btn_REQUEST_FOR_BIND' is clicked on

2018-01-30 15:21:07 - [TEST_STEP][PASSED] - delay: Delayed 20 second(s)

2018-01-30 15:21:27 - [MESSAGE][PASSED] - Delayed 20 second(s)

2018-01-30 15:21:27 - [TEST_STEP][PASSED] - click: Object: 'Object Repository/Application_OR/btn_VIEW_POLICY_FORMS' is clicked on

2018-01-30 15:21:34 - [MESSAGE][PASSED] - Object: 'Object Repository/Application_OR/btn_VIEW_POLICY_FORMS' is clicked on

2018-01-30 15:21:34 - [TEST_STEP][PASSED] - delay: Delayed 15 second(s)

2018-01-30 15:21:49 - [MESSAGE][PASSED] - Delayed 15 second(s)

2018-01-30 15:21:49 - [TEST_STEP][PASSED] - click: Object: 'Object Repository/Application_OR/btn_UW_APPLICATION_STATUS_MENU' is clicked on

2018-01-30 15:21:49 - [MESSAGE][PASSED] - Object: 'Object Repository/Application_OR/btn_UW_APPLICATION_STATUS_MENU' is clicked on

2018-01-30 15:21:49 - [TEST_STEP][PASSED] - delay: Delayed 2 second(s)

2018-01-30 15:21:51 - [MESSAGE][PASSED] - Delayed 2 second(s)

2018-01-30 15:21:51 - [TEST_STEP][PASSED] - click: Object: 'Object Repository/Application_OR/btn_YES_CONFIRMATION' is clicked on

2018-01-30 15:21:52 - [MESSAGE][PASSED] - Object: 'Object Repository/Application_OR/btn_YES_CONFIRMATION' is clicked on

2018-01-30 15:21:52 - [TEST_STEP][PASSED] - delay: Delayed 20 second(s)

2018-01-30 15:22:12 - [MESSAGE][PASSED] - Delayed 20 second(s)]]></system-out>
         <system-err><![CDATA[]]></system-err>
      </testcase>
      <testcase name="Test Cases/ENDORSEMENT_CREATION" classname="Test Cases/ENDORSEMENT_CREATION" status="PASSED">
         <system-out><![CDATA[2018-01-30 15:22:12 - [TEST_CASE][PASSED] - Test Cases/ENDORSEMENT_CREATION: Test Cases/ENDORSEMENT_CREATION

2018-01-30 15:22:12 - [TEST_STEP][PASSED] - click: Object: 'Object Repository/Endorsement_OR/btn_ADVANCE_FILTER' is clicked on

2018-01-30 15:22:12 - [MESSAGE][PASSED] - Object: 'Object Repository/Endorsement_OR/btn_ADVANCE_FILTER' is clicked on

2018-01-30 15:22:12 - [TEST_STEP][PASSED] - delay: Delayed 4 second(s)

2018-01-30 15:22:16 - [MESSAGE][PASSED] - Delayed 4 second(s)

2018-01-30 15:22:16 - [TEST_STEP][PASSED] - setText: Text '4920 Nisbet Dr, Macon, GA 31206, USA' is set on object 'Object Repository/Endorsement_OR/txtfield_AdvanceFilter_PROPERTY_ADDRESS'

2018-01-30 15:22:16 - [MESSAGE][PASSED] - Text '4920 Nisbet Dr, Macon, GA 31206, USA' is set on object 'Object Repository/Endorsement_OR/txtfield_AdvanceFilter_PROPERTY_ADDRESS'

2018-01-30 15:22:16 - [TEST_STEP][PASSED] - delay: Delayed 15 second(s)

2018-01-30 15:22:31 - [MESSAGE][PASSED] - Delayed 15 second(s)

2018-01-30 15:22:31 - [TEST_STEP][PASSED] - click: Object: 'Object Repository/Endorsement_OR/btn_APPLY_Advance_Filter' is clicked on

2018-01-30 15:22:32 - [MESSAGE][PASSED] - Object: 'Object Repository/Endorsement_OR/btn_APPLY_Advance_Filter' is clicked on

2018-01-30 15:22:32 - [TEST_STEP][PASSED] - delay: Delayed 18 second(s)

2018-01-30 15:22:50 - [MESSAGE][PASSED] - Delayed 18 second(s)

2018-01-30 15:22:50 - [TEST_STEP][PASSED] - Statement - policynumber = com.kms.katalon.core.webui.keyword.WebUiBuiltInKeywords.getText(com.kms.katalon.core.testobject.ObjectRepository.findTestObject(Endorsement_OR/get_POLICYNUMBER)): Text of object 'Object Repository/Endorsement_OR/get_POLICYNUMBER' is: 'BCIHGA1800131'

2018-01-30 15:22:50 - [MESSAGE][PASSED] - Text of object 'Object Repository/Endorsement_OR/get_POLICYNUMBER' is: 'BCIHGA1800131'

2018-01-30 15:22:50 - [TEST_STEP][PASSED] - Statement - println(policynumber): null

2018-01-30 15:22:50 - [TEST_STEP][PASSED] - delay: Delayed 10 second(s)

2018-01-30 15:23:00 - [MESSAGE][PASSED] - Delayed 10 second(s)

2018-01-30 15:23:00 - [TEST_STEP][PASSED] - click: Object: 'Object Repository/Endorsement_OR/btn_ENDORSEMENT_MENU' is clicked on

2018-01-30 15:23:00 - [MESSAGE][PASSED] - Object: 'Object Repository/Endorsement_OR/btn_ENDORSEMENT_MENU' is clicked on

2018-01-30 15:23:00 - [TEST_STEP][PASSED] - delay: Delayed 3 second(s)

2018-01-30 15:23:03 - [MESSAGE][PASSED] - Delayed 3 second(s)

2018-01-30 15:23:03 - [TEST_STEP][PASSED] - click: Object: 'Object Repository/Endorsement_OR/btn_YES_CONFIRMATION_ENDORSEMENT' is clicked on

2018-01-30 15:23:03 - [MESSAGE][PASSED] - Object: 'Object Repository/Endorsement_OR/btn_YES_CONFIRMATION_ENDORSEMENT' is clicked on

2018-01-30 15:23:03 - [TEST_STEP][PASSED] - delay: Delayed 6 second(s)

2018-01-30 15:23:09 - [MESSAGE][PASSED] - Delayed 6 second(s)

2018-01-30 15:23:09 - [TEST_STEP][PASSED] - setText: Text 'BCIHGA1800131' is set on object 'Object Repository/Endorsement_OR/txtfield_POLICYNUMBER_FOR_ENDORSEMENT'

2018-01-30 15:23:10 - [MESSAGE][PASSED] - Text 'BCIHGA1800131' is set on object 'Object Repository/Endorsement_OR/txtfield_POLICYNUMBER_FOR_ENDORSEMENT'

2018-01-30 15:23:10 - [TEST_STEP][PASSED] - delay: Delayed 6 second(s)

2018-01-30 15:23:16 - [MESSAGE][PASSED] - Delayed 6 second(s)

2018-01-30 15:23:16 - [TEST_STEP][PASSED] - click: Object: 'Object Repository/Endorsement_OR/btn_SEARCH_FOR_ENDORSEMENT' is clicked on

2018-01-30 15:23:16 - [MESSAGE][PASSED] - Object: 'Object Repository/Endorsement_OR/btn_SEARCH_FOR_ENDORSEMENT' is clicked on

2018-01-30 15:23:16 - [TEST_STEP][PASSED] - delay: Delayed 10 second(s)

2018-01-30 15:23:26 - [MESSAGE][PASSED] - Delayed 10 second(s)

2018-01-30 15:23:26 - [TEST_STEP][PASSED] - click: Object: 'Object Repository/Endorsement_OR/btn_ENDORSE_UW' is clicked on

2018-01-30 15:23:28 - [MESSAGE][PASSED] - Object: 'Object Repository/Endorsement_OR/btn_ENDORSE_UW' is clicked on

2018-01-30 15:23:28 - [TEST_STEP][PASSED] - delay: Delayed 6 second(s)

2018-01-30 15:23:34 - [MESSAGE][PASSED] - Delayed 6 second(s)

2018-01-30 15:23:34 - [TEST_STEP][PASSED] - click: Object: 'Object Repository/Endorsement_OR/btn_EDIT_APPLICANTINFO_UW' is clicked on

2018-01-30 15:23:34 - [MESSAGE][PASSED] - Object: 'Object Repository/Endorsement_OR/btn_EDIT_APPLICANTINFO_UW' is clicked on

2018-01-30 15:23:34 - [TEST_STEP][PASSED] - delay: Delayed 6 second(s)

2018-01-30 15:23:40 - [MESSAGE][PASSED] - Delayed 6 second(s)

2018-01-30 15:23:40 - [TEST_STEP][PASSED] - click: Object: 'Object Repository/Endorsement_OR/btn_RECALCULATE_UW' is clicked on

2018-01-30 15:23:40 - [MESSAGE][PASSED] - Object: 'Object Repository/Endorsement_OR/btn_RECALCULATE_UW' is clicked on

2018-01-30 15:23:40 - [TEST_STEP][PASSED] - delay: Delayed 6 second(s)

2018-01-30 15:23:46 - [MESSAGE][PASSED] - Delayed 6 second(s)

2018-01-30 15:23:46 - [TEST_STEP][PASSED] - setText: Text 'James' is set on object 'Object Repository/Endorsement_OR/txtfield_PRIFIRSTNAME_UW'

2018-01-30 15:23:46 - [MESSAGE][PASSED] - Text 'James' is set on object 'Object Repository/Endorsement_OR/txtfield_PRIFIRSTNAME_UW'

2018-01-30 15:23:46 - [TEST_STEP][PASSED] - delay: Delayed 2 second(s)

2018-01-30 15:23:48 - [MESSAGE][PASSED] - Delayed 2 second(s)

2018-01-30 15:23:48 - [TEST_STEP][PASSED] - click: Object: 'Object Repository/Endorsement_OR/btn_UPDATE_APPLICANTINFO_UW' is clicked on

2018-01-30 15:23:49 - [MESSAGE][PASSED] - Object: 'Object Repository/Endorsement_OR/btn_UPDATE_APPLICANTINFO_UW' is clicked on

2018-01-30 15:23:49 - [TEST_STEP][PASSED] - delay: Delayed 2 second(s)

2018-01-30 15:23:51 - [MESSAGE][PASSED] - Delayed 2 second(s)

2018-01-30 15:23:51 - [TEST_STEP][PASSED] - click: Object: 'Object Repository/Endorsement_OR/btn_RECALCULATE_UW' is clicked on

2018-01-30 15:23:51 - [MESSAGE][PASSED] - Object: 'Object Repository/Endorsement_OR/btn_RECALCULATE_UW' is clicked on

2018-01-30 15:23:51 - [TEST_STEP][PASSED] - delay: Delayed 6 second(s)

2018-01-30 15:23:57 - [MESSAGE][PASSED] - Delayed 6 second(s)

2018-01-30 15:23:57 - [TEST_STEP][PASSED] - scrollToPosition: Browser is scrolled to position x = 0, y = 50

2018-01-30 15:23:57 - [MESSAGE][PASSED] - Browser is scrolled to position x = 0, y = 50

2018-01-30 15:23:57 - [TEST_STEP][PASSED] - delay: Delayed 3 second(s)

2018-01-30 15:24:00 - [MESSAGE][PASSED] - Delayed 3 second(s)

2018-01-30 15:24:00 - [TEST_STEP][PASSED] - click: Object: 'Object Repository/Endorsement_OR/btn_EDIT_COVERAGE_UW' is clicked on

2018-01-30 15:24:00 - [MESSAGE][PASSED] - Object: 'Object Repository/Endorsement_OR/btn_EDIT_COVERAGE_UW' is clicked on

2018-01-30 15:24:00 - [TEST_STEP][PASSED] - delay: Delayed 6 second(s)

2018-01-30 15:24:06 - [MESSAGE][PASSED] - Delayed 6 second(s)

2018-01-30 15:24:06 - [TEST_STEP][PASSED] - click: Object: 'Object Repository/Endorsement_OR/drp_SETTLEMENTTYPE_UW' is clicked on

2018-01-30 15:24:06 - [MESSAGE][PASSED] - Object: 'Object Repository/Endorsement_OR/drp_SETTLEMENTTYPE_UW' is clicked on

2018-01-30 15:24:06 - [TEST_STEP][PASSED] - selectOptionByValue: All options with value 'ACV' are selected in object 'Object Repository/Endorsement_OR/drp_SETTLEMENTTYPE_UW' 

2018-01-30 15:24:06 - [MESSAGE][PASSED] - All options with value 'ACV' are selected in object 'Object Repository/Endorsement_OR/drp_SETTLEMENTTYPE_UW' 

2018-01-30 15:24:06 - [TEST_STEP][PASSED] - click: Object: 'Object Repository/Endorsement_OR/btn_UPDATE_COVERAGE_UW' is clicked on

2018-01-30 15:24:07 - [MESSAGE][PASSED] - Object: 'Object Repository/Endorsement_OR/btn_UPDATE_COVERAGE_UW' is clicked on

2018-01-30 15:24:07 - [TEST_STEP][PASSED] - delay: Delayed 2 second(s)

2018-01-30 15:24:09 - [MESSAGE][PASSED] - Delayed 2 second(s)

2018-01-30 15:24:09 - [TEST_STEP][PASSED] - click: Object: 'Object Repository/Endorsement_OR/btn_RECALCULATE_UW' is clicked on

2018-01-30 15:24:09 - [MESSAGE][PASSED] - Object: 'Object Repository/Endorsement_OR/btn_RECALCULATE_UW' is clicked on

2018-01-30 15:24:09 - [TEST_STEP][PASSED] - delay: Delayed 2 second(s)

2018-01-30 15:24:11 - [MESSAGE][PASSED] - Delayed 2 second(s)

2018-01-30 15:24:11 - [TEST_STEP][PASSED] - Statement - use(groovy.time.TimeCategory, { -> ... }): null

2018-01-30 15:24:11 - [TEST_STEP][PASSED] - scrollToPosition: Browser is scrolled to position x = 0, y = 50

2018-01-30 15:24:11 - [MESSAGE][PASSED] - Browser is scrolled to position x = 0, y = 50

2018-01-30 15:24:11 - [TEST_STEP][PASSED] - click: Object: 'Object Repository/Endorsement_OR/btn_EDIT_PROPERTY_UW' is clicked on

2018-01-30 15:24:11 - [MESSAGE][PASSED] - Object: 'Object Repository/Endorsement_OR/btn_EDIT_PROPERTY_UW' is clicked on

2018-01-30 15:24:11 - [TEST_STEP][PASSED] - delay: Delayed 2 second(s)

2018-01-30 15:24:13 - [MESSAGE][PASSED] - Delayed 2 second(s)

2018-01-30 15:24:13 - [TEST_STEP][PASSED] - setText: Text '1970' is set on object 'Object Repository/Endorsement_OR/txtfield_HOME_BUILD_ENDORSEMENT_UW'

2018-01-30 15:24:13 - [MESSAGE][PASSED] - Text '1970' is set on object 'Object Repository/Endorsement_OR/txtfield_HOME_BUILD_ENDORSEMENT_UW'

2018-01-30 15:24:13 - [TEST_STEP][PASSED] - delay: Delayed 4 second(s)

2018-01-30 15:24:17 - [MESSAGE][PASSED] - Delayed 4 second(s)

2018-01-30 15:24:17 - [TEST_STEP][PASSED] - setText: Text '500000' is set on object 'Object Repository/Endorsement_OR/txtfield_EXIMATED_VALUATION_UW'

2018-01-30 15:24:17 - [MESSAGE][PASSED] - Text '500000' is set on object 'Object Repository/Endorsement_OR/txtfield_EXIMATED_VALUATION_UW'

2018-01-30 15:24:17 - [TEST_STEP][PASSED] - delay: Delayed 4 second(s)

2018-01-30 15:24:21 - [MESSAGE][PASSED] - Delayed 4 second(s)

2018-01-30 15:24:21 - [TEST_STEP][PASSED] - click: Object: 'Object Repository/Endorsement_OR/drp_CONSTRUCTION_TYPE_UW' is clicked on

2018-01-30 15:24:21 - [MESSAGE][PASSED] - Object: 'Object Repository/Endorsement_OR/drp_CONSTRUCTION_TYPE_UW' is clicked on

2018-01-30 15:24:21 - [TEST_STEP][PASSED] - selectOptionByIndex: All options with index in [3] are selected on object 'Object Repository/Endorsement_OR/drp_CONSTRUCTION_TYPE_UW'

2018-01-30 15:24:22 - [MESSAGE][PASSED] - All options with index in [3] are selected on object 'Object Repository/Endorsement_OR/drp_CONSTRUCTION_TYPE_UW'

2018-01-30 15:24:22 - [TEST_STEP][PASSED] - delay: Delayed 4 second(s)

2018-01-30 15:24:26 - [MESSAGE][PASSED] - Delayed 4 second(s)

2018-01-30 15:24:26 - [TEST_STEP][PASSED] - click: Object: 'Object Repository/Endorsement_OR/btn_UPDATE_ENDORSEMENT_PROPERTY_UW' is clicked on

2018-01-30 15:24:26 - [MESSAGE][PASSED] - Object: 'Object Repository/Endorsement_OR/btn_UPDATE_ENDORSEMENT_PROPERTY_UW' is clicked on

2018-01-30 15:24:26 - [TEST_STEP][PASSED] - delay: Delayed 4 second(s)

2018-01-30 15:24:30 - [MESSAGE][PASSED] - Delayed 4 second(s)

2018-01-30 15:24:30 - [TEST_STEP][PASSED] - click: Object: 'Object Repository/Endorsement_OR/btn_RECALCULATE_UW' is clicked on

2018-01-30 15:24:30 - [MESSAGE][PASSED] - Object: 'Object Repository/Endorsement_OR/btn_RECALCULATE_UW' is clicked on

2018-01-30 15:24:30 - [TEST_STEP][PASSED] - delay: Delayed 4 second(s)

2018-01-30 15:24:34 - [MESSAGE][PASSED] - Delayed 4 second(s)

2018-01-30 15:24:34 - [TEST_STEP][PASSED] - click: Object: 'Object Repository/Endorsement_OR/btn_GENERATE_FORMS_UW' is clicked on

2018-01-30 15:24:34 - [MESSAGE][PASSED] - Object: 'Object Repository/Endorsement_OR/btn_GENERATE_FORMS_UW' is clicked on

2018-01-30 15:24:34 - [TEST_STEP][PASSED] - delay: Delayed 4 second(s)

2018-01-30 15:24:38 - [MESSAGE][PASSED] - Delayed 4 second(s)

2018-01-30 15:24:38 - [TEST_STEP][PASSED] - click: Object: 'Object Repository/Endorsement_OR/btn_APPROVE_ENDORSEMENT' is clicked on

2018-01-30 15:24:38 - [MESSAGE][PASSED] - Object: 'Object Repository/Endorsement_OR/btn_APPROVE_ENDORSEMENT' is clicked on

2018-01-30 15:24:38 - [TEST_STEP][PASSED] - delay: Delayed 6 second(s)

2018-01-30 15:24:44 - [MESSAGE][PASSED] - Delayed 6 second(s)

2018-01-30 15:24:44 - [TEST_STEP][PASSED] - click: Object: 'Object Repository/Endorsement_OR/chkbx_HOMEOWNER_END_FORM' is clicked on

2018-01-30 15:24:44 - [MESSAGE][PASSED] - Object: 'Object Repository/Endorsement_OR/chkbx_HOMEOWNER_END_FORM' is clicked on

2018-01-30 15:24:44 - [TEST_STEP][PASSED] - delay: Delayed 4 second(s)

2018-01-30 15:24:48 - [MESSAGE][PASSED] - Delayed 4 second(s)

2018-01-30 15:24:48 - [TEST_STEP][PASSED] - click: Object: 'Object Repository/Endorsement_OR/chkbx_HOMEOWNER_END_FORM' is clicked on

2018-01-30 15:24:49 - [MESSAGE][PASSED] - Object: 'Object Repository/Endorsement_OR/chkbx_HOMEOWNER_END_FORM' is clicked on

2018-01-30 15:24:49 - [TEST_STEP][PASSED] - delay: Delayed 4 second(s)

2018-01-30 15:24:53 - [MESSAGE][PASSED] - Delayed 4 second(s)

2018-01-30 15:24:53 - [TEST_STEP][PASSED] - click: Object: 'Object Repository/Endorsement_OR/btn_FILLDATA_HOMEOWNER_END_FORM' is clicked on

2018-01-30 15:24:53 - [MESSAGE][PASSED] - Object: 'Object Repository/Endorsement_OR/btn_FILLDATA_HOMEOWNER_END_FORM' is clicked on

2018-01-30 15:24:53 - [TEST_STEP][PASSED] - delay: Delayed 10 second(s)

2018-01-30 15:25:03 - [MESSAGE][PASSED] - Delayed 10 second(s)

2018-01-30 15:25:03 - [TEST_STEP][PASSED] - setText: Text 'Testing' is set on object 'Object Repository/Endorsement_OR/txtfield_HOMEOWNER_END_FORM'

2018-01-30 15:25:03 - [MESSAGE][PASSED] - Text 'Testing' is set on object 'Object Repository/Endorsement_OR/txtfield_HOMEOWNER_END_FORM'

2018-01-30 15:25:03 - [TEST_STEP][PASSED] - delay: Delayed 4 second(s)

2018-01-30 15:25:07 - [MESSAGE][PASSED] - Delayed 4 second(s)

2018-01-30 15:25:07 - [TEST_STEP][PASSED] - click: Object: 'Object Repository/Endorsement_OR/btn_SUBMIT_HOMEOWNER_END_FORM' is clicked on

2018-01-30 15:25:07 - [MESSAGE][PASSED] - Object: 'Object Repository/Endorsement_OR/btn_SUBMIT_HOMEOWNER_END_FORM' is clicked on

2018-01-30 15:25:07 - [TEST_STEP][PASSED] - delay: Delayed 4 second(s)

2018-01-30 15:25:11 - [MESSAGE][PASSED] - Delayed 4 second(s)

2018-01-30 15:25:11 - [TEST_STEP][PASSED] - click: Object: 'Object Repository/Endorsement_OR/btn_VIEW_DRAFT_END' is clicked on

2018-01-30 15:25:11 - [MESSAGE][PASSED] - Object: 'Object Repository/Endorsement_OR/btn_VIEW_DRAFT_END' is clicked on

2018-01-30 15:25:11 - [TEST_STEP][PASSED] - delay: Delayed 4 second(s)

2018-01-30 15:25:15 - [MESSAGE][PASSED] - Delayed 4 second(s)

2018-01-30 15:25:15 - [TEST_STEP][PASSED] - click: Object: 'Object Repository/Endorsement_OR/btn_APPROVE_ENDORSEMENT' is clicked on

2018-01-30 15:25:15 - [MESSAGE][PASSED] - Object: 'Object Repository/Endorsement_OR/btn_APPROVE_ENDORSEMENT' is clicked on

2018-01-30 15:25:15 - [TEST_STEP][PASSED] - delay: Delayed 100 second(s)

2018-01-30 15:26:56 - [MESSAGE][PASSED] - Delayed 100 second(s)

2018-01-30 15:26:56 - [TEST_STEP][PASSED] - click: Object: 'Object Repository/Endorsement_OR/btn_LOGOUT_UW' is clicked on

2018-01-30 15:26:56 - [MESSAGE][PASSED] - Object: 'Object Repository/Endorsement_OR/btn_LOGOUT_UW' is clicked on

2018-01-30 15:26:56 - [TEST_STEP][PASSED] - delay: Delayed 10 second(s)

2018-01-30 15:27:06 - [MESSAGE][PASSED] - Delayed 10 second(s)]]></system-out>
         <system-err><![CDATA[]]></system-err>
      </testcase>
      <testcase name="Test Cases/AGENT_ENDORSEMENT_REQUEST" classname="Test Cases/AGENT_ENDORSEMENT_REQUEST" status="PASSED">
         <system-out><![CDATA[2018-01-30 15:27:06 - [TEST_CASE][PASSED] - Test Cases/AGENT_ENDORSEMENT_REQUEST: Test Cases/AGENT_ENDORSEMENT_REQUEST

2018-01-30 15:27:07 - [TEST_STEP][PASSED] - setText: Text 'ih.chelms' is set on object 'Object Repository/Quote_OR/txtfield_USERNAME'

2018-01-30 15:27:07 - [MESSAGE][PASSED] - Text 'ih.chelms' is set on object 'Object Repository/Quote_OR/txtfield_USERNAME'

2018-01-30 15:27:07 - [TEST_STEP][PASSED] - setText: Text '10#Hammer' is set on object 'Object Repository/Quote_OR/txtfield_PASSWORD'

2018-01-30 15:27:07 - [MESSAGE][PASSED] - Text '10#Hammer' is set on object 'Object Repository/Quote_OR/txtfield_PASSWORD'

2018-01-30 15:27:07 - [TEST_STEP][PASSED] - click: Object: 'Object Repository/Quote_OR/btn-LOGIN' is clicked on

2018-01-30 15:27:08 - [MESSAGE][PASSED] - Object: 'Object Repository/Quote_OR/btn-LOGIN' is clicked on

2018-01-30 15:27:08 - [TEST_STEP][PASSED] - delay: Delayed 15 second(s)

2018-01-30 15:27:23 - [MESSAGE][PASSED] - Delayed 15 second(s)

2018-01-30 15:27:23 - [TEST_STEP][PASSED] - click: Object: 'Object Repository/Application_OR/btn_UW_APPLICATION_STATUS_MENU' is clicked on

2018-01-30 15:27:24 - [MESSAGE][PASSED] - Object: 'Object Repository/Application_OR/btn_UW_APPLICATION_STATUS_MENU' is clicked on

2018-01-30 15:27:24 - [TEST_STEP][PASSED] - delay: Delayed 20 second(s)

2018-01-30 15:27:44 - [MESSAGE][PASSED] - Delayed 20 second(s)

2018-01-30 15:27:44 - [TEST_STEP][PASSED] - click: Object: 'Object Repository/Endorsement_OR/btn_ADVANCE_FILTER' is clicked on

2018-01-30 15:27:44 - [MESSAGE][PASSED] - Object: 'Object Repository/Endorsement_OR/btn_ADVANCE_FILTER' is clicked on

2018-01-30 15:27:44 - [TEST_STEP][PASSED] - delay: Delayed 4 second(s)

2018-01-30 15:27:48 - [MESSAGE][PASSED] - Delayed 4 second(s)

2018-01-30 15:27:48 - [TEST_STEP][PASSED] - setText: Text '4920 Nisbet Dr, Macon, GA 31206, USA' is set on object 'Object Repository/Endorsement_OR/txtfield_AdvanceFilter_PROPERTY_ADDRESS'

2018-01-30 15:27:48 - [MESSAGE][PASSED] - Text '4920 Nisbet Dr, Macon, GA 31206, USA' is set on object 'Object Repository/Endorsement_OR/txtfield_AdvanceFilter_PROPERTY_ADDRESS'

2018-01-30 15:27:48 - [TEST_STEP][PASSED] - delay: Delayed 15 second(s)

2018-01-30 15:28:03 - [MESSAGE][PASSED] - Delayed 15 second(s)

2018-01-30 15:28:03 - [TEST_STEP][PASSED] - click: Object: 'Object Repository/Endorsement_OR/btn_APPLY_Advance_Filter' is clicked on

2018-01-30 15:28:03 - [MESSAGE][PASSED] - Object: 'Object Repository/Endorsement_OR/btn_APPLY_Advance_Filter' is clicked on

2018-01-30 15:28:03 - [TEST_STEP][PASSED] - delay: Delayed 18 second(s)

2018-01-30 15:28:22 - [MESSAGE][PASSED] - Delayed 18 second(s)

2018-01-30 15:28:22 - [TEST_STEP][PASSED] - Statement - policynumber = com.kms.katalon.core.webui.keyword.WebUiBuiltInKeywords.getText(com.kms.katalon.core.testobject.ObjectRepository.findTestObject(ENDORSEMENT_AGENT_OR/get_POLICYNUMBER)): Text of object 'Object Repository/ENDORSEMENT_AGENT_OR/get_POLICYNUMBER' is: 'BCIHGA1800131'

2018-01-30 15:28:22 - [MESSAGE][PASSED] - Text of object 'Object Repository/ENDORSEMENT_AGENT_OR/get_POLICYNUMBER' is: 'BCIHGA1800131'

2018-01-30 15:28:22 - [TEST_STEP][PASSED] - Statement - println(policynumber): null

2018-01-30 15:28:22 - [TEST_STEP][PASSED] - delay: Delayed 5 second(s)

2018-01-30 15:28:27 - [MESSAGE][PASSED] - Delayed 5 second(s)

2018-01-30 15:28:27 - [TEST_STEP][PASSED] - click: Object: 'Object Repository/Endorsement_OR/btn_ENDORSEMENT_MENU' is clicked on

2018-01-30 15:28:27 - [MESSAGE][PASSED] - Object: 'Object Repository/Endorsement_OR/btn_ENDORSEMENT_MENU' is clicked on

2018-01-30 15:28:27 - [TEST_STEP][PASSED] - delay: Delayed 3 second(s)

2018-01-30 15:28:30 - [MESSAGE][PASSED] - Delayed 3 second(s)

2018-01-30 15:28:30 - [TEST_STEP][PASSED] - click: Object: 'Object Repository/Endorsement_OR/btn_YES_CONFIRMATION_ENDORSEMENT' is clicked on

2018-01-30 15:28:30 - [MESSAGE][PASSED] - Object: 'Object Repository/Endorsement_OR/btn_YES_CONFIRMATION_ENDORSEMENT' is clicked on

2018-01-30 15:28:30 - [TEST_STEP][PASSED] - setText: Text 'BCIHGA1800131' is set on object 'Object Repository/Endorsement_OR/txtfield_POLICYNUMBER_FOR_ENDORSEMENT'

2018-01-30 15:28:31 - [MESSAGE][PASSED] - Text 'BCIHGA1800131' is set on object 'Object Repository/Endorsement_OR/txtfield_POLICYNUMBER_FOR_ENDORSEMENT'

2018-01-30 15:28:31 - [TEST_STEP][PASSED] - delay: Delayed 6 second(s)

2018-01-30 15:28:37 - [MESSAGE][PASSED] - Delayed 6 second(s)

2018-01-30 15:28:37 - [TEST_STEP][PASSED] - click: Object: 'Object Repository/Endorsement_OR/btn_SEARCH_FOR_ENDORSEMENT' is clicked on

2018-01-30 15:28:37 - [MESSAGE][PASSED] - Object: 'Object Repository/Endorsement_OR/btn_SEARCH_FOR_ENDORSEMENT' is clicked on

2018-01-30 15:28:37 - [TEST_STEP][PASSED] - delay: Delayed 10 second(s)

2018-01-30 15:28:47 - [MESSAGE][PASSED] - Delayed 10 second(s)

2018-01-30 15:28:47 - [TEST_STEP][PASSED] - click: Object: 'Object Repository/Endorsement_OR/btn_ENDORSE_UW' is clicked on

2018-01-30 15:28:48 - [MESSAGE][PASSED] - Object: 'Object Repository/Endorsement_OR/btn_ENDORSE_UW' is clicked on

2018-01-30 15:28:48 - [TEST_STEP][PASSED] - delay: Delayed 6 second(s)

2018-01-30 15:28:54 - [MESSAGE][PASSED] - Delayed 6 second(s)

2018-01-30 15:28:54 - [TEST_STEP][PASSED] - click: Object: 'Object Repository/Endorsement_OR/btn_EDIT_COVERAGE_UW' is clicked on

2018-01-30 15:28:55 - [MESSAGE][PASSED] - Object: 'Object Repository/Endorsement_OR/btn_EDIT_COVERAGE_UW' is clicked on

2018-01-30 15:28:55 - [TEST_STEP][PASSED] - delay: Delayed 4 second(s)

2018-01-30 15:28:59 - [MESSAGE][PASSED] - Delayed 4 second(s)

2018-01-30 15:28:59 - [TEST_STEP][PASSED] - click: Object: 'Object Repository/ENDORSEMENT_AGENT_OR/drp_PERSONAL_PROPERTY' is clicked on

2018-01-30 15:28:59 - [MESSAGE][PASSED] - Object: 'Object Repository/ENDORSEMENT_AGENT_OR/drp_PERSONAL_PROPERTY' is clicked on

2018-01-30 15:28:59 - [TEST_STEP][PASSED] - delay: Delayed 3 second(s)

2018-01-30 15:29:02 - [MESSAGE][PASSED] - Delayed 3 second(s)

2018-01-30 15:29:02 - [TEST_STEP][PASSED] - selectOptionByValue: All options with value '35' are selected in object 'Object Repository/ENDORSEMENT_AGENT_OR/drp_PERSONAL_PROPERTY' 

2018-01-30 15:29:02 - [MESSAGE][PASSED] - All options with value '35' are selected in object 'Object Repository/ENDORSEMENT_AGENT_OR/drp_PERSONAL_PROPERTY' 

2018-01-30 15:29:02 - [TEST_STEP][PASSED] - delay: Delayed 4 second(s)

2018-01-30 15:29:06 - [MESSAGE][PASSED] - Delayed 4 second(s)

2018-01-30 15:29:06 - [TEST_STEP][PASSED] - click: Object: 'Object Repository/Endorsement_OR/btn_UPDATE_COVERAGE_UW' is clicked on

2018-01-30 15:29:06 - [MESSAGE][PASSED] - Object: 'Object Repository/Endorsement_OR/btn_UPDATE_COVERAGE_UW' is clicked on

2018-01-30 15:29:06 - [TEST_STEP][PASSED] - scrollToPosition: Browser is scrolled to position x = 0, y = 50

2018-01-30 15:29:06 - [MESSAGE][PASSED] - Browser is scrolled to position x = 0, y = 50

2018-01-30 15:29:06 - [TEST_STEP][PASSED] - click: Object: 'Object Repository/ENDORSEMENT_AGENT_OR/btn_EDIT_CLAIM_Details' is clicked on

2018-01-30 15:29:06 - [MESSAGE][PASSED] - Object: 'Object Repository/ENDORSEMENT_AGENT_OR/btn_EDIT_CLAIM_Details' is clicked on

2018-01-30 15:29:06 - [TEST_STEP][PASSED] - delay: Delayed 4 second(s)

2018-01-30 15:29:10 - [MESSAGE][PASSED] - Delayed 4 second(s)

2018-01-30 15:29:10 - [TEST_STEP][PASSED] - click: Object: 'Object Repository/ENDORSEMENT_AGENT_OR/drp_NUMOFCLAIMS' is clicked on

2018-01-30 15:29:10 - [MESSAGE][PASSED] - Object: 'Object Repository/ENDORSEMENT_AGENT_OR/drp_NUMOFCLAIMS' is clicked on

2018-01-30 15:29:10 - [TEST_STEP][PASSED] - delay: Delayed 4 second(s)

2018-01-30 15:29:14 - [MESSAGE][PASSED] - Delayed 4 second(s)

2018-01-30 15:29:14 - [TEST_STEP][PASSED] - selectOptionByValue: All options with value '1' are selected in object 'Object Repository/ENDORSEMENT_AGENT_OR/drp_NUMOFCLAIMS' 

2018-01-30 15:29:14 - [MESSAGE][PASSED] - All options with value '1' are selected in object 'Object Repository/ENDORSEMENT_AGENT_OR/drp_NUMOFCLAIMS' 

2018-01-30 15:29:14 - [TEST_STEP][PASSED] - delay: Delayed 4 second(s)

2018-01-30 15:29:18 - [MESSAGE][PASSED] - Delayed 4 second(s)

2018-01-30 15:29:18 - [TEST_STEP][PASSED] - click: Object: 'Object Repository/ENDORSEMENT_AGENT_OR/btn-UPDATE_NUMOFCLAIMS' is clicked on

2018-01-30 15:29:19 - [MESSAGE][PASSED] - Object: 'Object Repository/ENDORSEMENT_AGENT_OR/btn-UPDATE_NUMOFCLAIMS' is clicked on

2018-01-30 15:29:19 - [TEST_STEP][PASSED] - delay: Delayed 4 second(s)

2018-01-30 15:29:23 - [MESSAGE][PASSED] - Delayed 4 second(s)

2018-01-30 15:29:23 - [TEST_STEP][PASSED] - setText: Text '01/03/2017' is set on object 'Object Repository/ENDORSEMENT_AGENT_OR/txtfield-DATE_OF_LOSS_CLAIM'

2018-01-30 15:29:23 - [MESSAGE][PASSED] - Text '01/03/2017' is set on object 'Object Repository/ENDORSEMENT_AGENT_OR/txtfield-DATE_OF_LOSS_CLAIM'

2018-01-30 15:29:23 - [TEST_STEP][PASSED] - setText: Text '50000' is set on object 'Object Repository/ENDORSEMENT_AGENT_OR/txtfield-LOSSAMOUNT_CLAIM'

2018-01-30 15:29:23 - [MESSAGE][PASSED] - Text '50000' is set on object 'Object Repository/ENDORSEMENT_AGENT_OR/txtfield-LOSSAMOUNT_CLAIM'

2018-01-30 15:29:23 - [TEST_STEP][PASSED] - selectOptionByValue: All options with value '2' are selected in object 'Object Repository/ENDORSEMENT_AGENT_OR/drp-TYPEOFINCIDENT' 

2018-01-30 15:29:24 - [MESSAGE][PASSED] - All options with value '2' are selected in object 'Object Repository/ENDORSEMENT_AGENT_OR/drp-TYPEOFINCIDENT' 

2018-01-30 15:29:24 - [TEST_STEP][PASSED] - delay: Delayed 4 second(s)

2018-01-30 15:29:28 - [MESSAGE][PASSED] - Delayed 4 second(s)

2018-01-30 15:29:28 - [TEST_STEP][PASSED] - scrollToPosition: Browser is scrolled to position x = 0, y = 50

2018-01-30 15:29:28 - [MESSAGE][PASSED] - Browser is scrolled to position x = 0, y = 50

2018-01-30 15:29:28 - [TEST_STEP][PASSED] - click: Object: 'Object Repository/ENDORSEMENT_AGENT_OR/btn-UPDATE_NUMOFCLAIMS' is clicked on

2018-01-30 15:29:28 - [MESSAGE][PASSED] - Object: 'Object Repository/ENDORSEMENT_AGENT_OR/btn-UPDATE_NUMOFCLAIMS' is clicked on

2018-01-30 15:29:28 - [TEST_STEP][PASSED] - delay: Delayed 8 second(s)

2018-01-30 15:29:36 - [MESSAGE][PASSED] - Delayed 8 second(s)

2018-01-30 15:29:36 - [TEST_STEP][PASSED] - click: Object: 'Object Repository/Endorsement_OR/btn_RECALCULATE_UW' is clicked on

2018-01-30 15:29:36 - [MESSAGE][PASSED] - Object: 'Object Repository/Endorsement_OR/btn_RECALCULATE_UW' is clicked on

2018-01-30 15:29:36 - [TEST_STEP][PASSED] - delay: Delayed 3 second(s)

2018-01-30 15:29:39 - [MESSAGE][PASSED] - Delayed 3 second(s)

2018-01-30 15:29:39 - [TEST_STEP][PASSED] - Statement - getInsuredName = com.kms.katalon.core.webui.keyword.WebUiBuiltInKeywords.getText(com.kms.katalon.core.testobject.ObjectRepository.findTestObject(Generic_OR/get_INSURED_NAME)): Text of object 'Object Repository/Generic_OR/get_INSURED_NAME' is: 'James Racher Lastin'

2018-01-30 15:29:39 - [MESSAGE][PASSED] - Text of object 'Object Repository/Generic_OR/get_INSURED_NAME' is: 'James Racher Lastin'

2018-01-30 15:29:39 - [TEST_STEP][PASSED] - Statement - println(getInsuredName): null

2018-01-30 15:29:39 - [TEST_STEP][PASSED] - Statement - hdnPolicyInfoIdEND = com.kms.katalon.core.testobject.ObjectRepository.findTestObject(Generic_OR/hdnPolicyInfoId): Finding Test Object with id 'Object Repository/Generic_OR/hdnPolicyInfoId'

2018-01-30 15:29:39 - [TEST_STEP][PASSED] - Statement - policyInfoid = com.kms.katalon.core.webui.keyword.WebUiBuiltInKeywords.getAttribute(hdnPolicyInfoIdEND, "value"): Attribute 'value' of object 'Object Repository/Generic_OR/hdnPolicyInfoId' is: '3556'

2018-01-30 15:29:39 - [MESSAGE][PASSED] - Attribute 'value' of object 'Object Repository/Generic_OR/hdnPolicyInfoId' is: '3556'

2018-01-30 15:29:39 - [TEST_STEP][PASSED] - Statement - policyInfoId = policyInfoid: null

2018-01-30 15:29:39 - [TEST_STEP][PASSED] - click: Object: 'Object Repository/ENDORSEMENT_AGENT_OR/btn_INSURED_SIGNATURE' is clicked on

2018-01-30 15:29:39 - [MESSAGE][PASSED] - Object: 'Object Repository/ENDORSEMENT_AGENT_OR/btn_INSURED_SIGNATURE' is clicked on

2018-01-30 15:29:39 - [TEST_STEP][PASSED] - delay: Delayed 3 second(s)

2018-01-30 15:29:42 - [MESSAGE][PASSED] - Delayed 3 second(s)

2018-01-30 15:29:42 - [TEST_STEP][PASSED] - click: Object: 'Object Repository/Application_OR/txtbx_INSURED_SIGNATURE' is clicked on

2018-01-30 15:29:42 - [MESSAGE][PASSED] - Object: 'Object Repository/Application_OR/txtbx_INSURED_SIGNATURE' is clicked on

2018-01-30 15:29:42 - [TEST_STEP][PASSED] - delay: Delayed 2 second(s)

2018-01-30 15:29:44 - [MESSAGE][PASSED] - Delayed 2 second(s)

2018-01-30 15:29:44 - [TEST_STEP][PASSED] - setText: Text 'James Racher Lastin' is set on object 'Object Repository/Application_OR/txtbx_INSURED_SIGNATURE'

2018-01-30 15:29:45 - [MESSAGE][PASSED] - Text 'James Racher Lastin' is set on object 'Object Repository/Application_OR/txtbx_INSURED_SIGNATURE'

2018-01-30 15:29:45 - [TEST_STEP][PASSED] - delay: Delayed 2 second(s)

2018-01-30 15:29:47 - [MESSAGE][PASSED] - Delayed 2 second(s)

2018-01-30 15:29:47 - [TEST_STEP][PASSED] - click: Object: 'Object Repository/Application_OR/btn_SUBMIT_INSURED_SIGNATURE' is clicked on

2018-01-30 15:29:47 - [MESSAGE][PASSED] - Object: 'Object Repository/Application_OR/btn_SUBMIT_INSURED_SIGNATURE' is clicked on

2018-01-30 15:29:47 - [TEST_STEP][PASSED] - Statement - otpQueryEND = "SELECT TOP 1 OtpGenerated FROM PPE_ApplicationForms_trn where PolicyInfoId = " + policyInfoId + " Order BY ModifiedDateTime DESC": null

2018-01-30 15:29:47 - [TEST_STEP][PASSED] - Statement - println("otpQuery" + " " + otpQueryEND): null

2018-01-30 15:29:47 - [TEST_STEP][PASSED] - com.PPE.Database_Connection.connectDB: com.PPE.Database_Connection.connectDB is PASSED

2018-01-30 15:29:48 - [MESSAGE][PASSED] - com.PPE.Database_Connection.connectDB is PASSED

2018-01-30 15:29:48 - [TEST_STEP][PASSED] - Statement - recordset1 = CustomKeywords.com.PPE.Database_Connection.executeQuery(otpQueryEND): com.PPE.Database_Connection.executeQuery is PASSED

2018-01-30 15:29:48 - [MESSAGE][PASSED] - com.PPE.Database_Connection.executeQuery is PASSED

2018-01-30 15:29:48 - [TEST_STEP][PASSED] - Statement - otpEndorsement = 0: null

2018-01-30 15:29:48 - [TEST_STEP][PASSED] - Statement - While (recordset1.next()): null

2018-01-30 15:29:48 - [TEST_STEP][PASSED] - Statement - otpEndorsement = recordset1.getObject("OtpGenerated"): null

2018-01-30 15:29:48 - [TEST_STEP][PASSED] - Statement - println("otp" + " " + otpEndorsement): null

2018-01-30 15:29:48 - [TEST_STEP][PASSED] - delay: Delayed 10 second(s)

2018-01-30 15:29:59 - [MESSAGE][PASSED] - Delayed 10 second(s)

2018-01-30 15:29:59 - [TEST_STEP][PASSED] - Statement - txtOtp = com.kms.katalon.core.testobject.ObjectRepository.findTestObject(Application_OR/txtfield-OTP): Finding Test Object with id 'Object Repository/Application_OR/txtfield-OTP'

2018-01-30 15:29:59 - [TEST_STEP][PASSED] - setText: Text '5175' is set on object 'Object Repository/Application_OR/txtfield-OTP'

2018-01-30 15:29:59 - [MESSAGE][PASSED] - Text '5175' is set on object 'Object Repository/Application_OR/txtfield-OTP'

2018-01-30 15:29:59 - [TEST_STEP][PASSED] - delay: Delayed 1 second(s)

2018-01-30 15:30:00 - [MESSAGE][PASSED] - Delayed 1 second(s)

2018-01-30 15:30:00 - [TEST_STEP][PASSED] - click: Object: 'Object Repository/Application_OR/btn_OTP_VERIFY' is clicked on

2018-01-30 15:30:00 - [MESSAGE][PASSED] - Object: 'Object Repository/Application_OR/btn_OTP_VERIFY' is clicked on

2018-01-30 15:30:00 - [TEST_STEP][PASSED] - delay: Delayed 5 second(s)

2018-01-30 15:30:05 - [MESSAGE][PASSED] - Delayed 5 second(s)

2018-01-30 15:30:05 - [TEST_STEP][PASSED] - click: Object: 'Object Repository/Application_OR/btn_SUBMIT_FOR_UW_APPROVAL' is clicked on

2018-01-30 15:30:20 - [MESSAGE][PASSED] - Object: 'Object Repository/Application_OR/btn_SUBMIT_FOR_UW_APPROVAL' is clicked on

2018-01-30 15:30:20 - [TEST_STEP][PASSED] - delay: Delayed 15 second(s)

2018-01-30 15:30:35 - [MESSAGE][PASSED] - Delayed 15 second(s)

2018-01-30 15:30:35 - [TEST_STEP][PASSED] - click: Object: 'Object Repository/Application_OR/btn_LOGOUT' is clicked on

2018-01-30 15:30:36 - [MESSAGE][PASSED] - Object: 'Object Repository/Application_OR/btn_LOGOUT' is clicked on

2018-01-30 15:30:36 - [TEST_STEP][PASSED] - delay: Delayed 10 second(s)

2018-01-30 15:30:46 - [MESSAGE][PASSED] - Delayed 10 second(s)]]></system-out>
         <system-err><![CDATA[]]></system-err>
      </testcase>
      <testcase name="Test Cases/ENDORSEMENT_APPROVAL_UW" classname="Test Cases/ENDORSEMENT_APPROVAL_UW" status="PASSED">
         <system-out><![CDATA[2018-01-30 15:30:46 - [TEST_CASE][PASSED] - Test Cases/ENDORSEMENT_APPROVAL_UW: Test Cases/ENDORSEMENT_APPROVAL_UW

2018-01-30 15:30:46 - [TEST_STEP][PASSED] - setText: Text 'ih.william' is set on object 'Object Repository/Quote_OR/txtfield_USERNAME'

2018-01-30 15:30:46 - [MESSAGE][PASSED] - Text 'ih.william' is set on object 'Object Repository/Quote_OR/txtfield_USERNAME'

2018-01-30 15:30:46 - [TEST_STEP][PASSED] - setText: Text '10#Hammer' is set on object 'Object Repository/Quote_OR/txtfield_PASSWORD'

2018-01-30 15:30:47 - [MESSAGE][PASSED] - Text '10#Hammer' is set on object 'Object Repository/Quote_OR/txtfield_PASSWORD'

2018-01-30 15:30:47 - [TEST_STEP][PASSED] - click: Object: 'Object Repository/Quote_OR/btn-LOGIN' is clicked on

2018-01-30 15:30:49 - [MESSAGE][PASSED] - Object: 'Object Repository/Quote_OR/btn-LOGIN' is clicked on

2018-01-30 15:30:49 - [TEST_STEP][PASSED] - delay: Delayed 5 second(s)

2018-01-30 15:30:54 - [MESSAGE][PASSED] - Delayed 5 second(s)

2018-01-30 15:30:54 - [TEST_STEP][PASSED] - Statement - btnId = "//*[@id="btnLoadApplication_" + policyInfoId + ""]": null

2018-01-30 15:30:54 - [TEST_STEP][PASSED] - Statement - btnViewApplication = new com.kms.katalon.core.testobject.TestObject(btnViewApplication): null

2018-01-30 15:30:54 - [TEST_STEP][PASSED] - Statement - btnViewApplication.addProperty("xpath", EQUALS, btnId, true): null

2018-01-30 15:30:54 - [TEST_STEP][PASSED] - delay: Delayed 20 second(s)

2018-01-30 15:31:14 - [MESSAGE][PASSED] - Delayed 20 second(s)

2018-01-30 15:31:14 - [TEST_STEP][PASSED] - click: Object: 'btnViewApplication' is clicked on

2018-01-30 15:31:17 - [MESSAGE][PASSED] - Object: 'btnViewApplication' is clicked on

2018-01-30 15:31:17 - [TEST_STEP][PASSED] - delay: Delayed 8 second(s)

2018-01-30 15:31:25 - [MESSAGE][PASSED] - Delayed 8 second(s)

2018-01-30 15:31:25 - [TEST_STEP][PASSED] - click: Object: 'Object Repository/Endorsement_OR/btn_GENERATE_FORMS_UW' is clicked on

2018-01-30 15:31:25 - [MESSAGE][PASSED] - Object: 'Object Repository/Endorsement_OR/btn_GENERATE_FORMS_UW' is clicked on

2018-01-30 15:31:25 - [TEST_STEP][PASSED] - delay: Delayed 4 second(s)

2018-01-30 15:31:29 - [MESSAGE][PASSED] - Delayed 4 second(s)

2018-01-30 15:31:29 - [TEST_STEP][PASSED] - click: Object: 'Object Repository/Endorsement_OR/chkbx_HOMEOWNER_END_FORM' is clicked on

2018-01-30 15:31:30 - [MESSAGE][PASSED] - Object: 'Object Repository/Endorsement_OR/chkbx_HOMEOWNER_END_FORM' is clicked on

2018-01-30 15:31:30 - [TEST_STEP][PASSED] - delay: Delayed 4 second(s)

2018-01-30 15:31:34 - [MESSAGE][PASSED] - Delayed 4 second(s)

2018-01-30 15:31:34 - [TEST_STEP][PASSED] - click: Object: 'Object Repository/Endorsement_OR/btn_APPROVE_ENDORSEMENT' is clicked on

2018-01-30 15:31:34 - [MESSAGE][PASSED] - Object: 'Object Repository/Endorsement_OR/btn_APPROVE_ENDORSEMENT' is clicked on

2018-01-30 15:31:34 - [TEST_STEP][PASSED] - delay: Delayed 80 second(s)

2018-01-30 15:32:54 - [MESSAGE][PASSED] - Delayed 80 second(s)]]></system-out>
         <system-err><![CDATA[]]></system-err>
      </testcase>
      <testcase name="Test Cases/gettext" classname="Test Cases/gettext" status="FAILED">
         <failure type="FAILED" message="Unable to click on object (Root cause: java.lang.IllegalArgumentException: Object is null)"/>
         <system-out><![CDATA[2018-01-30 15:32:54 - [TEST_CASE][FAILED] - Test Cases/gettext: Test Cases/gettext FAILED because (of) Unable to click on object (Root cause: java.lang.IllegalArgumentException: Object is null)

2018-01-30 15:32:54 - [TEST_STEP][PASSED] - Statement - policynumber = com.kms.katalon.core.webui.keyword.WebUiBuiltInKeywords.getText(com.kms.katalon.core.testobject.ObjectRepository.findTestObject(Endorsement_OR/get_POLICYNUMBER)): Text of object 'Object Repository/Endorsement_OR/get_POLICYNUMBER' is: 'BCIHGA1800131'

2018-01-30 15:32:54 - [MESSAGE][PASSED] - Text of object 'Object Repository/Endorsement_OR/get_POLICYNUMBER' is: 'BCIHGA1800131'

2018-01-30 15:32:54 - [TEST_STEP][PASSED] - Statement - println(policynumber): null

2018-01-30 15:32:54 - [TEST_STEP][PASSED] - delay: Delayed 4 second(s)

2018-01-30 15:32:58 - [MESSAGE][PASSED] - Delayed 4 second(s)

2018-01-30 15:32:58 - [TEST_STEP][FAILED] - click: Unable to click on object (Root cause: java.lang.IllegalArgumentException: Object is null)

2018-01-30 15:32:58 - [MESSAGE][WARNING] - Test object with id 'Object Repository/CANCELLATION_BY_UW_OR/menu_CANCELLATION' does not exist

2018-01-30 15:32:58 - [MESSAGE][WARNING] - Test object with id 'Object Repository/' does not exist

2018-01-30 15:32:59 - [MESSAGE][FAILED] - Unable to click on object (Root cause: java.lang.IllegalArgumentException: Object is null)
[[ATTACHMENT|D:\\Katalon_Practice_Workspace\\Katalon_Mitendra\\Reports\\PPE\\20180130_151157\\1517306578575.png]]]]></system-out>
         <system-err><![CDATA[2018-01-30 15:32:54 - [TEST_CASE][FAILED] - Test Cases/gettext: Test Cases/gettext FAILED because (of) Unable to click on object (Root cause: java.lang.IllegalArgumentException: Object is null)]]></system-err>
      </testcase>
      <system-out><![CDATA[2018-01-30 15:11:59 - [TEST_SUITE][FAILED] - PPE: Test Cases/gettext FAILED because (of) Unable to click on object (Root cause: java.lang.IllegalArgumentException: Object is null)]]></system-out>
      <system-err><![CDATA[2018-01-30 15:11:59 - [TEST_SUITE][FAILED] - PPE: Test Cases/gettext FAILED because (of) Unable to click on object (Root cause: java.lang.IllegalArgumentException: Object is null)]]></system-err>
   </testsuite>
</testsuites>
