<?xml version="1.0" encoding="UTF-8"?>
<testsuites name="PPE" time="1205" tests="9" failures="0" errors="0">
   <testsuite name="PPE" tests="9" failures="0" errors="0" time="1205" timestamp="2018-03-05 16:21:09" hostname="gsalunkhe - CTS-QUA-4.cogitate.india" id="Test Suites/PPE">
      <properties>
         <property name="deviceName" value=""/>
         <property name="devicePlatform" value=""/>
         <property name="logFolder" value="D:\\Katalon_Practice_Workspace\\Complete PPE\\Reports\\PPE\\20180305_162107"/>
         <property name="logFiles" value="D:\\Katalon_Practice_Workspace\\Complete PPE\\Reports\\PPE\\20180305_162107\\execution0.log"/>
         <property name="attachments" value=""/>
         <property name="hostName" value="gsalunkhe - CTS-QUA-4.cogitate.india"/>
         <property name="os" value="Windows 7 64bit"/>
         <property name="katalonVersion" value="5.0.1.1"/>
         <property name="browser" value="Chrome 64.0.3282.186"/>
         <property name="hostAddress" value="192.168.0.4"/>
         <property name="sessionId" value="eb5d78cb7e477d558c243c6a6caa4090"/>
         <property name="seleniumVersion" value="2.53.0"/>
         <property name="proxyInformation" value="ProxyInformation{proxyOption=NO_PROXY, proxyServerType=, password=, proxyServerAddress=, proxyServerPort=0}"/>
         <property name="platform" value="Windows 7"/>
      </properties>
      <testcase name="Test Cases/URL Navigation/Navigate To URL" classname="Test Cases/URL Navigation/Navigate To URL" status="PASSED">
         <system-out><![CDATA[2018-03-05 16:21:09 - [TEST_CASE][PASSED] - Test Cases/URL Navigation/Navigate To URL: Test Cases/URL Navigation/Navigate To URL

2018-03-05 16:21:09 - [TEST_STEP][PASSED] - com.PPE.url_Navigation.gotoURL: com.PPE.url_Navigation.gotoURL is PASSED

2018-03-05 16:21:16 - [MESSAGE][PASSED] - Browser is opened with url: 'http://test.cogitate.us/PPE.Test/'

2018-03-05 16:21:16 - [MESSAGE][PASSED] - Wait for page load successfully

2018-03-05 16:21:17 - [MESSAGE][PASSED] - Current window maximized

2018-03-05 16:21:17 - [MESSAGE][PASSED] - com.PPE.url_Navigation.gotoURL is PASSED]]></system-out>
         <system-err><![CDATA[]]></system-err>
      </testcase>
      <testcase name="Test Cases/Login In PPE Application/Incorrect Attempt for Login" classname="Test Cases/Login In PPE Application/Incorrect Attempt for Login" status="PASSED">
         <system-out><![CDATA[2018-03-05 16:21:17 - [TEST_CASE][PASSED] - Test Cases/Login In PPE Application/Incorrect Attempt for Login: Test Cases/Login In PPE Application/Incorrect Attempt for Login

2018-03-05 16:21:17 - [TEST_STEP][PASSED] - com.PPE.IncorrectLogin.login: com.PPE.IncorrectLogin.login is PASSED

2018-03-05 16:21:18 - [MESSAGE][PASSED] - Text '125634' is set on object 'Object Repository/Quote_OR/txtfield_USERNAME'

2018-03-05 16:21:18 - [MESSAGE][PASSED] - Text '10#Hammer' is set on object 'Object Repository/Quote_OR/txtfield_PASSWORD'

2018-03-05 16:21:19 - [MESSAGE][PASSED] - Object: 'Object Repository/Quote_OR/btn-LOGIN' is clicked on

2018-03-05 16:21:25 - [MESSAGE][PASSED] - Delayed 6 second(s)

2018-03-05 16:21:26 - [MESSAGE][PASSED] - Text 'ih.chelms' is set on object 'Object Repository/Quote_OR/txtfield_USERNAME'

2018-03-05 16:21:26 - [MESSAGE][PASSED] - Text '123456' is set on object 'Object Repository/Quote_OR/txtfield_PASSWORD'

2018-03-05 16:21:30 - [MESSAGE][PASSED] - Object: 'Object Repository/Quote_OR/btn-LOGIN' is clicked on

2018-03-05 16:21:36 - [MESSAGE][PASSED] - Delayed 6 second(s)

2018-03-05 16:21:36 - [MESSAGE][PASSED] - Text 'ih.jbutler' is set on object 'Object Repository/Quote_OR/txtfield_USERNAME'

2018-03-05 16:21:36 - [MESSAGE][PASSED] - Text '123456' is set on object 'Object Repository/Quote_OR/txtfield_PASSWORD'

2018-03-05 16:21:39 - [MESSAGE][PASSED] - Object: 'Object Repository/Quote_OR/btn-LOGIN' is clicked on

2018-03-05 16:21:45 - [MESSAGE][PASSED] - Delayed 6 second(s)

2018-03-05 16:21:46 - [MESSAGE][PASSED] - Text 'Ganesh' is set on object 'Object Repository/Quote_OR/txtfield_USERNAME'

2018-03-05 16:21:46 - [MESSAGE][PASSED] - Text 'Salunkhe' is set on object 'Object Repository/Quote_OR/txtfield_PASSWORD'

2018-03-05 16:21:51 - [MESSAGE][PASSED] - Object: 'Object Repository/Quote_OR/btn-LOGIN' is clicked on

2018-03-05 16:21:57 - [MESSAGE][PASSED] - Delayed 6 second(s)

2018-03-05 16:21:58 - [MESSAGE][PASSED] - Text 'ih.william' is set on object 'Object Repository/Quote_OR/txtfield_USERNAME'

2018-03-05 16:21:58 - [MESSAGE][PASSED] - Text 'ih.chelms' is set on object 'Object Repository/Quote_OR/txtfield_PASSWORD'

2018-03-05 16:21:59 - [MESSAGE][PASSED] - Object: 'Object Repository/Quote_OR/btn-LOGIN' is clicked on

2018-03-05 16:22:05 - [MESSAGE][PASSED] - Delayed 6 second(s)

2018-03-05 16:22:05 - [MESSAGE][PASSED] - com.PPE.IncorrectLogin.login is PASSED]]></system-out>
         <system-err><![CDATA[]]></system-err>
      </testcase>
      <testcase name="Test Cases/Login In PPE Application/Login With Correct Credentials" classname="Test Cases/Login In PPE Application/Login With Correct Credentials" status="PASSED">
         <system-out><![CDATA[2018-03-05 16:22:05 - [TEST_CASE][PASSED] - Test Cases/Login In PPE Application/Login With Correct Credentials: Test Cases/Login In PPE Application/Login With Correct Credentials

2018-03-05 16:22:05 - [TEST_STEP][PASSED] - com.PPE.Login.correctlogin: com.PPE.Login.correctlogin is PASSED

2018-03-05 16:22:05 - [MESSAGE][PASSED] - Text 'ih.chelms' is set on object 'Object Repository/Quote_OR/txtfield_USERNAME'

2018-03-05 16:22:05 - [MESSAGE][PASSED] - Text '10#Hammer' is set on object 'Object Repository/Quote_OR/txtfield_PASSWORD'

2018-03-05 16:22:12 - [MESSAGE][PASSED] - Object: 'Object Repository/Quote_OR/btn-LOGIN' is clicked on

2018-03-05 16:22:12 - [MESSAGE][PASSED] - com.PPE.Login.correctlogin is PASSED]]></system-out>
         <system-err><![CDATA[]]></system-err>
      </testcase>
      <testcase name="Test Cases/Quote Creation/Creating Quote" classname="Test Cases/Quote Creation/Creating Quote" status="PASSED">
         <system-out><![CDATA[2018-03-05 16:22:12 - [TEST_CASE][PASSED] - Test Cases/Quote Creation/Creating Quote: Test Cases/Quote Creation/Creating Quote

2018-03-05 16:22:12 - [TEST_STEP][PASSED] - Statement - propertyDataRowCounter = 0: null

2018-03-05 16:22:12 - [TEST_STEP][PASSED] - Statement - configDataRowCounter = 0: null

2018-03-05 16:22:12 - [TEST_STEP][PASSED] - Statement - genericDATA = com.kms.katalon.core.testdata.TestDataFactory.findTestData(PPE_Config_File): Test data is internal data, reading internal data

2018-03-05 16:22:12 - [TEST_STEP][PASSED] - Statement - propertyDATA = com.kms.katalon.core.testdata.TestDataFactory.findTestData(PPEPROPERTYDATA): Test data is internal data, reading internal data

2018-03-05 16:22:12 - [TEST_STEP][PASSED] - Statement - If (genericDATA.internallyGetValue("STATE", configDataRowCounter) == "GA"): Text '1605 Chestnut St Macon, GA 31201 USA' is set on object 'Object Repository/Quote_OR/txtfield_ADDRESS_ON_LANDING_PAGE'

2018-03-05 16:22:12 - [TEST_STEP][PASSED] - setText: Text '1605 Chestnut St Macon, GA 31201 USA' is set on object 'Object Repository/Quote_OR/txtfield_ADDRESS_ON_LANDING_PAGE'

2018-03-05 16:22:12 - [MESSAGE][PASSED] - Text '1605 Chestnut St Macon, GA 31201 USA' is set on object 'Object Repository/Quote_OR/txtfield_ADDRESS_ON_LANDING_PAGE'

2018-03-05 16:22:12 - [TEST_STEP][PASSED] - click: Object: 'Object Repository/Quote_OR/btn_SEARCH_ADDRESS' is clicked on

2018-03-05 16:22:23 - [MESSAGE][PASSED] - Object: 'Object Repository/Quote_OR/btn_SEARCH_ADDRESS' is clicked on

2018-03-05 16:22:23 - [TEST_STEP][PASSED] - waitForPageLoad: Wait for page load successfully

2018-03-05 16:22:23 - [MESSAGE][PASSED] - Wait for page load successfully

2018-03-05 16:22:23 - [TEST_STEP][PASSED] - com.PPE.QuotePropertyDataSelection.QuoteCreation: com.PPE.QuotePropertyDataSelection.QuoteCreation is PASSED

2018-03-05 16:22:24 - [MESSAGE][PASSED] - All options with index in [1] are selected on object 'Object Repository/Quote_OR/drp_PROPERTY_TYPE'

2018-03-05 16:22:24 - [MESSAGE][PASSED] - Text '' is set on object 'Object Repository/Quote_OR/txtfield_HOME_VALUATION'

2018-03-05 16:22:24 - [MESSAGE][PASSED] - Object: 'Object Repository/Quote_OR/btn_GETQUOTE' is clicked on

2018-03-05 16:22:24 - [MESSAGE][PASSED] - All options with index in [2] are selected on object 'Object Repository/Quote_OR/drp_CONSTRUCTION_TYPE'

2018-03-05 16:22:24 - [MESSAGE][PASSED] - Text '75000' is set on object 'Object Repository/Quote_OR/txtfield_HOME_VALUATION'

2018-03-05 16:22:26 - [MESSAGE][PASSED] - Delayed 2 second(s)

2018-03-05 16:22:27 - [MESSAGE][PASSED] - Text '' is set on object 'Object Repository/Quote_OR/txtbx_YEARHOMEBUILD'

2018-03-05 16:22:27 - [MESSAGE][PASSED] - Object: 'Object Repository/Quote_OR/btn_GETQUOTE' is clicked on

2018-03-05 16:22:27 - [MESSAGE][PASSED] - Text '1968' is set on object 'Object Repository/Quote_OR/txtbx_YEARHOMEBUILD'

2018-03-05 16:22:27 - [MESSAGE][PASSED] - Object: 'Object Repository/Quote_OR/btn_GETQUOTE' is clicked on

2018-03-05 16:22:31 - [MESSAGE][PASSED] - Delayed 4 second(s)

2018-03-05 16:22:31 - [MESSAGE][PASSED] - Object: 'Object Repository/Quote_OR/btn_SENDQUOTE' is clicked on

2018-03-05 16:22:32 - [MESSAGE][PASSED] - Delayed 1 second(s)

2018-03-05 16:22:32 - [MESSAGE][PASSED] - Object: 'Object Repository/Quote_OR/btn_SEND_QUOTE_DETAILS' is clicked on

2018-03-05 16:22:33 - [MESSAGE][PASSED] - Delayed 1 second(s)

2018-03-05 16:22:34 - [MESSAGE][PASSED] - Text 'Mack' is set on object 'Object Repository/Quote_OR/txtfield_SENDQUOTE_FIRSTNAME'

2018-03-05 16:22:34 - [MESSAGE][PASSED] - Text 'Roger' is set on object 'Object Repository/Quote_OR/txtfield_SENDQUOTE_LASTNAME'

2018-03-05 16:22:37 - [MESSAGE][PASSED] - Delayed 3 second(s)

2018-03-05 16:22:37 - [MESSAGE][PASSED] - Text '9768180080' is set on object 'Object Repository/Quote_OR/txtfield_SENDQUOTE_CONTACTNUMBER'

2018-03-05 16:22:40 - [MESSAGE][PASSED] - Delayed 3 second(s)

2018-03-05 16:22:41 - [MESSAGE][PASSED] - Text 'gsalunkhe@cogitate.us' is set on object 'Object Repository/Quote_OR/txtfield_SENDQUOTE_EMAIL'

2018-03-05 16:22:45 - [MESSAGE][PASSED] - Delayed 4 second(s)

2018-03-05 16:22:45 - [MESSAGE][PASSED] - Object: 'Object Repository/Quote_OR/btn_SEND_QUOTE_DETAILS' is clicked on

2018-03-05 16:22:49 - [MESSAGE][PASSED] - Delayed 4 second(s)

2018-03-05 16:22:49 - [MESSAGE][PASSED] - All options with index in [1] are selected on object 'Object Repository/Quote_OR/drp_CONSTRUCTION_TYPE'

2018-03-05 16:22:57 - [MESSAGE][PASSED] - Delayed 8 second(s)

2018-03-05 16:22:57 - [MESSAGE][PASSED] - Object: 'Object Repository/Quote_OR/btn_RECALCULATE_PREMIUM' is clicked on

2018-03-05 16:22:57 - [MESSAGE][PASSED] - com.PPE.QuotePropertyDataSelection.QuoteCreation is PASSED]]></system-out>
         <system-err><![CDATA[]]></system-err>
      </testcase>
      <testcase name="Test Cases/Application Creation/Creating an Application" classname="Test Cases/Application Creation/Creating an Application" status="PASSED">
         <system-out><![CDATA[2018-03-05 16:22:57 - [TEST_CASE][PASSED] - Test Cases/Application Creation/Creating an Application: Test Cases/Application Creation/Creating an Application

2018-03-05 16:22:58 - [TEST_STEP][PASSED] - Statement - propertyDataRowCounter = 0: null

2018-03-05 16:22:58 - [TEST_STEP][PASSED] - Statement - configDataRowCounter = 0: null

2018-03-05 16:22:58 - [TEST_STEP][PASSED] - Statement - genericDATA = com.kms.katalon.core.testdata.TestDataFactory.findTestData(PPE_Config_File): Test data is internal data, reading internal data

2018-03-05 16:22:58 - [TEST_STEP][PASSED] - Statement - propertyDATA = com.kms.katalon.core.testdata.TestDataFactory.findTestData(PPEPROPERTYDATA): Test data is internal data, reading internal data

2018-03-05 16:22:58 - [TEST_STEP][PASSED] - Statement - Address = com.kms.katalon.core.testobject.ObjectRepository.findTestObject(Endorsement_OR/get_Address): Finding Test Object with id 'Object Repository/Endorsement_OR/get_Address'

2018-03-05 16:22:58 - [TEST_STEP][PASSED] - Statement - propertyaddress = com.kms.katalon.core.webui.keyword.WebUiBuiltInKeywords.getAttribute(Address, "value"): Attribute 'value' of object 'Object Repository/Endorsement_OR/get_Address' is: '1605 Chestnut St, Macon, GA 31201, USA'

2018-03-05 16:22:58 - [MESSAGE][PASSED] - Attribute 'value' of object 'Object Repository/Endorsement_OR/get_Address' is: '1605 Chestnut St, Macon, GA 31201, USA'

2018-03-05 16:22:58 - [TEST_STEP][PASSED] - Statement - println(propertyaddress): null

2018-03-05 16:22:58 - [TEST_STEP][PASSED] - Statement - propertyaddress = propertyaddress: null

2018-03-05 16:22:58 - [TEST_STEP][PASSED] - com.PPE.Saving_PolicyHolderInfo_Page.PolicyHolderPage: com.PPE.Saving_PolicyHolderInfo_Page.PolicyHolderPage is PASSED

2018-03-05 16:23:02 - [MESSAGE][PASSED] - Delayed 4 second(s)

2018-03-05 16:23:03 - [MESSAGE][PASSED] - Object: 'Object Repository/Application_OR/btn_TOAPPLICATION' is clicked on

2018-03-05 16:23:07 - [MESSAGE][PASSED] - Delayed 4 second(s)

2018-03-05 16:23:07 - [MESSAGE][PASSED] - Object: 'Object Repository/Application_OR/btn-YES_IS_BNESS_PREMISES' is clicked on

2018-03-05 16:23:09 - [MESSAGE][PASSED] - Delayed 2 second(s)

2018-03-05 16:23:09 - [MESSAGE][PASSED] - Object: 'Object Repository/Application_OR/btn-YES_FOOT_TRAFFIC' is clicked on

2018-03-05 16:23:11 - [MESSAGE][PASSED] - Delayed 2 second(s)

2018-03-05 16:23:11 - [MESSAGE][PASSED] - Text '11' is set on object 'Object Repository/Application_OR/txtfield-Traffic_Percentage'

2018-03-05 16:23:14 - [MESSAGE][PASSED] - Delayed 3 second(s)

2018-03-05 16:23:14 - [MESSAGE][PASSED] - Object: 'Object Repository/Application_OR/btn_CONTINUE_UW_QUESTIONS' is clicked on

2018-03-05 16:23:17 - [MESSAGE][PASSED] - Delayed 3 second(s)

2018-03-05 16:23:18 - [MESSAGE][PASSED] - Text '10' is set on object 'Object Repository/Application_OR/txtfield-Traffic_Percentage'

2018-03-05 16:23:22 - [MESSAGE][PASSED] - Delayed 4 second(s)

2018-03-05 16:23:22 - [MESSAGE][PASSED] - Object: 'Object Repository/Application_OR/btn_CONTINUE_UW_QUESTIONS' is clicked on

2018-03-05 16:23:25 - [MESSAGE][PASSED] - Delayed 3 second(s)

2018-03-05 16:23:25 - [MESSAGE][PASSED] - Object: 'Object Repository/Application_OR/txtfield_INSURED_FIRSTNAME' is clicked on

2018-03-05 16:23:25 - [MESSAGE][PASSED] - Text '' is set on object 'Object Repository/Application_OR/txtfield_INSURED_FIRSTNAME'

2018-03-05 16:23:25 - [MESSAGE][PASSED] - Text 'Clement' is set on object 'Object Repository/Application_OR/txtfield_INSURED_FIRSTNAME'

2018-03-05 16:23:25 - [MESSAGE][PASSED] - Text '' is set on object 'Object Repository/Application_OR/txtfield_INSURED_MIDDLENAME'

2018-03-05 16:23:25 - [MESSAGE][PASSED] - Text 'Hussy' is set on object 'Object Repository/Application_OR/txtfield_INSURED_MIDDLENAME'

2018-03-05 16:23:26 - [MESSAGE][PASSED] - Text '' is set on object 'Object Repository/Application_OR/txtfield_INSURED_LASTNAME'

2018-03-05 16:23:26 - [MESSAGE][PASSED] - Text 'Pattinsoin' is set on object 'Object Repository/Application_OR/txtfield_INSURED_LASTNAME'

2018-03-05 16:23:26 - [MESSAGE][PASSED] - Text '09/10/1999' is set on object 'Object Repository/Application_OR/txtfield_INSURED_DOB'

2018-03-05 16:23:31 - [MESSAGE][PASSED] - Delayed 5 second(s)

2018-03-05 16:23:31 - [MESSAGE][PASSED] - Text 'gsalunkhe@cogitate.us' is set on object 'Object Repository/Application_OR/txtfield_INSURED_EMAIL'

2018-03-05 16:23:36 - [MESSAGE][PASSED] - Delayed 5 second(s)

2018-03-05 16:23:37 - [MESSAGE][PASSED] - Text '9768180080' is set on object 'Object Repository/Application_OR/txtfield_INSURED_CONTACTNUMBER'

2018-03-05 16:23:42 - [MESSAGE][PASSED] - Delayed 5 second(s)

2018-03-05 16:23:42 - [MESSAGE][PASSED] - Attribute 'value' of object 'Object Repository/Generic_OR/hdnPolicyInfoId' is: '3380'

2018-03-05 16:23:42 - [MESSAGE][PASSED] - Object: 'Object Repository/Application_OR/btn_POLICYHOLDER_SAVEANDCONTINUE' is clicked on

2018-03-05 16:23:43 - [MESSAGE][PASSED] - Delayed 1 second(s)

2018-03-05 16:23:43 - [MESSAGE][PASSED] - com.PPE.Saving_PolicyHolderInfo_Page.PolicyHolderPage is PASSED

2018-03-05 16:23:43 - [TEST_STEP][PASSED] - com.PPE.Saving_PropertyInfo_Page.PropertyPage: com.PPE.Saving_PropertyInfo_Page.PropertyPage is PASSED

2018-03-05 16:23:44 - [MESSAGE][PASSED] - Object: 'Object Repository/Application_OR/drp_ROOFTYPE_PROPERTYPAGE' is clicked on

2018-03-05 16:23:47 - [MESSAGE][PASSED] - Delayed 3 second(s)

2018-03-05 16:23:47 - [MESSAGE][PASSED] - All options with index in [1] are selected on object 'Object Repository/Application_OR/drp_ROOFTYPE_PROPERTYPAGE'

2018-03-05 16:23:49 - [MESSAGE][PASSED] - Delayed 2 second(s)

2018-03-05 16:23:49 - [MESSAGE][PASSED] - All options with index in [3] are selected on object 'Object Repository/Application_OR/drp_FOUNDATIONTYPE_PROPERTYPAGE'

2018-03-05 16:23:51 - [MESSAGE][PASSED] - Delayed 2 second(s)

2018-03-05 16:23:51 - [MESSAGE][PASSED] - All options with index in [7] are selected on object 'Object Repository/Application_OR/drp_HEATINGTYPE_PROPERTYPAGE'

2018-03-05 16:23:56 - [MESSAGE][PASSED] - Delayed 5 second(s)

2018-03-05 16:23:56 - [MESSAGE][PASSED] - Object: 'Object Repository/Application_OR/btn_OCCUPANYPAGE_SAVEANDCONTINUE' is clicked on

2018-03-05 16:24:00 - [MESSAGE][PASSED] - Delayed 4 second(s)

2018-03-05 16:24:00 - [MESSAGE][PASSED] - Object: 'Object Repository/Application_OR/btn_YES_ROOFAGE_POPUP' is clicked on

2018-03-05 16:24:04 - [MESSAGE][PASSED] - Delayed 4 second(s)

2018-03-05 16:24:04 - [MESSAGE][PASSED] - Object: 'Object Repository/Application_OR/btn_YES_ELECTRICALAGE_POPUP' is clicked on

2018-03-05 16:24:08 - [MESSAGE][PASSED] - Delayed 4 second(s)

2018-03-05 16:24:09 - [MESSAGE][PASSED] - Object: 'Object Repository/Application_OR/btn_YES_ELECTRICALAGE_POPUP' is clicked on

2018-03-05 16:24:14 - [MESSAGE][PASSED] - Delayed 5 second(s)

2018-03-05 16:24:14 - [MESSAGE][PASSED] - com.PPE.Saving_PropertyInfo_Page.PropertyPage is PASSED

2018-03-05 16:24:14 - [TEST_STEP][PASSED] - com.PPE.Policy_Creation.ApplicationBind: com.PPE.Policy_Creation.ApplicationBind is PASSED

2018-03-05 16:24:15 - [MESSAGE][PASSED] - Object: 'Object Repository/Application_OR/btn_OCCUPANYPAGE_SAVEANDCONTINUE' is clicked on

2018-03-05 16:24:20 - [MESSAGE][PASSED] - Delayed 5 second(s)

2018-03-05 16:24:20 - [MESSAGE][PASSED] - Object 'Object Repository/Application_OR/chkbx_AGREEMENT' is checked

2018-03-05 16:24:30 - [MESSAGE][PASSED] - Delayed 10 second(s)

2018-03-05 16:24:30 - [MESSAGE][PASSED] - Object: 'Object Repository/Application_OR/btn_OCCUPANYPAGE_SAVEANDCONTINUE' is clicked on

2018-03-05 16:24:35 - [MESSAGE][PASSED] - Delayed 5 second(s)

2018-03-05 16:24:48 - [MESSAGE][PASSED] - Object: 'Object Repository/Application_OR/btn_SIGNAPPLICATION_AGENT' is clicked on

2018-03-05 16:24:53 - [MESSAGE][PASSED] - Delayed 5 second(s)

2018-03-05 16:24:53 - [MESSAGE][PASSED] - Text of object 'Object Repository/Application_OR/get_INSUREDNAME_APPLICATION FORMSUMMARY' is: 'Clement Hussy Pattinsoin'

2018-03-05 16:24:53 - [MESSAGE][PASSED] - Object: 'Object Repository/Application_OR/btn_INSURED_SIGNATURE' is clicked on

2018-03-05 16:24:58 - [MESSAGE][PASSED] - Delayed 5 second(s)

2018-03-05 16:24:58 - [MESSAGE][PASSED] - Object: 'Object Repository/Application_OR/txtbx_INSURED_SIGNATURE' is clicked on

2018-03-05 16:25:03 - [MESSAGE][PASSED] - Delayed 5 second(s)

2018-03-05 16:25:04 - [MESSAGE][PASSED] - Text 'Clement Hussy Pattinsoin' is set on object 'Object Repository/Application_OR/txtbx_INSURED_SIGNATURE'

2018-03-05 16:25:04 - [MESSAGE][PASSED] - Object: 'Object Repository/Application_OR/btn_SUBMIT_INSURED_SIGNATURE' is clicked on

2018-03-05 16:25:04 - [MESSAGE][PASSED] - com.PPE.Policy_Creation.ApplicationBind is PASSED

2018-03-05 16:25:04 - [TEST_STEP][PASSED] - Statement - otpQuery = "SELECT TOP 1 OtpGenerated FROM PPE_ApplicationForms_trn where PolicyInfoId = " + policyInfoId + " Order BY ModifiedDateTime DESC": null

2018-03-05 16:25:04 - [TEST_STEP][PASSED] - Statement - println("otpQuery" + " " + otpQuery): null

2018-03-05 16:25:04 - [TEST_STEP][PASSED] - com.PPE.Database_Connection.connectDB: com.PPE.Database_Connection.connectDB is PASSED

2018-03-05 16:25:09 - [MESSAGE][PASSED] - com.PPE.Database_Connection.connectDB is PASSED

2018-03-05 16:25:09 - [TEST_STEP][PASSED] - Statement - recordset = CustomKeywords.com.PPE.Database_Connection.executeQuery(otpQuery): com.PPE.Database_Connection.executeQuery is PASSED

2018-03-05 16:25:09 - [MESSAGE][PASSED] - com.PPE.Database_Connection.executeQuery is PASSED

2018-03-05 16:25:09 - [TEST_STEP][PASSED] - Statement - otp = 0: null

2018-03-05 16:25:09 - [TEST_STEP][PASSED] - Statement - While (recordset.next()): null

2018-03-05 16:25:09 - [TEST_STEP][PASSED] - Statement - otp = recordset.getObject("OtpGenerated"): null

2018-03-05 16:25:09 - [TEST_STEP][PASSED] - Statement - println("otp" + " " + otp): null

2018-03-05 16:25:09 - [TEST_STEP][PASSED] - delay: Delayed 10 second(s)

2018-03-05 16:25:19 - [MESSAGE][PASSED] - Delayed 10 second(s)

2018-03-05 16:25:19 - [TEST_STEP][PASSED] - Statement - txtOtp = com.kms.katalon.core.testobject.ObjectRepository.findTestObject(Application_OR/txtfield-OTP): Finding Test Object with id 'Object Repository/Application_OR/txtfield-OTP'

2018-03-05 16:25:19 - [TEST_STEP][PASSED] - setText: Text '2201' is set on object 'Object Repository/Application_OR/txtfield-OTP'

2018-03-05 16:25:20 - [MESSAGE][PASSED] - Text '2201' is set on object 'Object Repository/Application_OR/txtfield-OTP'

2018-03-05 16:25:20 - [TEST_STEP][PASSED] - delay: Delayed 1 second(s)

2018-03-05 16:25:21 - [MESSAGE][PASSED] - Delayed 1 second(s)

2018-03-05 16:25:21 - [TEST_STEP][PASSED] - click: Object: 'Object Repository/Application_OR/btn_OTP_VERIFY' is clicked on

2018-03-05 16:25:21 - [MESSAGE][PASSED] - Object: 'Object Repository/Application_OR/btn_OTP_VERIFY' is clicked on

2018-03-05 16:25:21 - [TEST_STEP][PASSED] - delay: Delayed 5 second(s)

2018-03-05 16:25:26 - [MESSAGE][PASSED] - Delayed 5 second(s)

2018-03-05 16:25:26 - [TEST_STEP][PASSED] - click: Object: 'Object Repository/Application_OR/btn_AGENT_SIGNATURE' is clicked on

2018-03-05 16:25:26 - [MESSAGE][PASSED] - Object: 'Object Repository/Application_OR/btn_AGENT_SIGNATURE' is clicked on

2018-03-05 16:25:26 - [TEST_STEP][PASSED] - delay: Delayed 2 second(s)

2018-03-05 16:25:28 - [MESSAGE][PASSED] - Delayed 2 second(s)

2018-03-05 16:25:28 - [TEST_STEP][PASSED] - click: Object: 'Object Repository/Application_OR/txtbx_AGENT_SIGNATURE' is clicked on

2018-03-05 16:25:28 - [MESSAGE][PASSED] - Object: 'Object Repository/Application_OR/txtbx_AGENT_SIGNATURE' is clicked on

2018-03-05 16:25:28 - [TEST_STEP][PASSED] - delay: Delayed 2 second(s)

2018-03-05 16:25:30 - [MESSAGE][PASSED] - Delayed 2 second(s)

2018-03-05 16:25:30 - [TEST_STEP][PASSED] - Statement - If (genericDATA.internallyGetValue("STATE", configDataRowCounter) == "GA"): Text 'Clement Helms' is set on object 'Object Repository/Application_OR/txtbx_AGENT_SIGNATURE'

2018-03-05 16:25:30 - [TEST_STEP][PASSED] - setText: Text 'Clement Helms' is set on object 'Object Repository/Application_OR/txtbx_AGENT_SIGNATURE'

2018-03-05 16:25:30 - [MESSAGE][PASSED] - Text 'Clement Helms' is set on object 'Object Repository/Application_OR/txtbx_AGENT_SIGNATURE'

2018-03-05 16:25:30 - [TEST_STEP][PASSED] - click: Object: 'Object Repository/Application_OR/btn_SUBMIT_AGENT_SIGNATURE' is clicked on

2018-03-05 16:25:31 - [MESSAGE][PASSED] - Object: 'Object Repository/Application_OR/btn_SUBMIT_AGENT_SIGNATURE' is clicked on

2018-03-05 16:25:31 - [TEST_STEP][PASSED] - delay: Delayed 5 second(s)

2018-03-05 16:25:36 - [MESSAGE][PASSED] - Delayed 5 second(s)

2018-03-05 16:25:36 - [TEST_STEP][PASSED] - click: Object: 'Object Repository/Application_OR/btn_SURPLUSLINE_ACK' is clicked on

2018-03-05 16:25:38 - [MESSAGE][PASSED] - Object: 'Object Repository/Application_OR/btn_SURPLUSLINE_ACK' is clicked on

2018-03-05 16:25:38 - [TEST_STEP][PASSED] - delay: Delayed 5 second(s)

2018-03-05 16:25:43 - [MESSAGE][PASSED] - Delayed 5 second(s)

2018-03-05 16:25:43 - [TEST_STEP][PASSED] - Statement - If (genericDATA.internallyGetValue("STATE", configDataRowCounter) == "GA"): Object: 'Object Repository/Application_OR/btn_SUBMIT_SURPLUSLINE' is clicked on

2018-03-05 16:25:43 - [TEST_STEP][PASSED] - click: Object: 'Object Repository/Application_OR/txtfield_SURPLUSLINE_FORM_TEXT' is clicked on

2018-03-05 16:25:43 - [MESSAGE][PASSED] - Object: 'Object Repository/Application_OR/txtfield_SURPLUSLINE_FORM_TEXT' is clicked on

2018-03-05 16:25:43 - [TEST_STEP][PASSED] - delay: Delayed 2 second(s)

2018-03-05 16:25:45 - [MESSAGE][PASSED] - Delayed 2 second(s)

2018-03-05 16:25:45 - [TEST_STEP][PASSED] - setText: Text 'Testing' is set on object 'Object Repository/Application_OR/txtfield_SURPLUSLINE_FORM_TEXT'

2018-03-05 16:25:45 - [MESSAGE][PASSED] - Text 'Testing' is set on object 'Object Repository/Application_OR/txtfield_SURPLUSLINE_FORM_TEXT'

2018-03-05 16:25:45 - [TEST_STEP][PASSED] - delay: Delayed 2 second(s)

2018-03-05 16:25:47 - [MESSAGE][PASSED] - Delayed 2 second(s)

2018-03-05 16:25:47 - [TEST_STEP][PASSED] - click: Object: 'Object Repository/Application_OR/btn_SUBMIT_SURPLUSLINE' is clicked on

2018-03-05 16:25:47 - [MESSAGE][PASSED] - Object: 'Object Repository/Application_OR/btn_SUBMIT_SURPLUSLINE' is clicked on

2018-03-05 16:25:47 - [TEST_STEP][PASSED] - delay: Delayed 5 second(s)

2018-03-05 16:25:52 - [MESSAGE][PASSED] - Delayed 5 second(s)

2018-03-05 16:25:52 - [TEST_STEP][PASSED] - click: Object: 'Object Repository/Application_OR/btn_SUBMIT_FOR_UW_APPROVAL' is clicked on

2018-03-05 16:25:53 - [MESSAGE][PASSED] - Object: 'Object Repository/Application_OR/btn_SUBMIT_FOR_UW_APPROVAL' is clicked on

2018-03-05 16:25:53 - [TEST_STEP][PASSED] - delay: Delayed 8 second(s)

2018-03-05 16:26:01 - [MESSAGE][PASSED] - Delayed 8 second(s)

2018-03-05 16:26:01 - [TEST_STEP][PASSED] - click: Object: 'Object Repository/Application_OR/btn_LOGOUT' is clicked on

2018-03-05 16:26:02 - [MESSAGE][PASSED] - Object: 'Object Repository/Application_OR/btn_LOGOUT' is clicked on

2018-03-05 16:26:02 - [TEST_STEP][PASSED] - delay: Delayed 5 second(s)

2018-03-05 16:26:07 - [MESSAGE][PASSED] - Delayed 5 second(s)

2018-03-05 16:26:07 - [TEST_STEP][PASSED] - setText: Text 'ih.william' is set on object 'Object Repository/Quote_OR/txtfield_USERNAME'

2018-03-05 16:26:07 - [MESSAGE][PASSED] - Text 'ih.william' is set on object 'Object Repository/Quote_OR/txtfield_USERNAME'

2018-03-05 16:26:07 - [TEST_STEP][PASSED] - setText: Text '10#Hammer' is set on object 'Object Repository/Quote_OR/txtfield_PASSWORD'

2018-03-05 16:26:07 - [MESSAGE][PASSED] - Text '10#Hammer' is set on object 'Object Repository/Quote_OR/txtfield_PASSWORD'

2018-03-05 16:26:07 - [TEST_STEP][PASSED] - click: Object: 'Object Repository/Quote_OR/btn-LOGIN' is clicked on

2018-03-05 16:26:09 - [MESSAGE][PASSED] - Object: 'Object Repository/Quote_OR/btn-LOGIN' is clicked on

2018-03-05 16:26:09 - [TEST_STEP][PASSED] - delay: Delayed 5 second(s)

2018-03-05 16:26:14 - [MESSAGE][PASSED] - Delayed 5 second(s)

2018-03-05 16:26:14 - [TEST_STEP][PASSED] - Statement - btnId = "//*[@id="btnLoadApplication_" + policyInfoId + ""]": null

2018-03-05 16:26:14 - [TEST_STEP][PASSED] - Statement - btnViewApplication = new com.kms.katalon.core.testobject.TestObject(btnViewApplication): null

2018-03-05 16:26:14 - [TEST_STEP][PASSED] - Statement - btnViewApplication.addProperty("xpath", EQUALS, btnId, true): null

2018-03-05 16:26:14 - [TEST_STEP][PASSED] - delay: Delayed 20 second(s)

2018-03-05 16:26:34 - [MESSAGE][PASSED] - Delayed 20 second(s)

2018-03-05 16:26:34 - [TEST_STEP][PASSED] - click: Object: 'btnViewApplication' is clicked on

2018-03-05 16:26:35 - [MESSAGE][PASSED] - Object: 'btnViewApplication' is clicked on

2018-03-05 16:26:35 - [TEST_STEP][PASSED] - delay: Delayed 8 second(s)

2018-03-05 16:26:43 - [MESSAGE][PASSED] - Delayed 8 second(s)

2018-03-05 16:26:43 - [TEST_STEP][PASSED] - click: Object: 'Object Repository/Application_OR/btn_DOWNLOAD_AFS_UW' is clicked on

2018-03-05 16:26:43 - [MESSAGE][PASSED] - Object: 'Object Repository/Application_OR/btn_DOWNLOAD_AFS_UW' is clicked on

2018-03-05 16:26:43 - [TEST_STEP][PASSED] - delay: Delayed 5 second(s)

2018-03-05 16:26:48 - [MESSAGE][PASSED] - Delayed 5 second(s)

2018-03-05 16:26:48 - [TEST_STEP][PASSED] - click: Object: 'Object Repository/Application_OR/btn_REVIEW_APPLICATION_AT_UW' is clicked on

2018-03-05 16:26:49 - [MESSAGE][PASSED] - Object: 'Object Repository/Application_OR/btn_REVIEW_APPLICATION_AT_UW' is clicked on

2018-03-05 16:26:49 - [TEST_STEP][PASSED] - delay: Delayed 5 second(s)

2018-03-05 16:26:54 - [MESSAGE][PASSED] - Delayed 5 second(s)

2018-03-05 16:26:54 - [TEST_STEP][PASSED] - setText: Text '111' is set on object 'Object Repository/Application_OR/txtfield_INSPECTION_FEE'

2018-03-05 16:26:54 - [MESSAGE][PASSED] - Text '111' is set on object 'Object Repository/Application_OR/txtfield_INSPECTION_FEE'

2018-03-05 16:26:54 - [TEST_STEP][PASSED] - delay: Delayed 3 second(s)

2018-03-05 16:26:57 - [MESSAGE][PASSED] - Delayed 3 second(s)

2018-03-05 16:26:57 - [TEST_STEP][PASSED] - click: Object: 'Object Repository/Application_OR/drp_NO_OF_MORTAGAGEE' is clicked on

2018-03-05 16:26:58 - [MESSAGE][PASSED] - Object: 'Object Repository/Application_OR/drp_NO_OF_MORTAGAGEE' is clicked on

2018-03-05 16:26:58 - [TEST_STEP][PASSED] - delay: Delayed 3 second(s)

2018-03-05 16:27:01 - [MESSAGE][PASSED] - Delayed 3 second(s)

2018-03-05 16:27:01 - [TEST_STEP][PASSED] - selectOptionByIndex: All options with index in [1] are selected on object 'Object Repository/Application_OR/drp_NO_OF_MORTAGAGEE'

2018-03-05 16:27:01 - [MESSAGE][PASSED] - All options with index in [1] are selected on object 'Object Repository/Application_OR/drp_NO_OF_MORTAGAGEE'

2018-03-05 16:27:01 - [TEST_STEP][PASSED] - delay: Delayed 3 second(s)

2018-03-05 16:27:04 - [MESSAGE][PASSED] - Delayed 3 second(s)

2018-03-05 16:27:04 - [TEST_STEP][PASSED] - click: Object: 'Object Repository/Application_OR/btn_OCCUPANYPAGE_SAVEANDCONTINUE' is clicked on

2018-03-05 16:27:04 - [MESSAGE][PASSED] - Object: 'Object Repository/Application_OR/btn_OCCUPANYPAGE_SAVEANDCONTINUE' is clicked on

2018-03-05 16:27:04 - [TEST_STEP][PASSED] - delay: Delayed 3 second(s)

2018-03-05 16:27:07 - [MESSAGE][PASSED] - Delayed 3 second(s)

2018-03-05 16:27:07 - [TEST_STEP][PASSED] - setText: Text 'Ricky Ponting' is set on object 'Object Repository/Application_OR/txtfield_Mortagagee_Name1'

2018-03-05 16:27:07 - [MESSAGE][PASSED] - Text 'Ricky Ponting' is set on object 'Object Repository/Application_OR/txtfield_Mortagagee_Name1'

2018-03-05 16:27:07 - [TEST_STEP][PASSED] - delay: Delayed 3 second(s)

2018-03-05 16:27:10 - [MESSAGE][PASSED] - Delayed 3 second(s)

2018-03-05 16:27:10 - [TEST_STEP][PASSED] - setText: Text '1870 5th Ave W Macon, GA 31201 USA' is set on object 'Object Repository/Application_OR/txtfield_Mortagagee_Address'

2018-03-05 16:27:11 - [MESSAGE][PASSED] - Text '1870 5th Ave W Macon, GA 31201 USA' is set on object 'Object Repository/Application_OR/txtfield_Mortagagee_Address'

2018-03-05 16:27:11 - [TEST_STEP][PASSED] - delay: Delayed 3 second(s)

2018-03-05 16:27:14 - [MESSAGE][PASSED] - Delayed 3 second(s)

2018-03-05 16:27:14 - [TEST_STEP][PASSED] - setText: Text '123456789ABCD' is set on object 'Object Repository/Application_OR/txtfield_Mortagagee_LoanNo'

2018-03-05 16:27:14 - [MESSAGE][PASSED] - Text '123456789ABCD' is set on object 'Object Repository/Application_OR/txtfield_Mortagagee_LoanNo'

2018-03-05 16:27:14 - [TEST_STEP][PASSED] - delay: Delayed 3 second(s)

2018-03-05 16:27:17 - [MESSAGE][PASSED] - Delayed 3 second(s)

2018-03-05 16:27:17 - [TEST_STEP][PASSED] - click: Object: 'Object Repository/Application_OR/btn_OCCUPANYPAGE_SAVEANDCONTINUE' is clicked on

2018-03-05 16:27:17 - [MESSAGE][PASSED] - Object: 'Object Repository/Application_OR/btn_OCCUPANYPAGE_SAVEANDCONTINUE' is clicked on

2018-03-05 16:27:17 - [TEST_STEP][PASSED] - delay: Delayed 4 second(s)

2018-03-05 16:27:21 - [MESSAGE][PASSED] - Delayed 4 second(s)

2018-03-05 16:27:21 - [TEST_STEP][PASSED] - click: Object: 'Object Repository/Application_OR/btn_SIGNAPPLICATION_AGENT' is clicked on

2018-03-05 16:27:22 - [MESSAGE][PASSED] - Object: 'Object Repository/Application_OR/btn_SIGNAPPLICATION_AGENT' is clicked on

2018-03-05 16:27:22 - [TEST_STEP][PASSED] - delay: Delayed 4 second(s)

2018-03-05 16:27:26 - [MESSAGE][PASSED] - Delayed 4 second(s)

2018-03-05 16:27:26 - [TEST_STEP][PASSED] - click: Object: 'Object Repository/Application_OR/btn_GENERATE_FORMS' is clicked on

2018-03-05 16:27:26 - [MESSAGE][PASSED] - Object: 'Object Repository/Application_OR/btn_GENERATE_FORMS' is clicked on

2018-03-05 16:27:26 - [TEST_STEP][PASSED] - delay: Delayed 5 second(s)

2018-03-05 16:27:31 - [MESSAGE][PASSED] - Delayed 5 second(s)

2018-03-05 16:27:31 - [TEST_STEP][PASSED] - click: Object: 'Object Repository/Application_OR/btn_REQUEST_FOR_BIND' is clicked on

2018-03-05 16:27:32 - [MESSAGE][PASSED] - Object: 'Object Repository/Application_OR/btn_REQUEST_FOR_BIND' is clicked on

2018-03-05 16:27:32 - [TEST_STEP][PASSED] - delay: Delayed 20 second(s)

2018-03-05 16:27:52 - [MESSAGE][PASSED] - Delayed 20 second(s)

2018-03-05 16:27:52 - [TEST_STEP][PASSED] - click: Object: 'Object Repository/Application_OR/btn_VIEW_POLICY_FORMS' is clicked on

2018-03-05 16:27:52 - [MESSAGE][PASSED] - Object: 'Object Repository/Application_OR/btn_VIEW_POLICY_FORMS' is clicked on

2018-03-05 16:27:52 - [TEST_STEP][PASSED] - delay: Delayed 15 second(s)

2018-03-05 16:28:07 - [MESSAGE][PASSED] - Delayed 15 second(s)

2018-03-05 16:28:07 - [TEST_STEP][PASSED] - click: Object: 'Object Repository/Application_OR/btn_UW_APPLICATION_STATUS_MENU' is clicked on

2018-03-05 16:28:07 - [MESSAGE][PASSED] - Object: 'Object Repository/Application_OR/btn_UW_APPLICATION_STATUS_MENU' is clicked on

2018-03-05 16:28:07 - [TEST_STEP][PASSED] - delay: Delayed 2 second(s)

2018-03-05 16:28:09 - [MESSAGE][PASSED] - Delayed 2 second(s)

2018-03-05 16:28:09 - [TEST_STEP][PASSED] - click: Object: 'Object Repository/Application_OR/btn_YES_CONFIRMATION' is clicked on

2018-03-05 16:28:10 - [MESSAGE][PASSED] - Object: 'Object Repository/Application_OR/btn_YES_CONFIRMATION' is clicked on

2018-03-05 16:28:10 - [TEST_STEP][PASSED] - delay: Delayed 20 second(s)

2018-03-05 16:28:30 - [MESSAGE][PASSED] - Delayed 20 second(s)]]></system-out>
         <system-err><![CDATA[]]></system-err>
      </testcase>
      <testcase name="Test Cases/UW Endorsement/UW END" classname="Test Cases/UW Endorsement/UW END" status="PASSED">
         <system-out><![CDATA[2018-03-05 16:28:30 - [TEST_CASE][PASSED] - Test Cases/UW Endorsement/UW END: Test Cases/UW Endorsement/UW END

2018-03-05 16:28:30 - [TEST_STEP][PASSED] - com.PPE.Endorsement_UW.EndorsementByUW: com.PPE.Endorsement_UW.EndorsementByUW is PASSED

2018-03-05 16:28:30 - [MESSAGE][PASSED] - Object: 'Object Repository/Endorsement_OR/btn_ADVANCE_FILTER' is clicked on

2018-03-05 16:28:34 - [MESSAGE][PASSED] - Delayed 4 second(s)

2018-03-05 16:28:35 - [MESSAGE][PASSED] - Text '1605 Chestnut St, Macon, GA 31201, USA' is set on object 'Object Repository/Endorsement_OR/txtfield_AdvanceFilter_PROPERTY_ADDRESS'

2018-03-05 16:28:50 - [MESSAGE][PASSED] - Delayed 15 second(s)

2018-03-05 16:28:50 - [MESSAGE][PASSED] - Object: 'Object Repository/Endorsement_OR/btn_APPLY_Advance_Filter' is clicked on

2018-03-05 16:29:08 - [MESSAGE][PASSED] - Delayed 18 second(s)

2018-03-05 16:29:08 - [MESSAGE][PASSED] - Text of object 'Object Repository/Endorsement_OR/get_POLICYNUMBER' is: 'BCIHGA1895068'

2018-03-05 16:29:18 - [MESSAGE][PASSED] - Delayed 10 second(s)

2018-03-05 16:29:18 - [MESSAGE][PASSED] - Object: 'Object Repository/Endorsement_OR/btn_ENDORSEMENT_MENU' is clicked on

2018-03-05 16:29:21 - [MESSAGE][PASSED] - Delayed 3 second(s)

2018-03-05 16:29:22 - [MESSAGE][PASSED] - Object: 'Object Repository/Endorsement_OR/btn_YES_CONFIRMATION_ENDORSEMENT' is clicked on

2018-03-05 16:29:28 - [MESSAGE][PASSED] - Delayed 6 second(s)

2018-03-05 16:29:28 - [MESSAGE][PASSED] - Text 'BCIHGA1895068' is set on object 'Object Repository/Endorsement_OR/txtfield_POLICYNUMBER_FOR_ENDORSEMENT'

2018-03-05 16:29:34 - [MESSAGE][PASSED] - Delayed 6 second(s)

2018-03-05 16:29:34 - [MESSAGE][PASSED] - Object: 'Object Repository/Endorsement_OR/btn_SEARCH_FOR_ENDORSEMENT' is clicked on

2018-03-05 16:29:44 - [MESSAGE][PASSED] - Delayed 10 second(s)

2018-03-05 16:29:47 - [MESSAGE][PASSED] - Object: 'Object Repository/Endorsement_OR/btn_ENDORSE_UW' is clicked on

2018-03-05 16:29:53 - [MESSAGE][PASSED] - Delayed 6 second(s)

2018-03-05 16:29:53 - [MESSAGE][PASSED] - Object: 'Object Repository/Endorsement_OR/btn_EDIT_APPLICANTINFO_UW' is clicked on

2018-03-05 16:29:59 - [MESSAGE][PASSED] - Delayed 6 second(s)

2018-03-05 16:29:59 - [MESSAGE][PASSED] - Object: 'Object Repository/Endorsement_OR/btn_RECALCULATE_UW' is clicked on

2018-03-05 16:30:05 - [MESSAGE][PASSED] - Delayed 6 second(s)

2018-03-05 16:30:05 - [MESSAGE][PASSED] - Text 'Phillips Bush' is set on object 'Object Repository/Endorsement_OR/txtfield_PRIFIRSTNAME_UW'

2018-03-05 16:30:07 - [MESSAGE][PASSED] - Delayed 2 second(s)

2018-03-05 16:30:08 - [MESSAGE][PASSED] - Object: 'Object Repository/Endorsement_OR/btn_UPDATE_APPLICANTINFO_UW' is clicked on

2018-03-05 16:30:10 - [MESSAGE][PASSED] - Delayed 2 second(s)

2018-03-05 16:30:10 - [MESSAGE][PASSED] - Object: 'Object Repository/Endorsement_OR/btn_RECALCULATE_UW' is clicked on

2018-03-05 16:30:16 - [MESSAGE][PASSED] - Delayed 6 second(s)

2018-03-05 16:30:16 - [MESSAGE][PASSED] - Browser is scrolled to position x = 0, y = 50

2018-03-05 16:30:19 - [MESSAGE][PASSED] - Delayed 3 second(s)

2018-03-05 16:30:19 - [MESSAGE][PASSED] - Object: 'Object Repository/Endorsement_OR/btn_EDIT_COVERAGE_UW' is clicked on

2018-03-05 16:30:25 - [MESSAGE][PASSED] - Delayed 6 second(s)

2018-03-05 16:30:25 - [MESSAGE][PASSED] - Object: 'Object Repository/Endorsement_OR/drp_SETTLEMENTTYPE_UW' is clicked on

2018-03-05 16:30:28 - [MESSAGE][PASSED] - Delayed 3 second(s)

2018-03-05 16:30:28 - [MESSAGE][PASSED] - All options with label 'ACV' are selected in object 'Object Repository/Endorsement_OR/drp_SETTLEMENTTYPE_UW' 

2018-03-05 16:30:34 - [MESSAGE][PASSED] - Delayed 6 second(s)

2018-03-05 16:30:35 - [MESSAGE][PASSED] - Object: 'Object Repository/Endorsement_OR/btn_UPDATE_COVERAGE_UW' is clicked on

2018-03-05 16:30:37 - [MESSAGE][PASSED] - Delayed 2 second(s)

2018-03-05 16:30:37 - [MESSAGE][PASSED] - Object: 'Object Repository/Endorsement_OR/btn_RECALCULATE_UW' is clicked on

2018-03-05 16:30:42 - [MESSAGE][PASSED] - Delayed 5 second(s)

2018-03-05 16:30:42 - [MESSAGE][PASSED] - Browser is scrolled to position x = 0, y = 50

2018-03-05 16:30:42 - [MESSAGE][PASSED] - Object: 'Object Repository/Endorsement_OR/btn_EDIT_PROPERTY_UW' is clicked on

2018-03-05 16:30:44 - [MESSAGE][PASSED] - Delayed 2 second(s)

2018-03-05 16:30:44 - [MESSAGE][PASSED] - Text '1970' is set on object 'Object Repository/Endorsement_OR/txtfield_HOME_BUILD_ENDORSEMENT_UW'

2018-03-05 16:30:48 - [MESSAGE][PASSED] - Delayed 4 second(s)

2018-03-05 16:30:49 - [MESSAGE][PASSED] - Text '74999' is set on object 'Object Repository/Endorsement_OR/txtfield_EXIMATED_VALUATION_UW'

2018-03-05 16:30:53 - [MESSAGE][PASSED] - Delayed 4 second(s)

2018-03-05 16:30:53 - [MESSAGE][PASSED] - Object: 'Object Repository/Endorsement_OR/drp_CONSTRUCTION_TYPE_UW' is clicked on

2018-03-05 16:30:53 - [MESSAGE][PASSED] - All options with index in [3] are selected on object 'Object Repository/Endorsement_OR/drp_CONSTRUCTION_TYPE_UW'

2018-03-05 16:30:57 - [MESSAGE][PASSED] - Delayed 4 second(s)

2018-03-05 16:30:57 - [MESSAGE][PASSED] - Object: 'Object Repository/Endorsement_OR/btn_UPDATE_ENDORSEMENT_PROPERTY_UW' is clicked on

2018-03-05 16:31:01 - [MESSAGE][PASSED] - Delayed 4 second(s)

2018-03-05 16:31:02 - [MESSAGE][PASSED] - Text '500000' is set on object 'Object Repository/Endorsement_OR/txtfield_EXIMATED_VALUATION_UW'

2018-03-05 16:31:06 - [MESSAGE][PASSED] - Delayed 4 second(s)

2018-03-05 16:31:06 - [MESSAGE][PASSED] - Object: 'Object Repository/Endorsement_OR/btn_UPDATE_ENDORSEMENT_PROPERTY_UW' is clicked on

2018-03-05 16:31:10 - [MESSAGE][PASSED] - Delayed 4 second(s)

2018-03-05 16:31:10 - [MESSAGE][PASSED] - Object: 'Object Repository/Endorsement_OR/btn_RECALCULATE_UW' is clicked on

2018-03-05 16:31:14 - [MESSAGE][PASSED] - Delayed 4 second(s)

2018-03-05 16:31:14 - [MESSAGE][PASSED] - Object: 'Object Repository/Endorsement_OR/btn_GENERATE_FORMS_UW' is clicked on

2018-03-05 16:31:18 - [MESSAGE][PASSED] - Delayed 4 second(s)

2018-03-05 16:31:18 - [MESSAGE][PASSED] - Object: 'Object Repository/Endorsement_OR/btn_APPROVE_ENDORSEMENT' is clicked on

2018-03-05 16:31:24 - [MESSAGE][PASSED] - Delayed 6 second(s)

2018-03-05 16:31:25 - [MESSAGE][PASSED] - Object: 'Object Repository/Endorsement_OR/chkbx_HOMEOWNER_END_FORM' is clicked on

2018-03-05 16:31:29 - [MESSAGE][PASSED] - Delayed 4 second(s)

2018-03-05 16:31:29 - [MESSAGE][PASSED] - Object: 'Object Repository/Endorsement_OR/chkbx_HOMEOWNER_END_FORM' is clicked on

2018-03-05 16:31:33 - [MESSAGE][PASSED] - Delayed 4 second(s)

2018-03-05 16:31:33 - [MESSAGE][PASSED] - Object: 'Object Repository/Endorsement_OR/btn_FILLDATA_HOMEOWNER_END_FORM' is clicked on

2018-03-05 16:31:43 - [MESSAGE][PASSED] - Delayed 10 second(s)

2018-03-05 16:31:43 - [MESSAGE][PASSED] - Text 'Testing' is set on object 'Object Repository/Endorsement_OR/txtfield_HOMEOWNER_END_FORM'

2018-03-05 16:31:47 - [MESSAGE][PASSED] - Delayed 4 second(s)

2018-03-05 16:31:47 - [MESSAGE][PASSED] - Object: 'Object Repository/Endorsement_OR/btn_SUBMIT_HOMEOWNER_END_FORM' is clicked on

2018-03-05 16:31:51 - [MESSAGE][PASSED] - Delayed 4 second(s)

2018-03-05 16:31:51 - [MESSAGE][PASSED] - Object: 'Object Repository/Endorsement_OR/btn_VIEW_DRAFT_END' is clicked on

2018-03-05 16:31:55 - [MESSAGE][PASSED] - Delayed 4 second(s)

2018-03-05 16:31:56 - [MESSAGE][PASSED] - Object: 'Object Repository/Endorsement_OR/btn_APPROVE_ENDORSEMENT' is clicked on

2018-03-05 16:33:36 - [MESSAGE][PASSED] - Delayed 100 second(s)

2018-03-05 16:33:37 - [MESSAGE][PASSED] - Object: 'Object Repository/Endorsement_OR/btn_LOGOUT_UW' is clicked on

2018-03-05 16:33:47 - [MESSAGE][PASSED] - Delayed 10 second(s)

2018-03-05 16:33:47 - [MESSAGE][PASSED] - com.PPE.Endorsement_UW.EndorsementByUW is PASSED]]></system-out>
         <system-err><![CDATA[]]></system-err>
      </testcase>
      <testcase name="Test Cases/Agent Endorsment Req/Agent END" classname="Test Cases/Agent Endorsment Req/Agent END" status="PASSED">
         <system-out><![CDATA[2018-03-05 16:33:47 - [TEST_CASE][PASSED] - Test Cases/Agent Endorsment Req/Agent END: Test Cases/Agent Endorsment Req/Agent END

2018-03-05 16:33:47 - [TEST_STEP][PASSED] - com.PPE.Endorsement_Agent.EndorsementByUW: com.PPE.Endorsement_Agent.EndorsementByUW is PASSED

2018-03-05 16:33:47 - [MESSAGE][PASSED] - Text 'ih.chelms' is set on object 'Object Repository/Quote_OR/txtfield_USERNAME'

2018-03-05 16:33:47 - [MESSAGE][PASSED] - Text '10#Hammer' is set on object 'Object Repository/Quote_OR/txtfield_PASSWORD'

2018-03-05 16:33:48 - [MESSAGE][PASSED] - Object: 'Object Repository/Quote_OR/btn-LOGIN' is clicked on

2018-03-05 16:34:03 - [MESSAGE][PASSED] - Delayed 15 second(s)

2018-03-05 16:34:04 - [MESSAGE][PASSED] - Object: 'Object Repository/Application_OR/btn_UW_APPLICATION_STATUS_MENU' is clicked on

2018-03-05 16:34:09 - [MESSAGE][PASSED] - Delayed 5 second(s)

2018-03-05 16:34:09 - [MESSAGE][PASSED] - Object: 'Object Repository/Endorsement_OR/btn_YES_CONFIRMATION_ENDORSEMENT' is clicked on

2018-03-05 16:34:29 - [MESSAGE][PASSED] - Delayed 20 second(s)

2018-03-05 16:34:30 - [MESSAGE][PASSED] - Object: 'Object Repository/Endorsement_OR/btn_ADVANCE_FILTER' is clicked on

2018-03-05 16:34:34 - [MESSAGE][PASSED] - Delayed 4 second(s)

2018-03-05 16:34:34 - [MESSAGE][PASSED] - Text '1605 Chestnut St, Macon, GA 31201, USA' is set on object 'Object Repository/Endorsement_OR/txtfield_AdvanceFilter_PROPERTY_ADDRESS'

2018-03-05 16:34:49 - [MESSAGE][PASSED] - Delayed 15 second(s)

2018-03-05 16:34:49 - [MESSAGE][PASSED] - Object: 'Object Repository/Endorsement_OR/btn_APPLY_Advance_Filter' is clicked on

2018-03-05 16:35:07 - [MESSAGE][PASSED] - Delayed 18 second(s)

2018-03-05 16:35:07 - [MESSAGE][PASSED] - Text of object 'Object Repository/ENDORSEMENT_AGENT_OR/get_POLICYNUMBER' is: 'BCIHGA1895068'

2018-03-05 16:35:12 - [MESSAGE][PASSED] - Delayed 5 second(s)

2018-03-05 16:35:12 - [MESSAGE][PASSED] - Object: 'Object Repository/Endorsement_OR/btn_ENDORSEMENT_MENU' is clicked on

2018-03-05 16:35:15 - [MESSAGE][PASSED] - Delayed 3 second(s)

2018-03-05 16:35:16 - [MESSAGE][PASSED] - Object: 'Object Repository/Endorsement_OR/btn_YES_CONFIRMATION_ENDORSEMENT' is clicked on

2018-03-05 16:35:16 - [MESSAGE][PASSED] - Text 'BCIHGA1895068' is set on object 'Object Repository/Endorsement_OR/txtfield_POLICYNUMBER_FOR_ENDORSEMENT'

2018-03-05 16:35:22 - [MESSAGE][PASSED] - Delayed 6 second(s)

2018-03-05 16:35:28 - [MESSAGE][PASSED] - Object: 'Object Repository/Endorsement_OR/btn_SEARCH_FOR_ENDORSEMENT' is clicked on

2018-03-05 16:35:38 - [MESSAGE][PASSED] - Delayed 10 second(s)

2018-03-05 16:35:44 - [MESSAGE][PASSED] - Object: 'Object Repository/Endorsement_OR/btn_ENDORSE_UW' is clicked on

2018-03-05 16:35:50 - [MESSAGE][PASSED] - Delayed 6 second(s)

2018-03-05 16:35:55 - [MESSAGE][PASSED] - Object: 'Object Repository/Endorsement_OR/btn_EDIT_COVERAGE_UW' is clicked on

2018-03-05 16:35:59 - [MESSAGE][PASSED] - Delayed 4 second(s)

2018-03-05 16:36:04 - [MESSAGE][PASSED] - Object: 'Object Repository/ENDORSEMENT_AGENT_OR/drp_PERSONAL_PROPERTY' is clicked on

2018-03-05 16:36:07 - [MESSAGE][PASSED] - Delayed 3 second(s)

2018-03-05 16:36:07 - [MESSAGE][PASSED] - All options with value '35' are selected in object 'Object Repository/ENDORSEMENT_AGENT_OR/drp_PERSONAL_PROPERTY' 

2018-03-05 16:36:11 - [MESSAGE][PASSED] - Delayed 4 second(s)

2018-03-05 16:36:14 - [MESSAGE][PASSED] - Object: 'Object Repository/Endorsement_OR/btn_UPDATE_COVERAGE_UW' is clicked on

2018-03-05 16:36:14 - [MESSAGE][PASSED] - Browser is scrolled to position x = 0, y = 50

2018-03-05 16:36:14 - [MESSAGE][PASSED] - Object: 'Object Repository/ENDORSEMENT_AGENT_OR/btn_EDIT_CLAIM_Details' is clicked on

2018-03-05 16:36:18 - [MESSAGE][PASSED] - Delayed 4 second(s)

2018-03-05 16:36:18 - [MESSAGE][PASSED] - Object: 'Object Repository/ENDORSEMENT_AGENT_OR/drp_NUMOFCLAIMS' is clicked on

2018-03-05 16:36:22 - [MESSAGE][PASSED] - Delayed 4 second(s)

2018-03-05 16:36:22 - [MESSAGE][PASSED] - All options with value '1' are selected in object 'Object Repository/ENDORSEMENT_AGENT_OR/drp_NUMOFCLAIMS' 

2018-03-05 16:36:26 - [MESSAGE][PASSED] - Delayed 4 second(s)

2018-03-05 16:36:26 - [MESSAGE][PASSED] - Object: 'Object Repository/ENDORSEMENT_AGENT_OR/btn-UPDATE_NUMOFCLAIMS' is clicked on

2018-03-05 16:36:30 - [MESSAGE][PASSED] - Delayed 4 second(s)

2018-03-05 16:36:31 - [MESSAGE][PASSED] - Text '01/03/2017' is set on object 'Object Repository/ENDORSEMENT_AGENT_OR/txtfield-DATE_OF_LOSS_CLAIM'

2018-03-05 16:36:31 - [MESSAGE][PASSED] - Text '50000' is set on object 'Object Repository/ENDORSEMENT_AGENT_OR/txtfield-LOSSAMOUNT_CLAIM'

2018-03-05 16:36:31 - [MESSAGE][PASSED] - All options with value '2' are selected in object 'Object Repository/ENDORSEMENT_AGENT_OR/drp-TYPEOFINCIDENT' 

2018-03-05 16:36:35 - [MESSAGE][PASSED] - Delayed 4 second(s)

2018-03-05 16:36:35 - [MESSAGE][PASSED] - Browser is scrolled to position x = 0, y = 50

2018-03-05 16:36:35 - [MESSAGE][PASSED] - Object: 'Object Repository/ENDORSEMENT_AGENT_OR/btn-UPDATE_NUMOFCLAIMS' is clicked on

2018-03-05 16:36:43 - [MESSAGE][PASSED] - Delayed 8 second(s)

2018-03-05 16:36:43 - [MESSAGE][PASSED] - Object: 'Object Repository/Endorsement_OR/btn_RECALCULATE_UW' is clicked on

2018-03-05 16:36:46 - [MESSAGE][PASSED] - Delayed 3 second(s)

2018-03-05 16:36:47 - [MESSAGE][PASSED] - Text of object 'Object Repository/Generic_OR/get_INSURED_NAME' is: 'PhillipsBush Hussy Pattinsoin'

2018-03-05 16:36:47 - [MESSAGE][PASSED] - Attribute 'value' of object 'Object Repository/Generic_OR/hdnPolicyInfoId' is: '3380'

2018-03-05 16:36:47 - [MESSAGE][PASSED] - Object: 'Object Repository/ENDORSEMENT_AGENT_OR/btn_INSURED_SIGNATURE' is clicked on

2018-03-05 16:36:50 - [MESSAGE][PASSED] - Delayed 3 second(s)

2018-03-05 16:36:50 - [MESSAGE][PASSED] - Object: 'Object Repository/Application_OR/txtbx_INSURED_SIGNATURE' is clicked on

2018-03-05 16:36:52 - [MESSAGE][PASSED] - Delayed 2 second(s)

2018-03-05 16:36:52 - [MESSAGE][PASSED] - Text 'PhillipsBush Hussy Pattinsoin' is set on object 'Object Repository/Application_OR/txtbx_INSURED_SIGNATURE'

2018-03-05 16:36:54 - [MESSAGE][PASSED] - Delayed 2 second(s)

2018-03-05 16:36:54 - [MESSAGE][PASSED] - Object: 'Object Repository/Application_OR/btn_SUBMIT_INSURED_SIGNATURE' is clicked on

2018-03-05 16:36:54 - [MESSAGE][PASSED] - com.PPE.Endorsement_Agent.EndorsementByUW is PASSED

2018-03-05 16:36:54 - [TEST_STEP][PASSED] - Statement - otpQueryEND = "SELECT TOP 1 OtpGenerated FROM PPE_ApplicationForms_trn where PolicyInfoId = " + policyInfoId + " Order BY ModifiedDateTime DESC": null

2018-03-05 16:36:54 - [TEST_STEP][PASSED] - Statement - println("otpQuery" + " " + otpQueryEND): null

2018-03-05 16:36:54 - [TEST_STEP][PASSED] - com.PPE.Database_Connection.connectDB: com.PPE.Database_Connection.connectDB is PASSED

2018-03-05 16:36:55 - [MESSAGE][PASSED] - com.PPE.Database_Connection.connectDB is PASSED

2018-03-05 16:36:55 - [TEST_STEP][PASSED] - Statement - recordset1 = CustomKeywords.com.PPE.Database_Connection.executeQuery(otpQueryEND): com.PPE.Database_Connection.executeQuery is PASSED

2018-03-05 16:36:56 - [MESSAGE][PASSED] - com.PPE.Database_Connection.executeQuery is PASSED

2018-03-05 16:36:56 - [TEST_STEP][PASSED] - Statement - otpEndorsement = 0: null

2018-03-05 16:36:56 - [TEST_STEP][PASSED] - Statement - While (recordset1.next()): null

2018-03-05 16:36:56 - [TEST_STEP][PASSED] - Statement - otpEndorsement = recordset1.getObject("OtpGenerated"): null

2018-03-05 16:36:56 - [TEST_STEP][PASSED] - Statement - println("otp" + " " + otpEndorsement): null

2018-03-05 16:36:56 - [TEST_STEP][PASSED] - delay: Delayed 10 second(s)

2018-03-05 16:37:06 - [MESSAGE][PASSED] - Delayed 10 second(s)

2018-03-05 16:37:06 - [TEST_STEP][PASSED] - Statement - txtOtp = com.kms.katalon.core.testobject.ObjectRepository.findTestObject(Application_OR/txtfield-OTP): Finding Test Object with id 'Object Repository/Application_OR/txtfield-OTP'

2018-03-05 16:37:06 - [TEST_STEP][PASSED] - setText: Text '5502' is set on object 'Object Repository/Application_OR/txtfield-OTP'

2018-03-05 16:37:06 - [MESSAGE][PASSED] - Text '5502' is set on object 'Object Repository/Application_OR/txtfield-OTP'

2018-03-05 16:37:06 - [TEST_STEP][PASSED] - delay: Delayed 1 second(s)

2018-03-05 16:37:07 - [MESSAGE][PASSED] - Delayed 1 second(s)

2018-03-05 16:37:07 - [TEST_STEP][PASSED] - click: Object: 'Object Repository/Application_OR/btn_OTP_VERIFY' is clicked on

2018-03-05 16:37:07 - [MESSAGE][PASSED] - Object: 'Object Repository/Application_OR/btn_OTP_VERIFY' is clicked on

2018-03-05 16:37:07 - [TEST_STEP][PASSED] - delay: Delayed 5 second(s)

2018-03-05 16:37:12 - [MESSAGE][PASSED] - Delayed 5 second(s)

2018-03-05 16:37:12 - [TEST_STEP][PASSED] - click: Object: 'Object Repository/Application_OR/btn_SUBMIT_FOR_UW_APPROVAL' is clicked on

2018-03-05 16:37:12 - [MESSAGE][PASSED] - Object: 'Object Repository/Application_OR/btn_SUBMIT_FOR_UW_APPROVAL' is clicked on

2018-03-05 16:37:12 - [TEST_STEP][PASSED] - delay: Delayed 15 second(s)

2018-03-05 16:37:27 - [MESSAGE][PASSED] - Delayed 15 second(s)

2018-03-05 16:37:27 - [TEST_STEP][PASSED] - click: Object: 'Object Repository/Application_OR/btn_LOGOUT' is clicked on

2018-03-05 16:37:28 - [MESSAGE][PASSED] - Object: 'Object Repository/Application_OR/btn_LOGOUT' is clicked on

2018-03-05 16:37:28 - [TEST_STEP][PASSED] - delay: Delayed 10 second(s)

2018-03-05 16:37:38 - [MESSAGE][PASSED] - Delayed 10 second(s)]]></system-out>
         <system-err><![CDATA[]]></system-err>
      </testcase>
      <testcase name="Test Cases/Endorsement Approval/END Appproval" classname="Test Cases/Endorsement Approval/END Appproval" status="PASSED">
         <system-out><![CDATA[2018-03-05 16:37:38 - [TEST_CASE][PASSED] - Test Cases/Endorsement Approval/END Appproval: Test Cases/Endorsement Approval/END Appproval

2018-03-05 16:37:38 - [TEST_STEP][PASSED] - com.PPE.Endorsement_Approval.EndorsementApprovedUW: com.PPE.Endorsement_Approval.EndorsementApprovedUW is PASSED

2018-03-05 16:37:38 - [MESSAGE][PASSED] - Text 'ih.william' is set on object 'Object Repository/Quote_OR/txtfield_USERNAME'

2018-03-05 16:37:38 - [MESSAGE][PASSED] - Text '10#Hammer' is set on object 'Object Repository/Quote_OR/txtfield_PASSWORD'

2018-03-05 16:37:40 - [MESSAGE][PASSED] - Object: 'Object Repository/Quote_OR/btn-LOGIN' is clicked on

2018-03-05 16:37:45 - [MESSAGE][PASSED] - Delayed 5 second(s)

2018-03-05 16:38:05 - [MESSAGE][PASSED] - Delayed 20 second(s)

2018-03-05 16:38:06 - [MESSAGE][PASSED] - Object: 'btnViewApplication' is clicked on

2018-03-05 16:38:14 - [MESSAGE][PASSED] - Delayed 8 second(s)

2018-03-05 16:38:15 - [MESSAGE][PASSED] - Object: 'Object Repository/Endorsement_OR/btn_GENERATE_FORMS_UW' is clicked on

2018-03-05 16:38:19 - [MESSAGE][PASSED] - Delayed 4 second(s)

2018-03-05 16:38:19 - [MESSAGE][PASSED] - Object: 'Object Repository/Endorsement_OR/chkbx_HOMEOWNER_END_FORM' is clicked on

2018-03-05 16:38:23 - [MESSAGE][PASSED] - Delayed 4 second(s)

2018-03-05 16:38:23 - [MESSAGE][PASSED] - Object: 'Object Repository/Endorsement_OR/btn_APPROVE_ENDORSEMENT' is clicked on

2018-03-05 16:39:43 - [MESSAGE][PASSED] - Delayed 80 second(s)

2018-03-05 16:39:43 - [MESSAGE][PASSED] - com.PPE.Endorsement_Approval.EndorsementApprovedUW is PASSED]]></system-out>
         <system-err><![CDATA[]]></system-err>
      </testcase>
      <testcase name="Test Cases/UW Cancellation/UW CAN" classname="Test Cases/UW Cancellation/UW CAN" status="PASSED">
         <system-out><![CDATA[2018-03-05 16:39:43 - [TEST_CASE][PASSED] - Test Cases/UW Cancellation/UW CAN: Test Cases/UW Cancellation/UW CAN

2018-03-05 16:39:43 - [TEST_STEP][PASSED] - com.PPE.Cancellation_UW.CancellationByUW: com.PPE.Cancellation_UW.CancellationByUW is PASSED

2018-03-05 16:39:43 - [MESSAGE][PASSED] - Text of object 'Object Repository/Endorsement_OR/get_POLICYNUMBER' is: 'BCIHGA1895068'

2018-03-05 16:39:47 - [MESSAGE][PASSED] - Delayed 4 second(s)

2018-03-05 16:39:47 - [MESSAGE][PASSED] - Object: 'Object Repository/CANCELLATION_BY_UW/menu_CANCELLATION' is clicked on

2018-03-05 16:39:51 - [MESSAGE][PASSED] - Delayed 4 second(s)

2018-03-05 16:39:52 - [MESSAGE][PASSED] - Object: 'Object Repository/Endorsement_OR/btn_YES_CONFIRMATION_ENDORSEMENT' is clicked on

2018-03-05 16:39:58 - [MESSAGE][PASSED] - Delayed 6 second(s)

2018-03-05 16:39:59 - [MESSAGE][PASSED] - Text 'BCIHGA1895068' is set on object 'Object Repository/Endorsement_OR/txtfield_POLICYNUMBER_FOR_ENDORSEMENT'

2018-03-05 16:40:05 - [MESSAGE][PASSED] - Delayed 6 second(s)

2018-03-05 16:40:05 - [MESSAGE][PASSED] - Object: 'Object Repository/Endorsement_OR/btn_SEARCH_FOR_ENDORSEMENT' is clicked on

2018-03-05 16:40:15 - [MESSAGE][PASSED] - Delayed 10 second(s)

2018-03-05 16:40:15 - [MESSAGE][PASSED] - Object: 'Object Repository/CANCELLATION_BY_UW/btn_CANCEL_POLICY' is clicked on

2018-03-05 16:40:21 - [MESSAGE][PASSED] - Delayed 6 second(s)

2018-03-05 16:40:27 - [MESSAGE][PASSED] - Delayed 6 second(s)

2018-03-05 16:40:27 - [MESSAGE][PASSED] - Object: 'Object Repository/CANCELLATION_BY_UW/txtfield_CANCELLATION_EFFECTIVE_DATE' is clicked on

2018-03-05 16:40:30 - [MESSAGE][PASSED] - Delayed 3 second(s)

2018-03-05 16:40:30 - [MESSAGE][PASSED] - Text '04/05/2018' is set on object 'Object Repository/CANCELLATION_BY_UW/txtfield_CANCELLATION_EFFECTIVE_DATE'

2018-03-05 16:40:35 - [MESSAGE][PASSED] - Delayed 5 second(s)

2018-03-05 16:40:36 - [MESSAGE][PASSED] - Object: 'Object Repository/CANCELLATION_BY_UW/btn_SUBMIT_CANCELLATION' is clicked on

2018-03-05 16:40:51 - [MESSAGE][PASSED] - Delayed 15 second(s)

2018-03-05 16:40:51 - [MESSAGE][PASSED] - Object: 'Object Repository/CANCELLATION_BY_UW/btn_APPROVE_CANCELLATION' is clicked on

2018-03-05 16:40:52 - [MESSAGE][PASSED] - Delayed 1 second(s)

2018-03-05 16:40:52 - [MESSAGE][PASSED] - Object: 'Object Repository/Endorsement_OR/btn_YES_CONFIRMATION_ENDORSEMENT' is clicked on

2018-03-05 16:41:12 - [MESSAGE][PASSED] - Delayed 20 second(s)

2018-03-05 16:41:13 - [MESSAGE][PASSED] - Object: 'Object Repository/Endorsement_OR/btn_LOGOUT_UW' is clicked on

2018-03-05 16:41:13 - [MESSAGE][PASSED] - com.PPE.Cancellation_UW.CancellationByUW is PASSED]]></system-out>
         <system-err><![CDATA[]]></system-err>
      </testcase>
      <system-out><![CDATA[2018-03-05 16:21:09 - [TEST_SUITE][PASSED] - PPE: Test Cases/UW Cancellation/UW CAN]]></system-out>
      <system-err><![CDATA[]]></system-err>
   </testsuite>
</testsuites>
