<?xml version="1.0" encoding="UTF-8"?>
<testsuites name="PPE" time="512" tests="2" failures="0" errors="1">
   <testsuite name="PPE" tests="2" failures="0" errors="1" time="512" timestamp="2018-02-05 17:28:16" hostname="gsalunkhe - CTS-QUA-4.cogitate.india" id="Test Suites/PPE">
      <properties>
         <property name="deviceName" value=""/>
         <property name="devicePlatform" value=""/>
         <property name="logFolder" value="D:\\Katalon_Practice_Workspace\\Katalon_PPE_GANESH\\Reports\\PPE\\20180205_172815"/>
         <property name="logFiles" value="D:\\Katalon_Practice_Workspace\\Katalon_PPE_GANESH\\Reports\\PPE\\20180205_172815\\execution0.log"/>
         <property name="attachments" value=""/>
         <property name="hostName" value="gsalunkhe - CTS-QUA-4.cogitate.india"/>
         <property name="os" value="Windows 7 64bit"/>
         <property name="katalonVersion" value="5.0.1.1"/>
         <property name="browser" value="Chrome 63.0.3239.132"/>
         <property name="hostAddress" value="192.168.0.4"/>
         <property name="sessionId" value="eb91d2de07ce17c41bb54b60cadd9955"/>
         <property name="seleniumVersion" value="2.53.0"/>
         <property name="proxyInformation" value="ProxyInformation{proxyOption=NO_PROXY, proxyServerType=HTTP, password=, proxyServerAddress=, proxyServerPort=0}"/>
         <property name="platform" value="Windows 7"/>
      </properties>
      <testcase name="Test Cases/QUOTE_CREATION" classname="Test Cases/QUOTE_CREATION" status="PASSED">
         <system-out><![CDATA[2018-02-05 17:28:16 - [TEST_CASE][PASSED] - Test Cases/QUOTE_CREATION: Test Cases/QUOTE_CREATION

2018-02-05 17:28:17 - [TEST_STEP][PASSED] - Statement - propertyDataRowCounter = 0: null

2018-02-05 17:28:17 - [TEST_STEP][PASSED] - Statement - configDataRowCounter = 0: null

2018-02-05 17:28:17 - [TEST_STEP][PASSED] - Statement - genericDATA = com.kms.katalon.core.testdata.TestDataFactory.findTestData(PPE_Config_File): Test data is internal data, reading internal data

2018-02-05 17:28:17 - [TEST_STEP][PASSED] - Statement - propertyDATA = com.kms.katalon.core.testdata.TestDataFactory.findTestData(PPEPROPERTYDATA): Test data is internal data, reading internal data

2018-02-05 17:28:17 - [TEST_STEP][PASSED] - Statement - obj = data.get(propertyDataRowCounter): null

2018-02-05 17:28:17 - [TEST_STEP][PASSED] - Statement - obj.toString().replace("N", "Y"): null

2018-02-05 17:28:17 - [TEST_STEP][PASSED] - Statement - data.add(obj): null

2018-02-05 17:28:17 - [TEST_STEP][PASSED] - Statement - println(obj): null

2018-02-05 17:28:17 - [TEST_STEP][PASSED] - com.PPE.url_Navigation.gotoURL: com.PPE.url_Navigation.gotoURL is PASSED

2018-02-05 17:28:25 - [MESSAGE][PASSED] - Browser is opened with url: 'http://13.90.102.191:8066/'

2018-02-05 17:28:25 - [MESSAGE][PASSED] - Wait for page load successfully

2018-02-05 17:28:26 - [MESSAGE][PASSED] - Current window maximized

2018-02-05 17:28:26 - [MESSAGE][PASSED] - com.PPE.url_Navigation.gotoURL is PASSED

2018-02-05 17:28:26 - [TEST_STEP][PASSED] - com.PPE.IncorrectLogin.login: com.PPE.IncorrectLogin.login is PASSED

2018-02-05 17:28:26 - [MESSAGE][PASSED] - Text '125634' is set on object 'Object Repository/Quote_OR/txtfield_USERNAME'

2018-02-05 17:28:26 - [MESSAGE][PASSED] - Text '10#Hammer' is set on object 'Object Repository/Quote_OR/txtfield_PASSWORD'

2018-02-05 17:28:27 - [MESSAGE][PASSED] - Object: 'Object Repository/Quote_OR/btn-LOGIN' is clicked on

2018-02-05 17:28:33 - [MESSAGE][PASSED] - Delayed 6 second(s)

2018-02-05 17:28:33 - [MESSAGE][PASSED] - Text 'ih.chelms' is set on object 'Object Repository/Quote_OR/txtfield_USERNAME'

2018-02-05 17:28:33 - [MESSAGE][PASSED] - Text '123456' is set on object 'Object Repository/Quote_OR/txtfield_PASSWORD'

2018-02-05 17:28:34 - [MESSAGE][PASSED] - Object: 'Object Repository/Quote_OR/btn-LOGIN' is clicked on

2018-02-05 17:28:40 - [MESSAGE][PASSED] - Delayed 6 second(s)

2018-02-05 17:28:41 - [MESSAGE][PASSED] - Text 'ih.jbutler' is set on object 'Object Repository/Quote_OR/txtfield_USERNAME'

2018-02-05 17:28:41 - [MESSAGE][PASSED] - Text '123456' is set on object 'Object Repository/Quote_OR/txtfield_PASSWORD'

2018-02-05 17:28:41 - [MESSAGE][PASSED] - Object: 'Object Repository/Quote_OR/btn-LOGIN' is clicked on

2018-02-05 17:28:47 - [MESSAGE][PASSED] - Delayed 6 second(s)

2018-02-05 17:28:48 - [MESSAGE][PASSED] - Text 'Ganesh' is set on object 'Object Repository/Quote_OR/txtfield_USERNAME'

2018-02-05 17:28:48 - [MESSAGE][PASSED] - Text 'Salunkhe' is set on object 'Object Repository/Quote_OR/txtfield_PASSWORD'

2018-02-05 17:28:49 - [MESSAGE][PASSED] - Object: 'Object Repository/Quote_OR/btn-LOGIN' is clicked on

2018-02-05 17:28:55 - [MESSAGE][PASSED] - Delayed 6 second(s)

2018-02-05 17:28:55 - [MESSAGE][PASSED] - Text 'ih.william' is set on object 'Object Repository/Quote_OR/txtfield_USERNAME'

2018-02-05 17:28:55 - [MESSAGE][PASSED] - Text 'ih.chelms' is set on object 'Object Repository/Quote_OR/txtfield_PASSWORD'

2018-02-05 17:28:56 - [MESSAGE][PASSED] - Object: 'Object Repository/Quote_OR/btn-LOGIN' is clicked on

2018-02-05 17:29:02 - [MESSAGE][PASSED] - Delayed 6 second(s)

2018-02-05 17:29:02 - [MESSAGE][PASSED] - com.PPE.IncorrectLogin.login is PASSED

2018-02-05 17:29:02 - [TEST_STEP][PASSED] - com.PPE.Login.correctlogin: com.PPE.Login.correctlogin is PASSED

2018-02-05 17:29:02 - [MESSAGE][PASSED] - Text 'ih.chelms' is set on object 'Object Repository/Quote_OR/txtfield_USERNAME'

2018-02-05 17:29:02 - [MESSAGE][PASSED] - Text '10#Hammer' is set on object 'Object Repository/Quote_OR/txtfield_PASSWORD'

2018-02-05 17:29:09 - [MESSAGE][PASSED] - Object: 'Object Repository/Quote_OR/btn-LOGIN' is clicked on

2018-02-05 17:29:09 - [MESSAGE][PASSED] - com.PPE.Login.correctlogin is PASSED

2018-02-05 17:29:09 - [TEST_STEP][PASSED] - Statement - If (genericDATA.internallyGetValue("STATE", configDataRowCounter) == "GA"): Text '1425 Bailey Ave Macon, GA 31204 USA' is set on object 'Object Repository/Quote_OR/txtfield_ADDRESS_ON_LANDING_PAGE'

2018-02-05 17:29:09 - [TEST_STEP][PASSED] - setText: Text '1425 Bailey Ave Macon, GA 31204 USA' is set on object 'Object Repository/Quote_OR/txtfield_ADDRESS_ON_LANDING_PAGE'

2018-02-05 17:29:09 - [MESSAGE][PASSED] - Text '1425 Bailey Ave Macon, GA 31204 USA' is set on object 'Object Repository/Quote_OR/txtfield_ADDRESS_ON_LANDING_PAGE'

2018-02-05 17:29:09 - [TEST_STEP][PASSED] - click: Object: 'Object Repository/Quote_OR/btn_SEARCH_ADDRESS' is clicked on

2018-02-05 17:29:27 - [MESSAGE][PASSED] - Object: 'Object Repository/Quote_OR/btn_SEARCH_ADDRESS' is clicked on

2018-02-05 17:29:27 - [TEST_STEP][PASSED] - waitForPageLoad: Wait for page load successfully

2018-02-05 17:29:27 - [MESSAGE][PASSED] - Wait for page load successfully

2018-02-05 17:29:27 - [TEST_STEP][PASSED] - com.PPE.QuotePropertyDataSelection.QuoteCreation: com.PPE.QuotePropertyDataSelection.QuoteCreation is PASSED

2018-02-05 17:29:27 - [MESSAGE][PASSED] - All options with index in [1] are selected on object 'Object Repository/Quote_OR/drp_PROPERTY_TYPE'

2018-02-05 17:29:27 - [MESSAGE][PASSED] - Text '' is set on object 'Object Repository/Quote_OR/txtfield_HOME_VALUATION'

2018-02-05 17:29:27 - [MESSAGE][PASSED] - Object: 'Object Repository/Quote_OR/btn_GETQUOTE' is clicked on

2018-02-05 17:29:27 - [MESSAGE][PASSED] - All options with index in [2] are selected on object 'Object Repository/Quote_OR/drp_CONSTRUCTION_TYPE'

2018-02-05 17:29:28 - [MESSAGE][PASSED] - Text '75000' is set on object 'Object Repository/Quote_OR/txtfield_HOME_VALUATION'

2018-02-05 17:29:30 - [MESSAGE][PASSED] - Delayed 2 second(s)

2018-02-05 17:29:30 - [MESSAGE][PASSED] - Text '' is set on object 'Object Repository/Quote_OR/txtbx_YEARHOMEBUILD'

2018-02-05 17:29:30 - [MESSAGE][PASSED] - Object: 'Object Repository/Quote_OR/btn_GETQUOTE' is clicked on

2018-02-05 17:29:30 - [MESSAGE][PASSED] - Text '1968' is set on object 'Object Repository/Quote_OR/txtbx_YEARHOMEBUILD'

2018-02-05 17:29:30 - [MESSAGE][PASSED] - Object: 'Object Repository/Quote_OR/btn_GETQUOTE' is clicked on

2018-02-05 17:29:34 - [MESSAGE][PASSED] - Delayed 4 second(s)

2018-02-05 17:29:46 - [MESSAGE][PASSED] - Object: 'Object Repository/Quote_OR/btn_SENDQUOTE' is clicked on

2018-02-05 17:29:47 - [MESSAGE][PASSED] - Delayed 1 second(s)

2018-02-05 17:29:48 - [MESSAGE][PASSED] - Object: 'Object Repository/Quote_OR/btn_SEND_QUOTE_DETAILS' is clicked on

2018-02-05 17:29:49 - [MESSAGE][PASSED] - Delayed 1 second(s)

2018-02-05 17:29:49 - [MESSAGE][PASSED] - Text 'Ganesh' is set on object 'Object Repository/Quote_OR/txtfield_SENDQUOTE_FIRSTNAME'

2018-02-05 17:29:49 - [MESSAGE][PASSED] - Text 'Salunkhe' is set on object 'Object Repository/Quote_OR/txtfield_SENDQUOTE_LASTNAME'

2018-02-05 17:29:52 - [MESSAGE][PASSED] - Delayed 3 second(s)

2018-02-05 17:29:53 - [MESSAGE][PASSED] - Text '9768180080' is set on object 'Object Repository/Quote_OR/txtfield_SENDQUOTE_CONTACTNUMBER'

2018-02-05 17:29:56 - [MESSAGE][PASSED] - Delayed 3 second(s)

2018-02-05 17:29:56 - [MESSAGE][PASSED] - Text 'gsalunkhe@cogitate.us' is set on object 'Object Repository/Quote_OR/txtfield_SENDQUOTE_EMAIL'

2018-02-05 17:30:00 - [MESSAGE][PASSED] - Delayed 4 second(s)

2018-02-05 17:30:00 - [MESSAGE][PASSED] - Object: 'Object Repository/Quote_OR/btn_SEND_QUOTE_DETAILS' is clicked on

2018-02-05 17:30:04 - [MESSAGE][PASSED] - Delayed 4 second(s)

2018-02-05 17:30:04 - [MESSAGE][PASSED] - All options with index in [1] are selected on object 'Object Repository/Quote_OR/drp_CONSTRUCTION_TYPE'

2018-02-05 17:30:12 - [MESSAGE][PASSED] - Delayed 8 second(s)

2018-02-05 17:30:13 - [MESSAGE][PASSED] - Object: 'Object Repository/Quote_OR/btn_RECALCULATE_PREMIUM' is clicked on

2018-02-05 17:30:13 - [MESSAGE][PASSED] - com.PPE.QuotePropertyDataSelection.QuoteCreation is PASSED]]></system-out>
         <system-err><![CDATA[]]></system-err>
      </testcase>
      <testcase name="Test Cases/APPLICATION_CREATION" classname="Test Cases/APPLICATION_CREATION" status="PASSED">
         <system-out><![CDATA[2018-02-05 17:30:13 - [TEST_CASE][PASSED] - Test Cases/APPLICATION_CREATION: Test Cases/APPLICATION_CREATION

2018-02-05 17:30:13 - [TEST_STEP][PASSED] - Statement - propertyDataRowCounter = 0: null

2018-02-05 17:30:13 - [TEST_STEP][PASSED] - Statement - configDataRowCounter = 0: null

2018-02-05 17:30:13 - [TEST_STEP][PASSED] - Statement - genericDATA = com.kms.katalon.core.testdata.TestDataFactory.findTestData(PPE_Config_File): Test data is internal data, reading internal data

2018-02-05 17:30:13 - [TEST_STEP][PASSED] - Statement - propertyDATA = com.kms.katalon.core.testdata.TestDataFactory.findTestData(PPEPROPERTYDATA): Test data is internal data, reading internal data

2018-02-05 17:30:13 - [TEST_STEP][PASSED] - Statement - Address = com.kms.katalon.core.testobject.ObjectRepository.findTestObject(Endorsement_OR/get_Address): Finding Test Object with id 'Object Repository/Endorsement_OR/get_Address'

2018-02-05 17:30:13 - [TEST_STEP][PASSED] - Statement - propertyaddress = com.kms.katalon.core.webui.keyword.WebUiBuiltInKeywords.getAttribute(Address, "value"): Attribute 'value' of object 'Object Repository/Endorsement_OR/get_Address' is: '1425 Bailey Ave, Macon, GA 31204, USA'

2018-02-05 17:30:13 - [MESSAGE][PASSED] - Attribute 'value' of object 'Object Repository/Endorsement_OR/get_Address' is: '1425 Bailey Ave, Macon, GA 31204, USA'

2018-02-05 17:30:13 - [TEST_STEP][PASSED] - Statement - println(propertyaddress): null

2018-02-05 17:30:13 - [TEST_STEP][PASSED] - Statement - propertyaddress = propertyaddress: null

2018-02-05 17:30:13 - [TEST_STEP][PASSED] - com.PPE.Saving_PolicyHolderInfo_Page.PolicyHolderPage: com.PPE.Saving_PolicyHolderInfo_Page.PolicyHolderPage is PASSED

2018-02-05 17:30:17 - [MESSAGE][PASSED] - Delayed 4 second(s)

2018-02-05 17:30:30 - [MESSAGE][PASSED] - Object: 'Object Repository/Application_OR/btn_TOAPPLICATION' is clicked on

2018-02-05 17:30:34 - [MESSAGE][PASSED] - Delayed 4 second(s)

2018-02-05 17:30:34 - [MESSAGE][PASSED] - Object: 'Object Repository/Application_OR/btn-YES_IS_BNESS_PREMISES' is clicked on

2018-02-05 17:30:36 - [MESSAGE][PASSED] - Delayed 2 second(s)

2018-02-05 17:30:36 - [MESSAGE][PASSED] - Object: 'Object Repository/Application_OR/btn-YES_FOOT_TRAFFIC' is clicked on

2018-02-05 17:30:38 - [MESSAGE][PASSED] - Delayed 2 second(s)

2018-02-05 17:30:39 - [MESSAGE][PASSED] - Text '11' is set on object 'Object Repository/Application_OR/txtfield-Traffic_Percentage'

2018-02-05 17:30:42 - [MESSAGE][PASSED] - Delayed 3 second(s)

2018-02-05 17:30:42 - [MESSAGE][PASSED] - Object: 'Object Repository/Application_OR/btn_CONTINUE_UW_QUESTIONS' is clicked on

2018-02-05 17:30:45 - [MESSAGE][PASSED] - Delayed 3 second(s)

2018-02-05 17:30:45 - [MESSAGE][PASSED] - Text '10' is set on object 'Object Repository/Application_OR/txtfield-Traffic_Percentage'

2018-02-05 17:30:49 - [MESSAGE][PASSED] - Delayed 4 second(s)

2018-02-05 17:30:49 - [MESSAGE][PASSED] - Object: 'Object Repository/Application_OR/btn_CONTINUE_UW_QUESTIONS' is clicked on

2018-02-05 17:30:52 - [MESSAGE][PASSED] - Delayed 3 second(s)

2018-02-05 17:30:52 - [MESSAGE][PASSED] - Object: 'Object Repository/Application_OR/txtfield_INSURED_FIRSTNAME' is clicked on

2018-02-05 17:30:52 - [MESSAGE][PASSED] - Text '' is set on object 'Object Repository/Application_OR/txtfield_INSURED_FIRSTNAME'

2018-02-05 17:30:52 - [MESSAGE][PASSED] - Text 'Smith' is set on object 'Object Repository/Application_OR/txtfield_INSURED_FIRSTNAME'

2018-02-05 17:30:53 - [MESSAGE][PASSED] - Text '' is set on object 'Object Repository/Application_OR/txtfield_INSURED_MIDDLENAME'

2018-02-05 17:30:53 - [MESSAGE][PASSED] - Text 'Morkel' is set on object 'Object Repository/Application_OR/txtfield_INSURED_MIDDLENAME'

2018-02-05 17:30:53 - [MESSAGE][PASSED] - Text '' is set on object 'Object Repository/Application_OR/txtfield_INSURED_LASTNAME'

2018-02-05 17:30:53 - [MESSAGE][PASSED] - Text 'Duplesis' is set on object 'Object Repository/Application_OR/txtfield_INSURED_LASTNAME'

2018-02-05 17:30:53 - [MESSAGE][PASSED] - Text '09/10/1999' is set on object 'Object Repository/Application_OR/txtfield_INSURED_DOB'

2018-02-05 17:30:58 - [MESSAGE][PASSED] - Delayed 5 second(s)

2018-02-05 17:30:59 - [MESSAGE][PASSED] - Text 'gsalunkhe@cogitate.us' is set on object 'Object Repository/Application_OR/txtfield_INSURED_EMAIL'

2018-02-05 17:31:04 - [MESSAGE][PASSED] - Delayed 5 second(s)

2018-02-05 17:31:04 - [MESSAGE][PASSED] - Text '9768180080' is set on object 'Object Repository/Application_OR/txtfield_INSURED_CONTACTNUMBER'

2018-02-05 17:31:09 - [MESSAGE][PASSED] - Delayed 5 second(s)

2018-02-05 17:31:09 - [MESSAGE][PASSED] - Attribute 'value' of object 'Object Repository/Generic_OR/hdnPolicyInfoId' is: '3629'

2018-02-05 17:31:09 - [MESSAGE][PASSED] - Object: 'Object Repository/Application_OR/btn_POLICYHOLDER_SAVEANDCONTINUE' is clicked on

2018-02-05 17:31:10 - [MESSAGE][PASSED] - Delayed 1 second(s)

2018-02-05 17:31:10 - [MESSAGE][PASSED] - com.PPE.Saving_PolicyHolderInfo_Page.PolicyHolderPage is PASSED

2018-02-05 17:31:10 - [TEST_STEP][PASSED] - com.PPE.Saving_PropertyInfo_Page.PropertyPage: com.PPE.Saving_PropertyInfo_Page.PropertyPage is PASSED

2018-02-05 17:31:11 - [MESSAGE][PASSED] - Object: 'Object Repository/Application_OR/drp_ROOFTYPE_PROPERTYPAGE' is clicked on

2018-02-05 17:31:14 - [MESSAGE][PASSED] - Delayed 3 second(s)

2018-02-05 17:31:14 - [MESSAGE][PASSED] - All options with index in [1] are selected on object 'Object Repository/Application_OR/drp_ROOFTYPE_PROPERTYPAGE'

2018-02-05 17:31:16 - [MESSAGE][PASSED] - Delayed 2 second(s)

2018-02-05 17:31:17 - [MESSAGE][PASSED] - All options with index in [3] are selected on object 'Object Repository/Application_OR/drp_FOUNDATIONTYPE_PROPERTYPAGE'

2018-02-05 17:31:19 - [MESSAGE][PASSED] - Delayed 2 second(s)

2018-02-05 17:31:19 - [MESSAGE][PASSED] - All options with index in [7] are selected on object 'Object Repository/Application_OR/drp_HEATINGTYPE_PROPERTYPAGE'

2018-02-05 17:31:24 - [MESSAGE][PASSED] - Delayed 5 second(s)

2018-02-05 17:31:24 - [MESSAGE][PASSED] - Object: 'Object Repository/Application_OR/btn_OCCUPANYPAGE_SAVEANDCONTINUE' is clicked on

2018-02-05 17:31:28 - [MESSAGE][PASSED] - Delayed 4 second(s)

2018-02-05 17:31:28 - [MESSAGE][PASSED] - Object: 'Object Repository/Application_OR/btn_YES_ROOFAGE_POPUP' is clicked on

2018-02-05 17:31:32 - [MESSAGE][PASSED] - Delayed 4 second(s)

2018-02-05 17:31:32 - [MESSAGE][PASSED] - Object: 'Object Repository/Application_OR/btn_YES_ELECTRICALAGE_POPUP' is clicked on

2018-02-05 17:31:36 - [MESSAGE][PASSED] - Delayed 4 second(s)

2018-02-05 17:31:36 - [MESSAGE][PASSED] - Object: 'Object Repository/Application_OR/btn_YES_ELECTRICALAGE_POPUP' is clicked on

2018-02-05 17:31:41 - [MESSAGE][PASSED] - Delayed 5 second(s)

2018-02-05 17:31:41 - [MESSAGE][PASSED] - com.PPE.Saving_PropertyInfo_Page.PropertyPage is PASSED

2018-02-05 17:31:41 - [TEST_STEP][PASSED] - com.PPE.Policy_Creation.ApplicationBind: com.PPE.Policy_Creation.ApplicationBind is PASSED

2018-02-05 17:31:43 - [MESSAGE][PASSED] - Object: 'Object Repository/Application_OR/btn_OCCUPANYPAGE_SAVEANDCONTINUE' is clicked on

2018-02-05 17:31:48 - [MESSAGE][PASSED] - Delayed 5 second(s)

2018-02-05 17:31:49 - [MESSAGE][PASSED] - Object 'Object Repository/Application_OR/chkbx_AGREEMENT' is checked

2018-02-05 17:31:59 - [MESSAGE][PASSED] - Delayed 10 second(s)

2018-02-05 17:31:59 - [MESSAGE][PASSED] - Object: 'Object Repository/Application_OR/btn_OCCUPANYPAGE_SAVEANDCONTINUE' is clicked on

2018-02-05 17:32:04 - [MESSAGE][PASSED] - Delayed 5 second(s)

2018-02-05 17:32:20 - [MESSAGE][PASSED] - Object: 'Object Repository/Application_OR/btn_SIGNAPPLICATION_AGENT' is clicked on

2018-02-05 17:32:25 - [MESSAGE][PASSED] - Delayed 5 second(s)

2018-02-05 17:32:25 - [MESSAGE][PASSED] - Text of object 'Object Repository/Application_OR/get_INSUREDNAME_APPLICATION FORMSUMMARY' is: 'Smith Morkel Duplesis'

2018-02-05 17:32:25 - [MESSAGE][PASSED] - Object: 'Object Repository/Application_OR/btn_INSURED_SIGNATURE' is clicked on

2018-02-05 17:32:30 - [MESSAGE][PASSED] - Delayed 5 second(s)

2018-02-05 17:32:30 - [MESSAGE][PASSED] - Object: 'Object Repository/Application_OR/txtbx_INSURED_SIGNATURE' is clicked on

2018-02-05 17:32:35 - [MESSAGE][PASSED] - Delayed 5 second(s)

2018-02-05 17:32:35 - [MESSAGE][PASSED] - Text 'Smith Morkel Duplesis' is set on object 'Object Repository/Application_OR/txtbx_INSURED_SIGNATURE'

2018-02-05 17:32:35 - [MESSAGE][PASSED] - Object: 'Object Repository/Application_OR/btn_SUBMIT_INSURED_SIGNATURE' is clicked on

2018-02-05 17:32:35 - [MESSAGE][PASSED] - com.PPE.Policy_Creation.ApplicationBind is PASSED

2018-02-05 17:32:35 - [TEST_STEP][PASSED] - Statement - otpQuery = "SELECT TOP 1 OtpGenerated FROM PPE_ApplicationForms_trn where PolicyInfoId = " + policyInfoId + " Order BY ModifiedDateTime DESC": null

2018-02-05 17:32:35 - [TEST_STEP][PASSED] - Statement - println("otpQuery" + " " + otpQuery): null

2018-02-05 17:32:35 - [TEST_STEP][PASSED] - com.PPE.Database_Connection.connectDB: com.PPE.Database_Connection.connectDB is PASSED

2018-02-05 17:32:37 - [MESSAGE][PASSED] - com.PPE.Database_Connection.connectDB is PASSED

2018-02-05 17:32:37 - [TEST_STEP][PASSED] - Statement - recordset = CustomKeywords.com.PPE.Database_Connection.executeQuery(otpQuery): com.PPE.Database_Connection.executeQuery is PASSED

2018-02-05 17:32:37 - [MESSAGE][PASSED] - com.PPE.Database_Connection.executeQuery is PASSED

2018-02-05 17:32:37 - [TEST_STEP][PASSED] - Statement - otp = 0: null

2018-02-05 17:32:37 - [TEST_STEP][PASSED] - Statement - While (recordset.next()): null

2018-02-05 17:32:37 - [TEST_STEP][PASSED] - Statement - otp = recordset.getObject("OtpGenerated"): null

2018-02-05 17:32:37 - [TEST_STEP][PASSED] - Statement - println("otp" + " " + otp): null

2018-02-05 17:32:37 - [TEST_STEP][PASSED] - delay: Delayed 10 second(s)

2018-02-05 17:32:47 - [MESSAGE][PASSED] - Delayed 10 second(s)

2018-02-05 17:32:47 - [TEST_STEP][PASSED] - Statement - txtOtp = com.kms.katalon.core.testobject.ObjectRepository.findTestObject(Application_OR/txtfield-OTP): Finding Test Object with id 'Object Repository/Application_OR/txtfield-OTP'

2018-02-05 17:32:47 - [TEST_STEP][PASSED] - setText: Text '2110' is set on object 'Object Repository/Application_OR/txtfield-OTP'

2018-02-05 17:32:48 - [MESSAGE][PASSED] - Text '2110' is set on object 'Object Repository/Application_OR/txtfield-OTP'

2018-02-05 17:32:48 - [TEST_STEP][PASSED] - delay: Delayed 1 second(s)

2018-02-05 17:32:49 - [MESSAGE][PASSED] - Delayed 1 second(s)

2018-02-05 17:32:49 - [TEST_STEP][PASSED] - click: Object: 'Object Repository/Application_OR/btn_OTP_VERIFY' is clicked on

2018-02-05 17:32:49 - [MESSAGE][PASSED] - Object: 'Object Repository/Application_OR/btn_OTP_VERIFY' is clicked on

2018-02-05 17:32:49 - [TEST_STEP][PASSED] - delay: Delayed 5 second(s)

2018-02-05 17:32:54 - [MESSAGE][PASSED] - Delayed 5 second(s)

2018-02-05 17:32:54 - [TEST_STEP][PASSED] - click: Object: 'Object Repository/Application_OR/btn_AGENT_SIGNATURE' is clicked on

2018-02-05 17:32:54 - [MESSAGE][PASSED] - Object: 'Object Repository/Application_OR/btn_AGENT_SIGNATURE' is clicked on

2018-02-05 17:32:54 - [TEST_STEP][PASSED] - delay: Delayed 2 second(s)

2018-02-05 17:32:56 - [MESSAGE][PASSED] - Delayed 2 second(s)

2018-02-05 17:32:56 - [TEST_STEP][PASSED] - click: Object: 'Object Repository/Application_OR/txtbx_AGENT_SIGNATURE' is clicked on

2018-02-05 17:32:56 - [MESSAGE][PASSED] - Object: 'Object Repository/Application_OR/txtbx_AGENT_SIGNATURE' is clicked on

2018-02-05 17:32:56 - [TEST_STEP][PASSED] - delay: Delayed 2 second(s)

2018-02-05 17:32:58 - [MESSAGE][PASSED] - Delayed 2 second(s)

2018-02-05 17:32:58 - [TEST_STEP][PASSED] - Statement - If (genericDATA.internallyGetValue("STATE", configDataRowCounter) == "GA"): Text 'Clement Helms' is set on object 'Object Repository/Application_OR/txtbx_AGENT_SIGNATURE'

2018-02-05 17:32:58 - [TEST_STEP][PASSED] - setText: Text 'Clement Helms' is set on object 'Object Repository/Application_OR/txtbx_AGENT_SIGNATURE'

2018-02-05 17:32:58 - [MESSAGE][PASSED] - Text 'Clement Helms' is set on object 'Object Repository/Application_OR/txtbx_AGENT_SIGNATURE'

2018-02-05 17:32:58 - [TEST_STEP][PASSED] - click: Object: 'Object Repository/Application_OR/btn_SUBMIT_AGENT_SIGNATURE' is clicked on

2018-02-05 17:32:58 - [MESSAGE][PASSED] - Object: 'Object Repository/Application_OR/btn_SUBMIT_AGENT_SIGNATURE' is clicked on

2018-02-05 17:32:58 - [TEST_STEP][PASSED] - delay: Delayed 5 second(s)

2018-02-05 17:33:03 - [MESSAGE][PASSED] - Delayed 5 second(s)

2018-02-05 17:33:03 - [TEST_STEP][PASSED] - click: Object: 'Object Repository/Application_OR/btn_SURPLUSLINE_ACK' is clicked on

2018-02-05 17:33:04 - [MESSAGE][PASSED] - Object: 'Object Repository/Application_OR/btn_SURPLUSLINE_ACK' is clicked on

2018-02-05 17:33:04 - [TEST_STEP][PASSED] - delay: Delayed 5 second(s)

2018-02-05 17:33:09 - [MESSAGE][PASSED] - Delayed 5 second(s)

2018-02-05 17:33:09 - [TEST_STEP][PASSED] - Statement - If (genericDATA.internallyGetValue("STATE", configDataRowCounter) == "GA"): Object: 'Object Repository/Application_OR/btn_SUBMIT_SURPLUSLINE' is clicked on

2018-02-05 17:33:09 - [TEST_STEP][PASSED] - click: Object: 'Object Repository/Application_OR/txtfield_SURPLUSLINE_FORM_TEXT' is clicked on

2018-02-05 17:33:09 - [MESSAGE][PASSED] - Object: 'Object Repository/Application_OR/txtfield_SURPLUSLINE_FORM_TEXT' is clicked on

2018-02-05 17:33:09 - [TEST_STEP][PASSED] - delay: Delayed 2 second(s)

2018-02-05 17:33:11 - [MESSAGE][PASSED] - Delayed 2 second(s)

2018-02-05 17:33:11 - [TEST_STEP][PASSED] - setText: Text 'Testing' is set on object 'Object Repository/Application_OR/txtfield_SURPLUSLINE_FORM_TEXT'

2018-02-05 17:33:11 - [MESSAGE][PASSED] - Text 'Testing' is set on object 'Object Repository/Application_OR/txtfield_SURPLUSLINE_FORM_TEXT'

2018-02-05 17:33:11 - [TEST_STEP][PASSED] - delay: Delayed 2 second(s)

2018-02-05 17:33:13 - [MESSAGE][PASSED] - Delayed 2 second(s)

2018-02-05 17:33:13 - [TEST_STEP][PASSED] - click: Object: 'Object Repository/Application_OR/btn_SUBMIT_SURPLUSLINE' is clicked on

2018-02-05 17:33:14 - [MESSAGE][PASSED] - Object: 'Object Repository/Application_OR/btn_SUBMIT_SURPLUSLINE' is clicked on

2018-02-05 17:33:14 - [TEST_STEP][PASSED] - delay: Delayed 5 second(s)

2018-02-05 17:33:19 - [MESSAGE][PASSED] - Delayed 5 second(s)

2018-02-05 17:33:19 - [TEST_STEP][PASSED] - click: Object: 'Object Repository/Application_OR/btn_SUBMIT_FOR_UW_APPROVAL' is clicked on

2018-02-05 17:33:22 - [MESSAGE][PASSED] - Object: 'Object Repository/Application_OR/btn_SUBMIT_FOR_UW_APPROVAL' is clicked on

2018-02-05 17:33:22 - [TEST_STEP][PASSED] - delay: Delayed 8 second(s)

2018-02-05 17:33:30 - [MESSAGE][PASSED] - Delayed 8 second(s)

2018-02-05 17:33:30 - [TEST_STEP][PASSED] - click: Object: 'Object Repository/Application_OR/btn_LOGOUT' is clicked on

2018-02-05 17:33:31 - [MESSAGE][PASSED] - Object: 'Object Repository/Application_OR/btn_LOGOUT' is clicked on

2018-02-05 17:33:31 - [TEST_STEP][PASSED] - delay: Delayed 5 second(s)

2018-02-05 17:33:36 - [MESSAGE][PASSED] - Delayed 5 second(s)

2018-02-05 17:33:36 - [TEST_STEP][PASSED] - setText: Text 'ih.william' is set on object 'Object Repository/Quote_OR/txtfield_USERNAME'

2018-02-05 17:33:36 - [MESSAGE][PASSED] - Text 'ih.william' is set on object 'Object Repository/Quote_OR/txtfield_USERNAME'

2018-02-05 17:33:36 - [TEST_STEP][PASSED] - setText: Text '10#Hammer' is set on object 'Object Repository/Quote_OR/txtfield_PASSWORD'

2018-02-05 17:33:36 - [MESSAGE][PASSED] - Text '10#Hammer' is set on object 'Object Repository/Quote_OR/txtfield_PASSWORD'

2018-02-05 17:33:36 - [TEST_STEP][PASSED] - click: Object: 'Object Repository/Quote_OR/btn-LOGIN' is clicked on

2018-02-05 17:33:39 - [MESSAGE][PASSED] - Object: 'Object Repository/Quote_OR/btn-LOGIN' is clicked on

2018-02-05 17:33:39 - [TEST_STEP][PASSED] - delay: Delayed 5 second(s)

2018-02-05 17:33:44 - [MESSAGE][PASSED] - Delayed 5 second(s)

2018-02-05 17:33:44 - [TEST_STEP][PASSED] - Statement - btnId = "//*[@id="btnLoadApplication_" + policyInfoId + ""]": null

2018-02-05 17:33:44 - [TEST_STEP][PASSED] - Statement - btnViewApplication = new com.kms.katalon.core.testobject.TestObject(btnViewApplication): null

2018-02-05 17:33:44 - [TEST_STEP][PASSED] - Statement - btnViewApplication.addProperty("xpath", EQUALS, btnId, true): null

2018-02-05 17:33:44 - [TEST_STEP][PASSED] - delay: Delayed 20 second(s)

2018-02-05 17:34:04 - [MESSAGE][PASSED] - Delayed 20 second(s)

2018-02-05 17:34:04 - [TEST_STEP][PASSED] - click: Object: 'btnViewApplication' is clicked on

2018-02-05 17:34:25 - [MESSAGE][PASSED] - Object: 'btnViewApplication' is clicked on

2018-02-05 17:34:25 - [TEST_STEP][PASSED] - delay: Delayed 8 second(s)

2018-02-05 17:34:33 - [MESSAGE][PASSED] - Delayed 8 second(s)

2018-02-05 17:34:33 - [TEST_STEP][PASSED] - click: Object: 'Object Repository/Application_OR/btn_DOWNLOAD_AFS_UW' is clicked on

2018-02-05 17:34:33 - [MESSAGE][PASSED] - Object: 'Object Repository/Application_OR/btn_DOWNLOAD_AFS_UW' is clicked on

2018-02-05 17:34:33 - [TEST_STEP][PASSED] - delay: Delayed 5 second(s)

2018-02-05 17:34:38 - [MESSAGE][PASSED] - Delayed 5 second(s)

2018-02-05 17:34:38 - [TEST_STEP][PASSED] - click: Object: 'Object Repository/Application_OR/btn_REVIEW_APPLICATION_AT_UW' is clicked on

2018-02-05 17:34:39 - [MESSAGE][PASSED] - Object: 'Object Repository/Application_OR/btn_REVIEW_APPLICATION_AT_UW' is clicked on

2018-02-05 17:34:39 - [TEST_STEP][PASSED] - delay: Delayed 5 second(s)

2018-02-05 17:34:44 - [MESSAGE][PASSED] - Delayed 5 second(s)

2018-02-05 17:34:44 - [TEST_STEP][PASSED] - setText: Text '111' is set on object 'Object Repository/Application_OR/txtfield_INSPECTION_FEE'

2018-02-05 17:34:44 - [MESSAGE][PASSED] - Text '111' is set on object 'Object Repository/Application_OR/txtfield_INSPECTION_FEE'

2018-02-05 17:34:44 - [TEST_STEP][PASSED] - delay: Delayed 3 second(s)

2018-02-05 17:34:47 - [MESSAGE][PASSED] - Delayed 3 second(s)

2018-02-05 17:34:47 - [TEST_STEP][PASSED] - click: Object: 'Object Repository/Application_OR/drp_NO_OF_MORTAGAGEE' is clicked on

2018-02-05 17:34:52 - [MESSAGE][PASSED] - Object: 'Object Repository/Application_OR/drp_NO_OF_MORTAGAGEE' is clicked on

2018-02-05 17:34:52 - [TEST_STEP][PASSED] - delay: Delayed 3 second(s)

2018-02-05 17:34:55 - [MESSAGE][PASSED] - Delayed 3 second(s)

2018-02-05 17:34:55 - [TEST_STEP][PASSED] - selectOptionByIndex: All options with index in [1] are selected on object 'Object Repository/Application_OR/drp_NO_OF_MORTAGAGEE'

2018-02-05 17:34:55 - [MESSAGE][PASSED] - All options with index in [1] are selected on object 'Object Repository/Application_OR/drp_NO_OF_MORTAGAGEE'

2018-02-05 17:34:55 - [TEST_STEP][PASSED] - delay: Delayed 3 second(s)

2018-02-05 17:34:58 - [MESSAGE][PASSED] - Delayed 3 second(s)

2018-02-05 17:34:58 - [TEST_STEP][PASSED] - click: Object: 'Object Repository/Application_OR/btn_OCCUPANYPAGE_SAVEANDCONTINUE' is clicked on

2018-02-05 17:35:03 - [MESSAGE][PASSED] - Object: 'Object Repository/Application_OR/btn_OCCUPANYPAGE_SAVEANDCONTINUE' is clicked on

2018-02-05 17:35:03 - [TEST_STEP][PASSED] - delay: Delayed 3 second(s)

2018-02-05 17:35:06 - [MESSAGE][PASSED] - Delayed 3 second(s)

2018-02-05 17:35:06 - [TEST_STEP][PASSED] - setText: Text 'Ricky Ponting' is set on object 'Object Repository/Application_OR/txtfield_Mortagagee_Name1'

2018-02-05 17:35:07 - [MESSAGE][PASSED] - Text 'Ricky Ponting' is set on object 'Object Repository/Application_OR/txtfield_Mortagagee_Name1'

2018-02-05 17:35:07 - [TEST_STEP][PASSED] - delay: Delayed 3 second(s)

2018-02-05 17:35:10 - [MESSAGE][PASSED] - Delayed 3 second(s)

2018-02-05 17:35:10 - [TEST_STEP][PASSED] - setText: Text '1870 5th Ave W Macon, GA 31201 USA' is set on object 'Object Repository/Application_OR/txtfield_Mortagagee_Address'

2018-02-05 17:35:10 - [MESSAGE][PASSED] - Text '1870 5th Ave W Macon, GA 31201 USA' is set on object 'Object Repository/Application_OR/txtfield_Mortagagee_Address'

2018-02-05 17:35:10 - [TEST_STEP][PASSED] - delay: Delayed 3 second(s)

2018-02-05 17:35:13 - [MESSAGE][PASSED] - Delayed 3 second(s)

2018-02-05 17:35:13 - [TEST_STEP][PASSED] - setText: Text '123456789ABCD' is set on object 'Object Repository/Application_OR/txtfield_Mortagagee_LoanNo'

2018-02-05 17:35:14 - [MESSAGE][PASSED] - Text '123456789ABCD' is set on object 'Object Repository/Application_OR/txtfield_Mortagagee_LoanNo'

2018-02-05 17:35:14 - [TEST_STEP][PASSED] - delay: Delayed 3 second(s)

2018-02-05 17:35:17 - [MESSAGE][PASSED] - Delayed 3 second(s)

2018-02-05 17:35:17 - [TEST_STEP][PASSED] - click: Object: 'Object Repository/Application_OR/btn_OCCUPANYPAGE_SAVEANDCONTINUE' is clicked on

2018-02-05 17:35:17 - [MESSAGE][PASSED] - Object: 'Object Repository/Application_OR/btn_OCCUPANYPAGE_SAVEANDCONTINUE' is clicked on

2018-02-05 17:35:17 - [TEST_STEP][PASSED] - delay: Delayed 4 second(s)

2018-02-05 17:35:21 - [MESSAGE][PASSED] - Delayed 4 second(s)

2018-02-05 17:35:21 - [TEST_STEP][PASSED] - click: Object: 'Object Repository/Application_OR/btn_SIGNAPPLICATION_AGENT' is clicked on

2018-02-05 17:35:38 - [MESSAGE][PASSED] - Object: 'Object Repository/Application_OR/btn_SIGNAPPLICATION_AGENT' is clicked on

2018-02-05 17:35:38 - [TEST_STEP][PASSED] - delay: Delayed 4 second(s)

2018-02-05 17:35:42 - [MESSAGE][PASSED] - Delayed 4 second(s)

2018-02-05 17:35:42 - [TEST_STEP][PASSED] - click: Object: 'Object Repository/Application_OR/btn_GENERATE_FORMS' is clicked on

2018-02-05 17:35:42 - [MESSAGE][PASSED] - Object: 'Object Repository/Application_OR/btn_GENERATE_FORMS' is clicked on

2018-02-05 17:35:42 - [TEST_STEP][PASSED] - delay: Delayed 5 second(s)

2018-02-05 17:35:47 - [MESSAGE][PASSED] - Delayed 5 second(s)

2018-02-05 17:35:47 - [TEST_STEP][PASSED] - click: Object: 'Object Repository/Application_OR/btn_REQUEST_FOR_BIND' is clicked on

2018-02-05 17:35:48 - [MESSAGE][PASSED] - Object: 'Object Repository/Application_OR/btn_REQUEST_FOR_BIND' is clicked on

2018-02-05 17:35:48 - [TEST_STEP][PASSED] - delay: Delayed 20 second(s)

2018-02-05 17:36:08 - [MESSAGE][PASSED] - Delayed 20 second(s)

2018-02-05 17:36:08 - [TEST_STEP][PASSED] - click: Object: 'Object Repository/Application_OR/btn_VIEW_POLICY_FORMS' is clicked on

2018-02-05 17:36:09 - [MESSAGE][PASSED] - Object: 'Object Repository/Application_OR/btn_VIEW_POLICY_FORMS' is clicked on

2018-02-05 17:36:09 - [TEST_STEP][PASSED] - delay: Delayed 15 second(s)

2018-02-05 17:36:24 - [MESSAGE][PASSED] - Delayed 15 second(s)

2018-02-05 17:36:24 - [TEST_STEP][PASSED] - click: Object: 'Object Repository/Application_OR/btn_UW_APPLICATION_STATUS_MENU' is clicked on

2018-02-05 17:36:24 - [MESSAGE][PASSED] - Object: 'Object Repository/Application_OR/btn_UW_APPLICATION_STATUS_MENU' is clicked on

2018-02-05 17:36:24 - [TEST_STEP][PASSED] - delay: Delayed 2 second(s)

2018-02-05 17:36:26 - [MESSAGE][PASSED] - Delayed 2 second(s)

2018-02-05 17:36:26 - [TEST_STEP][PASSED] - click: Object: 'Object Repository/Application_OR/btn_YES_CONFIRMATION' is clicked on

2018-02-05 17:36:27 - [MESSAGE][PASSED] - Object: 'Object Repository/Application_OR/btn_YES_CONFIRMATION' is clicked on

2018-02-05 17:36:27 - [TEST_STEP][PASSED] - delay: Delayed 20 second(s)

2018-02-05 17:36:47 - [MESSAGE][PASSED] - Delayed 20 second(s)]]></system-out>
         <system-err><![CDATA[]]></system-err>
      </testcase>
      <testcase name="Test Cases/ENDORSEMENT_CREATION" classname="Test Cases/ENDORSEMENT_CREATION" status="ERROR">
         <error type="ERROR" message="Test Cases/ENDORSEMENT_CREATION FAILED because (of) java.lang.IllegalArgumentException: Cannot find test data with id 'Data Files/UW_EndorsemrntData' because (of) 'java.lang.IllegalArgumentException: Test data with id 'Data Files/UW_EndorsemrntData' does not exist'"/>
         <system-out><![CDATA[2018-02-05 17:36:47 - [TEST_CASE][ERROR] - Test Cases/ENDORSEMENT_CREATION: Test Cases/ENDORSEMENT_CREATION FAILED because (of) java.lang.IllegalArgumentException: Cannot find test data with id 'Data Files/UW_EndorsemrntData' because (of) 'java.lang.IllegalArgumentException: Test data with id 'Data Files/UW_EndorsemrntData' does not exist'

2018-02-05 17:36:47 - [TEST_STEP][PASSED] - Statement - UWEndorsementDataRowCounter = 0: null

2018-02-05 17:36:47 - [TEST_STEP][PASSED] - Statement - EndorsementDATA = com.kms.katalon.core.testdata.TestDataFactory.findTestData(UW_EndorsemrntData): Finding test data with id 'Data Files/UW_EndorsemrntData']]></system-out>
         <system-err><![CDATA[2018-02-05 17:36:47 - [TEST_CASE][ERROR] - Test Cases/ENDORSEMENT_CREATION: Test Cases/ENDORSEMENT_CREATION FAILED because (of) java.lang.IllegalArgumentException: Cannot find test data with id 'Data Files/UW_EndorsemrntData' because (of) 'java.lang.IllegalArgumentException: Test data with id 'Data Files/UW_EndorsemrntData' does not exist']]></system-err>
      </testcase>
      <system-out><![CDATA[2018-02-05 17:28:16 - [TEST_SUITE][ERROR] - PPE: Test Cases/ENDORSEMENT_CREATION FAILED because (of) java.lang.IllegalArgumentException: Cannot find test data with id 'Data Files/UW_EndorsemrntData' because (of) 'java.lang.IllegalArgumentException: Test data with id 'Data Files/UW_EndorsemrntData' does not exist']]></system-out>
      <system-err><![CDATA[2018-02-05 17:28:16 - [TEST_SUITE][ERROR] - PPE: Test Cases/ENDORSEMENT_CREATION FAILED because (of) java.lang.IllegalArgumentException: Cannot find test data with id 'Data Files/UW_EndorsemrntData' because (of) 'java.lang.IllegalArgumentException: Test data with id 'Data Files/UW_EndorsemrntData' does not exist']]></system-err>
   </testsuite>
</testsuites>
